donderdag 19 augustus 2021 21:01:31 - READING XML File :  \\balgroupit.com\appl_data\BBE\Transfer\Packages\Scripts\WSUS\Acorp\Acorp_Stop_All.xml
donderdag 19 augustus 2021 21:01:31 - 
donderdag 19 augustus 2021 21:01:38 - ================================shw-be-atrace51.balgroupit.com======================================
donderdag 19 augustus 2021 21:01:39 - Commandline		: EnableWSUSReboot ""
donderdag 19 augustus 2021 21:01:39 - ================================shw-be-atrace51.balgroupit.com======================================
donderdag 19 augustus 2021 21:01:41 - ================================svw-be-eaia01.balgroupit.com======================================
donderdag 19 augustus 2021 21:01:42 - Commandline		: StopService "mercator.eai.docservice"
donderdag 19 augustus 2021 21:01:43 - Commandline		: StopProcess "dllhost.exe"
donderdag 19 augustus 2021 21:01:43 - Commandline		: StopProcess "winword.exe"
donderdag 19 augustus 2021 21:01:43 - Commandline		: EnableWSUSReboot ""
donderdag 19 augustus 2021 21:01:43 - ================================svw-be-eaia01.balgroupit.com======================================
donderdag 19 augustus 2021 21:01:46 - ================================svw-be-eaia04.balgroupit.com======================================
donderdag 19 augustus 2021 21:01:47 - Commandline		: StopService "mercator.eai.docservice"
donderdag 19 augustus 2021 21:01:47 - Commandline		: StopProcess "dllhost.exe"
donderdag 19 augustus 2021 21:01:47 - Commandline		: StopProcess "winword.exe"
donderdag 19 augustus 2021 21:01:47 - Commandline		: EnableWSUSReboot ""
donderdag 19 augustus 2021 21:01:47 - ================================svw-be-eaia04.balgroupit.com======================================
donderdag 19 augustus 2021 21:01:49 - ================================svw-be-weba02.balgroupit.com======================================
donderdag 19 augustus 2021 21:01:57 - Commandline		: StopWebsite "DmsDataRepository"
donderdag 19 augustus 2021 21:01:57 - Commandline		: StopWebsite "MNet"
donderdag 19 augustus 2021 21:01:58 - Commandline		: StartAppPool "MNet"
donderdag 19 augustus 2021 21:01:58 - Commandline		: StopAppPool "DefaultAppPool"
donderdag 19 augustus 2021 21:01:58 - Commandline		: StopAppPool "WSDMS"
donderdag 19 augustus 2021 21:01:58 - Commandline		: StopAppPool "WSDmsDataRepository"
donderdag 19 augustus 2021 21:01:58 - Commandline		: StopAppPool "BaloiseBackend"
donderdag 19 augustus 2021 21:01:58 - Commandline		: StopAppPool "CDS"
donderdag 19 augustus 2021 21:01:58 - Commandline		: StopAppPool "MercatorNet.BoServices"
donderdag 19 augustus 2021 21:01:58 - Commandline		: StopAppPool "Mercator.Portima.Monitoring"
donderdag 19 augustus 2021 21:01:59 - Commandline		: StopAppPool "Mercator.Portima"
donderdag 19 augustus 2021 21:01:59 - Commandline		: StopAppPool "Mercator.Eai.Tools.Wsc"
donderdag 19 augustus 2021 21:01:59 - Commandline		: StopAppPool "Mercator.EAI.Framework.WebServices"
donderdag 19 augustus 2021 21:01:59 - Commandline		: StopService "World Wide Web Publishing Service"
donderdag 19 augustus 2021 21:01:59 - Commandline		: StopService "Baloise Backend"
donderdag 19 augustus 2021 21:01:59 - Commandline		: StopService "Baloise Central Data Store"
donderdag 19 augustus 2021 21:01:59 - Commandline		: StopService "Baloise SyncTaskToDMS"
donderdag 19 augustus 2021 21:02:00 - Commandline		: StopService "Mercator DMS Bulk Insert"
donderdag 19 augustus 2021 21:02:00 - Commandline		: StopService "Mercator DMS Import Portima Attachments"
donderdag 19 augustus 2021 21:02:00 - Commandline		: StopService "Mercator DMS MailImport Service"
donderdag 19 augustus 2021 21:02:00 - Commandline		: StopService "Mercator Xpim Document Store"
donderdag 19 augustus 2021 21:02:00 - Commandline		: StopService "Mercator Document Store"
donderdag 19 augustus 2021 21:02:00 - Commandline		: StopService "BaloiseDmsBatchService"
donderdag 19 augustus 2021 21:02:06 - Commandline		: StopService "Mercator Document Management System Service"
donderdag 19 augustus 2021 21:02:06 - Commandline		: StopService "Mercator Document Management System Async Service"
donderdag 19 augustus 2021 21:02:06 - Commandline		: StopService "Mercator Document Management System Batch Avero Service"
donderdag 19 augustus 2021 21:02:06 - Commandline		: StopService "Mercator DMS Pdf Conversion Call"
donderdag 19 augustus 2021 21:02:06 - Commandline		: StopService "MercatorNET SCV Batch Service"
donderdag 19 augustus 2021 21:02:06 - Commandline		: StopService "Mercator Organization Data"
donderdag 19 augustus 2021 21:02:07 - Commandline		: StopService "Mercator Document Generation"
donderdag 19 augustus 2021 21:02:07 - Commandline		: StopService "Mercator Document Delivery"
donderdag 19 augustus 2021 21:02:07 - Commandline		: StopService "Steria's Dispatcher Service"
donderdag 19 augustus 2021 21:02:07 - Commandline		: StopService "Mercator.Integration.EAI.3.9.Listener"
donderdag 19 augustus 2021 21:02:07 - Commandline		: StopComPlus "Mercator.Framework.ActiveDirectory"
donderdag 19 augustus 2021 21:02:09 - Commandline		: StopComPlus "Mercator.EAI.3.9.Components"
donderdag 19 augustus 2021 21:02:12 - Commandline		: StopComPlus "Mercator.Framework.Document.Management.Global360"
donderdag 19 augustus 2021 21:02:12 - Commandline		: RemoveDirectory "C:\WINDOWS\Microsoft.NET\Framework\v4.0.30319\Temporary ASP.NET Files\cds"
donderdag 19 augustus 2021 21:02:12 - Commandline		: RemoveDirectory "C:\WINDOWS\Microsoft.NET\Framework\v2.0.50727\Temporary ASP.NET Files\mercatornet.boservices"
donderdag 19 augustus 2021 21:02:12 - Commandline		: RemoveDirectory "C:\WINDOWS\Microsoft.NET\Framework\v2.0.50727\Temporary ASP.NET Files\mercator.eai.framework.webservices"
donderdag 19 augustus 2021 21:02:12 - Commandline		: RemoveDirectory "C:\WINDOWS\Microsoft.NET\Framework\v2.0.50727\Temporary ASP.NET Files\mercator.eai.tools.wsc"
donderdag 19 augustus 2021 21:02:12 - Commandline		: RemoveDirectory "C:\WINDOWS\Microsoft.NET\Framework\v2.0.50727\Temporary ASP.NET Files\Mercator.Portima.Monitoring"
donderdag 19 augustus 2021 21:02:12 - Commandline		: RemoveDirectory "C:\WINDOWS\Microsoft.NET\Framework\v2.0.50727\Temporary ASP.NET Files\Mercator.Portima"
donderdag 19 augustus 2021 21:02:12 - Commandline		: RemoveDirectory "C:\WINDOWS\Microsoft.NET\Framework\v2.0.50727\Temporary ASP.NET Files\WSDMS"
donderdag 19 augustus 2021 21:02:12 - Commandline		: RemoveDirectory "C:\WINDOWS\Microsoft.NET\Framework\v2.0.50727\Temporary ASP.NET Files\wsdmsdatarepository"
donderdag 19 augustus 2021 21:02:12 - Commandline		: EnableWSUSReboot ""
donderdag 19 augustus 2021 21:02:12 - ================================svw-be-weba02.balgroupit.com======================================
donderdag 19 augustus 2021 21:02:15 - ================================svw-be-weba03.balgroupit.com======================================
donderdag 19 augustus 2021 21:02:23 - Commandline		: StopWebsite "DmsDataRepository"
donderdag 19 augustus 2021 21:02:23 - Commandline		: StopWebsite "MNet"
donderdag 19 augustus 2021 21:02:24 - Commandline		: StopAppPool "DefaultAppPool"
donderdag 19 augustus 2021 21:02:24 - Commandline		: StopAppPool "WSDMS"
donderdag 19 augustus 2021 21:02:24 - Commandline		: StopAppPool "WSDmsDataRepository"
donderdag 19 augustus 2021 21:02:24 - Commandline		: StopAppPool "BaloiseBackend"
donderdag 19 augustus 2021 21:02:24 - Commandline		: StopAppPool "CDS"
donderdag 19 augustus 2021 21:02:24 - Commandline		: StopAppPool "MercatorNet.BoServices"
donderdag 19 augustus 2021 21:02:24 - Commandline		: StopAppPool "Mercator.Portima.Monitoring"
donderdag 19 augustus 2021 21:02:24 - Commandline		: StopAppPool "Mercator.Portima"
donderdag 19 augustus 2021 21:02:24 - Commandline		: StopAppPool "Mercator.Eai.Tools.Wsc"
donderdag 19 augustus 2021 21:02:24 - Commandline		: StopAppPool "Mercator.EAI.Framework.WebServices"
donderdag 19 augustus 2021 21:02:24 - Commandline		: StopService "World Wide Web Publishing Service"
donderdag 19 augustus 2021 21:02:25 - Commandline		: StopService "Baloise Backend"
donderdag 19 augustus 2021 21:02:25 - Commandline		: StopService "Baloise Central Data Store"
donderdag 19 augustus 2021 21:02:25 - Commandline		: StopService "Baloise SyncTaskToDMS"
donderdag 19 augustus 2021 21:02:25 - Commandline		: StopService "Mercator DMS Bulk Insert"
donderdag 19 augustus 2021 21:02:25 - Commandline		: StopService "Mercator DMS Import Portima Attachments"
donderdag 19 augustus 2021 21:02:26 - Commandline		: StopService "Mercator DMS MailImport Service"
donderdag 19 augustus 2021 21:02:26 - Commandline		: StopService "Mercator Xpim Document Store"
donderdag 19 augustus 2021 21:02:26 - Commandline		: StopService "Mercator Document Store"
donderdag 19 augustus 2021 21:02:26 - Commandline		: StopService "BaloiseDmsBatchService"
donderdag 19 augustus 2021 21:02:26 - Commandline		: StopService "Mercator Document Management System Service"
donderdag 19 augustus 2021 21:02:27 - Commandline		: StopService "Mercator Document Management System Async Service"
donderdag 19 augustus 2021 21:02:27 - Commandline		: StopService "Mercator Document Management System Batch Avero Service"
donderdag 19 augustus 2021 21:02:27 - Commandline		: StopService "Mercator DMS Pdf Conversion Call"
donderdag 19 augustus 2021 21:02:33 - Commandline		: StopService "MercatorNET SCV Batch Service"
donderdag 19 augustus 2021 21:02:33 - Commandline		: StopService "Mercator Organization Data"
donderdag 19 augustus 2021 21:02:33 - Commandline		: StopService "Mercator Document Generation"
donderdag 19 augustus 2021 21:02:33 - Commandline		: StopService "Mercator Document Delivery"
donderdag 19 augustus 2021 21:02:34 - Commandline		: StopService "Steria's Dispatcher Service"
donderdag 19 augustus 2021 21:02:34 - Commandline		: StopService "Mercator.Integration.EAI.3.9.Listener"
donderdag 19 augustus 2021 21:02:34 - Commandline		: StopComPlus "Mercator.Framework.ActiveDirectory"
donderdag 19 augustus 2021 21:02:36 - Commandline		: StopComPlus "Mercator.EAI.3.9.Components"
donderdag 19 augustus 2021 21:02:36 - Commandline		: StopComPlus "Mercator.Framework.Document.Management.Global360"
donderdag 19 augustus 2021 21:02:36 - Commandline		: RemoveDirectory "C:\WINDOWS\Microsoft.NET\Framework\v4.0.30319\Temporary ASP.NET Files\cds"
donderdag 19 augustus 2021 21:02:36 - Commandline		: RemoveDirectory "C:\WINDOWS\Microsoft.NET\Framework\v2.0.50727\Temporary ASP.NET Files\mercatornet.boservices"
donderdag 19 augustus 2021 21:02:37 - Commandline		: RemoveDirectory "C:\WINDOWS\Microsoft.NET\Framework\v2.0.50727\Temporary ASP.NET Files\mercator.eai.framework.webservices"
donderdag 19 augustus 2021 21:02:37 - Commandline		: RemoveDirectory "C:\WINDOWS\Microsoft.NET\Framework\v2.0.50727\Temporary ASP.NET Files\mercator.eai.tools.wsc"
donderdag 19 augustus 2021 21:02:37 - Commandline		: RemoveDirectory "C:\WINDOWS\Microsoft.NET\Framework\v2.0.50727\Temporary ASP.NET Files\Mercator.Portima.Monitoring"
donderdag 19 augustus 2021 21:02:37 - Commandline		: RemoveDirectory "C:\WINDOWS\Microsoft.NET\Framework\v2.0.50727\Temporary ASP.NET Files\Mercator.Portima"
donderdag 19 augustus 2021 21:02:37 - Commandline		: RemoveDirectory "C:\WINDOWS\Microsoft.NET\Framework\v2.0.50727\Temporary ASP.NET Files\WSDMS"
donderdag 19 augustus 2021 21:02:37 - Commandline		: RemoveDirectory "C:\WINDOWS\Microsoft.NET\Framework\v2.0.50727\Temporary ASP.NET Files\wsdmsdatarepository"
donderdag 19 augustus 2021 21:02:37 - Commandline		: EnableWSUSReboot ""
donderdag 19 augustus 2021 21:02:37 - ================================svw-be-weba03.balgroupit.com======================================
donderdag 19 augustus 2021 21:02:37 - ================================svw-be-webfa001.balgroupit.com======================================
donderdag 19 augustus 2021 21:02:45 - Commandline		: StopAppPool "DefaultAppPool"
donderdag 19 augustus 2021 21:02:45 - Commandline		: StopAppPool "ED"
donderdag 19 augustus 2021 21:02:45 - Commandline		: StopAppPool "EmployeeBenefits"
donderdag 19 augustus 2021 21:02:45 - Commandline		: StopAppPool "EtlLogViewer"
donderdag 19 augustus 2021 21:02:45 - Commandline		: StopAppPool "LevenAansluitingsverklaring"
donderdag 19 augustus 2021 21:02:45 - Commandline		: StopAppPool "LevenWijzigingsFormulier"
donderdag 19 augustus 2021 21:02:46 - Commandline		: StopAppPool "MercatorNet.RMMain"
donderdag 19 augustus 2021 21:02:46 - Commandline		: StopAppPool "MercatorNet.WSDeploy_3_0"
donderdag 19 augustus 2021 21:02:46 - Commandline		: StopAppPool "MercatorNet.WSMain"
donderdag 19 augustus 2021 21:02:46 - Commandline		: StopAppPool "MercatorNet.WSServices"
donderdag 19 augustus 2021 21:02:46 - Commandline		: StopAppPool "MercatorNet.WSTariff"
donderdag 19 augustus 2021 21:02:46 - Commandline		: StopAppPool "MercatorNetBroker.WSDeploy_3_0"
donderdag 19 augustus 2021 21:02:46 - Commandline		: StopAppPool "MercatorNetBroker.WSMain"
donderdag 19 augustus 2021 21:02:46 - Commandline		: StopAppPool "MercatorWebSite"
donderdag 19 augustus 2021 21:02:46 - Commandline		: StopAppPool "MyBaloiseBroker"
donderdag 19 augustus 2021 21:02:46 - Commandline		: StopAppPool "MWebBvb"
donderdag 19 augustus 2021 21:02:47 - Commandline		: StopAppPool "ScvWebService"
donderdag 19 augustus 2021 21:02:47 - Commandline		: StopWebsite "OnlineDocuments"
donderdag 19 augustus 2021 21:02:47 - Commandline		: StopWebsite "MNet"
donderdag 19 augustus 2021 21:02:47 - Commandline		: StopWebsite "MWebBvb"
donderdag 19 augustus 2021 21:02:47 - Commandline		: StopService "World Wide Web Publishing Service"
donderdag 19 augustus 2021 21:02:47 - Commandline		: StopComPlus "Mercator.Framework.ActiveDirectory"
donderdag 19 augustus 2021 21:02:48 - Commandline		: StopComPlus "Mercator.Framework.Document.Management.Global360"
donderdag 19 augustus 2021 21:02:48 - Commandline		: RemoveDirectory "C:\WINDOWS\Microsoft.NET\Framework\v2.0.50727\Temporary ASP.NET Files\levenaansluitingsverklaring"
donderdag 19 augustus 2021 21:02:48 - Commandline		: RemoveDirectory "C:\WINDOWS\Microsoft.NET\Framework\v2.0.50727\Temporary ASP.NET Files\levenwijzigingsformulier"
donderdag 19 augustus 2021 21:02:48 - Commandline		: RemoveDirectory "C:\WINDOWS\Microsoft.NET\Framework\v2.0.50727\Temporary ASP.NET Files\ed"
donderdag 19 augustus 2021 21:02:48 - Commandline		: RemoveDirectory "C:\WINDOWS\Microsoft.NET\Framework\v2.0.50727\Temporary ASP.NET Files\mercatornet.rmmain"
donderdag 19 augustus 2021 21:02:48 - Commandline		: RemoveDirectory "C:\WINDOWS\Microsoft.NET\Framework\v2.0.50727\Temporary ASP.NET Files\mercatornet.wsdeploy_3_0"
donderdag 19 augustus 2021 21:02:48 - Commandline		: RemoveDirectory "C:\WINDOWS\Microsoft.NET\Framework\v2.0.50727\Temporary ASP.NET Files\mercatornet.wsmain"
donderdag 19 augustus 2021 21:02:48 - Commandline		: RemoveDirectory "C:\WINDOWS\Microsoft.NET\Framework\v2.0.50727\Temporary ASP.NET Files\mercatornet.wsservices"
donderdag 19 augustus 2021 21:02:48 - Commandline		: RemoveDirectory "C:\WINDOWS\Microsoft.NET\Framework\v2.0.50727\Temporary ASP.NET Files\mercatornet.wstariff"
donderdag 19 augustus 2021 21:02:48 - Commandline		: RemoveDirectory "C:\WINDOWS\Microsoft.NET\Framework\v2.0.50727\Temporary ASP.NET Files\mercatornetbroker.wsdeploy_3_0"
donderdag 19 augustus 2021 21:02:48 - Commandline		: RemoveDirectory "C:\WINDOWS\Microsoft.NET\Framework\v2.0.50727\Temporary ASP.NET Files\mercatornetbroker.wsmain"
donderdag 19 augustus 2021 21:02:48 - Commandline		: RemoveDirectory "C:\WINDOWS\Microsoft.NET\Framework\v2.0.50727\Temporary ASP.NET Files\mercatornethelppages"
donderdag 19 augustus 2021 21:02:48 - Commandline		: RemoveDirectory "C:\WINDOWS\Microsoft.NET\Framework\v2.0.50727\Temporary ASP.NET Files\scvwebservice"
donderdag 19 augustus 2021 21:02:48 - Commandline		: EnableWSUSReboot ""
donderdag 19 augustus 2021 21:02:48 - ================================svw-be-webfa001.balgroupit.com======================================
donderdag 19 augustus 2021 21:02:49 - ================================svw-be-webfa002.balgroupit.com======================================
donderdag 19 augustus 2021 21:02:57 - Commandline		: StopAppPool "DefaultAppPool"
donderdag 19 augustus 2021 21:02:57 - Commandline		: StopAppPool "ED"
donderdag 19 augustus 2021 21:02:57 - Commandline		: StopAppPool "EmployeeBenefits"
donderdag 19 augustus 2021 21:02:57 - Commandline		: StopAppPool "EtlLogViewer"
donderdag 19 augustus 2021 21:02:57 - Commandline		: StopAppPool "LevenAansluitingsverklaring"
donderdag 19 augustus 2021 21:02:57 - Commandline		: StopAppPool "LevenWijzigingsFormulier"
donderdag 19 augustus 2021 21:02:57 - Commandline		: StopAppPool "MercatorNet.RMMain"
donderdag 19 augustus 2021 21:02:57 - Commandline		: StopAppPool "MercatorNet.WSDeploy_3_0"
donderdag 19 augustus 2021 21:02:58 - Commandline		: StopAppPool "MercatorNet.WSMain"
donderdag 19 augustus 2021 21:02:58 - Commandline		: StopAppPool "MercatorNet.WSServices"
donderdag 19 augustus 2021 21:02:58 - Commandline		: StopAppPool "MercatorNet.WSTariff"
donderdag 19 augustus 2021 21:02:58 - Commandline		: StopAppPool "MercatorNetBroker.WSDeploy_3_0"
donderdag 19 augustus 2021 21:02:58 - Commandline		: StopAppPool "MercatorNetBroker.WSMain"
donderdag 19 augustus 2021 21:02:58 - Commandline		: StopAppPool "MercatorWebSite"
donderdag 19 augustus 2021 21:02:58 - Commandline		: StopAppPool "MyBaloiseBroker"
donderdag 19 augustus 2021 21:02:58 - Commandline		: StopAppPool "MWebBvb"
donderdag 19 augustus 2021 21:02:58 - Commandline		: StopAppPool "ScvWebService"
donderdag 19 augustus 2021 21:02:58 - Commandline		: StopWebsite "OnlineDocuments"
donderdag 19 augustus 2021 21:02:59 - Commandline		: StopWebsite "MNet"
donderdag 19 augustus 2021 21:02:59 - Commandline		: StopWebsite "MWebBvb"
donderdag 19 augustus 2021 21:02:59 - Commandline		: StopService "World Wide Web Publishing Service"
donderdag 19 augustus 2021 21:02:59 - Commandline		: StopComPlus "Mercator.Framework.ActiveDirectory"
donderdag 19 augustus 2021 21:03:00 - Commandline		: StopComPlus "Mercator.Framework.Document.Management.Global360"
donderdag 19 augustus 2021 21:03:00 - Commandline		: RemoveDirectory "C:\WINDOWS\Microsoft.NET\Framework\v2.0.50727\Temporary ASP.NET Files\levenaansluitingsverklaring"
donderdag 19 augustus 2021 21:03:00 - Commandline		: RemoveDirectory "C:\WINDOWS\Microsoft.NET\Framework\v2.0.50727\Temporary ASP.NET Files\levenwijzigingsformulier"
donderdag 19 augustus 2021 21:03:00 - Commandline		: RemoveDirectory "C:\WINDOWS\Microsoft.NET\Framework\v2.0.50727\Temporary ASP.NET Files\ed"
donderdag 19 augustus 2021 21:03:00 - Commandline		: RemoveDirectory "C:\WINDOWS\Microsoft.NET\Framework\v2.0.50727\Temporary ASP.NET Files\mercatornet.rmmain"
donderdag 19 augustus 2021 21:03:00 - Commandline		: RemoveDirectory "C:\WINDOWS\Microsoft.NET\Framework\v2.0.50727\Temporary ASP.NET Files\mercatornet.wsdeploy_3_0"
donderdag 19 augustus 2021 21:03:00 - Commandline		: RemoveDirectory "C:\WINDOWS\Microsoft.NET\Framework\v2.0.50727\Temporary ASP.NET Files\mercatornet.wsmain"
donderdag 19 augustus 2021 21:03:00 - Commandline		: RemoveDirectory "C:\WINDOWS\Microsoft.NET\Framework\v2.0.50727\Temporary ASP.NET Files\mercatornet.wsservices"
donderdag 19 augustus 2021 21:03:00 - Commandline		: RemoveDirectory "C:\WINDOWS\Microsoft.NET\Framework\v2.0.50727\Temporary ASP.NET Files\mercatornet.wstariff"
donderdag 19 augustus 2021 21:03:00 - Commandline		: RemoveDirectory "C:\WINDOWS\Microsoft.NET\Framework\v2.0.50727\Temporary ASP.NET Files\mercatornetbroker.wsdeploy_3_0"
donderdag 19 augustus 2021 21:03:00 - Commandline		: RemoveDirectory "C:\WINDOWS\Microsoft.NET\Framework\v2.0.50727\Temporary ASP.NET Files\mercatornetbroker.wsmain"
donderdag 19 augustus 2021 21:03:00 - Commandline		: RemoveDirectory "C:\WINDOWS\Microsoft.NET\Framework\v2.0.50727\Temporary ASP.NET Files\mercatornethelppages"
donderdag 19 augustus 2021 21:03:00 - Commandline		: RemoveDirectory "C:\WINDOWS\Microsoft.NET\Framework\v2.0.50727\Temporary ASP.NET Files\scvwebservice"
donderdag 19 augustus 2021 21:03:00 - Commandline		: EnableWSUSReboot ""
donderdag 19 augustus 2021 21:03:01 - ================================svw-be-webfa002.balgroupit.com======================================
donderdag 19 augustus 2021 21:03:01 - ================================svw-be-biza001.balgroupit.com======================================
donderdag 19 augustus 2021 21:03:08 - Commandline		: StopService "Mercator Managed File Transfer"
donderdag 19 augustus 2021 21:03:09 - Commandline		: StopService "Mercator Esb Process Initializer"
donderdag 19 augustus 2021 21:03:09 - Commandline		: EnableWSUSReboot ""
donderdag 19 augustus 2021 21:03:09 - ================================svw-be-biza001.balgroupit.com======================================
donderdag 19 augustus 2021 21:03:10 - ================================svw-be-biza002.balgroupit.com======================================
donderdag 19 augustus 2021 21:03:17 - Commandline		: StopService "Mercator Managed File Transfer"
donderdag 19 augustus 2021 21:03:18 - Commandline		: StopService "Mercator Esb Process Initializer"
donderdag 19 augustus 2021 21:03:18 - Commandline		: EnableWSUSReboot ""
donderdag 19 augustus 2021 21:03:18 - ================================svw-be-biza002.balgroupit.com======================================
donderdag 19 augustus 2021 21:03:19 - ================================svw-be-dmsa001.balgroupit.com======================================
donderdag 19 augustus 2021 21:03:27 - Commandline		: EnableWSUSReboot ""
donderdag 19 augustus 2021 21:03:27 - ================================svw-be-dmsa001.balgroupit.com======================================
donderdag 19 augustus 2021 21:03:28 - ================================svw-be-dmsa002.balgroupit.com======================================
donderdag 19 augustus 2021 21:03:36 - Commandline		: EnableWSUSReboot ""
donderdag 19 augustus 2021 21:03:36 - ================================svw-be-dmsa002.balgroupit.com======================================
donderdag 19 augustus 2021 21:03:39 - ================================svw-be-dmsa03.balgroupit.com======================================
donderdag 19 augustus 2021 21:03:48 - Commandline		: StopService "Execute360 Archive Manager"
donderdag 19 augustus 2021 21:03:59 - Commandline		: EnableWSUSReboot ""
donderdag 19 augustus 2021 21:03:59 - ================================svw-be-dmsa03.balgroupit.com======================================
donderdag 19 augustus 2021 21:04:00 - ================================dms-ba01.balgroupit.com======================================
donderdag 19 augustus 2021 21:04:01 - Commandline		: EnableWSUSReboot ""
donderdag 19 augustus 2021 21:04:01 - ================================dms-ba01.balgroupit.com======================================
donderdag 19 augustus 2021 21:04:03 - ================================dms-ba01-file.balgroupit.com======================================
donderdag 19 augustus 2021 21:04:04 - Commandline		: EnableWSUSReboot ""
donderdag 19 augustus 2021 21:04:04 - ================================dms-ba01-file.balgroupit.com======================================
donderdag 19 augustus 2021 21:04:05 - ================================dms-ba01-g360.balgroupit.com======================================
donderdag 19 augustus 2021 21:04:07 - Commandline		: EnableWSUSReboot ""
donderdag 19 augustus 2021 21:04:07 - ================================dms-ba01-g360.balgroupit.com======================================
donderdag 19 augustus 2021 21:04:09 - ================================svw-be-porta01.balgroupit.com======================================
donderdag 19 augustus 2021 21:04:17 - Commandline		: stopAppPool "AL2AppPool64v2"
donderdag 19 augustus 2021 21:04:17 - Commandline		: stopAppPool "ALAppPool64v2"
donderdag 19 augustus 2021 21:04:17 - Commandline		: stopAppPool "Pool2"
donderdag 19 augustus 2021 21:04:17 - Commandline		: stopAppPool "Mercator.Portal.Portlets"
donderdag 19 augustus 2021 21:04:17 - Commandline		: stopAppPool "Mercator.Portal.WebService"
donderdag 19 augustus 2021 21:04:17 - Commandline		: stopAppPool "PortalASP"
donderdag 19 augustus 2021 21:04:17 - Commandline		: StopWebsite "WCI"
donderdag 19 augustus 2021 21:04:18 - Commandline		: StopWebsite "Default Web Site"
donderdag 19 augustus 2021 21:04:18 - Commandline		: StopWebsite "MercatorPortalWebService"
donderdag 19 augustus 2021 21:04:18 - Commandline		: StopService "Mercator.Portal.Scheduler"
donderdag 19 augustus 2021 21:04:18 - Commandline		: StopService "ptautomationserver"
donderdag 19 augustus 2021 21:04:18 - Commandline		: StopService "publishservice"
donderdag 19 augustus 2021 21:04:24 - Commandline		: StopService "rssreader"
donderdag 19 augustus 2021 21:04:27 - Commandline		: StopService "Oracle WCI Document Repository Service"
donderdag 19 augustus 2021 21:04:29 - Commandline		: StopService "svw-be-porta0101"
donderdag 19 augustus 2021 21:04:32 - Commandline		: StopService "SearchClusterUI"
donderdag 19 augustus 2021 21:04:35 - Commandline		: StopService "SearchService"
donderdag 19 augustus 2021 21:05:13 - Commandline		: StopService "wsserver"
donderdag 19 augustus 2021 21:05:15 - Commandline		: StopService "Oracle WCI Logger"
donderdag 19 augustus 2021 21:05:16 - Commandline		: StopService "ConfigurationManager12345"
donderdag 19 augustus 2021 21:05:16 - Commandline		: EnableWSUSReboot ""
donderdag 19 augustus 2021 21:05:16 - ================================svw-be-porta01.balgroupit.com======================================
donderdag 19 augustus 2021 21:05:17 - ================================svw-be-babsa001.balgroupit.com======================================
donderdag 19 augustus 2021 21:05:24 - Commandline		: EnableWSUSReboot ""
donderdag 19 augustus 2021 21:05:24 - ================================svw-be-babsa001.balgroupit.com======================================
donderdag 19 augustus 2021 21:05:25 - ================================svw-be-babsa002.balgroupit.com======================================
donderdag 19 augustus 2021 21:05:32 - Commandline		: EnableWSUSReboot ""
donderdag 19 augustus 2021 21:05:32 - ================================svw-be-babsa002.balgroupit.com======================================
donderdag 19 augustus 2021 21:05:33 - ================================svw-be-babba001.balgroupit.com======================================
donderdag 19 augustus 2021 21:05:34 - Commandline		: StopService "Baloise BaloiseBackendBatch"
donderdag 19 augustus 2021 21:05:34 - Commandline		: EnableWSUSReboot ""
donderdag 19 augustus 2021 21:05:34 - ================================svw-be-babba001.balgroupit.com======================================
donderdag 19 augustus 2021 21:05:34 - ================================svw-be-babba002.balgroupit.com======================================
donderdag 19 augustus 2021 21:05:35 - Commandline		: StopService "Baloise BaloiseBackendBatch"
donderdag 19 augustus 2021 21:05:35 - Commandline		: EnableWSUSReboot ""
donderdag 19 augustus 2021 21:05:35 - ================================svw-be-babba002.balgroupit.com======================================
donderdag 19 augustus 2021 21:05:36 - ================================svw-be-mfta001.balgroupit.com======================================
donderdag 19 augustus 2021 21:05:40 - Commandline		: StopService "Mercator Managed File Transfer"
donderdag 19 augustus 2021 21:05:41 - Commandline		: EnableWSUSReboot ""
donderdag 19 augustus 2021 21:05:41 - ================================svw-be-mfta001.balgroupit.com======================================
