vrijdag 22 januari 2021 4:30:51 - READING XML File :  \\balgroupit.com\appl_data\BBE\Transfer\Packages\Scripts\WSUS\Acorp\Acorp_Start_All.xml
vrijdag 22 januari 2021 4:30:51 - 
vrijdag 22 januari 2021 4:30:52 - ================================svw-be-webfa001.balgroupit.com======================================
vrijdag 22 januari 2021 4:30:52 - Commandline		: DisableWSUSReboot ""
vrijdag 22 januari 2021 4:30:52 - Commandline		: StartService "World Wide Web Publishing Service"
vrijdag 22 januari 2021 4:30:52 - Commandline		: StartWebsite "OnlineDocuments"
vrijdag 22 januari 2021 4:30:53 - Commandline		: StartWebsite "MNet"
vrijdag 22 januari 2021 4:30:53 - Commandline		: StartWebsite "MWebBvb"
vrijdag 22 januari 2021 4:30:53 - Commandline		: StartAppPool "DefaultAppPool"
vrijdag 22 januari 2021 4:30:53 - Commandline		: StartAppPool "ED"
vrijdag 22 januari 2021 4:30:53 - Commandline		: StartAppPool "EmployeeBenefits"
vrijdag 22 januari 2021 4:30:53 - Commandline		: StartAppPool "EtlLogViewer"
vrijdag 22 januari 2021 4:30:53 - Commandline		: StartAppPool "LevenAansluitingsverklaring"
vrijdag 22 januari 2021 4:30:53 - Commandline		: StartAppPool "LevenWijzigingsFormulier"
vrijdag 22 januari 2021 4:30:53 - Commandline		: StartAppPool "MercatorNet.RMMain"
vrijdag 22 januari 2021 4:30:53 - Commandline		: StartAppPool "MercatorNet.WSDeploy_3_0"
vrijdag 22 januari 2021 4:30:53 - Commandline		: StartAppPool "MercatorNet.WSMain"
vrijdag 22 januari 2021 4:30:53 - Commandline		: StartAppPool "MercatorNet.WSServices"
vrijdag 22 januari 2021 4:30:54 - Commandline		: StartAppPool "MercatorNet.WSTariff"
vrijdag 22 januari 2021 4:30:54 - Commandline		: StartAppPool "MercatorNetBroker.WSDeploy_3_0"
vrijdag 22 januari 2021 4:30:54 - Commandline		: StartAppPool "MercatorNetBroker.WSMain"
vrijdag 22 januari 2021 4:30:54 - Commandline		: StartAppPool "MercatorWebSite"
vrijdag 22 januari 2021 4:30:54 - Commandline		: StartAppPool "MWebBvb"
vrijdag 22 januari 2021 4:30:54 - Commandline		: StartAppPool "ScvWebService"
vrijdag 22 januari 2021 4:30:54 - ================================svw-be-webfa001.balgroupit.com======================================
vrijdag 22 januari 2021 4:30:54 - ================================svw-be-webfa002.balgroupit.com======================================
vrijdag 22 januari 2021 4:30:55 - Commandline		: DisableWSUSReboot ""
vrijdag 22 januari 2021 4:30:55 - Commandline		: StartService "World Wide Web Publishing Service"
vrijdag 22 januari 2021 4:30:55 - Commandline		: StartWebsite "OnlineDocuments"
vrijdag 22 januari 2021 4:30:55 - Commandline		: StartWebsite "MNet"
vrijdag 22 januari 2021 4:30:55 - Commandline		: StartWebsite "MWebBvb"
vrijdag 22 januari 2021 4:30:55 - Commandline		: StartAppPool "DefaultAppPool"
vrijdag 22 januari 2021 4:30:55 - Commandline		: StartAppPool "ED"
vrijdag 22 januari 2021 4:30:55 - Commandline		: StartAppPool "EmployeeBenefits"
vrijdag 22 januari 2021 4:30:55 - Commandline		: StartAppPool "EtlLogViewer"
vrijdag 22 januari 2021 4:30:55 - Commandline		: StartAppPool "LevenAansluitingsverklaring"
vrijdag 22 januari 2021 4:30:56 - Commandline		: StartAppPool "LevenWijzigingsFormulier"
vrijdag 22 januari 2021 4:30:56 - Commandline		: StartAppPool "MercatorNet.RMMain"
vrijdag 22 januari 2021 4:30:56 - Commandline		: StartAppPool "MercatorNet.WSDeploy_3_0"
vrijdag 22 januari 2021 4:30:56 - Commandline		: StartAppPool "MercatorNet.WSMain"
vrijdag 22 januari 2021 4:30:56 - Commandline		: StartAppPool "MercatorNet.WSServices"
vrijdag 22 januari 2021 4:30:56 - Commandline		: StartAppPool "MercatorNet.WSTariff"
vrijdag 22 januari 2021 4:30:56 - Commandline		: StartAppPool "MercatorNetBroker.WSDeploy_3_0"
vrijdag 22 januari 2021 4:30:56 - Commandline		: StartAppPool "MercatorNetBroker.WSMain"
vrijdag 22 januari 2021 4:30:56 - Commandline		: StartAppPool "MercatorWebSite"
vrijdag 22 januari 2021 4:30:56 - Commandline		: StartAppPool "MWebBvb"
vrijdag 22 januari 2021 4:30:56 - Commandline		: StartAppPool "ScvWebService"
vrijdag 22 januari 2021 4:30:56 - ================================svw-be-webfa002.balgroupit.com======================================
vrijdag 22 januari 2021 4:30:57 - ================================svw-be-weba02.balgroupit.com======================================
vrijdag 22 januari 2021 4:30:58 - Commandline		: DisableWSUSReboot ""
vrijdag 22 januari 2021 4:30:59 - Commandline		: StartService "World Wide Web Publishing Service"
vrijdag 22 januari 2021 4:30:59 - Commandline		: StartAppPool "DefaultAppPool"
vrijdag 22 januari 2021 4:30:59 - Commandline		: StartAppPool "MNet"
vrijdag 22 januari 2021 4:30:59 - Commandline		: StartAppPool "BaloiseBackend"
vrijdag 22 januari 2021 4:31:00 - Commandline		: StartAppPool "CDS"
vrijdag 22 januari 2021 4:31:00 - Commandline		: StartAppPool "Mercator.EAI.Framework.WebServices"
vrijdag 22 januari 2021 4:31:00 - Commandline		: StartAppPool "Mercator.Eai.Tools.Wsc"
vrijdag 22 januari 2021 4:31:00 - Commandline		: StartAppPool "Mercator.Portima"
vrijdag 22 januari 2021 4:31:00 - Commandline		: StartAppPool "Mercator.Portima.Monitoring"
vrijdag 22 januari 2021 4:31:00 - Commandline		: StartAppPool "MercatorNet.BoServices"
vrijdag 22 januari 2021 4:31:00 - Commandline		: StartAppPool "WSDms"
vrijdag 22 januari 2021 4:31:00 - Commandline		: StartAppPool "WSDmsDataRepository"
vrijdag 22 januari 2021 4:31:00 - Commandline		: StartWebsite "DmsDataRepository"
vrijdag 22 januari 2021 4:31:00 - Commandline		: StartWebsite "MNet"
vrijdag 22 januari 2021 4:31:00 - Commandline		: StartService "Steria's Dispatcher Service"
vrijdag 22 januari 2021 4:31:01 - Commandline		: StartService "Mercator Document Delivery"
vrijdag 22 januari 2021 4:31:01 - Commandline		: StartService "Mercator Document Generation"
vrijdag 22 januari 2021 4:31:01 - Commandline		: StartService "Mercator Organization Data"
vrijdag 22 januari 2021 4:31:01 - Commandline		: StartService "Mercator DMS Pdf Conversion Call"
vrijdag 22 januari 2021 4:31:01 - Commandline		: StartService "Mercator Document Management System Service"
vrijdag 22 januari 2021 4:31:01 - Commandline		: StartService "Mercator Document Management System Async Service"
vrijdag 22 januari 2021 4:31:01 - Commandline		: StartService "Mercator Document Management System Batch Avero Service"
vrijdag 22 januari 2021 4:31:01 - Commandline		: StartService "BaloiseDmsBatchService"
vrijdag 22 januari 2021 4:31:01 - Commandline		: StartService "Mercator Document Store"
vrijdag 22 januari 2021 4:31:01 - Commandline		: StartService "Mercator Xpim Document Store"
vrijdag 22 januari 2021 4:31:02 - Commandline		: StartService "Mercator DMS MailImport Service"
vrijdag 22 januari 2021 4:31:02 - Commandline		: StartService "Mercator DMS Import Portima Attachments"
vrijdag 22 januari 2021 4:31:02 - Commandline		: StartService "Mercator DMS Bulk Insert"
vrijdag 22 januari 2021 4:31:02 - Commandline		: StartService "Baloise Central Data Store"
vrijdag 22 januari 2021 4:31:02 - Commandline		: StartService "Baloise SyncTaskToDMS"
vrijdag 22 januari 2021 4:31:02 - Commandline		: StartService "Baloise Backend"
vrijdag 22 januari 2021 4:31:02 - Commandline		: StartService "MercatorNET SCV Batch Service"
vrijdag 22 januari 2021 4:31:02 - Commandline		: StartService "Mercator.Integration.EAI.3.9.Listener"
vrijdag 22 januari 2021 4:31:02 - Commandline		: StartComPlus "Mercator.Framework.ActiveDirectory"
vrijdag 22 januari 2021 4:31:03 - ================================svw-be-weba02.balgroupit.com======================================
vrijdag 22 januari 2021 4:31:03 - ================================svw-be-weba03.balgroupit.com======================================
vrijdag 22 januari 2021 4:31:03 - Commandline		: DisableWSUSReboot ""
vrijdag 22 januari 2021 4:31:03 - Commandline		: StartService "World Wide Web Publishing Service"
vrijdag 22 januari 2021 4:31:04 - Commandline		: StartAppPool "DefaultAppPool"
vrijdag 22 januari 2021 4:31:04 - Commandline		: StartAppPool "MNet"
vrijdag 22 januari 2021 4:31:04 - Commandline		: StartAppPool "BaloiseBackend"
vrijdag 22 januari 2021 4:31:04 - Commandline		: StartAppPool "CDS"
vrijdag 22 januari 2021 4:31:04 - Commandline		: StartAppPool "Mercator.EAI.Framework.WebServices"
vrijdag 22 januari 2021 4:31:04 - Commandline		: StartAppPool "Mercator.Eai.Tools.Wsc"
vrijdag 22 januari 2021 4:31:04 - Commandline		: StartAppPool "Mercator.Portima"
vrijdag 22 januari 2021 4:31:04 - Commandline		: StartAppPool "Mercator.Portima.Monitoring"
vrijdag 22 januari 2021 4:31:04 - Commandline		: StartAppPool "MercatorNet.BoServices"
vrijdag 22 januari 2021 4:31:04 - Commandline		: StartAppPool "WSDms"
vrijdag 22 januari 2021 4:31:04 - Commandline		: StartAppPool "WSDmsDataRepository"
vrijdag 22 januari 2021 4:31:04 - Commandline		: StartWebsite "DmsDataRepository"
vrijdag 22 januari 2021 4:31:05 - Commandline		: StartWebsite "MNet"
vrijdag 22 januari 2021 4:31:05 - Commandline		: StartService "Steria's Dispatcher Service"
vrijdag 22 januari 2021 4:31:05 - Commandline		: StartService "Mercator Document Delivery"
vrijdag 22 januari 2021 4:31:05 - Commandline		: StartService "Mercator Document Generation"
vrijdag 22 januari 2021 4:31:05 - Commandline		: StartService "Mercator Organization Data"
vrijdag 22 januari 2021 4:31:05 - Commandline		: StartService "Mercator DMS Pdf Conversion Call"
vrijdag 22 januari 2021 4:31:05 - Commandline		: StartService "Mercator Document Management System Service"
vrijdag 22 januari 2021 4:31:05 - Commandline		: StartService "Mercator Document Management System Async Service"
vrijdag 22 januari 2021 4:31:05 - Commandline		: StartService "Mercator Document Management System Batch Avero Service"
vrijdag 22 januari 2021 4:31:05 - Commandline		: StartService "BaloiseDmsBatchService"
vrijdag 22 januari 2021 4:31:05 - Commandline		: StartService "Mercator Document Store"
vrijdag 22 januari 2021 4:31:05 - Commandline		: StartService "Mercator Xpim Document Store"
vrijdag 22 januari 2021 4:31:05 - Commandline		: StartService "Mercator DMS MailImport Service"
vrijdag 22 januari 2021 4:31:05 - Commandline		: StartService "Mercator DMS Import Portima Attachments"
vrijdag 22 januari 2021 4:31:05 - Commandline		: StartService "Mercator DMS Bulk Insert"
vrijdag 22 januari 2021 4:31:05 - Commandline		: StartService "Baloise Central Data Store"
vrijdag 22 januari 2021 4:31:05 - Commandline		: StartService "Baloise SyncTaskToDMS"
vrijdag 22 januari 2021 4:31:06 - Commandline		: StartService "Baloise Backend"
vrijdag 22 januari 2021 4:31:06 - Commandline		: StartService "MercatorNET SCV Batch Service"
vrijdag 22 januari 2021 4:31:06 - Commandline		: StartService "Mercator.Integration.EAI.3.9.Listener"
vrijdag 22 januari 2021 4:31:06 - ================================svw-be-weba03.balgroupit.com======================================
vrijdag 22 januari 2021 4:31:06 - ================================svw-be-biza001.balgroupit.com======================================
vrijdag 22 januari 2021 4:31:07 - Commandline		: DisableWSUSReboot ""
vrijdag 22 januari 2021 4:31:07 - Commandline		: StartService "Mercator Managed File Transfer"
vrijdag 22 januari 2021 4:31:07 - Commandline		: StartService "Mercator Esb Process Initializer"
vrijdag 22 januari 2021 4:31:07 - ================================svw-be-biza001.balgroupit.com======================================
vrijdag 22 januari 2021 4:31:07 - ================================svw-be-biza002.balgroupit.com======================================
vrijdag 22 januari 2021 4:31:08 - Commandline		: DisableWSUSReboot ""
vrijdag 22 januari 2021 4:31:08 - Commandline		: StartService "Mercator Managed File Transfer"
vrijdag 22 januari 2021 4:31:08 - Commandline		: StartService "Mercator Esb Process Initializer"
vrijdag 22 januari 2021 4:31:08 - ================================svw-be-biza002.balgroupit.com======================================
vrijdag 22 januari 2021 4:31:08 - ================================svw-be-eaia01.balgroupit.com======================================
vrijdag 22 januari 2021 4:31:09 - Commandline		: DisableWSUSReboot ""
vrijdag 22 januari 2021 4:31:09 - Commandline		: StartService "mercator.eai.docservice"
vrijdag 22 januari 2021 4:31:09 - Commandline		: StartProcess "dllhost.exe"
vrijdag 22 januari 2021 4:31:09 - Commandline		: StartProcess "winword.exe"
vrijdag 22 januari 2021 4:31:09 - ================================svw-be-eaia01.balgroupit.com======================================
vrijdag 22 januari 2021 4:31:10 - ================================svw-be-eaia04.balgroupit.com======================================
vrijdag 22 januari 2021 4:31:10 - Commandline		: DisableWSUSReboot ""
vrijdag 22 januari 2021 4:31:10 - Commandline		: StartService "mercator.eai.docservice"
vrijdag 22 januari 2021 4:31:10 - ================================svw-be-eaia04.balgroupit.com======================================
vrijdag 22 januari 2021 4:31:11 - ================================svw-be-dmsa001.balgroupit.com======================================
vrijdag 22 januari 2021 4:31:11 - Commandline		: DisableWsusReboot ""
vrijdag 22 januari 2021 4:31:11 - ================================svw-be-dmsa001.balgroupit.com======================================
vrijdag 22 januari 2021 4:31:12 - ================================svw-be-dmsa002.balgroupit.com======================================
vrijdag 22 januari 2021 4:31:12 - Commandline		: DisableWsusReboot ""
vrijdag 22 januari 2021 4:31:12 - ================================svw-be-dmsa002.balgroupit.com======================================
vrijdag 22 januari 2021 4:31:13 - ================================svw-be-dmsa03.balgroupit.com======================================
vrijdag 22 januari 2021 4:31:13 - Commandline		: DisableWsusReboot ""
vrijdag 22 januari 2021 4:31:13 - Commandline		: StartService "Execute360 Archive Manager"
vrijdag 22 januari 2021 4:31:13 - ================================svw-be-dmsa03.balgroupit.com======================================
vrijdag 22 januari 2021 4:31:14 - ================================dms-ba01.balgroupit.com======================================
vrijdag 22 januari 2021 4:31:14 - Commandline		: DisableWsusReboot ""
vrijdag 22 januari 2021 4:31:14 - ================================dms-ba01.balgroupit.com======================================
vrijdag 22 januari 2021 4:31:14 - ================================dms-ba01-file.balgroupit.com======================================
vrijdag 22 januari 2021 4:31:15 - Commandline		: DisableWsusReboot ""
vrijdag 22 januari 2021 4:31:15 - ================================dms-ba01-file.balgroupit.com======================================
vrijdag 22 januari 2021 4:31:15 - ================================dms-ba01-g360.balgroupit.com======================================
vrijdag 22 januari 2021 4:31:25 - Commandline		: DisableWsusReboot ""
vrijdag 22 januari 2021 4:31:25 - ================================dms-ba01-g360.balgroupit.com======================================
vrijdag 22 januari 2021 4:31:26 - ================================shw-be-atrace51.balgroupit.com======================================
vrijdag 22 januari 2021 4:31:26 - Commandline		: DisableWsusReboot ""
vrijdag 22 januari 2021 4:31:26 - ================================shw-be-atrace51.balgroupit.com======================================
vrijdag 22 januari 2021 4:31:27 - ================================svw-be-porta01.balgroupit.com======================================
vrijdag 22 januari 2021 4:31:27 - Commandline		: DisableWSUSReboot ""
vrijdag 22 januari 2021 4:31:27 - Commandline		: StartService "Oracle WCI Logger"
vrijdag 22 januari 2021 4:31:27 - Commandline		: StartService "wsserver"
vrijdag 22 januari 2021 4:31:27 - Commandline		: StartService "SearchService"
vrijdag 22 januari 2021 4:31:27 - Commandline		: StartService "svw-be-porta0101"
vrijdag 22 januari 2021 4:31:28 - Commandline		: StartService "SearchClusterUI"
vrijdag 22 januari 2021 4:31:28 - Commandline		: StartService "Oracle WCI Document Repository Service"
vrijdag 22 januari 2021 4:31:28 - Commandline		: StartService "rssreader"
vrijdag 22 januari 2021 4:31:28 - Commandline		: StartService "publishservice"
vrijdag 22 januari 2021 4:31:28 - Commandline		: StartService "ptautomationserver"
vrijdag 22 januari 2021 4:31:33 - Commandline		: StartService "Mercator.Portal.Scheduler"
vrijdag 22 januari 2021 4:31:35 - Commandline		: startWebsite "MercatorPortalWebService"
vrijdag 22 januari 2021 4:31:36 - Commandline		: startWebsite "Default Web Site"
vrijdag 22 januari 2021 4:31:36 - Commandline		: startWebsite "WCI"
vrijdag 22 januari 2021 4:31:36 - Commandline		: startAppPool "Pool2"
vrijdag 22 januari 2021 4:31:36 - Commandline		: startAppPool "Mercator.Portal.Portlets"
vrijdag 22 januari 2021 4:31:36 - Commandline		: startAppPool "Mercator.Portal.WebService"
vrijdag 22 januari 2021 4:31:36 - Commandline		: startAppPool "PortalASP"
vrijdag 22 januari 2021 4:31:36 - Commandline		: startAppPool "AL2AppPool64v2"
vrijdag 22 januari 2021 4:31:36 - Commandline		: startAppPool "ALAppPool64v2"
vrijdag 22 januari 2021 4:31:36 - ================================svw-be-porta01.balgroupit.com======================================
vrijdag 22 januari 2021 4:31:36 - ================================svw-be-babsa001.balgroupit.com======================================
vrijdag 22 januari 2021 4:31:37 - Commandline		: DisableWSUSReboot ""
vrijdag 22 januari 2021 4:31:37 - ================================svw-be-babsa001.balgroupit.com======================================
vrijdag 22 januari 2021 4:31:37 - ================================svw-be-babsa002.balgroupit.com======================================
vrijdag 22 januari 2021 4:31:38 - Commandline		: DisableWSUSReboot ""
vrijdag 22 januari 2021 4:31:38 - ================================svw-be-babsa002.balgroupit.com======================================
vrijdag 22 januari 2021 4:31:38 - ================================svw-be-babba001.balgroupit.com======================================
vrijdag 22 januari 2021 4:31:39 - Commandline		: DisableWSUSReboot ""
vrijdag 22 januari 2021 4:31:39 - Commandline		: StartService "Baloise BaloiseBackendBatch"
vrijdag 22 januari 2021 4:31:39 - ================================svw-be-babba001.balgroupit.com======================================
vrijdag 22 januari 2021 4:31:39 - ================================svw-be-babba002.balgroupit.com======================================
vrijdag 22 januari 2021 4:31:40 - Commandline		: DisableWSUSReboot ""
vrijdag 22 januari 2021 4:31:40 - Commandline		: StartService "Baloise BaloiseBackendBatch"
vrijdag 22 januari 2021 4:31:40 - ================================svw-be-babba002.balgroupit.com======================================
vrijdag 22 januari 2021 4:31:40 - ================================svw-be-mfta001.balgroupit.com======================================
vrijdag 22 januari 2021 4:31:42 - Commandline		: DisableWSUSReboot ""
vrijdag 22 januari 2021 4:31:42 - Commandline		: StartService "Mercator Managed File Transfer"
vrijdag 22 januari 2021 4:31:42 - ================================svw-be-mfta001.balgroupit.com======================================
