vrijdag 23 april 2021 4:31:19 - READING XML File :  \\balgroupit.com\appl_data\BBE\Transfer\Packages\Scripts\WSUS\Acorp\Acorp_Start_All.xml
vrijdag 23 april 2021 4:31:19 - 
vrijdag 23 april 2021 4:31:20 - ================================svw-be-webfa001.balgroupit.com======================================
vrijdag 23 april 2021 4:31:20 - Commandline		: DisableWSUSReboot ""
vrijdag 23 april 2021 4:31:20 - Commandline		: StartService "World Wide Web Publishing Service"
vrijdag 23 april 2021 4:31:20 - Commandline		: StartWebsite "OnlineDocuments"
vrijdag 23 april 2021 4:31:20 - Commandline		: StartWebsite "MNet"
vrijdag 23 april 2021 4:31:20 - Commandline		: StartWebsite "MWebBvb"
vrijdag 23 april 2021 4:31:21 - Commandline		: StartAppPool "DefaultAppPool"
vrijdag 23 april 2021 4:31:21 - Commandline		: StartAppPool "ED"
vrijdag 23 april 2021 4:31:21 - Commandline		: StartAppPool "EmployeeBenefits"
vrijdag 23 april 2021 4:31:21 - Commandline		: StartAppPool "EtlLogViewer"
vrijdag 23 april 2021 4:31:21 - Commandline		: StartAppPool "LevenAansluitingsverklaring"
vrijdag 23 april 2021 4:31:21 - Commandline		: StartAppPool "LevenWijzigingsFormulier"
vrijdag 23 april 2021 4:31:21 - Commandline		: StartAppPool "MercatorNet.RMMain"
vrijdag 23 april 2021 4:31:21 - Commandline		: StartAppPool "MercatorNet.WSDeploy_3_0"
vrijdag 23 april 2021 4:31:21 - Commandline		: StartAppPool "MercatorNet.WSMain"
vrijdag 23 april 2021 4:31:21 - Commandline		: StartAppPool "MercatorNet.WSServices"
vrijdag 23 april 2021 4:31:21 - Commandline		: StartAppPool "MercatorNet.WSTariff"
vrijdag 23 april 2021 4:31:21 - Commandline		: StartAppPool "MercatorNetBroker.WSDeploy_3_0"
vrijdag 23 april 2021 4:31:22 - Commandline		: StartAppPool "MercatorNetBroker.WSMain"
vrijdag 23 april 2021 4:31:22 - Commandline		: StartAppPool "MercatorWebSite"
vrijdag 23 april 2021 4:31:22 - Commandline		: StartAppPool "MWebBvb"
vrijdag 23 april 2021 4:31:22 - Commandline		: StartAppPool "ScvWebService"
vrijdag 23 april 2021 4:31:22 - ================================svw-be-webfa001.balgroupit.com======================================
vrijdag 23 april 2021 4:31:22 - ================================svw-be-webfa002.balgroupit.com======================================
vrijdag 23 april 2021 4:31:23 - Commandline		: DisableWSUSReboot ""
vrijdag 23 april 2021 4:31:23 - Commandline		: StartService "World Wide Web Publishing Service"
vrijdag 23 april 2021 4:31:23 - Commandline		: StartWebsite "OnlineDocuments"
vrijdag 23 april 2021 4:31:23 - Commandline		: StartWebsite "MNet"
vrijdag 23 april 2021 4:31:23 - Commandline		: StartWebsite "MWebBvb"
vrijdag 23 april 2021 4:31:23 - Commandline		: StartAppPool "DefaultAppPool"
vrijdag 23 april 2021 4:31:23 - Commandline		: StartAppPool "ED"
vrijdag 23 april 2021 4:31:23 - Commandline		: StartAppPool "EmployeeBenefits"
vrijdag 23 april 2021 4:31:23 - Commandline		: StartAppPool "EtlLogViewer"
vrijdag 23 april 2021 4:31:23 - Commandline		: StartAppPool "LevenAansluitingsverklaring"
vrijdag 23 april 2021 4:31:23 - Commandline		: StartAppPool "LevenWijzigingsFormulier"
vrijdag 23 april 2021 4:31:24 - Commandline		: StartAppPool "MercatorNet.RMMain"
vrijdag 23 april 2021 4:31:24 - Commandline		: StartAppPool "MercatorNet.WSDeploy_3_0"
vrijdag 23 april 2021 4:31:24 - Commandline		: StartAppPool "MercatorNet.WSMain"
vrijdag 23 april 2021 4:31:24 - Commandline		: StartAppPool "MercatorNet.WSServices"
vrijdag 23 april 2021 4:31:24 - Commandline		: StartAppPool "MercatorNet.WSTariff"
vrijdag 23 april 2021 4:31:24 - Commandline		: StartAppPool "MercatorNetBroker.WSDeploy_3_0"
vrijdag 23 april 2021 4:31:24 - Commandline		: StartAppPool "MercatorNetBroker.WSMain"
vrijdag 23 april 2021 4:31:24 - Commandline		: StartAppPool "MercatorWebSite"
vrijdag 23 april 2021 4:31:24 - Commandline		: StartAppPool "MWebBvb"
vrijdag 23 april 2021 4:31:24 - Commandline		: StartAppPool "ScvWebService"
vrijdag 23 april 2021 4:31:24 - ================================svw-be-webfa002.balgroupit.com======================================
vrijdag 23 april 2021 4:31:27 - ================================svw-be-weba02.balgroupit.com======================================
vrijdag 23 april 2021 4:31:29 - Commandline		: DisableWSUSReboot ""
vrijdag 23 april 2021 4:31:29 - Commandline		: StartService "World Wide Web Publishing Service"
vrijdag 23 april 2021 4:31:29 - Commandline		: StartAppPool "DefaultAppPool"
vrijdag 23 april 2021 4:31:30 - Commandline		: StartAppPool "MNet"
vrijdag 23 april 2021 4:31:30 - Commandline		: StartAppPool "BaloiseBackend"
vrijdag 23 april 2021 4:31:30 - Commandline		: StartAppPool "CDS"
vrijdag 23 april 2021 4:31:30 - Commandline		: StartAppPool "Mercator.EAI.Framework.WebServices"
vrijdag 23 april 2021 4:31:30 - Commandline		: StartAppPool "Mercator.Eai.Tools.Wsc"
vrijdag 23 april 2021 4:31:30 - Commandline		: StartAppPool "Mercator.Portima"
vrijdag 23 april 2021 4:31:30 - Commandline		: StartAppPool "Mercator.Portima.Monitoring"
vrijdag 23 april 2021 4:31:31 - Commandline		: StartAppPool "MercatorNet.BoServices"
vrijdag 23 april 2021 4:31:31 - Commandline		: StartAppPool "WSDms"
vrijdag 23 april 2021 4:31:31 - Commandline		: StartAppPool "WSDmsDataRepository"
vrijdag 23 april 2021 4:31:31 - Commandline		: StartWebsite "DmsDataRepository"
vrijdag 23 april 2021 4:31:31 - Commandline		: StartWebsite "MNet"
vrijdag 23 april 2021 4:31:31 - Commandline		: StartService "Steria's Dispatcher Service"
vrijdag 23 april 2021 4:31:32 - Commandline		: StartService "Mercator Document Delivery"
vrijdag 23 april 2021 4:31:32 - Commandline		: StartService "Mercator Document Generation"
vrijdag 23 april 2021 4:31:32 - Commandline		: StartService "Mercator Organization Data"
vrijdag 23 april 2021 4:31:32 - Commandline		: StartService "Mercator DMS Pdf Conversion Call"
vrijdag 23 april 2021 4:31:32 - Commandline		: StartService "Mercator Document Management System Service"
vrijdag 23 april 2021 4:31:32 - Commandline		: StartService "Mercator Document Management System Async Service"
vrijdag 23 april 2021 4:31:32 - Commandline		: StartService "Mercator Document Management System Batch Avero Service"
vrijdag 23 april 2021 4:31:32 - Commandline		: StartService "BaloiseDmsBatchService"
vrijdag 23 april 2021 4:31:32 - Commandline		: StartService "Mercator Document Store"
vrijdag 23 april 2021 4:31:32 - Commandline		: StartService "Mercator Xpim Document Store"
vrijdag 23 april 2021 4:31:32 - Commandline		: StartService "Mercator DMS MailImport Service"
vrijdag 23 april 2021 4:31:32 - Commandline		: StartService "Mercator DMS Import Portima Attachments"
vrijdag 23 april 2021 4:31:32 - Commandline		: StartService "Mercator DMS Bulk Insert"
vrijdag 23 april 2021 4:31:32 - Commandline		: StartService "Baloise Central Data Store"
vrijdag 23 april 2021 4:31:33 - Commandline		: StartService "Baloise SyncTaskToDMS"
vrijdag 23 april 2021 4:31:33 - Commandline		: StartService "Baloise Backend"
vrijdag 23 april 2021 4:31:33 - Commandline		: StartService "MercatorNET SCV Batch Service"
vrijdag 23 april 2021 4:31:33 - Commandline		: StartService "Mercator.Integration.EAI.3.9.Listener"
vrijdag 23 april 2021 4:31:33 - Commandline		: StartComPlus "Mercator.Framework.ActiveDirectory"
vrijdag 23 april 2021 4:31:33 - ================================svw-be-weba02.balgroupit.com======================================
vrijdag 23 april 2021 4:31:34 - ================================svw-be-weba03.balgroupit.com======================================
vrijdag 23 april 2021 4:31:34 - Commandline		: DisableWSUSReboot ""
vrijdag 23 april 2021 4:31:35 - Commandline		: StartService "World Wide Web Publishing Service"
vrijdag 23 april 2021 4:31:35 - Commandline		: StartAppPool "DefaultAppPool"
vrijdag 23 april 2021 4:31:35 - Commandline		: StartAppPool "MNet"
vrijdag 23 april 2021 4:31:35 - Commandline		: StartAppPool "BaloiseBackend"
vrijdag 23 april 2021 4:31:35 - Commandline		: StartAppPool "CDS"
vrijdag 23 april 2021 4:31:35 - Commandline		: StartAppPool "Mercator.EAI.Framework.WebServices"
vrijdag 23 april 2021 4:31:35 - Commandline		: StartAppPool "Mercator.Eai.Tools.Wsc"
vrijdag 23 april 2021 4:31:35 - Commandline		: StartAppPool "Mercator.Portima"
vrijdag 23 april 2021 4:31:35 - Commandline		: StartAppPool "Mercator.Portima.Monitoring"
vrijdag 23 april 2021 4:31:35 - Commandline		: StartAppPool "MercatorNet.BoServices"
vrijdag 23 april 2021 4:31:35 - Commandline		: StartAppPool "WSDms"
vrijdag 23 april 2021 4:31:36 - Commandline		: StartAppPool "WSDmsDataRepository"
vrijdag 23 april 2021 4:31:36 - Commandline		: StartWebsite "DmsDataRepository"
vrijdag 23 april 2021 4:31:36 - Commandline		: StartWebsite "MNet"
vrijdag 23 april 2021 4:31:36 - Commandline		: StartService "Steria's Dispatcher Service"
vrijdag 23 april 2021 4:31:36 - Commandline		: StartService "Mercator Document Delivery"
vrijdag 23 april 2021 4:31:36 - Commandline		: StartService "Mercator Document Generation"
vrijdag 23 april 2021 4:31:36 - Commandline		: StartService "Mercator Organization Data"
vrijdag 23 april 2021 4:31:36 - Commandline		: StartService "Mercator DMS Pdf Conversion Call"
vrijdag 23 april 2021 4:31:36 - Commandline		: StartService "Mercator Document Management System Service"
vrijdag 23 april 2021 4:31:36 - Commandline		: StartService "Mercator Document Management System Async Service"
vrijdag 23 april 2021 4:31:36 - Commandline		: StartService "Mercator Document Management System Batch Avero Service"
vrijdag 23 april 2021 4:31:36 - Commandline		: StartService "BaloiseDmsBatchService"
vrijdag 23 april 2021 4:31:37 - Commandline		: StartService "Mercator Document Store"
vrijdag 23 april 2021 4:31:37 - Commandline		: StartService "Mercator Xpim Document Store"
vrijdag 23 april 2021 4:31:37 - Commandline		: StartService "Mercator DMS MailImport Service"
vrijdag 23 april 2021 4:31:37 - Commandline		: StartService "Mercator DMS Import Portima Attachments"
vrijdag 23 april 2021 4:31:37 - Commandline		: StartService "Mercator DMS Bulk Insert"
vrijdag 23 april 2021 4:31:37 - Commandline		: StartService "Baloise Central Data Store"
vrijdag 23 april 2021 4:31:37 - Commandline		: StartService "Baloise SyncTaskToDMS"
vrijdag 23 april 2021 4:31:37 - Commandline		: StartService "Baloise Backend"
vrijdag 23 april 2021 4:31:37 - Commandline		: StartService "MercatorNET SCV Batch Service"
vrijdag 23 april 2021 4:31:37 - Commandline		: StartService "Mercator.Integration.EAI.3.9.Listener"
vrijdag 23 april 2021 4:31:37 - ================================svw-be-weba03.balgroupit.com======================================
vrijdag 23 april 2021 4:31:38 - ================================svw-be-biza001.balgroupit.com======================================
vrijdag 23 april 2021 4:31:38 - Commandline		: DisableWSUSReboot ""
vrijdag 23 april 2021 4:31:38 - Commandline		: StartService "Mercator Managed File Transfer"
vrijdag 23 april 2021 4:31:38 - Commandline		: StartService "Mercator Esb Process Initializer"
vrijdag 23 april 2021 4:31:38 - ================================svw-be-biza001.balgroupit.com======================================
vrijdag 23 april 2021 4:31:39 - ================================svw-be-biza002.balgroupit.com======================================
vrijdag 23 april 2021 4:31:39 - Commandline		: DisableWSUSReboot ""
vrijdag 23 april 2021 4:31:39 - Commandline		: StartService "Mercator Managed File Transfer"
vrijdag 23 april 2021 4:31:40 - Commandline		: StartService "Mercator Esb Process Initializer"
vrijdag 23 april 2021 4:31:40 - ================================svw-be-biza002.balgroupit.com======================================
vrijdag 23 april 2021 4:31:40 - ================================svw-be-eaia01.balgroupit.com======================================
vrijdag 23 april 2021 4:31:40 - Commandline		: DisableWSUSReboot ""
vrijdag 23 april 2021 4:31:40 - Commandline		: StartService "mercator.eai.docservice"
vrijdag 23 april 2021 4:31:41 - Commandline		: StartProcess "dllhost.exe"
vrijdag 23 april 2021 4:31:41 - Commandline		: StartProcess "winword.exe"
vrijdag 23 april 2021 4:31:41 - ================================svw-be-eaia01.balgroupit.com======================================
vrijdag 23 april 2021 4:31:44 - ================================svw-be-eaia04.balgroupit.com======================================
vrijdag 23 april 2021 4:31:45 - Commandline		: DisableWSUSReboot ""
vrijdag 23 april 2021 4:31:45 - Commandline		: StartService "mercator.eai.docservice"
vrijdag 23 april 2021 4:31:45 - ================================svw-be-eaia04.balgroupit.com======================================
vrijdag 23 april 2021 4:31:46 - ================================svw-be-dmsa001.balgroupit.com======================================
vrijdag 23 april 2021 4:31:46 - Commandline		: DisableWsusReboot ""
vrijdag 23 april 2021 4:31:46 - ================================svw-be-dmsa001.balgroupit.com======================================
vrijdag 23 april 2021 4:31:47 - ================================svw-be-dmsa002.balgroupit.com======================================
vrijdag 23 april 2021 4:31:47 - Commandline		: DisableWsusReboot ""
vrijdag 23 april 2021 4:31:47 - ================================svw-be-dmsa002.balgroupit.com======================================
vrijdag 23 april 2021 4:31:50 - ================================svw-be-dmsa03.balgroupit.com======================================
vrijdag 23 april 2021 4:31:51 - Commandline		: DisableWsusReboot ""
vrijdag 23 april 2021 4:31:51 - Commandline		: StartService "Execute360 Archive Manager"
vrijdag 23 april 2021 4:31:51 - ================================svw-be-dmsa03.balgroupit.com======================================
vrijdag 23 april 2021 4:31:52 - ================================dms-ba01.balgroupit.com======================================
vrijdag 23 april 2021 4:31:52 - Commandline		: DisableWsusReboot ""
vrijdag 23 april 2021 4:31:52 - ================================dms-ba01.balgroupit.com======================================
vrijdag 23 april 2021 4:31:53 - ================================dms-ba01-file.balgroupit.com======================================
vrijdag 23 april 2021 4:31:54 - Commandline		: DisableWsusReboot ""
vrijdag 23 april 2021 4:31:54 - ================================dms-ba01-file.balgroupit.com======================================
vrijdag 23 april 2021 4:31:55 - ================================dms-ba01-g360.balgroupit.com======================================
vrijdag 23 april 2021 4:31:56 - Commandline		: DisableWsusReboot ""
vrijdag 23 april 2021 4:31:56 - ================================dms-ba01-g360.balgroupit.com======================================
vrijdag 23 april 2021 4:31:57 - ================================shw-be-atrace51.balgroupit.com======================================
vrijdag 23 april 2021 4:31:58 - Commandline		: DisableWsusReboot ""
vrijdag 23 april 2021 4:31:58 - ================================shw-be-atrace51.balgroupit.com======================================
vrijdag 23 april 2021 4:31:58 - ================================svw-be-porta01.balgroupit.com======================================
vrijdag 23 april 2021 4:31:58 - Commandline		: DisableWSUSReboot ""
vrijdag 23 april 2021 4:31:59 - Commandline		: StartService "Oracle WCI Logger"
vrijdag 23 april 2021 4:31:59 - Commandline		: StartService "wsserver"
vrijdag 23 april 2021 4:31:59 - Commandline		: StartService "SearchService"
vrijdag 23 april 2021 4:31:59 - Commandline		: StartService "svw-be-porta0101"
vrijdag 23 april 2021 4:31:59 - Commandline		: StartService "SearchClusterUI"
vrijdag 23 april 2021 4:31:59 - Commandline		: StartService "Oracle WCI Document Repository Service"
vrijdag 23 april 2021 4:31:59 - Commandline		: StartService "rssreader"
vrijdag 23 april 2021 4:31:59 - Commandline		: StartService "publishservice"
vrijdag 23 april 2021 4:31:59 - Commandline		: StartService "ptautomationserver"
vrijdag 23 april 2021 4:32:04 - Commandline		: StartService "Mercator.Portal.Scheduler"
vrijdag 23 april 2021 4:32:07 - Commandline		: startWebsite "MercatorPortalWebService"
vrijdag 23 april 2021 4:32:07 - Commandline		: startWebsite "Default Web Site"
vrijdag 23 april 2021 4:32:07 - Commandline		: startWebsite "WCI"
vrijdag 23 april 2021 4:32:07 - Commandline		: startAppPool "Pool2"
vrijdag 23 april 2021 4:32:07 - Commandline		: startAppPool "Mercator.Portal.Portlets"
vrijdag 23 april 2021 4:32:07 - Commandline		: startAppPool "Mercator.Portal.WebService"
vrijdag 23 april 2021 4:32:07 - Commandline		: startAppPool "PortalASP"
vrijdag 23 april 2021 4:32:07 - Commandline		: startAppPool "AL2AppPool64v2"
vrijdag 23 april 2021 4:32:07 - Commandline		: startAppPool "ALAppPool64v2"
vrijdag 23 april 2021 4:32:07 - ================================svw-be-porta01.balgroupit.com======================================
vrijdag 23 april 2021 4:32:08 - ================================svw-be-babsa001.balgroupit.com======================================
vrijdag 23 april 2021 4:32:08 - Commandline		: DisableWSUSReboot ""
vrijdag 23 april 2021 4:32:08 - ================================svw-be-babsa001.balgroupit.com======================================
vrijdag 23 april 2021 4:32:09 - ================================svw-be-babsa002.balgroupit.com======================================
vrijdag 23 april 2021 4:32:09 - Commandline		: DisableWSUSReboot ""
vrijdag 23 april 2021 4:32:09 - ================================svw-be-babsa002.balgroupit.com======================================
vrijdag 23 april 2021 4:32:10 - ================================svw-be-babba001.balgroupit.com======================================
vrijdag 23 april 2021 4:32:10 - Commandline		: DisableWSUSReboot ""
vrijdag 23 april 2021 4:32:10 - Commandline		: StartService "Baloise BaloiseBackendBatch"
vrijdag 23 april 2021 4:32:10 - ================================svw-be-babba001.balgroupit.com======================================
vrijdag 23 april 2021 4:32:11 - ================================svw-be-babba002.balgroupit.com======================================
vrijdag 23 april 2021 4:32:11 - Commandline		: DisableWSUSReboot ""
vrijdag 23 april 2021 4:32:11 - Commandline		: StartService "Baloise BaloiseBackendBatch"
vrijdag 23 april 2021 4:32:12 - ================================svw-be-babba002.balgroupit.com======================================
vrijdag 23 april 2021 4:32:12 - ================================svw-be-mfta001.balgroupit.com======================================
vrijdag 23 april 2021 4:32:16 - Commandline		: DisableWSUSReboot ""
vrijdag 23 april 2021 4:32:17 - Commandline		: StartService "Mercator Managed File Transfer"
vrijdag 23 april 2021 4:32:17 - ================================svw-be-mfta001.balgroupit.com======================================
