donderdag 19 augustus 2021 23:15:47 - READING XML File :  \\balgroupit.com\appl_data\BBE\Transfer\Packages\Scripts\WSUS\Acorp\Acorp_Start_All.xml
donderdag 19 augustus 2021 23:15:47 - 
donderdag 19 augustus 2021 23:15:48 - ================================svw-be-webfa001.balgroupit.com======================================
donderdag 19 augustus 2021 23:15:48 - Commandline		: DisableWSUSReboot ""
donderdag 19 augustus 2021 23:15:48 - Commandline		: StartService "World Wide Web Publishing Service"
donderdag 19 augustus 2021 23:15:48 - Commandline		: StartWebsite "OnlineDocuments"
donderdag 19 augustus 2021 23:15:49 - Commandline		: StartWebsite "MNet"
donderdag 19 augustus 2021 23:15:49 - Commandline		: StartWebsite "MWebBvb"
donderdag 19 augustus 2021 23:15:49 - Commandline		: StartAppPool "DefaultAppPool"
donderdag 19 augustus 2021 23:15:49 - Commandline		: StartAppPool "ED"
donderdag 19 augustus 2021 23:15:49 - Commandline		: StartAppPool "EmployeeBenefits"
donderdag 19 augustus 2021 23:15:49 - Commandline		: StartAppPool "EtlLogViewer"
donderdag 19 augustus 2021 23:15:49 - Commandline		: StartAppPool "LevenAansluitingsverklaring"
donderdag 19 augustus 2021 23:15:49 - Commandline		: StartAppPool "LevenWijzigingsFormulier"
donderdag 19 augustus 2021 23:15:49 - Commandline		: StartAppPool "MercatorNet.RMMain"
donderdag 19 augustus 2021 23:15:50 - Commandline		: StartAppPool "MercatorNet.WSDeploy_3_0"
donderdag 19 augustus 2021 23:15:50 - Commandline		: StartAppPool "MercatorNet.WSMain"
donderdag 19 augustus 2021 23:15:50 - Commandline		: StartAppPool "MercatorNet.WSServices"
donderdag 19 augustus 2021 23:15:50 - Commandline		: StartAppPool "MercatorNet.WSTariff"
donderdag 19 augustus 2021 23:15:50 - Commandline		: StartAppPool "MercatorNetBroker.WSDeploy_3_0"
donderdag 19 augustus 2021 23:15:50 - Commandline		: StartAppPool "MercatorNetBroker.WSMain"
donderdag 19 augustus 2021 23:15:50 - Commandline		: StartAppPool "MercatorWebSite"
donderdag 19 augustus 2021 23:15:50 - Commandline		: StartAppPool "MWebBvb"
donderdag 19 augustus 2021 23:15:50 - Commandline		: StartAppPool "ScvWebService"
donderdag 19 augustus 2021 23:15:50 - ================================svw-be-webfa001.balgroupit.com======================================
donderdag 19 augustus 2021 23:15:51 - ================================svw-be-webfa002.balgroupit.com======================================
donderdag 19 augustus 2021 23:15:53 - Commandline		: DisableWSUSReboot ""
donderdag 19 augustus 2021 23:15:53 - Commandline		: StartService "World Wide Web Publishing Service"
donderdag 19 augustus 2021 23:15:53 - Commandline		: StartWebsite "OnlineDocuments"
donderdag 19 augustus 2021 23:15:54 - Commandline		: StartWebsite "MNet"
donderdag 19 augustus 2021 23:15:54 - Commandline		: StartWebsite "MWebBvb"
donderdag 19 augustus 2021 23:15:54 - Commandline		: StartAppPool "DefaultAppPool"
donderdag 19 augustus 2021 23:15:54 - Commandline		: StartAppPool "ED"
donderdag 19 augustus 2021 23:15:54 - Commandline		: StartAppPool "EmployeeBenefits"
donderdag 19 augustus 2021 23:15:54 - Commandline		: StartAppPool "EtlLogViewer"
donderdag 19 augustus 2021 23:15:54 - Commandline		: StartAppPool "LevenAansluitingsverklaring"
donderdag 19 augustus 2021 23:15:54 - Commandline		: StartAppPool "LevenWijzigingsFormulier"
donderdag 19 augustus 2021 23:15:54 - Commandline		: StartAppPool "MercatorNet.RMMain"
donderdag 19 augustus 2021 23:15:54 - Commandline		: StartAppPool "MercatorNet.WSDeploy_3_0"
donderdag 19 augustus 2021 23:15:55 - Commandline		: StartAppPool "MercatorNet.WSMain"
donderdag 19 augustus 2021 23:15:55 - Commandline		: StartAppPool "MercatorNet.WSServices"
donderdag 19 augustus 2021 23:15:55 - Commandline		: StartAppPool "MercatorNet.WSTariff"
donderdag 19 augustus 2021 23:15:55 - Commandline		: StartAppPool "MercatorNetBroker.WSDeploy_3_0"
donderdag 19 augustus 2021 23:15:55 - Commandline		: StartAppPool "MercatorNetBroker.WSMain"
donderdag 19 augustus 2021 23:15:55 - Commandline		: StartAppPool "MercatorWebSite"
donderdag 19 augustus 2021 23:15:55 - Commandline		: StartAppPool "MWebBvb"
donderdag 19 augustus 2021 23:15:55 - Commandline		: StartAppPool "ScvWebService"
donderdag 19 augustus 2021 23:15:55 - ================================svw-be-webfa002.balgroupit.com======================================
donderdag 19 augustus 2021 23:15:59 - ================================svw-be-weba02.balgroupit.com======================================
donderdag 19 augustus 2021 23:16:02 - Commandline		: DisableWSUSReboot ""
donderdag 19 augustus 2021 23:16:03 - Commandline		: StartService "World Wide Web Publishing Service"
donderdag 19 augustus 2021 23:16:03 - Commandline		: StartAppPool "DefaultAppPool"
donderdag 19 augustus 2021 23:16:03 - Commandline		: StartAppPool "MNet"
donderdag 19 augustus 2021 23:16:03 - Commandline		: StartAppPool "BaloiseBackend"
donderdag 19 augustus 2021 23:16:03 - Commandline		: StartAppPool "CDS"
donderdag 19 augustus 2021 23:16:03 - Commandline		: StartAppPool "Mercator.EAI.Framework.WebServices"
donderdag 19 augustus 2021 23:16:04 - Commandline		: StartAppPool "Mercator.Eai.Tools.Wsc"
donderdag 19 augustus 2021 23:16:04 - Commandline		: StartAppPool "Mercator.Portima"
donderdag 19 augustus 2021 23:16:04 - Commandline		: StartAppPool "Mercator.Portima.Monitoring"
donderdag 19 augustus 2021 23:16:04 - Commandline		: StartAppPool "MercatorNet.BoServices"
donderdag 19 augustus 2021 23:16:04 - Commandline		: StartAppPool "WSDms"
donderdag 19 augustus 2021 23:16:04 - Commandline		: StartAppPool "WSDmsDataRepository"
donderdag 19 augustus 2021 23:16:04 - Commandline		: StartWebsite "DmsDataRepository"
donderdag 19 augustus 2021 23:16:04 - Commandline		: StartWebsite "MNet"
donderdag 19 augustus 2021 23:16:04 - Commandline		: StartService "Steria's Dispatcher Service"
donderdag 19 augustus 2021 23:16:05 - Commandline		: StartService "Mercator Document Delivery"
donderdag 19 augustus 2021 23:16:07 - Commandline		: StartService "Mercator Document Generation"
donderdag 19 augustus 2021 23:16:08 - Commandline		: StartService "Mercator Organization Data"
donderdag 19 augustus 2021 23:16:09 - Commandline		: StartService "Mercator DMS Pdf Conversion Call"
donderdag 19 augustus 2021 23:16:09 - Commandline		: StartService "Mercator Document Management System Service"
donderdag 19 augustus 2021 23:16:09 - Commandline		: StartService "Mercator Document Management System Async Service"
donderdag 19 augustus 2021 23:16:09 - Commandline		: StartService "Mercator Document Management System Batch Avero Service"
donderdag 19 augustus 2021 23:16:09 - Commandline		: StartService "BaloiseDmsBatchService"
donderdag 19 augustus 2021 23:16:12 - Commandline		: StartService "Mercator Document Store"
donderdag 19 augustus 2021 23:16:12 - Commandline		: StartService "Mercator Xpim Document Store"
donderdag 19 augustus 2021 23:16:12 - Commandline		: StartService "Mercator DMS MailImport Service"
donderdag 19 augustus 2021 23:16:12 - Commandline		: StartService "Mercator DMS Import Portima Attachments"
donderdag 19 augustus 2021 23:16:12 - Commandline		: StartService "Mercator DMS Bulk Insert"
donderdag 19 augustus 2021 23:16:12 - Commandline		: StartService "Baloise Central Data Store"
donderdag 19 augustus 2021 23:16:12 - Commandline		: StartService "Baloise SyncTaskToDMS"
donderdag 19 augustus 2021 23:16:14 - Commandline		: StartService "Baloise Backend"
donderdag 19 augustus 2021 23:16:14 - Commandline		: StartService "MercatorNET SCV Batch Service"
donderdag 19 augustus 2021 23:16:23 - Commandline		: StartService "Mercator.Integration.EAI.3.9.Listener"
donderdag 19 augustus 2021 23:16:23 - Commandline		: StartComPlus "Mercator.Framework.ActiveDirectory"
donderdag 19 augustus 2021 23:16:24 - ================================svw-be-weba02.balgroupit.com======================================
donderdag 19 augustus 2021 23:16:26 - ================================svw-be-weba03.balgroupit.com======================================
donderdag 19 augustus 2021 23:16:30 - Commandline		: DisableWSUSReboot ""
donderdag 19 augustus 2021 23:16:30 - Commandline		: StartService "World Wide Web Publishing Service"
donderdag 19 augustus 2021 23:16:30 - Commandline		: StartAppPool "DefaultAppPool"
donderdag 19 augustus 2021 23:16:30 - Commandline		: StartAppPool "MNet"
donderdag 19 augustus 2021 23:16:30 - Commandline		: StartAppPool "BaloiseBackend"
donderdag 19 augustus 2021 23:16:31 - Commandline		: StartAppPool "CDS"
donderdag 19 augustus 2021 23:16:31 - Commandline		: StartAppPool "Mercator.EAI.Framework.WebServices"
donderdag 19 augustus 2021 23:16:31 - Commandline		: StartAppPool "Mercator.Eai.Tools.Wsc"
donderdag 19 augustus 2021 23:16:31 - Commandline		: StartAppPool "Mercator.Portima"
donderdag 19 augustus 2021 23:16:31 - Commandline		: StartAppPool "Mercator.Portima.Monitoring"
donderdag 19 augustus 2021 23:16:31 - Commandline		: StartAppPool "MercatorNet.BoServices"
donderdag 19 augustus 2021 23:16:31 - Commandline		: StartAppPool "WSDms"
donderdag 19 augustus 2021 23:16:31 - Commandline		: StartAppPool "WSDmsDataRepository"
donderdag 19 augustus 2021 23:16:31 - Commandline		: StartWebsite "DmsDataRepository"
donderdag 19 augustus 2021 23:16:31 - Commandline		: StartWebsite "MNet"
donderdag 19 augustus 2021 23:16:31 - Commandline		: StartService "Steria's Dispatcher Service"
donderdag 19 augustus 2021 23:16:34 - Commandline		: StartService "Mercator Document Delivery"
donderdag 19 augustus 2021 23:16:34 - Commandline		: StartService "Mercator Document Generation"
donderdag 19 augustus 2021 23:16:34 - Commandline		: StartService "Mercator Organization Data"
donderdag 19 augustus 2021 23:16:34 - Commandline		: StartService "Mercator DMS Pdf Conversion Call"
donderdag 19 augustus 2021 23:16:36 - Commandline		: StartService "Mercator Document Management System Service"
donderdag 19 augustus 2021 23:16:39 - Commandline		: StartService "Mercator Document Management System Async Service"
donderdag 19 augustus 2021 23:16:40 - Commandline		: StartService "Mercator Document Management System Batch Avero Service"
donderdag 19 augustus 2021 23:16:42 - Commandline		: StartService "BaloiseDmsBatchService"
donderdag 19 augustus 2021 23:16:42 - Commandline		: StartService "Mercator Document Store"
donderdag 19 augustus 2021 23:16:42 - Commandline		: StartService "Mercator Xpim Document Store"
donderdag 19 augustus 2021 23:16:42 - Commandline		: StartService "Mercator DMS MailImport Service"
donderdag 19 augustus 2021 23:16:43 - Commandline		: StartService "Mercator DMS Import Portima Attachments"
donderdag 19 augustus 2021 23:16:44 - Commandline		: StartService "Mercator DMS Bulk Insert"
donderdag 19 augustus 2021 23:16:44 - Commandline		: StartService "Baloise Central Data Store"
donderdag 19 augustus 2021 23:16:44 - Commandline		: StartService "Baloise SyncTaskToDMS"
donderdag 19 augustus 2021 23:16:47 - Commandline		: StartService "Baloise Backend"
donderdag 19 augustus 2021 23:16:47 - Commandline		: StartService "MercatorNET SCV Batch Service"
donderdag 19 augustus 2021 23:16:47 - Commandline		: StartService "Mercator.Integration.EAI.3.9.Listener"
donderdag 19 augustus 2021 23:16:47 - ================================svw-be-weba03.balgroupit.com======================================
donderdag 19 augustus 2021 23:16:48 - ================================svw-be-biza001.balgroupit.com======================================
donderdag 19 augustus 2021 23:16:48 - Commandline		: DisableWSUSReboot ""
donderdag 19 augustus 2021 23:16:49 - Commandline		: StartService "Mercator Managed File Transfer"
donderdag 19 augustus 2021 23:16:49 - Commandline		: StartService "Mercator Esb Process Initializer"
donderdag 19 augustus 2021 23:16:49 - ================================svw-be-biza001.balgroupit.com======================================
donderdag 19 augustus 2021 23:16:49 - ================================svw-be-biza002.balgroupit.com======================================
donderdag 19 augustus 2021 23:16:50 - Commandline		: DisableWSUSReboot ""
donderdag 19 augustus 2021 23:16:50 - Commandline		: StartService "Mercator Managed File Transfer"
donderdag 19 augustus 2021 23:16:50 - Commandline		: StartService "Mercator Esb Process Initializer"
donderdag 19 augustus 2021 23:16:50 - ================================svw-be-biza002.balgroupit.com======================================
donderdag 19 augustus 2021 23:16:52 - ================================svw-be-eaia01.balgroupit.com======================================
donderdag 19 augustus 2021 23:16:53 - Commandline		: DisableWSUSReboot ""
donderdag 19 augustus 2021 23:16:53 - Commandline		: StartService "mercator.eai.docservice"
donderdag 19 augustus 2021 23:16:57 - Commandline		: StartProcess "dllhost.exe"
donderdag 19 augustus 2021 23:16:57 - Commandline		: StartProcess "winword.exe"
donderdag 19 augustus 2021 23:16:57 - ================================svw-be-eaia01.balgroupit.com======================================
donderdag 19 augustus 2021 23:17:00 - ================================svw-be-eaia04.balgroupit.com======================================
donderdag 19 augustus 2021 23:17:01 - Commandline		: DisableWSUSReboot ""
donderdag 19 augustus 2021 23:17:01 - Commandline		: StartService "mercator.eai.docservice"
donderdag 19 augustus 2021 23:17:04 - ================================svw-be-eaia04.balgroupit.com======================================
donderdag 19 augustus 2021 23:17:05 - ================================svw-be-dmsa001.balgroupit.com======================================
donderdag 19 augustus 2021 23:17:06 - Commandline		: DisableWsusReboot ""
donderdag 19 augustus 2021 23:17:06 - ================================svw-be-dmsa001.balgroupit.com======================================
donderdag 19 augustus 2021 23:17:06 - ================================svw-be-dmsa002.balgroupit.com======================================
donderdag 19 augustus 2021 23:17:12 - Commandline		: DisableWsusReboot ""
donderdag 19 augustus 2021 23:17:12 - ================================svw-be-dmsa002.balgroupit.com======================================
donderdag 19 augustus 2021 23:17:13 - ================================svw-be-dmsa03.balgroupit.com======================================
donderdag 19 augustus 2021 23:17:18 - Commandline		: DisableWsusReboot ""
donderdag 19 augustus 2021 23:17:18 - Commandline		: StartService "Execute360 Archive Manager"
donderdag 19 augustus 2021 23:17:24 - ================================svw-be-dmsa03.balgroupit.com======================================
donderdag 19 augustus 2021 23:17:25 - ================================dms-ba01.balgroupit.com======================================
donderdag 19 augustus 2021 23:17:25 - Commandline		: DisableWsusReboot ""
donderdag 19 augustus 2021 23:17:25 - ================================dms-ba01.balgroupit.com======================================
donderdag 19 augustus 2021 23:17:26 - ================================dms-ba01-file.balgroupit.com======================================
donderdag 19 augustus 2021 23:17:26 - Commandline		: DisableWsusReboot ""
donderdag 19 augustus 2021 23:17:26 - ================================dms-ba01-file.balgroupit.com======================================
donderdag 19 augustus 2021 23:17:26 - ================================dms-ba01-g360.balgroupit.com======================================
donderdag 19 augustus 2021 23:17:27 - Commandline		: DisableWsusReboot ""
donderdag 19 augustus 2021 23:17:27 - ================================dms-ba01-g360.balgroupit.com======================================
donderdag 19 augustus 2021 23:17:32 - ================================shw-be-atrace51.balgroupit.com======================================
donderdag 19 augustus 2021 23:17:33 - Commandline		: DisableWsusReboot ""
donderdag 19 augustus 2021 23:17:33 - ================================shw-be-atrace51.balgroupit.com======================================
donderdag 19 augustus 2021 23:17:35 - ================================svw-be-porta01.balgroupit.com======================================
donderdag 19 augustus 2021 23:17:36 - Commandline		: DisableWSUSReboot ""
donderdag 19 augustus 2021 23:17:36 - Commandline		: StartService "Oracle WCI Logger"
donderdag 19 augustus 2021 23:17:43 - Commandline		: StartService "wsserver"
donderdag 19 augustus 2021 23:17:48 - Commandline		: StartService "SearchService"
donderdag 19 augustus 2021 23:17:51 - Commandline		: StartService "svw-be-porta0101"
donderdag 19 augustus 2021 23:18:21 - Commandline		: StartService "SearchClusterUI"
donderdag 19 augustus 2021 23:18:24 - Commandline		: StartService "Oracle WCI Document Repository Service"
donderdag 19 augustus 2021 23:18:27 - Commandline		: StartService "rssreader"
donderdag 19 augustus 2021 23:18:31 - Commandline		: StartService "publishservice"
donderdag 19 augustus 2021 23:18:33 - Commandline		: StartService "ptautomationserver"
donderdag 19 augustus 2021 23:18:39 - Commandline		: StartService "Mercator.Portal.Scheduler"
donderdag 19 augustus 2021 23:18:41 - Commandline		: startWebsite "MercatorPortalWebService"
donderdag 19 augustus 2021 23:18:42 - Commandline		: startWebsite "Default Web Site"
donderdag 19 augustus 2021 23:18:42 - Commandline		: startWebsite "WCI"
donderdag 19 augustus 2021 23:18:42 - Commandline		: startAppPool "Pool2"
donderdag 19 augustus 2021 23:18:42 - Commandline		: startAppPool "Mercator.Portal.Portlets"
donderdag 19 augustus 2021 23:18:42 - Commandline		: startAppPool "Mercator.Portal.WebService"
donderdag 19 augustus 2021 23:18:42 - Commandline		: startAppPool "PortalASP"
donderdag 19 augustus 2021 23:18:42 - Commandline		: startAppPool "AL2AppPool64v2"
donderdag 19 augustus 2021 23:18:42 - Commandline		: startAppPool "ALAppPool64v2"
donderdag 19 augustus 2021 23:18:42 - ================================svw-be-porta01.balgroupit.com======================================
donderdag 19 augustus 2021 23:18:43 - ================================svw-be-babsa001.balgroupit.com======================================
donderdag 19 augustus 2021 23:18:44 - Commandline		: DisableWSUSReboot ""
donderdag 19 augustus 2021 23:18:44 - ================================svw-be-babsa001.balgroupit.com======================================
donderdag 19 augustus 2021 23:18:47 - ================================svw-be-babsa002.balgroupit.com======================================
donderdag 19 augustus 2021 23:18:49 - Commandline		: DisableWSUSReboot ""
donderdag 19 augustus 2021 23:18:49 - ================================svw-be-babsa002.balgroupit.com======================================
donderdag 19 augustus 2021 23:18:50 - ================================svw-be-babba001.balgroupit.com======================================
donderdag 19 augustus 2021 23:18:51 - Commandline		: DisableWSUSReboot ""
donderdag 19 augustus 2021 23:18:51 - Commandline		: StartService "Baloise BaloiseBackendBatch"
donderdag 19 augustus 2021 23:18:51 - ================================svw-be-babba001.balgroupit.com======================================
donderdag 19 augustus 2021 23:18:51 - ================================svw-be-babba002.balgroupit.com======================================
donderdag 19 augustus 2021 23:18:52 - Commandline		: DisableWSUSReboot ""
donderdag 19 augustus 2021 23:18:52 - Commandline		: StartService "Baloise BaloiseBackendBatch"
donderdag 19 augustus 2021 23:18:53 - ================================svw-be-babba002.balgroupit.com======================================
donderdag 19 augustus 2021 23:18:53 - ================================svw-be-mfta001.balgroupit.com======================================
donderdag 19 augustus 2021 23:18:55 - Commandline		: DisableWSUSReboot ""
donderdag 19 augustus 2021 23:18:55 - Commandline		: StartService "Mercator Managed File Transfer"
donderdag 19 augustus 2021 23:19:00 - ================================svw-be-mfta001.balgroupit.com======================================
