donderdag 21 oktober 2021 21:01:04 - READING XML File :  \\balgroupit.com\appl_data\BBE\Transfer\Packages\Scripts\WSUS\Acorp\Acorp_Stop_All.xml
donderdag 21 oktober 2021 21:01:04 - 
donderdag 21 oktober 2021 21:01:10 - ================================shw-be-atrace51.balgroupit.com======================================
donderdag 21 oktober 2021 21:01:11 - Commandline		: EnableWSUSReboot ""
donderdag 21 oktober 2021 21:01:11 - ================================shw-be-atrace51.balgroupit.com======================================
donderdag 21 oktober 2021 21:01:13 - ================================svw-be-eaia01.balgroupit.com======================================
donderdag 21 oktober 2021 21:01:14 - Commandline		: StopService "mercator.eai.docservice"
donderdag 21 oktober 2021 21:01:15 - Commandline		: StopProcess "dllhost.exe"
donderdag 21 oktober 2021 21:01:15 - Commandline		: StopProcess "winword.exe"
donderdag 21 oktober 2021 21:01:15 - Commandline		: EnableWSUSReboot ""
donderdag 21 oktober 2021 21:01:15 - ================================svw-be-eaia01.balgroupit.com======================================
donderdag 21 oktober 2021 21:01:18 - ================================svw-be-eaia04.balgroupit.com======================================
donderdag 21 oktober 2021 21:01:19 - Commandline		: StopService "mercator.eai.docservice"
donderdag 21 oktober 2021 21:01:19 - Commandline		: StopProcess "dllhost.exe"
donderdag 21 oktober 2021 21:01:19 - Commandline		: StopProcess "winword.exe"
donderdag 21 oktober 2021 21:01:19 - Commandline		: EnableWSUSReboot ""
donderdag 21 oktober 2021 21:01:20 - ================================svw-be-eaia04.balgroupit.com======================================
donderdag 21 oktober 2021 21:01:22 - ================================svw-be-weba02.balgroupit.com======================================
donderdag 21 oktober 2021 21:01:30 - Commandline		: StopWebsite "DmsDataRepository"
donderdag 21 oktober 2021 21:01:31 - Commandline		: StopWebsite "MNet"
donderdag 21 oktober 2021 21:01:31 - Commandline		: StartAppPool "MNet"
donderdag 21 oktober 2021 21:01:31 - Commandline		: StopAppPool "DefaultAppPool"
donderdag 21 oktober 2021 21:01:32 - Commandline		: StopAppPool "WSDMS"
donderdag 21 oktober 2021 21:01:32 - Commandline		: StopAppPool "WSDmsDataRepository"
donderdag 21 oktober 2021 21:01:32 - Commandline		: StopAppPool "BaloiseBackend"
donderdag 21 oktober 2021 21:01:32 - Commandline		: StopAppPool "CDS"
donderdag 21 oktober 2021 21:01:32 - Commandline		: StopAppPool "MercatorNet.BoServices"
donderdag 21 oktober 2021 21:01:33 - Commandline		: StopAppPool "Mercator.Portima.Monitoring"
donderdag 21 oktober 2021 21:01:33 - Commandline		: StopAppPool "Mercator.Portima"
donderdag 21 oktober 2021 21:01:33 - Commandline		: StopAppPool "Mercator.Eai.Tools.Wsc"
donderdag 21 oktober 2021 21:01:33 - Commandline		: StopAppPool "Mercator.EAI.Framework.WebServices"
donderdag 21 oktober 2021 21:01:34 - Commandline		: StopService "World Wide Web Publishing Service"
donderdag 21 oktober 2021 21:01:34 - Commandline		: StopService "Baloise Backend"
donderdag 21 oktober 2021 21:01:34 - Commandline		: StopService "Baloise Central Data Store"
donderdag 21 oktober 2021 21:01:35 - Commandline		: StopService "Baloise SyncTaskToDMS"
donderdag 21 oktober 2021 21:01:35 - Commandline		: StopService "Mercator DMS Bulk Insert"
donderdag 21 oktober 2021 21:01:36 - Commandline		: StopService "Mercator DMS Import Portima Attachments"
donderdag 21 oktober 2021 21:01:36 - Commandline		: StopService "Mercator DMS MailImport Service"
donderdag 21 oktober 2021 21:01:36 - Commandline		: StopService "Mercator Xpim Document Store"
donderdag 21 oktober 2021 21:01:37 - Commandline		: StopService "Mercator Document Store"
donderdag 21 oktober 2021 21:01:37 - Commandline		: StopService "BaloiseDmsBatchService"
donderdag 21 oktober 2021 21:01:38 - Commandline		: StopService "Mercator Document Management System Service"
donderdag 21 oktober 2021 21:01:38 - Commandline		: StopService "Mercator Document Management System Async Service"
donderdag 21 oktober 2021 21:01:38 - Commandline		: StopService "Mercator Document Management System Batch Avero Service"
donderdag 21 oktober 2021 21:01:39 - Commandline		: StopService "Mercator DMS Pdf Conversion Call"
donderdag 21 oktober 2021 21:01:39 - Commandline		: StopService "MercatorNET SCV Batch Service"
donderdag 21 oktober 2021 21:01:40 - Commandline		: StopService "Mercator Organization Data"
donderdag 21 oktober 2021 21:01:40 - Commandline		: StopService "Mercator Document Generation"
donderdag 21 oktober 2021 21:01:41 - Commandline		: StopService "Mercator Document Delivery"
donderdag 21 oktober 2021 21:01:42 - Commandline		: StopService "Steria's Dispatcher Service"
donderdag 21 oktober 2021 21:01:42 - Commandline		: StopService "Mercator.Integration.EAI.3.9.Listener"
donderdag 21 oktober 2021 21:01:42 - Commandline		: StopComPlus "Mercator.Framework.ActiveDirectory"
donderdag 21 oktober 2021 21:01:43 - Commandline		: StopComPlus "Mercator.EAI.3.9.Components"
donderdag 21 oktober 2021 21:01:46 - Commandline		: StopComPlus "Mercator.Framework.Document.Management.Global360"
donderdag 21 oktober 2021 21:01:49 - Commandline		: RemoveDirectory "C:\WINDOWS\Microsoft.NET\Framework\v4.0.30319\Temporary ASP.NET Files\cds"
donderdag 21 oktober 2021 21:01:50 - Commandline		: RemoveDirectory "C:\WINDOWS\Microsoft.NET\Framework\v2.0.50727\Temporary ASP.NET Files\mercatornet.boservices"
donderdag 21 oktober 2021 21:01:50 - Commandline		: RemoveDirectory "C:\WINDOWS\Microsoft.NET\Framework\v2.0.50727\Temporary ASP.NET Files\mercator.eai.framework.webservices"
donderdag 21 oktober 2021 21:01:50 - Commandline		: RemoveDirectory "C:\WINDOWS\Microsoft.NET\Framework\v2.0.50727\Temporary ASP.NET Files\mercator.eai.tools.wsc"
donderdag 21 oktober 2021 21:01:50 - Commandline		: RemoveDirectory "C:\WINDOWS\Microsoft.NET\Framework\v2.0.50727\Temporary ASP.NET Files\Mercator.Portima.Monitoring"
donderdag 21 oktober 2021 21:01:50 - Commandline		: RemoveDirectory "C:\WINDOWS\Microsoft.NET\Framework\v2.0.50727\Temporary ASP.NET Files\Mercator.Portima"
donderdag 21 oktober 2021 21:01:50 - Commandline		: RemoveDirectory "C:\WINDOWS\Microsoft.NET\Framework\v2.0.50727\Temporary ASP.NET Files\WSDMS"
donderdag 21 oktober 2021 21:01:50 - Commandline		: RemoveDirectory "C:\WINDOWS\Microsoft.NET\Framework\v2.0.50727\Temporary ASP.NET Files\wsdmsdatarepository"
donderdag 21 oktober 2021 21:01:50 - Commandline		: EnableWSUSReboot ""
donderdag 21 oktober 2021 21:01:50 - ================================svw-be-weba02.balgroupit.com======================================
donderdag 21 oktober 2021 21:01:52 - ================================svw-be-weba03.balgroupit.com======================================
donderdag 21 oktober 2021 21:01:59 - Commandline		: StopWebsite "DmsDataRepository"
donderdag 21 oktober 2021 21:02:00 - Commandline		: StopWebsite "MNet"
donderdag 21 oktober 2021 21:02:00 - Commandline		: StopAppPool "DefaultAppPool"
donderdag 21 oktober 2021 21:02:00 - Commandline		: StopAppPool "WSDMS"
donderdag 21 oktober 2021 21:02:00 - Commandline		: StopAppPool "WSDmsDataRepository"
donderdag 21 oktober 2021 21:02:01 - Commandline		: StopAppPool "BaloiseBackend"
donderdag 21 oktober 2021 21:02:01 - Commandline		: StopAppPool "CDS"
donderdag 21 oktober 2021 21:02:01 - Commandline		: StopAppPool "MercatorNet.BoServices"
donderdag 21 oktober 2021 21:02:01 - Commandline		: StopAppPool "Mercator.Portima.Monitoring"
donderdag 21 oktober 2021 21:02:01 - Commandline		: StopAppPool "Mercator.Portima"
donderdag 21 oktober 2021 21:02:02 - Commandline		: StopAppPool "Mercator.Eai.Tools.Wsc"
donderdag 21 oktober 2021 21:02:02 - Commandline		: StopAppPool "Mercator.EAI.Framework.WebServices"
donderdag 21 oktober 2021 21:02:02 - Commandline		: StopService "World Wide Web Publishing Service"
donderdag 21 oktober 2021 21:02:02 - Commandline		: StopService "Baloise Backend"
donderdag 21 oktober 2021 21:02:03 - Commandline		: StopService "Baloise Central Data Store"
donderdag 21 oktober 2021 21:02:03 - Commandline		: StopService "Baloise SyncTaskToDMS"
donderdag 21 oktober 2021 21:02:03 - Commandline		: StopService "Mercator DMS Bulk Insert"
donderdag 21 oktober 2021 21:02:04 - Commandline		: StopService "Mercator DMS Import Portima Attachments"
donderdag 21 oktober 2021 21:02:04 - Commandline		: StopService "Mercator DMS MailImport Service"
donderdag 21 oktober 2021 21:02:05 - Commandline		: StopService "Mercator Xpim Document Store"
donderdag 21 oktober 2021 21:02:05 - Commandline		: StopService "Mercator Document Store"
donderdag 21 oktober 2021 21:02:05 - Commandline		: StopService "BaloiseDmsBatchService"
donderdag 21 oktober 2021 21:02:06 - Commandline		: StopService "Mercator Document Management System Service"
donderdag 21 oktober 2021 21:02:06 - Commandline		: StopService "Mercator Document Management System Async Service"
donderdag 21 oktober 2021 21:02:07 - Commandline		: StopService "Mercator Document Management System Batch Avero Service"
donderdag 21 oktober 2021 21:02:08 - Commandline		: StopService "Mercator DMS Pdf Conversion Call"
donderdag 21 oktober 2021 21:02:08 - Commandline		: StopService "MercatorNET SCV Batch Service"
donderdag 21 oktober 2021 21:02:08 - Commandline		: StopService "Mercator Organization Data"
donderdag 21 oktober 2021 21:02:09 - Commandline		: StopService "Mercator Document Generation"
donderdag 21 oktober 2021 21:02:09 - Commandline		: StopService "Mercator Document Delivery"
donderdag 21 oktober 2021 21:02:09 - Commandline		: StopService "Steria's Dispatcher Service"
donderdag 21 oktober 2021 21:02:10 - Commandline		: StopService "Mercator.Integration.EAI.3.9.Listener"
donderdag 21 oktober 2021 21:02:10 - Commandline		: StopComPlus "Mercator.Framework.ActiveDirectory"
donderdag 21 oktober 2021 21:02:11 - Commandline		: StopComPlus "Mercator.EAI.3.9.Components"
donderdag 21 oktober 2021 21:02:11 - Commandline		: StopComPlus "Mercator.Framework.Document.Management.Global360"
donderdag 21 oktober 2021 21:02:11 - Commandline		: RemoveDirectory "C:\WINDOWS\Microsoft.NET\Framework\v4.0.30319\Temporary ASP.NET Files\cds"
donderdag 21 oktober 2021 21:02:11 - Commandline		: RemoveDirectory "C:\WINDOWS\Microsoft.NET\Framework\v2.0.50727\Temporary ASP.NET Files\mercatornet.boservices"
donderdag 21 oktober 2021 21:02:11 - Commandline		: RemoveDirectory "C:\WINDOWS\Microsoft.NET\Framework\v2.0.50727\Temporary ASP.NET Files\mercator.eai.framework.webservices"
donderdag 21 oktober 2021 21:02:11 - Commandline		: RemoveDirectory "C:\WINDOWS\Microsoft.NET\Framework\v2.0.50727\Temporary ASP.NET Files\mercator.eai.tools.wsc"
donderdag 21 oktober 2021 21:02:11 - Commandline		: RemoveDirectory "C:\WINDOWS\Microsoft.NET\Framework\v2.0.50727\Temporary ASP.NET Files\Mercator.Portima.Monitoring"
donderdag 21 oktober 2021 21:02:11 - Commandline		: RemoveDirectory "C:\WINDOWS\Microsoft.NET\Framework\v2.0.50727\Temporary ASP.NET Files\Mercator.Portima"
donderdag 21 oktober 2021 21:02:11 - Commandline		: RemoveDirectory "C:\WINDOWS\Microsoft.NET\Framework\v2.0.50727\Temporary ASP.NET Files\WSDMS"
donderdag 21 oktober 2021 21:02:11 - Commandline		: RemoveDirectory "C:\WINDOWS\Microsoft.NET\Framework\v2.0.50727\Temporary ASP.NET Files\wsdmsdatarepository"
donderdag 21 oktober 2021 21:02:11 - Commandline		: EnableWSUSReboot ""
donderdag 21 oktober 2021 21:02:12 - ================================svw-be-weba03.balgroupit.com======================================
donderdag 21 oktober 2021 21:02:12 - ================================svw-be-webfa001.balgroupit.com======================================
donderdag 21 oktober 2021 21:02:24 - Commandline		: StopAppPool "DefaultAppPool"
donderdag 21 oktober 2021 21:02:24 - Commandline		: StopAppPool "ED"
donderdag 21 oktober 2021 21:02:24 - Commandline		: StopAppPool "EmployeeBenefits"
donderdag 21 oktober 2021 21:02:25 - Commandline		: StopAppPool "EtlLogViewer"
donderdag 21 oktober 2021 21:02:25 - Commandline		: StopAppPool "LevenAansluitingsverklaring"
donderdag 21 oktober 2021 21:02:25 - Commandline		: StopAppPool "LevenWijzigingsFormulier"
donderdag 21 oktober 2021 21:02:25 - Commandline		: StopAppPool "MercatorNet.RMMain"
donderdag 21 oktober 2021 21:02:26 - Commandline		: StopAppPool "MercatorNet.WSDeploy_3_0"
donderdag 21 oktober 2021 21:02:26 - Commandline		: StopAppPool "MercatorNet.WSMain"
donderdag 21 oktober 2021 21:02:26 - Commandline		: StopAppPool "MercatorNet.WSServices"
donderdag 21 oktober 2021 21:02:26 - Commandline		: StopAppPool "MercatorNet.WSTariff"
donderdag 21 oktober 2021 21:02:27 - Commandline		: StopAppPool "MercatorNetBroker.WSDeploy_3_0"
donderdag 21 oktober 2021 21:02:27 - Commandline		: StopAppPool "MercatorNetBroker.WSMain"
donderdag 21 oktober 2021 21:02:27 - Commandline		: StopAppPool "MercatorWebSite"
donderdag 21 oktober 2021 21:02:27 - Commandline		: StopAppPool "MyBaloiseBroker"
donderdag 21 oktober 2021 21:02:28 - Commandline		: StopAppPool "MWebBvb"
donderdag 21 oktober 2021 21:02:28 - Commandline		: StopAppPool "ScvWebService"
donderdag 21 oktober 2021 21:02:28 - Commandline		: StopWebsite "OnlineDocuments"
donderdag 21 oktober 2021 21:02:28 - Commandline		: StopWebsite "MNet"
donderdag 21 oktober 2021 21:02:28 - Commandline		: StopWebsite "MWebBvb"
donderdag 21 oktober 2021 21:02:28 - Commandline		: StopService "World Wide Web Publishing Service"
donderdag 21 oktober 2021 21:02:29 - Commandline		: StopComPlus "Mercator.Framework.ActiveDirectory"
donderdag 21 oktober 2021 21:02:29 - Commandline		: StopComPlus "Mercator.Framework.Document.Management.Global360"
donderdag 21 oktober 2021 21:02:29 - Commandline		: RemoveDirectory "C:\WINDOWS\Microsoft.NET\Framework\v2.0.50727\Temporary ASP.NET Files\levenaansluitingsverklaring"
donderdag 21 oktober 2021 21:02:29 - Commandline		: RemoveDirectory "C:\WINDOWS\Microsoft.NET\Framework\v2.0.50727\Temporary ASP.NET Files\levenwijzigingsformulier"
donderdag 21 oktober 2021 21:02:29 - Commandline		: RemoveDirectory "C:\WINDOWS\Microsoft.NET\Framework\v2.0.50727\Temporary ASP.NET Files\ed"
donderdag 21 oktober 2021 21:02:29 - Commandline		: RemoveDirectory "C:\WINDOWS\Microsoft.NET\Framework\v2.0.50727\Temporary ASP.NET Files\mercatornet.rmmain"
donderdag 21 oktober 2021 21:02:29 - Commandline		: RemoveDirectory "C:\WINDOWS\Microsoft.NET\Framework\v2.0.50727\Temporary ASP.NET Files\mercatornet.wsdeploy_3_0"
donderdag 21 oktober 2021 21:02:29 - Commandline		: RemoveDirectory "C:\WINDOWS\Microsoft.NET\Framework\v2.0.50727\Temporary ASP.NET Files\mercatornet.wsmain"
donderdag 21 oktober 2021 21:02:30 - Commandline		: RemoveDirectory "C:\WINDOWS\Microsoft.NET\Framework\v2.0.50727\Temporary ASP.NET Files\mercatornet.wsservices"
donderdag 21 oktober 2021 21:02:30 - Commandline		: RemoveDirectory "C:\WINDOWS\Microsoft.NET\Framework\v2.0.50727\Temporary ASP.NET Files\mercatornet.wstariff"
donderdag 21 oktober 2021 21:02:30 - Commandline		: RemoveDirectory "C:\WINDOWS\Microsoft.NET\Framework\v2.0.50727\Temporary ASP.NET Files\mercatornetbroker.wsdeploy_3_0"
donderdag 21 oktober 2021 21:02:30 - Commandline		: RemoveDirectory "C:\WINDOWS\Microsoft.NET\Framework\v2.0.50727\Temporary ASP.NET Files\mercatornetbroker.wsmain"
donderdag 21 oktober 2021 21:02:30 - Commandline		: RemoveDirectory "C:\WINDOWS\Microsoft.NET\Framework\v2.0.50727\Temporary ASP.NET Files\mercatornethelppages"
donderdag 21 oktober 2021 21:02:30 - Commandline		: RemoveDirectory "C:\WINDOWS\Microsoft.NET\Framework\v2.0.50727\Temporary ASP.NET Files\scvwebservice"
donderdag 21 oktober 2021 21:02:30 - Commandline		: EnableWSUSReboot ""
donderdag 21 oktober 2021 21:02:30 - ================================svw-be-webfa001.balgroupit.com======================================
donderdag 21 oktober 2021 21:02:31 - ================================svw-be-webfa002.balgroupit.com======================================
donderdag 21 oktober 2021 21:02:38 - Commandline		: StopAppPool "DefaultAppPool"
donderdag 21 oktober 2021 21:02:38 - Commandline		: StopAppPool "ED"
donderdag 21 oktober 2021 21:02:39 - Commandline		: StopAppPool "EmployeeBenefits"
donderdag 21 oktober 2021 21:02:39 - Commandline		: StopAppPool "EtlLogViewer"
donderdag 21 oktober 2021 21:02:39 - Commandline		: StopAppPool "LevenAansluitingsverklaring"
donderdag 21 oktober 2021 21:02:39 - Commandline		: StopAppPool "LevenWijzigingsFormulier"
donderdag 21 oktober 2021 21:02:40 - Commandline		: StopAppPool "MercatorNet.RMMain"
donderdag 21 oktober 2021 21:02:40 - Commandline		: StopAppPool "MercatorNet.WSDeploy_3_0"
donderdag 21 oktober 2021 21:02:40 - Commandline		: StopAppPool "MercatorNet.WSMain"
donderdag 21 oktober 2021 21:02:41 - Commandline		: StopAppPool "MercatorNet.WSServices"
donderdag 21 oktober 2021 21:02:41 - Commandline		: StopAppPool "MercatorNet.WSTariff"
donderdag 21 oktober 2021 21:02:41 - Commandline		: StopAppPool "MercatorNetBroker.WSDeploy_3_0"
donderdag 21 oktober 2021 21:02:42 - Commandline		: StopAppPool "MercatorNetBroker.WSMain"
donderdag 21 oktober 2021 21:02:42 - Commandline		: StopAppPool "MercatorWebSite"
donderdag 21 oktober 2021 21:02:42 - Commandline		: StopAppPool "MyBaloiseBroker"
donderdag 21 oktober 2021 21:02:42 - Commandline		: StopAppPool "MWebBvb"
donderdag 21 oktober 2021 21:02:43 - Commandline		: StopAppPool "ScvWebService"
donderdag 21 oktober 2021 21:02:43 - Commandline		: StopWebsite "OnlineDocuments"
donderdag 21 oktober 2021 21:02:43 - Commandline		: StopWebsite "MNet"
donderdag 21 oktober 2021 21:02:43 - Commandline		: StopWebsite "MWebBvb"
donderdag 21 oktober 2021 21:02:43 - Commandline		: StopService "World Wide Web Publishing Service"
donderdag 21 oktober 2021 21:02:44 - Commandline		: StopComPlus "Mercator.Framework.ActiveDirectory"
donderdag 21 oktober 2021 21:02:45 - Commandline		: StopComPlus "Mercator.Framework.Document.Management.Global360"
donderdag 21 oktober 2021 21:02:45 - Commandline		: RemoveDirectory "C:\WINDOWS\Microsoft.NET\Framework\v2.0.50727\Temporary ASP.NET Files\levenaansluitingsverklaring"
donderdag 21 oktober 2021 21:02:45 - Commandline		: RemoveDirectory "C:\WINDOWS\Microsoft.NET\Framework\v2.0.50727\Temporary ASP.NET Files\levenwijzigingsformulier"
donderdag 21 oktober 2021 21:02:45 - Commandline		: RemoveDirectory "C:\WINDOWS\Microsoft.NET\Framework\v2.0.50727\Temporary ASP.NET Files\ed"
donderdag 21 oktober 2021 21:02:45 - Commandline		: RemoveDirectory "C:\WINDOWS\Microsoft.NET\Framework\v2.0.50727\Temporary ASP.NET Files\mercatornet.rmmain"
donderdag 21 oktober 2021 21:02:45 - Commandline		: RemoveDirectory "C:\WINDOWS\Microsoft.NET\Framework\v2.0.50727\Temporary ASP.NET Files\mercatornet.wsdeploy_3_0"
donderdag 21 oktober 2021 21:02:45 - Commandline		: RemoveDirectory "C:\WINDOWS\Microsoft.NET\Framework\v2.0.50727\Temporary ASP.NET Files\mercatornet.wsmain"
donderdag 21 oktober 2021 21:02:45 - Commandline		: RemoveDirectory "C:\WINDOWS\Microsoft.NET\Framework\v2.0.50727\Temporary ASP.NET Files\mercatornet.wsservices"
donderdag 21 oktober 2021 21:02:45 - Commandline		: RemoveDirectory "C:\WINDOWS\Microsoft.NET\Framework\v2.0.50727\Temporary ASP.NET Files\mercatornet.wstariff"
donderdag 21 oktober 2021 21:02:45 - Commandline		: RemoveDirectory "C:\WINDOWS\Microsoft.NET\Framework\v2.0.50727\Temporary ASP.NET Files\mercatornetbroker.wsdeploy_3_0"
donderdag 21 oktober 2021 21:02:45 - Commandline		: RemoveDirectory "C:\WINDOWS\Microsoft.NET\Framework\v2.0.50727\Temporary ASP.NET Files\mercatornetbroker.wsmain"
donderdag 21 oktober 2021 21:02:45 - Commandline		: RemoveDirectory "C:\WINDOWS\Microsoft.NET\Framework\v2.0.50727\Temporary ASP.NET Files\mercatornethelppages"
donderdag 21 oktober 2021 21:02:45 - Commandline		: RemoveDirectory "C:\WINDOWS\Microsoft.NET\Framework\v2.0.50727\Temporary ASP.NET Files\scvwebservice"
donderdag 21 oktober 2021 21:02:45 - Commandline		: EnableWSUSReboot ""
donderdag 21 oktober 2021 21:02:45 - ================================svw-be-webfa002.balgroupit.com======================================
donderdag 21 oktober 2021 21:02:46 - ================================svw-be-biza001.balgroupit.com======================================
donderdag 21 oktober 2021 21:02:53 - Commandline		: StopService "Mercator Managed File Transfer"
donderdag 21 oktober 2021 21:02:54 - Commandline		: StopService "Mercator Esb Process Initializer"
donderdag 21 oktober 2021 21:02:55 - Commandline		: EnableWSUSReboot ""
donderdag 21 oktober 2021 21:02:55 - ================================svw-be-biza001.balgroupit.com======================================
donderdag 21 oktober 2021 21:02:55 - ================================svw-be-biza002.balgroupit.com======================================
donderdag 21 oktober 2021 21:03:02 - Commandline		: StopService "Mercator Managed File Transfer"
donderdag 21 oktober 2021 21:03:04 - Commandline		: StopService "Mercator Esb Process Initializer"
donderdag 21 oktober 2021 21:03:04 - Commandline		: EnableWSUSReboot ""
donderdag 21 oktober 2021 21:03:04 - ================================svw-be-biza002.balgroupit.com======================================
donderdag 21 oktober 2021 21:03:06 - ================================svw-be-dmsa001.balgroupit.com======================================
donderdag 21 oktober 2021 21:03:14 - Commandline		: EnableWSUSReboot ""
donderdag 21 oktober 2021 21:03:14 - ================================svw-be-dmsa001.balgroupit.com======================================
donderdag 21 oktober 2021 21:03:14 - ================================svw-be-dmsa002.balgroupit.com======================================
donderdag 21 oktober 2021 21:03:22 - Commandline		: EnableWSUSReboot ""
donderdag 21 oktober 2021 21:03:22 - ================================svw-be-dmsa002.balgroupit.com======================================
donderdag 21 oktober 2021 21:03:27 - ================================svw-be-dmsa03.balgroupit.com======================================
donderdag 21 oktober 2021 21:03:35 - Commandline		: StopService "Execute360 Archive Manager"
donderdag 21 oktober 2021 21:03:47 - Commandline		: EnableWSUSReboot ""
donderdag 21 oktober 2021 21:03:48 - ================================svw-be-dmsa03.balgroupit.com======================================
donderdag 21 oktober 2021 21:03:48 - ================================dms-ba01.balgroupit.com======================================
donderdag 21 oktober 2021 21:03:50 - Commandline		: EnableWSUSReboot ""
donderdag 21 oktober 2021 21:03:50 - ================================dms-ba01.balgroupit.com======================================
donderdag 21 oktober 2021 21:03:51 - ================================dms-ba01-file.balgroupit.com======================================
donderdag 21 oktober 2021 21:03:53 - Commandline		: EnableWSUSReboot ""
donderdag 21 oktober 2021 21:03:53 - ================================dms-ba01-file.balgroupit.com======================================
donderdag 21 oktober 2021 21:03:54 - ================================dms-ba01-g360.balgroupit.com======================================
donderdag 21 oktober 2021 21:03:55 - Commandline		: EnableWSUSReboot ""
donderdag 21 oktober 2021 21:03:55 - ================================dms-ba01-g360.balgroupit.com======================================
donderdag 21 oktober 2021 21:03:57 - ================================svw-be-porta01.balgroupit.com======================================
donderdag 21 oktober 2021 21:04:05 - Commandline		: stopAppPool "AL2AppPool64v2"
donderdag 21 oktober 2021 21:04:06 - Commandline		: stopAppPool "ALAppPool64v2"
donderdag 21 oktober 2021 21:04:06 - Commandline		: stopAppPool "Pool2"
donderdag 21 oktober 2021 21:04:06 - Commandline		: stopAppPool "Mercator.Portal.Portlets"
donderdag 21 oktober 2021 21:04:06 - Commandline		: stopAppPool "Mercator.Portal.WebService"
donderdag 21 oktober 2021 21:04:06 - Commandline		: stopAppPool "PortalASP"
donderdag 21 oktober 2021 21:04:06 - Commandline		: StopWebsite "WCI"
donderdag 21 oktober 2021 21:04:06 - Commandline		: StopWebsite "Default Web Site"
donderdag 21 oktober 2021 21:04:06 - Commandline		: StopWebsite "MercatorPortalWebService"
donderdag 21 oktober 2021 21:04:07 - Commandline		: StopService "Mercator.Portal.Scheduler"
donderdag 21 oktober 2021 21:04:07 - Commandline		: StopService "ptautomationserver"
donderdag 21 oktober 2021 21:04:07 - Commandline		: StopService "publishservice"
donderdag 21 oktober 2021 21:04:17 - Commandline		: StopService "rssreader"
donderdag 21 oktober 2021 21:04:23 - Commandline		: StopService "Oracle WCI Document Repository Service"
donderdag 21 oktober 2021 21:04:26 - Commandline		: StopService "svw-be-porta0101"
donderdag 21 oktober 2021 21:04:34 - Commandline		: StopService "SearchClusterUI"
donderdag 21 oktober 2021 21:04:37 - Commandline		: StopService "SearchService"
donderdag 21 oktober 2021 21:05:16 - Commandline		: StopService "wsserver"
donderdag 21 oktober 2021 21:05:18 - Commandline		: StopService "Oracle WCI Logger"
donderdag 21 oktober 2021 21:05:21 - Commandline		: StopService "ConfigurationManager12345"
donderdag 21 oktober 2021 21:05:22 - Commandline		: EnableWSUSReboot ""
donderdag 21 oktober 2021 21:05:22 - ================================svw-be-porta01.balgroupit.com======================================
donderdag 21 oktober 2021 21:05:22 - ================================svw-be-babsa001.balgroupit.com======================================
donderdag 21 oktober 2021 21:05:30 - Commandline		: EnableWSUSReboot ""
donderdag 21 oktober 2021 21:05:30 - ================================svw-be-babsa001.balgroupit.com======================================
donderdag 21 oktober 2021 21:05:30 - ================================svw-be-babsa002.balgroupit.com======================================
donderdag 21 oktober 2021 21:05:38 - Commandline		: EnableWSUSReboot ""
donderdag 21 oktober 2021 21:05:38 - ================================svw-be-babsa002.balgroupit.com======================================
donderdag 21 oktober 2021 21:05:38 - ================================svw-be-babba001.balgroupit.com======================================
donderdag 21 oktober 2021 21:05:39 - Commandline		: StopService "Baloise BaloiseBackendBatch"
donderdag 21 oktober 2021 21:05:40 - Commandline		: EnableWSUSReboot ""
donderdag 21 oktober 2021 21:05:40 - ================================svw-be-babba001.balgroupit.com======================================
donderdag 21 oktober 2021 21:05:41 - ================================svw-be-babba002.balgroupit.com======================================
donderdag 21 oktober 2021 21:05:41 - Commandline		: StopService "Baloise BaloiseBackendBatch"
donderdag 21 oktober 2021 21:05:42 - Commandline		: EnableWSUSReboot ""
donderdag 21 oktober 2021 21:05:42 - ================================svw-be-babba002.balgroupit.com======================================
donderdag 21 oktober 2021 21:05:43 - ================================svw-be-mfta001.balgroupit.com======================================
donderdag 21 oktober 2021 21:05:48 - Commandline		: StopService "Mercator Managed File Transfer"
donderdag 21 oktober 2021 21:05:49 - Commandline		: EnableWSUSReboot ""
donderdag 21 oktober 2021 21:05:49 - ================================svw-be-mfta001.balgroupit.com======================================
donderdag 21 oktober 2021 21:05:49 - ================================SVW-BE-JNKBP001.balgroupit.com======================================
donderdag 21 oktober 2021 21:05:49 -  SVW-BE-JNKBP001.balgroupit.com remote session could not be created.
donderdag 21 oktober 2021 21:05:49 - ================================SVW-BE-JNKBP001.balgroupit.com======================================
