vrijdag 19 maart 2021 4:30:56 - READING XML File :  \\balgroupit.com\appl_data\BBE\Transfer\Packages\Scripts\WSUS\Acorp\Acorp_Start_All.xml
vrijdag 19 maart 2021 4:30:57 - 
vrijdag 19 maart 2021 4:30:57 - ================================svw-be-webfa001.balgroupit.com======================================
vrijdag 19 maart 2021 4:30:57 - Commandline		: DisableWSUSReboot ""
vrijdag 19 maart 2021 4:30:57 - Commandline		: StartService "World Wide Web Publishing Service"
vrijdag 19 maart 2021 4:30:57 - Commandline		: StartWebsite "OnlineDocuments"
vrijdag 19 maart 2021 4:30:57 - Commandline		: StartWebsite "MNet"
vrijdag 19 maart 2021 4:30:58 - Commandline		: StartWebsite "MWebBvb"
vrijdag 19 maart 2021 4:30:58 - Commandline		: StartAppPool "DefaultAppPool"
vrijdag 19 maart 2021 4:30:58 - Commandline		: StartAppPool "ED"
vrijdag 19 maart 2021 4:30:58 - Commandline		: StartAppPool "EmployeeBenefits"
vrijdag 19 maart 2021 4:30:58 - Commandline		: StartAppPool "EtlLogViewer"
vrijdag 19 maart 2021 4:30:58 - Commandline		: StartAppPool "LevenAansluitingsverklaring"
vrijdag 19 maart 2021 4:30:58 - Commandline		: StartAppPool "LevenWijzigingsFormulier"
vrijdag 19 maart 2021 4:30:58 - Commandline		: StartAppPool "MercatorNet.RMMain"
vrijdag 19 maart 2021 4:30:58 - Commandline		: StartAppPool "MercatorNet.WSDeploy_3_0"
vrijdag 19 maart 2021 4:30:58 - Commandline		: StartAppPool "MercatorNet.WSMain"
vrijdag 19 maart 2021 4:30:58 - Commandline		: StartAppPool "MercatorNet.WSServices"
vrijdag 19 maart 2021 4:30:58 - Commandline		: StartAppPool "MercatorNet.WSTariff"
vrijdag 19 maart 2021 4:30:59 - Commandline		: StartAppPool "MercatorNetBroker.WSDeploy_3_0"
vrijdag 19 maart 2021 4:30:59 - Commandline		: StartAppPool "MercatorNetBroker.WSMain"
vrijdag 19 maart 2021 4:30:59 - Commandline		: StartAppPool "MercatorWebSite"
vrijdag 19 maart 2021 4:30:59 - Commandline		: StartAppPool "MWebBvb"
vrijdag 19 maart 2021 4:30:59 - Commandline		: StartAppPool "ScvWebService"
vrijdag 19 maart 2021 4:30:59 - ================================svw-be-webfa001.balgroupit.com======================================
vrijdag 19 maart 2021 4:30:59 - ================================svw-be-webfa002.balgroupit.com======================================
vrijdag 19 maart 2021 4:30:59 - Commandline		: DisableWSUSReboot ""
vrijdag 19 maart 2021 4:31:00 - Commandline		: StartService "World Wide Web Publishing Service"
vrijdag 19 maart 2021 4:31:00 - Commandline		: StartWebsite "OnlineDocuments"
vrijdag 19 maart 2021 4:31:00 - Commandline		: StartWebsite "MNet"
vrijdag 19 maart 2021 4:31:00 - Commandline		: StartWebsite "MWebBvb"
vrijdag 19 maart 2021 4:31:00 - Commandline		: StartAppPool "DefaultAppPool"
vrijdag 19 maart 2021 4:31:00 - Commandline		: StartAppPool "ED"
vrijdag 19 maart 2021 4:31:00 - Commandline		: StartAppPool "EmployeeBenefits"
vrijdag 19 maart 2021 4:31:00 - Commandline		: StartAppPool "EtlLogViewer"
vrijdag 19 maart 2021 4:31:00 - Commandline		: StartAppPool "LevenAansluitingsverklaring"
vrijdag 19 maart 2021 4:31:00 - Commandline		: StartAppPool "LevenWijzigingsFormulier"
vrijdag 19 maart 2021 4:31:00 - Commandline		: StartAppPool "MercatorNet.RMMain"
vrijdag 19 maart 2021 4:31:01 - Commandline		: StartAppPool "MercatorNet.WSDeploy_3_0"
vrijdag 19 maart 2021 4:31:01 - Commandline		: StartAppPool "MercatorNet.WSMain"
vrijdag 19 maart 2021 4:31:01 - Commandline		: StartAppPool "MercatorNet.WSServices"
vrijdag 19 maart 2021 4:31:01 - Commandline		: StartAppPool "MercatorNet.WSTariff"
vrijdag 19 maart 2021 4:31:01 - Commandline		: StartAppPool "MercatorNetBroker.WSDeploy_3_0"
vrijdag 19 maart 2021 4:31:01 - Commandline		: StartAppPool "MercatorNetBroker.WSMain"
vrijdag 19 maart 2021 4:31:01 - Commandline		: StartAppPool "MercatorWebSite"
vrijdag 19 maart 2021 4:31:01 - Commandline		: StartAppPool "MWebBvb"
vrijdag 19 maart 2021 4:31:01 - Commandline		: StartAppPool "ScvWebService"
vrijdag 19 maart 2021 4:31:01 - ================================svw-be-webfa002.balgroupit.com======================================
vrijdag 19 maart 2021 4:31:03 - ================================svw-be-weba02.balgroupit.com======================================
vrijdag 19 maart 2021 4:31:05 - Commandline		: DisableWSUSReboot ""
vrijdag 19 maart 2021 4:31:05 - Commandline		: StartService "World Wide Web Publishing Service"
vrijdag 19 maart 2021 4:31:05 - Commandline		: StartAppPool "DefaultAppPool"
vrijdag 19 maart 2021 4:31:05 - Commandline		: StartAppPool "MNet"
vrijdag 19 maart 2021 4:31:06 - Commandline		: StartAppPool "BaloiseBackend"
vrijdag 19 maart 2021 4:31:06 - Commandline		: StartAppPool "CDS"
vrijdag 19 maart 2021 4:31:06 - Commandline		: StartAppPool "Mercator.EAI.Framework.WebServices"
vrijdag 19 maart 2021 4:31:06 - Commandline		: StartAppPool "Mercator.Eai.Tools.Wsc"
vrijdag 19 maart 2021 4:31:06 - Commandline		: StartAppPool "Mercator.Portima"
vrijdag 19 maart 2021 4:31:06 - Commandline		: StartAppPool "Mercator.Portima.Monitoring"
vrijdag 19 maart 2021 4:31:06 - Commandline		: StartAppPool "MercatorNet.BoServices"
vrijdag 19 maart 2021 4:31:06 - Commandline		: StartAppPool "WSDms"
vrijdag 19 maart 2021 4:31:06 - Commandline		: StartAppPool "WSDmsDataRepository"
vrijdag 19 maart 2021 4:31:06 - Commandline		: StartWebsite "DmsDataRepository"
vrijdag 19 maart 2021 4:31:06 - Commandline		: StartWebsite "MNet"
vrijdag 19 maart 2021 4:31:06 - Commandline		: StartService "Steria's Dispatcher Service"
vrijdag 19 maart 2021 4:31:07 - Commandline		: StartService "Mercator Document Delivery"
vrijdag 19 maart 2021 4:31:07 - Commandline		: StartService "Mercator Document Generation"
vrijdag 19 maart 2021 4:31:07 - Commandline		: StartService "Mercator Organization Data"
vrijdag 19 maart 2021 4:31:07 - Commandline		: StartService "Mercator DMS Pdf Conversion Call"
vrijdag 19 maart 2021 4:31:07 - Commandline		: StartService "Mercator Document Management System Service"
vrijdag 19 maart 2021 4:31:07 - Commandline		: StartService "Mercator Document Management System Async Service"
vrijdag 19 maart 2021 4:31:07 - Commandline		: StartService "Mercator Document Management System Batch Avero Service"
vrijdag 19 maart 2021 4:31:07 - Commandline		: StartService "BaloiseDmsBatchService"
vrijdag 19 maart 2021 4:31:07 - Commandline		: StartService "Mercator Document Store"
vrijdag 19 maart 2021 4:31:07 - Commandline		: StartService "Mercator Xpim Document Store"
vrijdag 19 maart 2021 4:31:07 - Commandline		: StartService "Mercator DMS MailImport Service"
vrijdag 19 maart 2021 4:31:07 - Commandline		: StartService "Mercator DMS Import Portima Attachments"
vrijdag 19 maart 2021 4:31:07 - Commandline		: StartService "Mercator DMS Bulk Insert"
vrijdag 19 maart 2021 4:31:08 - Commandline		: StartService "Baloise Central Data Store"
vrijdag 19 maart 2021 4:31:08 - Commandline		: StartService "Baloise SyncTaskToDMS"
vrijdag 19 maart 2021 4:31:08 - Commandline		: StartService "Baloise Backend"
vrijdag 19 maart 2021 4:31:08 - Commandline		: StartService "MercatorNET SCV Batch Service"
vrijdag 19 maart 2021 4:31:08 - Commandline		: StartService "Mercator.Integration.EAI.3.9.Listener"
vrijdag 19 maart 2021 4:31:08 - Commandline		: StartComPlus "Mercator.Framework.ActiveDirectory"
vrijdag 19 maart 2021 4:31:08 - ================================svw-be-weba02.balgroupit.com======================================
vrijdag 19 maart 2021 4:31:09 - ================================svw-be-weba03.balgroupit.com======================================
vrijdag 19 maart 2021 4:31:09 - Commandline		: DisableWSUSReboot ""
vrijdag 19 maart 2021 4:31:09 - Commandline		: StartService "World Wide Web Publishing Service"
vrijdag 19 maart 2021 4:31:09 - Commandline		: StartAppPool "DefaultAppPool"
vrijdag 19 maart 2021 4:31:10 - Commandline		: StartAppPool "MNet"
vrijdag 19 maart 2021 4:31:10 - Commandline		: StartAppPool "BaloiseBackend"
vrijdag 19 maart 2021 4:31:10 - Commandline		: StartAppPool "CDS"
vrijdag 19 maart 2021 4:31:10 - Commandline		: StartAppPool "Mercator.EAI.Framework.WebServices"
vrijdag 19 maart 2021 4:31:10 - Commandline		: StartAppPool "Mercator.Eai.Tools.Wsc"
vrijdag 19 maart 2021 4:31:10 - Commandline		: StartAppPool "Mercator.Portima"
vrijdag 19 maart 2021 4:31:10 - Commandline		: StartAppPool "Mercator.Portima.Monitoring"
vrijdag 19 maart 2021 4:31:10 - Commandline		: StartAppPool "MercatorNet.BoServices"
vrijdag 19 maart 2021 4:31:10 - Commandline		: StartAppPool "WSDms"
vrijdag 19 maart 2021 4:31:10 - Commandline		: StartAppPool "WSDmsDataRepository"
vrijdag 19 maart 2021 4:31:10 - Commandline		: StartWebsite "DmsDataRepository"
vrijdag 19 maart 2021 4:31:11 - Commandline		: StartWebsite "MNet"
vrijdag 19 maart 2021 4:31:11 - Commandline		: StartService "Steria's Dispatcher Service"
vrijdag 19 maart 2021 4:31:11 - Commandline		: StartService "Mercator Document Delivery"
vrijdag 19 maart 2021 4:31:11 - Commandline		: StartService "Mercator Document Generation"
vrijdag 19 maart 2021 4:31:11 - Commandline		: StartService "Mercator Organization Data"
vrijdag 19 maart 2021 4:31:11 - Commandline		: StartService "Mercator DMS Pdf Conversion Call"
vrijdag 19 maart 2021 4:31:11 - Commandline		: StartService "Mercator Document Management System Service"
vrijdag 19 maart 2021 4:31:11 - Commandline		: StartService "Mercator Document Management System Async Service"
vrijdag 19 maart 2021 4:31:11 - Commandline		: StartService "Mercator Document Management System Batch Avero Service"
vrijdag 19 maart 2021 4:31:11 - Commandline		: StartService "BaloiseDmsBatchService"
vrijdag 19 maart 2021 4:31:11 - Commandline		: StartService "Mercator Document Store"
vrijdag 19 maart 2021 4:31:11 - Commandline		: StartService "Mercator Xpim Document Store"
vrijdag 19 maart 2021 4:31:11 - Commandline		: StartService "Mercator DMS MailImport Service"
vrijdag 19 maart 2021 4:31:11 - Commandline		: StartService "Mercator DMS Import Portima Attachments"
vrijdag 19 maart 2021 4:31:11 - Commandline		: StartService "Mercator DMS Bulk Insert"
vrijdag 19 maart 2021 4:31:11 - Commandline		: StartService "Baloise Central Data Store"
vrijdag 19 maart 2021 4:31:12 - Commandline		: StartService "Baloise SyncTaskToDMS"
vrijdag 19 maart 2021 4:31:12 - Commandline		: StartService "Baloise Backend"
vrijdag 19 maart 2021 4:31:12 - Commandline		: StartService "MercatorNET SCV Batch Service"
vrijdag 19 maart 2021 4:31:12 - Commandline		: StartService "Mercator.Integration.EAI.3.9.Listener"
vrijdag 19 maart 2021 4:31:12 - ================================svw-be-weba03.balgroupit.com======================================
vrijdag 19 maart 2021 4:31:12 - ================================svw-be-biza001.balgroupit.com======================================
vrijdag 19 maart 2021 4:31:13 - Commandline		: DisableWSUSReboot ""
vrijdag 19 maart 2021 4:31:13 - Commandline		: StartService "Mercator Managed File Transfer"
vrijdag 19 maart 2021 4:31:13 - Commandline		: StartService "Mercator Esb Process Initializer"
vrijdag 19 maart 2021 4:31:13 - ================================svw-be-biza001.balgroupit.com======================================
vrijdag 19 maart 2021 4:31:13 - ================================svw-be-biza002.balgroupit.com======================================
vrijdag 19 maart 2021 4:31:14 - Commandline		: DisableWSUSReboot ""
vrijdag 19 maart 2021 4:31:14 - Commandline		: StartService "Mercator Managed File Transfer"
vrijdag 19 maart 2021 4:31:14 - Commandline		: StartService "Mercator Esb Process Initializer"
vrijdag 19 maart 2021 4:31:14 - ================================svw-be-biza002.balgroupit.com======================================
vrijdag 19 maart 2021 4:31:14 - ================================svw-be-eaia01.balgroupit.com======================================
vrijdag 19 maart 2021 4:31:15 - Commandline		: DisableWSUSReboot ""
vrijdag 19 maart 2021 4:31:15 - Commandline		: StartService "mercator.eai.docservice"
vrijdag 19 maart 2021 4:31:15 - Commandline		: StartProcess "dllhost.exe"
vrijdag 19 maart 2021 4:31:15 - Commandline		: StartProcess "winword.exe"
vrijdag 19 maart 2021 4:31:15 - ================================svw-be-eaia01.balgroupit.com======================================
vrijdag 19 maart 2021 4:31:16 - ================================svw-be-eaia04.balgroupit.com======================================
vrijdag 19 maart 2021 4:31:16 - Commandline		: DisableWSUSReboot ""
vrijdag 19 maart 2021 4:31:16 - Commandline		: StartService "mercator.eai.docservice"
vrijdag 19 maart 2021 4:31:16 - ================================svw-be-eaia04.balgroupit.com======================================
vrijdag 19 maart 2021 4:31:17 - ================================svw-be-dmsa001.balgroupit.com======================================
vrijdag 19 maart 2021 4:31:17 - Commandline		: DisableWsusReboot ""
vrijdag 19 maart 2021 4:31:17 - ================================svw-be-dmsa001.balgroupit.com======================================
vrijdag 19 maart 2021 4:31:18 - ================================svw-be-dmsa002.balgroupit.com======================================
vrijdag 19 maart 2021 4:31:18 - Commandline		: DisableWsusReboot ""
vrijdag 19 maart 2021 4:31:18 - ================================svw-be-dmsa002.balgroupit.com======================================
vrijdag 19 maart 2021 4:31:19 - ================================svw-be-dmsa03.balgroupit.com======================================
vrijdag 19 maart 2021 4:31:19 - Commandline		: DisableWsusReboot ""
vrijdag 19 maart 2021 4:31:19 - Commandline		: StartService "Execute360 Archive Manager"
vrijdag 19 maart 2021 4:31:20 - ================================svw-be-dmsa03.balgroupit.com======================================
vrijdag 19 maart 2021 4:31:20 - ================================dms-ba01.balgroupit.com======================================
vrijdag 19 maart 2021 4:31:20 - Commandline		: DisableWsusReboot ""
vrijdag 19 maart 2021 4:31:20 - ================================dms-ba01.balgroupit.com======================================
vrijdag 19 maart 2021 4:31:21 - ================================dms-ba01-file.balgroupit.com======================================
vrijdag 19 maart 2021 4:31:21 - Commandline		: DisableWsusReboot ""
vrijdag 19 maart 2021 4:31:21 - ================================dms-ba01-file.balgroupit.com======================================
vrijdag 19 maart 2021 4:31:22 - ================================dms-ba01-g360.balgroupit.com======================================
vrijdag 19 maart 2021 4:31:22 - Commandline		: DisableWsusReboot ""
vrijdag 19 maart 2021 4:31:22 - ================================dms-ba01-g360.balgroupit.com======================================
vrijdag 19 maart 2021 4:31:25 - ================================shw-be-atrace51.balgroupit.com======================================
vrijdag 19 maart 2021 4:31:26 - Commandline		: DisableWsusReboot ""
vrijdag 19 maart 2021 4:31:26 - ================================shw-be-atrace51.balgroupit.com======================================
vrijdag 19 maart 2021 4:31:26 - ================================svw-be-porta01.balgroupit.com======================================
vrijdag 19 maart 2021 4:31:27 - Commandline		: DisableWSUSReboot ""
vrijdag 19 maart 2021 4:31:27 - Commandline		: StartService "Oracle WCI Logger"
vrijdag 19 maart 2021 4:31:27 - Commandline		: StartService "wsserver"
vrijdag 19 maart 2021 4:31:27 - Commandline		: StartService "SearchService"
vrijdag 19 maart 2021 4:31:27 - Commandline		: StartService "svw-be-porta0101"
vrijdag 19 maart 2021 4:31:27 - Commandline		: StartService "SearchClusterUI"
vrijdag 19 maart 2021 4:31:27 - Commandline		: StartService "Oracle WCI Document Repository Service"
vrijdag 19 maart 2021 4:31:27 - Commandline		: StartService "rssreader"
vrijdag 19 maart 2021 4:31:27 - Commandline		: StartService "publishservice"
vrijdag 19 maart 2021 4:31:27 - Commandline		: StartService "ptautomationserver"
vrijdag 19 maart 2021 4:31:32 - Commandline		: StartService "Mercator.Portal.Scheduler"
vrijdag 19 maart 2021 4:31:34 - Commandline		: startWebsite "MercatorPortalWebService"
vrijdag 19 maart 2021 4:31:35 - Commandline		: startWebsite "Default Web Site"
vrijdag 19 maart 2021 4:31:35 - Commandline		: startWebsite "WCI"
vrijdag 19 maart 2021 4:31:35 - Commandline		: startAppPool "Pool2"
vrijdag 19 maart 2021 4:31:35 - Commandline		: startAppPool "Mercator.Portal.Portlets"
vrijdag 19 maart 2021 4:31:35 - Commandline		: startAppPool "Mercator.Portal.WebService"
vrijdag 19 maart 2021 4:31:35 - Commandline		: startAppPool "PortalASP"
vrijdag 19 maart 2021 4:31:35 - Commandline		: startAppPool "AL2AppPool64v2"
vrijdag 19 maart 2021 4:31:35 - Commandline		: startAppPool "ALAppPool64v2"
vrijdag 19 maart 2021 4:31:35 - ================================svw-be-porta01.balgroupit.com======================================
vrijdag 19 maart 2021 4:31:35 - ================================svw-be-babsa001.balgroupit.com======================================
vrijdag 19 maart 2021 4:31:36 - Commandline		: DisableWSUSReboot ""
vrijdag 19 maart 2021 4:31:36 - ================================svw-be-babsa001.balgroupit.com======================================
vrijdag 19 maart 2021 4:31:36 - ================================svw-be-babsa002.balgroupit.com======================================
vrijdag 19 maart 2021 4:31:37 - Commandline		: DisableWSUSReboot ""
vrijdag 19 maart 2021 4:31:37 - ================================svw-be-babsa002.balgroupit.com======================================
vrijdag 19 maart 2021 4:31:37 - ================================svw-be-babba001.balgroupit.com======================================
vrijdag 19 maart 2021 4:31:38 - Commandline		: DisableWSUSReboot ""
vrijdag 19 maart 2021 4:31:38 - Commandline		: StartService "Baloise BaloiseBackendBatch"
vrijdag 19 maart 2021 4:31:38 - ================================svw-be-babba001.balgroupit.com======================================
vrijdag 19 maart 2021 4:31:38 - ================================svw-be-babba002.balgroupit.com======================================
vrijdag 19 maart 2021 4:31:39 - Commandline		: DisableWSUSReboot ""
vrijdag 19 maart 2021 4:31:39 - Commandline		: StartService "Baloise BaloiseBackendBatch"
vrijdag 19 maart 2021 4:31:39 - ================================svw-be-babba002.balgroupit.com======================================
vrijdag 19 maart 2021 4:31:40 - ================================svw-be-mfta001.balgroupit.com======================================
vrijdag 19 maart 2021 4:31:42 - Commandline		: DisableWSUSReboot ""
vrijdag 19 maart 2021 4:31:42 - Commandline		: StartService "Mercator Managed File Transfer"
vrijdag 19 maart 2021 4:31:42 - ================================svw-be-mfta001.balgroupit.com======================================
