donderdag 23 september 2021 21:00:44 - READING XML File :  \\balgroupit.com\appl_data\BBE\Transfer\Packages\Scripts\WSUS\Acorp\Acorp_Stop_All.xml
donderdag 23 september 2021 21:00:44 - 
donderdag 23 september 2021 21:00:50 - ================================shw-be-atrace51.balgroupit.com======================================
donderdag 23 september 2021 21:00:52 - Commandline		: EnableWSUSReboot ""
donderdag 23 september 2021 21:00:52 - ================================shw-be-atrace51.balgroupit.com======================================
donderdag 23 september 2021 21:00:54 - ================================svw-be-eaia01.balgroupit.com======================================
donderdag 23 september 2021 21:00:55 - Commandline		: StopService "mercator.eai.docservice"
donderdag 23 september 2021 21:00:56 - Commandline		: StopProcess "dllhost.exe"
donderdag 23 september 2021 21:00:56 - Commandline		: StopProcess "winword.exe"
donderdag 23 september 2021 21:00:56 - Commandline		: EnableWSUSReboot ""
donderdag 23 september 2021 21:00:56 - ================================svw-be-eaia01.balgroupit.com======================================
donderdag 23 september 2021 21:00:58 - ================================svw-be-eaia04.balgroupit.com======================================
donderdag 23 september 2021 21:01:00 - Commandline		: StopService "mercator.eai.docservice"
donderdag 23 september 2021 21:01:00 - Commandline		: StopProcess "dllhost.exe"
donderdag 23 september 2021 21:01:00 - Commandline		: StopProcess "winword.exe"
donderdag 23 september 2021 21:01:00 - Commandline		: EnableWSUSReboot ""
donderdag 23 september 2021 21:01:00 - ================================svw-be-eaia04.balgroupit.com======================================
donderdag 23 september 2021 21:01:03 - ================================svw-be-weba02.balgroupit.com======================================
donderdag 23 september 2021 21:01:11 - Commandline		: StopWebsite "DmsDataRepository"
donderdag 23 september 2021 21:01:11 - Commandline		: StopWebsite "MNet"
donderdag 23 september 2021 21:01:12 - Commandline		: StartAppPool "MNet"
donderdag 23 september 2021 21:01:12 - Commandline		: StopAppPool "DefaultAppPool"
donderdag 23 september 2021 21:01:12 - Commandline		: StopAppPool "WSDMS"
donderdag 23 september 2021 21:01:13 - Commandline		: StopAppPool "WSDmsDataRepository"
donderdag 23 september 2021 21:01:13 - Commandline		: StopAppPool "BaloiseBackend"
donderdag 23 september 2021 21:01:13 - Commandline		: StopAppPool "CDS"
donderdag 23 september 2021 21:01:13 - Commandline		: StopAppPool "MercatorNet.BoServices"
donderdag 23 september 2021 21:01:14 - Commandline		: StopAppPool "Mercator.Portima.Monitoring"
donderdag 23 september 2021 21:01:14 - Commandline		: StopAppPool "Mercator.Portima"
donderdag 23 september 2021 21:01:14 - Commandline		: StopAppPool "Mercator.Eai.Tools.Wsc"
donderdag 23 september 2021 21:01:14 - Commandline		: StopAppPool "Mercator.EAI.Framework.WebServices"
donderdag 23 september 2021 21:01:15 - Commandline		: StopService "World Wide Web Publishing Service"
donderdag 23 september 2021 21:01:15 - Commandline		: StopService "Baloise Backend"
donderdag 23 september 2021 21:01:15 - Commandline		: StopService "Baloise Central Data Store"
donderdag 23 september 2021 21:01:16 - Commandline		: StopService "Baloise SyncTaskToDMS"
donderdag 23 september 2021 21:01:16 - Commandline		: StopService "Mercator DMS Bulk Insert"
donderdag 23 september 2021 21:01:17 - Commandline		: StopService "Mercator DMS Import Portima Attachments"
donderdag 23 september 2021 21:01:17 - Commandline		: StopService "Mercator DMS MailImport Service"
donderdag 23 september 2021 21:01:17 - Commandline		: StopService "Mercator Xpim Document Store"
donderdag 23 september 2021 21:01:18 - Commandline		: StopService "Mercator Document Store"
donderdag 23 september 2021 21:01:18 - Commandline		: StopService "BaloiseDmsBatchService"
donderdag 23 september 2021 21:01:18 - Commandline		: StopService "Mercator Document Management System Service"
donderdag 23 september 2021 21:01:19 - Commandline		: StopService "Mercator Document Management System Async Service"
donderdag 23 september 2021 21:01:19 - Commandline		: StopService "Mercator Document Management System Batch Avero Service"
donderdag 23 september 2021 21:01:19 - Commandline		: StopService "Mercator DMS Pdf Conversion Call"
donderdag 23 september 2021 21:01:20 - Commandline		: StopService "MercatorNET SCV Batch Service"
donderdag 23 september 2021 21:01:20 - Commandline		: StopService "Mercator Organization Data"
donderdag 23 september 2021 21:01:21 - Commandline		: StopService "Mercator Document Generation"
donderdag 23 september 2021 21:01:21 - Commandline		: StopService "Mercator Document Delivery"
donderdag 23 september 2021 21:01:22 - Commandline		: StopService "Steria's Dispatcher Service"
donderdag 23 september 2021 21:01:22 - Commandline		: StopService "Mercator.Integration.EAI.3.9.Listener"
donderdag 23 september 2021 21:01:23 - Commandline		: StopComPlus "Mercator.Framework.ActiveDirectory"
donderdag 23 september 2021 21:01:23 - Commandline		: StopComPlus "Mercator.EAI.3.9.Components"
donderdag 23 september 2021 21:01:23 - Commandline		: StopComPlus "Mercator.Framework.Document.Management.Global360"
donderdag 23 september 2021 21:01:23 - Commandline		: RemoveDirectory "C:\WINDOWS\Microsoft.NET\Framework\v4.0.30319\Temporary ASP.NET Files\cds"
donderdag 23 september 2021 21:01:23 - Commandline		: RemoveDirectory "C:\WINDOWS\Microsoft.NET\Framework\v2.0.50727\Temporary ASP.NET Files\mercatornet.boservices"
donderdag 23 september 2021 21:01:24 - Commandline		: RemoveDirectory "C:\WINDOWS\Microsoft.NET\Framework\v2.0.50727\Temporary ASP.NET Files\mercator.eai.framework.webservices"
donderdag 23 september 2021 21:01:24 - Commandline		: RemoveDirectory "C:\WINDOWS\Microsoft.NET\Framework\v2.0.50727\Temporary ASP.NET Files\mercator.eai.tools.wsc"
donderdag 23 september 2021 21:01:24 - Commandline		: RemoveDirectory "C:\WINDOWS\Microsoft.NET\Framework\v2.0.50727\Temporary ASP.NET Files\Mercator.Portima.Monitoring"
donderdag 23 september 2021 21:01:24 - Commandline		: RemoveDirectory "C:\WINDOWS\Microsoft.NET\Framework\v2.0.50727\Temporary ASP.NET Files\Mercator.Portima"
donderdag 23 september 2021 21:01:24 - Commandline		: RemoveDirectory "C:\WINDOWS\Microsoft.NET\Framework\v2.0.50727\Temporary ASP.NET Files\WSDMS"
donderdag 23 september 2021 21:01:24 - Commandline		: RemoveDirectory "C:\WINDOWS\Microsoft.NET\Framework\v2.0.50727\Temporary ASP.NET Files\wsdmsdatarepository"
donderdag 23 september 2021 21:01:24 - Commandline		: EnableWSUSReboot ""
donderdag 23 september 2021 21:01:24 - ================================svw-be-weba02.balgroupit.com======================================
donderdag 23 september 2021 21:01:24 - ================================svw-be-weba03.balgroupit.com======================================
donderdag 23 september 2021 21:01:32 - Commandline		: StopWebsite "DmsDataRepository"
donderdag 23 september 2021 21:01:32 - Commandline		: StopWebsite "MNet"
donderdag 23 september 2021 21:01:32 - Commandline		: StopAppPool "DefaultAppPool"
donderdag 23 september 2021 21:01:33 - Commandline		: StopAppPool "WSDMS"
donderdag 23 september 2021 21:01:33 - Commandline		: StopAppPool "WSDmsDataRepository"
donderdag 23 september 2021 21:01:33 - Commandline		: StopAppPool "BaloiseBackend"
donderdag 23 september 2021 21:01:33 - Commandline		: StopAppPool "CDS"
donderdag 23 september 2021 21:01:33 - Commandline		: StopAppPool "MercatorNet.BoServices"
donderdag 23 september 2021 21:01:34 - Commandline		: StopAppPool "Mercator.Portima.Monitoring"
donderdag 23 september 2021 21:01:34 - Commandline		: StopAppPool "Mercator.Portima"
donderdag 23 september 2021 21:01:34 - Commandline		: StopAppPool "Mercator.Eai.Tools.Wsc"
donderdag 23 september 2021 21:01:34 - Commandline		: StopAppPool "Mercator.EAI.Framework.WebServices"
donderdag 23 september 2021 21:01:35 - Commandline		: StopService "World Wide Web Publishing Service"
donderdag 23 september 2021 21:01:35 - Commandline		: StopService "Baloise Backend"
donderdag 23 september 2021 21:01:35 - Commandline		: StopService "Baloise Central Data Store"
donderdag 23 september 2021 21:01:36 - Commandline		: StopService "Baloise SyncTaskToDMS"
donderdag 23 september 2021 21:01:36 - Commandline		: StopService "Mercator DMS Bulk Insert"
donderdag 23 september 2021 21:01:37 - Commandline		: StopService "Mercator DMS Import Portima Attachments"
donderdag 23 september 2021 21:01:37 - Commandline		: StopService "Mercator DMS MailImport Service"
donderdag 23 september 2021 21:01:38 - Commandline		: StopService "Mercator Xpim Document Store"
donderdag 23 september 2021 21:01:38 - Commandline		: StopService "Mercator Document Store"
donderdag 23 september 2021 21:01:38 - Commandline		: StopService "BaloiseDmsBatchService"
donderdag 23 september 2021 21:01:38 - Commandline		: StopService "Mercator Document Management System Service"
donderdag 23 september 2021 21:01:39 - Commandline		: StopService "Mercator Document Management System Async Service"
donderdag 23 september 2021 21:01:40 - Commandline		: StopService "Mercator Document Management System Batch Avero Service"
donderdag 23 september 2021 21:01:40 - Commandline		: StopService "Mercator DMS Pdf Conversion Call"
donderdag 23 september 2021 21:01:41 - Commandline		: StopService "MercatorNET SCV Batch Service"
donderdag 23 september 2021 21:01:41 - Commandline		: StopService "Mercator Organization Data"
donderdag 23 september 2021 21:01:41 - Commandline		: StopService "Mercator Document Generation"
donderdag 23 september 2021 21:01:41 - Commandline		: StopService "Mercator Document Delivery"
donderdag 23 september 2021 21:01:42 - Commandline		: StopService "Steria's Dispatcher Service"
donderdag 23 september 2021 21:01:42 - Commandline		: StopService "Mercator.Integration.EAI.3.9.Listener"
donderdag 23 september 2021 21:01:43 - Commandline		: StopComPlus "Mercator.Framework.ActiveDirectory"
donderdag 23 september 2021 21:01:43 - Commandline		: StopComPlus "Mercator.EAI.3.9.Components"
donderdag 23 september 2021 21:01:43 - Commandline		: StopComPlus "Mercator.Framework.Document.Management.Global360"
donderdag 23 september 2021 21:01:43 - Commandline		: RemoveDirectory "C:\WINDOWS\Microsoft.NET\Framework\v4.0.30319\Temporary ASP.NET Files\cds"
donderdag 23 september 2021 21:01:43 - Commandline		: RemoveDirectory "C:\WINDOWS\Microsoft.NET\Framework\v2.0.50727\Temporary ASP.NET Files\mercatornet.boservices"
donderdag 23 september 2021 21:01:44 - Commandline		: RemoveDirectory "C:\WINDOWS\Microsoft.NET\Framework\v2.0.50727\Temporary ASP.NET Files\mercator.eai.framework.webservices"
donderdag 23 september 2021 21:01:44 - Commandline		: RemoveDirectory "C:\WINDOWS\Microsoft.NET\Framework\v2.0.50727\Temporary ASP.NET Files\mercator.eai.tools.wsc"
donderdag 23 september 2021 21:01:44 - Commandline		: RemoveDirectory "C:\WINDOWS\Microsoft.NET\Framework\v2.0.50727\Temporary ASP.NET Files\Mercator.Portima.Monitoring"
donderdag 23 september 2021 21:01:44 - Commandline		: RemoveDirectory "C:\WINDOWS\Microsoft.NET\Framework\v2.0.50727\Temporary ASP.NET Files\Mercator.Portima"
donderdag 23 september 2021 21:01:44 - Commandline		: RemoveDirectory "C:\WINDOWS\Microsoft.NET\Framework\v2.0.50727\Temporary ASP.NET Files\WSDMS"
donderdag 23 september 2021 21:01:44 - Commandline		: RemoveDirectory "C:\WINDOWS\Microsoft.NET\Framework\v2.0.50727\Temporary ASP.NET Files\wsdmsdatarepository"
donderdag 23 september 2021 21:01:44 - Commandline		: EnableWSUSReboot ""
donderdag 23 september 2021 21:01:44 - ================================svw-be-weba03.balgroupit.com======================================
donderdag 23 september 2021 21:01:44 - ================================svw-be-webfa001.balgroupit.com======================================
donderdag 23 september 2021 21:01:52 - Commandline		: StopAppPool "DefaultAppPool"
donderdag 23 september 2021 21:01:52 - Commandline		: StopAppPool "ED"
donderdag 23 september 2021 21:01:52 - Commandline		: StopAppPool "EmployeeBenefits"
donderdag 23 september 2021 21:01:52 - Commandline		: StopAppPool "EtlLogViewer"
donderdag 23 september 2021 21:01:53 - Commandline		: StopAppPool "LevenAansluitingsverklaring"
donderdag 23 september 2021 21:01:53 - Commandline		: StopAppPool "LevenWijzigingsFormulier"
donderdag 23 september 2021 21:01:53 - Commandline		: StopAppPool "MercatorNet.RMMain"
donderdag 23 september 2021 21:01:53 - Commandline		: StopAppPool "MercatorNet.WSDeploy_3_0"
donderdag 23 september 2021 21:01:54 - Commandline		: StopAppPool "MercatorNet.WSMain"
donderdag 23 september 2021 21:01:54 - Commandline		: StopAppPool "MercatorNet.WSServices"
donderdag 23 september 2021 21:01:54 - Commandline		: StopAppPool "MercatorNet.WSTariff"
donderdag 23 september 2021 21:01:55 - Commandline		: StopAppPool "MercatorNetBroker.WSDeploy_3_0"
donderdag 23 september 2021 21:01:55 - Commandline		: StopAppPool "MercatorNetBroker.WSMain"
donderdag 23 september 2021 21:01:55 - Commandline		: StopAppPool "MercatorWebSite"
donderdag 23 september 2021 21:01:55 - Commandline		: StopAppPool "MyBaloiseBroker"
donderdag 23 september 2021 21:01:56 - Commandline		: StopAppPool "MWebBvb"
donderdag 23 september 2021 21:01:56 - Commandline		: StopAppPool "ScvWebService"
donderdag 23 september 2021 21:01:56 - Commandline		: StopWebsite "OnlineDocuments"
donderdag 23 september 2021 21:01:56 - Commandline		: StopWebsite "MNet"
donderdag 23 september 2021 21:01:56 - Commandline		: StopWebsite "MWebBvb"
donderdag 23 september 2021 21:01:56 - Commandline		: StopService "World Wide Web Publishing Service"
donderdag 23 september 2021 21:01:57 - Commandline		: StopComPlus "Mercator.Framework.ActiveDirectory"
donderdag 23 september 2021 21:01:57 - Commandline		: StopComPlus "Mercator.Framework.Document.Management.Global360"
donderdag 23 september 2021 21:01:57 - Commandline		: RemoveDirectory "C:\WINDOWS\Microsoft.NET\Framework\v2.0.50727\Temporary ASP.NET Files\levenaansluitingsverklaring"
donderdag 23 september 2021 21:01:57 - Commandline		: RemoveDirectory "C:\WINDOWS\Microsoft.NET\Framework\v2.0.50727\Temporary ASP.NET Files\levenwijzigingsformulier"
donderdag 23 september 2021 21:01:57 - Commandline		: RemoveDirectory "C:\WINDOWS\Microsoft.NET\Framework\v2.0.50727\Temporary ASP.NET Files\ed"
donderdag 23 september 2021 21:01:57 - Commandline		: RemoveDirectory "C:\WINDOWS\Microsoft.NET\Framework\v2.0.50727\Temporary ASP.NET Files\mercatornet.rmmain"
donderdag 23 september 2021 21:01:57 - Commandline		: RemoveDirectory "C:\WINDOWS\Microsoft.NET\Framework\v2.0.50727\Temporary ASP.NET Files\mercatornet.wsdeploy_3_0"
donderdag 23 september 2021 21:01:57 - Commandline		: RemoveDirectory "C:\WINDOWS\Microsoft.NET\Framework\v2.0.50727\Temporary ASP.NET Files\mercatornet.wsmain"
donderdag 23 september 2021 21:01:57 - Commandline		: RemoveDirectory "C:\WINDOWS\Microsoft.NET\Framework\v2.0.50727\Temporary ASP.NET Files\mercatornet.wsservices"
donderdag 23 september 2021 21:01:57 - Commandline		: RemoveDirectory "C:\WINDOWS\Microsoft.NET\Framework\v2.0.50727\Temporary ASP.NET Files\mercatornet.wstariff"
donderdag 23 september 2021 21:01:57 - Commandline		: RemoveDirectory "C:\WINDOWS\Microsoft.NET\Framework\v2.0.50727\Temporary ASP.NET Files\mercatornetbroker.wsdeploy_3_0"
donderdag 23 september 2021 21:01:57 - Commandline		: RemoveDirectory "C:\WINDOWS\Microsoft.NET\Framework\v2.0.50727\Temporary ASP.NET Files\mercatornetbroker.wsmain"
donderdag 23 september 2021 21:01:57 - Commandline		: RemoveDirectory "C:\WINDOWS\Microsoft.NET\Framework\v2.0.50727\Temporary ASP.NET Files\mercatornethelppages"
donderdag 23 september 2021 21:01:58 - Commandline		: RemoveDirectory "C:\WINDOWS\Microsoft.NET\Framework\v2.0.50727\Temporary ASP.NET Files\scvwebservice"
donderdag 23 september 2021 21:01:58 - Commandline		: EnableWSUSReboot ""
donderdag 23 september 2021 21:01:58 - ================================svw-be-webfa001.balgroupit.com======================================
donderdag 23 september 2021 21:01:58 - ================================svw-be-webfa002.balgroupit.com======================================
donderdag 23 september 2021 21:02:05 - Commandline		: StopAppPool "DefaultAppPool"
donderdag 23 september 2021 21:02:06 - Commandline		: StopAppPool "ED"
donderdag 23 september 2021 21:02:06 - Commandline		: StopAppPool "EmployeeBenefits"
donderdag 23 september 2021 21:02:06 - Commandline		: StopAppPool "EtlLogViewer"
donderdag 23 september 2021 21:02:07 - Commandline		: StopAppPool "LevenAansluitingsverklaring"
donderdag 23 september 2021 21:02:07 - Commandline		: StopAppPool "LevenWijzigingsFormulier"
donderdag 23 september 2021 21:02:07 - Commandline		: StopAppPool "MercatorNet.RMMain"
donderdag 23 september 2021 21:02:07 - Commandline		: StopAppPool "MercatorNet.WSDeploy_3_0"
donderdag 23 september 2021 21:02:08 - Commandline		: StopAppPool "MercatorNet.WSMain"
donderdag 23 september 2021 21:02:08 - Commandline		: StopAppPool "MercatorNet.WSServices"
donderdag 23 september 2021 21:02:08 - Commandline		: StopAppPool "MercatorNet.WSTariff"
donderdag 23 september 2021 21:02:08 - Commandline		: StopAppPool "MercatorNetBroker.WSDeploy_3_0"
donderdag 23 september 2021 21:02:09 - Commandline		: StopAppPool "MercatorNetBroker.WSMain"
donderdag 23 september 2021 21:02:09 - Commandline		: StopAppPool "MercatorWebSite"
donderdag 23 september 2021 21:02:09 - Commandline		: StopAppPool "MyBaloiseBroker"
donderdag 23 september 2021 21:02:10 - Commandline		: StopAppPool "MWebBvb"
donderdag 23 september 2021 21:02:10 - Commandline		: StopAppPool "ScvWebService"
donderdag 23 september 2021 21:02:10 - Commandline		: StopWebsite "OnlineDocuments"
donderdag 23 september 2021 21:02:10 - Commandline		: StopWebsite "MNet"
donderdag 23 september 2021 21:02:10 - Commandline		: StopWebsite "MWebBvb"
donderdag 23 september 2021 21:02:11 - Commandline		: StopService "World Wide Web Publishing Service"
donderdag 23 september 2021 21:02:11 - Commandline		: StopComPlus "Mercator.Framework.ActiveDirectory"
donderdag 23 september 2021 21:02:11 - Commandline		: StopComPlus "Mercator.Framework.Document.Management.Global360"
donderdag 23 september 2021 21:02:11 - Commandline		: RemoveDirectory "C:\WINDOWS\Microsoft.NET\Framework\v2.0.50727\Temporary ASP.NET Files\levenaansluitingsverklaring"
donderdag 23 september 2021 21:02:11 - Commandline		: RemoveDirectory "C:\WINDOWS\Microsoft.NET\Framework\v2.0.50727\Temporary ASP.NET Files\levenwijzigingsformulier"
donderdag 23 september 2021 21:02:11 - Commandline		: RemoveDirectory "C:\WINDOWS\Microsoft.NET\Framework\v2.0.50727\Temporary ASP.NET Files\ed"
donderdag 23 september 2021 21:02:12 - Commandline		: RemoveDirectory "C:\WINDOWS\Microsoft.NET\Framework\v2.0.50727\Temporary ASP.NET Files\mercatornet.rmmain"
donderdag 23 september 2021 21:02:12 - Commandline		: RemoveDirectory "C:\WINDOWS\Microsoft.NET\Framework\v2.0.50727\Temporary ASP.NET Files\mercatornet.wsdeploy_3_0"
donderdag 23 september 2021 21:02:12 - Commandline		: RemoveDirectory "C:\WINDOWS\Microsoft.NET\Framework\v2.0.50727\Temporary ASP.NET Files\mercatornet.wsmain"
donderdag 23 september 2021 21:02:12 - Commandline		: RemoveDirectory "C:\WINDOWS\Microsoft.NET\Framework\v2.0.50727\Temporary ASP.NET Files\mercatornet.wsservices"
donderdag 23 september 2021 21:02:12 - Commandline		: RemoveDirectory "C:\WINDOWS\Microsoft.NET\Framework\v2.0.50727\Temporary ASP.NET Files\mercatornet.wstariff"
donderdag 23 september 2021 21:02:12 - Commandline		: RemoveDirectory "C:\WINDOWS\Microsoft.NET\Framework\v2.0.50727\Temporary ASP.NET Files\mercatornetbroker.wsdeploy_3_0"
donderdag 23 september 2021 21:02:12 - Commandline		: RemoveDirectory "C:\WINDOWS\Microsoft.NET\Framework\v2.0.50727\Temporary ASP.NET Files\mercatornetbroker.wsmain"
donderdag 23 september 2021 21:02:12 - Commandline		: RemoveDirectory "C:\WINDOWS\Microsoft.NET\Framework\v2.0.50727\Temporary ASP.NET Files\mercatornethelppages"
donderdag 23 september 2021 21:02:12 - Commandline		: RemoveDirectory "C:\WINDOWS\Microsoft.NET\Framework\v2.0.50727\Temporary ASP.NET Files\scvwebservice"
donderdag 23 september 2021 21:02:12 - Commandline		: EnableWSUSReboot ""
donderdag 23 september 2021 21:02:12 - ================================svw-be-webfa002.balgroupit.com======================================
donderdag 23 september 2021 21:02:12 - ================================svw-be-biza001.balgroupit.com======================================
donderdag 23 september 2021 21:02:20 - Commandline		: StopService "Mercator Managed File Transfer"
donderdag 23 september 2021 21:02:20 - Commandline		: StopService "Mercator Esb Process Initializer"
donderdag 23 september 2021 21:02:21 - Commandline		: EnableWSUSReboot ""
donderdag 23 september 2021 21:02:21 - ================================svw-be-biza001.balgroupit.com======================================
donderdag 23 september 2021 21:02:22 - ================================svw-be-biza002.balgroupit.com======================================
donderdag 23 september 2021 21:02:29 - Commandline		: StopService "Mercator Managed File Transfer"
donderdag 23 september 2021 21:02:30 - Commandline		: StopService "Mercator Esb Process Initializer"
donderdag 23 september 2021 21:02:30 - Commandline		: EnableWSUSReboot ""
donderdag 23 september 2021 21:02:30 - ================================svw-be-biza002.balgroupit.com======================================
donderdag 23 september 2021 21:02:32 - ================================svw-be-dmsa001.balgroupit.com======================================
donderdag 23 september 2021 21:02:39 - Commandline		: EnableWSUSReboot ""
donderdag 23 september 2021 21:02:40 - ================================svw-be-dmsa001.balgroupit.com======================================
donderdag 23 september 2021 21:02:40 - ================================svw-be-dmsa002.balgroupit.com======================================
donderdag 23 september 2021 21:02:48 - Commandline		: EnableWSUSReboot ""
donderdag 23 september 2021 21:02:48 - ================================svw-be-dmsa002.balgroupit.com======================================
donderdag 23 september 2021 21:02:51 - ================================svw-be-dmsa03.balgroupit.com======================================
donderdag 23 september 2021 21:03:01 - Commandline		: StopService "Execute360 Archive Manager"
donderdag 23 september 2021 21:03:12 - Commandline		: EnableWSUSReboot ""
donderdag 23 september 2021 21:03:12 - ================================svw-be-dmsa03.balgroupit.com======================================
donderdag 23 september 2021 21:03:13 - ================================dms-ba01.balgroupit.com======================================
donderdag 23 september 2021 21:03:15 - Commandline		: EnableWSUSReboot ""
donderdag 23 september 2021 21:03:15 - ================================dms-ba01.balgroupit.com======================================
donderdag 23 september 2021 21:03:16 - ================================dms-ba01-file.balgroupit.com======================================
donderdag 23 september 2021 21:03:17 - Commandline		: EnableWSUSReboot ""
donderdag 23 september 2021 21:03:17 - ================================dms-ba01-file.balgroupit.com======================================
donderdag 23 september 2021 21:03:18 - ================================dms-ba01-g360.balgroupit.com======================================
donderdag 23 september 2021 21:03:19 - Commandline		: EnableWSUSReboot ""
donderdag 23 september 2021 21:03:19 - ================================dms-ba01-g360.balgroupit.com======================================
donderdag 23 september 2021 21:03:19 - ================================svw-be-porta01.balgroupit.com======================================
donderdag 23 september 2021 21:03:27 - Commandline		: stopAppPool "AL2AppPool64v2"
donderdag 23 september 2021 21:03:27 - Commandline		: stopAppPool "ALAppPool64v2"
donderdag 23 september 2021 21:03:27 - Commandline		: stopAppPool "Pool2"
donderdag 23 september 2021 21:03:27 - Commandline		: stopAppPool "Mercator.Portal.Portlets"
donderdag 23 september 2021 21:03:27 - Commandline		: stopAppPool "Mercator.Portal.WebService"
donderdag 23 september 2021 21:03:28 - Commandline		: stopAppPool "PortalASP"
donderdag 23 september 2021 21:03:28 - Commandline		: StopWebsite "WCI"
donderdag 23 september 2021 21:03:28 - Commandline		: StopWebsite "Default Web Site"
donderdag 23 september 2021 21:03:28 - Commandline		: StopWebsite "MercatorPortalWebService"
donderdag 23 september 2021 21:03:28 - Commandline		: StopService "Mercator.Portal.Scheduler"
donderdag 23 september 2021 21:03:28 - Commandline		: StopService "ptautomationserver"
donderdag 23 september 2021 21:03:28 - Commandline		: StopService "publishservice"
donderdag 23 september 2021 21:03:36 - Commandline		: StopService "rssreader"
donderdag 23 september 2021 21:03:40 - Commandline		: StopService "Oracle WCI Document Repository Service"
donderdag 23 september 2021 21:03:43 - Commandline		: StopService "svw-be-porta0101"
donderdag 23 september 2021 21:03:50 - Commandline		: StopService "SearchClusterUI"
donderdag 23 september 2021 21:03:52 - Commandline		: StopService "SearchService"
donderdag 23 september 2021 21:04:31 - Commandline		: StopService "wsserver"
donderdag 23 september 2021 21:04:33 - Commandline		: StopService "Oracle WCI Logger"
donderdag 23 september 2021 21:04:35 - Commandline		: StopService "ConfigurationManager12345"
donderdag 23 september 2021 21:04:36 - Commandline		: EnableWSUSReboot ""
donderdag 23 september 2021 21:04:36 - ================================svw-be-porta01.balgroupit.com======================================
donderdag 23 september 2021 21:04:36 - ================================svw-be-babsa001.balgroupit.com======================================
donderdag 23 september 2021 21:04:44 - Commandline		: EnableWSUSReboot ""
donderdag 23 september 2021 21:04:44 - ================================svw-be-babsa001.balgroupit.com======================================
donderdag 23 september 2021 21:04:44 - ================================svw-be-babsa002.balgroupit.com======================================
donderdag 23 september 2021 21:04:52 - Commandline		: EnableWSUSReboot ""
donderdag 23 september 2021 21:04:52 - ================================svw-be-babsa002.balgroupit.com======================================
donderdag 23 september 2021 21:04:52 - ================================svw-be-babba001.balgroupit.com======================================
donderdag 23 september 2021 21:04:53 - Commandline		: StopService "Baloise BaloiseBackendBatch"
donderdag 23 september 2021 21:04:54 - Commandline		: EnableWSUSReboot ""
donderdag 23 september 2021 21:04:54 - ================================svw-be-babba001.balgroupit.com======================================
donderdag 23 september 2021 21:04:54 - ================================svw-be-babba002.balgroupit.com======================================
donderdag 23 september 2021 21:04:55 - Commandline		: StopService "Baloise BaloiseBackendBatch"
donderdag 23 september 2021 21:04:56 - Commandline		: EnableWSUSReboot ""
donderdag 23 september 2021 21:04:56 - ================================svw-be-babba002.balgroupit.com======================================
donderdag 23 september 2021 21:04:57 - ================================svw-be-mfta001.balgroupit.com======================================
donderdag 23 september 2021 21:04:59 - Commandline		: StopService "Mercator Managed File Transfer"
donderdag 23 september 2021 21:05:00 - Commandline		: EnableWSUSReboot ""
donderdag 23 september 2021 21:05:00 - ================================svw-be-mfta001.balgroupit.com======================================
