donderdag 19 november 2020 23:15:47 - READING XML File :  \\balgroupit.com\appl_data\BBE\Transfer\Packages\Scripts\WSUS\Acorp\Acorp_Start_All.xml
donderdag 19 november 2020 23:15:47 - 
donderdag 19 november 2020 23:15:47 - ================================svw-be-webfa001.balgroupit.com======================================
donderdag 19 november 2020 23:15:50 - Commandline		: DisableWSUSReboot ""
donderdag 19 november 2020 23:15:50 - Commandline		: StartService "World Wide Web Publishing Service"
donderdag 19 november 2020 23:15:50 - Commandline		: StartWebsite "OnlineDocuments"
donderdag 19 november 2020 23:15:50 - Commandline		: StartWebsite "MNet"
donderdag 19 november 2020 23:15:50 - Commandline		: StartWebsite "MWebBvb"
donderdag 19 november 2020 23:15:50 - Commandline		: StartAppPool "DefaultAppPool"
donderdag 19 november 2020 23:15:51 - Commandline		: StartAppPool "ED"
donderdag 19 november 2020 23:15:51 - Commandline		: StartAppPool "EmployeeBenefits"
donderdag 19 november 2020 23:15:51 - Commandline		: StartAppPool "EtlLogViewer"
donderdag 19 november 2020 23:15:51 - Commandline		: StartAppPool "LevenAansluitingsverklaring"
donderdag 19 november 2020 23:15:51 - Commandline		: StartAppPool "LevenWijzigingsFormulier"
donderdag 19 november 2020 23:15:51 - Commandline		: StartAppPool "MercatorNet.RMMain"
donderdag 19 november 2020 23:15:51 - Commandline		: StartAppPool "MercatorNet.WSDeploy_3_0"
donderdag 19 november 2020 23:15:51 - Commandline		: StartAppPool "MercatorNet.WSMain"
donderdag 19 november 2020 23:15:51 - Commandline		: StartAppPool "MercatorNet.WSServices"
donderdag 19 november 2020 23:15:51 - Commandline		: StartAppPool "MercatorNet.WSTariff"
donderdag 19 november 2020 23:15:51 - Commandline		: StartAppPool "MercatorNetBroker.WSDeploy_3_0"
donderdag 19 november 2020 23:15:51 - Commandline		: StartAppPool "MercatorNetBroker.WSMain"
donderdag 19 november 2020 23:15:52 - Commandline		: StartAppPool "MercatorWebSite"
donderdag 19 november 2020 23:15:52 - Commandline		: StartAppPool "MWebBvb"
donderdag 19 november 2020 23:15:52 - Commandline		: StartAppPool "ScvWebService"
donderdag 19 november 2020 23:15:52 - ================================svw-be-webfa001.balgroupit.com======================================
donderdag 19 november 2020 23:15:52 - ================================svw-be-webfa002.balgroupit.com======================================
donderdag 19 november 2020 23:15:53 - Commandline		: DisableWSUSReboot ""
donderdag 19 november 2020 23:15:53 - Commandline		: StartService "World Wide Web Publishing Service"
donderdag 19 november 2020 23:15:53 - Commandline		: StartWebsite "OnlineDocuments"
donderdag 19 november 2020 23:15:54 - Commandline		: StartWebsite "MNet"
donderdag 19 november 2020 23:15:54 - Commandline		: StartWebsite "MWebBvb"
donderdag 19 november 2020 23:15:54 - Commandline		: StartAppPool "DefaultAppPool"
donderdag 19 november 2020 23:15:54 - Commandline		: StartAppPool "ED"
donderdag 19 november 2020 23:15:54 - Commandline		: StartAppPool "EmployeeBenefits"
donderdag 19 november 2020 23:15:55 - Commandline		: StartAppPool "EtlLogViewer"
donderdag 19 november 2020 23:15:55 - Commandline		: StartAppPool "LevenAansluitingsverklaring"
donderdag 19 november 2020 23:15:55 - Commandline		: StartAppPool "LevenWijzigingsFormulier"
donderdag 19 november 2020 23:15:55 - Commandline		: StartAppPool "MercatorNet.RMMain"
donderdag 19 november 2020 23:15:55 - Commandline		: StartAppPool "MercatorNet.WSDeploy_3_0"
donderdag 19 november 2020 23:15:55 - Commandline		: StartAppPool "MercatorNet.WSMain"
donderdag 19 november 2020 23:15:55 - Commandline		: StartAppPool "MercatorNet.WSServices"
donderdag 19 november 2020 23:15:55 - Commandline		: StartAppPool "MercatorNet.WSTariff"
donderdag 19 november 2020 23:15:55 - Commandline		: StartAppPool "MercatorNetBroker.WSDeploy_3_0"
donderdag 19 november 2020 23:15:55 - Commandline		: StartAppPool "MercatorNetBroker.WSMain"
donderdag 19 november 2020 23:15:55 - Commandline		: StartAppPool "MercatorWebSite"
donderdag 19 november 2020 23:15:55 - Commandline		: StartAppPool "MWebBvb"
donderdag 19 november 2020 23:15:55 - Commandline		: StartAppPool "ScvWebService"
donderdag 19 november 2020 23:15:55 - ================================svw-be-webfa002.balgroupit.com======================================
donderdag 19 november 2020 23:15:57 - ================================svw-be-weba02.balgroupit.com======================================
donderdag 19 november 2020 23:15:59 - Commandline		: DisableWSUSReboot ""
donderdag 19 november 2020 23:15:59 - Commandline		: StartService "World Wide Web Publishing Service"
donderdag 19 november 2020 23:15:59 - Commandline		: StartAppPool "DefaultAppPool"
donderdag 19 november 2020 23:16:00 - Commandline		: StartAppPool "MNet"
donderdag 19 november 2020 23:16:00 - Commandline		: StartAppPool "BaloiseBackend"
donderdag 19 november 2020 23:16:00 - Commandline		: StartAppPool "CDS"
donderdag 19 november 2020 23:16:00 - Commandline		: StartAppPool "Mercator.EAI.Framework.WebServices"
donderdag 19 november 2020 23:16:00 - Commandline		: StartAppPool "Mercator.Eai.Tools.Wsc"
donderdag 19 november 2020 23:16:00 - Commandline		: StartAppPool "Mercator.Portima"
donderdag 19 november 2020 23:16:00 - Commandline		: StartAppPool "Mercator.Portima.Monitoring"
donderdag 19 november 2020 23:16:00 - Commandline		: StartAppPool "MercatorNet.BoServices"
donderdag 19 november 2020 23:16:01 - Commandline		: StartAppPool "WSDms"
donderdag 19 november 2020 23:16:01 - Commandline		: StartAppPool "WSDmsDataRepository"
donderdag 19 november 2020 23:16:01 - Commandline		: StartWebsite "DmsDataRepository"
donderdag 19 november 2020 23:16:01 - Commandline		: StartWebsite "MNet"
donderdag 19 november 2020 23:16:01 - Commandline		: StartService "Steria's Dispatcher Service"
donderdag 19 november 2020 23:16:02 - Commandline		: StartService "Mercator Document Delivery"
donderdag 19 november 2020 23:16:02 - Commandline		: StartService "Mercator Document Generation"
donderdag 19 november 2020 23:16:02 - Commandline		: StartService "Mercator Organization Data"
donderdag 19 november 2020 23:16:02 - Commandline		: StartService "Mercator DMS Pdf Conversion Call"
donderdag 19 november 2020 23:16:02 - Commandline		: StartService "Mercator Document Management System Service"
donderdag 19 november 2020 23:16:02 - Commandline		: StartService "Mercator Document Management System Async Service"
donderdag 19 november 2020 23:16:02 - Commandline		: StartService "Mercator Document Management System Batch Avero Service"
donderdag 19 november 2020 23:16:02 - Commandline		: StartService "BaloiseDmsBatchService"
donderdag 19 november 2020 23:16:02 - Commandline		: StartService "Mercator Document Store"
donderdag 19 november 2020 23:16:02 - Commandline		: StartService "Mercator Xpim Document Store"
donderdag 19 november 2020 23:16:02 - Commandline		: StartService "Mercator DMS MailImport Service"
donderdag 19 november 2020 23:16:02 - Commandline		: StartService "Mercator DMS Import Portima Attachments"
donderdag 19 november 2020 23:16:02 - Commandline		: StartService "Mercator DMS Bulk Insert"
donderdag 19 november 2020 23:16:03 - Commandline		: StartService "Baloise Central Data Store"
donderdag 19 november 2020 23:16:03 - Commandline		: StartService "Baloise SyncTaskToDMS"
donderdag 19 november 2020 23:16:03 - Commandline		: StartService "Baloise Backend"
donderdag 19 november 2020 23:16:03 - Commandline		: StartService "MercatorNET SCV Batch Service"
donderdag 19 november 2020 23:16:03 - Commandline		: StartService "Mercator.Integration.EAI.3.9.Listener"
donderdag 19 november 2020 23:16:03 - Commandline		: StartComPlus "Mercator.Framework.ActiveDirectory"
donderdag 19 november 2020 23:16:05 - ================================svw-be-weba02.balgroupit.com======================================
donderdag 19 november 2020 23:16:05 - ================================svw-be-weba03.balgroupit.com======================================
donderdag 19 november 2020 23:16:06 - Commandline		: DisableWSUSReboot ""
donderdag 19 november 2020 23:16:06 - Commandline		: StartService "World Wide Web Publishing Service"
donderdag 19 november 2020 23:16:06 - Commandline		: StartAppPool "DefaultAppPool"
donderdag 19 november 2020 23:16:07 - Commandline		: StartAppPool "MNet"
donderdag 19 november 2020 23:16:07 - Commandline		: StartAppPool "BaloiseBackend"
donderdag 19 november 2020 23:16:07 - Commandline		: StartAppPool "CDS"
donderdag 19 november 2020 23:16:07 - Commandline		: StartAppPool "Mercator.EAI.Framework.WebServices"
donderdag 19 november 2020 23:16:07 - Commandline		: StartAppPool "Mercator.Eai.Tools.Wsc"
donderdag 19 november 2020 23:16:07 - Commandline		: StartAppPool "Mercator.Portima"
donderdag 19 november 2020 23:16:07 - Commandline		: StartAppPool "Mercator.Portima.Monitoring"
donderdag 19 november 2020 23:16:07 - Commandline		: StartAppPool "MercatorNet.BoServices"
donderdag 19 november 2020 23:16:07 - Commandline		: StartAppPool "WSDms"
donderdag 19 november 2020 23:16:08 - Commandline		: StartAppPool "WSDmsDataRepository"
donderdag 19 november 2020 23:16:08 - Commandline		: StartWebsite "DmsDataRepository"
donderdag 19 november 2020 23:16:08 - Commandline		: StartWebsite "MNet"
donderdag 19 november 2020 23:16:08 - Commandline		: StartService "Steria's Dispatcher Service"
donderdag 19 november 2020 23:16:09 - Commandline		: StartService "Mercator Document Delivery"
donderdag 19 november 2020 23:16:09 - Commandline		: StartService "Mercator Document Generation"
donderdag 19 november 2020 23:16:09 - Commandline		: StartService "Mercator Organization Data"
donderdag 19 november 2020 23:16:09 - Commandline		: StartService "Mercator DMS Pdf Conversion Call"
donderdag 19 november 2020 23:16:09 - Commandline		: StartService "Mercator Document Management System Service"
donderdag 19 november 2020 23:16:09 - Commandline		: StartService "Mercator Document Management System Async Service"
donderdag 19 november 2020 23:16:09 - Commandline		: StartService "Mercator Document Management System Batch Avero Service"
donderdag 19 november 2020 23:16:10 - Commandline		: StartService "BaloiseDmsBatchService"
donderdag 19 november 2020 23:16:10 - Commandline		: StartService "Mercator Document Store"
donderdag 19 november 2020 23:16:10 - Commandline		: StartService "Mercator Xpim Document Store"
donderdag 19 november 2020 23:16:10 - Commandline		: StartService "Mercator DMS MailImport Service"
donderdag 19 november 2020 23:16:10 - Commandline		: StartService "Mercator DMS Import Portima Attachments"
donderdag 19 november 2020 23:16:10 - Commandline		: StartService "Mercator DMS Bulk Insert"
donderdag 19 november 2020 23:16:10 - Commandline		: StartService "Baloise Central Data Store"
donderdag 19 november 2020 23:16:10 - Commandline		: StartService "Baloise SyncTaskToDMS"
donderdag 19 november 2020 23:16:10 - Commandline		: StartService "Baloise Backend"
donderdag 19 november 2020 23:16:10 - Commandline		: StartService "MercatorNET SCV Batch Service"
donderdag 19 november 2020 23:16:10 - Commandline		: StartService "Mercator.Integration.EAI.3.9.Listener"
donderdag 19 november 2020 23:16:10 - ================================svw-be-weba03.balgroupit.com======================================
donderdag 19 november 2020 23:16:10 - ================================svw-be-biza001.balgroupit.com======================================
donderdag 19 november 2020 23:16:16 - Commandline		: DisableWSUSReboot ""
donderdag 19 november 2020 23:16:16 - Commandline		: StartService "Mercator Managed File Transfer"
donderdag 19 november 2020 23:16:20 - Commandline		: StartService "Mercator Esb Process Initializer"
donderdag 19 november 2020 23:16:20 - ================================svw-be-biza001.balgroupit.com======================================
donderdag 19 november 2020 23:16:20 - ================================svw-be-biza002.balgroupit.com======================================
donderdag 19 november 2020 23:16:26 - Commandline		: DisableWSUSReboot ""
donderdag 19 november 2020 23:16:26 - Commandline		: StartService "Mercator Managed File Transfer"
donderdag 19 november 2020 23:16:31 - Commandline		: StartService "Mercator Esb Process Initializer"
donderdag 19 november 2020 23:16:31 - ================================svw-be-biza002.balgroupit.com======================================
donderdag 19 november 2020 23:16:33 - ================================svw-be-eaia01.balgroupit.com======================================
donderdag 19 november 2020 23:16:34 - Commandline		: DisableWSUSReboot ""
donderdag 19 november 2020 23:16:34 - Commandline		: StartService "mercator.eai.docservice"
donderdag 19 november 2020 23:16:35 - Commandline		: StartProcess "dllhost.exe"
donderdag 19 november 2020 23:16:35 - Commandline		: StartProcess "winword.exe"
donderdag 19 november 2020 23:16:35 - ================================svw-be-eaia01.balgroupit.com======================================
donderdag 19 november 2020 23:16:37 - ================================svw-be-eaia04.balgroupit.com======================================
donderdag 19 november 2020 23:16:39 - Commandline		: DisableWSUSReboot ""
donderdag 19 november 2020 23:16:39 - Commandline		: StartService "mercator.eai.docservice"
donderdag 19 november 2020 23:16:39 - ================================svw-be-eaia04.balgroupit.com======================================
donderdag 19 november 2020 23:16:40 - ================================svw-be-dmsa001.balgroupit.com======================================
donderdag 19 november 2020 23:16:46 - Commandline		: DisableWsusReboot ""
donderdag 19 november 2020 23:16:46 - ================================svw-be-dmsa001.balgroupit.com======================================
donderdag 19 november 2020 23:16:47 - ================================svw-be-dmsa002.balgroupit.com======================================
donderdag 19 november 2020 23:16:47 - Commandline		: DisableWsusReboot ""
donderdag 19 november 2020 23:16:47 - ================================svw-be-dmsa002.balgroupit.com======================================
donderdag 19 november 2020 23:16:49 - ================================svw-be-dmsa03.balgroupit.com======================================
donderdag 19 november 2020 23:16:49 - Commandline		: DisableWsusReboot ""
donderdag 19 november 2020 23:16:50 - Commandline		: StartService "Execute360 Archive Manager"
donderdag 19 november 2020 23:16:58 - ================================svw-be-dmsa03.balgroupit.com======================================
donderdag 19 november 2020 23:16:58 - ================================dms-ba01.balgroupit.com======================================
donderdag 19 november 2020 23:16:58 - Commandline		: DisableWsusReboot ""
donderdag 19 november 2020 23:16:59 - ================================dms-ba01.balgroupit.com======================================
donderdag 19 november 2020 23:16:59 - ================================dms-ba01-file.balgroupit.com======================================
donderdag 19 november 2020 23:16:59 - Commandline		: DisableWsusReboot ""
donderdag 19 november 2020 23:16:59 - ================================dms-ba01-file.balgroupit.com======================================
donderdag 19 november 2020 23:17:00 - ================================dms-ba01-g360.balgroupit.com======================================
donderdag 19 november 2020 23:17:00 - Commandline		: DisableWsusReboot ""
donderdag 19 november 2020 23:17:00 - ================================dms-ba01-g360.balgroupit.com======================================
donderdag 19 november 2020 23:17:01 - ================================shw-be-atrace51.balgroupit.com======================================
donderdag 19 november 2020 23:17:02 - Commandline		: DisableWsusReboot ""
donderdag 19 november 2020 23:17:02 - ================================shw-be-atrace51.balgroupit.com======================================
donderdag 19 november 2020 23:17:02 - ================================svw-be-porta01.balgroupit.com======================================
donderdag 19 november 2020 23:17:05 - Commandline		: DisableWSUSReboot ""
donderdag 19 november 2020 23:17:05 - Commandline		: StartService "Oracle WCI Logger"
donderdag 19 november 2020 23:17:11 - Commandline		: StartService "wsserver"
donderdag 19 november 2020 23:17:16 - Commandline		: StartService "SearchService"
donderdag 19 november 2020 23:17:19 - Commandline		: StartService "svw-be-porta0101"
donderdag 19 november 2020 23:17:43 - Commandline		: StartService "SearchClusterUI"
donderdag 19 november 2020 23:17:47 - Commandline		: StartService "Oracle WCI Document Repository Service"
donderdag 19 november 2020 23:17:50 - Commandline		: StartService "rssreader"
donderdag 19 november 2020 23:17:53 - Commandline		: StartService "publishservice"
donderdag 19 november 2020 23:17:56 - Commandline		: StartService "ptautomationserver"
donderdag 19 november 2020 23:18:01 - Commandline		: StartService "Mercator.Portal.Scheduler"
donderdag 19 november 2020 23:18:05 - Commandline		: startWebsite "MercatorPortalWebService"
donderdag 19 november 2020 23:18:05 - Commandline		: startWebsite "Default Web Site"
donderdag 19 november 2020 23:18:05 - Commandline		: startWebsite "WCI"
donderdag 19 november 2020 23:18:05 - Commandline		: startAppPool "Pool2"
donderdag 19 november 2020 23:18:05 - Commandline		: startAppPool "Mercator.Portal.Portlets"
donderdag 19 november 2020 23:18:05 - Commandline		: startAppPool "Mercator.Portal.WebService"
donderdag 19 november 2020 23:18:05 - Commandline		: startAppPool "PortalASP"
donderdag 19 november 2020 23:18:05 - Commandline		: startAppPool "AL2AppPool64v2"
donderdag 19 november 2020 23:18:05 - Commandline		: startAppPool "ALAppPool64v2"
donderdag 19 november 2020 23:18:05 - ================================svw-be-porta01.balgroupit.com======================================
donderdag 19 november 2020 23:18:06 - ================================svw-be-babsa001.balgroupit.com======================================
donderdag 19 november 2020 23:18:08 - Commandline		: DisableWSUSReboot ""
donderdag 19 november 2020 23:18:08 - ================================svw-be-babsa001.balgroupit.com======================================
donderdag 19 november 2020 23:18:09 - ================================svw-be-babsa002.balgroupit.com======================================
donderdag 19 november 2020 23:18:09 - Commandline		: DisableWSUSReboot ""
donderdag 19 november 2020 23:18:09 - ================================svw-be-babsa002.balgroupit.com======================================
donderdag 19 november 2020 23:18:10 - ================================svw-be-babba001.balgroupit.com======================================
donderdag 19 november 2020 23:18:10 - Commandline		: DisableWSUSReboot ""
donderdag 19 november 2020 23:18:10 - Commandline		: StartService "Baloise BaloiseBackendBatch"
donderdag 19 november 2020 23:18:14 - ================================svw-be-babba001.balgroupit.com======================================
donderdag 19 november 2020 23:18:14 - ================================svw-be-babba002.balgroupit.com======================================
donderdag 19 november 2020 23:18:15 - Commandline		: DisableWSUSReboot ""
donderdag 19 november 2020 23:18:15 - Commandline		: StartService "Baloise BaloiseBackendBatch"
donderdag 19 november 2020 23:18:15 - ================================svw-be-babba002.balgroupit.com======================================
donderdag 19 november 2020 23:18:15 - ================================svw-be-mfta001.balgroupit.com======================================
donderdag 19 november 2020 23:18:17 - Commandline		: DisableWSUSReboot ""
donderdag 19 november 2020 23:18:17 - Commandline		: StartService "Mercator Managed File Transfer"
donderdag 19 november 2020 23:18:23 - ================================svw-be-mfta001.balgroupit.com======================================
