donderdag 19 november 2020 21:00:46 - READING XML File :  \\balgroupit.com\appl_data\BBE\Transfer\Packages\Scripts\WSUS\Acorp\Acorp_Stop_All.xml
donderdag 19 november 2020 21:00:46 - 
donderdag 19 november 2020 21:00:47 - ================================shw-be-atrace51.balgroupit.com======================================
donderdag 19 november 2020 21:00:48 - Commandline		: EnableWSUSReboot ""
donderdag 19 november 2020 21:00:48 - ================================shw-be-atrace51.balgroupit.com======================================
donderdag 19 november 2020 21:00:49 - ================================svw-be-eaia01.balgroupit.com======================================
donderdag 19 november 2020 21:00:50 - Commandline		: StopService "mercator.eai.docservice"
donderdag 19 november 2020 21:00:50 - Commandline		: StopProcess "dllhost.exe"
donderdag 19 november 2020 21:00:50 - Commandline		: StopProcess "winword.exe"
donderdag 19 november 2020 21:00:50 - Commandline		: EnableWSUSReboot ""
donderdag 19 november 2020 21:00:50 - ================================svw-be-eaia01.balgroupit.com======================================
donderdag 19 november 2020 21:00:51 - ================================svw-be-eaia04.balgroupit.com======================================
donderdag 19 november 2020 21:00:52 - Commandline		: StopService "mercator.eai.docservice"
donderdag 19 november 2020 21:00:52 - Commandline		: StopProcess "dllhost.exe"
donderdag 19 november 2020 21:00:52 - Commandline		: StopProcess "winword.exe"
donderdag 19 november 2020 21:00:52 - Commandline		: EnableWSUSReboot ""
donderdag 19 november 2020 21:00:52 - ================================svw-be-eaia04.balgroupit.com======================================
donderdag 19 november 2020 21:00:54 - ================================svw-be-weba02.balgroupit.com======================================
donderdag 19 november 2020 21:01:04 - Commandline		: StopWebsite "DmsDataRepository"
donderdag 19 november 2020 21:01:05 - Commandline		: StopWebsite "MNet"
donderdag 19 november 2020 21:01:05 - Commandline		: StartAppPool "MNet"
donderdag 19 november 2020 21:01:05 - Commandline		: StopAppPool "DefaultAppPool"
donderdag 19 november 2020 21:01:05 - Commandline		: StopAppPool "WSDMS"
donderdag 19 november 2020 21:01:05 - Commandline		: StopAppPool "WSDmsDataRepository"
donderdag 19 november 2020 21:01:05 - Commandline		: StopAppPool "BaloiseBackend"
donderdag 19 november 2020 21:01:05 - Commandline		: StopAppPool "CDS"
donderdag 19 november 2020 21:01:06 - Commandline		: StopAppPool "MercatorNet.BoServices"
donderdag 19 november 2020 21:01:06 - Commandline		: StopAppPool "Mercator.Portima.Monitoring"
donderdag 19 november 2020 21:01:06 - Commandline		: StopAppPool "Mercator.Portima"
donderdag 19 november 2020 21:01:06 - Commandline		: StopAppPool "Mercator.Eai.Tools.Wsc"
donderdag 19 november 2020 21:01:06 - Commandline		: StopAppPool "Mercator.EAI.Framework.WebServices"
donderdag 19 november 2020 21:01:06 - Commandline		: StopService "World Wide Web Publishing Service"
donderdag 19 november 2020 21:01:06 - Commandline		: StopService "Baloise Backend"
donderdag 19 november 2020 21:01:06 - Commandline		: StopService "Baloise Central Data Store"
donderdag 19 november 2020 21:01:06 - Commandline		: StopService "Baloise SyncTaskToDMS"
donderdag 19 november 2020 21:01:07 - Commandline		: StopService "Mercator DMS Bulk Insert"
donderdag 19 november 2020 21:01:07 - Commandline		: StopService "Mercator DMS Import Portima Attachments"
donderdag 19 november 2020 21:01:07 - Commandline		: StopService "Mercator DMS MailImport Service"
donderdag 19 november 2020 21:01:07 - Commandline		: StopService "Mercator Xpim Document Store"
donderdag 19 november 2020 21:01:07 - Commandline		: StopService "Mercator Document Store"
donderdag 19 november 2020 21:01:07 - Commandline		: StopService "BaloiseDmsBatchService"
donderdag 19 november 2020 21:01:07 - Commandline		: StopService "Mercator Document Management System Service"
donderdag 19 november 2020 21:01:07 - Commandline		: StopService "Mercator Document Management System Async Service"
donderdag 19 november 2020 21:01:07 - Commandline		: StopService "Mercator Document Management System Batch Avero Service"
donderdag 19 november 2020 21:01:07 - Commandline		: StopService "Mercator DMS Pdf Conversion Call"
donderdag 19 november 2020 21:01:07 - Commandline		: StopService "MercatorNET SCV Batch Service"
donderdag 19 november 2020 21:01:08 - Commandline		: StopService "Mercator Organization Data"
donderdag 19 november 2020 21:01:08 - Commandline		: StopService "Mercator Document Generation"
donderdag 19 november 2020 21:01:09 - Commandline		: StopService "Mercator Document Delivery"
donderdag 19 november 2020 21:01:09 - Commandline		: StopService "Steria's Dispatcher Service"
donderdag 19 november 2020 21:01:09 - Commandline		: StopService "Mercator.Integration.EAI.3.9.Listener"
donderdag 19 november 2020 21:01:09 - Commandline		: StopComPlus "Mercator.Framework.ActiveDirectory"
donderdag 19 november 2020 21:01:12 - Commandline		: StopComPlus "Mercator.EAI.3.9.Components"
donderdag 19 november 2020 21:01:15 - Commandline		: StopComPlus "Mercator.Framework.Document.Management.Global360"
donderdag 19 november 2020 21:01:18 - Commandline		: RemoveDirectory "C:\WINDOWS\Microsoft.NET\Framework\v4.0.30319\Temporary ASP.NET Files\cds"
donderdag 19 november 2020 21:01:19 - Commandline		: RemoveDirectory "C:\WINDOWS\Microsoft.NET\Framework\v2.0.50727\Temporary ASP.NET Files\mercatornet.boservices"
donderdag 19 november 2020 21:01:19 - Commandline		: RemoveDirectory "C:\WINDOWS\Microsoft.NET\Framework\v2.0.50727\Temporary ASP.NET Files\mercator.eai.framework.webservices"
donderdag 19 november 2020 21:01:19 - Commandline		: RemoveDirectory "C:\WINDOWS\Microsoft.NET\Framework\v2.0.50727\Temporary ASP.NET Files\mercator.eai.tools.wsc"
donderdag 19 november 2020 21:01:19 - Commandline		: RemoveDirectory "C:\WINDOWS\Microsoft.NET\Framework\v2.0.50727\Temporary ASP.NET Files\Mercator.Portima.Monitoring"
donderdag 19 november 2020 21:01:19 - Commandline		: RemoveDirectory "C:\WINDOWS\Microsoft.NET\Framework\v2.0.50727\Temporary ASP.NET Files\Mercator.Portima"
donderdag 19 november 2020 21:01:19 - Commandline		: RemoveDirectory "C:\WINDOWS\Microsoft.NET\Framework\v2.0.50727\Temporary ASP.NET Files\WSDMS"
donderdag 19 november 2020 21:01:19 - Commandline		: RemoveDirectory "C:\WINDOWS\Microsoft.NET\Framework\v2.0.50727\Temporary ASP.NET Files\wsdmsdatarepository"
donderdag 19 november 2020 21:01:19 - Commandline		: EnableWSUSReboot ""
donderdag 19 november 2020 21:01:19 - ================================svw-be-weba02.balgroupit.com======================================
donderdag 19 november 2020 21:01:19 - ================================svw-be-weba03.balgroupit.com======================================
donderdag 19 november 2020 21:01:27 - Commandline		: StopWebsite "DmsDataRepository"
donderdag 19 november 2020 21:01:28 - Commandline		: StopWebsite "MNet"
donderdag 19 november 2020 21:01:28 - Commandline		: StopAppPool "DefaultAppPool"
donderdag 19 november 2020 21:01:28 - Commandline		: StopAppPool "WSDMS"
donderdag 19 november 2020 21:01:28 - Commandline		: StopAppPool "WSDmsDataRepository"
donderdag 19 november 2020 21:01:28 - Commandline		: StopAppPool "BaloiseBackend"
donderdag 19 november 2020 21:01:28 - Commandline		: StopAppPool "CDS"
donderdag 19 november 2020 21:01:28 - Commandline		: StopAppPool "MercatorNet.BoServices"
donderdag 19 november 2020 21:01:28 - Commandline		: StopAppPool "Mercator.Portima.Monitoring"
donderdag 19 november 2020 21:01:28 - Commandline		: StopAppPool "Mercator.Portima"
donderdag 19 november 2020 21:01:28 - Commandline		: StopAppPool "Mercator.Eai.Tools.Wsc"
donderdag 19 november 2020 21:01:28 - Commandline		: StopAppPool "Mercator.EAI.Framework.WebServices"
donderdag 19 november 2020 21:01:28 - Commandline		: StopService "World Wide Web Publishing Service"
donderdag 19 november 2020 21:01:29 - Commandline		: StopService "Baloise Backend"
donderdag 19 november 2020 21:01:29 - Commandline		: StopService "Baloise Central Data Store"
donderdag 19 november 2020 21:01:29 - Commandline		: StopService "Baloise SyncTaskToDMS"
donderdag 19 november 2020 21:01:29 - Commandline		: StopService "Mercator DMS Bulk Insert"
donderdag 19 november 2020 21:01:29 - Commandline		: StopService "Mercator DMS Import Portima Attachments"
donderdag 19 november 2020 21:01:30 - Commandline		: StopService "Mercator DMS MailImport Service"
donderdag 19 november 2020 21:01:30 - Commandline		: StopService "Mercator Xpim Document Store"
donderdag 19 november 2020 21:01:30 - Commandline		: StopService "Mercator Document Store"
donderdag 19 november 2020 21:01:30 - Commandline		: StopService "BaloiseDmsBatchService"
donderdag 19 november 2020 21:01:30 - Commandline		: StopService "Mercator Document Management System Service"
donderdag 19 november 2020 21:01:30 - Commandline		: StopService "Mercator Document Management System Async Service"
donderdag 19 november 2020 21:01:31 - Commandline		: StopService "Mercator Document Management System Batch Avero Service"
donderdag 19 november 2020 21:01:31 - Commandline		: StopService "Mercator DMS Pdf Conversion Call"
donderdag 19 november 2020 21:01:31 - Commandline		: StopService "MercatorNET SCV Batch Service"
donderdag 19 november 2020 21:01:31 - Commandline		: StopService "Mercator Organization Data"
donderdag 19 november 2020 21:01:31 - Commandline		: StopService "Mercator Document Generation"
donderdag 19 november 2020 21:01:32 - Commandline		: StopService "Mercator Document Delivery"
donderdag 19 november 2020 21:01:32 - Commandline		: StopService "Steria's Dispatcher Service"
donderdag 19 november 2020 21:15:59 - Commandline		: StopService "Mercator.Integration.EAI.3.9.Listener"
donderdag 19 november 2020 21:15:59 - Commandline		: StopComPlus "Mercator.Framework.ActiveDirectory"
donderdag 19 november 2020 21:16:00 - Commandline		: StopComPlus "Mercator.EAI.3.9.Components"
donderdag 19 november 2020 21:16:00 - Commandline		: StopComPlus "Mercator.Framework.Document.Management.Global360"
donderdag 19 november 2020 21:16:01 - Commandline		: RemoveDirectory "C:\WINDOWS\Microsoft.NET\Framework\v4.0.30319\Temporary ASP.NET Files\cds"
donderdag 19 november 2020 21:16:01 - Commandline		: RemoveDirectory "C:\WINDOWS\Microsoft.NET\Framework\v2.0.50727\Temporary ASP.NET Files\mercatornet.boservices"
donderdag 19 november 2020 21:16:01 - Commandline		: RemoveDirectory "C:\WINDOWS\Microsoft.NET\Framework\v2.0.50727\Temporary ASP.NET Files\mercator.eai.framework.webservices"
donderdag 19 november 2020 21:16:01 - Commandline		: RemoveDirectory "C:\WINDOWS\Microsoft.NET\Framework\v2.0.50727\Temporary ASP.NET Files\mercator.eai.tools.wsc"
donderdag 19 november 2020 21:16:01 - Commandline		: RemoveDirectory "C:\WINDOWS\Microsoft.NET\Framework\v2.0.50727\Temporary ASP.NET Files\Mercator.Portima.Monitoring"
donderdag 19 november 2020 21:16:01 - Commandline		: RemoveDirectory "C:\WINDOWS\Microsoft.NET\Framework\v2.0.50727\Temporary ASP.NET Files\Mercator.Portima"
donderdag 19 november 2020 21:16:01 - Commandline		: RemoveDirectory "C:\WINDOWS\Microsoft.NET\Framework\v2.0.50727\Temporary ASP.NET Files\WSDMS"
donderdag 19 november 2020 21:16:01 - Commandline		: RemoveDirectory "C:\WINDOWS\Microsoft.NET\Framework\v2.0.50727\Temporary ASP.NET Files\wsdmsdatarepository"
donderdag 19 november 2020 21:16:01 - Commandline		: EnableWSUSReboot ""
donderdag 19 november 2020 21:16:01 - ================================svw-be-weba03.balgroupit.com======================================
donderdag 19 november 2020 21:16:02 - ================================svw-be-webfa001.balgroupit.com======================================
donderdag 19 november 2020 21:16:10 - Commandline		: StopAppPool "DefaultAppPool"
donderdag 19 november 2020 21:16:10 - Commandline		: StopAppPool "ED"
donderdag 19 november 2020 21:16:10 - Commandline		: StopAppPool "EmployeeBenefits"
donderdag 19 november 2020 21:16:10 - Commandline		: StopAppPool "EtlLogViewer"
donderdag 19 november 2020 21:16:10 - Commandline		: StopAppPool "LevenAansluitingsverklaring"
donderdag 19 november 2020 21:16:10 - Commandline		: StopAppPool "LevenWijzigingsFormulier"
donderdag 19 november 2020 21:16:10 - Commandline		: StopAppPool "MercatorNet.RMMain"
donderdag 19 november 2020 21:16:11 - Commandline		: StopAppPool "MercatorNet.WSDeploy_3_0"
donderdag 19 november 2020 21:16:11 - Commandline		: StopAppPool "MercatorNet.WSMain"
donderdag 19 november 2020 21:16:11 - Commandline		: StopAppPool "MercatorNet.WSServices"
donderdag 19 november 2020 21:16:11 - Commandline		: StopAppPool "MercatorNet.WSTariff"
donderdag 19 november 2020 21:16:11 - Commandline		: StopAppPool "MercatorNetBroker.WSDeploy_3_0"
donderdag 19 november 2020 21:16:11 - Commandline		: StopAppPool "MercatorNetBroker.WSMain"
donderdag 19 november 2020 21:16:11 - Commandline		: StopAppPool "MercatorWebSite"
donderdag 19 november 2020 21:16:11 - Commandline		: StopAppPool "MyBaloiseBroker"
donderdag 19 november 2020 21:16:11 - Commandline		: StopAppPool "MWebBvb"
donderdag 19 november 2020 21:16:11 - Commandline		: StopAppPool "ScvWebService"
donderdag 19 november 2020 21:16:11 - Commandline		: StopWebsite "OnlineDocuments"
donderdag 19 november 2020 21:16:12 - Commandline		: StopWebsite "MNet"
donderdag 19 november 2020 21:16:12 - Commandline		: StopWebsite "MWebBvb"
donderdag 19 november 2020 21:16:12 - Commandline		: StopService "World Wide Web Publishing Service"
donderdag 19 november 2020 21:16:12 - Commandline		: StopComPlus "Mercator.Framework.ActiveDirectory"
donderdag 19 november 2020 21:16:13 - Commandline		: StopComPlus "Mercator.Framework.Document.Management.Global360"
donderdag 19 november 2020 21:16:16 - Commandline		: RemoveDirectory "C:\WINDOWS\Microsoft.NET\Framework\v2.0.50727\Temporary ASP.NET Files\levenaansluitingsverklaring"
donderdag 19 november 2020 21:16:16 - Commandline		: RemoveDirectory "C:\WINDOWS\Microsoft.NET\Framework\v2.0.50727\Temporary ASP.NET Files\levenwijzigingsformulier"
donderdag 19 november 2020 21:16:16 - Commandline		: RemoveDirectory "C:\WINDOWS\Microsoft.NET\Framework\v2.0.50727\Temporary ASP.NET Files\ed"
donderdag 19 november 2020 21:16:16 - Commandline		: RemoveDirectory "C:\WINDOWS\Microsoft.NET\Framework\v2.0.50727\Temporary ASP.NET Files\mercatornet.rmmain"
donderdag 19 november 2020 21:16:16 - Commandline		: RemoveDirectory "C:\WINDOWS\Microsoft.NET\Framework\v2.0.50727\Temporary ASP.NET Files\mercatornet.wsdeploy_3_0"
donderdag 19 november 2020 21:16:16 - Commandline		: RemoveDirectory "C:\WINDOWS\Microsoft.NET\Framework\v2.0.50727\Temporary ASP.NET Files\mercatornet.wsmain"
donderdag 19 november 2020 21:16:16 - Commandline		: RemoveDirectory "C:\WINDOWS\Microsoft.NET\Framework\v2.0.50727\Temporary ASP.NET Files\mercatornet.wsservices"
donderdag 19 november 2020 21:16:16 - Commandline		: RemoveDirectory "C:\WINDOWS\Microsoft.NET\Framework\v2.0.50727\Temporary ASP.NET Files\mercatornet.wstariff"
donderdag 19 november 2020 21:16:16 - Commandline		: RemoveDirectory "C:\WINDOWS\Microsoft.NET\Framework\v2.0.50727\Temporary ASP.NET Files\mercatornetbroker.wsdeploy_3_0"
donderdag 19 november 2020 21:16:16 - Commandline		: RemoveDirectory "C:\WINDOWS\Microsoft.NET\Framework\v2.0.50727\Temporary ASP.NET Files\mercatornetbroker.wsmain"
donderdag 19 november 2020 21:16:16 - Commandline		: RemoveDirectory "C:\WINDOWS\Microsoft.NET\Framework\v2.0.50727\Temporary ASP.NET Files\mercatornethelppages"
donderdag 19 november 2020 21:16:16 - Commandline		: RemoveDirectory "C:\WINDOWS\Microsoft.NET\Framework\v2.0.50727\Temporary ASP.NET Files\scvwebservice"
donderdag 19 november 2020 21:16:16 - Commandline		: EnableWSUSReboot ""
donderdag 19 november 2020 21:16:16 - ================================svw-be-webfa001.balgroupit.com======================================
donderdag 19 november 2020 21:16:16 - ================================svw-be-webfa002.balgroupit.com======================================
donderdag 19 november 2020 21:16:27 - Commandline		: StopAppPool "DefaultAppPool"
donderdag 19 november 2020 21:16:27 - Commandline		: StopAppPool "ED"
donderdag 19 november 2020 21:16:27 - Commandline		: StopAppPool "EmployeeBenefits"
donderdag 19 november 2020 21:16:27 - Commandline		: StopAppPool "EtlLogViewer"
donderdag 19 november 2020 21:16:27 - Commandline		: StopAppPool "LevenAansluitingsverklaring"
donderdag 19 november 2020 21:16:27 - Commandline		: StopAppPool "LevenWijzigingsFormulier"
donderdag 19 november 2020 21:16:28 - Commandline		: StopAppPool "MercatorNet.RMMain"
donderdag 19 november 2020 21:16:28 - Commandline		: StopAppPool "MercatorNet.WSDeploy_3_0"
donderdag 19 november 2020 21:16:28 - Commandline		: StopAppPool "MercatorNet.WSMain"
donderdag 19 november 2020 21:16:28 - Commandline		: StopAppPool "MercatorNet.WSServices"
donderdag 19 november 2020 21:16:28 - Commandline		: StopAppPool "MercatorNet.WSTariff"
donderdag 19 november 2020 21:16:28 - Commandline		: StopAppPool "MercatorNetBroker.WSDeploy_3_0"
donderdag 19 november 2020 21:16:28 - Commandline		: StopAppPool "MercatorNetBroker.WSMain"
donderdag 19 november 2020 21:16:28 - Commandline		: StopAppPool "MercatorWebSite"
donderdag 19 november 2020 21:16:28 - Commandline		: StopAppPool "MyBaloiseBroker"
donderdag 19 november 2020 21:16:28 - Commandline		: StopAppPool "MWebBvb"
donderdag 19 november 2020 21:16:28 - Commandline		: StopAppPool "ScvWebService"
donderdag 19 november 2020 21:16:28 - Commandline		: StopWebsite "OnlineDocuments"
donderdag 19 november 2020 21:16:29 - Commandline		: StopWebsite "MNet"
donderdag 19 november 2020 21:16:29 - Commandline		: StopWebsite "MWebBvb"
donderdag 19 november 2020 21:16:29 - Commandline		: StopService "World Wide Web Publishing Service"
donderdag 19 november 2020 21:16:29 - Commandline		: StopComPlus "Mercator.Framework.ActiveDirectory"
donderdag 19 november 2020 21:16:30 - Commandline		: StopComPlus "Mercator.Framework.Document.Management.Global360"
donderdag 19 november 2020 21:16:33 - Commandline		: RemoveDirectory "C:\WINDOWS\Microsoft.NET\Framework\v2.0.50727\Temporary ASP.NET Files\levenaansluitingsverklaring"
donderdag 19 november 2020 21:16:33 - Commandline		: RemoveDirectory "C:\WINDOWS\Microsoft.NET\Framework\v2.0.50727\Temporary ASP.NET Files\levenwijzigingsformulier"
donderdag 19 november 2020 21:16:33 - Commandline		: RemoveDirectory "C:\WINDOWS\Microsoft.NET\Framework\v2.0.50727\Temporary ASP.NET Files\ed"
donderdag 19 november 2020 21:16:33 - Commandline		: RemoveDirectory "C:\WINDOWS\Microsoft.NET\Framework\v2.0.50727\Temporary ASP.NET Files\mercatornet.rmmain"
donderdag 19 november 2020 21:16:33 - Commandline		: RemoveDirectory "C:\WINDOWS\Microsoft.NET\Framework\v2.0.50727\Temporary ASP.NET Files\mercatornet.wsdeploy_3_0"
donderdag 19 november 2020 21:16:33 - Commandline		: RemoveDirectory "C:\WINDOWS\Microsoft.NET\Framework\v2.0.50727\Temporary ASP.NET Files\mercatornet.wsmain"
donderdag 19 november 2020 21:16:33 - Commandline		: RemoveDirectory "C:\WINDOWS\Microsoft.NET\Framework\v2.0.50727\Temporary ASP.NET Files\mercatornet.wsservices"
donderdag 19 november 2020 21:16:33 - Commandline		: RemoveDirectory "C:\WINDOWS\Microsoft.NET\Framework\v2.0.50727\Temporary ASP.NET Files\mercatornet.wstariff"
donderdag 19 november 2020 21:16:33 - Commandline		: RemoveDirectory "C:\WINDOWS\Microsoft.NET\Framework\v2.0.50727\Temporary ASP.NET Files\mercatornetbroker.wsdeploy_3_0"
donderdag 19 november 2020 21:16:33 - Commandline		: RemoveDirectory "C:\WINDOWS\Microsoft.NET\Framework\v2.0.50727\Temporary ASP.NET Files\mercatornetbroker.wsmain"
donderdag 19 november 2020 21:16:33 - Commandline		: RemoveDirectory "C:\WINDOWS\Microsoft.NET\Framework\v2.0.50727\Temporary ASP.NET Files\mercatornethelppages"
donderdag 19 november 2020 21:16:33 - Commandline		: RemoveDirectory "C:\WINDOWS\Microsoft.NET\Framework\v2.0.50727\Temporary ASP.NET Files\scvwebservice"
donderdag 19 november 2020 21:16:33 - Commandline		: EnableWSUSReboot ""
donderdag 19 november 2020 21:16:33 - ================================svw-be-webfa002.balgroupit.com======================================
donderdag 19 november 2020 21:16:33 - ================================svw-be-biza001.balgroupit.com======================================
donderdag 19 november 2020 21:16:41 - Commandline		: StopService "Mercator Managed File Transfer"
donderdag 19 november 2020 21:16:41 - Commandline		: StopService "Mercator Esb Process Initializer"
donderdag 19 november 2020 21:16:42 - Commandline		: EnableWSUSReboot ""
donderdag 19 november 2020 21:16:42 - ================================svw-be-biza001.balgroupit.com======================================
donderdag 19 november 2020 21:16:42 - ================================svw-be-biza002.balgroupit.com======================================
donderdag 19 november 2020 21:16:50 - Commandline		: StopService "Mercator Managed File Transfer"
donderdag 19 november 2020 21:16:50 - Commandline		: StopService "Mercator Esb Process Initializer"
donderdag 19 november 2020 21:16:51 - Commandline		: EnableWSUSReboot ""
donderdag 19 november 2020 21:16:51 - ================================svw-be-biza002.balgroupit.com======================================
donderdag 19 november 2020 21:16:52 - ================================svw-be-dmsa001.balgroupit.com======================================
donderdag 19 november 2020 21:17:02 - Commandline		: EnableWSUSReboot ""
donderdag 19 november 2020 21:17:02 - ================================svw-be-dmsa001.balgroupit.com======================================
donderdag 19 november 2020 21:17:03 - ================================svw-be-dmsa002.balgroupit.com======================================
donderdag 19 november 2020 21:17:10 - Commandline		: EnableWSUSReboot ""
donderdag 19 november 2020 21:17:10 - ================================svw-be-dmsa002.balgroupit.com======================================
donderdag 19 november 2020 21:17:13 - ================================svw-be-dmsa03.balgroupit.com======================================
donderdag 19 november 2020 21:17:23 - Commandline		: StopService "Execute360 Archive Manager"
donderdag 19 november 2020 21:17:35 - Commandline		: EnableWSUSReboot ""
donderdag 19 november 2020 21:17:35 - ================================svw-be-dmsa03.balgroupit.com======================================
donderdag 19 november 2020 21:17:36 - ================================dms-ba01.balgroupit.com======================================
donderdag 19 november 2020 21:17:37 - Commandline		: EnableWSUSReboot ""
donderdag 19 november 2020 21:17:37 - ================================dms-ba01.balgroupit.com======================================
donderdag 19 november 2020 21:17:38 - ================================dms-ba01-file.balgroupit.com======================================
donderdag 19 november 2020 21:17:39 - Commandline		: EnableWSUSReboot ""
donderdag 19 november 2020 21:17:39 - ================================dms-ba01-file.balgroupit.com======================================
donderdag 19 november 2020 21:17:40 - ================================dms-ba01-g360.balgroupit.com======================================
donderdag 19 november 2020 21:17:41 - Commandline		: EnableWSUSReboot ""
donderdag 19 november 2020 21:17:41 - ================================dms-ba01-g360.balgroupit.com======================================
donderdag 19 november 2020 21:17:42 - ================================svw-be-porta01.balgroupit.com======================================
donderdag 19 november 2020 21:17:49 - Commandline		: stopAppPool "AL2AppPool64v2"
donderdag 19 november 2020 21:17:50 - Commandline		: stopAppPool "ALAppPool64v2"
donderdag 19 november 2020 21:17:50 - Commandline		: stopAppPool "Pool2"
donderdag 19 november 2020 21:17:50 - Commandline		: stopAppPool "Mercator.Portal.Portlets"
donderdag 19 november 2020 21:17:50 - Commandline		: stopAppPool "Mercator.Portal.WebService"
donderdag 19 november 2020 21:17:50 - Commandline		: stopAppPool "PortalASP"
donderdag 19 november 2020 21:17:50 - Commandline		: StopWebsite "WCI"
donderdag 19 november 2020 21:17:51 - Commandline		: StopWebsite "Default Web Site"
donderdag 19 november 2020 21:17:51 - Commandline		: StopWebsite "MercatorPortalWebService"
donderdag 19 november 2020 21:17:51 - Commandline		: StopService "Mercator.Portal.Scheduler"
donderdag 19 november 2020 21:17:51 - Commandline		: StopService "ptautomationserver"
donderdag 19 november 2020 21:17:51 - Commandline		: StopService "publishservice"
donderdag 19 november 2020 21:17:57 - Commandline		: StopService "rssreader"
donderdag 19 november 2020 21:18:01 - Commandline		: StopService "Oracle WCI Document Repository Service"
donderdag 19 november 2020 21:18:04 - Commandline		: StopService "svw-be-porta0101"
donderdag 19 november 2020 21:18:10 - Commandline		: StopService "SearchClusterUI"
donderdag 19 november 2020 21:18:13 - Commandline		: StopService "SearchService"
donderdag 19 november 2020 21:18:51 - Commandline		: StopService "wsserver"
donderdag 19 november 2020 21:18:54 - Commandline		: StopService "Oracle WCI Logger"
donderdag 19 november 2020 21:18:55 - Commandline		: StopService "ConfigurationManager12345"
donderdag 19 november 2020 21:18:55 - Commandline		: EnableWSUSReboot ""
donderdag 19 november 2020 21:18:56 - ================================svw-be-porta01.balgroupit.com======================================
donderdag 19 november 2020 21:18:56 - ================================svw-be-babsa001.balgroupit.com======================================
donderdag 19 november 2020 21:19:03 - Commandline		: EnableWSUSReboot ""
donderdag 19 november 2020 21:19:03 - ================================svw-be-babsa001.balgroupit.com======================================
donderdag 19 november 2020 21:19:03 - ================================svw-be-babsa002.balgroupit.com======================================
donderdag 19 november 2020 21:19:11 - Commandline		: EnableWSUSReboot ""
donderdag 19 november 2020 21:19:11 - ================================svw-be-babsa002.balgroupit.com======================================
donderdag 19 november 2020 21:19:11 - ================================svw-be-babba001.balgroupit.com======================================
donderdag 19 november 2020 21:19:12 - Commandline		: StopService "Baloise BaloiseBackendBatch"
donderdag 19 november 2020 21:19:12 - Commandline		: EnableWSUSReboot ""
donderdag 19 november 2020 21:19:12 - ================================svw-be-babba001.balgroupit.com======================================
donderdag 19 november 2020 21:19:12 - ================================svw-be-babba002.balgroupit.com======================================
donderdag 19 november 2020 21:19:13 - Commandline		: StopService "Baloise BaloiseBackendBatch"
donderdag 19 november 2020 21:19:13 - Commandline		: EnableWSUSReboot ""
donderdag 19 november 2020 21:19:13 - ================================svw-be-babba002.balgroupit.com======================================
donderdag 19 november 2020 21:19:14 - ================================svw-be-mfta001.balgroupit.com======================================
donderdag 19 november 2020 21:19:22 - Commandline		: StopService "Mercator Managed File Transfer"
donderdag 19 november 2020 21:19:23 - Commandline		: EnableWSUSReboot ""
donderdag 19 november 2020 21:19:23 - ================================svw-be-mfta001.balgroupit.com======================================
