vrijdag 18 juni 2021 4:32:05 - READING XML File :  \\balgroupit.com\appl_data\BBE\Transfer\Packages\Scripts\WSUS\Acorp\Acorp_Start_All.xml
vrijdag 18 juni 2021 4:32:05 - 
vrijdag 18 juni 2021 4:32:06 - ================================svw-be-webfa001.balgroupit.com======================================
vrijdag 18 juni 2021 4:32:06 - Commandline		: DisableWSUSReboot ""
vrijdag 18 juni 2021 4:32:06 - Commandline		: StartService "World Wide Web Publishing Service"
vrijdag 18 juni 2021 4:32:06 - Commandline		: StartWebsite "OnlineDocuments"
vrijdag 18 juni 2021 4:32:06 - Commandline		: StartWebsite "MNet"
vrijdag 18 juni 2021 4:32:07 - Commandline		: StartWebsite "MWebBvb"
vrijdag 18 juni 2021 4:32:07 - Commandline		: StartAppPool "DefaultAppPool"
vrijdag 18 juni 2021 4:32:07 - Commandline		: StartAppPool "ED"
vrijdag 18 juni 2021 4:32:07 - Commandline		: StartAppPool "EmployeeBenefits"
vrijdag 18 juni 2021 4:32:07 - Commandline		: StartAppPool "EtlLogViewer"
vrijdag 18 juni 2021 4:32:07 - Commandline		: StartAppPool "LevenAansluitingsverklaring"
vrijdag 18 juni 2021 4:32:07 - Commandline		: StartAppPool "LevenWijzigingsFormulier"
vrijdag 18 juni 2021 4:32:07 - Commandline		: StartAppPool "MercatorNet.RMMain"
vrijdag 18 juni 2021 4:32:07 - Commandline		: StartAppPool "MercatorNet.WSDeploy_3_0"
vrijdag 18 juni 2021 4:32:07 - Commandline		: StartAppPool "MercatorNet.WSMain"
vrijdag 18 juni 2021 4:32:08 - Commandline		: StartAppPool "MercatorNet.WSServices"
vrijdag 18 juni 2021 4:32:08 - Commandline		: StartAppPool "MercatorNet.WSTariff"
vrijdag 18 juni 2021 4:32:08 - Commandline		: StartAppPool "MercatorNetBroker.WSDeploy_3_0"
vrijdag 18 juni 2021 4:32:08 - Commandline		: StartAppPool "MercatorNetBroker.WSMain"
vrijdag 18 juni 2021 4:32:08 - Commandline		: StartAppPool "MercatorWebSite"
vrijdag 18 juni 2021 4:32:08 - Commandline		: StartAppPool "MWebBvb"
vrijdag 18 juni 2021 4:32:08 - Commandline		: StartAppPool "ScvWebService"
vrijdag 18 juni 2021 4:32:08 - ================================svw-be-webfa001.balgroupit.com======================================
vrijdag 18 juni 2021 4:32:08 - ================================svw-be-webfa002.balgroupit.com======================================
vrijdag 18 juni 2021 4:32:09 - Commandline		: DisableWSUSReboot ""
vrijdag 18 juni 2021 4:32:09 - Commandline		: StartService "World Wide Web Publishing Service"
vrijdag 18 juni 2021 4:32:09 - Commandline		: StartWebsite "OnlineDocuments"
vrijdag 18 juni 2021 4:32:09 - Commandline		: StartWebsite "MNet"
vrijdag 18 juni 2021 4:32:09 - Commandline		: StartWebsite "MWebBvb"
vrijdag 18 juni 2021 4:32:09 - Commandline		: StartAppPool "DefaultAppPool"
vrijdag 18 juni 2021 4:32:09 - Commandline		: StartAppPool "ED"
vrijdag 18 juni 2021 4:32:09 - Commandline		: StartAppPool "EmployeeBenefits"
vrijdag 18 juni 2021 4:32:09 - Commandline		: StartAppPool "EtlLogViewer"
vrijdag 18 juni 2021 4:32:10 - Commandline		: StartAppPool "LevenAansluitingsverklaring"
vrijdag 18 juni 2021 4:32:10 - Commandline		: StartAppPool "LevenWijzigingsFormulier"
vrijdag 18 juni 2021 4:32:10 - Commandline		: StartAppPool "MercatorNet.RMMain"
vrijdag 18 juni 2021 4:32:10 - Commandline		: StartAppPool "MercatorNet.WSDeploy_3_0"
vrijdag 18 juni 2021 4:32:10 - Commandline		: StartAppPool "MercatorNet.WSMain"
vrijdag 18 juni 2021 4:32:10 - Commandline		: StartAppPool "MercatorNet.WSServices"
vrijdag 18 juni 2021 4:32:10 - Commandline		: StartAppPool "MercatorNet.WSTariff"
vrijdag 18 juni 2021 4:32:10 - Commandline		: StartAppPool "MercatorNetBroker.WSDeploy_3_0"
vrijdag 18 juni 2021 4:32:10 - Commandline		: StartAppPool "MercatorNetBroker.WSMain"
vrijdag 18 juni 2021 4:32:10 - Commandline		: StartAppPool "MercatorWebSite"
vrijdag 18 juni 2021 4:32:10 - Commandline		: StartAppPool "MWebBvb"
vrijdag 18 juni 2021 4:32:10 - Commandline		: StartAppPool "ScvWebService"
vrijdag 18 juni 2021 4:32:11 - ================================svw-be-webfa002.balgroupit.com======================================
vrijdag 18 juni 2021 4:32:12 - ================================svw-be-weba02.balgroupit.com======================================
vrijdag 18 juni 2021 4:32:13 - Commandline		: DisableWSUSReboot ""
vrijdag 18 juni 2021 4:32:13 - Commandline		: StartService "World Wide Web Publishing Service"
vrijdag 18 juni 2021 4:32:13 - Commandline		: StartAppPool "DefaultAppPool"
vrijdag 18 juni 2021 4:32:13 - Commandline		: StartAppPool "MNet"
vrijdag 18 juni 2021 4:32:13 - Commandline		: StartAppPool "BaloiseBackend"
vrijdag 18 juni 2021 4:32:13 - Commandline		: StartAppPool "CDS"
vrijdag 18 juni 2021 4:32:13 - Commandline		: StartAppPool "Mercator.EAI.Framework.WebServices"
vrijdag 18 juni 2021 4:32:13 - Commandline		: StartAppPool "Mercator.Eai.Tools.Wsc"
vrijdag 18 juni 2021 4:32:14 - Commandline		: StartAppPool "Mercator.Portima"
vrijdag 18 juni 2021 4:32:14 - Commandline		: StartAppPool "Mercator.Portima.Monitoring"
vrijdag 18 juni 2021 4:32:14 - Commandline		: StartAppPool "MercatorNet.BoServices"
vrijdag 18 juni 2021 4:32:14 - Commandline		: StartAppPool "WSDms"
vrijdag 18 juni 2021 4:32:14 - Commandline		: StartAppPool "WSDmsDataRepository"
vrijdag 18 juni 2021 4:32:14 - Commandline		: StartWebsite "DmsDataRepository"
vrijdag 18 juni 2021 4:32:14 - Commandline		: StartWebsite "MNet"
vrijdag 18 juni 2021 4:32:14 - Commandline		: StartService "Steria's Dispatcher Service"
vrijdag 18 juni 2021 4:32:14 - Commandline		: StartService "Mercator Document Delivery"
vrijdag 18 juni 2021 4:32:14 - Commandline		: StartService "Mercator Document Generation"
vrijdag 18 juni 2021 4:32:15 - Commandline		: StartService "Mercator Organization Data"
vrijdag 18 juni 2021 4:32:15 - Commandline		: StartService "Mercator DMS Pdf Conversion Call"
vrijdag 18 juni 2021 4:32:15 - Commandline		: StartService "Mercator Document Management System Service"
vrijdag 18 juni 2021 4:32:15 - Commandline		: StartService "Mercator Document Management System Async Service"
vrijdag 18 juni 2021 4:32:15 - Commandline		: StartService "Mercator Document Management System Batch Avero Service"
vrijdag 18 juni 2021 4:32:15 - Commandline		: StartService "BaloiseDmsBatchService"
vrijdag 18 juni 2021 4:32:15 - Commandline		: StartService "Mercator Document Store"
vrijdag 18 juni 2021 4:32:15 - Commandline		: StartService "Mercator Xpim Document Store"
vrijdag 18 juni 2021 4:32:15 - Commandline		: StartService "Mercator DMS MailImport Service"
vrijdag 18 juni 2021 4:32:15 - Commandline		: StartService "Mercator DMS Import Portima Attachments"
vrijdag 18 juni 2021 4:32:15 - Commandline		: StartService "Mercator DMS Bulk Insert"
vrijdag 18 juni 2021 4:32:15 - Commandline		: StartService "Baloise Central Data Store"
vrijdag 18 juni 2021 4:32:15 - Commandline		: StartService "Baloise SyncTaskToDMS"
vrijdag 18 juni 2021 4:32:15 - Commandline		: StartService "Baloise Backend"
vrijdag 18 juni 2021 4:32:15 - Commandline		: StartService "MercatorNET SCV Batch Service"
vrijdag 18 juni 2021 4:32:16 - Commandline		: StartService "Mercator.Integration.EAI.3.9.Listener"
vrijdag 18 juni 2021 4:32:16 - Commandline		: StartComPlus "Mercator.Framework.ActiveDirectory"
vrijdag 18 juni 2021 4:32:16 - ================================svw-be-weba02.balgroupit.com======================================
vrijdag 18 juni 2021 4:32:16 - ================================svw-be-weba03.balgroupit.com======================================
vrijdag 18 juni 2021 4:32:17 - Commandline		: DisableWSUSReboot ""
vrijdag 18 juni 2021 4:32:17 - Commandline		: StartService "World Wide Web Publishing Service"
vrijdag 18 juni 2021 4:32:17 - Commandline		: StartAppPool "DefaultAppPool"
vrijdag 18 juni 2021 4:32:17 - Commandline		: StartAppPool "MNet"
vrijdag 18 juni 2021 4:32:17 - Commandline		: StartAppPool "BaloiseBackend"
vrijdag 18 juni 2021 4:32:17 - Commandline		: StartAppPool "CDS"
vrijdag 18 juni 2021 4:32:17 - Commandline		: StartAppPool "Mercator.EAI.Framework.WebServices"
vrijdag 18 juni 2021 4:32:17 - Commandline		: StartAppPool "Mercator.Eai.Tools.Wsc"
vrijdag 18 juni 2021 4:32:17 - Commandline		: StartAppPool "Mercator.Portima"
vrijdag 18 juni 2021 4:32:17 - Commandline		: StartAppPool "Mercator.Portima.Monitoring"
vrijdag 18 juni 2021 4:32:17 - Commandline		: StartAppPool "MercatorNet.BoServices"
vrijdag 18 juni 2021 4:32:17 - Commandline		: StartAppPool "WSDms"
vrijdag 18 juni 2021 4:32:17 - Commandline		: StartAppPool "WSDmsDataRepository"
vrijdag 18 juni 2021 4:32:18 - Commandline		: StartWebsite "DmsDataRepository"
vrijdag 18 juni 2021 4:32:18 - Commandline		: StartWebsite "MNet"
vrijdag 18 juni 2021 4:32:18 - Commandline		: StartService "Steria's Dispatcher Service"
vrijdag 18 juni 2021 4:32:18 - Commandline		: StartService "Mercator Document Delivery"
vrijdag 18 juni 2021 4:32:18 - Commandline		: StartService "Mercator Document Generation"
vrijdag 18 juni 2021 4:32:18 - Commandline		: StartService "Mercator Organization Data"
vrijdag 18 juni 2021 4:32:18 - Commandline		: StartService "Mercator DMS Pdf Conversion Call"
vrijdag 18 juni 2021 4:32:18 - Commandline		: StartService "Mercator Document Management System Service"
vrijdag 18 juni 2021 4:32:18 - Commandline		: StartService "Mercator Document Management System Async Service"
vrijdag 18 juni 2021 4:32:18 - Commandline		: StartService "Mercator Document Management System Batch Avero Service"
vrijdag 18 juni 2021 4:32:18 - Commandline		: StartService "BaloiseDmsBatchService"
vrijdag 18 juni 2021 4:32:18 - Commandline		: StartService "Mercator Document Store"
vrijdag 18 juni 2021 4:32:18 - Commandline		: StartService "Mercator Xpim Document Store"
vrijdag 18 juni 2021 4:32:18 - Commandline		: StartService "Mercator DMS MailImport Service"
vrijdag 18 juni 2021 4:32:18 - Commandline		: StartService "Mercator DMS Import Portima Attachments"
vrijdag 18 juni 2021 4:32:19 - Commandline		: StartService "Mercator DMS Bulk Insert"
vrijdag 18 juni 2021 4:32:19 - Commandline		: StartService "Baloise Central Data Store"
vrijdag 18 juni 2021 4:32:19 - Commandline		: StartService "Baloise SyncTaskToDMS"
vrijdag 18 juni 2021 4:32:19 - Commandline		: StartService "Baloise Backend"
vrijdag 18 juni 2021 4:32:19 - Commandline		: StartService "MercatorNET SCV Batch Service"
vrijdag 18 juni 2021 4:32:19 - Commandline		: StartService "Mercator.Integration.EAI.3.9.Listener"
vrijdag 18 juni 2021 4:32:19 - ================================svw-be-weba03.balgroupit.com======================================
vrijdag 18 juni 2021 4:32:19 - ================================svw-be-biza001.balgroupit.com======================================
vrijdag 18 juni 2021 4:32:20 - Commandline		: DisableWSUSReboot ""
vrijdag 18 juni 2021 4:32:20 - Commandline		: StartService "Mercator Managed File Transfer"
vrijdag 18 juni 2021 4:32:20 - Commandline		: StartService "Mercator Esb Process Initializer"
vrijdag 18 juni 2021 4:32:20 - ================================svw-be-biza001.balgroupit.com======================================
vrijdag 18 juni 2021 4:32:20 - ================================svw-be-biza002.balgroupit.com======================================
vrijdag 18 juni 2021 4:32:21 - Commandline		: DisableWSUSReboot ""
vrijdag 18 juni 2021 4:32:21 - Commandline		: StartService "Mercator Managed File Transfer"
vrijdag 18 juni 2021 4:32:21 - Commandline		: StartService "Mercator Esb Process Initializer"
vrijdag 18 juni 2021 4:32:21 - ================================svw-be-biza002.balgroupit.com======================================
vrijdag 18 juni 2021 4:32:22 - ================================svw-be-eaia01.balgroupit.com======================================
vrijdag 18 juni 2021 4:32:22 - Commandline		: DisableWSUSReboot ""
vrijdag 18 juni 2021 4:32:22 - Commandline		: StartService "mercator.eai.docservice"
vrijdag 18 juni 2021 4:32:22 - Commandline		: StartProcess "dllhost.exe"
vrijdag 18 juni 2021 4:32:22 - Commandline		: StartProcess "winword.exe"
vrijdag 18 juni 2021 4:32:22 - ================================svw-be-eaia01.balgroupit.com======================================
vrijdag 18 juni 2021 4:32:23 - ================================svw-be-eaia04.balgroupit.com======================================
vrijdag 18 juni 2021 4:32:23 - Commandline		: DisableWSUSReboot ""
vrijdag 18 juni 2021 4:32:23 - Commandline		: StartService "mercator.eai.docservice"
vrijdag 18 juni 2021 4:32:23 - ================================svw-be-eaia04.balgroupit.com======================================
vrijdag 18 juni 2021 4:32:24 - ================================svw-be-dmsa001.balgroupit.com======================================
vrijdag 18 juni 2021 4:32:25 - Commandline		: DisableWsusReboot ""
vrijdag 18 juni 2021 4:32:25 - ================================svw-be-dmsa001.balgroupit.com======================================
vrijdag 18 juni 2021 4:32:26 - ================================svw-be-dmsa002.balgroupit.com======================================
vrijdag 18 juni 2021 4:32:26 - Commandline		: DisableWsusReboot ""
vrijdag 18 juni 2021 4:32:26 - ================================svw-be-dmsa002.balgroupit.com======================================
vrijdag 18 juni 2021 4:32:28 - ================================svw-be-dmsa03.balgroupit.com======================================
vrijdag 18 juni 2021 4:32:28 - Commandline		: DisableWsusReboot ""
vrijdag 18 juni 2021 4:32:29 - Commandline		: StartService "Execute360 Archive Manager"
vrijdag 18 juni 2021 4:32:29 - ================================svw-be-dmsa03.balgroupit.com======================================
vrijdag 18 juni 2021 4:32:29 - ================================dms-ba01.balgroupit.com======================================
vrijdag 18 juni 2021 4:32:29 - Commandline		: DisableWsusReboot ""
vrijdag 18 juni 2021 4:32:30 - ================================dms-ba01.balgroupit.com======================================
vrijdag 18 juni 2021 4:32:30 - ================================dms-ba01-file.balgroupit.com======================================
vrijdag 18 juni 2021 4:32:30 - Commandline		: DisableWsusReboot ""
vrijdag 18 juni 2021 4:32:30 - ================================dms-ba01-file.balgroupit.com======================================
vrijdag 18 juni 2021 4:32:31 - ================================dms-ba01-g360.balgroupit.com======================================
vrijdag 18 juni 2021 4:32:31 - Commandline		: DisableWsusReboot ""
vrijdag 18 juni 2021 4:32:31 - ================================dms-ba01-g360.balgroupit.com======================================
vrijdag 18 juni 2021 4:32:32 - ================================shw-be-atrace51.balgroupit.com======================================
vrijdag 18 juni 2021 4:32:32 - Commandline		: DisableWsusReboot ""
vrijdag 18 juni 2021 4:32:32 - ================================shw-be-atrace51.balgroupit.com======================================
vrijdag 18 juni 2021 4:32:33 - ================================svw-be-porta01.balgroupit.com======================================
vrijdag 18 juni 2021 4:32:33 - Commandline		: DisableWSUSReboot ""
vrijdag 18 juni 2021 4:32:33 - Commandline		: StartService "Oracle WCI Logger"
vrijdag 18 juni 2021 4:32:33 - Commandline		: StartService "wsserver"
vrijdag 18 juni 2021 4:32:33 - Commandline		: StartService "SearchService"
vrijdag 18 juni 2021 4:32:33 - Commandline		: StartService "svw-be-porta0101"
vrijdag 18 juni 2021 4:32:34 - Commandline		: StartService "SearchClusterUI"
vrijdag 18 juni 2021 4:32:34 - Commandline		: StartService "Oracle WCI Document Repository Service"
vrijdag 18 juni 2021 4:32:34 - Commandline		: StartService "rssreader"
vrijdag 18 juni 2021 4:32:34 - Commandline		: StartService "publishservice"
vrijdag 18 juni 2021 4:32:34 - Commandline		: StartService "ptautomationserver"
vrijdag 18 juni 2021 4:32:39 - Commandline		: StartService "Mercator.Portal.Scheduler"
vrijdag 18 juni 2021 4:32:41 - Commandline		: startWebsite "MercatorPortalWebService"
vrijdag 18 juni 2021 4:32:42 - Commandline		: startWebsite "Default Web Site"
vrijdag 18 juni 2021 4:32:42 - Commandline		: startWebsite "WCI"
vrijdag 18 juni 2021 4:32:42 - Commandline		: startAppPool "Pool2"
vrijdag 18 juni 2021 4:32:42 - Commandline		: startAppPool "Mercator.Portal.Portlets"
vrijdag 18 juni 2021 4:32:42 - Commandline		: startAppPool "Mercator.Portal.WebService"
vrijdag 18 juni 2021 4:32:42 - Commandline		: startAppPool "PortalASP"
vrijdag 18 juni 2021 4:32:42 - Commandline		: startAppPool "AL2AppPool64v2"
vrijdag 18 juni 2021 4:32:42 - Commandline		: startAppPool "ALAppPool64v2"
vrijdag 18 juni 2021 4:32:42 - ================================svw-be-porta01.balgroupit.com======================================
vrijdag 18 juni 2021 4:32:43 - ================================svw-be-babsa001.balgroupit.com======================================
vrijdag 18 juni 2021 4:32:43 - Commandline		: DisableWSUSReboot ""
vrijdag 18 juni 2021 4:32:43 - ================================svw-be-babsa001.balgroupit.com======================================
vrijdag 18 juni 2021 4:32:43 - ================================svw-be-babsa002.balgroupit.com======================================
vrijdag 18 juni 2021 4:32:44 - Commandline		: DisableWSUSReboot ""
vrijdag 18 juni 2021 4:32:44 - ================================svw-be-babsa002.balgroupit.com======================================
vrijdag 18 juni 2021 4:32:44 - ================================svw-be-babba001.balgroupit.com======================================
vrijdag 18 juni 2021 4:32:45 - Commandline		: DisableWSUSReboot ""
vrijdag 18 juni 2021 4:32:45 - Commandline		: StartService "Baloise BaloiseBackendBatch"
vrijdag 18 juni 2021 4:32:45 - ================================svw-be-babba001.balgroupit.com======================================
vrijdag 18 juni 2021 4:32:46 - ================================svw-be-babba002.balgroupit.com======================================
vrijdag 18 juni 2021 4:32:46 - Commandline		: DisableWSUSReboot ""
vrijdag 18 juni 2021 4:32:46 - Commandline		: StartService "Baloise BaloiseBackendBatch"
vrijdag 18 juni 2021 4:32:46 - ================================svw-be-babba002.balgroupit.com======================================
vrijdag 18 juni 2021 4:32:47 - ================================svw-be-mfta001.balgroupit.com======================================
vrijdag 18 juni 2021 4:32:49 - Commandline		: DisableWSUSReboot ""
vrijdag 18 juni 2021 4:32:49 - Commandline		: StartService "Mercator Managed File Transfer"
vrijdag 18 juni 2021 4:32:49 - ================================svw-be-mfta001.balgroupit.com======================================
