donderdag 17 juni 2021 21:01:57 - READING XML File :  \\balgroupit.com\appl_data\BBE\Transfer\Packages\Scripts\WSUS\Acorp\Acorp_Stop_All.xml
donderdag 17 juni 2021 21:01:57 - 
donderdag 17 juni 2021 21:02:02 - ================================shw-be-atrace51.balgroupit.com======================================
donderdag 17 juni 2021 21:02:02 - Commandline		: EnableWSUSReboot ""
donderdag 17 juni 2021 21:02:02 - ================================shw-be-atrace51.balgroupit.com======================================
donderdag 17 juni 2021 21:02:05 - ================================svw-be-eaia01.balgroupit.com======================================
donderdag 17 juni 2021 21:02:06 - Commandline		: StopService "mercator.eai.docservice"
donderdag 17 juni 2021 21:02:06 - Commandline		: StopProcess "dllhost.exe"
donderdag 17 juni 2021 21:02:06 - Commandline		: StopProcess "winword.exe"
donderdag 17 juni 2021 21:02:06 - Commandline		: EnableWSUSReboot ""
donderdag 17 juni 2021 21:02:06 - ================================svw-be-eaia01.balgroupit.com======================================
donderdag 17 juni 2021 21:02:09 - ================================svw-be-eaia04.balgroupit.com======================================
donderdag 17 juni 2021 21:02:10 - Commandline		: StopService "mercator.eai.docservice"
donderdag 17 juni 2021 21:02:11 - Commandline		: StopProcess "dllhost.exe"
donderdag 17 juni 2021 21:02:11 - Commandline		: StopProcess "winword.exe"
donderdag 17 juni 2021 21:02:11 - Commandline		: EnableWSUSReboot ""
donderdag 17 juni 2021 21:02:11 - ================================svw-be-eaia04.balgroupit.com======================================
donderdag 17 juni 2021 21:02:17 - ================================svw-be-weba02.balgroupit.com======================================
donderdag 17 juni 2021 21:02:26 - Commandline		: StopWebsite "DmsDataRepository"
donderdag 17 juni 2021 21:02:27 - Commandline		: StopWebsite "MNet"
donderdag 17 juni 2021 21:02:27 - Commandline		: StartAppPool "MNet"
donderdag 17 juni 2021 21:02:28 - Commandline		: StopAppPool "DefaultAppPool"
donderdag 17 juni 2021 21:02:28 - Commandline		: StopAppPool "WSDMS"
donderdag 17 juni 2021 21:02:28 - Commandline		: StopAppPool "WSDmsDataRepository"
donderdag 17 juni 2021 21:02:28 - Commandline		: StopAppPool "BaloiseBackend"
donderdag 17 juni 2021 21:02:28 - Commandline		: StopAppPool "CDS"
donderdag 17 juni 2021 21:02:28 - Commandline		: StopAppPool "MercatorNet.BoServices"
donderdag 17 juni 2021 21:02:28 - Commandline		: StopAppPool "Mercator.Portima.Monitoring"
donderdag 17 juni 2021 21:02:28 - Commandline		: StopAppPool "Mercator.Portima"
donderdag 17 juni 2021 21:02:28 - Commandline		: StopAppPool "Mercator.Eai.Tools.Wsc"
donderdag 17 juni 2021 21:02:28 - Commandline		: StopAppPool "Mercator.EAI.Framework.WebServices"
donderdag 17 juni 2021 21:02:28 - Commandline		: StopService "World Wide Web Publishing Service"
donderdag 17 juni 2021 21:02:28 - Commandline		: StopService "Baloise Backend"
donderdag 17 juni 2021 21:02:29 - Commandline		: StopService "Baloise Central Data Store"
donderdag 17 juni 2021 21:02:29 - Commandline		: StopService "Baloise SyncTaskToDMS"
donderdag 17 juni 2021 21:02:29 - Commandline		: StopService "Mercator DMS Bulk Insert"
donderdag 17 juni 2021 21:02:29 - Commandline		: StopService "Mercator DMS Import Portima Attachments"
donderdag 17 juni 2021 21:02:29 - Commandline		: StopService "Mercator DMS MailImport Service"
donderdag 17 juni 2021 21:02:29 - Commandline		: StopService "Mercator Xpim Document Store"
donderdag 17 juni 2021 21:02:29 - Commandline		: StopService "Mercator Document Store"
donderdag 17 juni 2021 21:02:29 - Commandline		: StopService "BaloiseDmsBatchService"
donderdag 17 juni 2021 21:02:30 - Commandline		: StopService "Mercator Document Management System Service"
donderdag 17 juni 2021 21:02:30 - Commandline		: StopService "Mercator Document Management System Async Service"
donderdag 17 juni 2021 21:02:30 - Commandline		: StopService "Mercator Document Management System Batch Avero Service"
donderdag 17 juni 2021 21:02:30 - Commandline		: StopService "Mercator DMS Pdf Conversion Call"
donderdag 17 juni 2021 21:02:30 - Commandline		: StopService "MercatorNET SCV Batch Service"
donderdag 17 juni 2021 21:02:30 - Commandline		: StopService "Mercator Organization Data"
donderdag 17 juni 2021 21:02:31 - Commandline		: StopService "Mercator Document Generation"
donderdag 17 juni 2021 21:02:31 - Commandline		: StopService "Mercator Document Delivery"
donderdag 17 juni 2021 21:02:31 - Commandline		: StopService "Steria's Dispatcher Service"
donderdag 17 juni 2021 21:02:31 - Commandline		: StopService "Mercator.Integration.EAI.3.9.Listener"
donderdag 17 juni 2021 21:02:31 - Commandline		: StopComPlus "Mercator.Framework.ActiveDirectory"
donderdag 17 juni 2021 21:02:32 - Commandline		: StopComPlus "Mercator.EAI.3.9.Components"
donderdag 17 juni 2021 21:02:35 - Commandline		: StopComPlus "Mercator.Framework.Document.Management.Global360"
donderdag 17 juni 2021 21:02:36 - Commandline		: RemoveDirectory "C:\WINDOWS\Microsoft.NET\Framework\v4.0.30319\Temporary ASP.NET Files\cds"
donderdag 17 juni 2021 21:02:36 - Commandline		: RemoveDirectory "C:\WINDOWS\Microsoft.NET\Framework\v2.0.50727\Temporary ASP.NET Files\mercatornet.boservices"
donderdag 17 juni 2021 21:02:36 - Commandline		: RemoveDirectory "C:\WINDOWS\Microsoft.NET\Framework\v2.0.50727\Temporary ASP.NET Files\mercator.eai.framework.webservices"
donderdag 17 juni 2021 21:02:36 - Commandline		: RemoveDirectory "C:\WINDOWS\Microsoft.NET\Framework\v2.0.50727\Temporary ASP.NET Files\mercator.eai.tools.wsc"
donderdag 17 juni 2021 21:02:36 - Commandline		: RemoveDirectory "C:\WINDOWS\Microsoft.NET\Framework\v2.0.50727\Temporary ASP.NET Files\Mercator.Portima.Monitoring"
donderdag 17 juni 2021 21:02:36 - Commandline		: RemoveDirectory "C:\WINDOWS\Microsoft.NET\Framework\v2.0.50727\Temporary ASP.NET Files\Mercator.Portima"
donderdag 17 juni 2021 21:02:36 - Commandline		: RemoveDirectory "C:\WINDOWS\Microsoft.NET\Framework\v2.0.50727\Temporary ASP.NET Files\WSDMS"
donderdag 17 juni 2021 21:02:36 - Commandline		: RemoveDirectory "C:\WINDOWS\Microsoft.NET\Framework\v2.0.50727\Temporary ASP.NET Files\wsdmsdatarepository"
donderdag 17 juni 2021 21:02:36 - Commandline		: EnableWSUSReboot ""
donderdag 17 juni 2021 21:02:36 - ================================svw-be-weba02.balgroupit.com======================================
donderdag 17 juni 2021 21:02:37 - ================================svw-be-weba03.balgroupit.com======================================
donderdag 17 juni 2021 21:02:44 - Commandline		: StopWebsite "DmsDataRepository"
donderdag 17 juni 2021 21:02:45 - Commandline		: StopWebsite "MNet"
donderdag 17 juni 2021 21:02:45 - Commandline		: StopAppPool "DefaultAppPool"
donderdag 17 juni 2021 21:02:45 - Commandline		: StopAppPool "WSDMS"
donderdag 17 juni 2021 21:02:45 - Commandline		: StopAppPool "WSDmsDataRepository"
donderdag 17 juni 2021 21:02:45 - Commandline		: StopAppPool "BaloiseBackend"
donderdag 17 juni 2021 21:02:46 - Commandline		: StopAppPool "CDS"
donderdag 17 juni 2021 21:02:46 - Commandline		: StopAppPool "MercatorNet.BoServices"
donderdag 17 juni 2021 21:02:46 - Commandline		: StopAppPool "Mercator.Portima.Monitoring"
donderdag 17 juni 2021 21:02:46 - Commandline		: StopAppPool "Mercator.Portima"
donderdag 17 juni 2021 21:02:46 - Commandline		: StopAppPool "Mercator.Eai.Tools.Wsc"
donderdag 17 juni 2021 21:02:46 - Commandline		: StopAppPool "Mercator.EAI.Framework.WebServices"
donderdag 17 juni 2021 21:02:46 - Commandline		: StopService "World Wide Web Publishing Service"
donderdag 17 juni 2021 21:02:46 - Commandline		: StopService "Baloise Backend"
donderdag 17 juni 2021 21:02:46 - Commandline		: StopService "Baloise Central Data Store"
donderdag 17 juni 2021 21:02:46 - Commandline		: StopService "Baloise SyncTaskToDMS"
donderdag 17 juni 2021 21:02:47 - Commandline		: StopService "Mercator DMS Bulk Insert"
donderdag 17 juni 2021 21:02:47 - Commandline		: StopService "Mercator DMS Import Portima Attachments"
donderdag 17 juni 2021 21:02:47 - Commandline		: StopService "Mercator DMS MailImport Service"
donderdag 17 juni 2021 21:02:48 - Commandline		: StopService "Mercator Xpim Document Store"
donderdag 17 juni 2021 21:02:48 - Commandline		: StopService "Mercator Document Store"
donderdag 17 juni 2021 21:02:48 - Commandline		: StopService "BaloiseDmsBatchService"
donderdag 17 juni 2021 21:02:48 - Commandline		: StopService "Mercator Document Management System Service"
donderdag 17 juni 2021 21:02:48 - Commandline		: StopService "Mercator Document Management System Async Service"
donderdag 17 juni 2021 21:02:48 - Commandline		: StopService "Mercator Document Management System Batch Avero Service"
donderdag 17 juni 2021 21:02:49 - Commandline		: StopService "Mercator DMS Pdf Conversion Call"
donderdag 17 juni 2021 21:02:49 - Commandline		: StopService "MercatorNET SCV Batch Service"
donderdag 17 juni 2021 21:02:49 - Commandline		: StopService "Mercator Organization Data"
donderdag 17 juni 2021 21:02:49 - Commandline		: StopService "Mercator Document Generation"
donderdag 17 juni 2021 21:02:49 - Commandline		: StopService "Mercator Document Delivery"
donderdag 17 juni 2021 21:02:49 - Commandline		: StopService "Steria's Dispatcher Service"
donderdag 17 juni 2021 21:02:50 - Commandline		: StopService "Mercator.Integration.EAI.3.9.Listener"
donderdag 17 juni 2021 21:02:50 - Commandline		: StopComPlus "Mercator.Framework.ActiveDirectory"
donderdag 17 juni 2021 21:02:51 - Commandline		: StopComPlus "Mercator.EAI.3.9.Components"
donderdag 17 juni 2021 21:02:51 - Commandline		: StopComPlus "Mercator.Framework.Document.Management.Global360"
donderdag 17 juni 2021 21:02:54 - Commandline		: RemoveDirectory "C:\WINDOWS\Microsoft.NET\Framework\v4.0.30319\Temporary ASP.NET Files\cds"
donderdag 17 juni 2021 21:02:54 - Commandline		: RemoveDirectory "C:\WINDOWS\Microsoft.NET\Framework\v2.0.50727\Temporary ASP.NET Files\mercatornet.boservices"
donderdag 17 juni 2021 21:02:54 - Commandline		: RemoveDirectory "C:\WINDOWS\Microsoft.NET\Framework\v2.0.50727\Temporary ASP.NET Files\mercator.eai.framework.webservices"
donderdag 17 juni 2021 21:02:54 - Commandline		: RemoveDirectory "C:\WINDOWS\Microsoft.NET\Framework\v2.0.50727\Temporary ASP.NET Files\mercator.eai.tools.wsc"
donderdag 17 juni 2021 21:02:54 - Commandline		: RemoveDirectory "C:\WINDOWS\Microsoft.NET\Framework\v2.0.50727\Temporary ASP.NET Files\Mercator.Portima.Monitoring"
donderdag 17 juni 2021 21:02:54 - Commandline		: RemoveDirectory "C:\WINDOWS\Microsoft.NET\Framework\v2.0.50727\Temporary ASP.NET Files\Mercator.Portima"
donderdag 17 juni 2021 21:02:54 - Commandline		: RemoveDirectory "C:\WINDOWS\Microsoft.NET\Framework\v2.0.50727\Temporary ASP.NET Files\WSDMS"
donderdag 17 juni 2021 21:02:54 - Commandline		: RemoveDirectory "C:\WINDOWS\Microsoft.NET\Framework\v2.0.50727\Temporary ASP.NET Files\wsdmsdatarepository"
donderdag 17 juni 2021 21:02:55 - Commandline		: EnableWSUSReboot ""
donderdag 17 juni 2021 21:02:55 - ================================svw-be-weba03.balgroupit.com======================================
donderdag 17 juni 2021 21:02:56 - ================================svw-be-webfa001.balgroupit.com======================================
donderdag 17 juni 2021 21:03:20 - Commandline		: StopAppPool "DefaultAppPool"
donderdag 17 juni 2021 21:03:20 - Commandline		: StopAppPool "ED"
donderdag 17 juni 2021 21:03:20 - Commandline		: StopAppPool "EmployeeBenefits"
donderdag 17 juni 2021 21:03:21 - Commandline		: StopAppPool "EtlLogViewer"
donderdag 17 juni 2021 21:03:21 - Commandline		: StopAppPool "LevenAansluitingsverklaring"
donderdag 17 juni 2021 21:03:21 - Commandline		: StopAppPool "LevenWijzigingsFormulier"
donderdag 17 juni 2021 21:03:21 - Commandline		: StopAppPool "MercatorNet.RMMain"
donderdag 17 juni 2021 21:03:21 - Commandline		: StopAppPool "MercatorNet.WSDeploy_3_0"
donderdag 17 juni 2021 21:03:21 - Commandline		: StopAppPool "MercatorNet.WSMain"
donderdag 17 juni 2021 21:03:21 - Commandline		: StopAppPool "MercatorNet.WSServices"
donderdag 17 juni 2021 21:03:21 - Commandline		: StopAppPool "MercatorNet.WSTariff"
donderdag 17 juni 2021 21:03:21 - Commandline		: StopAppPool "MercatorNetBroker.WSDeploy_3_0"
donderdag 17 juni 2021 21:03:22 - Commandline		: StopAppPool "MercatorNetBroker.WSMain"
donderdag 17 juni 2021 21:03:22 - Commandline		: StopAppPool "MercatorWebSite"
donderdag 17 juni 2021 21:03:22 - Commandline		: StopAppPool "MyBaloiseBroker"
donderdag 17 juni 2021 21:03:22 - Commandline		: StopAppPool "MWebBvb"
donderdag 17 juni 2021 21:03:22 - Commandline		: StopAppPool "ScvWebService"
donderdag 17 juni 2021 21:03:22 - Commandline		: StopWebsite "OnlineDocuments"
donderdag 17 juni 2021 21:03:22 - Commandline		: StopWebsite "MNet"
donderdag 17 juni 2021 21:03:22 - Commandline		: StopWebsite "MWebBvb"
donderdag 17 juni 2021 21:03:22 - Commandline		: StopService "World Wide Web Publishing Service"
donderdag 17 juni 2021 21:03:23 - Commandline		: StopComPlus "Mercator.Framework.ActiveDirectory"
donderdag 17 juni 2021 21:03:23 - Commandline		: StopComPlus "Mercator.Framework.Document.Management.Global360"
donderdag 17 juni 2021 21:03:23 - Commandline		: RemoveDirectory "C:\WINDOWS\Microsoft.NET\Framework\v2.0.50727\Temporary ASP.NET Files\levenaansluitingsverklaring"
donderdag 17 juni 2021 21:03:23 - Commandline		: RemoveDirectory "C:\WINDOWS\Microsoft.NET\Framework\v2.0.50727\Temporary ASP.NET Files\levenwijzigingsformulier"
donderdag 17 juni 2021 21:03:23 - Commandline		: RemoveDirectory "C:\WINDOWS\Microsoft.NET\Framework\v2.0.50727\Temporary ASP.NET Files\ed"
donderdag 17 juni 2021 21:03:23 - Commandline		: RemoveDirectory "C:\WINDOWS\Microsoft.NET\Framework\v2.0.50727\Temporary ASP.NET Files\mercatornet.rmmain"
donderdag 17 juni 2021 21:03:23 - Commandline		: RemoveDirectory "C:\WINDOWS\Microsoft.NET\Framework\v2.0.50727\Temporary ASP.NET Files\mercatornet.wsdeploy_3_0"
donderdag 17 juni 2021 21:03:23 - Commandline		: RemoveDirectory "C:\WINDOWS\Microsoft.NET\Framework\v2.0.50727\Temporary ASP.NET Files\mercatornet.wsmain"
donderdag 17 juni 2021 21:03:23 - Commandline		: RemoveDirectory "C:\WINDOWS\Microsoft.NET\Framework\v2.0.50727\Temporary ASP.NET Files\mercatornet.wsservices"
donderdag 17 juni 2021 21:03:23 - Commandline		: RemoveDirectory "C:\WINDOWS\Microsoft.NET\Framework\v2.0.50727\Temporary ASP.NET Files\mercatornet.wstariff"
donderdag 17 juni 2021 21:03:24 - Commandline		: RemoveDirectory "C:\WINDOWS\Microsoft.NET\Framework\v2.0.50727\Temporary ASP.NET Files\mercatornetbroker.wsdeploy_3_0"
donderdag 17 juni 2021 21:03:24 - Commandline		: RemoveDirectory "C:\WINDOWS\Microsoft.NET\Framework\v2.0.50727\Temporary ASP.NET Files\mercatornetbroker.wsmain"
donderdag 17 juni 2021 21:03:24 - Commandline		: RemoveDirectory "C:\WINDOWS\Microsoft.NET\Framework\v2.0.50727\Temporary ASP.NET Files\mercatornethelppages"
donderdag 17 juni 2021 21:03:24 - Commandline		: RemoveDirectory "C:\WINDOWS\Microsoft.NET\Framework\v2.0.50727\Temporary ASP.NET Files\scvwebservice"
donderdag 17 juni 2021 21:03:24 - Commandline		: EnableWSUSReboot ""
donderdag 17 juni 2021 21:03:24 - ================================svw-be-webfa001.balgroupit.com======================================
donderdag 17 juni 2021 21:03:24 - ================================svw-be-webfa002.balgroupit.com======================================
donderdag 17 juni 2021 21:03:32 - Commandline		: StopAppPool "DefaultAppPool"
donderdag 17 juni 2021 21:03:32 - Commandline		: StopAppPool "ED"
donderdag 17 juni 2021 21:03:32 - Commandline		: StopAppPool "EmployeeBenefits"
donderdag 17 juni 2021 21:03:32 - Commandline		: StopAppPool "EtlLogViewer"
donderdag 17 juni 2021 21:03:32 - Commandline		: StopAppPool "LevenAansluitingsverklaring"
donderdag 17 juni 2021 21:03:32 - Commandline		: StopAppPool "LevenWijzigingsFormulier"
donderdag 17 juni 2021 21:03:33 - Commandline		: StopAppPool "MercatorNet.RMMain"
donderdag 17 juni 2021 21:03:33 - Commandline		: StopAppPool "MercatorNet.WSDeploy_3_0"
donderdag 17 juni 2021 21:03:33 - Commandline		: StopAppPool "MercatorNet.WSMain"
donderdag 17 juni 2021 21:03:33 - Commandline		: StopAppPool "MercatorNet.WSServices"
donderdag 17 juni 2021 21:03:33 - Commandline		: StopAppPool "MercatorNet.WSTariff"
donderdag 17 juni 2021 21:03:33 - Commandline		: StopAppPool "MercatorNetBroker.WSDeploy_3_0"
donderdag 17 juni 2021 21:03:33 - Commandline		: StopAppPool "MercatorNetBroker.WSMain"
donderdag 17 juni 2021 21:03:33 - Commandline		: StopAppPool "MercatorWebSite"
donderdag 17 juni 2021 21:03:33 - Commandline		: StopAppPool "MyBaloiseBroker"
donderdag 17 juni 2021 21:03:34 - Commandline		: StopAppPool "MWebBvb"
donderdag 17 juni 2021 21:03:34 - Commandline		: StopAppPool "ScvWebService"
donderdag 17 juni 2021 21:03:34 - Commandline		: StopWebsite "OnlineDocuments"
donderdag 17 juni 2021 21:03:34 - Commandline		: StopWebsite "MNet"
donderdag 17 juni 2021 21:03:34 - Commandline		: StopWebsite "MWebBvb"
donderdag 17 juni 2021 21:03:34 - Commandline		: StopService "World Wide Web Publishing Service"
donderdag 17 juni 2021 21:03:34 - Commandline		: StopComPlus "Mercator.Framework.ActiveDirectory"
donderdag 17 juni 2021 21:03:34 - Commandline		: StopComPlus "Mercator.Framework.Document.Management.Global360"
donderdag 17 juni 2021 21:03:34 - Commandline		: RemoveDirectory "C:\WINDOWS\Microsoft.NET\Framework\v2.0.50727\Temporary ASP.NET Files\levenaansluitingsverklaring"
donderdag 17 juni 2021 21:03:34 - Commandline		: RemoveDirectory "C:\WINDOWS\Microsoft.NET\Framework\v2.0.50727\Temporary ASP.NET Files\levenwijzigingsformulier"
donderdag 17 juni 2021 21:03:35 - Commandline		: RemoveDirectory "C:\WINDOWS\Microsoft.NET\Framework\v2.0.50727\Temporary ASP.NET Files\ed"
donderdag 17 juni 2021 21:03:35 - Commandline		: RemoveDirectory "C:\WINDOWS\Microsoft.NET\Framework\v2.0.50727\Temporary ASP.NET Files\mercatornet.rmmain"
donderdag 17 juni 2021 21:03:35 - Commandline		: RemoveDirectory "C:\WINDOWS\Microsoft.NET\Framework\v2.0.50727\Temporary ASP.NET Files\mercatornet.wsdeploy_3_0"
donderdag 17 juni 2021 21:03:35 - Commandline		: RemoveDirectory "C:\WINDOWS\Microsoft.NET\Framework\v2.0.50727\Temporary ASP.NET Files\mercatornet.wsmain"
donderdag 17 juni 2021 21:03:35 - Commandline		: RemoveDirectory "C:\WINDOWS\Microsoft.NET\Framework\v2.0.50727\Temporary ASP.NET Files\mercatornet.wsservices"
donderdag 17 juni 2021 21:03:35 - Commandline		: RemoveDirectory "C:\WINDOWS\Microsoft.NET\Framework\v2.0.50727\Temporary ASP.NET Files\mercatornet.wstariff"
donderdag 17 juni 2021 21:03:35 - Commandline		: RemoveDirectory "C:\WINDOWS\Microsoft.NET\Framework\v2.0.50727\Temporary ASP.NET Files\mercatornetbroker.wsdeploy_3_0"
donderdag 17 juni 2021 21:03:35 - Commandline		: RemoveDirectory "C:\WINDOWS\Microsoft.NET\Framework\v2.0.50727\Temporary ASP.NET Files\mercatornetbroker.wsmain"
donderdag 17 juni 2021 21:03:35 - Commandline		: RemoveDirectory "C:\WINDOWS\Microsoft.NET\Framework\v2.0.50727\Temporary ASP.NET Files\mercatornethelppages"
donderdag 17 juni 2021 21:03:35 - Commandline		: RemoveDirectory "C:\WINDOWS\Microsoft.NET\Framework\v2.0.50727\Temporary ASP.NET Files\scvwebservice"
donderdag 17 juni 2021 21:03:35 - Commandline		: EnableWSUSReboot ""
donderdag 17 juni 2021 21:03:35 - ================================svw-be-webfa002.balgroupit.com======================================
donderdag 17 juni 2021 21:03:35 - ================================svw-be-biza001.balgroupit.com======================================
donderdag 17 juni 2021 21:03:43 - Commandline		: StopService "Mercator Managed File Transfer"
donderdag 17 juni 2021 21:03:43 - Commandline		: StopService "Mercator Esb Process Initializer"
donderdag 17 juni 2021 21:03:43 - Commandline		: EnableWSUSReboot ""
donderdag 17 juni 2021 21:03:44 - ================================svw-be-biza001.balgroupit.com======================================
donderdag 17 juni 2021 21:03:44 - ================================svw-be-biza002.balgroupit.com======================================
donderdag 17 juni 2021 21:03:52 - Commandline		: StopService "Mercator Managed File Transfer"
donderdag 17 juni 2021 21:03:52 - Commandline		: StopService "Mercator Esb Process Initializer"
donderdag 17 juni 2021 21:03:53 - Commandline		: EnableWSUSReboot ""
donderdag 17 juni 2021 21:03:53 - ================================svw-be-biza002.balgroupit.com======================================
donderdag 17 juni 2021 21:03:54 - ================================svw-be-dmsa001.balgroupit.com======================================
donderdag 17 juni 2021 21:04:02 - Commandline		: EnableWSUSReboot ""
donderdag 17 juni 2021 21:04:02 - ================================svw-be-dmsa001.balgroupit.com======================================
donderdag 17 juni 2021 21:04:02 - ================================svw-be-dmsa002.balgroupit.com======================================
donderdag 17 juni 2021 21:04:10 - Commandline		: EnableWSUSReboot ""
donderdag 17 juni 2021 21:04:10 - ================================svw-be-dmsa002.balgroupit.com======================================
donderdag 17 juni 2021 21:04:14 - ================================svw-be-dmsa03.balgroupit.com======================================
donderdag 17 juni 2021 21:04:23 - Commandline		: StopService "Execute360 Archive Manager"
donderdag 17 juni 2021 21:04:34 - Commandline		: EnableWSUSReboot ""
donderdag 17 juni 2021 21:04:34 - ================================svw-be-dmsa03.balgroupit.com======================================
donderdag 17 juni 2021 21:04:35 - ================================dms-ba01.balgroupit.com======================================
donderdag 17 juni 2021 21:04:36 - Commandline		: EnableWSUSReboot ""
donderdag 17 juni 2021 21:04:36 - ================================dms-ba01.balgroupit.com======================================
donderdag 17 juni 2021 21:04:37 - ================================dms-ba01-file.balgroupit.com======================================
donderdag 17 juni 2021 21:04:39 - Commandline		: EnableWSUSReboot ""
donderdag 17 juni 2021 21:04:39 - ================================dms-ba01-file.balgroupit.com======================================
donderdag 17 juni 2021 21:04:40 - ================================dms-ba01-g360.balgroupit.com======================================
donderdag 17 juni 2021 21:04:41 - Commandline		: EnableWSUSReboot ""
donderdag 17 juni 2021 21:04:41 - ================================dms-ba01-g360.balgroupit.com======================================
donderdag 17 juni 2021 21:04:42 - ================================svw-be-porta01.balgroupit.com======================================
donderdag 17 juni 2021 21:04:50 - Commandline		: stopAppPool "AL2AppPool64v2"
donderdag 17 juni 2021 21:04:50 - Commandline		: stopAppPool "ALAppPool64v2"
donderdag 17 juni 2021 21:04:51 - Commandline		: stopAppPool "Pool2"
donderdag 17 juni 2021 21:04:51 - Commandline		: stopAppPool "Mercator.Portal.Portlets"
donderdag 17 juni 2021 21:04:51 - Commandline		: stopAppPool "Mercator.Portal.WebService"
donderdag 17 juni 2021 21:04:51 - Commandline		: stopAppPool "PortalASP"
donderdag 17 juni 2021 21:04:51 - Commandline		: StopWebsite "WCI"
donderdag 17 juni 2021 21:04:51 - Commandline		: StopWebsite "Default Web Site"
donderdag 17 juni 2021 21:04:51 - Commandline		: StopWebsite "MercatorPortalWebService"
donderdag 17 juni 2021 21:04:51 - Commandline		: StopService "Mercator.Portal.Scheduler"
donderdag 17 juni 2021 21:04:51 - Commandline		: StopService "ptautomationserver"
donderdag 17 juni 2021 21:04:51 - Commandline		: StopService "publishservice"
donderdag 17 juni 2021 21:04:56 - Commandline		: StopService "rssreader"
donderdag 17 juni 2021 21:05:00 - Commandline		: StopService "Oracle WCI Document Repository Service"
donderdag 17 juni 2021 21:05:02 - Commandline		: StopService "svw-be-porta0101"
donderdag 17 juni 2021 21:05:05 - Commandline		: StopService "SearchClusterUI"
donderdag 17 juni 2021 21:05:07 - Commandline		: StopService "SearchService"
donderdag 17 juni 2021 21:05:45 - Commandline		: StopService "wsserver"
donderdag 17 juni 2021 21:05:47 - Commandline		: StopService "Oracle WCI Logger"
donderdag 17 juni 2021 21:05:48 - Commandline		: StopService "ConfigurationManager12345"
donderdag 17 juni 2021 21:05:48 - Commandline		: EnableWSUSReboot ""
donderdag 17 juni 2021 21:05:48 - ================================svw-be-porta01.balgroupit.com======================================
donderdag 17 juni 2021 21:05:49 - ================================svw-be-babsa001.balgroupit.com======================================
donderdag 17 juni 2021 21:05:56 - Commandline		: EnableWSUSReboot ""
donderdag 17 juni 2021 21:05:56 - ================================svw-be-babsa001.balgroupit.com======================================
donderdag 17 juni 2021 21:05:57 - ================================svw-be-babsa002.balgroupit.com======================================
donderdag 17 juni 2021 21:06:04 - Commandline		: EnableWSUSReboot ""
donderdag 17 juni 2021 21:06:04 - ================================svw-be-babsa002.balgroupit.com======================================
donderdag 17 juni 2021 21:06:05 - ================================svw-be-babba001.balgroupit.com======================================
donderdag 17 juni 2021 21:06:06 - Commandline		: StopService "Baloise BaloiseBackendBatch"
donderdag 17 juni 2021 21:06:06 - Commandline		: EnableWSUSReboot ""
donderdag 17 juni 2021 21:06:06 - ================================svw-be-babba001.balgroupit.com======================================
donderdag 17 juni 2021 21:06:06 - ================================svw-be-babba002.balgroupit.com======================================
donderdag 17 juni 2021 21:06:07 - Commandline		: StopService "Baloise BaloiseBackendBatch"
donderdag 17 juni 2021 21:06:07 - Commandline		: EnableWSUSReboot ""
donderdag 17 juni 2021 21:06:07 - ================================svw-be-babba002.balgroupit.com======================================
donderdag 17 juni 2021 21:06:08 - ================================svw-be-mfta001.balgroupit.com======================================
donderdag 17 juni 2021 21:06:13 - Commandline		: StopService "Mercator Managed File Transfer"
donderdag 17 juni 2021 21:06:13 - Commandline		: EnableWSUSReboot ""
donderdag 17 juni 2021 21:06:13 - ================================svw-be-mfta001.balgroupit.com======================================
