donderdag 22 juli 2021 23:15:31 - READING XML File :  \\balgroupit.com\appl_data\BBE\Transfer\Packages\Scripts\WSUS\Acorp\Acorp_Start_All.xml
donderdag 22 juli 2021 23:15:31 - 
donderdag 22 juli 2021 23:15:32 - ================================svw-be-webfa001.balgroupit.com======================================
donderdag 22 juli 2021 23:15:32 - Commandline		: DisableWSUSReboot ""
donderdag 22 juli 2021 23:15:32 - Commandline		: StartService "World Wide Web Publishing Service"
donderdag 22 juli 2021 23:15:32 - Commandline		: StartWebsite "OnlineDocuments"
donderdag 22 juli 2021 23:15:33 - Commandline		: StartWebsite "MNet"
donderdag 22 juli 2021 23:15:33 - Commandline		: StartWebsite "MWebBvb"
donderdag 22 juli 2021 23:15:33 - Commandline		: StartAppPool "DefaultAppPool"
donderdag 22 juli 2021 23:15:33 - Commandline		: StartAppPool "ED"
donderdag 22 juli 2021 23:15:33 - Commandline		: StartAppPool "EmployeeBenefits"
donderdag 22 juli 2021 23:15:33 - Commandline		: StartAppPool "EtlLogViewer"
donderdag 22 juli 2021 23:15:33 - Commandline		: StartAppPool "LevenAansluitingsverklaring"
donderdag 22 juli 2021 23:15:33 - Commandline		: StartAppPool "LevenWijzigingsFormulier"
donderdag 22 juli 2021 23:15:34 - Commandline		: StartAppPool "MercatorNet.RMMain"
donderdag 22 juli 2021 23:15:34 - Commandline		: StartAppPool "MercatorNet.WSDeploy_3_0"
donderdag 22 juli 2021 23:15:34 - Commandline		: StartAppPool "MercatorNet.WSMain"
donderdag 22 juli 2021 23:15:34 - Commandline		: StartAppPool "MercatorNet.WSServices"
donderdag 22 juli 2021 23:15:34 - Commandline		: StartAppPool "MercatorNet.WSTariff"
donderdag 22 juli 2021 23:15:34 - Commandline		: StartAppPool "MercatorNetBroker.WSDeploy_3_0"
donderdag 22 juli 2021 23:15:34 - Commandline		: StartAppPool "MercatorNetBroker.WSMain"
donderdag 22 juli 2021 23:15:34 - Commandline		: StartAppPool "MercatorWebSite"
donderdag 22 juli 2021 23:15:34 - Commandline		: StartAppPool "MWebBvb"
donderdag 22 juli 2021 23:15:34 - Commandline		: StartAppPool "ScvWebService"
donderdag 22 juli 2021 23:15:34 - ================================svw-be-webfa001.balgroupit.com======================================
donderdag 22 juli 2021 23:15:35 - ================================svw-be-webfa002.balgroupit.com======================================
donderdag 22 juli 2021 23:15:37 - Commandline		: DisableWSUSReboot ""
donderdag 22 juli 2021 23:15:37 - Commandline		: StartService "World Wide Web Publishing Service"
donderdag 22 juli 2021 23:15:37 - Commandline		: StartWebsite "OnlineDocuments"
donderdag 22 juli 2021 23:15:37 - Commandline		: StartWebsite "MNet"
donderdag 22 juli 2021 23:15:37 - Commandline		: StartWebsite "MWebBvb"
donderdag 22 juli 2021 23:15:37 - Commandline		: StartAppPool "DefaultAppPool"
donderdag 22 juli 2021 23:15:38 - Commandline		: StartAppPool "ED"
donderdag 22 juli 2021 23:15:38 - Commandline		: StartAppPool "EmployeeBenefits"
donderdag 22 juli 2021 23:15:38 - Commandline		: StartAppPool "EtlLogViewer"
donderdag 22 juli 2021 23:15:38 - Commandline		: StartAppPool "LevenAansluitingsverklaring"
donderdag 22 juli 2021 23:15:38 - Commandline		: StartAppPool "LevenWijzigingsFormulier"
donderdag 22 juli 2021 23:15:38 - Commandline		: StartAppPool "MercatorNet.RMMain"
donderdag 22 juli 2021 23:15:38 - Commandline		: StartAppPool "MercatorNet.WSDeploy_3_0"
donderdag 22 juli 2021 23:15:38 - Commandline		: StartAppPool "MercatorNet.WSMain"
donderdag 22 juli 2021 23:15:38 - Commandline		: StartAppPool "MercatorNet.WSServices"
donderdag 22 juli 2021 23:15:38 - Commandline		: StartAppPool "MercatorNet.WSTariff"
donderdag 22 juli 2021 23:15:38 - Commandline		: StartAppPool "MercatorNetBroker.WSDeploy_3_0"
donderdag 22 juli 2021 23:15:38 - Commandline		: StartAppPool "MercatorNetBroker.WSMain"
donderdag 22 juli 2021 23:15:39 - Commandline		: StartAppPool "MercatorWebSite"
donderdag 22 juli 2021 23:15:39 - Commandline		: StartAppPool "MWebBvb"
donderdag 22 juli 2021 23:15:39 - Commandline		: StartAppPool "ScvWebService"
donderdag 22 juli 2021 23:15:39 - ================================svw-be-webfa002.balgroupit.com======================================
donderdag 22 juli 2021 23:15:42 - ================================svw-be-weba02.balgroupit.com======================================
donderdag 22 juli 2021 23:15:45 - Commandline		: DisableWSUSReboot ""
donderdag 22 juli 2021 23:15:45 - Commandline		: StartService "World Wide Web Publishing Service"
donderdag 22 juli 2021 23:15:46 - Commandline		: StartAppPool "DefaultAppPool"
donderdag 22 juli 2021 23:15:46 - Commandline		: StartAppPool "MNet"
donderdag 22 juli 2021 23:15:46 - Commandline		: StartAppPool "BaloiseBackend"
donderdag 22 juli 2021 23:15:46 - Commandline		: StartAppPool "CDS"
donderdag 22 juli 2021 23:15:46 - Commandline		: StartAppPool "Mercator.EAI.Framework.WebServices"
donderdag 22 juli 2021 23:15:46 - Commandline		: StartAppPool "Mercator.Eai.Tools.Wsc"
donderdag 22 juli 2021 23:15:46 - Commandline		: StartAppPool "Mercator.Portima"
donderdag 22 juli 2021 23:15:46 - Commandline		: StartAppPool "Mercator.Portima.Monitoring"
donderdag 22 juli 2021 23:15:47 - Commandline		: StartAppPool "MercatorNet.BoServices"
donderdag 22 juli 2021 23:15:47 - Commandline		: StartAppPool "WSDms"
donderdag 22 juli 2021 23:15:47 - Commandline		: StartAppPool "WSDmsDataRepository"
donderdag 22 juli 2021 23:15:47 - Commandline		: StartWebsite "DmsDataRepository"
donderdag 22 juli 2021 23:15:47 - Commandline		: StartWebsite "MNet"
donderdag 22 juli 2021 23:15:47 - Commandline		: StartService "Steria's Dispatcher Service"
donderdag 22 juli 2021 23:15:47 - Commandline		: StartService "Mercator Document Delivery"
donderdag 22 juli 2021 23:15:49 - Commandline		: StartService "Mercator Document Generation"
donderdag 22 juli 2021 23:15:50 - Commandline		: StartService "Mercator Organization Data"
donderdag 22 juli 2021 23:15:51 - Commandline		: StartService "Mercator DMS Pdf Conversion Call"
donderdag 22 juli 2021 23:15:51 - Commandline		: StartService "Mercator Document Management System Service"
donderdag 22 juli 2021 23:15:51 - Commandline		: StartService "Mercator Document Management System Async Service"
donderdag 22 juli 2021 23:15:51 - Commandline		: StartService "Mercator Document Management System Batch Avero Service"
donderdag 22 juli 2021 23:15:51 - Commandline		: StartService "BaloiseDmsBatchService"
donderdag 22 juli 2021 23:15:53 - Commandline		: StartService "Mercator Document Store"
donderdag 22 juli 2021 23:15:53 - Commandline		: StartService "Mercator Xpim Document Store"
donderdag 22 juli 2021 23:15:53 - Commandline		: StartService "Mercator DMS MailImport Service"
donderdag 22 juli 2021 23:15:53 - Commandline		: StartService "Mercator DMS Import Portima Attachments"
donderdag 22 juli 2021 23:15:53 - Commandline		: StartService "Mercator DMS Bulk Insert"
donderdag 22 juli 2021 23:15:53 - Commandline		: StartService "Baloise Central Data Store"
donderdag 22 juli 2021 23:15:53 - Commandline		: StartService "Baloise SyncTaskToDMS"
donderdag 22 juli 2021 23:15:55 - Commandline		: StartService "Baloise Backend"
donderdag 22 juli 2021 23:15:55 - Commandline		: StartService "MercatorNET SCV Batch Service"
donderdag 22 juli 2021 23:16:03 - Commandline		: StartService "Mercator.Integration.EAI.3.9.Listener"
donderdag 22 juli 2021 23:16:03 - Commandline		: StartComPlus "Mercator.Framework.ActiveDirectory"
donderdag 22 juli 2021 23:16:03 - ================================svw-be-weba02.balgroupit.com======================================
donderdag 22 juli 2021 23:16:05 - ================================svw-be-weba03.balgroupit.com======================================
donderdag 22 juli 2021 23:16:08 - Commandline		: DisableWSUSReboot ""
donderdag 22 juli 2021 23:16:08 - Commandline		: StartService "World Wide Web Publishing Service"
donderdag 22 juli 2021 23:16:08 - Commandline		: StartAppPool "DefaultAppPool"
donderdag 22 juli 2021 23:16:09 - Commandline		: StartAppPool "MNet"
donderdag 22 juli 2021 23:16:09 - Commandline		: StartAppPool "BaloiseBackend"
donderdag 22 juli 2021 23:16:09 - Commandline		: StartAppPool "CDS"
donderdag 22 juli 2021 23:16:09 - Commandline		: StartAppPool "Mercator.EAI.Framework.WebServices"
donderdag 22 juli 2021 23:16:09 - Commandline		: StartAppPool "Mercator.Eai.Tools.Wsc"
donderdag 22 juli 2021 23:16:09 - Commandline		: StartAppPool "Mercator.Portima"
donderdag 22 juli 2021 23:16:09 - Commandline		: StartAppPool "Mercator.Portima.Monitoring"
donderdag 22 juli 2021 23:16:09 - Commandline		: StartAppPool "MercatorNet.BoServices"
donderdag 22 juli 2021 23:16:09 - Commandline		: StartAppPool "WSDms"
donderdag 22 juli 2021 23:16:09 - Commandline		: StartAppPool "WSDmsDataRepository"
donderdag 22 juli 2021 23:16:09 - Commandline		: StartWebsite "DmsDataRepository"
donderdag 22 juli 2021 23:16:09 - Commandline		: StartWebsite "MNet"
donderdag 22 juli 2021 23:16:09 - Commandline		: StartService "Steria's Dispatcher Service"
donderdag 22 juli 2021 23:16:12 - Commandline		: StartService "Mercator Document Delivery"
donderdag 22 juli 2021 23:16:12 - Commandline		: StartService "Mercator Document Generation"
donderdag 22 juli 2021 23:16:12 - Commandline		: StartService "Mercator Organization Data"
donderdag 22 juli 2021 23:16:12 - Commandline		: StartService "Mercator DMS Pdf Conversion Call"
donderdag 22 juli 2021 23:16:14 - Commandline		: StartService "Mercator Document Management System Service"
donderdag 22 juli 2021 23:16:16 - Commandline		: StartService "Mercator Document Management System Async Service"
donderdag 22 juli 2021 23:16:17 - Commandline		: StartService "Mercator Document Management System Batch Avero Service"
donderdag 22 juli 2021 23:16:18 - Commandline		: StartService "BaloiseDmsBatchService"
donderdag 22 juli 2021 23:16:18 - Commandline		: StartService "Mercator Document Store"
donderdag 22 juli 2021 23:16:18 - Commandline		: StartService "Mercator Xpim Document Store"
donderdag 22 juli 2021 23:16:18 - Commandline		: StartService "Mercator DMS MailImport Service"
donderdag 22 juli 2021 23:16:19 - Commandline		: StartService "Mercator DMS Import Portima Attachments"
donderdag 22 juli 2021 23:16:20 - Commandline		: StartService "Mercator DMS Bulk Insert"
donderdag 22 juli 2021 23:16:21 - Commandline		: StartService "Baloise Central Data Store"
donderdag 22 juli 2021 23:16:21 - Commandline		: StartService "Baloise SyncTaskToDMS"
donderdag 22 juli 2021 23:16:23 - Commandline		: StartService "Baloise Backend"
donderdag 22 juli 2021 23:16:23 - Commandline		: StartService "MercatorNET SCV Batch Service"
donderdag 22 juli 2021 23:16:24 - Commandline		: StartService "Mercator.Integration.EAI.3.9.Listener"
donderdag 22 juli 2021 23:16:24 - ================================svw-be-weba03.balgroupit.com======================================
donderdag 22 juli 2021 23:16:24 - ================================svw-be-biza001.balgroupit.com======================================
donderdag 22 juli 2021 23:16:25 - Commandline		: DisableWSUSReboot ""
donderdag 22 juli 2021 23:16:25 - Commandline		: StartService "Mercator Managed File Transfer"
donderdag 22 juli 2021 23:16:25 - Commandline		: StartService "Mercator Esb Process Initializer"
donderdag 22 juli 2021 23:16:25 - ================================svw-be-biza001.balgroupit.com======================================
donderdag 22 juli 2021 23:16:25 - ================================svw-be-biza002.balgroupit.com======================================
donderdag 22 juli 2021 23:16:31 - Commandline		: DisableWSUSReboot ""
donderdag 22 juli 2021 23:16:31 - Commandline		: StartService "Mercator Managed File Transfer"
donderdag 22 juli 2021 23:16:35 - Commandline		: StartService "Mercator Esb Process Initializer"
donderdag 22 juli 2021 23:16:36 - ================================svw-be-biza002.balgroupit.com======================================
donderdag 22 juli 2021 23:16:38 - ================================svw-be-eaia01.balgroupit.com======================================
donderdag 22 juli 2021 23:16:38 - Commandline		: DisableWSUSReboot ""
donderdag 22 juli 2021 23:16:38 - Commandline		: StartService "mercator.eai.docservice"
donderdag 22 juli 2021 23:16:41 - Commandline		: StartProcess "dllhost.exe"
donderdag 22 juli 2021 23:16:41 - Commandline		: StartProcess "winword.exe"
donderdag 22 juli 2021 23:16:41 - ================================svw-be-eaia01.balgroupit.com======================================
donderdag 22 juli 2021 23:16:43 - ================================svw-be-eaia04.balgroupit.com======================================
donderdag 22 juli 2021 23:16:44 - Commandline		: DisableWSUSReboot ""
donderdag 22 juli 2021 23:16:44 - Commandline		: StartService "mercator.eai.docservice"
donderdag 22 juli 2021 23:16:47 - ================================svw-be-eaia04.balgroupit.com======================================
donderdag 22 juli 2021 23:16:48 - ================================svw-be-dmsa001.balgroupit.com======================================
donderdag 22 juli 2021 23:16:49 - Commandline		: DisableWsusReboot ""
donderdag 22 juli 2021 23:16:49 - ================================svw-be-dmsa001.balgroupit.com======================================
donderdag 22 juli 2021 23:16:49 - ================================svw-be-dmsa002.balgroupit.com======================================
donderdag 22 juli 2021 23:16:56 - Commandline		: DisableWsusReboot ""
donderdag 22 juli 2021 23:16:56 - ================================svw-be-dmsa002.balgroupit.com======================================
donderdag 22 juli 2021 23:16:59 - ================================svw-be-dmsa03.balgroupit.com======================================
donderdag 22 juli 2021 23:17:06 - Commandline		: DisableWsusReboot ""
donderdag 22 juli 2021 23:17:06 - Commandline		: StartService "Execute360 Archive Manager"
donderdag 22 juli 2021 23:17:12 - ================================svw-be-dmsa03.balgroupit.com======================================
donderdag 22 juli 2021 23:17:13 - ================================dms-ba01.balgroupit.com======================================
donderdag 22 juli 2021 23:17:13 - Commandline		: DisableWsusReboot ""
donderdag 22 juli 2021 23:17:13 - ================================dms-ba01.balgroupit.com======================================
donderdag 22 juli 2021 23:17:14 - ================================dms-ba01-file.balgroupit.com======================================
donderdag 22 juli 2021 23:17:14 - Commandline		: DisableWsusReboot ""
donderdag 22 juli 2021 23:17:14 - ================================dms-ba01-file.balgroupit.com======================================
donderdag 22 juli 2021 23:17:15 - ================================dms-ba01-g360.balgroupit.com======================================
donderdag 22 juli 2021 23:17:15 - Commandline		: DisableWsusReboot ""
donderdag 22 juli 2021 23:17:15 - ================================dms-ba01-g360.balgroupit.com======================================
donderdag 22 juli 2021 23:17:16 - ================================shw-be-atrace51.balgroupit.com======================================
donderdag 22 juli 2021 23:17:16 - Commandline		: DisableWsusReboot ""
donderdag 22 juli 2021 23:17:16 - ================================shw-be-atrace51.balgroupit.com======================================
donderdag 22 juli 2021 23:17:16 - ================================svw-be-porta01.balgroupit.com======================================
donderdag 22 juli 2021 23:17:19 - Commandline		: DisableWSUSReboot ""
donderdag 22 juli 2021 23:17:19 - Commandline		: StartService "Oracle WCI Logger"
donderdag 22 juli 2021 23:17:25 - Commandline		: StartService "wsserver"
donderdag 22 juli 2021 23:17:30 - Commandline		: StartService "SearchService"
donderdag 22 juli 2021 23:17:33 - Commandline		: StartService "svw-be-porta0101"
donderdag 22 juli 2021 23:17:57 - Commandline		: StartService "SearchClusterUI"
donderdag 22 juli 2021 23:18:01 - Commandline		: StartService "Oracle WCI Document Repository Service"
donderdag 22 juli 2021 23:18:04 - Commandline		: StartService "rssreader"
donderdag 22 juli 2021 23:18:07 - Commandline		: StartService "publishservice"
donderdag 22 juli 2021 23:18:10 - Commandline		: StartService "ptautomationserver"
donderdag 22 juli 2021 23:18:16 - Commandline		: StartService "Mercator.Portal.Scheduler"
donderdag 22 juli 2021 23:18:19 - Commandline		: startWebsite "MercatorPortalWebService"
donderdag 22 juli 2021 23:18:19 - Commandline		: startWebsite "Default Web Site"
donderdag 22 juli 2021 23:18:19 - Commandline		: startWebsite "WCI"
donderdag 22 juli 2021 23:18:19 - Commandline		: startAppPool "Pool2"
donderdag 22 juli 2021 23:18:19 - Commandline		: startAppPool "Mercator.Portal.Portlets"
donderdag 22 juli 2021 23:18:19 - Commandline		: startAppPool "Mercator.Portal.WebService"
donderdag 22 juli 2021 23:18:19 - Commandline		: startAppPool "PortalASP"
donderdag 22 juli 2021 23:18:19 - Commandline		: startAppPool "AL2AppPool64v2"
donderdag 22 juli 2021 23:18:19 - Commandline		: startAppPool "ALAppPool64v2"
donderdag 22 juli 2021 23:18:20 - ================================svw-be-porta01.balgroupit.com======================================
donderdag 22 juli 2021 23:18:20 - ================================svw-be-babsa001.balgroupit.com======================================
donderdag 22 juli 2021 23:18:21 - Commandline		: DisableWSUSReboot ""
donderdag 22 juli 2021 23:18:21 - ================================svw-be-babsa001.balgroupit.com======================================
donderdag 22 juli 2021 23:18:22 - ================================svw-be-babsa002.balgroupit.com======================================
donderdag 22 juli 2021 23:18:24 - Commandline		: DisableWSUSReboot ""
donderdag 22 juli 2021 23:18:25 - ================================svw-be-babsa002.balgroupit.com======================================
donderdag 22 juli 2021 23:18:25 - ================================svw-be-babba001.balgroupit.com======================================
donderdag 22 juli 2021 23:18:26 - Commandline		: DisableWSUSReboot ""
donderdag 22 juli 2021 23:18:26 - Commandline		: StartService "Baloise BaloiseBackendBatch"
donderdag 22 juli 2021 23:18:26 - ================================svw-be-babba001.balgroupit.com======================================
donderdag 22 juli 2021 23:18:26 - ================================svw-be-babba002.balgroupit.com======================================
donderdag 22 juli 2021 23:18:27 - Commandline		: DisableWSUSReboot ""
donderdag 22 juli 2021 23:18:27 - Commandline		: StartService "Baloise BaloiseBackendBatch"
donderdag 22 juli 2021 23:18:28 - ================================svw-be-babba002.balgroupit.com======================================
donderdag 22 juli 2021 23:18:28 - ================================svw-be-mfta001.balgroupit.com======================================
donderdag 22 juli 2021 23:18:32 - Commandline		: DisableWSUSReboot ""
donderdag 22 juli 2021 23:18:32 - Commandline		: StartService "Mercator Managed File Transfer"
donderdag 22 juli 2021 23:18:32 - ================================svw-be-mfta001.balgroupit.com======================================
