donderdag 23 september 2021 4:30:53 - READING XML File :  \\balgroupit.com\appl_data\BBE\Transfer\Packages\Scripts\WSUS\Acorp\Acorp_Start_All.xml
donderdag 23 september 2021 4:30:53 - 
donderdag 23 september 2021 4:30:54 - ================================svw-be-webfa001.balgroupit.com======================================
donderdag 23 september 2021 4:30:54 - Commandline		: DisableWSUSReboot ""
donderdag 23 september 2021 4:30:54 - Commandline		: StartService "World Wide Web Publishing Service"
donderdag 23 september 2021 4:30:54 - Commandline		: StartWebsite "OnlineDocuments"
donderdag 23 september 2021 4:30:54 - Commandline		: StartWebsite "MNet"
donderdag 23 september 2021 4:30:55 - Commandline		: StartWebsite "MWebBvb"
donderdag 23 september 2021 4:30:55 - Commandline		: StartAppPool "DefaultAppPool"
donderdag 23 september 2021 4:30:55 - Commandline		: StartAppPool "ED"
donderdag 23 september 2021 4:30:55 - Commandline		: StartAppPool "EmployeeBenefits"
donderdag 23 september 2021 4:30:55 - Commandline		: StartAppPool "EtlLogViewer"
donderdag 23 september 2021 4:30:56 - Commandline		: StartAppPool "LevenAansluitingsverklaring"
donderdag 23 september 2021 4:30:56 - Commandline		: StartAppPool "LevenWijzigingsFormulier"
donderdag 23 september 2021 4:30:56 - Commandline		: StartAppPool "MercatorNet.RMMain"
donderdag 23 september 2021 4:30:56 - Commandline		: StartAppPool "MercatorNet.WSDeploy_3_0"
donderdag 23 september 2021 4:30:56 - Commandline		: StartAppPool "MercatorNet.WSMain"
donderdag 23 september 2021 4:30:57 - Commandline		: StartAppPool "MercatorNet.WSServices"
donderdag 23 september 2021 4:30:57 - Commandline		: StartAppPool "MercatorNet.WSTariff"
donderdag 23 september 2021 4:30:57 - Commandline		: StartAppPool "MercatorNetBroker.WSDeploy_3_0"
donderdag 23 september 2021 4:30:57 - Commandline		: StartAppPool "MercatorNetBroker.WSMain"
donderdag 23 september 2021 4:30:58 - Commandline		: StartAppPool "MercatorWebSite"
donderdag 23 september 2021 4:30:58 - Commandline		: StartAppPool "MWebBvb"
donderdag 23 september 2021 4:30:58 - Commandline		: StartAppPool "ScvWebService"
donderdag 23 september 2021 4:30:58 - ================================svw-be-webfa001.balgroupit.com======================================
donderdag 23 september 2021 4:31:00 - ================================svw-be-webfa002.balgroupit.com======================================
donderdag 23 september 2021 4:31:00 - Commandline		: DisableWSUSReboot ""
donderdag 23 september 2021 4:31:00 - Commandline		: StartService "World Wide Web Publishing Service"
donderdag 23 september 2021 4:31:00 - Commandline		: StartWebsite "OnlineDocuments"
donderdag 23 september 2021 4:31:01 - Commandline		: StartWebsite "MNet"
donderdag 23 september 2021 4:31:01 - Commandline		: StartWebsite "MWebBvb"
donderdag 23 september 2021 4:31:01 - Commandline		: StartAppPool "DefaultAppPool"
donderdag 23 september 2021 4:31:02 - Commandline		: StartAppPool "ED"
donderdag 23 september 2021 4:31:02 - Commandline		: StartAppPool "EmployeeBenefits"
donderdag 23 september 2021 4:31:02 - Commandline		: StartAppPool "EtlLogViewer"
donderdag 23 september 2021 4:31:02 - Commandline		: StartAppPool "LevenAansluitingsverklaring"
donderdag 23 september 2021 4:31:03 - Commandline		: StartAppPool "LevenWijzigingsFormulier"
donderdag 23 september 2021 4:31:03 - Commandline		: StartAppPool "MercatorNet.RMMain"
donderdag 23 september 2021 4:31:03 - Commandline		: StartAppPool "MercatorNet.WSDeploy_3_0"
donderdag 23 september 2021 4:31:04 - Commandline		: StartAppPool "MercatorNet.WSMain"
donderdag 23 september 2021 4:31:04 - Commandline		: StartAppPool "MercatorNet.WSServices"
donderdag 23 september 2021 4:31:04 - Commandline		: StartAppPool "MercatorNet.WSTariff"
donderdag 23 september 2021 4:31:05 - Commandline		: StartAppPool "MercatorNetBroker.WSDeploy_3_0"
donderdag 23 september 2021 4:31:05 - Commandline		: StartAppPool "MercatorNetBroker.WSMain"
donderdag 23 september 2021 4:31:05 - Commandline		: StartAppPool "MercatorWebSite"
donderdag 23 september 2021 4:31:06 - Commandline		: StartAppPool "MWebBvb"
donderdag 23 september 2021 4:31:06 - Commandline		: StartAppPool "ScvWebService"
donderdag 23 september 2021 4:31:06 - ================================svw-be-webfa002.balgroupit.com======================================
donderdag 23 september 2021 4:31:10 - ================================svw-be-weba02.balgroupit.com======================================
donderdag 23 september 2021 4:31:12 - Commandline		: DisableWSUSReboot ""
donderdag 23 september 2021 4:31:12 - Commandline		: StartService "World Wide Web Publishing Service"
donderdag 23 september 2021 4:31:13 - Commandline		: StartAppPool "DefaultAppPool"
donderdag 23 september 2021 4:31:14 - Commandline		: StartAppPool "MNet"
donderdag 23 september 2021 4:31:14 - Commandline		: StartAppPool "BaloiseBackend"
donderdag 23 september 2021 4:31:14 - Commandline		: StartAppPool "CDS"
donderdag 23 september 2021 4:31:14 - Commandline		: StartAppPool "Mercator.EAI.Framework.WebServices"
donderdag 23 september 2021 4:31:15 - Commandline		: StartAppPool "Mercator.Eai.Tools.Wsc"
donderdag 23 september 2021 4:31:15 - Commandline		: StartAppPool "Mercator.Portima"
donderdag 23 september 2021 4:31:15 - Commandline		: StartAppPool "Mercator.Portima.Monitoring"
donderdag 23 september 2021 4:31:16 - Commandline		: StartAppPool "MercatorNet.BoServices"
donderdag 23 september 2021 4:31:16 - Commandline		: StartAppPool "WSDms"
donderdag 23 september 2021 4:31:16 - Commandline		: StartAppPool "WSDmsDataRepository"
donderdag 23 september 2021 4:31:17 - Commandline		: StartWebsite "DmsDataRepository"
donderdag 23 september 2021 4:31:17 - Commandline		: StartWebsite "MNet"
donderdag 23 september 2021 4:31:17 - Commandline		: StartService "Steria's Dispatcher Service"
donderdag 23 september 2021 4:31:17 - Commandline		: StartService "Mercator Document Delivery"
donderdag 23 september 2021 4:31:18 - Commandline		: StartService "Mercator Document Generation"
donderdag 23 september 2021 4:31:18 - Commandline		: StartService "Mercator Organization Data"
donderdag 23 september 2021 4:31:19 - Commandline		: StartService "Mercator DMS Pdf Conversion Call"
donderdag 23 september 2021 4:31:19 - Commandline		: StartService "Mercator Document Management System Service"
donderdag 23 september 2021 4:31:19 - Commandline		: StartService "Mercator Document Management System Async Service"
donderdag 23 september 2021 4:31:20 - Commandline		: StartService "Mercator Document Management System Batch Avero Service"
donderdag 23 september 2021 4:31:20 - Commandline		: StartService "BaloiseDmsBatchService"
donderdag 23 september 2021 4:31:20 - Commandline		: StartService "Mercator Document Store"
donderdag 23 september 2021 4:31:21 - Commandline		: StartService "Mercator Xpim Document Store"
donderdag 23 september 2021 4:31:21 - Commandline		: StartService "Mercator DMS MailImport Service"
donderdag 23 september 2021 4:31:21 - Commandline		: StartService "Mercator DMS Import Portima Attachments"
donderdag 23 september 2021 4:31:22 - Commandline		: StartService "Mercator DMS Bulk Insert"
donderdag 23 september 2021 4:31:22 - Commandline		: StartService "Baloise Central Data Store"
donderdag 23 september 2021 4:31:22 - Commandline		: StartService "Baloise SyncTaskToDMS"
donderdag 23 september 2021 4:31:25 - Commandline		: StartService "Baloise Backend"
donderdag 23 september 2021 4:31:25 - Commandline		: StartService "MercatorNET SCV Batch Service"
donderdag 23 september 2021 4:31:26 - Commandline		: StartService "Mercator.Integration.EAI.3.9.Listener"
donderdag 23 september 2021 4:31:26 - Commandline		: StartComPlus "Mercator.Framework.ActiveDirectory"
donderdag 23 september 2021 4:31:27 - ================================svw-be-weba02.balgroupit.com======================================
donderdag 23 september 2021 4:31:28 - ================================svw-be-weba03.balgroupit.com======================================
donderdag 23 september 2021 4:31:29 - Commandline		: DisableWSUSReboot ""
donderdag 23 september 2021 4:31:29 - Commandline		: StartService "World Wide Web Publishing Service"
donderdag 23 september 2021 4:31:29 - Commandline		: StartAppPool "DefaultAppPool"
donderdag 23 september 2021 4:31:34 - Commandline		: StartAppPool "MNet"
donderdag 23 september 2021 4:31:34 - Commandline		: StartAppPool "BaloiseBackend"
donderdag 23 september 2021 4:31:34 - Commandline		: StartAppPool "CDS"
donderdag 23 september 2021 4:31:34 - Commandline		: StartAppPool "Mercator.EAI.Framework.WebServices"
donderdag 23 september 2021 4:31:35 - Commandline		: StartAppPool "Mercator.Eai.Tools.Wsc"
donderdag 23 september 2021 4:31:35 - Commandline		: StartAppPool "Mercator.Portima"
donderdag 23 september 2021 4:31:35 - Commandline		: StartAppPool "Mercator.Portima.Monitoring"
donderdag 23 september 2021 4:31:35 - Commandline		: StartAppPool "MercatorNet.BoServices"
donderdag 23 september 2021 4:31:35 - Commandline		: StartAppPool "WSDms"
donderdag 23 september 2021 4:31:36 - Commandline		: StartAppPool "WSDmsDataRepository"
donderdag 23 september 2021 4:31:36 - Commandline		: StartWebsite "DmsDataRepository"
donderdag 23 september 2021 4:31:36 - Commandline		: StartWebsite "MNet"
donderdag 23 september 2021 4:31:36 - Commandline		: StartService "Steria's Dispatcher Service"
donderdag 23 september 2021 4:31:36 - Commandline		: StartService "Mercator Document Delivery"
donderdag 23 september 2021 4:31:37 - Commandline		: StartService "Mercator Document Generation"
donderdag 23 september 2021 4:31:37 - Commandline		: StartService "Mercator Organization Data"
donderdag 23 september 2021 4:31:37 - Commandline		: StartService "Mercator DMS Pdf Conversion Call"
donderdag 23 september 2021 4:31:38 - Commandline		: StartService "Mercator Document Management System Service"
donderdag 23 september 2021 4:31:38 - Commandline		: StartService "Mercator Document Management System Async Service"
donderdag 23 september 2021 4:31:38 - Commandline		: StartService "Mercator Document Management System Batch Avero Service"
donderdag 23 september 2021 4:31:39 - Commandline		: StartService "BaloiseDmsBatchService"
donderdag 23 september 2021 4:31:39 - Commandline		: StartService "Mercator Document Store"
donderdag 23 september 2021 4:31:39 - Commandline		: StartService "Mercator Xpim Document Store"
donderdag 23 september 2021 4:31:40 - Commandline		: StartService "Mercator DMS MailImport Service"
donderdag 23 september 2021 4:31:40 - Commandline		: StartService "Mercator DMS Import Portima Attachments"
donderdag 23 september 2021 4:31:40 - Commandline		: StartService "Mercator DMS Bulk Insert"
donderdag 23 september 2021 4:31:41 - Commandline		: StartService "Baloise Central Data Store"
donderdag 23 september 2021 4:31:41 - Commandline		: StartService "Baloise SyncTaskToDMS"
donderdag 23 september 2021 4:31:41 - Commandline		: StartService "Baloise Backend"
donderdag 23 september 2021 4:31:41 - Commandline		: StartService "MercatorNET SCV Batch Service"
donderdag 23 september 2021 4:31:42 - Commandline		: StartService "Mercator.Integration.EAI.3.9.Listener"
donderdag 23 september 2021 4:31:42 - ================================svw-be-weba03.balgroupit.com======================================
donderdag 23 september 2021 4:31:42 - ================================svw-be-biza001.balgroupit.com======================================
donderdag 23 september 2021 4:31:43 - Commandline		: DisableWSUSReboot ""
donderdag 23 september 2021 4:31:43 - Commandline		: StartService "Mercator Managed File Transfer"
donderdag 23 september 2021 4:31:43 - Commandline		: StartService "Mercator Esb Process Initializer"
donderdag 23 september 2021 4:31:44 - ================================svw-be-biza001.balgroupit.com======================================
donderdag 23 september 2021 4:31:44 - ================================svw-be-biza002.balgroupit.com======================================
donderdag 23 september 2021 4:31:49 - Commandline		: DisableWSUSReboot ""
donderdag 23 september 2021 4:31:49 - Commandline		: StartService "Mercator Managed File Transfer"
donderdag 23 september 2021 4:31:49 - Commandline		: StartService "Mercator Esb Process Initializer"
donderdag 23 september 2021 4:31:50 - ================================svw-be-biza002.balgroupit.com======================================
donderdag 23 september 2021 4:31:52 - ================================svw-be-eaia01.balgroupit.com======================================
donderdag 23 september 2021 4:31:53 - Commandline		: DisableWSUSReboot ""
donderdag 23 september 2021 4:31:53 - Commandline		: StartService "mercator.eai.docservice"
donderdag 23 september 2021 4:31:53 - Commandline		: StartProcess "dllhost.exe"
donderdag 23 september 2021 4:31:54 - Commandline		: StartProcess "winword.exe"
donderdag 23 september 2021 4:31:54 - ================================svw-be-eaia01.balgroupit.com======================================
donderdag 23 september 2021 4:31:56 - ================================svw-be-eaia04.balgroupit.com======================================
donderdag 23 september 2021 4:31:57 - Commandline		: DisableWSUSReboot ""
donderdag 23 september 2021 4:31:57 - Commandline		: StartService "mercator.eai.docservice"
donderdag 23 september 2021 4:31:57 - ================================svw-be-eaia04.balgroupit.com======================================
donderdag 23 september 2021 4:31:59 - ================================svw-be-dmsa001.balgroupit.com======================================
donderdag 23 september 2021 4:31:59 - Commandline		: DisableWsusReboot ""
donderdag 23 september 2021 4:31:59 - ================================svw-be-dmsa001.balgroupit.com======================================
donderdag 23 september 2021 4:32:01 - ================================svw-be-dmsa002.balgroupit.com======================================
donderdag 23 september 2021 4:32:02 - Commandline		: DisableWsusReboot ""
donderdag 23 september 2021 4:32:02 - ================================svw-be-dmsa002.balgroupit.com======================================
donderdag 23 september 2021 4:32:04 - ================================svw-be-dmsa03.balgroupit.com======================================
donderdag 23 september 2021 4:32:05 - Commandline		: DisableWsusReboot ""
donderdag 23 september 2021 4:32:05 - Commandline		: StartService "Execute360 Archive Manager"
donderdag 23 september 2021 4:32:06 - ================================svw-be-dmsa03.balgroupit.com======================================
donderdag 23 september 2021 4:32:07 - ================================dms-ba01.balgroupit.com======================================
donderdag 23 september 2021 4:32:08 - Commandline		: DisableWsusReboot ""
donderdag 23 september 2021 4:32:08 - ================================dms-ba01.balgroupit.com======================================
donderdag 23 september 2021 4:32:09 - ================================dms-ba01-file.balgroupit.com======================================
donderdag 23 september 2021 4:32:09 - Commandline		: DisableWsusReboot ""
donderdag 23 september 2021 4:32:09 - ================================dms-ba01-file.balgroupit.com======================================
donderdag 23 september 2021 4:32:10 - ================================dms-ba01-g360.balgroupit.com======================================
donderdag 23 september 2021 4:32:10 - Commandline		: DisableWsusReboot ""
donderdag 23 september 2021 4:32:10 - ================================dms-ba01-g360.balgroupit.com======================================
donderdag 23 september 2021 4:32:16 - ================================shw-be-atrace51.balgroupit.com======================================
donderdag 23 september 2021 4:32:17 - Commandline		: DisableWsusReboot ""
donderdag 23 september 2021 4:32:17 - ================================shw-be-atrace51.balgroupit.com======================================
donderdag 23 september 2021 4:32:18 - ================================svw-be-porta01.balgroupit.com======================================
donderdag 23 september 2021 4:32:19 - Commandline		: DisableWSUSReboot ""
donderdag 23 september 2021 4:32:19 - Commandline		: StartService "Oracle WCI Logger"
donderdag 23 september 2021 4:32:20 - Commandline		: StartService "wsserver"
donderdag 23 september 2021 4:32:20 - Commandline		: StartService "SearchService"
donderdag 23 september 2021 4:32:21 - Commandline		: StartService "svw-be-porta0101"
donderdag 23 september 2021 4:32:21 - Commandline		: StartService "SearchClusterUI"
donderdag 23 september 2021 4:32:21 - Commandline		: StartService "Oracle WCI Document Repository Service"
donderdag 23 september 2021 4:32:22 - Commandline		: StartService "rssreader"
donderdag 23 september 2021 4:32:22 - Commandline		: StartService "publishservice"
donderdag 23 september 2021 4:32:22 - Commandline		: StartService "ptautomationserver"
donderdag 23 september 2021 4:32:29 - Commandline		: StartService "Mercator.Portal.Scheduler"
donderdag 23 september 2021 4:32:33 - Commandline		: startWebsite "MercatorPortalWebService"
donderdag 23 september 2021 4:32:33 - Commandline		: startWebsite "Default Web Site"
donderdag 23 september 2021 4:32:33 - Commandline		: startWebsite "WCI"
donderdag 23 september 2021 4:32:33 - Commandline		: startAppPool "Pool2"
donderdag 23 september 2021 4:32:34 - Commandline		: startAppPool "Mercator.Portal.Portlets"
donderdag 23 september 2021 4:32:34 - Commandline		: startAppPool "Mercator.Portal.WebService"
donderdag 23 september 2021 4:32:34 - Commandline		: startAppPool "PortalASP"
donderdag 23 september 2021 4:32:34 - Commandline		: startAppPool "AL2AppPool64v2"
donderdag 23 september 2021 4:32:34 - Commandline		: startAppPool "ALAppPool64v2"
donderdag 23 september 2021 4:32:34 - ================================svw-be-porta01.balgroupit.com======================================
donderdag 23 september 2021 4:32:35 - ================================svw-be-babsa001.balgroupit.com======================================
donderdag 23 september 2021 4:32:35 - Commandline		: DisableWSUSReboot ""
donderdag 23 september 2021 4:32:35 - ================================svw-be-babsa001.balgroupit.com======================================
donderdag 23 september 2021 4:32:36 - ================================svw-be-babsa002.balgroupit.com======================================
donderdag 23 september 2021 4:32:36 - Commandline		: DisableWSUSReboot ""
donderdag 23 september 2021 4:32:36 - ================================svw-be-babsa002.balgroupit.com======================================
donderdag 23 september 2021 4:32:37 - ================================svw-be-babba001.balgroupit.com======================================
donderdag 23 september 2021 4:32:38 - Commandline		: DisableWSUSReboot ""
donderdag 23 september 2021 4:32:38 - Commandline		: StartService "Baloise BaloiseBackendBatch"
donderdag 23 september 2021 4:32:38 - ================================svw-be-babba001.balgroupit.com======================================
donderdag 23 september 2021 4:32:39 - ================================svw-be-babba002.balgroupit.com======================================
donderdag 23 september 2021 4:32:39 - Commandline		: DisableWSUSReboot ""
donderdag 23 september 2021 4:32:39 - Commandline		: StartService "Baloise BaloiseBackendBatch"
donderdag 23 september 2021 4:32:40 - ================================svw-be-babba002.balgroupit.com======================================
donderdag 23 september 2021 4:32:41 - ================================svw-be-mfta001.balgroupit.com======================================
donderdag 23 september 2021 4:32:47 - Commandline		: DisableWSUSReboot ""
donderdag 23 september 2021 4:32:47 - Commandline		: StartService "Mercator Managed File Transfer"
donderdag 23 september 2021 4:32:49 - ================================svw-be-mfta001.balgroupit.com======================================
