donderdag 22 juli 2021 21:01:06 - READING XML File :  \\balgroupit.com\appl_data\BBE\Transfer\Packages\Scripts\WSUS\Acorp\Acorp_Stop_All.xml
donderdag 22 juli 2021 21:01:06 - 
donderdag 22 juli 2021 21:01:11 - ================================shw-be-atrace51.balgroupit.com======================================
donderdag 22 juli 2021 21:01:12 - Commandline		: EnableWSUSReboot ""
donderdag 22 juli 2021 21:01:12 - ================================shw-be-atrace51.balgroupit.com======================================
donderdag 22 juli 2021 21:01:14 - ================================svw-be-eaia01.balgroupit.com======================================
donderdag 22 juli 2021 21:01:15 - Commandline		: StopService "mercator.eai.docservice"
donderdag 22 juli 2021 21:01:15 - Commandline		: StopProcess "dllhost.exe"
donderdag 22 juli 2021 21:01:15 - Commandline		: StopProcess "winword.exe"
donderdag 22 juli 2021 21:01:15 - Commandline		: EnableWSUSReboot ""
donderdag 22 juli 2021 21:01:15 - ================================svw-be-eaia01.balgroupit.com======================================
donderdag 22 juli 2021 21:01:17 - ================================svw-be-eaia04.balgroupit.com======================================
donderdag 22 juli 2021 21:01:18 - Commandline		: StopService "mercator.eai.docservice"
donderdag 22 juli 2021 21:01:18 - Commandline		: StopProcess "dllhost.exe"
donderdag 22 juli 2021 21:01:18 - Commandline		: StopProcess "winword.exe"
donderdag 22 juli 2021 21:01:19 - Commandline		: EnableWSUSReboot ""
donderdag 22 juli 2021 21:01:19 - ================================svw-be-eaia04.balgroupit.com======================================
donderdag 22 juli 2021 21:01:21 - ================================svw-be-weba02.balgroupit.com======================================
donderdag 22 juli 2021 21:01:28 - Commandline		: StopWebsite "DmsDataRepository"
donderdag 22 juli 2021 21:01:29 - Commandline		: StopWebsite "MNet"
donderdag 22 juli 2021 21:01:29 - Commandline		: StartAppPool "MNet"
donderdag 22 juli 2021 21:01:29 - Commandline		: StopAppPool "DefaultAppPool"
donderdag 22 juli 2021 21:01:29 - Commandline		: StopAppPool "WSDMS"
donderdag 22 juli 2021 21:01:29 - Commandline		: StopAppPool "WSDmsDataRepository"
donderdag 22 juli 2021 21:01:29 - Commandline		: StopAppPool "BaloiseBackend"
donderdag 22 juli 2021 21:01:29 - Commandline		: StopAppPool "CDS"
donderdag 22 juli 2021 21:01:29 - Commandline		: StopAppPool "MercatorNet.BoServices"
donderdag 22 juli 2021 21:01:30 - Commandline		: StopAppPool "Mercator.Portima.Monitoring"
donderdag 22 juli 2021 21:01:30 - Commandline		: StopAppPool "Mercator.Portima"
donderdag 22 juli 2021 21:01:30 - Commandline		: StopAppPool "Mercator.Eai.Tools.Wsc"
donderdag 22 juli 2021 21:01:30 - Commandline		: StopAppPool "Mercator.EAI.Framework.WebServices"
donderdag 22 juli 2021 21:01:30 - Commandline		: StopService "World Wide Web Publishing Service"
donderdag 22 juli 2021 21:01:30 - Commandline		: StopService "Baloise Backend"
donderdag 22 juli 2021 21:01:30 - Commandline		: StopService "Baloise Central Data Store"
donderdag 22 juli 2021 21:01:30 - Commandline		: StopService "Baloise SyncTaskToDMS"
donderdag 22 juli 2021 21:01:31 - Commandline		: StopService "Mercator DMS Bulk Insert"
donderdag 22 juli 2021 21:01:31 - Commandline		: StopService "Mercator DMS Import Portima Attachments"
donderdag 22 juli 2021 21:01:31 - Commandline		: StopService "Mercator DMS MailImport Service"
donderdag 22 juli 2021 21:01:31 - Commandline		: StopService "Mercator Xpim Document Store"
donderdag 22 juli 2021 21:01:31 - Commandline		: StopService "Mercator Document Store"
donderdag 22 juli 2021 21:01:31 - Commandline		: StopService "BaloiseDmsBatchService"
donderdag 22 juli 2021 21:01:31 - Commandline		: StopService "Mercator Document Management System Service"
donderdag 22 juli 2021 21:01:31 - Commandline		: StopService "Mercator Document Management System Async Service"
donderdag 22 juli 2021 21:01:31 - Commandline		: StopService "Mercator Document Management System Batch Avero Service"
donderdag 22 juli 2021 21:01:31 - Commandline		: StopService "Mercator DMS Pdf Conversion Call"
donderdag 22 juli 2021 21:01:31 - Commandline		: StopService "MercatorNET SCV Batch Service"
donderdag 22 juli 2021 21:01:32 - Commandline		: StopService "Mercator Organization Data"
donderdag 22 juli 2021 21:01:32 - Commandline		: StopService "Mercator Document Generation"
donderdag 22 juli 2021 21:01:32 - Commandline		: StopService "Mercator Document Delivery"
donderdag 22 juli 2021 21:01:33 - Commandline		: StopService "Steria's Dispatcher Service"
donderdag 22 juli 2021 21:01:33 - Commandline		: StopService "Mercator.Integration.EAI.3.9.Listener"
donderdag 22 juli 2021 21:01:33 - Commandline		: StopComPlus "Mercator.Framework.ActiveDirectory"
donderdag 22 juli 2021 21:01:34 - Commandline		: StopComPlus "Mercator.EAI.3.9.Components"
donderdag 22 juli 2021 21:01:37 - Commandline		: StopComPlus "Mercator.Framework.Document.Management.Global360"
donderdag 22 juli 2021 21:01:37 - Commandline		: RemoveDirectory "C:\WINDOWS\Microsoft.NET\Framework\v4.0.30319\Temporary ASP.NET Files\cds"
donderdag 22 juli 2021 21:01:37 - Commandline		: RemoveDirectory "C:\WINDOWS\Microsoft.NET\Framework\v2.0.50727\Temporary ASP.NET Files\mercatornet.boservices"
donderdag 22 juli 2021 21:01:37 - Commandline		: RemoveDirectory "C:\WINDOWS\Microsoft.NET\Framework\v2.0.50727\Temporary ASP.NET Files\mercator.eai.framework.webservices"
donderdag 22 juli 2021 21:01:37 - Commandline		: RemoveDirectory "C:\WINDOWS\Microsoft.NET\Framework\v2.0.50727\Temporary ASP.NET Files\mercator.eai.tools.wsc"
donderdag 22 juli 2021 21:01:37 - Commandline		: RemoveDirectory "C:\WINDOWS\Microsoft.NET\Framework\v2.0.50727\Temporary ASP.NET Files\Mercator.Portima.Monitoring"
donderdag 22 juli 2021 21:01:37 - Commandline		: RemoveDirectory "C:\WINDOWS\Microsoft.NET\Framework\v2.0.50727\Temporary ASP.NET Files\Mercator.Portima"
donderdag 22 juli 2021 21:01:37 - Commandline		: RemoveDirectory "C:\WINDOWS\Microsoft.NET\Framework\v2.0.50727\Temporary ASP.NET Files\WSDMS"
donderdag 22 juli 2021 21:01:37 - Commandline		: RemoveDirectory "C:\WINDOWS\Microsoft.NET\Framework\v2.0.50727\Temporary ASP.NET Files\wsdmsdatarepository"
donderdag 22 juli 2021 21:01:37 - Commandline		: EnableWSUSReboot ""
donderdag 22 juli 2021 21:01:37 - ================================svw-be-weba02.balgroupit.com======================================
donderdag 22 juli 2021 21:01:39 - ================================svw-be-weba03.balgroupit.com======================================
donderdag 22 juli 2021 21:01:47 - Commandline		: StopWebsite "DmsDataRepository"
donderdag 22 juli 2021 21:01:48 - Commandline		: StopWebsite "MNet"
donderdag 22 juli 2021 21:01:48 - Commandline		: StopAppPool "DefaultAppPool"
donderdag 22 juli 2021 21:01:48 - Commandline		: StopAppPool "WSDMS"
donderdag 22 juli 2021 21:01:48 - Commandline		: StopAppPool "WSDmsDataRepository"
donderdag 22 juli 2021 21:01:48 - Commandline		: StopAppPool "BaloiseBackend"
donderdag 22 juli 2021 21:01:48 - Commandline		: StopAppPool "CDS"
donderdag 22 juli 2021 21:01:48 - Commandline		: StopAppPool "MercatorNet.BoServices"
donderdag 22 juli 2021 21:01:48 - Commandline		: StopAppPool "Mercator.Portima.Monitoring"
donderdag 22 juli 2021 21:01:48 - Commandline		: StopAppPool "Mercator.Portima"
donderdag 22 juli 2021 21:01:48 - Commandline		: StopAppPool "Mercator.Eai.Tools.Wsc"
donderdag 22 juli 2021 21:01:49 - Commandline		: StopAppPool "Mercator.EAI.Framework.WebServices"
donderdag 22 juli 2021 21:01:49 - Commandline		: StopService "World Wide Web Publishing Service"
donderdag 22 juli 2021 21:01:49 - Commandline		: StopService "Baloise Backend"
donderdag 22 juli 2021 21:01:49 - Commandline		: StopService "Baloise Central Data Store"
donderdag 22 juli 2021 21:01:49 - Commandline		: StopService "Baloise SyncTaskToDMS"
donderdag 22 juli 2021 21:01:49 - Commandline		: StopService "Mercator DMS Bulk Insert"
donderdag 22 juli 2021 21:01:50 - Commandline		: StopService "Mercator DMS Import Portima Attachments"
donderdag 22 juli 2021 21:01:50 - Commandline		: StopService "Mercator DMS MailImport Service"
donderdag 22 juli 2021 21:01:50 - Commandline		: StopService "Mercator Xpim Document Store"
donderdag 22 juli 2021 21:01:50 - Commandline		: StopService "Mercator Document Store"
donderdag 22 juli 2021 21:01:50 - Commandline		: StopService "BaloiseDmsBatchService"
donderdag 22 juli 2021 21:01:50 - Commandline		: StopService "Mercator Document Management System Service"
donderdag 22 juli 2021 21:01:51 - Commandline		: StopService "Mercator Document Management System Async Service"
donderdag 22 juli 2021 21:01:51 - Commandline		: StopService "Mercator Document Management System Batch Avero Service"
donderdag 22 juli 2021 21:01:51 - Commandline		: StopService "Mercator DMS Pdf Conversion Call"
donderdag 22 juli 2021 21:01:57 - Commandline		: StopService "MercatorNET SCV Batch Service"
donderdag 22 juli 2021 21:01:57 - Commandline		: StopService "Mercator Organization Data"
donderdag 22 juli 2021 21:01:57 - Commandline		: StopService "Mercator Document Generation"
donderdag 22 juli 2021 21:01:57 - Commandline		: StopService "Mercator Document Delivery"
donderdag 22 juli 2021 21:01:57 - Commandline		: StopService "Steria's Dispatcher Service"
donderdag 22 juli 2021 21:01:57 - Commandline		: StopService "Mercator.Integration.EAI.3.9.Listener"
donderdag 22 juli 2021 21:01:57 - Commandline		: StopComPlus "Mercator.Framework.ActiveDirectory"
donderdag 22 juli 2021 21:01:58 - Commandline		: StopComPlus "Mercator.EAI.3.9.Components"
donderdag 22 juli 2021 21:01:58 - Commandline		: StopComPlus "Mercator.Framework.Document.Management.Global360"
donderdag 22 juli 2021 21:02:02 - Commandline		: RemoveDirectory "C:\WINDOWS\Microsoft.NET\Framework\v4.0.30319\Temporary ASP.NET Files\cds"
donderdag 22 juli 2021 21:02:02 - Commandline		: RemoveDirectory "C:\WINDOWS\Microsoft.NET\Framework\v2.0.50727\Temporary ASP.NET Files\mercatornet.boservices"
donderdag 22 juli 2021 21:02:02 - Commandline		: RemoveDirectory "C:\WINDOWS\Microsoft.NET\Framework\v2.0.50727\Temporary ASP.NET Files\mercator.eai.framework.webservices"
donderdag 22 juli 2021 21:02:02 - Commandline		: RemoveDirectory "C:\WINDOWS\Microsoft.NET\Framework\v2.0.50727\Temporary ASP.NET Files\mercator.eai.tools.wsc"
donderdag 22 juli 2021 21:02:02 - Commandline		: RemoveDirectory "C:\WINDOWS\Microsoft.NET\Framework\v2.0.50727\Temporary ASP.NET Files\Mercator.Portima.Monitoring"
donderdag 22 juli 2021 21:02:02 - Commandline		: RemoveDirectory "C:\WINDOWS\Microsoft.NET\Framework\v2.0.50727\Temporary ASP.NET Files\Mercator.Portima"
donderdag 22 juli 2021 21:02:02 - Commandline		: RemoveDirectory "C:\WINDOWS\Microsoft.NET\Framework\v2.0.50727\Temporary ASP.NET Files\WSDMS"
donderdag 22 juli 2021 21:02:02 - Commandline		: RemoveDirectory "C:\WINDOWS\Microsoft.NET\Framework\v2.0.50727\Temporary ASP.NET Files\wsdmsdatarepository"
donderdag 22 juli 2021 21:02:02 - Commandline		: EnableWSUSReboot ""
donderdag 22 juli 2021 21:02:02 - ================================svw-be-weba03.balgroupit.com======================================
donderdag 22 juli 2021 21:02:03 - ================================svw-be-webfa001.balgroupit.com======================================
donderdag 22 juli 2021 21:02:10 - Commandline		: StopAppPool "DefaultAppPool"
donderdag 22 juli 2021 21:02:10 - Commandline		: StopAppPool "ED"
donderdag 22 juli 2021 21:02:11 - Commandline		: StopAppPool "EmployeeBenefits"
donderdag 22 juli 2021 21:02:11 - Commandline		: StopAppPool "EtlLogViewer"
donderdag 22 juli 2021 21:02:11 - Commandline		: StopAppPool "LevenAansluitingsverklaring"
donderdag 22 juli 2021 21:02:11 - Commandline		: StopAppPool "LevenWijzigingsFormulier"
donderdag 22 juli 2021 21:02:11 - Commandline		: StopAppPool "MercatorNet.RMMain"
donderdag 22 juli 2021 21:02:11 - Commandline		: StopAppPool "MercatorNet.WSDeploy_3_0"
donderdag 22 juli 2021 21:02:11 - Commandline		: StopAppPool "MercatorNet.WSMain"
donderdag 22 juli 2021 21:02:11 - Commandline		: StopAppPool "MercatorNet.WSServices"
donderdag 22 juli 2021 21:02:11 - Commandline		: StopAppPool "MercatorNet.WSTariff"
donderdag 22 juli 2021 21:02:11 - Commandline		: StopAppPool "MercatorNetBroker.WSDeploy_3_0"
donderdag 22 juli 2021 21:02:11 - Commandline		: StopAppPool "MercatorNetBroker.WSMain"
donderdag 22 juli 2021 21:02:12 - Commandline		: StopAppPool "MercatorWebSite"
donderdag 22 juli 2021 21:02:12 - Commandline		: StopAppPool "MyBaloiseBroker"
donderdag 22 juli 2021 21:02:12 - Commandline		: StopAppPool "MWebBvb"
donderdag 22 juli 2021 21:02:12 - Commandline		: StopAppPool "ScvWebService"
donderdag 22 juli 2021 21:02:12 - Commandline		: StopWebsite "OnlineDocuments"
donderdag 22 juli 2021 21:02:12 - Commandline		: StopWebsite "MNet"
donderdag 22 juli 2021 21:02:12 - Commandline		: StopWebsite "MWebBvb"
donderdag 22 juli 2021 21:02:12 - Commandline		: StopService "World Wide Web Publishing Service"
donderdag 22 juli 2021 21:02:12 - Commandline		: StopComPlus "Mercator.Framework.ActiveDirectory"
donderdag 22 juli 2021 21:02:13 - Commandline		: StopComPlus "Mercator.Framework.Document.Management.Global360"
donderdag 22 juli 2021 21:02:13 - Commandline		: RemoveDirectory "C:\WINDOWS\Microsoft.NET\Framework\v2.0.50727\Temporary ASP.NET Files\levenaansluitingsverklaring"
donderdag 22 juli 2021 21:02:13 - Commandline		: RemoveDirectory "C:\WINDOWS\Microsoft.NET\Framework\v2.0.50727\Temporary ASP.NET Files\levenwijzigingsformulier"
donderdag 22 juli 2021 21:02:13 - Commandline		: RemoveDirectory "C:\WINDOWS\Microsoft.NET\Framework\v2.0.50727\Temporary ASP.NET Files\ed"
donderdag 22 juli 2021 21:02:13 - Commandline		: RemoveDirectory "C:\WINDOWS\Microsoft.NET\Framework\v2.0.50727\Temporary ASP.NET Files\mercatornet.rmmain"
donderdag 22 juli 2021 21:02:13 - Commandline		: RemoveDirectory "C:\WINDOWS\Microsoft.NET\Framework\v2.0.50727\Temporary ASP.NET Files\mercatornet.wsdeploy_3_0"
donderdag 22 juli 2021 21:02:13 - Commandline		: RemoveDirectory "C:\WINDOWS\Microsoft.NET\Framework\v2.0.50727\Temporary ASP.NET Files\mercatornet.wsmain"
donderdag 22 juli 2021 21:02:13 - Commandline		: RemoveDirectory "C:\WINDOWS\Microsoft.NET\Framework\v2.0.50727\Temporary ASP.NET Files\mercatornet.wsservices"
donderdag 22 juli 2021 21:02:13 - Commandline		: RemoveDirectory "C:\WINDOWS\Microsoft.NET\Framework\v2.0.50727\Temporary ASP.NET Files\mercatornet.wstariff"
donderdag 22 juli 2021 21:02:13 - Commandline		: RemoveDirectory "C:\WINDOWS\Microsoft.NET\Framework\v2.0.50727\Temporary ASP.NET Files\mercatornetbroker.wsdeploy_3_0"
donderdag 22 juli 2021 21:02:14 - Commandline		: RemoveDirectory "C:\WINDOWS\Microsoft.NET\Framework\v2.0.50727\Temporary ASP.NET Files\mercatornetbroker.wsmain"
donderdag 22 juli 2021 21:02:14 - Commandline		: RemoveDirectory "C:\WINDOWS\Microsoft.NET\Framework\v2.0.50727\Temporary ASP.NET Files\mercatornethelppages"
donderdag 22 juli 2021 21:02:14 - Commandline		: RemoveDirectory "C:\WINDOWS\Microsoft.NET\Framework\v2.0.50727\Temporary ASP.NET Files\scvwebservice"
donderdag 22 juli 2021 21:02:14 - Commandline		: EnableWSUSReboot ""
donderdag 22 juli 2021 21:02:14 - ================================svw-be-webfa001.balgroupit.com======================================
donderdag 22 juli 2021 21:02:14 - ================================svw-be-webfa002.balgroupit.com======================================
donderdag 22 juli 2021 21:02:22 - Commandline		: StopAppPool "DefaultAppPool"
donderdag 22 juli 2021 21:02:22 - Commandline		: StopAppPool "ED"
donderdag 22 juli 2021 21:02:22 - Commandline		: StopAppPool "EmployeeBenefits"
donderdag 22 juli 2021 21:02:22 - Commandline		: StopAppPool "EtlLogViewer"
donderdag 22 juli 2021 21:02:22 - Commandline		: StopAppPool "LevenAansluitingsverklaring"
donderdag 22 juli 2021 21:02:22 - Commandline		: StopAppPool "LevenWijzigingsFormulier"
donderdag 22 juli 2021 21:02:23 - Commandline		: StopAppPool "MercatorNet.RMMain"
donderdag 22 juli 2021 21:02:23 - Commandline		: StopAppPool "MercatorNet.WSDeploy_3_0"
donderdag 22 juli 2021 21:02:23 - Commandline		: StopAppPool "MercatorNet.WSMain"
donderdag 22 juli 2021 21:02:23 - Commandline		: StopAppPool "MercatorNet.WSServices"
donderdag 22 juli 2021 21:02:23 - Commandline		: StopAppPool "MercatorNet.WSTariff"
donderdag 22 juli 2021 21:02:23 - Commandline		: StopAppPool "MercatorNetBroker.WSDeploy_3_0"
donderdag 22 juli 2021 21:02:23 - Commandline		: StopAppPool "MercatorNetBroker.WSMain"
donderdag 22 juli 2021 21:02:23 - Commandline		: StopAppPool "MercatorWebSite"
donderdag 22 juli 2021 21:02:23 - Commandline		: StopAppPool "MyBaloiseBroker"
donderdag 22 juli 2021 21:02:23 - Commandline		: StopAppPool "MWebBvb"
donderdag 22 juli 2021 21:02:24 - Commandline		: StopAppPool "ScvWebService"
donderdag 22 juli 2021 21:02:24 - Commandline		: StopWebsite "OnlineDocuments"
donderdag 22 juli 2021 21:02:24 - Commandline		: StopWebsite "MNet"
donderdag 22 juli 2021 21:02:24 - Commandline		: StopWebsite "MWebBvb"
donderdag 22 juli 2021 21:02:24 - Commandline		: StopService "World Wide Web Publishing Service"
donderdag 22 juli 2021 21:02:24 - Commandline		: StopComPlus "Mercator.Framework.ActiveDirectory"
donderdag 22 juli 2021 21:02:25 - Commandline		: StopComPlus "Mercator.Framework.Document.Management.Global360"
donderdag 22 juli 2021 21:02:25 - Commandline		: RemoveDirectory "C:\WINDOWS\Microsoft.NET\Framework\v2.0.50727\Temporary ASP.NET Files\levenaansluitingsverklaring"
donderdag 22 juli 2021 21:02:25 - Commandline		: RemoveDirectory "C:\WINDOWS\Microsoft.NET\Framework\v2.0.50727\Temporary ASP.NET Files\levenwijzigingsformulier"
donderdag 22 juli 2021 21:02:25 - Commandline		: RemoveDirectory "C:\WINDOWS\Microsoft.NET\Framework\v2.0.50727\Temporary ASP.NET Files\ed"
donderdag 22 juli 2021 21:02:25 - Commandline		: RemoveDirectory "C:\WINDOWS\Microsoft.NET\Framework\v2.0.50727\Temporary ASP.NET Files\mercatornet.rmmain"
donderdag 22 juli 2021 21:02:25 - Commandline		: RemoveDirectory "C:\WINDOWS\Microsoft.NET\Framework\v2.0.50727\Temporary ASP.NET Files\mercatornet.wsdeploy_3_0"
donderdag 22 juli 2021 21:02:25 - Commandline		: RemoveDirectory "C:\WINDOWS\Microsoft.NET\Framework\v2.0.50727\Temporary ASP.NET Files\mercatornet.wsmain"
donderdag 22 juli 2021 21:02:26 - Commandline		: RemoveDirectory "C:\WINDOWS\Microsoft.NET\Framework\v2.0.50727\Temporary ASP.NET Files\mercatornet.wsservices"
donderdag 22 juli 2021 21:02:26 - Commandline		: RemoveDirectory "C:\WINDOWS\Microsoft.NET\Framework\v2.0.50727\Temporary ASP.NET Files\mercatornet.wstariff"
donderdag 22 juli 2021 21:02:26 - Commandline		: RemoveDirectory "C:\WINDOWS\Microsoft.NET\Framework\v2.0.50727\Temporary ASP.NET Files\mercatornetbroker.wsdeploy_3_0"
donderdag 22 juli 2021 21:02:26 - Commandline		: RemoveDirectory "C:\WINDOWS\Microsoft.NET\Framework\v2.0.50727\Temporary ASP.NET Files\mercatornetbroker.wsmain"
donderdag 22 juli 2021 21:02:26 - Commandline		: RemoveDirectory "C:\WINDOWS\Microsoft.NET\Framework\v2.0.50727\Temporary ASP.NET Files\mercatornethelppages"
donderdag 22 juli 2021 21:02:26 - Commandline		: RemoveDirectory "C:\WINDOWS\Microsoft.NET\Framework\v2.0.50727\Temporary ASP.NET Files\scvwebservice"
donderdag 22 juli 2021 21:02:26 - Commandline		: EnableWSUSReboot ""
donderdag 22 juli 2021 21:02:26 - ================================svw-be-webfa002.balgroupit.com======================================
donderdag 22 juli 2021 21:02:26 - ================================svw-be-biza001.balgroupit.com======================================
donderdag 22 juli 2021 21:02:34 - Commandline		: StopService "Mercator Managed File Transfer"
donderdag 22 juli 2021 21:02:34 - Commandline		: StopService "Mercator Esb Process Initializer"
donderdag 22 juli 2021 21:02:34 - Commandline		: EnableWSUSReboot ""
donderdag 22 juli 2021 21:02:34 - ================================svw-be-biza001.balgroupit.com======================================
donderdag 22 juli 2021 21:02:35 - ================================svw-be-biza002.balgroupit.com======================================
donderdag 22 juli 2021 21:02:42 - Commandline		: StopService "Mercator Managed File Transfer"
donderdag 22 juli 2021 21:02:42 - Commandline		: StopService "Mercator Esb Process Initializer"
donderdag 22 juli 2021 21:02:43 - Commandline		: EnableWSUSReboot ""
donderdag 22 juli 2021 21:02:43 - ================================svw-be-biza002.balgroupit.com======================================
donderdag 22 juli 2021 21:02:44 - ================================svw-be-dmsa001.balgroupit.com======================================
donderdag 22 juli 2021 21:02:52 - Commandline		: EnableWSUSReboot ""
donderdag 22 juli 2021 21:02:52 - ================================svw-be-dmsa001.balgroupit.com======================================
donderdag 22 juli 2021 21:02:52 - ================================svw-be-dmsa002.balgroupit.com======================================
donderdag 22 juli 2021 21:03:00 - Commandline		: EnableWSUSReboot ""
donderdag 22 juli 2021 21:03:00 - ================================svw-be-dmsa002.balgroupit.com======================================
donderdag 22 juli 2021 21:03:03 - ================================svw-be-dmsa03.balgroupit.com======================================
donderdag 22 juli 2021 21:03:11 - Commandline		: StopService "Execute360 Archive Manager"
donderdag 22 juli 2021 21:03:24 - Commandline		: EnableWSUSReboot ""
donderdag 22 juli 2021 21:03:24 - ================================svw-be-dmsa03.balgroupit.com======================================
donderdag 22 juli 2021 21:03:24 - ================================dms-ba01.balgroupit.com======================================
donderdag 22 juli 2021 21:03:26 - Commandline		: EnableWSUSReboot ""
donderdag 22 juli 2021 21:03:26 - ================================dms-ba01.balgroupit.com======================================
donderdag 22 juli 2021 21:03:26 - ================================dms-ba01-file.balgroupit.com======================================
donderdag 22 juli 2021 21:03:28 - Commandline		: EnableWSUSReboot ""
donderdag 22 juli 2021 21:03:28 - ================================dms-ba01-file.balgroupit.com======================================
donderdag 22 juli 2021 21:03:28 - ================================dms-ba01-g360.balgroupit.com======================================
donderdag 22 juli 2021 21:03:29 - Commandline		: EnableWSUSReboot ""
donderdag 22 juli 2021 21:03:30 - ================================dms-ba01-g360.balgroupit.com======================================
donderdag 22 juli 2021 21:03:31 - ================================svw-be-porta01.balgroupit.com======================================
donderdag 22 juli 2021 21:03:39 - Commandline		: stopAppPool "AL2AppPool64v2"
donderdag 22 juli 2021 21:03:39 - Commandline		: stopAppPool "ALAppPool64v2"
donderdag 22 juli 2021 21:03:39 - Commandline		: stopAppPool "Pool2"
donderdag 22 juli 2021 21:03:39 - Commandline		: stopAppPool "Mercator.Portal.Portlets"
donderdag 22 juli 2021 21:03:39 - Commandline		: stopAppPool "Mercator.Portal.WebService"
donderdag 22 juli 2021 21:03:39 - Commandline		: stopAppPool "PortalASP"
donderdag 22 juli 2021 21:03:39 - Commandline		: StopWebsite "WCI"
donderdag 22 juli 2021 21:03:40 - Commandline		: StopWebsite "Default Web Site"
donderdag 22 juli 2021 21:03:40 - Commandline		: StopWebsite "MercatorPortalWebService"
donderdag 22 juli 2021 21:03:40 - Commandline		: StopService "Mercator.Portal.Scheduler"
donderdag 22 juli 2021 21:03:40 - Commandline		: StopService "ptautomationserver"
donderdag 22 juli 2021 21:03:40 - Commandline		: StopService "publishservice"
donderdag 22 juli 2021 21:03:46 - Commandline		: StopService "rssreader"
donderdag 22 juli 2021 21:03:50 - Commandline		: StopService "Oracle WCI Document Repository Service"
donderdag 22 juli 2021 21:03:52 - Commandline		: StopService "svw-be-porta0101"
donderdag 22 juli 2021 21:03:58 - Commandline		: StopService "SearchClusterUI"
donderdag 22 juli 2021 21:04:01 - Commandline		: StopService "SearchService"
donderdag 22 juli 2021 21:04:39 - Commandline		: StopService "wsserver"
donderdag 22 juli 2021 21:04:41 - Commandline		: StopService "Oracle WCI Logger"
donderdag 22 juli 2021 21:04:43 - Commandline		: StopService "ConfigurationManager12345"
donderdag 22 juli 2021 21:04:43 - Commandline		: EnableWSUSReboot ""
donderdag 22 juli 2021 21:04:43 - ================================svw-be-porta01.balgroupit.com======================================
donderdag 22 juli 2021 21:04:43 - ================================svw-be-babsa001.balgroupit.com======================================
donderdag 22 juli 2021 21:04:51 - Commandline		: EnableWSUSReboot ""
donderdag 22 juli 2021 21:04:51 - ================================svw-be-babsa001.balgroupit.com======================================
donderdag 22 juli 2021 21:04:51 - ================================svw-be-babsa002.balgroupit.com======================================
donderdag 22 juli 2021 21:04:59 - Commandline		: EnableWSUSReboot ""
donderdag 22 juli 2021 21:04:59 - ================================svw-be-babsa002.balgroupit.com======================================
donderdag 22 juli 2021 21:04:59 - ================================svw-be-babba001.balgroupit.com======================================
donderdag 22 juli 2021 21:05:00 - Commandline		: StopService "Baloise BaloiseBackendBatch"
donderdag 22 juli 2021 21:05:00 - Commandline		: EnableWSUSReboot ""
donderdag 22 juli 2021 21:05:00 - ================================svw-be-babba001.balgroupit.com======================================
donderdag 22 juli 2021 21:05:01 - ================================svw-be-babba002.balgroupit.com======================================
donderdag 22 juli 2021 21:05:01 - Commandline		: StopService "Baloise BaloiseBackendBatch"
donderdag 22 juli 2021 21:05:02 - Commandline		: EnableWSUSReboot ""
donderdag 22 juli 2021 21:05:02 - ================================svw-be-babba002.balgroupit.com======================================
donderdag 22 juli 2021 21:05:02 - ================================svw-be-mfta001.balgroupit.com======================================
donderdag 22 juli 2021 21:05:06 - Commandline		: StopService "Mercator Managed File Transfer"
donderdag 22 juli 2021 21:05:06 - Commandline		: EnableWSUSReboot ""
donderdag 22 juli 2021 21:05:06 - ================================svw-be-mfta001.balgroupit.com======================================
