donderdag 20 augustus 2020 21:00:45 - READING XML File :  \\balgroupit.com\appl_data\BBE\Transfer\Packages\Scripts\WSUS\Acorp\Acorp_Stop_All.xml
donderdag 20 augustus 2020 21:00:45 - 
donderdag 20 augustus 2020 21:00:46 - ================================shw-be-atrace51.balgroupit.com======================================
donderdag 20 augustus 2020 21:00:46 - Commandline		: EnableWSUSReboot ""
donderdag 20 augustus 2020 21:00:46 - ================================shw-be-atrace51.balgroupit.com======================================
donderdag 20 augustus 2020 21:00:47 - ================================svw-be-eaia01.balgroupit.com======================================
donderdag 20 augustus 2020 21:00:48 - Commandline		: StopService "mercator.eai.docservice"
donderdag 20 augustus 2020 21:00:48 - Commandline		: StopProcess "dllhost.exe"
donderdag 20 augustus 2020 21:00:48 - Commandline		: StopProcess "winword.exe"
donderdag 20 augustus 2020 21:00:48 - Commandline		: EnableWSUSReboot ""
donderdag 20 augustus 2020 21:00:48 - ================================svw-be-eaia01.balgroupit.com======================================
donderdag 20 augustus 2020 21:00:49 - ================================svw-be-eaia04.balgroupit.com======================================
donderdag 20 augustus 2020 21:00:50 - Commandline		: StopService "mercator.eai.docservice"
donderdag 20 augustus 2020 21:00:50 - Commandline		: StopProcess "dllhost.exe"
donderdag 20 augustus 2020 21:00:50 - Commandline		: StopProcess "winword.exe"
donderdag 20 augustus 2020 21:00:50 - Commandline		: EnableWSUSReboot ""
donderdag 20 augustus 2020 21:00:50 - ================================svw-be-eaia04.balgroupit.com======================================
donderdag 20 augustus 2020 21:00:51 - ================================svw-be-weba02.balgroupit.com======================================
donderdag 20 augustus 2020 21:00:58 - Commandline		: StopWebsite "DmsDataRepository"
donderdag 20 augustus 2020 21:00:58 - Commandline		: StopWebsite "MNet"
donderdag 20 augustus 2020 21:00:58 - Commandline		: StartAppPool "MNet"
donderdag 20 augustus 2020 21:00:59 - Commandline		: StopAppPool "DefaultAppPool"
donderdag 20 augustus 2020 21:00:59 - Commandline		: StopAppPool "WSDMS"
donderdag 20 augustus 2020 21:00:59 - Commandline		: StopAppPool "WSDmsDataRepository"
donderdag 20 augustus 2020 21:00:59 - Commandline		: StopAppPool "BaloiseBackend"
donderdag 20 augustus 2020 21:00:59 - Commandline		: StopAppPool "CDS"
donderdag 20 augustus 2020 21:00:59 - Commandline		: StopAppPool "MercatorNet.BoServices"
donderdag 20 augustus 2020 21:00:59 - Commandline		: StopAppPool "Mercator.Portima.Monitoring"
donderdag 20 augustus 2020 21:00:59 - Commandline		: StopAppPool "Mercator.Portima"
donderdag 20 augustus 2020 21:00:59 - Commandline		: StopAppPool "Mercator.Eai.Tools.Wsc"
donderdag 20 augustus 2020 21:00:59 - Commandline		: StopAppPool "Mercator.EAI.Framework.WebServices"
donderdag 20 augustus 2020 21:00:59 - Commandline		: StopService "World Wide Web Publishing Service"
donderdag 20 augustus 2020 21:00:59 - Commandline		: StopService "Baloise Backend"
donderdag 20 augustus 2020 21:01:00 - Commandline		: StopService "Baloise Central Data Store"
donderdag 20 augustus 2020 21:01:00 - Commandline		: StopService "Baloise SyncTaskToDMS"
donderdag 20 augustus 2020 21:01:00 - Commandline		: StopService "Mercator DMS Bulk Insert"
donderdag 20 augustus 2020 21:01:00 - Commandline		: StopService "Mercator DMS Import Portima Attachments"
donderdag 20 augustus 2020 21:01:00 - Commandline		: StopService "Mercator DMS MailImport Service"
donderdag 20 augustus 2020 21:01:00 - Commandline		: StopService "Mercator Xpim Document Store"
donderdag 20 augustus 2020 21:01:00 - Commandline		: StopService "Mercator Document Store"
donderdag 20 augustus 2020 21:01:00 - Commandline		: StopService "BaloiseDmsBatchService"
donderdag 20 augustus 2020 21:01:00 - Commandline		: StopService "Mercator Document Management System Service"
donderdag 20 augustus 2020 21:01:00 - Commandline		: StopService "Mercator Document Management System Async Service"
donderdag 20 augustus 2020 21:01:01 - Commandline		: StopService "Mercator Document Management System Batch Avero Service"
donderdag 20 augustus 2020 21:01:01 - Commandline		: StopService "Mercator DMS Pdf Conversion Call"
donderdag 20 augustus 2020 21:01:01 - Commandline		: StopService "MercatorNET SCV Batch Service"
donderdag 20 augustus 2020 21:01:01 - Commandline		: StopService "Mercator Organization Data"
donderdag 20 augustus 2020 21:01:01 - Commandline		: StopService "Mercator Document Generation"
donderdag 20 augustus 2020 21:01:02 - Commandline		: StopService "Mercator Document Delivery"
donderdag 20 augustus 2020 21:01:02 - Commandline		: StopService "Steria's Dispatcher Service"
donderdag 20 augustus 2020 21:01:02 - Commandline		: StopService "Mercator.Integration.EAI.3.9.Listener"
donderdag 20 augustus 2020 21:01:02 - Commandline		: StopComPlus "Mercator.Framework.ActiveDirectory"
donderdag 20 augustus 2020 21:01:02 - Commandline		: StopComPlus "Mercator.EAI.3.9.Components"
donderdag 20 augustus 2020 21:01:02 - Commandline		: StopComPlus "Mercator.Framework.Document.Management.Global360"
donderdag 20 augustus 2020 21:01:02 - Commandline		: RemoveDirectory "C:\WINDOWS\Microsoft.NET\Framework\v4.0.30319\Temporary ASP.NET Files\cds"
donderdag 20 augustus 2020 21:01:03 - Commandline		: RemoveDirectory "C:\WINDOWS\Microsoft.NET\Framework\v2.0.50727\Temporary ASP.NET Files\mercatornet.boservices"
donderdag 20 augustus 2020 21:01:03 - Commandline		: RemoveDirectory "C:\WINDOWS\Microsoft.NET\Framework\v2.0.50727\Temporary ASP.NET Files\mercator.eai.framework.webservices"
donderdag 20 augustus 2020 21:01:03 - Commandline		: RemoveDirectory "C:\WINDOWS\Microsoft.NET\Framework\v2.0.50727\Temporary ASP.NET Files\mercator.eai.tools.wsc"
donderdag 20 augustus 2020 21:01:03 - Commandline		: RemoveDirectory "C:\WINDOWS\Microsoft.NET\Framework\v2.0.50727\Temporary ASP.NET Files\Mercator.Portima.Monitoring"
donderdag 20 augustus 2020 21:01:03 - Commandline		: RemoveDirectory "C:\WINDOWS\Microsoft.NET\Framework\v2.0.50727\Temporary ASP.NET Files\Mercator.Portima"
donderdag 20 augustus 2020 21:01:03 - Commandline		: RemoveDirectory "C:\WINDOWS\Microsoft.NET\Framework\v2.0.50727\Temporary ASP.NET Files\WSDMS"
donderdag 20 augustus 2020 21:01:03 - Commandline		: RemoveDirectory "C:\WINDOWS\Microsoft.NET\Framework\v2.0.50727\Temporary ASP.NET Files\wsdmsdatarepository"
donderdag 20 augustus 2020 21:01:03 - Commandline		: EnableWSUSReboot ""
donderdag 20 augustus 2020 21:01:03 - ================================svw-be-weba02.balgroupit.com======================================
donderdag 20 augustus 2020 21:01:03 - ================================svw-be-weba03.balgroupit.com======================================
donderdag 20 augustus 2020 21:01:11 - Commandline		: StopWebsite "DmsDataRepository"
donderdag 20 augustus 2020 21:01:11 - Commandline		: StopWebsite "MNet"
donderdag 20 augustus 2020 21:01:11 - Commandline		: StopAppPool "DefaultAppPool"
donderdag 20 augustus 2020 21:01:11 - Commandline		: StopAppPool "WSDMS"
donderdag 20 augustus 2020 21:01:11 - Commandline		: StopAppPool "WSDmsDataRepository"
donderdag 20 augustus 2020 21:01:11 - Commandline		: StopAppPool "BaloiseBackend"
donderdag 20 augustus 2020 21:01:12 - Commandline		: StopAppPool "CDS"
donderdag 20 augustus 2020 21:01:12 - Commandline		: StopAppPool "MercatorNet.BoServices"
donderdag 20 augustus 2020 21:01:12 - Commandline		: StopAppPool "Mercator.Portima.Monitoring"
donderdag 20 augustus 2020 21:01:12 - Commandline		: StopAppPool "Mercator.Portima"
donderdag 20 augustus 2020 21:01:12 - Commandline		: StopAppPool "Mercator.Eai.Tools.Wsc"
donderdag 20 augustus 2020 21:01:12 - Commandline		: StopAppPool "Mercator.EAI.Framework.WebServices"
donderdag 20 augustus 2020 21:01:12 - Commandline		: StopService "World Wide Web Publishing Service"
donderdag 20 augustus 2020 21:01:12 - Commandline		: StopService "Baloise Backend"
donderdag 20 augustus 2020 21:01:12 - Commandline		: StopService "Baloise Central Data Store"
donderdag 20 augustus 2020 21:01:12 - Commandline		: StopService "Baloise SyncTaskToDMS"
donderdag 20 augustus 2020 21:01:13 - Commandline		: StopService "Mercator DMS Bulk Insert"
donderdag 20 augustus 2020 21:01:13 - Commandline		: StopService "Mercator DMS Import Portima Attachments"
donderdag 20 augustus 2020 21:01:13 - Commandline		: StopService "Mercator DMS MailImport Service"
donderdag 20 augustus 2020 21:01:14 - Commandline		: StopService "Mercator Xpim Document Store"
donderdag 20 augustus 2020 21:01:14 - Commandline		: StopService "Mercator Document Store"
donderdag 20 augustus 2020 21:01:14 - Commandline		: StopService "BaloiseDmsBatchService"
donderdag 20 augustus 2020 21:01:14 - Commandline		: StopService "Mercator Document Management System Service"
donderdag 20 augustus 2020 21:01:14 - Commandline		: StopService "Mercator Document Management System Async Service"
donderdag 20 augustus 2020 21:01:14 - Commandline		: StopService "Mercator Document Management System Batch Avero Service"
donderdag 20 augustus 2020 21:01:15 - Commandline		: StopService "Mercator DMS Pdf Conversion Call"
donderdag 20 augustus 2020 21:01:15 - Commandline		: StopService "MercatorNET SCV Batch Service"
donderdag 20 augustus 2020 21:01:15 - Commandline		: StopService "Mercator Organization Data"
donderdag 20 augustus 2020 21:01:15 - Commandline		: StopService "Mercator Document Generation"
donderdag 20 augustus 2020 21:01:15 - Commandline		: StopService "Mercator Document Delivery"
donderdag 20 augustus 2020 21:01:15 - Commandline		: StopService "Steria's Dispatcher Service"
donderdag 20 augustus 2020 21:01:15 - Commandline		: StopService "Mercator.Integration.EAI.3.9.Listener"
donderdag 20 augustus 2020 21:01:15 - Commandline		: StopComPlus "Mercator.Framework.ActiveDirectory"
donderdag 20 augustus 2020 21:01:16 - Commandline		: StopComPlus "Mercator.EAI.3.9.Components"
donderdag 20 augustus 2020 21:01:16 - Commandline		: StopComPlus "Mercator.Framework.Document.Management.Global360"
donderdag 20 augustus 2020 21:01:16 - Commandline		: RemoveDirectory "C:\WINDOWS\Microsoft.NET\Framework\v4.0.30319\Temporary ASP.NET Files\cds"
donderdag 20 augustus 2020 21:01:16 - Commandline		: RemoveDirectory "C:\WINDOWS\Microsoft.NET\Framework\v2.0.50727\Temporary ASP.NET Files\mercatornet.boservices"
donderdag 20 augustus 2020 21:01:16 - Commandline		: RemoveDirectory "C:\WINDOWS\Microsoft.NET\Framework\v2.0.50727\Temporary ASP.NET Files\mercator.eai.framework.webservices"
donderdag 20 augustus 2020 21:01:16 - Commandline		: RemoveDirectory "C:\WINDOWS\Microsoft.NET\Framework\v2.0.50727\Temporary ASP.NET Files\mercator.eai.tools.wsc"
donderdag 20 augustus 2020 21:01:16 - Commandline		: RemoveDirectory "C:\WINDOWS\Microsoft.NET\Framework\v2.0.50727\Temporary ASP.NET Files\Mercator.Portima.Monitoring"
donderdag 20 augustus 2020 21:01:16 - Commandline		: RemoveDirectory "C:\WINDOWS\Microsoft.NET\Framework\v2.0.50727\Temporary ASP.NET Files\Mercator.Portima"
donderdag 20 augustus 2020 21:01:16 - Commandline		: RemoveDirectory "C:\WINDOWS\Microsoft.NET\Framework\v2.0.50727\Temporary ASP.NET Files\WSDMS"
donderdag 20 augustus 2020 21:01:16 - Commandline		: RemoveDirectory "C:\WINDOWS\Microsoft.NET\Framework\v2.0.50727\Temporary ASP.NET Files\wsdmsdatarepository"
donderdag 20 augustus 2020 21:01:16 - Commandline		: EnableWSUSReboot ""
donderdag 20 augustus 2020 21:01:16 - ================================svw-be-weba03.balgroupit.com======================================
donderdag 20 augustus 2020 21:01:17 - ================================svw-be-webfa001.balgroupit.com======================================
donderdag 20 augustus 2020 21:01:24 - Commandline		: StopAppPool "DefaultAppPool"
donderdag 20 augustus 2020 21:01:24 - Commandline		: StopAppPool "ED"
donderdag 20 augustus 2020 21:01:24 - Commandline		: StopAppPool "EmployeeBenefits"
donderdag 20 augustus 2020 21:01:24 - Commandline		: StopAppPool "EtlLogViewer"
donderdag 20 augustus 2020 21:01:25 - Commandline		: StopAppPool "LevenAansluitingsverklaring"
donderdag 20 augustus 2020 21:01:25 - Commandline		: StopAppPool "LevenWijzigingsFormulier"
donderdag 20 augustus 2020 21:01:25 - Commandline		: StopAppPool "MercatorNet.RMMain"
donderdag 20 augustus 2020 21:01:25 - Commandline		: StopAppPool "MercatorNet.WSDeploy_3_0"
donderdag 20 augustus 2020 21:01:25 - Commandline		: StopAppPool "MercatorNet.WSMain"
donderdag 20 augustus 2020 21:01:25 - Commandline		: StopAppPool "MercatorNet.WSServices"
donderdag 20 augustus 2020 21:01:25 - Commandline		: StopAppPool "MercatorNet.WSTariff"
donderdag 20 augustus 2020 21:01:25 - Commandline		: StopAppPool "MercatorNetBroker.WSDeploy_3_0"
donderdag 20 augustus 2020 21:01:25 - Commandline		: StopAppPool "MercatorNetBroker.WSMain"
donderdag 20 augustus 2020 21:01:25 - Commandline		: StopAppPool "MercatorWebSite"
donderdag 20 augustus 2020 21:01:25 - Commandline		: StopAppPool "MyBaloiseBroker"
donderdag 20 augustus 2020 21:01:25 - Commandline		: StopAppPool "MWebBvb"
donderdag 20 augustus 2020 21:01:26 - Commandline		: StopAppPool "ScvWebService"
donderdag 20 augustus 2020 21:01:26 - Commandline		: StopWebsite "OnlineDocuments"
donderdag 20 augustus 2020 21:01:26 - Commandline		: StopWebsite "MNet"
donderdag 20 augustus 2020 21:01:26 - Commandline		: StopWebsite "MWebBvb"
donderdag 20 augustus 2020 21:01:26 - Commandline		: StopService "World Wide Web Publishing Service"
donderdag 20 augustus 2020 21:01:26 - Commandline		: StopComPlus "Mercator.Framework.ActiveDirectory"
donderdag 20 augustus 2020 21:01:26 - Commandline		: StopComPlus "Mercator.Framework.Document.Management.Global360"
donderdag 20 augustus 2020 21:01:26 - Commandline		: RemoveDirectory "C:\WINDOWS\Microsoft.NET\Framework\v2.0.50727\Temporary ASP.NET Files\levenaansluitingsverklaring"
donderdag 20 augustus 2020 21:01:26 - Commandline		: RemoveDirectory "C:\WINDOWS\Microsoft.NET\Framework\v2.0.50727\Temporary ASP.NET Files\levenwijzigingsformulier"
donderdag 20 augustus 2020 21:01:26 - Commandline		: RemoveDirectory "C:\WINDOWS\Microsoft.NET\Framework\v2.0.50727\Temporary ASP.NET Files\ed"
donderdag 20 augustus 2020 21:01:26 - Commandline		: RemoveDirectory "C:\WINDOWS\Microsoft.NET\Framework\v2.0.50727\Temporary ASP.NET Files\mercatornet.rmmain"
donderdag 20 augustus 2020 21:01:26 - Commandline		: RemoveDirectory "C:\WINDOWS\Microsoft.NET\Framework\v2.0.50727\Temporary ASP.NET Files\mercatornet.wsdeploy_3_0"
donderdag 20 augustus 2020 21:01:26 - Commandline		: RemoveDirectory "C:\WINDOWS\Microsoft.NET\Framework\v2.0.50727\Temporary ASP.NET Files\mercatornet.wsmain"
donderdag 20 augustus 2020 21:01:27 - Commandline		: RemoveDirectory "C:\WINDOWS\Microsoft.NET\Framework\v2.0.50727\Temporary ASP.NET Files\mercatornet.wsservices"
donderdag 20 augustus 2020 21:01:27 - Commandline		: RemoveDirectory "C:\WINDOWS\Microsoft.NET\Framework\v2.0.50727\Temporary ASP.NET Files\mercatornet.wstariff"
donderdag 20 augustus 2020 21:01:27 - Commandline		: RemoveDirectory "C:\WINDOWS\Microsoft.NET\Framework\v2.0.50727\Temporary ASP.NET Files\mercatornetbroker.wsdeploy_3_0"
donderdag 20 augustus 2020 21:01:27 - Commandline		: RemoveDirectory "C:\WINDOWS\Microsoft.NET\Framework\v2.0.50727\Temporary ASP.NET Files\mercatornetbroker.wsmain"
donderdag 20 augustus 2020 21:01:27 - Commandline		: RemoveDirectory "C:\WINDOWS\Microsoft.NET\Framework\v2.0.50727\Temporary ASP.NET Files\mercatornethelppages"
donderdag 20 augustus 2020 21:01:27 - Commandline		: RemoveDirectory "C:\WINDOWS\Microsoft.NET\Framework\v2.0.50727\Temporary ASP.NET Files\scvwebservice"
donderdag 20 augustus 2020 21:01:27 - Commandline		: EnableWSUSReboot ""
donderdag 20 augustus 2020 21:01:27 - ================================svw-be-webfa001.balgroupit.com======================================
donderdag 20 augustus 2020 21:01:27 - ================================svw-be-webfa002.balgroupit.com======================================
donderdag 20 augustus 2020 21:01:35 - Commandline		: StopAppPool "DefaultAppPool"
donderdag 20 augustus 2020 21:01:35 - Commandline		: StopAppPool "ED"
donderdag 20 augustus 2020 21:01:35 - Commandline		: StopAppPool "EmployeeBenefits"
donderdag 20 augustus 2020 21:01:35 - Commandline		: StopAppPool "EtlLogViewer"
donderdag 20 augustus 2020 21:01:35 - Commandline		: StopAppPool "LevenAansluitingsverklaring"
donderdag 20 augustus 2020 21:01:35 - Commandline		: StopAppPool "LevenWijzigingsFormulier"
donderdag 20 augustus 2020 21:01:35 - Commandline		: StopAppPool "MercatorNet.RMMain"
donderdag 20 augustus 2020 21:01:35 - Commandline		: StopAppPool "MercatorNet.WSDeploy_3_0"
donderdag 20 augustus 2020 21:01:35 - Commandline		: StopAppPool "MercatorNet.WSMain"
donderdag 20 augustus 2020 21:01:35 - Commandline		: StopAppPool "MercatorNet.WSServices"
donderdag 20 augustus 2020 21:01:36 - Commandline		: StopAppPool "MercatorNet.WSTariff"
donderdag 20 augustus 2020 21:01:36 - Commandline		: StopAppPool "MercatorNetBroker.WSDeploy_3_0"
donderdag 20 augustus 2020 21:01:36 - Commandline		: StopAppPool "MercatorNetBroker.WSMain"
donderdag 20 augustus 2020 21:01:36 - Commandline		: StopAppPool "MercatorWebSite"
donderdag 20 augustus 2020 21:01:36 - Commandline		: StopAppPool "MyBaloiseBroker"
donderdag 20 augustus 2020 21:01:36 - Commandline		: StopAppPool "MWebBvb"
donderdag 20 augustus 2020 21:01:36 - Commandline		: StopAppPool "ScvWebService"
donderdag 20 augustus 2020 21:01:36 - Commandline		: StopWebsite "OnlineDocuments"
donderdag 20 augustus 2020 21:01:36 - Commandline		: StopWebsite "MNet"
donderdag 20 augustus 2020 21:01:36 - Commandline		: StopWebsite "MWebBvb"
donderdag 20 augustus 2020 21:01:36 - Commandline		: StopService "World Wide Web Publishing Service"
donderdag 20 augustus 2020 21:01:36 - Commandline		: StopComPlus "Mercator.Framework.ActiveDirectory"
donderdag 20 augustus 2020 21:01:37 - Commandline		: StopComPlus "Mercator.Framework.Document.Management.Global360"
donderdag 20 augustus 2020 21:01:37 - Commandline		: RemoveDirectory "C:\WINDOWS\Microsoft.NET\Framework\v2.0.50727\Temporary ASP.NET Files\levenaansluitingsverklaring"
donderdag 20 augustus 2020 21:01:37 - Commandline		: RemoveDirectory "C:\WINDOWS\Microsoft.NET\Framework\v2.0.50727\Temporary ASP.NET Files\levenwijzigingsformulier"
donderdag 20 augustus 2020 21:01:37 - Commandline		: RemoveDirectory "C:\WINDOWS\Microsoft.NET\Framework\v2.0.50727\Temporary ASP.NET Files\ed"
donderdag 20 augustus 2020 21:01:37 - Commandline		: RemoveDirectory "C:\WINDOWS\Microsoft.NET\Framework\v2.0.50727\Temporary ASP.NET Files\mercatornet.rmmain"
donderdag 20 augustus 2020 21:01:37 - Commandline		: RemoveDirectory "C:\WINDOWS\Microsoft.NET\Framework\v2.0.50727\Temporary ASP.NET Files\mercatornet.wsdeploy_3_0"
donderdag 20 augustus 2020 21:01:37 - Commandline		: RemoveDirectory "C:\WINDOWS\Microsoft.NET\Framework\v2.0.50727\Temporary ASP.NET Files\mercatornet.wsmain"
donderdag 20 augustus 2020 21:01:37 - Commandline		: RemoveDirectory "C:\WINDOWS\Microsoft.NET\Framework\v2.0.50727\Temporary ASP.NET Files\mercatornet.wsservices"
donderdag 20 augustus 2020 21:01:37 - Commandline		: RemoveDirectory "C:\WINDOWS\Microsoft.NET\Framework\v2.0.50727\Temporary ASP.NET Files\mercatornet.wstariff"
donderdag 20 augustus 2020 21:01:37 - Commandline		: RemoveDirectory "C:\WINDOWS\Microsoft.NET\Framework\v2.0.50727\Temporary ASP.NET Files\mercatornetbroker.wsdeploy_3_0"
donderdag 20 augustus 2020 21:01:37 - Commandline		: RemoveDirectory "C:\WINDOWS\Microsoft.NET\Framework\v2.0.50727\Temporary ASP.NET Files\mercatornetbroker.wsmain"
donderdag 20 augustus 2020 21:01:37 - Commandline		: RemoveDirectory "C:\WINDOWS\Microsoft.NET\Framework\v2.0.50727\Temporary ASP.NET Files\mercatornethelppages"
donderdag 20 augustus 2020 21:01:37 - Commandline		: RemoveDirectory "C:\WINDOWS\Microsoft.NET\Framework\v2.0.50727\Temporary ASP.NET Files\scvwebservice"
donderdag 20 augustus 2020 21:01:37 - Commandline		: EnableWSUSReboot ""
donderdag 20 augustus 2020 21:01:37 - ================================svw-be-webfa002.balgroupit.com======================================
donderdag 20 augustus 2020 21:01:38 - ================================svw-be-biza001.balgroupit.com======================================
donderdag 20 augustus 2020 21:01:45 - Commandline		: StopService "Mercator Managed File Transfer"
donderdag 20 augustus 2020 21:01:46 - Commandline		: StopService "Mercator Esb Process Initializer"
donderdag 20 augustus 2020 21:01:46 - Commandline		: EnableWSUSReboot ""
donderdag 20 augustus 2020 21:01:46 - ================================svw-be-biza001.balgroupit.com======================================
donderdag 20 augustus 2020 21:01:46 - ================================svw-be-biza002.balgroupit.com======================================
donderdag 20 augustus 2020 21:01:54 - Commandline		: StopService "Mercator Managed File Transfer"
donderdag 20 augustus 2020 21:01:54 - Commandline		: StopService "Mercator Esb Process Initializer"
donderdag 20 augustus 2020 21:01:54 - Commandline		: EnableWSUSReboot ""
donderdag 20 augustus 2020 21:01:55 - ================================svw-be-biza002.balgroupit.com======================================
donderdag 20 augustus 2020 21:01:55 - ================================svw-be-dmsa001.balgroupit.com======================================
donderdag 20 augustus 2020 21:02:03 - Commandline		: EnableWSUSReboot ""
donderdag 20 augustus 2020 21:02:03 - ================================svw-be-dmsa001.balgroupit.com======================================
donderdag 20 augustus 2020 21:02:03 - ================================svw-be-dmsa002.balgroupit.com======================================
donderdag 20 augustus 2020 21:02:11 - Commandline		: EnableWSUSReboot ""
donderdag 20 augustus 2020 21:02:11 - ================================svw-be-dmsa002.balgroupit.com======================================
donderdag 20 augustus 2020 21:02:13 - ================================svw-be-dmsa03.balgroupit.com======================================
donderdag 20 augustus 2020 21:02:21 - Commandline		: StopService "Execute360 Archive Manager"
donderdag 20 augustus 2020 21:02:21 - Commandline		: EnableWSUSReboot ""
donderdag 20 augustus 2020 21:02:21 - ================================svw-be-dmsa03.balgroupit.com======================================
donderdag 20 augustus 2020 21:02:22 - ================================dms-ba01.balgroupit.com======================================
donderdag 20 augustus 2020 21:02:23 - Commandline		: EnableWSUSReboot ""
donderdag 20 augustus 2020 21:02:23 - ================================dms-ba01.balgroupit.com======================================
donderdag 20 augustus 2020 21:02:24 - ================================dms-ba01-file.balgroupit.com======================================
donderdag 20 augustus 2020 21:02:25 - Commandline		: EnableWSUSReboot ""
donderdag 20 augustus 2020 21:02:25 - ================================dms-ba01-file.balgroupit.com======================================
donderdag 20 augustus 2020 21:02:25 - ================================dms-ba01-g360.balgroupit.com======================================
donderdag 20 augustus 2020 21:02:27 - Commandline		: EnableWSUSReboot ""
donderdag 20 augustus 2020 21:02:27 - ================================dms-ba01-g360.balgroupit.com======================================
donderdag 20 augustus 2020 21:02:28 - ================================svw-be-porta01.balgroupit.com======================================
donderdag 20 augustus 2020 21:02:35 - Commandline		: stopAppPool "AL2AppPool64v2"
donderdag 20 augustus 2020 21:02:36 - Commandline		: stopAppPool "ALAppPool64v2"
donderdag 20 augustus 2020 21:02:36 - Commandline		: stopAppPool "Pool2"
donderdag 20 augustus 2020 21:02:36 - Commandline		: stopAppPool "Mercator.Portal.Portlets"
donderdag 20 augustus 2020 21:02:36 - Commandline		: stopAppPool "Mercator.Portal.WebService"
donderdag 20 augustus 2020 21:02:36 - Commandline		: stopAppPool "PortalASP"
donderdag 20 augustus 2020 21:02:36 - Commandline		: StopWebsite "WCI"
donderdag 20 augustus 2020 21:02:36 - Commandline		: StopWebsite "Default Web Site"
donderdag 20 augustus 2020 21:02:36 - Commandline		: StopWebsite "MercatorPortalWebService"
donderdag 20 augustus 2020 21:02:36 - Commandline		: StopService "Mercator.Portal.Scheduler"
donderdag 20 augustus 2020 21:02:37 - Commandline		: StopService "ptautomationserver"
donderdag 20 augustus 2020 21:02:37 - Commandline		: StopService "publishservice"
donderdag 20 augustus 2020 21:02:42 - Commandline		: StopService "rssreader"
donderdag 20 augustus 2020 21:02:45 - Commandline		: StopService "Oracle WCI Document Repository Service"
donderdag 20 augustus 2020 21:02:47 - Commandline		: StopService "svw-be-porta0101"
donderdag 20 augustus 2020 21:02:51 - Commandline		: StopService "SearchClusterUI"
donderdag 20 augustus 2020 21:02:53 - Commandline		: StopService "SearchService"
donderdag 20 augustus 2020 21:03:31 - Commandline		: StopService "wsserver"
donderdag 20 augustus 2020 21:03:33 - Commandline		: StopService "Oracle WCI Logger"
donderdag 20 augustus 2020 21:03:37 - Commandline		: StopService "ConfigurationManager12345"
donderdag 20 augustus 2020 21:03:37 - Commandline		: EnableWSUSReboot ""
donderdag 20 augustus 2020 21:03:37 - ================================svw-be-porta01.balgroupit.com======================================
donderdag 20 augustus 2020 21:03:37 - ================================svw-be-babsa001.balgroupit.com======================================
donderdag 20 augustus 2020 21:03:44 - Commandline		: EnableWSUSReboot ""
donderdag 20 augustus 2020 21:03:44 - ================================svw-be-babsa001.balgroupit.com======================================
donderdag 20 augustus 2020 21:03:45 - ================================svw-be-babsa002.balgroupit.com======================================
donderdag 20 augustus 2020 21:03:52 - Commandline		: EnableWSUSReboot ""
donderdag 20 augustus 2020 21:03:52 - ================================svw-be-babsa002.balgroupit.com======================================
donderdag 20 augustus 2020 21:03:52 - ================================svw-be-babba001.balgroupit.com======================================
donderdag 20 augustus 2020 21:03:53 - Commandline		: StopService "Baloise BaloiseBackendBatch"
donderdag 20 augustus 2020 21:03:53 - Commandline		: EnableWSUSReboot ""
donderdag 20 augustus 2020 21:03:53 - ================================svw-be-babba001.balgroupit.com======================================
donderdag 20 augustus 2020 21:03:54 - ================================svw-be-babba002.balgroupit.com======================================
donderdag 20 augustus 2020 21:03:54 - Commandline		: StopService "Baloise BaloiseBackendBatch"
donderdag 20 augustus 2020 21:03:54 - Commandline		: EnableWSUSReboot ""
donderdag 20 augustus 2020 21:03:54 - ================================svw-be-babba002.balgroupit.com======================================
donderdag 20 augustus 2020 21:03:55 - ================================svw-be-mfta001.balgroupit.com======================================
donderdag 20 augustus 2020 21:03:59 - Commandline		: StopService "Mercator Managed File Transfer"
donderdag 20 augustus 2020 21:03:59 - Commandline		: EnableWSUSReboot ""
donderdag 20 augustus 2020 21:03:59 - ================================svw-be-mfta001.balgroupit.com======================================
