donderdag 23 juli 2020 21:01:29 - READING XML File :  \\balgroupit.com\appl_data\BBE\Transfer\Packages\Scripts\WSUS\Acorp\Acorp_Stop_All.xml
donderdag 23 juli 2020 21:01:29 - 
donderdag 23 juli 2020 21:01:30 - ================================shw-be-atrace51.balgroupit.com======================================
donderdag 23 juli 2020 21:01:30 - Commandline		: EnableWSUSReboot ""
donderdag 23 juli 2020 21:01:31 - ================================shw-be-atrace51.balgroupit.com======================================
donderdag 23 juli 2020 21:01:31 - ================================svw-be-eaia01.balgroupit.com======================================
donderdag 23 juli 2020 21:01:32 - Commandline		: StopService "mercator.eai.docservice"
donderdag 23 juli 2020 21:01:32 - Commandline		: StopProcess "dllhost.exe"
donderdag 23 juli 2020 21:01:32 - Commandline		: StopProcess "winword.exe"
donderdag 23 juli 2020 21:01:33 - Commandline		: EnableWSUSReboot ""
donderdag 23 juli 2020 21:01:33 - ================================svw-be-eaia01.balgroupit.com======================================
donderdag 23 juli 2020 21:01:34 - ================================svw-be-eaia04.balgroupit.com======================================
donderdag 23 juli 2020 21:01:34 - Commandline		: StopService "mercator.eai.docservice"
donderdag 23 juli 2020 21:01:35 - Commandline		: StopProcess "dllhost.exe"
donderdag 23 juli 2020 21:01:35 - Commandline		: StopProcess "winword.exe"
donderdag 23 juli 2020 21:01:35 - Commandline		: EnableWSUSReboot ""
donderdag 23 juli 2020 21:01:35 - ================================svw-be-eaia04.balgroupit.com======================================
donderdag 23 juli 2020 21:01:36 - ================================svw-be-weba02.balgroupit.com======================================
donderdag 23 juli 2020 21:01:44 - Commandline		: StopWebsite "DmsDataRepository"
donderdag 23 juli 2020 21:01:44 - Commandline		: StopWebsite "MNet"
donderdag 23 juli 2020 21:01:44 - Commandline		: StartAppPool "MNet"
donderdag 23 juli 2020 21:01:44 - Commandline		: StopAppPool "DefaultAppPool"
donderdag 23 juli 2020 21:01:44 - Commandline		: StopAppPool "WSDMS"
donderdag 23 juli 2020 21:01:45 - Commandline		: StopAppPool "WSDmsDataRepository"
donderdag 23 juli 2020 21:01:45 - Commandline		: StopAppPool "BaloiseBackend"
donderdag 23 juli 2020 21:01:45 - Commandline		: StopAppPool "CDS"
donderdag 23 juli 2020 21:01:45 - Commandline		: StopAppPool "MercatorNet.BoServices"
donderdag 23 juli 2020 21:01:45 - Commandline		: StopAppPool "Mercator.Portima.Monitoring"
donderdag 23 juli 2020 21:01:45 - Commandline		: StopAppPool "Mercator.Portima"
donderdag 23 juli 2020 21:01:45 - Commandline		: StopAppPool "Mercator.Eai.Tools.Wsc"
donderdag 23 juli 2020 21:01:45 - Commandline		: StopAppPool "Mercator.EAI.Framework.WebServices"
donderdag 23 juli 2020 21:01:45 - Commandline		: StopService "World Wide Web Publishing Service"
donderdag 23 juli 2020 21:01:45 - Commandline		: StopService "Baloise Backend"
donderdag 23 juli 2020 21:01:45 - Commandline		: StopService "Baloise Central Data Store"
donderdag 23 juli 2020 21:01:45 - Commandline		: StopService "Baloise SyncTaskToDMS"
donderdag 23 juli 2020 21:01:46 - Commandline		: StopService "Mercator DMS Bulk Insert"
donderdag 23 juli 2020 21:01:46 - Commandline		: StopService "Mercator DMS Import Portima Attachments"
donderdag 23 juli 2020 21:01:46 - Commandline		: StopService "Mercator DMS MailImport Service"
donderdag 23 juli 2020 21:01:46 - Commandline		: StopService "Mercator Xpim Document Store"
donderdag 23 juli 2020 21:01:46 - Commandline		: StopService "Mercator Document Store"
donderdag 23 juli 2020 21:01:46 - Commandline		: StopService "BaloiseDmsBatchService"
donderdag 23 juli 2020 21:01:46 - Commandline		: StopService "Mercator Document Management System Service"
donderdag 23 juli 2020 21:01:46 - Commandline		: StopService "Mercator Document Management System Async Service"
donderdag 23 juli 2020 21:01:46 - Commandline		: StopService "Mercator Document Management System Batch Avero Service"
donderdag 23 juli 2020 21:01:46 - Commandline		: StopService "Mercator DMS Pdf Conversion Call"
donderdag 23 juli 2020 21:01:46 - Commandline		: StopService "MercatorNET SCV Batch Service"
donderdag 23 juli 2020 21:01:47 - Commandline		: StopService "Mercator Organization Data"
donderdag 23 juli 2020 21:01:47 - Commandline		: StopService "Mercator Document Generation"
donderdag 23 juli 2020 21:01:47 - Commandline		: StopService "Mercator Document Delivery"
donderdag 23 juli 2020 21:01:48 - Commandline		: StopService "Steria's Dispatcher Service"
donderdag 23 juli 2020 21:01:48 - Commandline		: StopService "Mercator.Integration.EAI.3.9.Listener"
donderdag 23 juli 2020 21:01:48 - Commandline		: StopComPlus "Mercator.Framework.ActiveDirectory"
donderdag 23 juli 2020 21:01:48 - Commandline		: StopComPlus "Mercator.EAI.3.9.Components"
donderdag 23 juli 2020 21:01:49 - Commandline		: StopComPlus "Mercator.Framework.Document.Management.Global360"
donderdag 23 juli 2020 21:01:49 - Commandline		: RemoveDirectory "C:\WINDOWS\Microsoft.NET\Framework\v4.0.30319\Temporary ASP.NET Files\cds"
donderdag 23 juli 2020 21:01:49 - Commandline		: RemoveDirectory "C:\WINDOWS\Microsoft.NET\Framework\v2.0.50727\Temporary ASP.NET Files\mercatornet.boservices"
donderdag 23 juli 2020 21:01:49 - Commandline		: RemoveDirectory "C:\WINDOWS\Microsoft.NET\Framework\v2.0.50727\Temporary ASP.NET Files\mercator.eai.framework.webservices"
donderdag 23 juli 2020 21:01:49 - Commandline		: RemoveDirectory "C:\WINDOWS\Microsoft.NET\Framework\v2.0.50727\Temporary ASP.NET Files\mercator.eai.tools.wsc"
donderdag 23 juli 2020 21:01:49 - Commandline		: RemoveDirectory "C:\WINDOWS\Microsoft.NET\Framework\v2.0.50727\Temporary ASP.NET Files\Mercator.Portima.Monitoring"
donderdag 23 juli 2020 21:01:49 - Commandline		: RemoveDirectory "C:\WINDOWS\Microsoft.NET\Framework\v2.0.50727\Temporary ASP.NET Files\Mercator.Portima"
donderdag 23 juli 2020 21:01:49 - Commandline		: RemoveDirectory "C:\WINDOWS\Microsoft.NET\Framework\v2.0.50727\Temporary ASP.NET Files\WSDMS"
donderdag 23 juli 2020 21:01:49 - Commandline		: RemoveDirectory "C:\WINDOWS\Microsoft.NET\Framework\v2.0.50727\Temporary ASP.NET Files\wsdmsdatarepository"
donderdag 23 juli 2020 21:01:49 - Commandline		: EnableWSUSReboot ""
donderdag 23 juli 2020 21:01:49 - ================================svw-be-weba02.balgroupit.com======================================
donderdag 23 juli 2020 21:01:49 - ================================svw-be-weba03.balgroupit.com======================================
donderdag 23 juli 2020 21:01:57 - Commandline		: StopWebsite "DmsDataRepository"
donderdag 23 juli 2020 21:01:57 - Commandline		: StopWebsite "MNet"
donderdag 23 juli 2020 21:01:57 - Commandline		: StopAppPool "DefaultAppPool"
donderdag 23 juli 2020 21:01:57 - Commandline		: StopAppPool "WSDMS"
donderdag 23 juli 2020 21:01:57 - Commandline		: StopAppPool "WSDmsDataRepository"
donderdag 23 juli 2020 21:01:57 - Commandline		: StopAppPool "BaloiseBackend"
donderdag 23 juli 2020 21:01:57 - Commandline		: StopAppPool "CDS"
donderdag 23 juli 2020 21:01:57 - Commandline		: StopAppPool "MercatorNet.BoServices"
donderdag 23 juli 2020 21:01:57 - Commandline		: StopAppPool "Mercator.Portima.Monitoring"
donderdag 23 juli 2020 21:01:57 - Commandline		: StopAppPool "Mercator.Portima"
donderdag 23 juli 2020 21:01:58 - Commandline		: StopAppPool "Mercator.Eai.Tools.Wsc"
donderdag 23 juli 2020 21:01:58 - Commandline		: StopAppPool "Mercator.EAI.Framework.WebServices"
donderdag 23 juli 2020 21:01:58 - Commandline		: StopService "World Wide Web Publishing Service"
donderdag 23 juli 2020 21:01:58 - Commandline		: StopService "Baloise Backend"
donderdag 23 juli 2020 21:01:58 - Commandline		: StopService "Baloise Central Data Store"
donderdag 23 juli 2020 21:01:58 - Commandline		: StopService "Baloise SyncTaskToDMS"
donderdag 23 juli 2020 21:01:58 - Commandline		: StopService "Mercator DMS Bulk Insert"
donderdag 23 juli 2020 21:01:59 - Commandline		: StopService "Mercator DMS Import Portima Attachments"
donderdag 23 juli 2020 21:01:59 - Commandline		: StopService "Mercator DMS MailImport Service"
donderdag 23 juli 2020 21:01:59 - Commandline		: StopService "Mercator Xpim Document Store"
donderdag 23 juli 2020 21:01:59 - Commandline		: StopService "Mercator Document Store"
donderdag 23 juli 2020 21:01:59 - Commandline		: StopService "BaloiseDmsBatchService"
donderdag 23 juli 2020 21:01:59 - Commandline		: StopService "Mercator Document Management System Service"
donderdag 23 juli 2020 21:02:00 - Commandline		: StopService "Mercator Document Management System Async Service"
donderdag 23 juli 2020 21:02:01 - Commandline		: StopService "Mercator Document Management System Batch Avero Service"
donderdag 23 juli 2020 21:02:01 - Commandline		: StopService "Mercator DMS Pdf Conversion Call"
donderdag 23 juli 2020 21:02:01 - Commandline		: StopService "MercatorNET SCV Batch Service"
donderdag 23 juli 2020 21:02:01 - Commandline		: StopService "Mercator Organization Data"
donderdag 23 juli 2020 21:02:01 - Commandline		: StopService "Mercator Document Generation"
donderdag 23 juli 2020 21:02:01 - Commandline		: StopService "Mercator Document Delivery"
donderdag 23 juli 2020 21:02:01 - Commandline		: StopService "Steria's Dispatcher Service"
donderdag 23 juli 2020 21:02:02 - Commandline		: StopService "Mercator.Integration.EAI.3.9.Listener"
donderdag 23 juli 2020 21:02:02 - Commandline		: StopComPlus "Mercator.Framework.ActiveDirectory"
donderdag 23 juli 2020 21:02:02 - Commandline		: StopComPlus "Mercator.EAI.3.9.Components"
donderdag 23 juli 2020 21:02:02 - Commandline		: StopComPlus "Mercator.Framework.Document.Management.Global360"
donderdag 23 juli 2020 21:02:05 - Commandline		: RemoveDirectory "C:\WINDOWS\Microsoft.NET\Framework\v4.0.30319\Temporary ASP.NET Files\cds"
donderdag 23 juli 2020 21:02:05 - Commandline		: RemoveDirectory "C:\WINDOWS\Microsoft.NET\Framework\v2.0.50727\Temporary ASP.NET Files\mercatornet.boservices"
donderdag 23 juli 2020 21:02:05 - Commandline		: RemoveDirectory "C:\WINDOWS\Microsoft.NET\Framework\v2.0.50727\Temporary ASP.NET Files\mercator.eai.framework.webservices"
donderdag 23 juli 2020 21:02:05 - Commandline		: RemoveDirectory "C:\WINDOWS\Microsoft.NET\Framework\v2.0.50727\Temporary ASP.NET Files\mercator.eai.tools.wsc"
donderdag 23 juli 2020 21:02:05 - Commandline		: RemoveDirectory "C:\WINDOWS\Microsoft.NET\Framework\v2.0.50727\Temporary ASP.NET Files\Mercator.Portima.Monitoring"
donderdag 23 juli 2020 21:02:05 - Commandline		: RemoveDirectory "C:\WINDOWS\Microsoft.NET\Framework\v2.0.50727\Temporary ASP.NET Files\Mercator.Portima"
donderdag 23 juli 2020 21:02:05 - Commandline		: RemoveDirectory "C:\WINDOWS\Microsoft.NET\Framework\v2.0.50727\Temporary ASP.NET Files\WSDMS"
donderdag 23 juli 2020 21:02:05 - Commandline		: RemoveDirectory "C:\WINDOWS\Microsoft.NET\Framework\v2.0.50727\Temporary ASP.NET Files\wsdmsdatarepository"
donderdag 23 juli 2020 21:02:05 - Commandline		: EnableWSUSReboot ""
donderdag 23 juli 2020 21:02:05 - ================================svw-be-weba03.balgroupit.com======================================
donderdag 23 juli 2020 21:02:06 - ================================svw-be-webfa001.balgroupit.com======================================
donderdag 23 juli 2020 21:02:13 - Commandline		: StopAppPool "DefaultAppPool"
donderdag 23 juli 2020 21:02:13 - Commandline		: StopAppPool "ED"
donderdag 23 juli 2020 21:02:13 - Commandline		: StopAppPool "EmployeeBenefits"
donderdag 23 juli 2020 21:02:13 - Commandline		: StopAppPool "EtlLogViewer"
donderdag 23 juli 2020 21:02:13 - Commandline		: StopAppPool "LevenAansluitingsverklaring"
donderdag 23 juli 2020 21:02:13 - Commandline		: StopAppPool "LevenWijzigingsFormulier"
donderdag 23 juli 2020 21:02:13 - Commandline		: StopAppPool "MercatorNet.RMMain"
donderdag 23 juli 2020 21:02:14 - Commandline		: StopAppPool "MercatorNet.WSDeploy_3_0"
donderdag 23 juli 2020 21:02:14 - Commandline		: StopAppPool "MercatorNet.WSMain"
donderdag 23 juli 2020 21:02:14 - Commandline		: StopAppPool "MercatorNet.WSServices"
donderdag 23 juli 2020 21:02:14 - Commandline		: StopAppPool "MercatorNet.WSTariff"
donderdag 23 juli 2020 21:02:14 - Commandline		: StopAppPool "MercatorNetBroker.WSDeploy_3_0"
donderdag 23 juli 2020 21:02:14 - Commandline		: StopAppPool "MercatorNetBroker.WSMain"
donderdag 23 juli 2020 21:02:14 - Commandline		: StopAppPool "MercatorWebSite"
donderdag 23 juli 2020 21:02:14 - Commandline		: StopAppPool "MyBaloiseBroker"
donderdag 23 juli 2020 21:02:14 - Commandline		: StopAppPool "MWebBvb"
donderdag 23 juli 2020 21:02:14 - Commandline		: StopAppPool "ScvWebService"
donderdag 23 juli 2020 21:02:14 - Commandline		: StopWebsite "OnlineDocuments"
donderdag 23 juli 2020 21:02:14 - Commandline		: StopWebsite "MNet"
donderdag 23 juli 2020 21:02:15 - Commandline		: StopWebsite "MWebBvb"
donderdag 23 juli 2020 21:02:15 - Commandline		: StopService "World Wide Web Publishing Service"
donderdag 23 juli 2020 21:02:15 - Commandline		: StopComPlus "Mercator.Framework.ActiveDirectory"
donderdag 23 juli 2020 21:02:15 - Commandline		: StopComPlus "Mercator.Framework.Document.Management.Global360"
donderdag 23 juli 2020 21:02:15 - Commandline		: RemoveDirectory "C:\WINDOWS\Microsoft.NET\Framework\v2.0.50727\Temporary ASP.NET Files\levenaansluitingsverklaring"
donderdag 23 juli 2020 21:02:15 - Commandline		: RemoveDirectory "C:\WINDOWS\Microsoft.NET\Framework\v2.0.50727\Temporary ASP.NET Files\levenwijzigingsformulier"
donderdag 23 juli 2020 21:02:15 - Commandline		: RemoveDirectory "C:\WINDOWS\Microsoft.NET\Framework\v2.0.50727\Temporary ASP.NET Files\ed"
donderdag 23 juli 2020 21:02:15 - Commandline		: RemoveDirectory "C:\WINDOWS\Microsoft.NET\Framework\v2.0.50727\Temporary ASP.NET Files\mercatornet.rmmain"
donderdag 23 juli 2020 21:02:15 - Commandline		: RemoveDirectory "C:\WINDOWS\Microsoft.NET\Framework\v2.0.50727\Temporary ASP.NET Files\mercatornet.wsdeploy_3_0"
donderdag 23 juli 2020 21:02:15 - Commandline		: RemoveDirectory "C:\WINDOWS\Microsoft.NET\Framework\v2.0.50727\Temporary ASP.NET Files\mercatornet.wsmain"
donderdag 23 juli 2020 21:02:15 - Commandline		: RemoveDirectory "C:\WINDOWS\Microsoft.NET\Framework\v2.0.50727\Temporary ASP.NET Files\mercatornet.wsservices"
donderdag 23 juli 2020 21:02:15 - Commandline		: RemoveDirectory "C:\WINDOWS\Microsoft.NET\Framework\v2.0.50727\Temporary ASP.NET Files\mercatornet.wstariff"
donderdag 23 juli 2020 21:02:15 - Commandline		: RemoveDirectory "C:\WINDOWS\Microsoft.NET\Framework\v2.0.50727\Temporary ASP.NET Files\mercatornetbroker.wsdeploy_3_0"
donderdag 23 juli 2020 21:02:15 - Commandline		: RemoveDirectory "C:\WINDOWS\Microsoft.NET\Framework\v2.0.50727\Temporary ASP.NET Files\mercatornetbroker.wsmain"
donderdag 23 juli 2020 21:02:15 - Commandline		: RemoveDirectory "C:\WINDOWS\Microsoft.NET\Framework\v2.0.50727\Temporary ASP.NET Files\mercatornethelppages"
donderdag 23 juli 2020 21:02:15 - Commandline		: RemoveDirectory "C:\WINDOWS\Microsoft.NET\Framework\v2.0.50727\Temporary ASP.NET Files\scvwebservice"
donderdag 23 juli 2020 21:02:15 - Commandline		: EnableWSUSReboot ""
donderdag 23 juli 2020 21:02:15 - ================================svw-be-webfa001.balgroupit.com======================================
donderdag 23 juli 2020 21:02:16 - ================================svw-be-webfa002.balgroupit.com======================================
donderdag 23 juli 2020 21:02:23 - Commandline		: StopAppPool "DefaultAppPool"
donderdag 23 juli 2020 21:02:23 - Commandline		: StopAppPool "ED"
donderdag 23 juli 2020 21:02:23 - Commandline		: StopAppPool "EmployeeBenefits"
donderdag 23 juli 2020 21:02:23 - Commandline		: StopAppPool "EtlLogViewer"
donderdag 23 juli 2020 21:02:23 - Commandline		: StopAppPool "LevenAansluitingsverklaring"
donderdag 23 juli 2020 21:02:23 - Commandline		: StopAppPool "LevenWijzigingsFormulier"
donderdag 23 juli 2020 21:02:24 - Commandline		: StopAppPool "MercatorNet.RMMain"
donderdag 23 juli 2020 21:02:24 - Commandline		: StopAppPool "MercatorNet.WSDeploy_3_0"
donderdag 23 juli 2020 21:02:24 - Commandline		: StopAppPool "MercatorNet.WSMain"
donderdag 23 juli 2020 21:02:24 - Commandline		: StopAppPool "MercatorNet.WSServices"
donderdag 23 juli 2020 21:02:24 - Commandline		: StopAppPool "MercatorNet.WSTariff"
donderdag 23 juli 2020 21:02:24 - Commandline		: StopAppPool "MercatorNetBroker.WSDeploy_3_0"
donderdag 23 juli 2020 21:02:24 - Commandline		: StopAppPool "MercatorNetBroker.WSMain"
donderdag 23 juli 2020 21:02:24 - Commandline		: StopAppPool "MercatorWebSite"
donderdag 23 juli 2020 21:02:24 - Commandline		: StopAppPool "MyBaloiseBroker"
donderdag 23 juli 2020 21:02:24 - Commandline		: StopAppPool "MWebBvb"
donderdag 23 juli 2020 21:02:24 - Commandline		: StopAppPool "ScvWebService"
donderdag 23 juli 2020 21:02:24 - Commandline		: StopWebsite "OnlineDocuments"
donderdag 23 juli 2020 21:02:25 - Commandline		: StopWebsite "MNet"
donderdag 23 juli 2020 21:02:25 - Commandline		: StopWebsite "MWebBvb"
donderdag 23 juli 2020 21:02:25 - Commandline		: StopService "World Wide Web Publishing Service"
donderdag 23 juli 2020 21:02:25 - Commandline		: StopComPlus "Mercator.Framework.ActiveDirectory"
donderdag 23 juli 2020 21:02:25 - Commandline		: StopComPlus "Mercator.Framework.Document.Management.Global360"
donderdag 23 juli 2020 21:02:25 - Commandline		: RemoveDirectory "C:\WINDOWS\Microsoft.NET\Framework\v2.0.50727\Temporary ASP.NET Files\levenaansluitingsverklaring"
donderdag 23 juli 2020 21:02:25 - Commandline		: RemoveDirectory "C:\WINDOWS\Microsoft.NET\Framework\v2.0.50727\Temporary ASP.NET Files\levenwijzigingsformulier"
donderdag 23 juli 2020 21:02:25 - Commandline		: RemoveDirectory "C:\WINDOWS\Microsoft.NET\Framework\v2.0.50727\Temporary ASP.NET Files\ed"
donderdag 23 juli 2020 21:02:25 - Commandline		: RemoveDirectory "C:\WINDOWS\Microsoft.NET\Framework\v2.0.50727\Temporary ASP.NET Files\mercatornet.rmmain"
donderdag 23 juli 2020 21:02:25 - Commandline		: RemoveDirectory "C:\WINDOWS\Microsoft.NET\Framework\v2.0.50727\Temporary ASP.NET Files\mercatornet.wsdeploy_3_0"
donderdag 23 juli 2020 21:02:25 - Commandline		: RemoveDirectory "C:\WINDOWS\Microsoft.NET\Framework\v2.0.50727\Temporary ASP.NET Files\mercatornet.wsmain"
donderdag 23 juli 2020 21:02:25 - Commandline		: RemoveDirectory "C:\WINDOWS\Microsoft.NET\Framework\v2.0.50727\Temporary ASP.NET Files\mercatornet.wsservices"
donderdag 23 juli 2020 21:02:25 - Commandline		: RemoveDirectory "C:\WINDOWS\Microsoft.NET\Framework\v2.0.50727\Temporary ASP.NET Files\mercatornet.wstariff"
donderdag 23 juli 2020 21:02:25 - Commandline		: RemoveDirectory "C:\WINDOWS\Microsoft.NET\Framework\v2.0.50727\Temporary ASP.NET Files\mercatornetbroker.wsdeploy_3_0"
donderdag 23 juli 2020 21:02:25 - Commandline		: RemoveDirectory "C:\WINDOWS\Microsoft.NET\Framework\v2.0.50727\Temporary ASP.NET Files\mercatornetbroker.wsmain"
donderdag 23 juli 2020 21:02:25 - Commandline		: RemoveDirectory "C:\WINDOWS\Microsoft.NET\Framework\v2.0.50727\Temporary ASP.NET Files\mercatornethelppages"
donderdag 23 juli 2020 21:02:26 - Commandline		: RemoveDirectory "C:\WINDOWS\Microsoft.NET\Framework\v2.0.50727\Temporary ASP.NET Files\scvwebservice"
donderdag 23 juli 2020 21:02:26 - Commandline		: EnableWSUSReboot ""
donderdag 23 juli 2020 21:02:26 - ================================svw-be-webfa002.balgroupit.com======================================
donderdag 23 juli 2020 21:02:26 - ================================svw-be-biza001.balgroupit.com======================================
donderdag 23 juli 2020 21:02:33 - Commandline		: StopService "Mercator Managed File Transfer"
donderdag 23 juli 2020 21:02:34 - Commandline		: StopService "Mercator Esb Process Initializer"
donderdag 23 juli 2020 21:02:34 - Commandline		: EnableWSUSReboot ""
donderdag 23 juli 2020 21:02:34 - ================================svw-be-biza001.balgroupit.com======================================
donderdag 23 juli 2020 21:02:35 - ================================svw-be-biza002.balgroupit.com======================================
donderdag 23 juli 2020 21:02:42 - Commandline		: StopService "Mercator Managed File Transfer"
donderdag 23 juli 2020 21:02:42 - Commandline		: StopService "Mercator Esb Process Initializer"
donderdag 23 juli 2020 21:02:43 - Commandline		: EnableWSUSReboot ""
donderdag 23 juli 2020 21:02:43 - ================================svw-be-biza002.balgroupit.com======================================
donderdag 23 juli 2020 21:02:43 - ================================svw-be-dmsa001.balgroupit.com======================================
donderdag 23 juli 2020 21:02:51 - Commandline		: EnableWSUSReboot ""
donderdag 23 juli 2020 21:02:51 - ================================svw-be-dmsa001.balgroupit.com======================================
donderdag 23 juli 2020 21:02:51 - ================================svw-be-dmsa002.balgroupit.com======================================
donderdag 23 juli 2020 21:02:59 - Commandline		: EnableWSUSReboot ""
donderdag 23 juli 2020 21:02:59 - ================================svw-be-dmsa002.balgroupit.com======================================
donderdag 23 juli 2020 21:03:00 - ================================svw-be-dmsa03.balgroupit.com======================================
donderdag 23 juli 2020 21:03:07 - Commandline		: StopService "Execute360 Archive Manager"
donderdag 23 juli 2020 21:03:19 - Commandline		: EnableWSUSReboot ""
donderdag 23 juli 2020 21:03:19 - ================================svw-be-dmsa03.balgroupit.com======================================
donderdag 23 juli 2020 21:03:20 - ================================dms-ba01.balgroupit.com======================================
donderdag 23 juli 2020 21:03:21 - Commandline		: EnableWSUSReboot ""
donderdag 23 juli 2020 21:03:21 - ================================dms-ba01.balgroupit.com======================================
donderdag 23 juli 2020 21:03:22 - ================================dms-ba01-file.balgroupit.com======================================
donderdag 23 juli 2020 21:03:23 - Commandline		: EnableWSUSReboot ""
donderdag 23 juli 2020 21:03:23 - ================================dms-ba01-file.balgroupit.com======================================
donderdag 23 juli 2020 21:03:23 - ================================dms-ba01-g360.balgroupit.com======================================
donderdag 23 juli 2020 21:03:25 - Commandline		: EnableWSUSReboot ""
donderdag 23 juli 2020 21:03:25 - ================================dms-ba01-g360.balgroupit.com======================================
donderdag 23 juli 2020 21:03:25 - ================================svw-be-porta01.balgroupit.com======================================
donderdag 23 juli 2020 21:03:33 - Commandline		: stopAppPool "AL2AppPool64v2"
donderdag 23 juli 2020 21:03:33 - Commandline		: stopAppPool "ALAppPool64v2"
donderdag 23 juli 2020 21:03:33 - Commandline		: stopAppPool "Pool2"
donderdag 23 juli 2020 21:03:33 - Commandline		: stopAppPool "Mercator.Portal.Portlets"
donderdag 23 juli 2020 21:03:33 - Commandline		: stopAppPool "Mercator.Portal.WebService"
donderdag 23 juli 2020 21:03:33 - Commandline		: stopAppPool "PortalASP"
donderdag 23 juli 2020 21:03:33 - Commandline		: StopWebsite "WCI"
donderdag 23 juli 2020 21:03:34 - Commandline		: StopWebsite "Default Web Site"
donderdag 23 juli 2020 21:03:34 - Commandline		: StopWebsite "MercatorPortalWebService"
donderdag 23 juli 2020 21:03:34 - Commandline		: StopService "Mercator.Portal.Scheduler"
donderdag 23 juli 2020 21:03:34 - Commandline		: StopService "ptautomationserver"
donderdag 23 juli 2020 21:03:34 - Commandline		: StopService "publishservice"
donderdag 23 juli 2020 21:03:38 - Commandline		: StopService "rssreader"
donderdag 23 juli 2020 21:03:40 - Commandline		: StopService "Oracle WCI Document Repository Service"
donderdag 23 juli 2020 21:03:42 - Commandline		: StopService "svw-be-porta0101"
donderdag 23 juli 2020 21:03:45 - Commandline		: StopService "SearchClusterUI"
donderdag 23 juli 2020 21:03:47 - Commandline		: StopService "SearchService"
donderdag 23 juli 2020 21:04:25 - Commandline		: StopService "wsserver"
donderdag 23 juli 2020 21:04:27 - Commandline		: StopService "Oracle WCI Logger"
donderdag 23 juli 2020 21:04:28 - Commandline		: StopService "ConfigurationManager12345"
donderdag 23 juli 2020 21:04:28 - Commandline		: EnableWSUSReboot ""
donderdag 23 juli 2020 21:04:28 - ================================svw-be-porta01.balgroupit.com======================================
donderdag 23 juli 2020 21:04:28 - ================================svw-be-babsa001.balgroupit.com======================================
donderdag 23 juli 2020 21:04:36 - Commandline		: EnableWSUSReboot ""
donderdag 23 juli 2020 21:04:36 - ================================svw-be-babsa001.balgroupit.com======================================
donderdag 23 juli 2020 21:04:36 - ================================svw-be-babsa002.balgroupit.com======================================
donderdag 23 juli 2020 21:04:43 - Commandline		: EnableWSUSReboot ""
donderdag 23 juli 2020 21:04:43 - ================================svw-be-babsa002.balgroupit.com======================================
donderdag 23 juli 2020 21:04:44 - ================================svw-be-babba001.balgroupit.com======================================
donderdag 23 juli 2020 21:04:44 - Commandline		: StopService "Baloise BaloiseBackendBatch"
donderdag 23 juli 2020 21:04:45 - Commandline		: EnableWSUSReboot ""
donderdag 23 juli 2020 21:04:45 - ================================svw-be-babba001.balgroupit.com======================================
donderdag 23 juli 2020 21:04:45 - ================================svw-be-babba002.balgroupit.com======================================
donderdag 23 juli 2020 21:04:45 - Commandline		: StopService "Baloise BaloiseBackendBatch"
donderdag 23 juli 2020 21:04:46 - Commandline		: EnableWSUSReboot ""
donderdag 23 juli 2020 21:04:46 - ================================svw-be-babba002.balgroupit.com======================================
donderdag 23 juli 2020 21:04:46 - ================================svw-be-mfta001.balgroupit.com======================================
donderdag 23 juli 2020 21:04:48 - Commandline		: StopService "Mercator Managed File Transfer"
donderdag 23 juli 2020 21:04:48 - Commandline		: EnableWSUSReboot ""
donderdag 23 juli 2020 21:04:48 - ================================svw-be-mfta001.balgroupit.com======================================
