donderdag 20 mei 2021 21:01:55 - READING XML File :  \\balgroupit.com\appl_data\BBE\Transfer\Packages\Scripts\WSUS\Acorp\Acorp_Stop_All.xml
donderdag 20 mei 2021 21:01:55 - 
donderdag 20 mei 2021 21:02:00 - ================================shw-be-atrace51.balgroupit.com======================================
donderdag 20 mei 2021 21:02:01 - Commandline		: EnableWSUSReboot ""
donderdag 20 mei 2021 21:02:01 - ================================shw-be-atrace51.balgroupit.com======================================
donderdag 20 mei 2021 21:02:03 - ================================svw-be-eaia01.balgroupit.com======================================
donderdag 20 mei 2021 21:02:04 - Commandline		: StopService "mercator.eai.docservice"
donderdag 20 mei 2021 21:02:05 - Commandline		: StopProcess "dllhost.exe"
donderdag 20 mei 2021 21:02:05 - Commandline		: StopProcess "winword.exe"
donderdag 20 mei 2021 21:02:05 - Commandline		: EnableWSUSReboot ""
donderdag 20 mei 2021 21:02:05 - ================================svw-be-eaia01.balgroupit.com======================================
donderdag 20 mei 2021 21:02:07 - ================================svw-be-eaia04.balgroupit.com======================================
donderdag 20 mei 2021 21:02:08 - Commandline		: StopService "mercator.eai.docservice"
donderdag 20 mei 2021 21:02:09 - Commandline		: StopProcess "dllhost.exe"
donderdag 20 mei 2021 21:02:09 - Commandline		: StopProcess "winword.exe"
donderdag 20 mei 2021 21:02:09 - Commandline		: EnableWSUSReboot ""
donderdag 20 mei 2021 21:02:09 - ================================svw-be-eaia04.balgroupit.com======================================
donderdag 20 mei 2021 21:02:11 - ================================svw-be-weba02.balgroupit.com======================================
donderdag 20 mei 2021 21:02:19 - Commandline		: StopWebsite "DmsDataRepository"
donderdag 20 mei 2021 21:02:19 - Commandline		: StopWebsite "MNet"
donderdag 20 mei 2021 21:02:19 - Commandline		: StartAppPool "MNet"
donderdag 20 mei 2021 21:02:19 - Commandline		: StopAppPool "DefaultAppPool"
donderdag 20 mei 2021 21:02:19 - Commandline		: StopAppPool "WSDMS"
donderdag 20 mei 2021 21:02:19 - Commandline		: StopAppPool "WSDmsDataRepository"
donderdag 20 mei 2021 21:02:20 - Commandline		: StopAppPool "BaloiseBackend"
donderdag 20 mei 2021 21:02:20 - Commandline		: StopAppPool "CDS"
donderdag 20 mei 2021 21:02:20 - Commandline		: StopAppPool "MercatorNet.BoServices"
donderdag 20 mei 2021 21:02:20 - Commandline		: StopAppPool "Mercator.Portima.Monitoring"
donderdag 20 mei 2021 21:02:20 - Commandline		: StopAppPool "Mercator.Portima"
donderdag 20 mei 2021 21:02:20 - Commandline		: StopAppPool "Mercator.Eai.Tools.Wsc"
donderdag 20 mei 2021 21:02:20 - Commandline		: StopAppPool "Mercator.EAI.Framework.WebServices"
donderdag 20 mei 2021 21:02:20 - Commandline		: StopService "World Wide Web Publishing Service"
donderdag 20 mei 2021 21:02:20 - Commandline		: StopService "Baloise Backend"
donderdag 20 mei 2021 21:02:20 - Commandline		: StopService "Baloise Central Data Store"
donderdag 20 mei 2021 21:02:20 - Commandline		: StopService "Baloise SyncTaskToDMS"
donderdag 20 mei 2021 21:02:21 - Commandline		: StopService "Mercator DMS Bulk Insert"
donderdag 20 mei 2021 21:02:21 - Commandline		: StopService "Mercator DMS Import Portima Attachments"
donderdag 20 mei 2021 21:02:21 - Commandline		: StopService "Mercator DMS MailImport Service"
donderdag 20 mei 2021 21:02:21 - Commandline		: StopService "Mercator Xpim Document Store"
donderdag 20 mei 2021 21:02:21 - Commandline		: StopService "Mercator Document Store"
donderdag 20 mei 2021 21:02:21 - Commandline		: StopService "BaloiseDmsBatchService"
donderdag 20 mei 2021 21:02:21 - Commandline		: StopService "Mercator Document Management System Service"
donderdag 20 mei 2021 21:02:21 - Commandline		: StopService "Mercator Document Management System Async Service"
donderdag 20 mei 2021 21:02:21 - Commandline		: StopService "Mercator Document Management System Batch Avero Service"
donderdag 20 mei 2021 21:02:21 - Commandline		: StopService "Mercator DMS Pdf Conversion Call"
donderdag 20 mei 2021 21:02:21 - Commandline		: StopService "MercatorNET SCV Batch Service"
donderdag 20 mei 2021 21:02:22 - Commandline		: StopService "Mercator Organization Data"
donderdag 20 mei 2021 21:02:22 - Commandline		: StopService "Mercator Document Generation"
donderdag 20 mei 2021 21:02:22 - Commandline		: StopService "Mercator Document Delivery"
donderdag 20 mei 2021 21:02:23 - Commandline		: StopService "Steria's Dispatcher Service"
donderdag 20 mei 2021 21:02:23 - Commandline		: StopService "Mercator.Integration.EAI.3.9.Listener"
donderdag 20 mei 2021 21:02:23 - Commandline		: StopComPlus "Mercator.Framework.ActiveDirectory"
donderdag 20 mei 2021 21:02:23 - Commandline		: StopComPlus "Mercator.EAI.3.9.Components"
donderdag 20 mei 2021 21:02:26 - Commandline		: StopComPlus "Mercator.Framework.Document.Management.Global360"
donderdag 20 mei 2021 21:02:27 - Commandline		: RemoveDirectory "C:\WINDOWS\Microsoft.NET\Framework\v4.0.30319\Temporary ASP.NET Files\cds"
donderdag 20 mei 2021 21:02:27 - Commandline		: RemoveDirectory "C:\WINDOWS\Microsoft.NET\Framework\v2.0.50727\Temporary ASP.NET Files\mercatornet.boservices"
donderdag 20 mei 2021 21:02:27 - Commandline		: RemoveDirectory "C:\WINDOWS\Microsoft.NET\Framework\v2.0.50727\Temporary ASP.NET Files\mercator.eai.framework.webservices"
donderdag 20 mei 2021 21:02:27 - Commandline		: RemoveDirectory "C:\WINDOWS\Microsoft.NET\Framework\v2.0.50727\Temporary ASP.NET Files\mercator.eai.tools.wsc"
donderdag 20 mei 2021 21:02:27 - Commandline		: RemoveDirectory "C:\WINDOWS\Microsoft.NET\Framework\v2.0.50727\Temporary ASP.NET Files\Mercator.Portima.Monitoring"
donderdag 20 mei 2021 21:02:27 - Commandline		: RemoveDirectory "C:\WINDOWS\Microsoft.NET\Framework\v2.0.50727\Temporary ASP.NET Files\Mercator.Portima"
donderdag 20 mei 2021 21:02:27 - Commandline		: RemoveDirectory "C:\WINDOWS\Microsoft.NET\Framework\v2.0.50727\Temporary ASP.NET Files\WSDMS"
donderdag 20 mei 2021 21:02:27 - Commandline		: RemoveDirectory "C:\WINDOWS\Microsoft.NET\Framework\v2.0.50727\Temporary ASP.NET Files\wsdmsdatarepository"
donderdag 20 mei 2021 21:02:27 - Commandline		: EnableWSUSReboot ""
donderdag 20 mei 2021 21:02:27 - ================================svw-be-weba02.balgroupit.com======================================
donderdag 20 mei 2021 21:02:27 - ================================svw-be-weba03.balgroupit.com======================================
donderdag 20 mei 2021 21:02:35 - Commandline		: StopWebsite "DmsDataRepository"
donderdag 20 mei 2021 21:02:35 - Commandline		: StopWebsite "MNet"
donderdag 20 mei 2021 21:02:35 - Commandline		: StopAppPool "DefaultAppPool"
donderdag 20 mei 2021 21:02:36 - Commandline		: StopAppPool "WSDMS"
donderdag 20 mei 2021 21:02:36 - Commandline		: StopAppPool "WSDmsDataRepository"
donderdag 20 mei 2021 21:02:36 - Commandline		: StopAppPool "BaloiseBackend"
donderdag 20 mei 2021 21:02:36 - Commandline		: StopAppPool "CDS"
donderdag 20 mei 2021 21:02:36 - Commandline		: StopAppPool "MercatorNet.BoServices"
donderdag 20 mei 2021 21:02:36 - Commandline		: StopAppPool "Mercator.Portima.Monitoring"
donderdag 20 mei 2021 21:02:36 - Commandline		: StopAppPool "Mercator.Portima"
donderdag 20 mei 2021 21:02:36 - Commandline		: StopAppPool "Mercator.Eai.Tools.Wsc"
donderdag 20 mei 2021 21:02:36 - Commandline		: StopAppPool "Mercator.EAI.Framework.WebServices"
donderdag 20 mei 2021 21:02:36 - Commandline		: StopService "World Wide Web Publishing Service"
donderdag 20 mei 2021 21:02:36 - Commandline		: StopService "Baloise Backend"
donderdag 20 mei 2021 21:02:37 - Commandline		: StopService "Baloise Central Data Store"
donderdag 20 mei 2021 21:02:37 - Commandline		: StopService "Baloise SyncTaskToDMS"
donderdag 20 mei 2021 21:02:37 - Commandline		: StopService "Mercator DMS Bulk Insert"
donderdag 20 mei 2021 21:02:37 - Commandline		: StopService "Mercator DMS Import Portima Attachments"
donderdag 20 mei 2021 21:02:38 - Commandline		: StopService "Mercator DMS MailImport Service"
donderdag 20 mei 2021 21:02:38 - Commandline		: StopService "Mercator Xpim Document Store"
donderdag 20 mei 2021 21:02:38 - Commandline		: StopService "Mercator Document Store"
donderdag 20 mei 2021 21:02:38 - Commandline		: StopService "BaloiseDmsBatchService"
donderdag 20 mei 2021 21:02:38 - Commandline		: StopService "Mercator Document Management System Service"
donderdag 20 mei 2021 21:02:38 - Commandline		: StopService "Mercator Document Management System Async Service"
donderdag 20 mei 2021 21:02:39 - Commandline		: StopService "Mercator Document Management System Batch Avero Service"
donderdag 20 mei 2021 21:02:39 - Commandline		: StopService "Mercator DMS Pdf Conversion Call"
donderdag 20 mei 2021 21:02:40 - Commandline		: StopService "MercatorNET SCV Batch Service"
donderdag 20 mei 2021 21:02:40 - Commandline		: StopService "Mercator Organization Data"
donderdag 20 mei 2021 21:02:40 - Commandline		: StopService "Mercator Document Generation"
donderdag 20 mei 2021 21:02:40 - Commandline		: StopService "Mercator Document Delivery"
donderdag 20 mei 2021 21:02:40 - Commandline		: StopService "Steria's Dispatcher Service"
donderdag 20 mei 2021 21:02:41 - Commandline		: StopService "Mercator.Integration.EAI.3.9.Listener"
donderdag 20 mei 2021 21:02:41 - Commandline		: StopComPlus "Mercator.Framework.ActiveDirectory"
donderdag 20 mei 2021 21:02:41 - Commandline		: StopComPlus "Mercator.EAI.3.9.Components"
donderdag 20 mei 2021 21:02:42 - Commandline		: StopComPlus "Mercator.Framework.Document.Management.Global360"
donderdag 20 mei 2021 21:02:42 - Commandline		: RemoveDirectory "C:\WINDOWS\Microsoft.NET\Framework\v4.0.30319\Temporary ASP.NET Files\cds"
donderdag 20 mei 2021 21:02:42 - Commandline		: RemoveDirectory "C:\WINDOWS\Microsoft.NET\Framework\v2.0.50727\Temporary ASP.NET Files\mercatornet.boservices"
donderdag 20 mei 2021 21:02:42 - Commandline		: RemoveDirectory "C:\WINDOWS\Microsoft.NET\Framework\v2.0.50727\Temporary ASP.NET Files\mercator.eai.framework.webservices"
donderdag 20 mei 2021 21:02:42 - Commandline		: RemoveDirectory "C:\WINDOWS\Microsoft.NET\Framework\v2.0.50727\Temporary ASP.NET Files\mercator.eai.tools.wsc"
donderdag 20 mei 2021 21:02:42 - Commandline		: RemoveDirectory "C:\WINDOWS\Microsoft.NET\Framework\v2.0.50727\Temporary ASP.NET Files\Mercator.Portima.Monitoring"
donderdag 20 mei 2021 21:02:42 - Commandline		: RemoveDirectory "C:\WINDOWS\Microsoft.NET\Framework\v2.0.50727\Temporary ASP.NET Files\Mercator.Portima"
donderdag 20 mei 2021 21:02:42 - Commandline		: RemoveDirectory "C:\WINDOWS\Microsoft.NET\Framework\v2.0.50727\Temporary ASP.NET Files\WSDMS"
donderdag 20 mei 2021 21:02:43 - Commandline		: RemoveDirectory "C:\WINDOWS\Microsoft.NET\Framework\v2.0.50727\Temporary ASP.NET Files\wsdmsdatarepository"
donderdag 20 mei 2021 21:02:43 - Commandline		: EnableWSUSReboot ""
donderdag 20 mei 2021 21:02:43 - ================================svw-be-weba03.balgroupit.com======================================
donderdag 20 mei 2021 21:02:43 - ================================svw-be-webfa001.balgroupit.com======================================
donderdag 20 mei 2021 21:02:51 - Commandline		: StopAppPool "DefaultAppPool"
donderdag 20 mei 2021 21:02:51 - Commandline		: StopAppPool "ED"
donderdag 20 mei 2021 21:02:51 - Commandline		: StopAppPool "EmployeeBenefits"
donderdag 20 mei 2021 21:02:51 - Commandline		: StopAppPool "EtlLogViewer"
donderdag 20 mei 2021 21:02:51 - Commandline		: StopAppPool "LevenAansluitingsverklaring"
donderdag 20 mei 2021 21:02:51 - Commandline		: StopAppPool "LevenWijzigingsFormulier"
donderdag 20 mei 2021 21:02:51 - Commandline		: StopAppPool "MercatorNet.RMMain"
donderdag 20 mei 2021 21:02:51 - Commandline		: StopAppPool "MercatorNet.WSDeploy_3_0"
donderdag 20 mei 2021 21:02:51 - Commandline		: StopAppPool "MercatorNet.WSMain"
donderdag 20 mei 2021 21:02:51 - Commandline		: StopAppPool "MercatorNet.WSServices"
donderdag 20 mei 2021 21:02:52 - Commandline		: StopAppPool "MercatorNet.WSTariff"
donderdag 20 mei 2021 21:02:52 - Commandline		: StopAppPool "MercatorNetBroker.WSDeploy_3_0"
donderdag 20 mei 2021 21:02:52 - Commandline		: StopAppPool "MercatorNetBroker.WSMain"
donderdag 20 mei 2021 21:02:52 - Commandline		: StopAppPool "MercatorWebSite"
donderdag 20 mei 2021 21:02:52 - Commandline		: StopAppPool "MyBaloiseBroker"
donderdag 20 mei 2021 21:02:52 - Commandline		: StopAppPool "MWebBvb"
donderdag 20 mei 2021 21:02:52 - Commandline		: StopAppPool "ScvWebService"
donderdag 20 mei 2021 21:02:52 - Commandline		: StopWebsite "OnlineDocuments"
donderdag 20 mei 2021 21:02:52 - Commandline		: StopWebsite "MNet"
donderdag 20 mei 2021 21:02:52 - Commandline		: StopWebsite "MWebBvb"
donderdag 20 mei 2021 21:02:52 - Commandline		: StopService "World Wide Web Publishing Service"
donderdag 20 mei 2021 21:02:53 - Commandline		: StopComPlus "Mercator.Framework.ActiveDirectory"
donderdag 20 mei 2021 21:02:53 - Commandline		: StopComPlus "Mercator.Framework.Document.Management.Global360"
donderdag 20 mei 2021 21:02:53 - Commandline		: RemoveDirectory "C:\WINDOWS\Microsoft.NET\Framework\v2.0.50727\Temporary ASP.NET Files\levenaansluitingsverklaring"
donderdag 20 mei 2021 21:02:53 - Commandline		: RemoveDirectory "C:\WINDOWS\Microsoft.NET\Framework\v2.0.50727\Temporary ASP.NET Files\levenwijzigingsformulier"
donderdag 20 mei 2021 21:02:53 - Commandline		: RemoveDirectory "C:\WINDOWS\Microsoft.NET\Framework\v2.0.50727\Temporary ASP.NET Files\ed"
donderdag 20 mei 2021 21:02:53 - Commandline		: RemoveDirectory "C:\WINDOWS\Microsoft.NET\Framework\v2.0.50727\Temporary ASP.NET Files\mercatornet.rmmain"
donderdag 20 mei 2021 21:02:53 - Commandline		: RemoveDirectory "C:\WINDOWS\Microsoft.NET\Framework\v2.0.50727\Temporary ASP.NET Files\mercatornet.wsdeploy_3_0"
donderdag 20 mei 2021 21:02:53 - Commandline		: RemoveDirectory "C:\WINDOWS\Microsoft.NET\Framework\v2.0.50727\Temporary ASP.NET Files\mercatornet.wsmain"
donderdag 20 mei 2021 21:02:53 - Commandline		: RemoveDirectory "C:\WINDOWS\Microsoft.NET\Framework\v2.0.50727\Temporary ASP.NET Files\mercatornet.wsservices"
donderdag 20 mei 2021 21:02:53 - Commandline		: RemoveDirectory "C:\WINDOWS\Microsoft.NET\Framework\v2.0.50727\Temporary ASP.NET Files\mercatornet.wstariff"
donderdag 20 mei 2021 21:02:53 - Commandline		: RemoveDirectory "C:\WINDOWS\Microsoft.NET\Framework\v2.0.50727\Temporary ASP.NET Files\mercatornetbroker.wsdeploy_3_0"
donderdag 20 mei 2021 21:02:53 - Commandline		: RemoveDirectory "C:\WINDOWS\Microsoft.NET\Framework\v2.0.50727\Temporary ASP.NET Files\mercatornetbroker.wsmain"
donderdag 20 mei 2021 21:02:53 - Commandline		: RemoveDirectory "C:\WINDOWS\Microsoft.NET\Framework\v2.0.50727\Temporary ASP.NET Files\mercatornethelppages"
donderdag 20 mei 2021 21:02:53 - Commandline		: RemoveDirectory "C:\WINDOWS\Microsoft.NET\Framework\v2.0.50727\Temporary ASP.NET Files\scvwebservice"
donderdag 20 mei 2021 21:02:53 - Commandline		: EnableWSUSReboot ""
donderdag 20 mei 2021 21:02:54 - ================================svw-be-webfa001.balgroupit.com======================================
donderdag 20 mei 2021 21:02:54 - ================================svw-be-webfa002.balgroupit.com======================================
donderdag 20 mei 2021 21:03:01 - Commandline		: StopAppPool "DefaultAppPool"
donderdag 20 mei 2021 21:03:01 - Commandline		: StopAppPool "ED"
donderdag 20 mei 2021 21:03:01 - Commandline		: StopAppPool "EmployeeBenefits"
donderdag 20 mei 2021 21:03:02 - Commandline		: StopAppPool "EtlLogViewer"
donderdag 20 mei 2021 21:03:02 - Commandline		: StopAppPool "LevenAansluitingsverklaring"
donderdag 20 mei 2021 21:03:02 - Commandline		: StopAppPool "LevenWijzigingsFormulier"
donderdag 20 mei 2021 21:03:02 - Commandline		: StopAppPool "MercatorNet.RMMain"
donderdag 20 mei 2021 21:03:02 - Commandline		: StopAppPool "MercatorNet.WSDeploy_3_0"
donderdag 20 mei 2021 21:03:02 - Commandline		: StopAppPool "MercatorNet.WSMain"
donderdag 20 mei 2021 21:03:02 - Commandline		: StopAppPool "MercatorNet.WSServices"
donderdag 20 mei 2021 21:03:02 - Commandline		: StopAppPool "MercatorNet.WSTariff"
donderdag 20 mei 2021 21:03:02 - Commandline		: StopAppPool "MercatorNetBroker.WSDeploy_3_0"
donderdag 20 mei 2021 21:03:02 - Commandline		: StopAppPool "MercatorNetBroker.WSMain"
donderdag 20 mei 2021 21:03:03 - Commandline		: StopAppPool "MercatorWebSite"
donderdag 20 mei 2021 21:03:03 - Commandline		: StopAppPool "MyBaloiseBroker"
donderdag 20 mei 2021 21:03:03 - Commandline		: StopAppPool "MWebBvb"
donderdag 20 mei 2021 21:03:03 - Commandline		: StopAppPool "ScvWebService"
donderdag 20 mei 2021 21:03:03 - Commandline		: StopWebsite "OnlineDocuments"
donderdag 20 mei 2021 21:03:03 - Commandline		: StopWebsite "MNet"
donderdag 20 mei 2021 21:03:03 - Commandline		: StopWebsite "MWebBvb"
donderdag 20 mei 2021 21:03:03 - Commandline		: StopService "World Wide Web Publishing Service"
donderdag 20 mei 2021 21:03:03 - Commandline		: StopComPlus "Mercator.Framework.ActiveDirectory"
donderdag 20 mei 2021 21:03:04 - Commandline		: StopComPlus "Mercator.Framework.Document.Management.Global360"
donderdag 20 mei 2021 21:03:04 - Commandline		: RemoveDirectory "C:\WINDOWS\Microsoft.NET\Framework\v2.0.50727\Temporary ASP.NET Files\levenaansluitingsverklaring"
donderdag 20 mei 2021 21:03:04 - Commandline		: RemoveDirectory "C:\WINDOWS\Microsoft.NET\Framework\v2.0.50727\Temporary ASP.NET Files\levenwijzigingsformulier"
donderdag 20 mei 2021 21:03:04 - Commandline		: RemoveDirectory "C:\WINDOWS\Microsoft.NET\Framework\v2.0.50727\Temporary ASP.NET Files\ed"
donderdag 20 mei 2021 21:03:04 - Commandline		: RemoveDirectory "C:\WINDOWS\Microsoft.NET\Framework\v2.0.50727\Temporary ASP.NET Files\mercatornet.rmmain"
donderdag 20 mei 2021 21:03:04 - Commandline		: RemoveDirectory "C:\WINDOWS\Microsoft.NET\Framework\v2.0.50727\Temporary ASP.NET Files\mercatornet.wsdeploy_3_0"
donderdag 20 mei 2021 21:03:04 - Commandline		: RemoveDirectory "C:\WINDOWS\Microsoft.NET\Framework\v2.0.50727\Temporary ASP.NET Files\mercatornet.wsmain"
donderdag 20 mei 2021 21:03:04 - Commandline		: RemoveDirectory "C:\WINDOWS\Microsoft.NET\Framework\v2.0.50727\Temporary ASP.NET Files\mercatornet.wsservices"
donderdag 20 mei 2021 21:03:04 - Commandline		: RemoveDirectory "C:\WINDOWS\Microsoft.NET\Framework\v2.0.50727\Temporary ASP.NET Files\mercatornet.wstariff"
donderdag 20 mei 2021 21:03:04 - Commandline		: RemoveDirectory "C:\WINDOWS\Microsoft.NET\Framework\v2.0.50727\Temporary ASP.NET Files\mercatornetbroker.wsdeploy_3_0"
donderdag 20 mei 2021 21:03:04 - Commandline		: RemoveDirectory "C:\WINDOWS\Microsoft.NET\Framework\v2.0.50727\Temporary ASP.NET Files\mercatornetbroker.wsmain"
donderdag 20 mei 2021 21:03:04 - Commandline		: RemoveDirectory "C:\WINDOWS\Microsoft.NET\Framework\v2.0.50727\Temporary ASP.NET Files\mercatornethelppages"
donderdag 20 mei 2021 21:03:04 - Commandline		: RemoveDirectory "C:\WINDOWS\Microsoft.NET\Framework\v2.0.50727\Temporary ASP.NET Files\scvwebservice"
donderdag 20 mei 2021 21:03:04 - Commandline		: EnableWSUSReboot ""
donderdag 20 mei 2021 21:03:04 - ================================svw-be-webfa002.balgroupit.com======================================
donderdag 20 mei 2021 21:03:05 - ================================svw-be-biza001.balgroupit.com======================================
donderdag 20 mei 2021 21:03:12 - Commandline		: StopService "Mercator Managed File Transfer"
donderdag 20 mei 2021 21:03:12 - Commandline		: StopService "Mercator Esb Process Initializer"
donderdag 20 mei 2021 21:03:13 - Commandline		: EnableWSUSReboot ""
donderdag 20 mei 2021 21:03:13 - ================================svw-be-biza001.balgroupit.com======================================
donderdag 20 mei 2021 21:03:13 - ================================svw-be-biza002.balgroupit.com======================================
donderdag 20 mei 2021 21:03:21 - Commandline		: StopService "Mercator Managed File Transfer"
donderdag 20 mei 2021 21:03:21 - Commandline		: StopService "Mercator Esb Process Initializer"
donderdag 20 mei 2021 21:03:21 - Commandline		: EnableWSUSReboot ""
donderdag 20 mei 2021 21:03:21 - ================================svw-be-biza002.balgroupit.com======================================
donderdag 20 mei 2021 21:03:23 - ================================svw-be-dmsa001.balgroupit.com======================================
donderdag 20 mei 2021 21:03:30 - Commandline		: EnableWSUSReboot ""
donderdag 20 mei 2021 21:03:30 - ================================svw-be-dmsa001.balgroupit.com======================================
donderdag 20 mei 2021 21:03:31 - ================================svw-be-dmsa002.balgroupit.com======================================
donderdag 20 mei 2021 21:03:38 - Commandline		: EnableWSUSReboot ""
donderdag 20 mei 2021 21:03:38 - ================================svw-be-dmsa002.balgroupit.com======================================
donderdag 20 mei 2021 21:03:41 - ================================svw-be-dmsa03.balgroupit.com======================================
donderdag 20 mei 2021 21:03:49 - Commandline		: StopService "Execute360 Archive Manager"
donderdag 20 mei 2021 21:04:01 - Commandline		: EnableWSUSReboot ""
donderdag 20 mei 2021 21:04:01 - ================================svw-be-dmsa03.balgroupit.com======================================
donderdag 20 mei 2021 21:04:02 - ================================dms-ba01.balgroupit.com======================================
donderdag 20 mei 2021 21:04:03 - Commandline		: EnableWSUSReboot ""
donderdag 20 mei 2021 21:04:03 - ================================dms-ba01.balgroupit.com======================================
donderdag 20 mei 2021 21:04:04 - ================================dms-ba01-file.balgroupit.com======================================
donderdag 20 mei 2021 21:04:05 - Commandline		: EnableWSUSReboot ""
donderdag 20 mei 2021 21:04:06 - ================================dms-ba01-file.balgroupit.com======================================
donderdag 20 mei 2021 21:04:06 - ================================dms-ba01-g360.balgroupit.com======================================
donderdag 20 mei 2021 21:04:08 - Commandline		: EnableWSUSReboot ""
donderdag 20 mei 2021 21:04:08 - ================================dms-ba01-g360.balgroupit.com======================================
donderdag 20 mei 2021 21:04:09 - ================================svw-be-porta01.balgroupit.com======================================
donderdag 20 mei 2021 21:04:16 - Commandline		: stopAppPool "AL2AppPool64v2"
donderdag 20 mei 2021 21:04:16 - Commandline		: stopAppPool "ALAppPool64v2"
donderdag 20 mei 2021 21:04:17 - Commandline		: stopAppPool "Pool2"
donderdag 20 mei 2021 21:04:17 - Commandline		: stopAppPool "Mercator.Portal.Portlets"
donderdag 20 mei 2021 21:04:17 - Commandline		: stopAppPool "Mercator.Portal.WebService"
donderdag 20 mei 2021 21:04:17 - Commandline		: stopAppPool "PortalASP"
donderdag 20 mei 2021 21:04:17 - Commandline		: StopWebsite "WCI"
donderdag 20 mei 2021 21:04:17 - Commandline		: StopWebsite "Default Web Site"
donderdag 20 mei 2021 21:04:17 - Commandline		: StopWebsite "MercatorPortalWebService"
donderdag 20 mei 2021 21:04:17 - Commandline		: StopService "Mercator.Portal.Scheduler"
donderdag 20 mei 2021 21:04:17 - Commandline		: StopService "ptautomationserver"
donderdag 20 mei 2021 21:04:17 - Commandline		: StopService "publishservice"
donderdag 20 mei 2021 21:04:24 - Commandline		: StopService "rssreader"
donderdag 20 mei 2021 21:04:28 - Commandline		: StopService "Oracle WCI Document Repository Service"
donderdag 20 mei 2021 21:04:30 - Commandline		: StopService "svw-be-porta0101"
donderdag 20 mei 2021 21:04:34 - Commandline		: StopService "SearchClusterUI"
donderdag 20 mei 2021 21:04:37 - Commandline		: StopService "SearchService"
donderdag 20 mei 2021 21:05:15 - Commandline		: StopService "wsserver"
donderdag 20 mei 2021 21:05:18 - Commandline		: StopService "Oracle WCI Logger"
donderdag 20 mei 2021 21:05:20 - Commandline		: StopService "ConfigurationManager12345"
donderdag 20 mei 2021 21:05:20 - Commandline		: EnableWSUSReboot ""
donderdag 20 mei 2021 21:05:20 - ================================svw-be-porta01.balgroupit.com======================================
donderdag 20 mei 2021 21:05:20 - ================================svw-be-babsa001.balgroupit.com======================================
donderdag 20 mei 2021 21:05:28 - Commandline		: EnableWSUSReboot ""
donderdag 20 mei 2021 21:05:28 - ================================svw-be-babsa001.balgroupit.com======================================
donderdag 20 mei 2021 21:05:28 - ================================svw-be-babsa002.balgroupit.com======================================
donderdag 20 mei 2021 21:05:36 - Commandline		: EnableWSUSReboot ""
donderdag 20 mei 2021 21:05:36 - ================================svw-be-babsa002.balgroupit.com======================================
donderdag 20 mei 2021 21:05:36 - ================================svw-be-babba001.balgroupit.com======================================
donderdag 20 mei 2021 21:05:37 - Commandline		: StopService "Baloise BaloiseBackendBatch"
donderdag 20 mei 2021 21:05:37 - Commandline		: EnableWSUSReboot ""
donderdag 20 mei 2021 21:05:37 - ================================svw-be-babba001.balgroupit.com======================================
donderdag 20 mei 2021 21:05:37 - ================================svw-be-babba002.balgroupit.com======================================
donderdag 20 mei 2021 21:05:38 - Commandline		: StopService "Baloise BaloiseBackendBatch"
donderdag 20 mei 2021 21:05:38 - Commandline		: EnableWSUSReboot ""
donderdag 20 mei 2021 21:05:38 - ================================svw-be-babba002.balgroupit.com======================================
donderdag 20 mei 2021 21:05:39 - ================================svw-be-mfta001.balgroupit.com======================================
donderdag 20 mei 2021 21:05:43 - Commandline		: StopService "Mercator Managed File Transfer"
donderdag 20 mei 2021 21:05:43 - Commandline		: EnableWSUSReboot ""
donderdag 20 mei 2021 21:05:43 - ================================svw-be-mfta001.balgroupit.com======================================
