zondag 14 februari 2021 20:01:11 - READING XML File :  \\balgroupit.com\appl_data\BBE\Transfer\Packages\Scripts\WSUS\Dcorp\Dcorp_Stop_All.xml
zondag 14 februari 2021 20:01:11 - 
zondag 14 februari 2021 20:01:15 - ================================svw-be-webd03.balgroupit.com======================================
zondag 14 februari 2021 20:01:31 - Commandline		: StopWebsite "DmsDataRepository"
zondag 14 februari 2021 20:01:32 - Commandline		: StopWebsite "MNet"
zondag 14 februari 2021 20:01:32 - Commandline		: StopAppPool "DefaultAppPool"
zondag 14 februari 2021 20:01:32 - Commandline		: StopAppPool "WSDMS"
zondag 14 februari 2021 20:01:32 - Commandline		: StopAppPool "WSDmsDataRepository"
zondag 14 februari 2021 20:01:32 - Commandline		: StopAppPool "BaloiseBackend"
zondag 14 februari 2021 20:01:32 - Commandline		: StopAppPool "CDS"
zondag 14 februari 2021 20:01:33 - Commandline		: StopAppPool "MercatorNet.BoServices"
zondag 14 februari 2021 20:01:33 - Commandline		: StopAppPool "Mercator.Portima.Monitoring"
zondag 14 februari 2021 20:01:33 - Commandline		: StopAppPool "Mercator.Portima"
zondag 14 februari 2021 20:01:33 - Commandline		: StopAppPool "Mercator.Eai.Tools.Wsc"
zondag 14 februari 2021 20:01:33 - Commandline		: StopAppPool "MNet"
zondag 14 februari 2021 20:01:33 - Commandline		: StopAppPool "Mercator.EAI.Framework.WebServices"
zondag 14 februari 2021 20:01:33 - Commandline		: StopService "World Wide Web Publishing Service"
zondag 14 februari 2021 20:01:33 - Commandline		: StopService "Baloise Backend"
zondag 14 februari 2021 20:01:33 - Commandline		: StopService "Baloise Central Data Store"
zondag 14 februari 2021 20:01:33 - Commandline		: StopService "Mercator DMS Bulk Insert"
zondag 14 februari 2021 20:01:33 - Commandline		: StopService "Mercator DMS Import Portima Attachments"
zondag 14 februari 2021 20:01:33 - Commandline		: StopService "Mercator DMS MailImport Service"
zondag 14 februari 2021 20:01:33 - Commandline		: StopService "Mercator Xpim Document Store"
zondag 14 februari 2021 20:01:34 - Commandline		: StopService "Mercator Document Store"
zondag 14 februari 2021 20:01:34 - Commandline		: StopService "BaloiseDmsBatchService"
zondag 14 februari 2021 20:01:34 - Commandline		: StopService "Baloise SyncTaskToDMS"
zondag 14 februari 2021 20:01:34 - Commandline		: StopService "Mercator Document Management System Service"
zondag 14 februari 2021 20:01:34 - Commandline		: StopService "Mercator Document Management System Async Service"
zondag 14 februari 2021 20:01:34 - Commandline		: StopService "Mercator DMS Pdf Conversion Call"
zondag 14 februari 2021 20:01:34 - Commandline		: StopService "MercatorNET SCV Batch Service"
zondag 14 februari 2021 20:01:34 - Commandline		: StopService "Mercator Organization Data"
zondag 14 februari 2021 20:01:34 - Commandline		: StopService "Mercator Document Generation"
zondag 14 februari 2021 20:01:34 - Commandline		: StopService "Mercator Document Delivery"
zondag 14 februari 2021 20:01:34 - Commandline		: StopService "Steria's Dispatcher Service"
zondag 14 februari 2021 20:01:34 - Commandline		: StopService "Mercator.Integration.EAI.3.9.Listener"
zondag 14 februari 2021 20:01:34 - Commandline		: StopComPlus "Mercator.Framework.ActiveDirectory"
zondag 14 februari 2021 20:01:35 - Commandline		: StopComPlus "Mercator.EAI.3.9.Components"
zondag 14 februari 2021 20:01:35 - Commandline		: StopComPlus "Mercator.Framework.Document.Management.Global360"
zondag 14 februari 2021 20:01:36 - Commandline		: RemoveDirectory "C:\WINDOWS\Microsoft.NET\Framework\v4.0.30319\Temporary ASP.NET Files\cds"
zondag 14 februari 2021 20:01:37 - Commandline		: RemoveDirectory "C:\WINDOWS\Microsoft.NET\Framework\v2.0.50727\Temporary ASP.NET Files\mercatornet.boservices"
zondag 14 februari 2021 20:01:37 - Commandline		: RemoveDirectory "C:\WINDOWS\Microsoft.NET\Framework\v2.0.50727\Temporary ASP.NET Files\mercator.eai.framework.webservices"
zondag 14 februari 2021 20:01:37 - Commandline		: RemoveDirectory "C:\WINDOWS\Microsoft.NET\Framework\v2.0.50727\Temporary ASP.NET Files\mercator.eai.tools.wsc"
zondag 14 februari 2021 20:01:37 - Commandline		: RemoveDirectory "C:\WINDOWS\Microsoft.NET\Framework\v2.0.50727\Temporary ASP.NET Files\Mercator.Portima.Monitoring"
zondag 14 februari 2021 20:01:37 - Commandline		: RemoveDirectory "C:\WINDOWS\Microsoft.NET\Framework\v2.0.50727\Temporary ASP.NET Files\Mercator.Portima"
zondag 14 februari 2021 20:01:37 - Commandline		: RemoveDirectory "C:\WINDOWS\Microsoft.NET\Framework\v2.0.50727\Temporary ASP.NET Files\WSDMS"
zondag 14 februari 2021 20:01:37 - Commandline		: RemoveDirectory "C:\WINDOWS\Microsoft.NET\Framework\v2.0.50727\Temporary ASP.NET Files\wsdmsdatarepository"
zondag 14 februari 2021 20:01:37 - Commandline		: EnableWSUSReboot ""
zondag 14 februari 2021 20:01:38 - ================================svw-be-webd03.balgroupit.com======================================
zondag 14 februari 2021 20:01:38 - ================================svw-be-bizd001.balgroupit.com======================================
zondag 14 februari 2021 20:01:46 - Commandline		: StopService "Mercator Managed File Transfer"
zondag 14 februari 2021 20:01:46 - Commandline		: StopService "Mercator Esb Process Initializer"
zondag 14 februari 2021 20:01:47 - Commandline		: EnableWSUSReboot ""
zondag 14 februari 2021 20:01:47 - ================================svw-be-bizd001.balgroupit.com======================================
zondag 14 februari 2021 20:01:47 - ================================svw-be-bizd002.balgroupit.com======================================
zondag 14 februari 2021 20:02:02 - Commandline		: EnableWSUSReboot ""
zondag 14 februari 2021 20:02:02 - ================================svw-be-bizd002.balgroupit.com======================================
zondag 14 februari 2021 20:02:04 - ================================svw-be-webfd001.balgroupit.com======================================
zondag 14 februari 2021 20:02:14 - Commandline		: StopAppPool "DefaultAppPool"
zondag 14 februari 2021 20:02:15 - Commandline		: StopAppPool "ED"
zondag 14 februari 2021 20:02:15 - Commandline		: StopAppPool "EmployeeBenefits"
zondag 14 februari 2021 20:02:15 - Commandline		: StopAppPool "EtlLogViewer"
zondag 14 februari 2021 20:02:15 - Commandline		: StopAppPool "LevenAansluitingsverklaring"
zondag 14 februari 2021 20:02:15 - Commandline		: StopAppPool "LevenWijzigingsFormulier"
zondag 14 februari 2021 20:02:15 - Commandline		: StopAppPool "MercatorNet.RMMain"
zondag 14 februari 2021 20:02:15 - Commandline		: StopAppPool "MercatorNet.WSDeploy_3_0"
zondag 14 februari 2021 20:02:16 - Commandline		: StopAppPool "MercatorNet.WSMain"
zondag 14 februari 2021 20:02:16 - Commandline		: StopAppPool "MercatorNet.WSServices"
zondag 14 februari 2021 20:02:16 - Commandline		: StopAppPool "MercatorNet.WSTariff"
zondag 14 februari 2021 20:02:16 - Commandline		: StopAppPool "MercatorNetBroker.WSDeploy_3_0"
zondag 14 februari 2021 20:02:16 - Commandline		: StopAppPool "MercatorNetBroker.WSMain"
zondag 14 februari 2021 20:02:16 - Commandline		: StopAppPool "MercatorWebSite"
zondag 14 februari 2021 20:02:16 - Commandline		: StopAppPool "MyBaloiseBroker"
zondag 14 februari 2021 20:02:16 - Commandline		: StopAppPool "MyBaloiseInternal"
zondag 14 februari 2021 20:02:16 - Commandline		: StopAppPool "MWebBvb"
zondag 14 februari 2021 20:02:16 - Commandline		: StopAppPool "ScvWebService"
zondag 14 februari 2021 20:02:17 - Commandline		: StopWebsite "OnlineDocuments"
zondag 14 februari 2021 20:02:17 - Commandline		: StopWebsite "MNet"
zondag 14 februari 2021 20:02:17 - Commandline		: StopWebsite "MWebBvb"
zondag 14 februari 2021 20:02:17 - Commandline		: StopService "World Wide Web Publishing Service"
zondag 14 februari 2021 20:02:17 - Commandline		: StopComPlus "Mercator.Framework.ActiveDirectory"
zondag 14 februari 2021 20:02:18 - Commandline		: StopComPlus "Mercator.Framework.Document.Management.Global360"
zondag 14 februari 2021 20:02:18 - Commandline		: RemoveDirectory "C:\WINDOWS\Microsoft.NET\Framework\v2.0.50727\Temporary ASP.NET Files\levenaansluitingsverklaring"
zondag 14 februari 2021 20:02:18 - Commandline		: RemoveDirectory "C:\WINDOWS\Microsoft.NET\Framework\v2.0.50727\Temporary ASP.NET Files\levenwijzigingsformulier"
zondag 14 februari 2021 20:02:18 - Commandline		: RemoveDirectory "C:\WINDOWS\Microsoft.NET\Framework\v2.0.50727\Temporary ASP.NET Files\ed"
zondag 14 februari 2021 20:02:18 - Commandline		: RemoveDirectory "C:\WINDOWS\Microsoft.NET\Framework\v2.0.50727\Temporary ASP.NET Files\mercatornet.rmmain"
zondag 14 februari 2021 20:02:18 - Commandline		: RemoveDirectory "C:\WINDOWS\Microsoft.NET\Framework\v2.0.50727\Temporary ASP.NET Files\mercatornet.wsdeploy_3_0"
zondag 14 februari 2021 20:02:18 - Commandline		: RemoveDirectory "C:\WINDOWS\Microsoft.NET\Framework\v2.0.50727\Temporary ASP.NET Files\mercatornet.wsmain"
zondag 14 februari 2021 20:02:18 - Commandline		: RemoveDirectory "C:\WINDOWS\Microsoft.NET\Framework\v2.0.50727\Temporary ASP.NET Files\mercatornet.wsservices"
zondag 14 februari 2021 20:02:18 - Commandline		: RemoveDirectory "C:\WINDOWS\Microsoft.NET\Framework\v2.0.50727\Temporary ASP.NET Files\mercatornet.wstariff"
zondag 14 februari 2021 20:02:18 - Commandline		: RemoveDirectory "C:\WINDOWS\Microsoft.NET\Framework\v2.0.50727\Temporary ASP.NET Files\mercatornetbroker.wsdeploy_3_0"
zondag 14 februari 2021 20:02:18 - Commandline		: RemoveDirectory "C:\WINDOWS\Microsoft.NET\Framework\v2.0.50727\Temporary ASP.NET Files\mercatornetbroker.wsmain"
zondag 14 februari 2021 20:02:18 - Commandline		: RemoveDirectory "C:\WINDOWS\Microsoft.NET\Framework\v2.0.50727\Temporary ASP.NET Files\mercatornethelppages"
zondag 14 februari 2021 20:02:18 - Commandline		: RemoveDirectory "C:\WINDOWS\Microsoft.NET\Framework\v2.0.50727\Temporary ASP.NET Files\scvwebservice"
zondag 14 februari 2021 20:02:18 - Commandline		: EnableWSUSReboot ""
zondag 14 februari 2021 20:02:18 - ================================svw-be-webfd001.balgroupit.com======================================
zondag 14 februari 2021 20:02:20 - ================================svw-be-eaid01.balgroupit.com======================================
zondag 14 februari 2021 20:02:22 - Commandline		: StopService "mercator.eai.docservice"
zondag 14 februari 2021 20:02:22 - Commandline		: StopProcess "dllhost.exe"
zondag 14 februari 2021 20:02:22 - Commandline		: StopProcess "winword.exe"
zondag 14 februari 2021 20:02:22 - Commandline		: EnableWSUSReboot ""
zondag 14 februari 2021 20:02:22 - ================================svw-be-eaid01.balgroupit.com======================================
zondag 14 februari 2021 20:02:25 - ================================svw-be-dmsd01.balgroupit.com======================================
zondag 14 februari 2021 20:02:33 - Commandline		: EnableWSUSReboot ""
zondag 14 februari 2021 20:02:33 - Commandline		: StopService "Execute360 Route Engine"
zondag 14 februari 2021 20:02:39 - Commandline		: StopService "Execute360 Index Manager"
zondag 14 februari 2021 20:02:39 - Commandline		: StopService "Execute360 Transfer Manager"
zondag 14 februari 2021 20:02:40 - Commandline		: StopService "Execute360 Rendezvous Manager"
zondag 14 februari 2021 20:02:40 - Commandline		: StopService "Execute360 Location Manager"
zondag 14 februari 2021 20:02:41 - Commandline		: StopService "Execute360 Object Manager"
zondag 14 februari 2021 20:02:46 - Commandline		: StopService "Execute360 Security Manager"
zondag 14 februari 2021 20:02:47 - ================================svw-be-dmsd01.balgroupit.com======================================
zondag 14 februari 2021 20:02:49 - ================================svw-be-dmsd02.balgroupit.com======================================
zondag 14 februari 2021 20:02:57 - Commandline		: EnableWSUSReboot ""
zondag 14 februari 2021 20:02:57 - ================================svw-be-dmsd02.balgroupit.com======================================
zondag 14 februari 2021 20:02:58 - ================================svw-be-babsd001.balgroupit.com======================================
zondag 14 februari 2021 20:03:06 - Commandline		: EnableWSUSReboot ""
zondag 14 februari 2021 20:03:07 - ================================svw-be-babsd001.balgroupit.com======================================
zondag 14 februari 2021 20:03:07 - ================================svw-be-babbd001.balgroupit.com======================================
zondag 14 februari 2021 20:03:07 - Commandline		: StopService "Baloise BaloiseBackendBatch"
zondag 14 februari 2021 20:03:08 - Commandline		: EnableWSUSReboot ""
zondag 14 februari 2021 20:03:08 - ================================svw-be-babbd001.balgroupit.com======================================
