zondag 19 juli 2020 20:11:58 - READING XML File :  \\balgroupit.com\appl_data\BBE\Transfer\Packages\Scripts\WSUS\Dcorp\Dcorp_Stop_All.xml
zondag 19 juli 2020 20:11:58 - 
zondag 19 juli 2020 20:11:58 - ================================svw-be-webd03.balgroupit.com======================================
zondag 19 juli 2020 20:11:59 - Commandline		: StopWebsite "DmsDataRepository"
zondag 19 juli 2020 20:12:00 - Commandline		: StopWebsite "MNet"
zondag 19 juli 2020 20:12:00 - Commandline		: StopAppPool "DefaultAppPool"
zondag 19 juli 2020 20:12:00 - Commandline		: StopAppPool "WSDMS"
zondag 19 juli 2020 20:12:00 - Commandline		: StopAppPool "WSDmsDataRepository"
zondag 19 juli 2020 20:12:00 - Commandline		: StopAppPool "BaloiseBackend"
zondag 19 juli 2020 20:12:00 - Commandline		: StopAppPool "CDS"
zondag 19 juli 2020 20:12:00 - Commandline		: StopAppPool "MercatorNet.BoServices"
zondag 19 juli 2020 20:12:00 - Commandline		: StopAppPool "Mercator.Portima.Monitoring"
zondag 19 juli 2020 20:12:00 - Commandline		: StopAppPool "Mercator.Portima"
zondag 19 juli 2020 20:12:00 - Commandline		: StopAppPool "Mercator.Eai.Tools.Wsc"
zondag 19 juli 2020 20:12:00 - Commandline		: StopAppPool "MNet"
zondag 19 juli 2020 20:12:00 - Commandline		: StopAppPool "Mercator.EAI.Framework.WebServices"
zondag 19 juli 2020 20:12:00 - Commandline		: StopService "World Wide Web Publishing Service"
zondag 19 juli 2020 20:12:01 - Commandline		: StopService "Baloise Backend"
zondag 19 juli 2020 20:12:01 - Commandline		: StopService "Baloise Central Data Store"
zondag 19 juli 2020 20:12:01 - Commandline		: StopService "Mercator DMS Bulk Insert"
zondag 19 juli 2020 20:12:01 - Commandline		: StopService "Mercator DMS Import Portima Attachments"
zondag 19 juli 2020 20:12:01 - Commandline		: StopService "Mercator DMS MailImport Service"
zondag 19 juli 2020 20:12:01 - Commandline		: StopService "Mercator Xpim Document Store"
zondag 19 juli 2020 20:12:01 - Commandline		: StopService "Mercator Document Store"
zondag 19 juli 2020 20:12:01 - Commandline		: StopService "BaloiseDmsBatchService"
zondag 19 juli 2020 20:12:01 - Commandline		: StopService "Baloise SyncTaskToDMS"
zondag 19 juli 2020 20:12:01 - Commandline		: StopService "Mercator Document Management System Service"
zondag 19 juli 2020 20:12:01 - Commandline		: StopService "Mercator Document Management System Async Service"
zondag 19 juli 2020 20:12:01 - Commandline		: StopService "Mercator DMS Pdf Conversion Call"
zondag 19 juli 2020 20:12:01 - Commandline		: StopService "MercatorNET SCV Batch Service"
zondag 19 juli 2020 20:12:01 - Commandline		: StopService "Mercator Organization Data"
zondag 19 juli 2020 20:12:01 - Commandline		: StopService "Mercator Document Generation"
zondag 19 juli 2020 20:12:01 - Commandline		: StopService "Mercator Document Delivery"
zondag 19 juli 2020 20:12:01 - Commandline		: StopService "Steria's Dispatcher Service"
zondag 19 juli 2020 20:12:01 - Commandline		: StopService "Mercator.Integration.EAI.3.9.Listener"
zondag 19 juli 2020 20:12:01 - Commandline		: StopComPlus "Mercator.Framework.ActiveDirectory"
zondag 19 juli 2020 20:12:02 - Commandline		: StopComPlus "Mercator.EAI.3.9.Components"
zondag 19 juli 2020 20:12:02 - Commandline		: StopComPlus "Mercator.Framework.Document.Management.Global360"
zondag 19 juli 2020 20:12:02 - Commandline		: RemoveDirectory "C:\WINDOWS\Microsoft.NET\Framework\v4.0.30319\Temporary ASP.NET Files\cds"
zondag 19 juli 2020 20:12:02 - Commandline		: RemoveDirectory "C:\WINDOWS\Microsoft.NET\Framework\v2.0.50727\Temporary ASP.NET Files\mercatornet.boservices"
zondag 19 juli 2020 20:12:02 - Commandline		: RemoveDirectory "C:\WINDOWS\Microsoft.NET\Framework\v2.0.50727\Temporary ASP.NET Files\mercator.eai.framework.webservices"
zondag 19 juli 2020 20:12:02 - Commandline		: RemoveDirectory "C:\WINDOWS\Microsoft.NET\Framework\v2.0.50727\Temporary ASP.NET Files\mercator.eai.tools.wsc"
zondag 19 juli 2020 20:12:02 - Commandline		: RemoveDirectory "C:\WINDOWS\Microsoft.NET\Framework\v2.0.50727\Temporary ASP.NET Files\Mercator.Portima.Monitoring"
zondag 19 juli 2020 20:12:02 - Commandline		: RemoveDirectory "C:\WINDOWS\Microsoft.NET\Framework\v2.0.50727\Temporary ASP.NET Files\Mercator.Portima"
zondag 19 juli 2020 20:12:02 - Commandline		: RemoveDirectory "C:\WINDOWS\Microsoft.NET\Framework\v2.0.50727\Temporary ASP.NET Files\WSDMS"
zondag 19 juli 2020 20:12:02 - Commandline		: RemoveDirectory "C:\WINDOWS\Microsoft.NET\Framework\v2.0.50727\Temporary ASP.NET Files\wsdmsdatarepository"
zondag 19 juli 2020 20:12:02 - Commandline		: EnableWSUSReboot ""
zondag 19 juli 2020 20:12:02 - ================================svw-be-webd03.balgroupit.com======================================
zondag 19 juli 2020 20:12:02 - ================================svw-be-bizd001.balgroupit.com======================================
zondag 19 juli 2020 20:12:04 - Commandline		: StopService "Mercator Managed File Transfer"
zondag 19 juli 2020 20:12:04 - Commandline		: StopService "Mercator Esb Process Initializer"
zondag 19 juli 2020 20:12:04 - Commandline		: EnableWSUSReboot ""
zondag 19 juli 2020 20:12:05 - ================================svw-be-bizd001.balgroupit.com======================================
zondag 19 juli 2020 20:12:05 - ================================svw-be-bizd002.balgroupit.com======================================
zondag 19 juli 2020 20:12:07 - Commandline		: EnableWSUSReboot ""
zondag 19 juli 2020 20:12:07 - ================================svw-be-bizd002.balgroupit.com======================================
zondag 19 juli 2020 20:12:08 - ================================svw-be-webfd001.balgroupit.com======================================
zondag 19 juli 2020 20:12:09 - Commandline		: StopAppPool "DefaultAppPool"
zondag 19 juli 2020 20:12:09 - Commandline		: StopAppPool "ED"
zondag 19 juli 2020 20:12:09 - Commandline		: StopAppPool "EmployeeBenefits"
zondag 19 juli 2020 20:12:09 - Commandline		: StopAppPool "EtlLogViewer"
zondag 19 juli 2020 20:12:09 - Commandline		: StopAppPool "LevenAansluitingsverklaring"
zondag 19 juli 2020 20:12:09 - Commandline		: StopAppPool "LevenWijzigingsFormulier"
zondag 19 juli 2020 20:12:10 - Commandline		: StopAppPool "MercatorNet.RMMain"
zondag 19 juli 2020 20:12:10 - Commandline		: StopAppPool "MercatorNet.WSDeploy_3_0"
zondag 19 juli 2020 20:12:10 - Commandline		: StopAppPool "MercatorNet.WSMain"
zondag 19 juli 2020 20:12:10 - Commandline		: StopAppPool "MercatorNet.WSServices"
zondag 19 juli 2020 20:12:10 - Commandline		: StopAppPool "MercatorNet.WSTariff"
zondag 19 juli 2020 20:12:10 - Commandline		: StopAppPool "MercatorNetBroker.WSDeploy_3_0"
zondag 19 juli 2020 20:12:10 - Commandline		: StopAppPool "MercatorNetBroker.WSMain"
zondag 19 juli 2020 20:12:10 - Commandline		: StopAppPool "MercatorWebSite"
zondag 19 juli 2020 20:12:10 - Commandline		: StopAppPool "MyBaloiseBroker"
zondag 19 juli 2020 20:12:10 - Commandline		: StopAppPool "MyBaloiseInternal"
zondag 19 juli 2020 20:12:10 - Commandline		: StopAppPool "MWebBvb"
zondag 19 juli 2020 20:12:10 - Commandline		: StopAppPool "ScvWebService"
zondag 19 juli 2020 20:12:11 - Commandline		: StopWebsite "OnlineDocuments"
zondag 19 juli 2020 20:12:11 - Commandline		: StopWebsite "MNet"
zondag 19 juli 2020 20:12:11 - Commandline		: StopWebsite "MWebBvb"
zondag 19 juli 2020 20:12:11 - Commandline		: StopService "World Wide Web Publishing Service"
zondag 19 juli 2020 20:12:11 - Commandline		: StopComPlus "Mercator.Framework.ActiveDirectory"
zondag 19 juli 2020 20:12:11 - Commandline		: StopComPlus "Mercator.Framework.Document.Management.Global360"
zondag 19 juli 2020 20:12:11 - Commandline		: RemoveDirectory "C:\WINDOWS\Microsoft.NET\Framework\v2.0.50727\Temporary ASP.NET Files\levenaansluitingsverklaring"
zondag 19 juli 2020 20:12:11 - Commandline		: RemoveDirectory "C:\WINDOWS\Microsoft.NET\Framework\v2.0.50727\Temporary ASP.NET Files\levenwijzigingsformulier"
zondag 19 juli 2020 20:12:11 - Commandline		: RemoveDirectory "C:\WINDOWS\Microsoft.NET\Framework\v2.0.50727\Temporary ASP.NET Files\ed"
zondag 19 juli 2020 20:12:11 - Commandline		: RemoveDirectory "C:\WINDOWS\Microsoft.NET\Framework\v2.0.50727\Temporary ASP.NET Files\mercatornet.rmmain"
zondag 19 juli 2020 20:12:11 - Commandline		: RemoveDirectory "C:\WINDOWS\Microsoft.NET\Framework\v2.0.50727\Temporary ASP.NET Files\mercatornet.wsdeploy_3_0"
zondag 19 juli 2020 20:12:11 - Commandline		: RemoveDirectory "C:\WINDOWS\Microsoft.NET\Framework\v2.0.50727\Temporary ASP.NET Files\mercatornet.wsmain"
zondag 19 juli 2020 20:12:11 - Commandline		: RemoveDirectory "C:\WINDOWS\Microsoft.NET\Framework\v2.0.50727\Temporary ASP.NET Files\mercatornet.wsservices"
zondag 19 juli 2020 20:12:11 - Commandline		: RemoveDirectory "C:\WINDOWS\Microsoft.NET\Framework\v2.0.50727\Temporary ASP.NET Files\mercatornet.wstariff"
zondag 19 juli 2020 20:12:11 - Commandline		: RemoveDirectory "C:\WINDOWS\Microsoft.NET\Framework\v2.0.50727\Temporary ASP.NET Files\mercatornetbroker.wsdeploy_3_0"
zondag 19 juli 2020 20:12:11 - Commandline		: RemoveDirectory "C:\WINDOWS\Microsoft.NET\Framework\v2.0.50727\Temporary ASP.NET Files\mercatornetbroker.wsmain"
zondag 19 juli 2020 20:12:11 - Commandline		: RemoveDirectory "C:\WINDOWS\Microsoft.NET\Framework\v2.0.50727\Temporary ASP.NET Files\mercatornethelppages"
zondag 19 juli 2020 20:12:11 - Commandline		: RemoveDirectory "C:\WINDOWS\Microsoft.NET\Framework\v2.0.50727\Temporary ASP.NET Files\scvwebservice"
zondag 19 juli 2020 20:12:11 - Commandline		: EnableWSUSReboot ""
zondag 19 juli 2020 20:12:11 - ================================svw-be-webfd001.balgroupit.com======================================
zondag 19 juli 2020 20:12:12 - ================================svw-be-eaid01.balgroupit.com======================================
zondag 19 juli 2020 20:12:12 - Commandline		: StopService "mercator.eai.docservice"
zondag 19 juli 2020 20:12:12 - Commandline		: StopProcess "dllhost.exe"
zondag 19 juli 2020 20:12:12 - Commandline		: StopProcess "winword.exe"
zondag 19 juli 2020 20:12:12 - Commandline		: EnableWSUSReboot ""
zondag 19 juli 2020 20:12:12 - ================================svw-be-eaid01.balgroupit.com======================================
zondag 19 juli 2020 20:12:13 - ================================svw-be-dmsd01.balgroupit.com======================================
zondag 19 juli 2020 20:12:14 - Commandline		: EnableWSUSReboot ""
zondag 19 juli 2020 20:12:14 - Commandline		: StopService "Execute360 Route Engine"
zondag 19 juli 2020 20:12:14 - Commandline		: StopService "Execute360 Index Manager"
zondag 19 juli 2020 20:12:14 - Commandline		: StopService "Execute360 Transfer Manager"
zondag 19 juli 2020 20:12:14 - Commandline		: StopService "Execute360 Rendezvous Manager"
zondag 19 juli 2020 20:12:14 - Commandline		: StopService "Execute360 Location Manager"
zondag 19 juli 2020 20:12:14 - Commandline		: StopService "Execute360 Object Manager"
zondag 19 juli 2020 20:12:14 - Commandline		: StopService "Execute360 Security Manager"
zondag 19 juli 2020 20:12:14 - ================================svw-be-dmsd01.balgroupit.com======================================
zondag 19 juli 2020 20:12:15 - ================================svw-be-dmsd02.balgroupit.com======================================
zondag 19 juli 2020 20:12:16 - Commandline		: EnableWSUSReboot ""
zondag 19 juli 2020 20:12:16 - ================================svw-be-dmsd02.balgroupit.com======================================
zondag 19 juli 2020 20:12:16 - ================================svw-be-babsd001.balgroupit.com======================================
zondag 19 juli 2020 20:12:18 - Commandline		: EnableWSUSReboot ""
zondag 19 juli 2020 20:12:18 - ================================svw-be-babsd001.balgroupit.com======================================
zondag 19 juli 2020 20:12:18 - ================================svw-be-babbd001.balgroupit.com======================================
zondag 19 juli 2020 20:12:18 - Commandline		: StopService "Baloise BaloiseBackendBatch"
zondag 19 juli 2020 20:12:19 - Commandline		: EnableWSUSReboot ""
zondag 19 juli 2020 20:12:19 - ================================svw-be-babbd001.balgroupit.com======================================
