donderdag 2 juli 2020 12:09:12 - READING XML File :  \\balgroupit.com\appl_data\BBE\Transfer\Packages\Scripts\WSUS\Dcorp\Dcorp_Start_All.xml
donderdag 2 juli 2020 12:09:12 - 
donderdag 2 juli 2020 12:09:13 - ================================svw-be-dmsd01.balgroupit.com======================================
donderdag 2 juli 2020 12:09:13 - Commandline		: DisableWSUSReboot ""
donderdag 2 juli 2020 12:09:13 - Commandline		: StartService "Execute360 Route Engine"
donderdag 2 juli 2020 12:09:13 - Commandline		: StartService "Execute360 Index Manager"
donderdag 2 juli 2020 12:09:13 - Commandline		: StartService "Execute360 Transfer Manager"
donderdag 2 juli 2020 12:09:13 - Commandline		: StartService "Execute360 Rendezvous Manager"
donderdag 2 juli 2020 12:09:14 - Commandline		: StartService "Execute360 Location Manager"
donderdag 2 juli 2020 12:09:14 - Commandline		: StartService "Execute360 Object Manager"
donderdag 2 juli 2020 12:09:14 - Commandline		: StartService "Execute360 Security Manager"
donderdag 2 juli 2020 12:09:14 - ================================svw-be-dmsd01.balgroupit.com======================================
donderdag 2 juli 2020 12:09:14 - ================================svw-be-dmsd02.balgroupit.com======================================
donderdag 2 juli 2020 12:09:14 - Commandline		: DisableWSUSReboot ""
donderdag 2 juli 2020 12:09:14 - ================================svw-be-dmsd02.balgroupit.com======================================
donderdag 2 juli 2020 12:09:15 - ================================svw-be-bizd001.balgroupit.com======================================
donderdag 2 juli 2020 12:09:16 - Commandline		: DisableWSUSReboot ""
donderdag 2 juli 2020 12:09:16 - Commandline		: StartService "Mercator Managed File Transfer"
donderdag 2 juli 2020 12:09:16 - Commandline		: StartService "Mercator Esb Process Initializer"
donderdag 2 juli 2020 12:09:16 - ================================svw-be-bizd001.balgroupit.com======================================
donderdag 2 juli 2020 12:09:16 - ================================svw-be-bizd002.balgroupit.com======================================
donderdag 2 juli 2020 12:09:17 - Commandline		: DisableWSUSReboot ""
donderdag 2 juli 2020 12:09:17 - ================================svw-be-bizd002.balgroupit.com======================================
donderdag 2 juli 2020 12:09:18 - ================================svw-be-webfd001.balgroupit.com======================================
donderdag 2 juli 2020 12:09:18 - Commandline		: DisableWSUSReboot ""
donderdag 2 juli 2020 12:09:18 - Commandline		: StartService "World Wide Web Publishing Service"
donderdag 2 juli 2020 12:09:18 - Commandline		: StartWebsite "OnlineDocuments"
donderdag 2 juli 2020 12:09:18 - Commandline		: StartWebsite "MNet"
donderdag 2 juli 2020 12:09:19 - Commandline		: StartWebsite "MWebBvb"
donderdag 2 juli 2020 12:09:19 - Commandline		: StartAppPool "DefaultAppPool"
donderdag 2 juli 2020 12:09:19 - Commandline		: StartAppPool "ED"
donderdag 2 juli 2020 12:09:19 - Commandline		: StartAppPool "EmployeeBenefits"
donderdag 2 juli 2020 12:09:19 - Commandline		: StartAppPool "EtlLogViewer"
donderdag 2 juli 2020 12:09:19 - Commandline		: StartAppPool "LevenAansluitingsverklaring"
donderdag 2 juli 2020 12:09:19 - Commandline		: StartAppPool "LevenWijzigingsFormulier"
donderdag 2 juli 2020 12:09:19 - Commandline		: StartAppPool "MercatorNet.RMMain"
donderdag 2 juli 2020 12:09:19 - Commandline		: StartAppPool "MercatorNet.WSDeploy_3_0"
donderdag 2 juli 2020 12:09:19 - Commandline		: StartAppPool "MercatorNet.WSMain"
donderdag 2 juli 2020 12:09:19 - Commandline		: StartAppPool "MercatorNet.WSServices"
donderdag 2 juli 2020 12:09:20 - Commandline		: StartAppPool "MercatorNet.WSTariff"
donderdag 2 juli 2020 12:09:20 - Commandline		: StartAppPool "MercatorNetBroker.WSDeploy_3_0"
donderdag 2 juli 2020 12:09:20 - Commandline		: StartAppPool "MercatorNetBroker.WSMain"
donderdag 2 juli 2020 12:09:20 - Commandline		: StartAppPool "MercatorWebSite"
donderdag 2 juli 2020 12:09:20 - Commandline		: StartAppPool "MyBaloiseBroker"
donderdag 2 juli 2020 12:09:20 - Commandline		: StartAppPool "MyBaloiseInternal"
donderdag 2 juli 2020 12:09:20 - Commandline		: StartAppPool "MWebBvb"
donderdag 2 juli 2020 12:09:20 - Commandline		: StartAppPool "ScvWebService"
donderdag 2 juli 2020 12:09:20 - Commandline		: StartComPlus "Mercator.Framework.ActiveDirectory"
donderdag 2 juli 2020 12:09:21 - Commandline		: StartComPlus "Mercator.Framework.Document.Management.Global360"
donderdag 2 juli 2020 12:09:21 - ================================svw-be-webfd001.balgroupit.com======================================
donderdag 2 juli 2020 12:09:21 - ================================svw-be-webd03.balgroupit.com======================================
donderdag 2 juli 2020 12:09:22 - Commandline		: DisableWSUSReboot ""
donderdag 2 juli 2020 12:09:22 - Commandline		: StartService "World Wide Web Publishing Service"
donderdag 2 juli 2020 12:09:22 - Commandline		: StartAppPool "DefaultAppPool"
donderdag 2 juli 2020 12:09:22 - Commandline		: StartAppPool "MNet"
donderdag 2 juli 2020 12:09:22 - Commandline		: StartAppPool "BaloiseBackend"
donderdag 2 juli 2020 12:09:22 - Commandline		: StartAppPool "CDS"
donderdag 2 juli 2020 12:09:22 - Commandline		: StartAppPool "Mercator.EAI.Framework.WebServices"
donderdag 2 juli 2020 12:09:22 - Commandline		: StartAppPool "Mercator.Eai.Tools.Wsc"
donderdag 2 juli 2020 12:09:22 - Commandline		: StartAppPool "Mercator.Portima"
donderdag 2 juli 2020 12:09:22 - Commandline		: StartAppPool "Mercator.Portima.Monitoring"
donderdag 2 juli 2020 12:09:22 - Commandline		: StartAppPool "MercatorNet.BoServices"
donderdag 2 juli 2020 12:09:23 - Commandline		: StartAppPool "WSDms"
donderdag 2 juli 2020 12:09:23 - Commandline		: StartAppPool "WSDmsDataRepository"
donderdag 2 juli 2020 12:09:23 - Commandline		: StartWebsite "DmsDataRepository"
donderdag 2 juli 2020 12:09:23 - Commandline		: StartWebsite "MNet"
donderdag 2 juli 2020 12:09:23 - Commandline		: StartService "Steria's Dispatcher Service"
donderdag 2 juli 2020 12:09:23 - Commandline		: StartService "Baloise SyncTaskToDMS"
donderdag 2 juli 2020 12:09:23 - Commandline		: StartService "Mercator Document Delivery"
donderdag 2 juli 2020 12:09:23 - Commandline		: StartService "Mercator Document Generation"
donderdag 2 juli 2020 12:09:23 - Commandline		: StartService "Mercator Organization Data"
donderdag 2 juli 2020 12:09:23 - Commandline		: StartService "Mercator DMS Pdf Conversion Call"
donderdag 2 juli 2020 12:09:23 - Commandline		: StartService "Mercator Document Management System Service"
donderdag 2 juli 2020 12:09:23 - Commandline		: StartService "Mercator Document Management System Async Service"
donderdag 2 juli 2020 12:09:23 - Commandline		: StartService "Mercator Document Store"
donderdag 2 juli 2020 12:09:23 - Commandline		: StartService "Mercator Xpim Document Store"
donderdag 2 juli 2020 12:09:23 - Commandline		: StartService "Mercator DMS Import Portima Attachments"
donderdag 2 juli 2020 12:09:23 - Commandline		: StartService "Mercator DMS MailImport Service"
donderdag 2 juli 2020 12:09:23 - Commandline		: StartService "Mercator DMS Bulk Insert"
donderdag 2 juli 2020 12:09:23 - Commandline		: StartService "Baloise Central Data Store"
donderdag 2 juli 2020 12:09:24 - Commandline		: StartService "Baloise Backend"
donderdag 2 juli 2020 12:09:24 - Commandline		: StartService "MercatorNET SCV Batch Service"
donderdag 2 juli 2020 12:09:24 - Commandline		: StartService "BaloiseDmsBatchService"
donderdag 2 juli 2020 12:09:24 - Commandline		: StartService "Mercator.Integration.EAI.3.9.Listener"
donderdag 2 juli 2020 12:09:24 - ================================svw-be-webd03.balgroupit.com======================================
donderdag 2 juli 2020 12:09:24 - ================================svw-be-eaid01.balgroupit.com======================================
donderdag 2 juli 2020 12:09:25 - Commandline		: DisableWSUSReboot ""
donderdag 2 juli 2020 12:09:25 - Commandline		: StartService "mercator.eai.docservice"
donderdag 2 juli 2020 12:09:25 - Commandline		: StartProcess "dllhost.exe"
donderdag 2 juli 2020 12:09:25 - Commandline		: StartProcess "winword.exe"
donderdag 2 juli 2020 12:09:25 - ================================svw-be-eaid01.balgroupit.com======================================
donderdag 2 juli 2020 12:09:25 - ================================svw-be-babsd001.balgroupit.com======================================
donderdag 2 juli 2020 12:09:26 - Commandline		: DisableWSUSReboot ""
donderdag 2 juli 2020 12:09:26 - ================================svw-be-babsd001.balgroupit.com======================================
donderdag 2 juli 2020 12:09:26 - ================================svw-be-babbd001.balgroupit.com======================================
donderdag 2 juli 2020 12:09:26 - Commandline		: DisableWSUSReboot ""
donderdag 2 juli 2020 12:09:26 - Commandline		: StartService "Baloise BaloiseBackendBatch"
donderdag 2 juli 2020 12:09:26 - ================================svw-be-babbd001.balgroupit.com======================================
