zondag 16 augustus 2020 22:15:55 - READING XML File :  \\balgroupit.com\appl_data\BBE\Transfer\Packages\Scripts\WSUS\Dcorp\Dcorp_Start_All.xml
zondag 16 augustus 2020 22:15:55 - 
zondag 16 augustus 2020 22:15:56 - ================================svw-be-dmsd01.balgroupit.com======================================
zondag 16 augustus 2020 22:15:56 - Commandline		: DisableWSUSReboot ""
zondag 16 augustus 2020 22:15:56 - Commandline		: StartService "Execute360 Route Engine"
zondag 16 augustus 2020 22:15:56 - Commandline		: StartService "Execute360 Index Manager"
zondag 16 augustus 2020 22:15:56 - Commandline		: StartService "Execute360 Transfer Manager"
zondag 16 augustus 2020 22:15:56 - Commandline		: StartService "Execute360 Rendezvous Manager"
zondag 16 augustus 2020 22:15:56 - Commandline		: StartService "Execute360 Location Manager"
zondag 16 augustus 2020 22:15:56 - Commandline		: StartService "Execute360 Object Manager"
zondag 16 augustus 2020 22:15:56 - Commandline		: StartService "Execute360 Security Manager"
zondag 16 augustus 2020 22:15:56 - ================================svw-be-dmsd01.balgroupit.com======================================
zondag 16 augustus 2020 22:15:57 - ================================svw-be-dmsd02.balgroupit.com======================================
zondag 16 augustus 2020 22:15:58 - Commandline		: DisableWSUSReboot ""
zondag 16 augustus 2020 22:15:58 - ================================svw-be-dmsd02.balgroupit.com======================================
zondag 16 augustus 2020 22:15:58 - ================================svw-be-bizd001.balgroupit.com======================================
zondag 16 augustus 2020 22:15:59 - Commandline		: DisableWSUSReboot ""
zondag 16 augustus 2020 22:15:59 - Commandline		: StartService "Mercator Managed File Transfer"
zondag 16 augustus 2020 22:15:59 - Commandline		: StartService "Mercator Esb Process Initializer"
zondag 16 augustus 2020 22:15:59 - ================================svw-be-bizd001.balgroupit.com======================================
zondag 16 augustus 2020 22:15:59 - ================================svw-be-bizd002.balgroupit.com======================================
zondag 16 augustus 2020 22:16:00 - Commandline		: DisableWSUSReboot ""
zondag 16 augustus 2020 22:16:00 - ================================svw-be-bizd002.balgroupit.com======================================
zondag 16 augustus 2020 22:16:01 - ================================svw-be-webfd001.balgroupit.com======================================
zondag 16 augustus 2020 22:16:01 - Commandline		: DisableWSUSReboot ""
zondag 16 augustus 2020 22:16:01 - Commandline		: StartService "World Wide Web Publishing Service"
zondag 16 augustus 2020 22:16:01 - Commandline		: StartWebsite "OnlineDocuments"
zondag 16 augustus 2020 22:16:02 - Commandline		: StartWebsite "MNet"
zondag 16 augustus 2020 22:16:02 - Commandline		: StartWebsite "MWebBvb"
zondag 16 augustus 2020 22:16:02 - Commandline		: StartAppPool "DefaultAppPool"
zondag 16 augustus 2020 22:16:02 - Commandline		: StartAppPool "ED"
zondag 16 augustus 2020 22:16:02 - Commandline		: StartAppPool "EmployeeBenefits"
zondag 16 augustus 2020 22:16:02 - Commandline		: StartAppPool "EtlLogViewer"
zondag 16 augustus 2020 22:16:02 - Commandline		: StartAppPool "LevenAansluitingsverklaring"
zondag 16 augustus 2020 22:16:02 - Commandline		: StartAppPool "LevenWijzigingsFormulier"
zondag 16 augustus 2020 22:16:02 - Commandline		: StartAppPool "MercatorNet.RMMain"
zondag 16 augustus 2020 22:16:02 - Commandline		: StartAppPool "MercatorNet.WSDeploy_3_0"
zondag 16 augustus 2020 22:16:03 - Commandline		: StartAppPool "MercatorNet.WSMain"
zondag 16 augustus 2020 22:16:03 - Commandline		: StartAppPool "MercatorNet.WSServices"
zondag 16 augustus 2020 22:16:03 - Commandline		: StartAppPool "MercatorNet.WSTariff"
zondag 16 augustus 2020 22:16:03 - Commandline		: StartAppPool "MercatorNetBroker.WSDeploy_3_0"
zondag 16 augustus 2020 22:16:03 - Commandline		: StartAppPool "MercatorNetBroker.WSMain"
zondag 16 augustus 2020 22:16:03 - Commandline		: StartAppPool "MercatorWebSite"
zondag 16 augustus 2020 22:16:03 - Commandline		: StartAppPool "MyBaloiseBroker"
zondag 16 augustus 2020 22:16:03 - Commandline		: StartAppPool "MyBaloiseInternal"
zondag 16 augustus 2020 22:16:03 - Commandline		: StartAppPool "MWebBvb"
zondag 16 augustus 2020 22:16:03 - Commandline		: StartAppPool "ScvWebService"
zondag 16 augustus 2020 22:16:03 - Commandline		: StartComPlus "Mercator.Framework.ActiveDirectory"
zondag 16 augustus 2020 22:16:04 - Commandline		: StartComPlus "Mercator.Framework.Document.Management.Global360"
zondag 16 augustus 2020 22:16:05 - ================================svw-be-webfd001.balgroupit.com======================================
zondag 16 augustus 2020 22:16:06 - ================================svw-be-webd03.balgroupit.com======================================
zondag 16 augustus 2020 22:16:07 - Commandline		: DisableWSUSReboot ""
zondag 16 augustus 2020 22:16:07 - Commandline		: StartService "World Wide Web Publishing Service"
zondag 16 augustus 2020 22:16:07 - Commandline		: StartAppPool "DefaultAppPool"
zondag 16 augustus 2020 22:16:07 - Commandline		: StartAppPool "MNet"
zondag 16 augustus 2020 22:16:07 - Commandline		: StartAppPool "BaloiseBackend"
zondag 16 augustus 2020 22:16:07 - Commandline		: StartAppPool "CDS"
zondag 16 augustus 2020 22:16:07 - Commandline		: StartAppPool "Mercator.EAI.Framework.WebServices"
zondag 16 augustus 2020 22:16:07 - Commandline		: StartAppPool "Mercator.Eai.Tools.Wsc"
zondag 16 augustus 2020 22:16:08 - Commandline		: StartAppPool "Mercator.Portima"
zondag 16 augustus 2020 22:16:08 - Commandline		: StartAppPool "Mercator.Portima.Monitoring"
zondag 16 augustus 2020 22:16:08 - Commandline		: StartAppPool "MercatorNet.BoServices"
zondag 16 augustus 2020 22:16:08 - Commandline		: StartAppPool "WSDms"
zondag 16 augustus 2020 22:16:08 - Commandline		: StartAppPool "WSDmsDataRepository"
zondag 16 augustus 2020 22:16:08 - Commandline		: StartWebsite "DmsDataRepository"
zondag 16 augustus 2020 22:16:08 - Commandline		: StartWebsite "MNet"
zondag 16 augustus 2020 22:16:08 - Commandline		: StartService "Steria's Dispatcher Service"
zondag 16 augustus 2020 22:16:08 - Commandline		: StartService "Baloise SyncTaskToDMS"
zondag 16 augustus 2020 22:16:08 - Commandline		: StartService "Mercator Document Delivery"
zondag 16 augustus 2020 22:16:08 - Commandline		: StartService "Mercator Document Generation"
zondag 16 augustus 2020 22:16:08 - Commandline		: StartService "Mercator Organization Data"
zondag 16 augustus 2020 22:16:08 - Commandline		: StartService "Mercator DMS Pdf Conversion Call"
zondag 16 augustus 2020 22:16:08 - Commandline		: StartService "Mercator Document Management System Service"
zondag 16 augustus 2020 22:16:09 - Commandline		: StartService "Mercator Document Management System Async Service"
zondag 16 augustus 2020 22:16:09 - Commandline		: StartService "Mercator Document Store"
zondag 16 augustus 2020 22:16:09 - Commandline		: StartService "Mercator Xpim Document Store"
zondag 16 augustus 2020 22:16:09 - Commandline		: StartService "Mercator DMS Import Portima Attachments"
zondag 16 augustus 2020 22:16:09 - Commandline		: StartService "Mercator DMS MailImport Service"
zondag 16 augustus 2020 22:16:09 - Commandline		: StartService "Mercator DMS Bulk Insert"
zondag 16 augustus 2020 22:16:09 - Commandline		: StartService "Baloise Central Data Store"
zondag 16 augustus 2020 22:16:09 - Commandline		: StartService "Baloise Backend"
zondag 16 augustus 2020 22:16:09 - Commandline		: StartService "MercatorNET SCV Batch Service"
zondag 16 augustus 2020 22:16:09 - Commandline		: StartService "BaloiseDmsBatchService"
zondag 16 augustus 2020 22:16:09 - Commandline		: StartService "Mercator.Integration.EAI.3.9.Listener"
zondag 16 augustus 2020 22:16:09 - ================================svw-be-webd03.balgroupit.com======================================
zondag 16 augustus 2020 22:16:10 - ================================svw-be-eaid01.balgroupit.com======================================
zondag 16 augustus 2020 22:16:11 - Commandline		: DisableWSUSReboot ""
zondag 16 augustus 2020 22:16:11 - Commandline		: StartService "mercator.eai.docservice"
zondag 16 augustus 2020 22:16:11 - Commandline		: StartProcess "dllhost.exe"
zondag 16 augustus 2020 22:16:11 - Commandline		: StartProcess "winword.exe"
zondag 16 augustus 2020 22:16:11 - ================================svw-be-eaid01.balgroupit.com======================================
zondag 16 augustus 2020 22:16:11 - ================================svw-be-babsd001.balgroupit.com======================================
zondag 16 augustus 2020 22:16:17 - Commandline		: DisableWSUSReboot ""
zondag 16 augustus 2020 22:16:17 - ================================svw-be-babsd001.balgroupit.com======================================
zondag 16 augustus 2020 22:16:17 - ================================svw-be-babbd001.balgroupit.com======================================
zondag 16 augustus 2020 22:16:18 - Commandline		: DisableWSUSReboot ""
zondag 16 augustus 2020 22:16:18 - Commandline		: StartService "Baloise BaloiseBackendBatch"
zondag 16 augustus 2020 22:16:22 - ================================svw-be-babbd001.balgroupit.com======================================
