zondag 17 oktober 2021 22:16:06 - READING XML File :  \\balgroupit.com\appl_data\BBE\Transfer\Packages\Scripts\WSUS\Dcorp\Dcorp_Start_All.xml
zondag 17 oktober 2021 22:16:06 - 
zondag 17 oktober 2021 22:16:07 - ================================svw-be-dmsd01.balgroupit.com======================================
zondag 17 oktober 2021 22:16:12 - Commandline		: DisableWSUSReboot ""
zondag 17 oktober 2021 22:16:12 - Commandline		: StartService "Execute360 Route Engine"
zondag 17 oktober 2021 22:16:21 - Commandline		: StartService "Execute360 Index Manager"
zondag 17 oktober 2021 22:16:21 - Commandline		: StartService "Execute360 Transfer Manager"
zondag 17 oktober 2021 22:16:22 - Commandline		: StartService "Execute360 Rendezvous Manager"
zondag 17 oktober 2021 22:16:23 - Commandline		: StartService "Execute360 Location Manager"
zondag 17 oktober 2021 22:16:25 - Commandline		: StartService "Execute360 Object Manager"
zondag 17 oktober 2021 22:16:28 - Commandline		: StartService "Execute360 Security Manager"
zondag 17 oktober 2021 22:16:29 - ================================svw-be-dmsd01.balgroupit.com======================================
zondag 17 oktober 2021 22:16:30 - ================================svw-be-dmsd02.balgroupit.com======================================
zondag 17 oktober 2021 22:16:33 - Commandline		: DisableWSUSReboot ""
zondag 17 oktober 2021 22:16:33 - ================================svw-be-dmsd02.balgroupit.com======================================
zondag 17 oktober 2021 22:16:34 - ================================svw-be-bizd001.balgroupit.com======================================
zondag 17 oktober 2021 22:16:40 - Commandline		: DisableWSUSReboot ""
zondag 17 oktober 2021 22:16:40 - Commandline		: StartService "Mercator Managed File Transfer"
zondag 17 oktober 2021 22:16:45 - Commandline		: StartService "Mercator Esb Process Initializer"
zondag 17 oktober 2021 22:16:46 - ================================svw-be-bizd001.balgroupit.com======================================
zondag 17 oktober 2021 22:16:46 - ================================svw-be-bizd002.balgroupit.com======================================
zondag 17 oktober 2021 22:16:52 - Commandline		: DisableWSUSReboot ""
zondag 17 oktober 2021 22:16:52 - ================================svw-be-bizd002.balgroupit.com======================================
zondag 17 oktober 2021 22:16:53 - ================================svw-be-webfd001.balgroupit.com======================================
zondag 17 oktober 2021 22:16:55 - Commandline		: DisableWSUSReboot ""
zondag 17 oktober 2021 22:16:55 - Commandline		: StartService "World Wide Web Publishing Service"
zondag 17 oktober 2021 22:16:55 - Commandline		: StartWebsite "OnlineDocuments"
zondag 17 oktober 2021 22:16:56 - Commandline		: StartWebsite "MNet"
zondag 17 oktober 2021 22:16:56 - Commandline		: StartWebsite "MWebBvb"
zondag 17 oktober 2021 22:16:56 - Commandline		: StartAppPool "DefaultAppPool"
zondag 17 oktober 2021 22:16:56 - Commandline		: StartAppPool "ED"
zondag 17 oktober 2021 22:16:56 - Commandline		: StartAppPool "EmployeeBenefits"
zondag 17 oktober 2021 22:16:57 - Commandline		: StartAppPool "EtlLogViewer"
zondag 17 oktober 2021 22:16:57 - Commandline		: StartAppPool "LevenAansluitingsverklaring"
zondag 17 oktober 2021 22:16:57 - Commandline		: StartAppPool "LevenWijzigingsFormulier"
zondag 17 oktober 2021 22:16:57 - Commandline		: StartAppPool "MercatorNet.RMMain"
zondag 17 oktober 2021 22:16:58 - Commandline		: StartAppPool "MercatorNet.WSDeploy_3_0"
zondag 17 oktober 2021 22:16:58 - Commandline		: StartAppPool "MercatorNet.WSMain"
zondag 17 oktober 2021 22:16:58 - Commandline		: StartAppPool "MercatorNet.WSServices"
zondag 17 oktober 2021 22:16:58 - Commandline		: StartAppPool "MercatorNet.WSTariff"
zondag 17 oktober 2021 22:16:59 - Commandline		: StartAppPool "MercatorNetBroker.WSDeploy_3_0"
zondag 17 oktober 2021 22:16:59 - Commandline		: StartAppPool "MercatorNetBroker.WSMain"
zondag 17 oktober 2021 22:17:02 - Commandline		: StartAppPool "MercatorWebSite"
zondag 17 oktober 2021 22:17:03 - Commandline		: StartAppPool "MyBaloiseBroker"
zondag 17 oktober 2021 22:17:03 - Commandline		: StartAppPool "MyBaloiseInternal"
zondag 17 oktober 2021 22:17:04 - Commandline		: StartAppPool "MWebBvb"
zondag 17 oktober 2021 22:17:04 - Commandline		: StartAppPool "ScvWebService"
zondag 17 oktober 2021 22:17:04 - Commandline		: StartComPlus "Mercator.Framework.ActiveDirectory"
zondag 17 oktober 2021 22:17:05 - Commandline		: StartComPlus "Mercator.Framework.Document.Management.Global360"
zondag 17 oktober 2021 22:17:06 - ================================svw-be-webfd001.balgroupit.com======================================
zondag 17 oktober 2021 22:17:07 - ================================svw-be-webd03.balgroupit.com======================================
zondag 17 oktober 2021 22:17:10 - Commandline		: DisableWSUSReboot ""
zondag 17 oktober 2021 22:17:10 - Commandline		: StartService "World Wide Web Publishing Service"
zondag 17 oktober 2021 22:17:10 - Commandline		: StartAppPool "DefaultAppPool"
zondag 17 oktober 2021 22:17:11 - Commandline		: StartAppPool "MNet"
zondag 17 oktober 2021 22:17:11 - Commandline		: StartAppPool "BaloiseBackend"
zondag 17 oktober 2021 22:17:12 - Commandline		: StartAppPool "CDS"
zondag 17 oktober 2021 22:17:12 - Commandline		: StartAppPool "Mercator.EAI.Framework.WebServices"
zondag 17 oktober 2021 22:17:12 - Commandline		: StartAppPool "Mercator.Eai.Tools.Wsc"
zondag 17 oktober 2021 22:17:13 - Commandline		: StartAppPool "Mercator.Portima"
zondag 17 oktober 2021 22:17:13 - Commandline		: StartAppPool "Mercator.Portima.Monitoring"
zondag 17 oktober 2021 22:17:13 - Commandline		: StartAppPool "MercatorNet.BoServices"
zondag 17 oktober 2021 22:17:14 - Commandline		: StartAppPool "WSDms"
zondag 17 oktober 2021 22:17:14 - Commandline		: StartAppPool "WSDmsDataRepository"
zondag 17 oktober 2021 22:17:15 - Commandline		: StartWebsite "DmsDataRepository"
zondag 17 oktober 2021 22:17:15 - Commandline		: StartWebsite "MNet"
zondag 17 oktober 2021 22:17:15 - Commandline		: StartService "Steria's Dispatcher Service"
zondag 17 oktober 2021 22:17:16 - Commandline		: StartService "Baloise SyncTaskToDMS"
zondag 17 oktober 2021 22:17:48 - Commandline		: StartService "Mercator Document Delivery"
zondag 17 oktober 2021 22:17:49 - Commandline		: StartService "Mercator Document Generation"
zondag 17 oktober 2021 22:17:50 - Commandline		: StartService "Mercator Organization Data"
zondag 17 oktober 2021 22:17:50 - Commandline		: StartService "Mercator DMS Pdf Conversion Call"
zondag 17 oktober 2021 22:18:23 - Commandline		: StartService "Mercator Document Management System Service"
zondag 17 oktober 2021 22:18:24 - Commandline		: StartService "Mercator Document Management System Async Service"
zondag 17 oktober 2021 22:18:55 - Commandline		: StartService "Mercator Document Store"
zondag 17 oktober 2021 22:18:55 - Commandline		: StartService "Mercator Xpim Document Store"
zondag 17 oktober 2021 22:18:55 - Commandline		: StartService "Mercator DMS Import Portima Attachments"
zondag 17 oktober 2021 22:18:56 - Commandline		: StartService "Mercator DMS MailImport Service"
zondag 17 oktober 2021 22:18:57 - Commandline		: StartService "Mercator DMS Bulk Insert"
zondag 17 oktober 2021 22:18:58 - Commandline		: StartService "Baloise Central Data Store"
zondag 17 oktober 2021 22:18:58 - Commandline		: StartService "Baloise Backend"
zondag 17 oktober 2021 22:18:58 - Commandline		: StartService "MercatorNET SCV Batch Service"
zondag 17 oktober 2021 22:19:04 - Commandline		: StartService "BaloiseDmsBatchService"
zondag 17 oktober 2021 22:19:06 - Commandline		: StartService "Mercator.Integration.EAI.3.9.Listener"
zondag 17 oktober 2021 22:19:06 - ================================svw-be-webd03.balgroupit.com======================================
zondag 17 oktober 2021 22:19:06 - ================================svw-be-eaid01.balgroupit.com======================================
zondag 17 oktober 2021 22:19:07 - Commandline		: DisableWSUSReboot ""
zondag 17 oktober 2021 22:19:07 - Commandline		: StartService "mercator.eai.docservice"
zondag 17 oktober 2021 22:19:09 - Commandline		: StartProcess "dllhost.exe"
zondag 17 oktober 2021 22:19:09 - Commandline		: StartProcess "winword.exe"
zondag 17 oktober 2021 22:19:10 - ================================svw-be-eaid01.balgroupit.com======================================
zondag 17 oktober 2021 22:19:10 - ================================svw-be-babsd001.balgroupit.com======================================
zondag 17 oktober 2021 22:19:13 - Commandline		: DisableWSUSReboot ""
zondag 17 oktober 2021 22:19:13 - ================================svw-be-babsd001.balgroupit.com======================================
zondag 17 oktober 2021 22:19:13 - ================================svw-be-babbd001.balgroupit.com======================================
zondag 17 oktober 2021 22:19:14 - Commandline		: DisableWSUSReboot ""
zondag 17 oktober 2021 22:19:14 - Commandline		: StartService "Baloise BaloiseBackendBatch"
zondag 17 oktober 2021 22:19:17 - ================================svw-be-babbd001.balgroupit.com======================================
zondag 17 oktober 2021 22:19:17 - ================================svw-be-testp001.balgroupit.com======================================
zondag 17 oktober 2021 22:19:18 -  svw-be-testp001.balgroupit.com remote session could not be created.
zondag 17 oktober 2021 22:19:18 - ================================svw-be-testp001.balgroupit.com======================================
zondag 17 oktober 2021 22:19:18 - ================================svw-be-testp002.balgroupit.com======================================
zondag 17 oktober 2021 22:19:18 -  svw-be-testp002.balgroupit.com remote session could not be created.
zondag 17 oktober 2021 22:19:18 - ================================svw-be-testp002.balgroupit.com======================================
