zondag 18 april 2021 22:16:46 - READING XML File :  \\balgroupit.com\appl_data\BBE\Transfer\Packages\Scripts\WSUS\Dcorp\Dcorp_Start_All.xml
zondag 18 april 2021 22:16:46 - 
zondag 18 april 2021 22:16:47 - ================================svw-be-dmsd01.balgroupit.com======================================
zondag 18 april 2021 22:16:52 - Commandline		: DisableWSUSReboot ""
zondag 18 april 2021 22:16:52 - Commandline		: StartService "Execute360 Route Engine"
zondag 18 april 2021 22:17:00 - Commandline		: StartService "Execute360 Index Manager"
zondag 18 april 2021 22:17:01 - Commandline		: StartService "Execute360 Transfer Manager"
zondag 18 april 2021 22:17:01 - Commandline		: StartService "Execute360 Rendezvous Manager"
zondag 18 april 2021 22:17:02 - Commandline		: StartService "Execute360 Location Manager"
zondag 18 april 2021 22:17:04 - Commandline		: StartService "Execute360 Object Manager"
zondag 18 april 2021 22:17:11 - Commandline		: StartService "Execute360 Security Manager"
zondag 18 april 2021 22:17:12 - ================================svw-be-dmsd01.balgroupit.com======================================
zondag 18 april 2021 22:17:12 - ================================svw-be-dmsd02.balgroupit.com======================================
zondag 18 april 2021 22:17:16 - Commandline		: DisableWSUSReboot ""
zondag 18 april 2021 22:17:16 - ================================svw-be-dmsd02.balgroupit.com======================================
zondag 18 april 2021 22:17:16 - ================================svw-be-bizd001.balgroupit.com======================================
zondag 18 april 2021 22:17:17 - Commandline		: DisableWSUSReboot ""
zondag 18 april 2021 22:17:17 - Commandline		: StartService "Mercator Managed File Transfer"
zondag 18 april 2021 22:17:17 - Commandline		: StartService "Mercator Esb Process Initializer"
zondag 18 april 2021 22:17:17 - ================================svw-be-bizd001.balgroupit.com======================================
zondag 18 april 2021 22:17:19 - ================================svw-be-bizd002.balgroupit.com======================================
zondag 18 april 2021 22:17:25 - Commandline		: DisableWSUSReboot ""
zondag 18 april 2021 22:17:25 - ================================svw-be-bizd002.balgroupit.com======================================
zondag 18 april 2021 22:17:25 - ================================svw-be-webfd001.balgroupit.com======================================
zondag 18 april 2021 22:17:27 - Commandline		: DisableWSUSReboot ""
zondag 18 april 2021 22:17:28 - Commandline		: StartService "World Wide Web Publishing Service"
zondag 18 april 2021 22:17:28 - Commandline		: StartWebsite "OnlineDocuments"
zondag 18 april 2021 22:17:28 - Commandline		: StartWebsite "MNet"
zondag 18 april 2021 22:17:28 - Commandline		: StartWebsite "MWebBvb"
zondag 18 april 2021 22:17:28 - Commandline		: StartAppPool "DefaultAppPool"
zondag 18 april 2021 22:17:28 - Commandline		: StartAppPool "ED"
zondag 18 april 2021 22:17:28 - Commandline		: StartAppPool "EmployeeBenefits"
zondag 18 april 2021 22:17:28 - Commandline		: StartAppPool "EtlLogViewer"
zondag 18 april 2021 22:17:28 - Commandline		: StartAppPool "LevenAansluitingsverklaring"
zondag 18 april 2021 22:17:28 - Commandline		: StartAppPool "LevenWijzigingsFormulier"
zondag 18 april 2021 22:17:29 - Commandline		: StartAppPool "MercatorNet.RMMain"
zondag 18 april 2021 22:17:29 - Commandline		: StartAppPool "MercatorNet.WSDeploy_3_0"
zondag 18 april 2021 22:17:29 - Commandline		: StartAppPool "MercatorNet.WSMain"
zondag 18 april 2021 22:17:29 - Commandline		: StartAppPool "MercatorNet.WSServices"
zondag 18 april 2021 22:17:29 - Commandline		: StartAppPool "MercatorNet.WSTariff"
zondag 18 april 2021 22:17:29 - Commandline		: StartAppPool "MercatorNetBroker.WSDeploy_3_0"
zondag 18 april 2021 22:17:29 - Commandline		: StartAppPool "MercatorNetBroker.WSMain"
zondag 18 april 2021 22:17:29 - Commandline		: StartAppPool "MercatorWebSite"
zondag 18 april 2021 22:17:29 - Commandline		: StartAppPool "MyBaloiseBroker"
zondag 18 april 2021 22:17:29 - Commandline		: StartAppPool "MyBaloiseInternal"
zondag 18 april 2021 22:17:29 - Commandline		: StartAppPool "MWebBvb"
zondag 18 april 2021 22:17:29 - Commandline		: StartAppPool "ScvWebService"
zondag 18 april 2021 22:17:29 - Commandline		: StartComPlus "Mercator.Framework.ActiveDirectory"
zondag 18 april 2021 22:17:30 - Commandline		: StartComPlus "Mercator.Framework.Document.Management.Global360"
zondag 18 april 2021 22:17:31 - ================================svw-be-webfd001.balgroupit.com======================================
zondag 18 april 2021 22:17:31 - ================================svw-be-webd03.balgroupit.com======================================
zondag 18 april 2021 22:17:34 - Commandline		: DisableWSUSReboot ""
zondag 18 april 2021 22:17:34 - Commandline		: StartService "World Wide Web Publishing Service"
zondag 18 april 2021 22:17:34 - Commandline		: StartAppPool "DefaultAppPool"
zondag 18 april 2021 22:17:34 - Commandline		: StartAppPool "MNet"
zondag 18 april 2021 22:17:34 - Commandline		: StartAppPool "BaloiseBackend"
zondag 18 april 2021 22:17:34 - Commandline		: StartAppPool "CDS"
zondag 18 april 2021 22:17:34 - Commandline		: StartAppPool "Mercator.EAI.Framework.WebServices"
zondag 18 april 2021 22:17:34 - Commandline		: StartAppPool "Mercator.Eai.Tools.Wsc"
zondag 18 april 2021 22:17:34 - Commandline		: StartAppPool "Mercator.Portima"
zondag 18 april 2021 22:17:34 - Commandline		: StartAppPool "Mercator.Portima.Monitoring"
zondag 18 april 2021 22:17:34 - Commandline		: StartAppPool "MercatorNet.BoServices"
zondag 18 april 2021 22:17:35 - Commandline		: StartAppPool "WSDms"
zondag 18 april 2021 22:17:35 - Commandline		: StartAppPool "WSDmsDataRepository"
zondag 18 april 2021 22:17:35 - Commandline		: StartWebsite "DmsDataRepository"
zondag 18 april 2021 22:17:35 - Commandline		: StartWebsite "MNet"
zondag 18 april 2021 22:17:35 - Commandline		: StartService "Steria's Dispatcher Service"
zondag 18 april 2021 22:17:35 - Commandline		: StartService "Baloise SyncTaskToDMS"
zondag 18 april 2021 22:18:09 - Commandline		: StartService "Mercator Document Delivery"
zondag 18 april 2021 22:18:12 - Commandline		: StartService "Mercator Document Generation"
zondag 18 april 2021 22:18:13 - Commandline		: StartService "Mercator Organization Data"
zondag 18 april 2021 22:18:13 - Commandline		: StartService "Mercator DMS Pdf Conversion Call"
zondag 18 april 2021 22:18:47 - Commandline		: StartService "Mercator Document Management System Service"
zondag 18 april 2021 22:18:48 - Commandline		: StartService "Mercator Document Management System Async Service"
zondag 18 april 2021 22:19:19 - Commandline		: StartService "Mercator Document Store"
zondag 18 april 2021 22:19:19 - Commandline		: StartService "Mercator Xpim Document Store"
zondag 18 april 2021 22:19:19 - Commandline		: StartService "Mercator DMS Import Portima Attachments"
zondag 18 april 2021 22:19:20 - Commandline		: StartService "Mercator DMS MailImport Service"
zondag 18 april 2021 22:19:21 - Commandline		: StartService "Mercator DMS Bulk Insert"
zondag 18 april 2021 22:19:21 - Commandline		: StartService "Baloise Central Data Store"
zondag 18 april 2021 22:19:21 - Commandline		: StartService "Baloise Backend"
zondag 18 april 2021 22:19:21 - Commandline		: StartService "MercatorNET SCV Batch Service"
zondag 18 april 2021 22:19:27 - Commandline		: StartService "BaloiseDmsBatchService"
zondag 18 april 2021 22:19:28 - Commandline		: StartService "Mercator.Integration.EAI.3.9.Listener"
zondag 18 april 2021 22:19:28 - ================================svw-be-webd03.balgroupit.com======================================
zondag 18 april 2021 22:19:30 - ================================svw-be-eaid01.balgroupit.com======================================
zondag 18 april 2021 22:19:31 - Commandline		: DisableWSUSReboot ""
zondag 18 april 2021 22:19:31 - Commandline		: StartService "mercator.eai.docservice"
zondag 18 april 2021 22:19:31 - Commandline		: StartProcess "dllhost.exe"
zondag 18 april 2021 22:19:31 - Commandline		: StartProcess "winword.exe"
zondag 18 april 2021 22:19:31 - ================================svw-be-eaid01.balgroupit.com======================================
zondag 18 april 2021 22:19:32 - ================================svw-be-babsd001.balgroupit.com======================================
zondag 18 april 2021 22:19:32 - Commandline		: DisableWSUSReboot ""
zondag 18 april 2021 22:19:32 - ================================svw-be-babsd001.balgroupit.com======================================
zondag 18 april 2021 22:19:33 - ================================svw-be-babbd001.balgroupit.com======================================
zondag 18 april 2021 22:19:33 - Commandline		: DisableWSUSReboot ""
zondag 18 april 2021 22:19:33 - Commandline		: StartService "Baloise BaloiseBackendBatch"
zondag 18 april 2021 22:19:37 - ================================svw-be-babbd001.balgroupit.com======================================
