zondag 16 augustus 2020 20:00:40 - READING XML File :  \\balgroupit.com\appl_data\BBE\Transfer\Packages\Scripts\WSUS\Dcorp\Dcorp_Stop_All.xml
zondag 16 augustus 2020 20:00:41 - 
zondag 16 augustus 2020 20:00:42 - ================================svw-be-webd03.balgroupit.com======================================
zondag 16 augustus 2020 20:00:49 - Commandline		: StopWebsite "DmsDataRepository"
zondag 16 augustus 2020 20:00:49 - Commandline		: StopWebsite "MNet"
zondag 16 augustus 2020 20:00:49 - Commandline		: StopAppPool "DefaultAppPool"
zondag 16 augustus 2020 20:00:50 - Commandline		: StopAppPool "WSDMS"
zondag 16 augustus 2020 20:00:50 - Commandline		: StopAppPool "WSDmsDataRepository"
zondag 16 augustus 2020 20:00:50 - Commandline		: StopAppPool "BaloiseBackend"
zondag 16 augustus 2020 20:00:50 - Commandline		: StopAppPool "CDS"
zondag 16 augustus 2020 20:00:50 - Commandline		: StopAppPool "MercatorNet.BoServices"
zondag 16 augustus 2020 20:00:50 - Commandline		: StopAppPool "Mercator.Portima.Monitoring"
zondag 16 augustus 2020 20:00:50 - Commandline		: StopAppPool "Mercator.Portima"
zondag 16 augustus 2020 20:00:50 - Commandline		: StopAppPool "Mercator.Eai.Tools.Wsc"
zondag 16 augustus 2020 20:00:50 - Commandline		: StopAppPool "MNet"
zondag 16 augustus 2020 20:00:50 - Commandline		: StopAppPool "Mercator.EAI.Framework.WebServices"
zondag 16 augustus 2020 20:00:50 - Commandline		: StopService "World Wide Web Publishing Service"
zondag 16 augustus 2020 20:00:50 - Commandline		: StopService "Baloise Backend"
zondag 16 augustus 2020 20:00:50 - Commandline		: StopService "Baloise Central Data Store"
zondag 16 augustus 2020 20:00:50 - Commandline		: StopService "Mercator DMS Bulk Insert"
zondag 16 augustus 2020 20:00:51 - Commandline		: StopService "Mercator DMS Import Portima Attachments"
zondag 16 augustus 2020 20:00:51 - Commandline		: StopService "Mercator DMS MailImport Service"
zondag 16 augustus 2020 20:00:51 - Commandline		: StopService "Mercator Xpim Document Store"
zondag 16 augustus 2020 20:00:51 - Commandline		: StopService "Mercator Document Store"
zondag 16 augustus 2020 20:00:51 - Commandline		: StopService "BaloiseDmsBatchService"
zondag 16 augustus 2020 20:00:52 - Commandline		: StopService "Baloise SyncTaskToDMS"
zondag 16 augustus 2020 20:00:52 - Commandline		: StopService "Mercator Document Management System Service"
zondag 16 augustus 2020 20:00:52 - Commandline		: StopService "Mercator Document Management System Async Service"
zondag 16 augustus 2020 20:00:53 - Commandline		: StopService "Mercator DMS Pdf Conversion Call"
zondag 16 augustus 2020 20:00:53 - Commandline		: StopService "MercatorNET SCV Batch Service"
zondag 16 augustus 2020 20:00:53 - Commandline		: StopService "Mercator Organization Data"
zondag 16 augustus 2020 20:00:54 - Commandline		: StopService "Mercator Document Generation"
zondag 16 augustus 2020 20:00:54 - Commandline		: StopService "Mercator Document Delivery"
zondag 16 augustus 2020 20:00:54 - Commandline		: StopService "Steria's Dispatcher Service"
zondag 16 augustus 2020 20:00:54 - Commandline		: StopService "Mercator.Integration.EAI.3.9.Listener"
zondag 16 augustus 2020 20:00:54 - Commandline		: StopComPlus "Mercator.Framework.ActiveDirectory"
zondag 16 augustus 2020 20:00:55 - Commandline		: StopComPlus "Mercator.EAI.3.9.Components"
zondag 16 augustus 2020 20:00:55 - Commandline		: StopComPlus "Mercator.Framework.Document.Management.Global360"
zondag 16 augustus 2020 20:00:55 - Commandline		: RemoveDirectory "C:\WINDOWS\Microsoft.NET\Framework\v4.0.30319\Temporary ASP.NET Files\cds"
zondag 16 augustus 2020 20:00:55 - Commandline		: RemoveDirectory "C:\WINDOWS\Microsoft.NET\Framework\v2.0.50727\Temporary ASP.NET Files\mercatornet.boservices"
zondag 16 augustus 2020 20:00:55 - Commandline		: RemoveDirectory "C:\WINDOWS\Microsoft.NET\Framework\v2.0.50727\Temporary ASP.NET Files\mercator.eai.framework.webservices"
zondag 16 augustus 2020 20:00:55 - Commandline		: RemoveDirectory "C:\WINDOWS\Microsoft.NET\Framework\v2.0.50727\Temporary ASP.NET Files\mercator.eai.tools.wsc"
zondag 16 augustus 2020 20:00:55 - Commandline		: RemoveDirectory "C:\WINDOWS\Microsoft.NET\Framework\v2.0.50727\Temporary ASP.NET Files\Mercator.Portima.Monitoring"
zondag 16 augustus 2020 20:00:55 - Commandline		: RemoveDirectory "C:\WINDOWS\Microsoft.NET\Framework\v2.0.50727\Temporary ASP.NET Files\Mercator.Portima"
zondag 16 augustus 2020 20:00:55 - Commandline		: RemoveDirectory "C:\WINDOWS\Microsoft.NET\Framework\v2.0.50727\Temporary ASP.NET Files\WSDMS"
zondag 16 augustus 2020 20:00:55 - Commandline		: RemoveDirectory "C:\WINDOWS\Microsoft.NET\Framework\v2.0.50727\Temporary ASP.NET Files\wsdmsdatarepository"
zondag 16 augustus 2020 20:00:55 - Commandline		: EnableWSUSReboot ""
zondag 16 augustus 2020 20:00:55 - ================================svw-be-webd03.balgroupit.com======================================
zondag 16 augustus 2020 20:00:56 - ================================svw-be-bizd001.balgroupit.com======================================
zondag 16 augustus 2020 20:01:04 - Commandline		: StopService "Mercator Managed File Transfer"
zondag 16 augustus 2020 20:01:04 - Commandline		: StopService "Mercator Esb Process Initializer"
zondag 16 augustus 2020 20:01:04 - Commandline		: EnableWSUSReboot ""
zondag 16 augustus 2020 20:01:04 - ================================svw-be-bizd001.balgroupit.com======================================
zondag 16 augustus 2020 20:01:05 - ================================svw-be-bizd002.balgroupit.com======================================
zondag 16 augustus 2020 20:01:13 - Commandline		: EnableWSUSReboot ""
zondag 16 augustus 2020 20:01:13 - ================================svw-be-bizd002.balgroupit.com======================================
zondag 16 augustus 2020 20:01:14 - ================================svw-be-webfd001.balgroupit.com======================================
zondag 16 augustus 2020 20:01:21 - Commandline		: StopAppPool "DefaultAppPool"
zondag 16 augustus 2020 20:01:22 - Commandline		: StopAppPool "ED"
zondag 16 augustus 2020 20:01:22 - Commandline		: StopAppPool "EmployeeBenefits"
zondag 16 augustus 2020 20:01:22 - Commandline		: StopAppPool "EtlLogViewer"
zondag 16 augustus 2020 20:01:22 - Commandline		: StopAppPool "LevenAansluitingsverklaring"
zondag 16 augustus 2020 20:01:22 - Commandline		: StopAppPool "LevenWijzigingsFormulier"
zondag 16 augustus 2020 20:01:22 - Commandline		: StopAppPool "MercatorNet.RMMain"
zondag 16 augustus 2020 20:01:22 - Commandline		: StopAppPool "MercatorNet.WSDeploy_3_0"
zondag 16 augustus 2020 20:01:22 - Commandline		: StopAppPool "MercatorNet.WSMain"
zondag 16 augustus 2020 20:01:22 - Commandline		: StopAppPool "MercatorNet.WSServices"
zondag 16 augustus 2020 20:01:22 - Commandline		: StopAppPool "MercatorNet.WSTariff"
zondag 16 augustus 2020 20:01:23 - Commandline		: StopAppPool "MercatorNetBroker.WSDeploy_3_0"
zondag 16 augustus 2020 20:01:23 - Commandline		: StopAppPool "MercatorNetBroker.WSMain"
zondag 16 augustus 2020 20:01:23 - Commandline		: StopAppPool "MercatorWebSite"
zondag 16 augustus 2020 20:01:23 - Commandline		: StopAppPool "MyBaloiseBroker"
zondag 16 augustus 2020 20:01:23 - Commandline		: StopAppPool "MyBaloiseInternal"
zondag 16 augustus 2020 20:01:23 - Commandline		: StopAppPool "MWebBvb"
zondag 16 augustus 2020 20:01:23 - Commandline		: StopAppPool "ScvWebService"
zondag 16 augustus 2020 20:01:23 - Commandline		: StopWebsite "OnlineDocuments"
zondag 16 augustus 2020 20:01:23 - Commandline		: StopWebsite "MNet"
zondag 16 augustus 2020 20:01:23 - Commandline		: StopWebsite "MWebBvb"
zondag 16 augustus 2020 20:01:23 - Commandline		: StopService "World Wide Web Publishing Service"
zondag 16 augustus 2020 20:01:23 - Commandline		: StopComPlus "Mercator.Framework.ActiveDirectory"
zondag 16 augustus 2020 20:01:24 - Commandline		: StopComPlus "Mercator.Framework.Document.Management.Global360"
zondag 16 augustus 2020 20:01:24 - Commandline		: RemoveDirectory "C:\WINDOWS\Microsoft.NET\Framework\v2.0.50727\Temporary ASP.NET Files\levenaansluitingsverklaring"
zondag 16 augustus 2020 20:01:24 - Commandline		: RemoveDirectory "C:\WINDOWS\Microsoft.NET\Framework\v2.0.50727\Temporary ASP.NET Files\levenwijzigingsformulier"
zondag 16 augustus 2020 20:01:24 - Commandline		: RemoveDirectory "C:\WINDOWS\Microsoft.NET\Framework\v2.0.50727\Temporary ASP.NET Files\ed"
zondag 16 augustus 2020 20:01:24 - Commandline		: RemoveDirectory "C:\WINDOWS\Microsoft.NET\Framework\v2.0.50727\Temporary ASP.NET Files\mercatornet.rmmain"
zondag 16 augustus 2020 20:01:24 - Commandline		: RemoveDirectory "C:\WINDOWS\Microsoft.NET\Framework\v2.0.50727\Temporary ASP.NET Files\mercatornet.wsdeploy_3_0"
zondag 16 augustus 2020 20:01:24 - Commandline		: RemoveDirectory "C:\WINDOWS\Microsoft.NET\Framework\v2.0.50727\Temporary ASP.NET Files\mercatornet.wsmain"
zondag 16 augustus 2020 20:01:24 - Commandline		: RemoveDirectory "C:\WINDOWS\Microsoft.NET\Framework\v2.0.50727\Temporary ASP.NET Files\mercatornet.wsservices"
zondag 16 augustus 2020 20:01:24 - Commandline		: RemoveDirectory "C:\WINDOWS\Microsoft.NET\Framework\v2.0.50727\Temporary ASP.NET Files\mercatornet.wstariff"
zondag 16 augustus 2020 20:01:24 - Commandline		: RemoveDirectory "C:\WINDOWS\Microsoft.NET\Framework\v2.0.50727\Temporary ASP.NET Files\mercatornetbroker.wsdeploy_3_0"
zondag 16 augustus 2020 20:01:24 - Commandline		: RemoveDirectory "C:\WINDOWS\Microsoft.NET\Framework\v2.0.50727\Temporary ASP.NET Files\mercatornetbroker.wsmain"
zondag 16 augustus 2020 20:01:24 - Commandline		: RemoveDirectory "C:\WINDOWS\Microsoft.NET\Framework\v2.0.50727\Temporary ASP.NET Files\mercatornethelppages"
zondag 16 augustus 2020 20:01:24 - Commandline		: RemoveDirectory "C:\WINDOWS\Microsoft.NET\Framework\v2.0.50727\Temporary ASP.NET Files\scvwebservice"
zondag 16 augustus 2020 20:01:24 - Commandline		: EnableWSUSReboot ""
zondag 16 augustus 2020 20:01:24 - ================================svw-be-webfd001.balgroupit.com======================================
zondag 16 augustus 2020 20:01:26 - ================================svw-be-eaid01.balgroupit.com======================================
zondag 16 augustus 2020 20:01:27 - Commandline		: StopService "mercator.eai.docservice"
zondag 16 augustus 2020 20:01:27 - Commandline		: StopProcess "dllhost.exe"
zondag 16 augustus 2020 20:01:28 - Commandline		: StopProcess "winword.exe"
zondag 16 augustus 2020 20:01:28 - Commandline		: EnableWSUSReboot ""
zondag 16 augustus 2020 20:01:28 - ================================svw-be-eaid01.balgroupit.com======================================
zondag 16 augustus 2020 20:01:30 - ================================svw-be-dmsd01.balgroupit.com======================================
zondag 16 augustus 2020 20:01:37 - Commandline		: EnableWSUSReboot ""
zondag 16 augustus 2020 20:01:37 - Commandline		: StopService "Execute360 Route Engine"
zondag 16 augustus 2020 20:01:43 - Commandline		: StopService "Execute360 Index Manager"
zondag 16 augustus 2020 20:01:43 - Commandline		: StopService "Execute360 Transfer Manager"
zondag 16 augustus 2020 20:01:43 - Commandline		: StopService "Execute360 Rendezvous Manager"
zondag 16 augustus 2020 20:01:44 - Commandline		: StopService "Execute360 Location Manager"
zondag 16 augustus 2020 20:01:45 - Commandline		: StopService "Execute360 Object Manager"
zondag 16 augustus 2020 20:01:50 - Commandline		: StopService "Execute360 Security Manager"
zondag 16 augustus 2020 20:01:50 - ================================svw-be-dmsd01.balgroupit.com======================================
zondag 16 augustus 2020 20:01:52 - ================================svw-be-dmsd02.balgroupit.com======================================
zondag 16 augustus 2020 20:01:59 - Commandline		: EnableWSUSReboot ""
zondag 16 augustus 2020 20:01:59 - ================================svw-be-dmsd02.balgroupit.com======================================
zondag 16 augustus 2020 20:02:00 - ================================svw-be-babsd001.balgroupit.com======================================
zondag 16 augustus 2020 20:02:07 - Commandline		: EnableWSUSReboot ""
zondag 16 augustus 2020 20:02:07 - ================================svw-be-babsd001.balgroupit.com======================================
zondag 16 augustus 2020 20:02:07 - ================================svw-be-babbd001.balgroupit.com======================================
zondag 16 augustus 2020 20:02:08 - Commandline		: StopService "Baloise BaloiseBackendBatch"
zondag 16 augustus 2020 20:02:09 - Commandline		: EnableWSUSReboot ""
zondag 16 augustus 2020 20:02:09 - ================================svw-be-babbd001.balgroupit.com======================================
