maandag 20 juli 2020 4:30:30 - READING XML File :  \\balgroupit.com\appl_data\BBE\Transfer\Packages\Scripts\WSUS\Dcorp\Dcorp_Start_All.xml
maandag 20 juli 2020 4:30:30 - 
maandag 20 juli 2020 4:30:31 - ================================svw-be-dmsd01.balgroupit.com======================================
maandag 20 juli 2020 4:30:31 - Commandline		: DisableWSUSReboot ""
maandag 20 juli 2020 4:30:31 - Commandline		: StartService "Execute360 Route Engine"
maandag 20 juli 2020 4:30:31 - Commandline		: StartService "Execute360 Index Manager"
maandag 20 juli 2020 4:30:31 - Commandline		: StartService "Execute360 Transfer Manager"
maandag 20 juli 2020 4:30:31 - Commandline		: StartService "Execute360 Rendezvous Manager"
maandag 20 juli 2020 4:30:31 - Commandline		: StartService "Execute360 Location Manager"
maandag 20 juli 2020 4:30:32 - Commandline		: StartService "Execute360 Object Manager"
maandag 20 juli 2020 4:30:32 - Commandline		: StartService "Execute360 Security Manager"
maandag 20 juli 2020 4:30:32 - ================================svw-be-dmsd01.balgroupit.com======================================
maandag 20 juli 2020 4:30:32 - ================================svw-be-dmsd02.balgroupit.com======================================
maandag 20 juli 2020 4:30:32 - Commandline		: DisableWSUSReboot ""
maandag 20 juli 2020 4:30:32 - ================================svw-be-dmsd02.balgroupit.com======================================
maandag 20 juli 2020 4:30:33 - ================================svw-be-bizd001.balgroupit.com======================================
maandag 20 juli 2020 4:30:33 - Commandline		: DisableWSUSReboot ""
maandag 20 juli 2020 4:30:33 - Commandline		: StartService "Mercator Managed File Transfer"
maandag 20 juli 2020 4:30:34 - Commandline		: StartService "Mercator Esb Process Initializer"
maandag 20 juli 2020 4:30:34 - ================================svw-be-bizd001.balgroupit.com======================================
maandag 20 juli 2020 4:30:34 - ================================svw-be-bizd002.balgroupit.com======================================
maandag 20 juli 2020 4:30:35 - Commandline		: DisableWSUSReboot ""
maandag 20 juli 2020 4:30:35 - ================================svw-be-bizd002.balgroupit.com======================================
maandag 20 juli 2020 4:30:35 - ================================svw-be-webfd001.balgroupit.com======================================
maandag 20 juli 2020 4:30:35 - Commandline		: DisableWSUSReboot ""
maandag 20 juli 2020 4:30:35 - Commandline		: StartService "World Wide Web Publishing Service"
maandag 20 juli 2020 4:30:35 - Commandline		: StartWebsite "OnlineDocuments"
maandag 20 juli 2020 4:30:36 - Commandline		: StartWebsite "MNet"
maandag 20 juli 2020 4:30:36 - Commandline		: StartWebsite "MWebBvb"
maandag 20 juli 2020 4:30:36 - Commandline		: StartAppPool "DefaultAppPool"
maandag 20 juli 2020 4:30:36 - Commandline		: StartAppPool "ED"
maandag 20 juli 2020 4:30:36 - Commandline		: StartAppPool "EmployeeBenefits"
maandag 20 juli 2020 4:30:36 - Commandline		: StartAppPool "EtlLogViewer"
maandag 20 juli 2020 4:30:36 - Commandline		: StartAppPool "LevenAansluitingsverklaring"
maandag 20 juli 2020 4:30:36 - Commandline		: StartAppPool "LevenWijzigingsFormulier"
maandag 20 juli 2020 4:30:36 - Commandline		: StartAppPool "MercatorNet.RMMain"
maandag 20 juli 2020 4:30:36 - Commandline		: StartAppPool "MercatorNet.WSDeploy_3_0"
maandag 20 juli 2020 4:30:36 - Commandline		: StartAppPool "MercatorNet.WSMain"
maandag 20 juli 2020 4:30:36 - Commandline		: StartAppPool "MercatorNet.WSServices"
maandag 20 juli 2020 4:30:36 - Commandline		: StartAppPool "MercatorNet.WSTariff"
maandag 20 juli 2020 4:30:36 - Commandline		: StartAppPool "MercatorNetBroker.WSDeploy_3_0"
maandag 20 juli 2020 4:30:37 - Commandline		: StartAppPool "MercatorNetBroker.WSMain"
maandag 20 juli 2020 4:30:37 - Commandline		: StartAppPool "MercatorWebSite"
maandag 20 juli 2020 4:30:37 - Commandline		: StartAppPool "MyBaloiseBroker"
maandag 20 juli 2020 4:30:37 - Commandline		: StartAppPool "MyBaloiseInternal"
maandag 20 juli 2020 4:30:37 - Commandline		: StartAppPool "MWebBvb"
maandag 20 juli 2020 4:30:37 - Commandline		: StartAppPool "ScvWebService"
maandag 20 juli 2020 4:30:37 - Commandline		: StartComPlus "Mercator.Framework.ActiveDirectory"
maandag 20 juli 2020 4:30:37 - Commandline		: StartComPlus "Mercator.Framework.Document.Management.Global360"
maandag 20 juli 2020 4:30:37 - ================================svw-be-webfd001.balgroupit.com======================================
maandag 20 juli 2020 4:30:38 - ================================svw-be-webd03.balgroupit.com======================================
maandag 20 juli 2020 4:30:38 - Commandline		: DisableWSUSReboot ""
maandag 20 juli 2020 4:30:38 - Commandline		: StartService "World Wide Web Publishing Service"
maandag 20 juli 2020 4:30:38 - Commandline		: StartAppPool "DefaultAppPool"
maandag 20 juli 2020 4:30:39 - Commandline		: StartAppPool "MNet"
maandag 20 juli 2020 4:30:39 - Commandline		: StartAppPool "BaloiseBackend"
maandag 20 juli 2020 4:30:39 - Commandline		: StartAppPool "CDS"
maandag 20 juli 2020 4:30:39 - Commandline		: StartAppPool "Mercator.EAI.Framework.WebServices"
maandag 20 juli 2020 4:30:39 - Commandline		: StartAppPool "Mercator.Eai.Tools.Wsc"
maandag 20 juli 2020 4:30:39 - Commandline		: StartAppPool "Mercator.Portima"
maandag 20 juli 2020 4:30:39 - Commandline		: StartAppPool "Mercator.Portima.Monitoring"
maandag 20 juli 2020 4:30:39 - Commandline		: StartAppPool "MercatorNet.BoServices"
maandag 20 juli 2020 4:30:39 - Commandline		: StartAppPool "WSDms"
maandag 20 juli 2020 4:30:39 - Commandline		: StartAppPool "WSDmsDataRepository"
maandag 20 juli 2020 4:30:39 - Commandline		: StartWebsite "DmsDataRepository"
maandag 20 juli 2020 4:30:39 - Commandline		: StartWebsite "MNet"
maandag 20 juli 2020 4:30:39 - Commandline		: StartService "Steria's Dispatcher Service"
maandag 20 juli 2020 4:30:39 - Commandline		: StartService "Baloise SyncTaskToDMS"
maandag 20 juli 2020 4:30:40 - Commandline		: StartService "Mercator Document Delivery"
maandag 20 juli 2020 4:30:40 - Commandline		: StartService "Mercator Document Generation"
maandag 20 juli 2020 4:30:40 - Commandline		: StartService "Mercator Organization Data"
maandag 20 juli 2020 4:30:40 - Commandline		: StartService "Mercator DMS Pdf Conversion Call"
maandag 20 juli 2020 4:30:40 - Commandline		: StartService "Mercator Document Management System Service"
maandag 20 juli 2020 4:30:40 - Commandline		: StartService "Mercator Document Management System Async Service"
maandag 20 juli 2020 4:30:40 - Commandline		: StartService "Mercator Document Store"
maandag 20 juli 2020 4:30:40 - Commandline		: StartService "Mercator Xpim Document Store"
maandag 20 juli 2020 4:30:40 - Commandline		: StartService "Mercator DMS Import Portima Attachments"
maandag 20 juli 2020 4:30:40 - Commandline		: StartService "Mercator DMS MailImport Service"
maandag 20 juli 2020 4:30:40 - Commandline		: StartService "Mercator DMS Bulk Insert"
maandag 20 juli 2020 4:30:40 - Commandline		: StartService "Baloise Central Data Store"
maandag 20 juli 2020 4:30:40 - Commandline		: StartService "Baloise Backend"
maandag 20 juli 2020 4:30:40 - Commandline		: StartService "MercatorNET SCV Batch Service"
maandag 20 juli 2020 4:30:40 - Commandline		: StartService "BaloiseDmsBatchService"
maandag 20 juli 2020 4:30:40 - Commandline		: StartService "Mercator.Integration.EAI.3.9.Listener"
maandag 20 juli 2020 4:30:40 - ================================svw-be-webd03.balgroupit.com======================================
maandag 20 juli 2020 4:30:41 - ================================svw-be-eaid01.balgroupit.com======================================
maandag 20 juli 2020 4:30:42 - Commandline		: DisableWSUSReboot ""
maandag 20 juli 2020 4:30:42 - Commandline		: StartService "mercator.eai.docservice"
maandag 20 juli 2020 4:30:42 - Commandline		: StartProcess "dllhost.exe"
maandag 20 juli 2020 4:30:42 - Commandline		: StartProcess "winword.exe"
maandag 20 juli 2020 4:30:42 - ================================svw-be-eaid01.balgroupit.com======================================
maandag 20 juli 2020 4:30:42 - ================================svw-be-babsd001.balgroupit.com======================================
maandag 20 juli 2020 4:30:43 - Commandline		: DisableWSUSReboot ""
maandag 20 juli 2020 4:30:43 - ================================svw-be-babsd001.balgroupit.com======================================
maandag 20 juli 2020 4:30:43 - ================================svw-be-babbd001.balgroupit.com======================================
maandag 20 juli 2020 4:30:43 - Commandline		: DisableWSUSReboot ""
maandag 20 juli 2020 4:30:43 - Commandline		: StartService "Baloise BaloiseBackendBatch"
maandag 20 juli 2020 4:30:43 - ================================svw-be-babbd001.balgroupit.com======================================
