dinsdag 14 juli 2020 16:35:10 - READING XML File :  \\balgroupit.com\appl_data\BBE\Transfer\Packages\Scripts\WSUS\DCORP\Start\Dcorp_Start_All.xml
dinsdag 14 juli 2020 16:35:10 - 
dinsdag 14 juli 2020 16:35:11 - ================================svw-be-dmsd01.balgroupit.com======================================
dinsdag 14 juli 2020 16:35:20 - Commandline		: DisableWSUSReboot ""
dinsdag 14 juli 2020 16:35:20 - Commandline		: StartService "Execute360 Route Engine"
dinsdag 14 juli 2020 16:35:20 - Commandline		: StartService "Execute360 Index Manager"
dinsdag 14 juli 2020 16:35:20 - Commandline		: StartService "Execute360 Transfer Manager"
dinsdag 14 juli 2020 16:35:20 - Commandline		: StartService "Execute360 Rendezvous Manager"
dinsdag 14 juli 2020 16:35:20 - Commandline		: StartService "Execute360 Location Manager"
dinsdag 14 juli 2020 16:35:20 - Commandline		: StartService "Execute360 Object Manager"
dinsdag 14 juli 2020 16:35:20 - Commandline		: StartService "Execute360 Security Manager"
dinsdag 14 juli 2020 16:35:20 - ================================svw-be-dmsd01.balgroupit.com======================================
dinsdag 14 juli 2020 16:35:21 - ================================svw-be-dmsd02.balgroupit.com======================================
dinsdag 14 juli 2020 16:35:23 - Commandline		: DisableWSUSReboot ""
dinsdag 14 juli 2020 16:35:23 - ================================svw-be-dmsd02.balgroupit.com======================================
dinsdag 14 juli 2020 16:35:23 - ================================svw-be-bizd001.balgroupit.com======================================
dinsdag 14 juli 2020 16:35:27 - Commandline		: DisableWSUSReboot ""
dinsdag 14 juli 2020 16:35:27 - Commandline		: StartService "Mercator Managed File Transfer"
dinsdag 14 juli 2020 16:35:27 - Commandline		: StartService "Mercator Esb Process Initializer"
dinsdag 14 juli 2020 16:35:27 - ================================svw-be-bizd001.balgroupit.com======================================
dinsdag 14 juli 2020 16:35:27 - ================================svw-be-bizd002.balgroupit.com======================================
dinsdag 14 juli 2020 16:35:30 - Commandline		: DisableWSUSReboot ""
dinsdag 14 juli 2020 16:35:30 - ================================svw-be-bizd002.balgroupit.com======================================
dinsdag 14 juli 2020 16:35:30 - ================================svw-be-webfd001.balgroupit.com======================================
dinsdag 14 juli 2020 16:35:32 - Commandline		: DisableWSUSReboot ""
dinsdag 14 juli 2020 16:35:32 - Commandline		: StartService "World Wide Web Publishing Service"
dinsdag 14 juli 2020 16:35:32 - Commandline		: StartWebsite "OnlineDocuments"
dinsdag 14 juli 2020 16:35:32 - Commandline		: StartWebsite "MNet"
dinsdag 14 juli 2020 16:35:32 - Commandline		: StartWebsite "MWebBvb"
dinsdag 14 juli 2020 16:35:32 - Commandline		: StartAppPool "DefaultAppPool"
dinsdag 14 juli 2020 16:35:32 - Commandline		: StartAppPool "ED"
dinsdag 14 juli 2020 16:35:32 - Commandline		: StartAppPool "EmployeeBenefits"
dinsdag 14 juli 2020 16:35:32 - Commandline		: StartAppPool "EtlLogViewer"
dinsdag 14 juli 2020 16:35:32 - Commandline		: StartAppPool "LevenAansluitingsverklaring"
dinsdag 14 juli 2020 16:35:33 - Commandline		: StartAppPool "LevenWijzigingsFormulier"
dinsdag 14 juli 2020 16:35:33 - Commandline		: StartAppPool "MercatorNet.RMMain"
dinsdag 14 juli 2020 16:35:33 - Commandline		: StartAppPool "MercatorNet.WSDeploy_3_0"
dinsdag 14 juli 2020 16:35:33 - Commandline		: StartAppPool "MercatorNet.WSMain"
dinsdag 14 juli 2020 16:35:33 - Commandline		: StartAppPool "MercatorNet.WSServices"
dinsdag 14 juli 2020 16:35:33 - Commandline		: StartAppPool "MercatorNet.WSTariff"
dinsdag 14 juli 2020 16:35:33 - Commandline		: StartAppPool "MercatorNetBroker.WSDeploy_3_0"
dinsdag 14 juli 2020 16:35:33 - Commandline		: StartAppPool "MercatorNetBroker.WSMain"
dinsdag 14 juli 2020 16:35:33 - Commandline		: StartAppPool "MercatorWebSite"
dinsdag 14 juli 2020 16:35:33 - Commandline		: StartAppPool "MyBaloiseBroker"
dinsdag 14 juli 2020 16:35:33 - Commandline		: StartAppPool "MyBaloiseInternal"
dinsdag 14 juli 2020 16:35:33 - Commandline		: StartAppPool "MWebBvb"
dinsdag 14 juli 2020 16:35:34 - Commandline		: StartAppPool "ScvWebService"
dinsdag 14 juli 2020 16:35:34 - Commandline		: StartComPlus "Mercator.Framework.ActiveDirectory"
dinsdag 14 juli 2020 16:35:34 - Commandline		: StartComPlus "Mercator.Framework.Document.Management.Global360"
dinsdag 14 juli 2020 16:35:34 - ================================svw-be-webfd001.balgroupit.com======================================
dinsdag 14 juli 2020 16:35:34 - ================================svw-be-webd03.balgroupit.com======================================
dinsdag 14 juli 2020 16:35:35 - Commandline		: DisableWSUSReboot ""
dinsdag 14 juli 2020 16:35:35 - Commandline		: StartService "World Wide Web Publishing Service"
dinsdag 14 juli 2020 16:35:36 - Commandline		: StartAppPool "DefaultAppPool"
dinsdag 14 juli 2020 16:35:36 - Commandline		: StartAppPool "MNet"
dinsdag 14 juli 2020 16:35:36 - Commandline		: StartAppPool "BaloiseBackend"
dinsdag 14 juli 2020 16:35:36 - Commandline		: StartAppPool "CDS"
dinsdag 14 juli 2020 16:35:36 - Commandline		: StartAppPool "Mercator.EAI.Framework.WebServices"
dinsdag 14 juli 2020 16:35:36 - Commandline		: StartAppPool "Mercator.Eai.Tools.Wsc"
dinsdag 14 juli 2020 16:35:36 - Commandline		: StartAppPool "Mercator.Portima"
dinsdag 14 juli 2020 16:35:36 - Commandline		: StartAppPool "Mercator.Portima.Monitoring"
dinsdag 14 juli 2020 16:35:36 - Commandline		: StartAppPool "MercatorNet.BoServices"
dinsdag 14 juli 2020 16:35:36 - Commandline		: StartAppPool "WSDms"
dinsdag 14 juli 2020 16:35:36 - Commandline		: StartAppPool "WSDmsDataRepository"
dinsdag 14 juli 2020 16:35:36 - Commandline		: StartWebsite "DmsDataRepository"
dinsdag 14 juli 2020 16:35:37 - Commandline		: StartWebsite "MNet"
dinsdag 14 juli 2020 16:35:37 - Commandline		: StartService "Steria's Dispatcher Service"
dinsdag 14 juli 2020 16:35:37 - Commandline		: StartService "Mercator Document Delivery"
dinsdag 14 juli 2020 16:35:37 - Commandline		: StartService "Mercator Document Generation"
dinsdag 14 juli 2020 16:35:37 - Commandline		: StartService "Mercator Organization Data"
dinsdag 14 juli 2020 16:35:37 - Commandline		: StartService "Mercator DMS Pdf Conversion Call"
dinsdag 14 juli 2020 16:35:37 - Commandline		: StartService "Mercator Document Management System Service"
dinsdag 14 juli 2020 16:35:37 - Commandline		: StartService "Mercator Document Management System Async Service"
dinsdag 14 juli 2020 16:35:37 - Commandline		: StartService "Mercator Document Store"
dinsdag 14 juli 2020 16:35:37 - Commandline		: StartService "Mercator Xpim Document Store"
dinsdag 14 juli 2020 16:35:37 - Commandline		: StartService "Mercator DMS Import Portima Attachments"
dinsdag 14 juli 2020 16:35:37 - Commandline		: StartService "Mercator DMS MailImport Service"
dinsdag 14 juli 2020 16:35:37 - Commandline		: StartService "Mercator DMS Bulk Insert"
dinsdag 14 juli 2020 16:35:37 - Commandline		: StartService "Baloise Central Data Store"
dinsdag 14 juli 2020 16:35:38 - Commandline		: StartService "Baloise Backend"
dinsdag 14 juli 2020 16:35:38 - Commandline		: StartService "MercatorNET SCV Batch Service"
dinsdag 14 juli 2020 16:35:38 - Commandline		: StartService "BaloiseDmsBatchService"
dinsdag 14 juli 2020 16:35:38 - Commandline		: StartService "Mercator.Integration.EAI.3.9.Listener"
dinsdag 14 juli 2020 16:35:38 - Commandline		: StartComPlus "Mercator.Framework.ActiveDirectory"
dinsdag 14 juli 2020 16:35:38 - Commandline		: StartComPlus "Mercator.EAI.3.9.Components"
dinsdag 14 juli 2020 16:35:38 - Commandline		: StartComPlus "Mercator.Framework.Document.Management.Global360"
dinsdag 14 juli 2020 16:35:38 - ================================svw-be-webd03.balgroupit.com======================================
dinsdag 14 juli 2020 16:35:38 - ================================svw-be-eaid01.balgroupit.com======================================
dinsdag 14 juli 2020 16:35:40 - Commandline		: DisableWSUSReboot ""
dinsdag 14 juli 2020 16:35:40 - Commandline		: StartService "mercator.eai.docservice"
dinsdag 14 juli 2020 16:35:40 - Commandline		: StartProcess "dllhost.exe"
dinsdag 14 juli 2020 16:35:40 - Commandline		: StartProcess "winword.exse"
dinsdag 14 juli 2020 16:35:41 - ================================svw-be-eaid01.balgroupit.com======================================
