zondag 17 januari 2021 20:04:48 - READING XML File :  \\balgroupit.com\appl_data\BBE\Transfer\Packages\Scripts\WSUS\Icorp\Icorp_Stop_All.xml
zondag 17 januari 2021 20:04:48 - 
zondag 17 januari 2021 20:04:49 - ================================svw-be-webi02.balgroupit.com======================================
zondag 17 januari 2021 20:04:57 - Commandline		: StopWebsite "DmsDataRepository"
zondag 17 januari 2021 20:04:57 - Commandline		: StopWebsite "MNet"
zondag 17 januari 2021 20:04:57 - Commandline		: StopAppPool "MNet"
zondag 17 januari 2021 20:04:57 - Commandline		: StopAppPool "DefaultAppPool"
zondag 17 januari 2021 20:04:57 - Commandline		: StopAppPool "WSDMS"
zondag 17 januari 2021 20:04:57 - Commandline		: StopAppPool "WSDmsDataRepository"
zondag 17 januari 2021 20:04:57 - Commandline		: StopAppPool "BaloiseBackend"
zondag 17 januari 2021 20:04:57 - Commandline		: StopAppPool "CDS"
zondag 17 januari 2021 20:04:57 - Commandline		: StopAppPool "MercatorNet.BoServices"
zondag 17 januari 2021 20:04:58 - Commandline		: StopAppPool "Mercator.Portima.Monitoring"
zondag 17 januari 2021 20:04:58 - Commandline		: StopAppPool "Mercator.Portima"
zondag 17 januari 2021 20:04:58 - Commandline		: StopAppPool "Mercator.Eai.Tools.Wsc"
zondag 17 januari 2021 20:04:58 - Commandline		: StopAppPool "Mercator.EAI.Framework.WebServices"
zondag 17 januari 2021 20:04:58 - Commandline		: StopService "World Wide Web Publishing Service"
zondag 17 januari 2021 20:04:58 - Commandline		: StopService "Baloise Backend"
zondag 17 januari 2021 20:04:58 - Commandline		: StopService "Baloise Central Data Store"
zondag 17 januari 2021 20:04:58 - Commandline		: StopService "Baloise SyncTaskToDMS"
zondag 17 januari 2021 20:04:58 - Commandline		: StopService "Mercator DMS Bulk Insert"
zondag 17 januari 2021 20:04:59 - Commandline		: StopService "Mercator DMS Import Portima Attachments"
zondag 17 januari 2021 20:04:59 - Commandline		: StopService "Mercator DMS MailImport Service"
zondag 17 januari 2021 20:04:59 - Commandline		: StopService "Mercator Xpim Document Store"
zondag 17 januari 2021 20:04:59 - Commandline		: StopService "Mercator Document Store"
zondag 17 januari 2021 20:04:59 - Commandline		: StopService "BaloiseDmsBatchService"
zondag 17 januari 2021 20:05:00 - Commandline		: StopService "Mercator Document Management System Service"
zondag 17 januari 2021 20:05:00 - Commandline		: StopService "Mercator Document Management System Async Service"
zondag 17 januari 2021 20:05:00 - Commandline		: StopService "Mercator Document Management System Batch Avero Service"
zondag 17 januari 2021 20:05:02 - Commandline		: StopService "Mercator DMS Pdf Conversion Call"
zondag 17 januari 2021 20:05:02 - Commandline		: StopService "MercatorNET SCV Batch Service"
zondag 17 januari 2021 20:05:03 - Commandline		: StopService "Mercator Organization Data"
zondag 17 januari 2021 20:05:03 - Commandline		: StopService "Mercator Document Generation"
zondag 17 januari 2021 20:05:03 - Commandline		: StopService "Mercator Document Delivery"
zondag 17 januari 2021 20:05:04 - Commandline		: StopService "Steria's Dispatcher Service"
zondag 17 januari 2021 20:05:04 - Commandline		: StopService "Mercator.Integration.EAI.3.9.Listener"
zondag 17 januari 2021 20:05:04 - Commandline		: StopComPlus "Mercator.Framework.ActiveDirectory"
zondag 17 januari 2021 20:05:05 - Commandline		: StopComPlus "Mercator.EAI.3.9.Components"
zondag 17 januari 2021 20:05:08 - Commandline		: StopComPlus "Mercator.Framework.Document.Management.Global360"
zondag 17 januari 2021 20:05:11 - Commandline		: RemoveDirectory "C:\WINDOWS\Microsoft.NET\Framework\v4.0.30319\Temporary ASP.NET Files\cds"
zondag 17 januari 2021 20:05:11 - Commandline		: RemoveDirectory "C:\WINDOWS\Microsoft.NET\Framework\v2.0.50727\Temporary ASP.NET Files\mercatornet.boservices"
zondag 17 januari 2021 20:05:11 - Commandline		: RemoveDirectory "C:\WINDOWS\Microsoft.NET\Framework\v2.0.50727\Temporary ASP.NET Files\mercator.eai.framework.webservices"
zondag 17 januari 2021 20:05:11 - Commandline		: RemoveDirectory "C:\WINDOWS\Microsoft.NET\Framework\v2.0.50727\Temporary ASP.NET Files\mercator.eai.tools.wsc"
zondag 17 januari 2021 20:05:11 - Commandline		: RemoveDirectory "C:\WINDOWS\Microsoft.NET\Framework\v2.0.50727\Temporary ASP.NET Files\Mercator.Portima.Monitoring"
zondag 17 januari 2021 20:05:11 - Commandline		: RemoveDirectory "C:\WINDOWS\Microsoft.NET\Framework\v2.0.50727\Temporary ASP.NET Files\Mercator.Portima"
zondag 17 januari 2021 20:05:11 - Commandline		: RemoveDirectory "C:\WINDOWS\Microsoft.NET\Framework\v2.0.50727\Temporary ASP.NET Files\WSDMS"
zondag 17 januari 2021 20:05:11 - Commandline		: RemoveDirectory "C:\WINDOWS\Microsoft.NET\Framework\v2.0.50727\Temporary ASP.NET Files\wsdmsdatarepository"
zondag 17 januari 2021 20:05:11 - Commandline		: EnableWSUSReboot ""
zondag 17 januari 2021 20:05:11 - ================================svw-be-webi02.balgroupit.com======================================
zondag 17 januari 2021 20:05:12 - ================================svw-be-eaii01.balgroupit.com======================================
zondag 17 januari 2021 20:05:13 - Commandline		: StopService "mercator.eai.docservice"
zondag 17 januari 2021 20:05:14 - Commandline		: StopProcess "dllhost.exe"
zondag 17 januari 2021 20:05:14 - Commandline		: StopProcess "winword.exe"
zondag 17 januari 2021 20:05:14 - Commandline		: EnableWSUSReboot ""
zondag 17 januari 2021 20:05:14 - ================================svw-be-eaii01.balgroupit.com======================================
zondag 17 januari 2021 20:05:15 - ================================svw-be-webfi001.balgroupit.com======================================
zondag 17 januari 2021 20:05:22 - Commandline		: StopService "World Wide Web Publishing Service"
zondag 17 januari 2021 20:05:23 - Commandline		: StopWebsite "OnlineDocuments"
zondag 17 januari 2021 20:05:23 - Commandline		: StopWebsite "MNet"
zondag 17 januari 2021 20:05:23 - Commandline		: StopWebsite "MWebBvb"
zondag 17 januari 2021 20:05:23 - Commandline		: StopAppPool "DefaultAppPool"
zondag 17 januari 2021 20:05:23 - Commandline		: StopAppPool "ED"
zondag 17 januari 2021 20:05:23 - Commandline		: StopAppPool "EmployeeBenefits"
zondag 17 januari 2021 20:05:23 - Commandline		: StopAppPool "EtlLogViewer"
zondag 17 januari 2021 20:05:23 - Commandline		: StopAppPool "LevenAansluitingsverklaring"
zondag 17 januari 2021 20:05:23 - Commandline		: StopAppPool "LevenWijzigingsFormulier"
zondag 17 januari 2021 20:05:24 - Commandline		: StopAppPool "MercatorNet.RMMain"
zondag 17 januari 2021 20:05:24 - Commandline		: StopAppPool "MercatorNet.WSDeploy_3_0"
zondag 17 januari 2021 20:05:24 - Commandline		: StopAppPool "MercatorNet.WSMain"
zondag 17 januari 2021 20:05:24 - Commandline		: StopAppPool "MercatorNet.WSServices"
zondag 17 januari 2021 20:05:24 - Commandline		: StopAppPool "MercatorNet.WSTariff"
zondag 17 januari 2021 20:05:25 - Commandline		: StopAppPool "MercatorNetBroker.WSDeploy_3_0"
zondag 17 januari 2021 20:05:25 - Commandline		: StopAppPool "MercatorNetBroker.WSMain"
zondag 17 januari 2021 20:05:25 - Commandline		: StopAppPool "MercatorWebSite"
zondag 17 januari 2021 20:05:25 - Commandline		: StopAppPool "MyBaloiseBroker"
zondag 17 januari 2021 20:05:25 - Commandline		: StopAppPool "MWebBvb"
zondag 17 januari 2021 20:05:25 - Commandline		: StopAppPool "ScvWebService"
zondag 17 januari 2021 20:05:25 - Commandline		: EnableWSUSReboot ""
zondag 17 januari 2021 20:05:25 - ================================svw-be-webfi001.balgroupit.com======================================
zondag 17 januari 2021 20:05:27 - ================================svw-be-dmsi01.balgroupit.com======================================
zondag 17 januari 2021 20:05:35 - Commandline		: EnableWSUSReboot ""
zondag 17 januari 2021 20:05:35 - Commandline		: StopService "Execute360 Route Engine"
zondag 17 januari 2021 20:05:41 - Commandline		: StopService "Execute360 Index Manager"
zondag 17 januari 2021 20:05:41 - Commandline		: StopService "Execute360 Transfer Manager"
zondag 17 januari 2021 20:05:41 - Commandline		: StopService "Execute360 Rendezvous Manager"
zondag 17 januari 2021 20:05:42 - Commandline		: StopService "Execute360 Location Manager"
zondag 17 januari 2021 20:05:43 - Commandline		: StopService "Execute360 Object Manager"
zondag 17 januari 2021 20:05:48 - Commandline		: StopService "Execute360 Security Manager"
zondag 17 januari 2021 20:05:49 - ================================svw-be-dmsi01.balgroupit.com======================================
zondag 17 januari 2021 20:05:50 - ================================svw-be-bizi001.balgroupit.com======================================
zondag 17 januari 2021 20:05:59 - Commandline		: StopService "Mercator Managed File Transfer"
zondag 17 januari 2021 20:06:00 - Commandline		: StopService "Mercator Esb Process Initializer"
zondag 17 januari 2021 20:06:01 - Commandline		: EnableWSUSReboot ""
zondag 17 januari 2021 20:06:01 - ================================svw-be-bizi001.balgroupit.com======================================
zondag 17 januari 2021 20:06:01 - ================================svw-be-bizi002.balgroupit.com======================================
zondag 17 januari 2021 20:06:09 - Commandline		: StopService "Mercator Managed File Transfer"
zondag 17 januari 2021 20:06:10 - Commandline		: StopService "Mercator Esb Process Initializer"
zondag 17 januari 2021 20:06:10 - Commandline		: EnableWSUSReboot ""
zondag 17 januari 2021 20:06:10 - ================================svw-be-bizi002.balgroupit.com======================================
zondag 17 januari 2021 20:06:11 - ================================svw-be-babsi001.balgroupit.com======================================
zondag 17 januari 2021 20:06:18 - Commandline		: EnableWSUSReboot ""
zondag 17 januari 2021 20:06:18 - ================================svw-be-babsi001.balgroupit.com======================================
zondag 17 januari 2021 20:06:19 - ================================svw-be-babbi001.balgroupit.com======================================
zondag 17 januari 2021 20:06:19 - Commandline		: StopService "Baloise BaloiseBackendBatch"
zondag 17 januari 2021 20:06:20 - Commandline		: EnableWSUSReboot ""
zondag 17 januari 2021 20:06:20 - ================================svw-be-babbi001.balgroupit.com======================================
