maandag 16 november 2020 4:32:47 - READING XML File :  \\balgroupit.com\appl_data\BBE\Transfer\Packages\Scripts\WSUS\Icorp\Icorp_Start_All.xml
maandag 16 november 2020 4:32:47 - 
maandag 16 november 2020 4:32:47 - ================================svw-be-dmsi01.balgroupit.com======================================
maandag 16 november 2020 4:32:47 - Commandline		: DisableWSUSReboot ""
maandag 16 november 2020 4:32:47 - Commandline		: StartService "Execute360 Route Engine"
maandag 16 november 2020 4:32:47 - Commandline		: StartService "Execute360 Index Manager"
maandag 16 november 2020 4:32:48 - Commandline		: StartService "Execute360 Transfer Manager"
maandag 16 november 2020 4:32:48 - Commandline		: StartService "Execute360 Rendezvous Manager"
maandag 16 november 2020 4:32:48 - Commandline		: StartService "Execute360 Location Manager"
maandag 16 november 2020 4:32:48 - Commandline		: StartService "Execute360 Object Manager"
maandag 16 november 2020 4:32:48 - Commandline		: StartService "Execute360 Security Manager"
maandag 16 november 2020 4:32:48 - ================================svw-be-dmsi01.balgroupit.com======================================
maandag 16 november 2020 4:32:48 - ================================svw-be-webfi001.balgroupit.com======================================
maandag 16 november 2020 4:32:48 - Commandline		: DisableWSUSReboot ""
maandag 16 november 2020 4:32:48 - Commandline		: StartService "World Wide Web Publishing Service"
maandag 16 november 2020 4:32:49 - Commandline		: StartWebsite "OnlineDocuments"
maandag 16 november 2020 4:32:49 - Commandline		: StartWebsite "MNet"
maandag 16 november 2020 4:32:49 - Commandline		: StartWebsite "MWebBvb"
maandag 16 november 2020 4:32:49 - Commandline		: StartAppPool "DefaultAppPool"
maandag 16 november 2020 4:32:49 - Commandline		: StartAppPool "ED"
maandag 16 november 2020 4:32:49 - Commandline		: StartAppPool "EmployeeBenefits"
maandag 16 november 2020 4:32:49 - Commandline		: StartAppPool "EtlLogViewer"
maandag 16 november 2020 4:32:49 - Commandline		: StartAppPool "LevenAansluitingsverklaring"
maandag 16 november 2020 4:32:49 - Commandline		: StartAppPool "LevenWijzigingsFormulier"
maandag 16 november 2020 4:32:49 - Commandline		: StartAppPool "MercatorNet.RMMain"
maandag 16 november 2020 4:32:49 - Commandline		: StartAppPool "MercatorNet.WSDeploy_3_0"
maandag 16 november 2020 4:32:49 - Commandline		: StartAppPool "MercatorNet.WSMain"
maandag 16 november 2020 4:32:49 - Commandline		: StartAppPool "MercatorNet.WSServices"
maandag 16 november 2020 4:32:50 - Commandline		: StartAppPool "MercatorNet.WSTariff"
maandag 16 november 2020 4:32:50 - Commandline		: StartAppPool "MercatorNetBroker.WSDeploy_3_0"
maandag 16 november 2020 4:32:50 - Commandline		: StartAppPool "MercatorNetBroker.WSMain"
maandag 16 november 2020 4:32:50 - Commandline		: StartAppPool "MercatorWebSite"
maandag 16 november 2020 4:32:50 - Commandline		: StartAppPool "MyBaloiseBroker"
maandag 16 november 2020 4:32:50 - Commandline		: StartAppPool "MWebBvb"
maandag 16 november 2020 4:32:50 - Commandline		: StartAppPool "ScvWebService"
maandag 16 november 2020 4:32:50 - ================================svw-be-webfi001.balgroupit.com======================================
maandag 16 november 2020 4:32:50 - ================================svw-be-webi02.balgroupit.com======================================
maandag 16 november 2020 4:32:51 - Commandline		: DisableWSUSReboot ""
maandag 16 november 2020 4:32:51 - Commandline		: StartService "World Wide Web Publishing Service"
maandag 16 november 2020 4:32:51 - Commandline		: StartAppPool "DefaultAppPool"
maandag 16 november 2020 4:32:51 - Commandline		: StartAppPool "MNet"
maandag 16 november 2020 4:32:51 - Commandline		: StartAppPool "BaloiseBackend"
maandag 16 november 2020 4:32:51 - Commandline		: StartAppPool "CDS"
maandag 16 november 2020 4:32:51 - Commandline		: StartAppPool "Mercator.EAI.Framework.WebServices"
maandag 16 november 2020 4:32:51 - Commandline		: StartAppPool "Mercator.Eai.Tools.Wsc"
maandag 16 november 2020 4:32:51 - Commandline		: StartAppPool "Mercator.Portima"
maandag 16 november 2020 4:32:51 - Commandline		: StartAppPool "Mercator.Portima.Monitoring"
maandag 16 november 2020 4:32:51 - Commandline		: StartAppPool "MercatorNet.BoServices"
maandag 16 november 2020 4:32:51 - Commandline		: StartAppPool "WSDms"
maandag 16 november 2020 4:32:51 - Commandline		: StartAppPool "WSDmsDataRepository"
maandag 16 november 2020 4:32:52 - Commandline		: StartAppPool "MercatorNet.BoServices"
maandag 16 november 2020 4:32:52 - Commandline		: StartWebsite "DmsDataRepository"
maandag 16 november 2020 4:32:52 - Commandline		: StartWebsite "MNet"
maandag 16 november 2020 4:32:52 - Commandline		: StartService "Steria's Dispatcher Service"
maandag 16 november 2020 4:32:52 - Commandline		: StartService "Mercator Document Delivery"
maandag 16 november 2020 4:32:52 - Commandline		: StartService "Mercator Document Generation"
maandag 16 november 2020 4:32:52 - Commandline		: StartService "Mercator Organization Data"
maandag 16 november 2020 4:32:52 - Commandline		: StartService "Mercator DMS Pdf Conversion Call"
maandag 16 november 2020 4:32:52 - Commandline		: StartService "Mercator Document Management System Service"
maandag 16 november 2020 4:32:52 - Commandline		: StartService "Mercator Document Management System Async Service"
maandag 16 november 2020 4:32:52 - Commandline		: StartService "Mercator Document Management System Batch Avero Service"
maandag 16 november 2020 4:32:52 - Commandline		: StartService "BaloiseDmsBatchService"
maandag 16 november 2020 4:32:52 - Commandline		: StartService "Mercator Document Store"
maandag 16 november 2020 4:32:52 - Commandline		: StartService "Mercator Xpim Document Store"
maandag 16 november 2020 4:32:52 - Commandline		: StartService "Mercator DMS Import Portima Attachments"
maandag 16 november 2020 4:32:52 - Commandline		: StartService "Mercator DMS Bulk Insert"
maandag 16 november 2020 4:32:52 - Commandline		: StartService "Baloise Central Data Store"
maandag 16 november 2020 4:32:52 - Commandline		: StartService "Baloise SyncTaskToDMS"
maandag 16 november 2020 4:32:52 - Commandline		: StartService "Baloise Backend"
maandag 16 november 2020 4:32:52 - Commandline		: StartService "MercatorNET SCV Batch Service"
maandag 16 november 2020 4:32:53 - Commandline		: StartService "Mercator.Integration.EAI.3.9.Listener"
maandag 16 november 2020 4:32:53 - Commandline		: StartService "Mercator DMS MailImport Service"
maandag 16 november 2020 4:32:53 - ================================svw-be-webi02.balgroupit.com======================================
maandag 16 november 2020 4:32:53 - ================================svw-be-eaii01.balgroupit.com======================================
maandag 16 november 2020 4:32:53 - Commandline		: DisableWSUSReboot ""
maandag 16 november 2020 4:32:54 - Commandline		: StartService "mercator.eai.docservice"
maandag 16 november 2020 4:32:54 - ================================svw-be-eaii01.balgroupit.com======================================
maandag 16 november 2020 4:32:54 - ================================svw-be-bizi001.balgroupit.com======================================
maandag 16 november 2020 4:32:55 - Commandline		: DisableWSUSReboot ""
maandag 16 november 2020 4:32:55 - Commandline		: StartService "Mercator Managed File Transfer"
maandag 16 november 2020 4:32:55 - Commandline		: StartService "Mercator Esb Process Initializer"
maandag 16 november 2020 4:32:55 - ================================svw-be-bizi001.balgroupit.com======================================
maandag 16 november 2020 4:32:55 - ================================svw-be-bizi002.balgroupit.com======================================
maandag 16 november 2020 4:32:56 - Commandline		: DisableWSUSReboot ""
maandag 16 november 2020 4:32:56 - Commandline		: StartService "Mercator Managed File Transfer"
maandag 16 november 2020 4:32:56 - Commandline		: StartService "Mercator Esb Process Initializer"
maandag 16 november 2020 4:32:56 - ================================svw-be-bizi002.balgroupit.com======================================
maandag 16 november 2020 4:32:56 - ================================svw-be-babsi001.balgroupit.com======================================
maandag 16 november 2020 4:32:57 - Commandline		: DisableWSUSReboot ""
maandag 16 november 2020 4:32:57 - ================================svw-be-babsi001.balgroupit.com======================================
maandag 16 november 2020 4:32:57 - ================================svw-be-babbi001.balgroupit.com======================================
maandag 16 november 2020 4:32:58 - Commandline		: DisableWSUSReboot ""
maandag 16 november 2020 4:32:58 - Commandline		: StartService "Baloise BaloiseBackendBatch"
maandag 16 november 2020 4:32:58 - ================================svw-be-babbi001.balgroupit.com======================================
