zondag 16 mei 2021 22:19:45 - READING XML File :  \\balgroupit.com\appl_data\BBE\Transfer\Packages\Scripts\WSUS\Icorp\Icorp_Start_All.xml
zondag 16 mei 2021 22:19:45 - 
zondag 16 mei 2021 22:19:46 - ================================svw-be-dmsi01.balgroupit.com======================================
zondag 16 mei 2021 22:19:48 - Commandline		: DisableWSUSReboot ""
zondag 16 mei 2021 22:19:48 - Commandline		: StartService "Execute360 Route Engine"
zondag 16 mei 2021 22:20:10 - Commandline		: StartService "Execute360 Index Manager"
zondag 16 mei 2021 22:20:10 - Commandline		: StartService "Execute360 Transfer Manager"
zondag 16 mei 2021 22:20:11 - Commandline		: StartService "Execute360 Rendezvous Manager"
zondag 16 mei 2021 22:20:11 - Commandline		: StartService "Execute360 Location Manager"
zondag 16 mei 2021 22:20:13 - Commandline		: StartService "Execute360 Object Manager"
zondag 16 mei 2021 22:20:15 - Commandline		: StartService "Execute360 Security Manager"
zondag 16 mei 2021 22:20:15 - ================================svw-be-dmsi01.balgroupit.com======================================
zondag 16 mei 2021 22:20:16 - ================================svw-be-webfi001.balgroupit.com======================================
zondag 16 mei 2021 22:20:18 - Commandline		: DisableWSUSReboot ""
zondag 16 mei 2021 22:20:18 - Commandline		: StartService "World Wide Web Publishing Service"
zondag 16 mei 2021 22:20:19 - Commandline		: StartWebsite "OnlineDocuments"
zondag 16 mei 2021 22:20:19 - Commandline		: StartWebsite "MNet"
zondag 16 mei 2021 22:20:19 - Commandline		: StartWebsite "MWebBvb"
zondag 16 mei 2021 22:20:19 - Commandline		: StartAppPool "DefaultAppPool"
zondag 16 mei 2021 22:20:19 - Commandline		: StartAppPool "ED"
zondag 16 mei 2021 22:20:19 - Commandline		: StartAppPool "EmployeeBenefits"
zondag 16 mei 2021 22:20:19 - Commandline		: StartAppPool "EtlLogViewer"
zondag 16 mei 2021 22:20:19 - Commandline		: StartAppPool "LevenAansluitingsverklaring"
zondag 16 mei 2021 22:20:19 - Commandline		: StartAppPool "LevenWijzigingsFormulier"
zondag 16 mei 2021 22:20:19 - Commandline		: StartAppPool "MercatorNet.RMMain"
zondag 16 mei 2021 22:20:19 - Commandline		: StartAppPool "MercatorNet.WSDeploy_3_0"
zondag 16 mei 2021 22:20:19 - Commandline		: StartAppPool "MercatorNet.WSMain"
zondag 16 mei 2021 22:20:20 - Commandline		: StartAppPool "MercatorNet.WSServices"
zondag 16 mei 2021 22:20:20 - Commandline		: StartAppPool "MercatorNet.WSTariff"
zondag 16 mei 2021 22:20:20 - Commandline		: StartAppPool "MercatorNetBroker.WSDeploy_3_0"
zondag 16 mei 2021 22:20:20 - Commandline		: StartAppPool "MercatorNetBroker.WSMain"
zondag 16 mei 2021 22:20:20 - Commandline		: StartAppPool "MercatorWebSite"
zondag 16 mei 2021 22:20:20 - Commandline		: StartAppPool "MyBaloiseBroker"
zondag 16 mei 2021 22:20:20 - Commandline		: StartAppPool "MWebBvb"
zondag 16 mei 2021 22:20:20 - Commandline		: StartAppPool "ScvWebService"
zondag 16 mei 2021 22:20:20 - ================================svw-be-webfi001.balgroupit.com======================================
zondag 16 mei 2021 22:20:20 - ================================svw-be-webi02.balgroupit.com======================================
zondag 16 mei 2021 22:20:23 - Commandline		: DisableWSUSReboot ""
zondag 16 mei 2021 22:20:23 - Commandline		: StartService "World Wide Web Publishing Service"
zondag 16 mei 2021 22:20:23 - Commandline		: StartAppPool "DefaultAppPool"
zondag 16 mei 2021 22:20:23 - Commandline		: StartAppPool "MNet"
zondag 16 mei 2021 22:20:23 - Commandline		: StartAppPool "BaloiseBackend"
zondag 16 mei 2021 22:20:23 - Commandline		: StartAppPool "CDS"
zondag 16 mei 2021 22:20:23 - Commandline		: StartAppPool "Mercator.EAI.Framework.WebServices"
zondag 16 mei 2021 22:20:24 - Commandline		: StartAppPool "Mercator.Eai.Tools.Wsc"
zondag 16 mei 2021 22:20:24 - Commandline		: StartAppPool "Mercator.Portima"
zondag 16 mei 2021 22:20:24 - Commandline		: StartAppPool "Mercator.Portima.Monitoring"
zondag 16 mei 2021 22:20:24 - Commandline		: StartAppPool "MercatorNet.BoServices"
zondag 16 mei 2021 22:20:24 - Commandline		: StartAppPool "WSDms"
zondag 16 mei 2021 22:20:24 - Commandline		: StartAppPool "WSDmsDataRepository"
zondag 16 mei 2021 22:20:24 - Commandline		: StartAppPool "MercatorNet.BoServices"
zondag 16 mei 2021 22:20:24 - Commandline		: StartWebsite "DmsDataRepository"
zondag 16 mei 2021 22:20:24 - Commandline		: StartWebsite "MNet"
zondag 16 mei 2021 22:20:24 - Commandline		: StartService "Steria's Dispatcher Service"
zondag 16 mei 2021 22:20:25 - Commandline		: StartService "Mercator Document Delivery"
zondag 16 mei 2021 22:20:26 - Commandline		: StartService "Mercator Document Generation"
zondag 16 mei 2021 22:20:26 - Commandline		: StartService "Mercator Organization Data"
zondag 16 mei 2021 22:20:27 - Commandline		: StartService "Mercator DMS Pdf Conversion Call"
zondag 16 mei 2021 22:20:28 - Commandline		: StartService "Mercator Document Management System Service"
zondag 16 mei 2021 22:20:29 - Commandline		: StartService "Mercator Document Management System Async Service"
zondag 16 mei 2021 22:20:30 - Commandline		: StartService "Mercator Document Management System Batch Avero Service"
zondag 16 mei 2021 22:20:31 - Commandline		: StartService "BaloiseDmsBatchService"
zondag 16 mei 2021 22:20:32 - Commandline		: StartService "Mercator Document Store"
zondag 16 mei 2021 22:20:32 - Commandline		: StartService "Mercator Xpim Document Store"
zondag 16 mei 2021 22:20:32 - Commandline		: StartService "Mercator DMS Import Portima Attachments"
zondag 16 mei 2021 22:20:33 - Commandline		: StartService "Mercator DMS Bulk Insert"
zondag 16 mei 2021 22:20:33 - Commandline		: StartService "Baloise Central Data Store"
zondag 16 mei 2021 22:20:33 - Commandline		: StartService "Baloise SyncTaskToDMS"
zondag 16 mei 2021 22:20:34 - Commandline		: StartService "Baloise Backend"
zondag 16 mei 2021 22:20:34 - Commandline		: StartService "MercatorNET SCV Batch Service"
zondag 16 mei 2021 22:20:39 - Commandline		: StartService "Mercator.Integration.EAI.3.9.Listener"
zondag 16 mei 2021 22:20:39 - Commandline		: StartService "Mercator DMS MailImport Service"
zondag 16 mei 2021 22:20:39 - ================================svw-be-webi02.balgroupit.com======================================
zondag 16 mei 2021 22:20:40 - ================================svw-be-eaii01.balgroupit.com======================================
zondag 16 mei 2021 22:20:40 - Commandline		: DisableWSUSReboot ""
zondag 16 mei 2021 22:20:40 - Commandline		: StartService "mercator.eai.docservice"
zondag 16 mei 2021 22:20:42 - ================================svw-be-eaii01.balgroupit.com======================================
zondag 16 mei 2021 22:20:43 - ================================svw-be-bizi001.balgroupit.com======================================
zondag 16 mei 2021 22:20:50 - Commandline		: DisableWSUSReboot ""
zondag 16 mei 2021 22:20:50 - Commandline		: StartService "Mercator Managed File Transfer"
zondag 16 mei 2021 22:20:54 - Commandline		: StartService "Mercator Esb Process Initializer"
zondag 16 mei 2021 22:20:55 - ================================svw-be-bizi001.balgroupit.com======================================
zondag 16 mei 2021 22:20:56 - ================================svw-be-bizi002.balgroupit.com======================================
zondag 16 mei 2021 22:21:03 - Commandline		: DisableWSUSReboot ""
zondag 16 mei 2021 22:21:03 - Commandline		: StartService "Mercator Managed File Transfer"
zondag 16 mei 2021 22:21:07 - Commandline		: StartService "Mercator Esb Process Initializer"
zondag 16 mei 2021 22:21:08 - ================================svw-be-bizi002.balgroupit.com======================================
zondag 16 mei 2021 22:21:08 - ================================svw-be-babsi001.balgroupit.com======================================
zondag 16 mei 2021 22:21:11 - Commandline		: DisableWSUSReboot ""
zondag 16 mei 2021 22:21:11 - ================================svw-be-babsi001.balgroupit.com======================================
zondag 16 mei 2021 22:21:11 - ================================svw-be-babbi001.balgroupit.com======================================
zondag 16 mei 2021 22:21:12 - Commandline		: DisableWSUSReboot ""
zondag 16 mei 2021 22:21:12 - Commandline		: StartService "Baloise BaloiseBackendBatch"
zondag 16 mei 2021 22:21:17 - ================================svw-be-babbi001.balgroupit.com======================================
zondag 16 mei 2021 22:21:38 - ================================svw-be-tstfi01.balgroupit.com======================================
zondag 16 mei 2021 22:21:38 -  svw-be-tstfi01.balgroupit.com remote session could not be created.
zondag 16 mei 2021 22:21:38 - ================================svw-be-tstfi01.balgroupit.com======================================
zondag 16 mei 2021 22:21:59 - ================================svw-be-tstfi02.balgroupit.com======================================
zondag 16 mei 2021 22:21:59 -  svw-be-tstfi02.balgroupit.com remote session could not be created.
zondag 16 mei 2021 22:21:59 - ================================svw-be-tstfi02.balgroupit.com======================================
zondag 16 mei 2021 22:22:20 - ================================svw-be-tstfi03.balgroupit.com======================================
zondag 16 mei 2021 22:22:20 -  svw-be-tstfi03.balgroupit.com remote session could not be created.
zondag 16 mei 2021 22:22:21 - ================================svw-be-tstfi03.balgroupit.com======================================
zondag 16 mei 2021 22:22:42 - ================================svw-be-tstfi04.balgroupit.com======================================
zondag 16 mei 2021 22:22:42 -  svw-be-tstfi04.balgroupit.com remote session could not be created.
zondag 16 mei 2021 22:22:42 - ================================svw-be-tstfi04.balgroupit.com======================================
zondag 16 mei 2021 22:23:03 - ================================svw-be-tstfi005.balgroupit.com======================================
zondag 16 mei 2021 22:23:03 -  svw-be-tstfi005.balgroupit.com remote session could not be created.
zondag 16 mei 2021 22:23:03 - ================================svw-be-tstfi005.balgroupit.com======================================
zondag 16 mei 2021 22:23:24 - ================================svw-be-tstfi006.balgroupit.com======================================
zondag 16 mei 2021 22:23:24 -  svw-be-tstfi006.balgroupit.com remote session could not be created.
zondag 16 mei 2021 22:23:24 - ================================svw-be-tstfi006.balgroupit.com======================================
zondag 16 mei 2021 22:23:45 - ================================svw-be-tstfi007.balgroupit.com======================================
zondag 16 mei 2021 22:23:45 -  svw-be-tstfi007.balgroupit.com remote session could not be created.
zondag 16 mei 2021 22:23:45 - ================================svw-be-tstfi007.balgroupit.com======================================
