zondag 14 maart 2021 20:03:12 - READING XML File :  \\balgroupit.com\appl_data\BBE\Transfer\Packages\Scripts\WSUS\Icorp\Icorp_Stop_All.xml
zondag 14 maart 2021 20:03:12 - 
zondag 14 maart 2021 20:03:12 - ================================svw-be-webi02.balgroupit.com======================================
zondag 14 maart 2021 20:03:20 - Commandline		: StopWebsite "DmsDataRepository"
zondag 14 maart 2021 20:03:20 - Commandline		: StopWebsite "MNet"
zondag 14 maart 2021 20:03:20 - Commandline		: StopAppPool "MNet"
zondag 14 maart 2021 20:03:20 - Commandline		: StopAppPool "DefaultAppPool"
zondag 14 maart 2021 20:03:21 - Commandline		: StopAppPool "WSDMS"
zondag 14 maart 2021 20:03:21 - Commandline		: StopAppPool "WSDmsDataRepository"
zondag 14 maart 2021 20:03:21 - Commandline		: StopAppPool "BaloiseBackend"
zondag 14 maart 2021 20:03:21 - Commandline		: StopAppPool "CDS"
zondag 14 maart 2021 20:03:21 - Commandline		: StopAppPool "MercatorNet.BoServices"
zondag 14 maart 2021 20:03:21 - Commandline		: StopAppPool "Mercator.Portima.Monitoring"
zondag 14 maart 2021 20:03:21 - Commandline		: StopAppPool "Mercator.Portima"
zondag 14 maart 2021 20:03:21 - Commandline		: StopAppPool "Mercator.Eai.Tools.Wsc"
zondag 14 maart 2021 20:03:21 - Commandline		: StopAppPool "Mercator.EAI.Framework.WebServices"
zondag 14 maart 2021 20:03:21 - Commandline		: StopService "World Wide Web Publishing Service"
zondag 14 maart 2021 20:03:21 - Commandline		: StopService "Baloise Backend"
zondag 14 maart 2021 20:03:21 - Commandline		: StopService "Baloise Central Data Store"
zondag 14 maart 2021 20:03:21 - Commandline		: StopService "Baloise SyncTaskToDMS"
zondag 14 maart 2021 20:03:22 - Commandline		: StopService "Mercator DMS Bulk Insert"
zondag 14 maart 2021 20:03:22 - Commandline		: StopService "Mercator DMS Import Portima Attachments"
zondag 14 maart 2021 20:03:22 - Commandline		: StopService "Mercator DMS MailImport Service"
zondag 14 maart 2021 20:03:23 - Commandline		: StopService "Mercator Xpim Document Store"
zondag 14 maart 2021 20:03:23 - Commandline		: StopService "Mercator Document Store"
zondag 14 maart 2021 20:03:23 - Commandline		: StopService "BaloiseDmsBatchService"
zondag 14 maart 2021 20:03:23 - Commandline		: StopService "Mercator Document Management System Service"
zondag 14 maart 2021 20:03:23 - Commandline		: StopService "Mercator Document Management System Async Service"
zondag 14 maart 2021 20:03:24 - Commandline		: StopService "Mercator Document Management System Batch Avero Service"
zondag 14 maart 2021 20:03:24 - Commandline		: StopService "Mercator DMS Pdf Conversion Call"
zondag 14 maart 2021 20:03:24 - Commandline		: StopService "MercatorNET SCV Batch Service"
zondag 14 maart 2021 20:03:25 - Commandline		: StopService "Mercator Organization Data"
zondag 14 maart 2021 20:03:25 - Commandline		: StopService "Mercator Document Generation"
zondag 14 maart 2021 20:03:25 - Commandline		: StopService "Mercator Document Delivery"
zondag 14 maart 2021 20:03:25 - Commandline		: StopService "Steria's Dispatcher Service"
zondag 14 maart 2021 20:03:26 - Commandline		: StopService "Mercator.Integration.EAI.3.9.Listener"
zondag 14 maart 2021 20:03:26 - Commandline		: StopComPlus "Mercator.Framework.ActiveDirectory"
zondag 14 maart 2021 20:03:27 - Commandline		: StopComPlus "Mercator.EAI.3.9.Components"
zondag 14 maart 2021 20:03:30 - Commandline		: StopComPlus "Mercator.Framework.Document.Management.Global360"
zondag 14 maart 2021 20:03:33 - Commandline		: RemoveDirectory "C:\WINDOWS\Microsoft.NET\Framework\v4.0.30319\Temporary ASP.NET Files\cds"
zondag 14 maart 2021 20:03:33 - Commandline		: RemoveDirectory "C:\WINDOWS\Microsoft.NET\Framework\v2.0.50727\Temporary ASP.NET Files\mercatornet.boservices"
zondag 14 maart 2021 20:03:33 - Commandline		: RemoveDirectory "C:\WINDOWS\Microsoft.NET\Framework\v2.0.50727\Temporary ASP.NET Files\mercator.eai.framework.webservices"
zondag 14 maart 2021 20:03:33 - Commandline		: RemoveDirectory "C:\WINDOWS\Microsoft.NET\Framework\v2.0.50727\Temporary ASP.NET Files\mercator.eai.tools.wsc"
zondag 14 maart 2021 20:03:33 - Commandline		: RemoveDirectory "C:\WINDOWS\Microsoft.NET\Framework\v2.0.50727\Temporary ASP.NET Files\Mercator.Portima.Monitoring"
zondag 14 maart 2021 20:03:33 - Commandline		: RemoveDirectory "C:\WINDOWS\Microsoft.NET\Framework\v2.0.50727\Temporary ASP.NET Files\Mercator.Portima"
zondag 14 maart 2021 20:03:33 - Commandline		: RemoveDirectory "C:\WINDOWS\Microsoft.NET\Framework\v2.0.50727\Temporary ASP.NET Files\WSDMS"
zondag 14 maart 2021 20:03:33 - Commandline		: RemoveDirectory "C:\WINDOWS\Microsoft.NET\Framework\v2.0.50727\Temporary ASP.NET Files\wsdmsdatarepository"
zondag 14 maart 2021 20:03:33 - Commandline		: EnableWSUSReboot ""
zondag 14 maart 2021 20:03:33 - ================================svw-be-webi02.balgroupit.com======================================
zondag 14 maart 2021 20:03:35 - ================================svw-be-eaii01.balgroupit.com======================================
zondag 14 maart 2021 20:03:36 - Commandline		: StopService "mercator.eai.docservice"
zondag 14 maart 2021 20:03:36 - Commandline		: StopProcess "dllhost.exe"
zondag 14 maart 2021 20:03:37 - Commandline		: StopProcess "winword.exe"
zondag 14 maart 2021 20:03:37 - Commandline		: EnableWSUSReboot ""
zondag 14 maart 2021 20:03:37 - ================================svw-be-eaii01.balgroupit.com======================================
zondag 14 maart 2021 20:03:38 - ================================svw-be-webfi001.balgroupit.com======================================
zondag 14 maart 2021 20:03:45 - Commandline		: StopService "World Wide Web Publishing Service"
zondag 14 maart 2021 20:03:45 - Commandline		: StopWebsite "OnlineDocuments"
zondag 14 maart 2021 20:03:46 - Commandline		: StopWebsite "MNet"
zondag 14 maart 2021 20:03:46 - Commandline		: StopWebsite "MWebBvb"
zondag 14 maart 2021 20:03:46 - Commandline		: StopAppPool "DefaultAppPool"
zondag 14 maart 2021 20:03:46 - Commandline		: StopAppPool "ED"
zondag 14 maart 2021 20:03:46 - Commandline		: StopAppPool "EmployeeBenefits"
zondag 14 maart 2021 20:03:46 - Commandline		: StopAppPool "EtlLogViewer"
zondag 14 maart 2021 20:03:46 - Commandline		: StopAppPool "LevenAansluitingsverklaring"
zondag 14 maart 2021 20:03:47 - Commandline		: StopAppPool "LevenWijzigingsFormulier"
zondag 14 maart 2021 20:03:47 - Commandline		: StopAppPool "MercatorNet.RMMain"
zondag 14 maart 2021 20:03:47 - Commandline		: StopAppPool "MercatorNet.WSDeploy_3_0"
zondag 14 maart 2021 20:03:47 - Commandline		: StopAppPool "MercatorNet.WSMain"
zondag 14 maart 2021 20:03:47 - Commandline		: StopAppPool "MercatorNet.WSServices"
zondag 14 maart 2021 20:03:47 - Commandline		: StopAppPool "MercatorNet.WSTariff"
zondag 14 maart 2021 20:03:47 - Commandline		: StopAppPool "MercatorNetBroker.WSDeploy_3_0"
zondag 14 maart 2021 20:03:47 - Commandline		: StopAppPool "MercatorNetBroker.WSMain"
zondag 14 maart 2021 20:03:47 - Commandline		: StopAppPool "MercatorWebSite"
zondag 14 maart 2021 20:03:48 - Commandline		: StopAppPool "MyBaloiseBroker"
zondag 14 maart 2021 20:03:48 - Commandline		: StopAppPool "MWebBvb"
zondag 14 maart 2021 20:03:48 - Commandline		: StopAppPool "ScvWebService"
zondag 14 maart 2021 20:03:48 - Commandline		: EnableWSUSReboot ""
zondag 14 maart 2021 20:03:48 - ================================svw-be-webfi001.balgroupit.com======================================
zondag 14 maart 2021 20:03:49 - ================================svw-be-dmsi01.balgroupit.com======================================
zondag 14 maart 2021 20:03:57 - Commandline		: EnableWSUSReboot ""
zondag 14 maart 2021 20:03:57 - Commandline		: StopService "Execute360 Route Engine"
zondag 14 maart 2021 20:04:03 - Commandline		: StopService "Execute360 Index Manager"
zondag 14 maart 2021 20:04:03 - Commandline		: StopService "Execute360 Transfer Manager"
zondag 14 maart 2021 20:04:03 - Commandline		: StopService "Execute360 Rendezvous Manager"
zondag 14 maart 2021 20:04:04 - Commandline		: StopService "Execute360 Location Manager"
zondag 14 maart 2021 20:04:05 - Commandline		: StopService "Execute360 Object Manager"
zondag 14 maart 2021 20:04:10 - Commandline		: StopService "Execute360 Security Manager"
zondag 14 maart 2021 20:04:11 - ================================svw-be-dmsi01.balgroupit.com======================================
zondag 14 maart 2021 20:04:11 - ================================svw-be-bizi001.balgroupit.com======================================
zondag 14 maart 2021 20:04:19 - Commandline		: StopService "Mercator Managed File Transfer"
zondag 14 maart 2021 20:04:20 - Commandline		: StopService "Mercator Esb Process Initializer"
zondag 14 maart 2021 20:04:20 - Commandline		: EnableWSUSReboot ""
zondag 14 maart 2021 20:04:20 - ================================svw-be-bizi001.balgroupit.com======================================
zondag 14 maart 2021 20:04:21 - ================================svw-be-bizi002.balgroupit.com======================================
zondag 14 maart 2021 20:04:29 - Commandline		: StopService "Mercator Managed File Transfer"
zondag 14 maart 2021 20:04:29 - Commandline		: StopService "Mercator Esb Process Initializer"
zondag 14 maart 2021 20:04:29 - Commandline		: EnableWSUSReboot ""
zondag 14 maart 2021 20:04:29 - ================================svw-be-bizi002.balgroupit.com======================================
zondag 14 maart 2021 20:04:30 - ================================svw-be-babsi001.balgroupit.com======================================
zondag 14 maart 2021 20:04:37 - Commandline		: EnableWSUSReboot ""
zondag 14 maart 2021 20:04:37 - ================================svw-be-babsi001.balgroupit.com======================================
zondag 14 maart 2021 20:04:38 - ================================svw-be-babbi001.balgroupit.com======================================
zondag 14 maart 2021 20:04:38 - Commandline		: StopService "Baloise BaloiseBackendBatch"
zondag 14 maart 2021 20:04:39 - Commandline		: EnableWSUSReboot ""
zondag 14 maart 2021 20:04:39 - ================================svw-be-babbi001.balgroupit.com======================================
