zondag 16 augustus 2020 20:02:42 - READING XML File :  \\balgroupit.com\appl_data\BBE\Transfer\Packages\Scripts\WSUS\Icorp\Icorp_Stop_All.xml
zondag 16 augustus 2020 20:02:42 - 
zondag 16 augustus 2020 20:02:43 - ================================svw-be-webi02.balgroupit.com======================================
zondag 16 augustus 2020 20:02:50 - Commandline		: StopWebsite "DmsDataRepository"
zondag 16 augustus 2020 20:02:50 - Commandline		: StopWebsite "MNet"
zondag 16 augustus 2020 20:02:51 - Commandline		: StopAppPool "MNet"
zondag 16 augustus 2020 20:02:51 - Commandline		: StopAppPool "DefaultAppPool"
zondag 16 augustus 2020 20:02:51 - Commandline		: StopAppPool "WSDMS"
zondag 16 augustus 2020 20:02:51 - Commandline		: StopAppPool "WSDmsDataRepository"
zondag 16 augustus 2020 20:02:51 - Commandline		: StopAppPool "BaloiseBackend"
zondag 16 augustus 2020 20:02:51 - Commandline		: StopAppPool "CDS"
zondag 16 augustus 2020 20:02:51 - Commandline		: StopAppPool "MercatorNet.BoServices"
zondag 16 augustus 2020 20:02:51 - Commandline		: StopAppPool "Mercator.Portima.Monitoring"
zondag 16 augustus 2020 20:02:51 - Commandline		: StopAppPool "Mercator.Portima"
zondag 16 augustus 2020 20:02:51 - Commandline		: StopAppPool "Mercator.Eai.Tools.Wsc"
zondag 16 augustus 2020 20:02:51 - Commandline		: StopAppPool "Mercator.EAI.Framework.WebServices"
zondag 16 augustus 2020 20:02:51 - Commandline		: StopService "World Wide Web Publishing Service"
zondag 16 augustus 2020 20:02:52 - Commandline		: StopService "Baloise Backend"
zondag 16 augustus 2020 20:02:52 - Commandline		: StopService "Baloise Central Data Store"
zondag 16 augustus 2020 20:02:52 - Commandline		: StopService "Baloise SyncTaskToDMS"
zondag 16 augustus 2020 20:02:52 - Commandline		: StopService "Mercator DMS Bulk Insert"
zondag 16 augustus 2020 20:02:52 - Commandline		: StopService "Mercator DMS Import Portima Attachments"
zondag 16 augustus 2020 20:02:53 - Commandline		: StopService "Mercator DMS MailImport Service"
zondag 16 augustus 2020 20:02:53 - Commandline		: StopService "Mercator Xpim Document Store"
zondag 16 augustus 2020 20:02:53 - Commandline		: StopService "Mercator Document Store"
zondag 16 augustus 2020 20:02:53 - Commandline		: StopService "BaloiseDmsBatchService"
zondag 16 augustus 2020 20:02:53 - Commandline		: StopService "Mercator Document Management System Service"
zondag 16 augustus 2020 20:02:54 - Commandline		: StopService "Mercator Document Management System Async Service"
zondag 16 augustus 2020 20:02:54 - Commandline		: StopService "Mercator Document Management System Batch Avero Service"
zondag 16 augustus 2020 20:02:54 - Commandline		: StopService "Mercator DMS Pdf Conversion Call"
zondag 16 augustus 2020 20:02:56 - Commandline		: StopService "MercatorNET SCV Batch Service"
zondag 16 augustus 2020 20:02:57 - Commandline		: StopService "Mercator Organization Data"
zondag 16 augustus 2020 20:02:57 - Commandline		: StopService "Mercator Document Generation"
zondag 16 augustus 2020 20:02:57 - Commandline		: StopService "Mercator Document Delivery"
zondag 16 augustus 2020 20:02:57 - Commandline		: StopService "Steria's Dispatcher Service"
zondag 16 augustus 2020 20:02:58 - Commandline		: StopService "Mercator.Integration.EAI.3.9.Listener"
zondag 16 augustus 2020 20:02:58 - Commandline		: StopComPlus "Mercator.Framework.ActiveDirectory"
zondag 16 augustus 2020 20:02:58 - Commandline		: StopComPlus "Mercator.EAI.3.9.Components"
zondag 16 augustus 2020 20:03:02 - Commandline		: StopComPlus "Mercator.Framework.Document.Management.Global360"
zondag 16 augustus 2020 20:03:05 - Commandline		: RemoveDirectory "C:\WINDOWS\Microsoft.NET\Framework\v4.0.30319\Temporary ASP.NET Files\cds"
zondag 16 augustus 2020 20:03:05 - Commandline		: RemoveDirectory "C:\WINDOWS\Microsoft.NET\Framework\v2.0.50727\Temporary ASP.NET Files\mercatornet.boservices"
zondag 16 augustus 2020 20:03:05 - Commandline		: RemoveDirectory "C:\WINDOWS\Microsoft.NET\Framework\v2.0.50727\Temporary ASP.NET Files\mercator.eai.framework.webservices"
zondag 16 augustus 2020 20:03:05 - Commandline		: RemoveDirectory "C:\WINDOWS\Microsoft.NET\Framework\v2.0.50727\Temporary ASP.NET Files\mercator.eai.tools.wsc"
zondag 16 augustus 2020 20:03:05 - Commandline		: RemoveDirectory "C:\WINDOWS\Microsoft.NET\Framework\v2.0.50727\Temporary ASP.NET Files\Mercator.Portima.Monitoring"
zondag 16 augustus 2020 20:03:05 - Commandline		: RemoveDirectory "C:\WINDOWS\Microsoft.NET\Framework\v2.0.50727\Temporary ASP.NET Files\Mercator.Portima"
zondag 16 augustus 2020 20:03:05 - Commandline		: RemoveDirectory "C:\WINDOWS\Microsoft.NET\Framework\v2.0.50727\Temporary ASP.NET Files\WSDMS"
zondag 16 augustus 2020 20:03:05 - Commandline		: RemoveDirectory "C:\WINDOWS\Microsoft.NET\Framework\v2.0.50727\Temporary ASP.NET Files\wsdmsdatarepository"
zondag 16 augustus 2020 20:03:05 - Commandline		: EnableWSUSReboot ""
zondag 16 augustus 2020 20:03:05 - ================================svw-be-webi02.balgroupit.com======================================
zondag 16 augustus 2020 20:03:07 - ================================svw-be-eaii01.balgroupit.com======================================
zondag 16 augustus 2020 20:03:08 - Commandline		: StopService "mercator.eai.docservice"
zondag 16 augustus 2020 20:03:08 - Commandline		: StopProcess "dllhost.exe"
zondag 16 augustus 2020 20:03:08 - Commandline		: StopProcess "winword.exe"
zondag 16 augustus 2020 20:03:08 - Commandline		: EnableWSUSReboot ""
zondag 16 augustus 2020 20:03:08 - ================================svw-be-eaii01.balgroupit.com======================================
zondag 16 augustus 2020 20:03:09 - ================================svw-be-webfi001.balgroupit.com======================================
zondag 16 augustus 2020 20:03:17 - Commandline		: StopService "World Wide Web Publishing Service"
zondag 16 augustus 2020 20:03:17 - Commandline		: StopWebsite "OnlineDocuments"
zondag 16 augustus 2020 20:03:17 - Commandline		: StopWebsite "MNet"
zondag 16 augustus 2020 20:03:17 - Commandline		: StopWebsite "MWebBvb"
zondag 16 augustus 2020 20:03:17 - Commandline		: StopAppPool "DefaultAppPool"
zondag 16 augustus 2020 20:03:17 - Commandline		: StopAppPool "ED"
zondag 16 augustus 2020 20:03:17 - Commandline		: StopAppPool "EmployeeBenefits"
zondag 16 augustus 2020 20:03:17 - Commandline		: StopAppPool "EtlLogViewer"
zondag 16 augustus 2020 20:03:18 - Commandline		: StopAppPool "LevenAansluitingsverklaring"
zondag 16 augustus 2020 20:03:18 - Commandline		: StopAppPool "LevenWijzigingsFormulier"
zondag 16 augustus 2020 20:03:18 - Commandline		: StopAppPool "MercatorNet.RMMain"
zondag 16 augustus 2020 20:03:18 - Commandline		: StopAppPool "MercatorNet.WSDeploy_3_0"
zondag 16 augustus 2020 20:03:18 - Commandline		: StopAppPool "MercatorNet.WSMain"
zondag 16 augustus 2020 20:03:18 - Commandline		: StopAppPool "MercatorNet.WSServices"
zondag 16 augustus 2020 20:03:18 - Commandline		: StopAppPool "MercatorNet.WSTariff"
zondag 16 augustus 2020 20:03:18 - Commandline		: StopAppPool "MercatorNetBroker.WSDeploy_3_0"
zondag 16 augustus 2020 20:03:18 - Commandline		: StopAppPool "MercatorNetBroker.WSMain"
zondag 16 augustus 2020 20:03:18 - Commandline		: StopAppPool "MercatorWebSite"
zondag 16 augustus 2020 20:03:18 - Commandline		: StopAppPool "MyBaloiseBroker"
zondag 16 augustus 2020 20:03:18 - Commandline		: StopAppPool "MWebBvb"
zondag 16 augustus 2020 20:03:19 - Commandline		: StopAppPool "ScvWebService"
zondag 16 augustus 2020 20:03:19 - Commandline		: EnableWSUSReboot ""
zondag 16 augustus 2020 20:03:19 - ================================svw-be-webfi001.balgroupit.com======================================
zondag 16 augustus 2020 20:03:20 - ================================svw-be-dmsi01.balgroupit.com======================================
zondag 16 augustus 2020 20:03:27 - Commandline		: EnableWSUSReboot ""
zondag 16 augustus 2020 20:03:27 - Commandline		: StopService "Execute360 Route Engine"
zondag 16 augustus 2020 20:03:33 - Commandline		: StopService "Execute360 Index Manager"
zondag 16 augustus 2020 20:03:33 - Commandline		: StopService "Execute360 Transfer Manager"
zondag 16 augustus 2020 20:03:34 - Commandline		: StopService "Execute360 Rendezvous Manager"
zondag 16 augustus 2020 20:03:34 - Commandline		: StopService "Execute360 Location Manager"
zondag 16 augustus 2020 20:03:35 - Commandline		: StopService "Execute360 Object Manager"
zondag 16 augustus 2020 20:03:40 - Commandline		: StopService "Execute360 Security Manager"
zondag 16 augustus 2020 20:03:40 - ================================svw-be-dmsi01.balgroupit.com======================================
zondag 16 augustus 2020 20:03:41 - ================================svw-be-bizi001.balgroupit.com======================================
zondag 16 augustus 2020 20:03:49 - Commandline		: StopService "Mercator Managed File Transfer"
zondag 16 augustus 2020 20:03:50 - Commandline		: StopService "Mercator Esb Process Initializer"
zondag 16 augustus 2020 20:03:50 - Commandline		: EnableWSUSReboot ""
zondag 16 augustus 2020 20:03:50 - ================================svw-be-bizi001.balgroupit.com======================================
zondag 16 augustus 2020 20:03:51 - ================================svw-be-bizi002.balgroupit.com======================================
zondag 16 augustus 2020 20:03:58 - Commandline		: StopService "Mercator Managed File Transfer"
zondag 16 augustus 2020 20:03:59 - Commandline		: StopService "Mercator Esb Process Initializer"
zondag 16 augustus 2020 20:03:59 - Commandline		: EnableWSUSReboot ""
zondag 16 augustus 2020 20:03:59 - ================================svw-be-bizi002.balgroupit.com======================================
zondag 16 augustus 2020 20:04:00 - ================================svw-be-babsi001.balgroupit.com======================================
zondag 16 augustus 2020 20:04:07 - Commandline		: EnableWSUSReboot ""
zondag 16 augustus 2020 20:04:07 - ================================svw-be-babsi001.balgroupit.com======================================
zondag 16 augustus 2020 20:04:07 - ================================svw-be-babbi001.balgroupit.com======================================
zondag 16 augustus 2020 20:04:08 - Commandline		: StopService "Baloise BaloiseBackendBatch"
zondag 16 augustus 2020 20:04:08 - Commandline		: EnableWSUSReboot ""
zondag 16 augustus 2020 20:04:08 - ================================svw-be-babbi001.balgroupit.com======================================
