zondag 15 augustus 2021 22:17:34 - READING XML File :  \\balgroupit.com\appl_data\BBE\Transfer\Packages\Scripts\WSUS\Icorp\Icorp_Start_All.xml
zondag 15 augustus 2021 22:17:35 - 
zondag 15 augustus 2021 22:17:37 - ================================svw-be-dmsi01.balgroupit.com======================================
zondag 15 augustus 2021 22:17:38 - Commandline		: DisableWSUSReboot ""
zondag 15 augustus 2021 22:17:38 - Commandline		: StartService "Execute360 Route Engine"
zondag 15 augustus 2021 22:18:01 - Commandline		: StartService "Execute360 Index Manager"
zondag 15 augustus 2021 22:18:02 - Commandline		: StartService "Execute360 Transfer Manager"
zondag 15 augustus 2021 22:18:03 - Commandline		: StartService "Execute360 Rendezvous Manager"
zondag 15 augustus 2021 22:18:03 - Commandline		: StartService "Execute360 Location Manager"
zondag 15 augustus 2021 22:18:05 - Commandline		: StartService "Execute360 Object Manager"
zondag 15 augustus 2021 22:18:10 - Commandline		: StartService "Execute360 Security Manager"
zondag 15 augustus 2021 22:18:11 - ================================svw-be-dmsi01.balgroupit.com======================================
zondag 15 augustus 2021 22:18:11 - ================================svw-be-webfi001.balgroupit.com======================================
zondag 15 augustus 2021 22:18:12 - Commandline		: DisableWSUSReboot ""
zondag 15 augustus 2021 22:18:12 - Commandline		: StartService "World Wide Web Publishing Service"
zondag 15 augustus 2021 22:18:12 - Commandline		: StartWebsite "OnlineDocuments"
zondag 15 augustus 2021 22:18:12 - Commandline		: StartWebsite "MNet"
zondag 15 augustus 2021 22:18:12 - Commandline		: StartWebsite "MWebBvb"
zondag 15 augustus 2021 22:18:12 - Commandline		: StartAppPool "DefaultAppPool"
zondag 15 augustus 2021 22:18:13 - Commandline		: StartAppPool "ED"
zondag 15 augustus 2021 22:18:13 - Commandline		: StartAppPool "EmployeeBenefits"
zondag 15 augustus 2021 22:18:13 - Commandline		: StartAppPool "EtlLogViewer"
zondag 15 augustus 2021 22:18:13 - Commandline		: StartAppPool "LevenAansluitingsverklaring"
zondag 15 augustus 2021 22:18:13 - Commandline		: StartAppPool "LevenWijzigingsFormulier"
zondag 15 augustus 2021 22:18:13 - Commandline		: StartAppPool "MercatorNet.RMMain"
zondag 15 augustus 2021 22:18:13 - Commandline		: StartAppPool "MercatorNet.WSDeploy_3_0"
zondag 15 augustus 2021 22:18:13 - Commandline		: StartAppPool "MercatorNet.WSMain"
zondag 15 augustus 2021 22:18:13 - Commandline		: StartAppPool "MercatorNet.WSServices"
zondag 15 augustus 2021 22:18:13 - Commandline		: StartAppPool "MercatorNet.WSTariff"
zondag 15 augustus 2021 22:18:13 - Commandline		: StartAppPool "MercatorNetBroker.WSDeploy_3_0"
zondag 15 augustus 2021 22:18:13 - Commandline		: StartAppPool "MercatorNetBroker.WSMain"
zondag 15 augustus 2021 22:18:13 - Commandline		: StartAppPool "MercatorWebSite"
zondag 15 augustus 2021 22:18:14 - Commandline		: StartAppPool "MyBaloiseBroker"
zondag 15 augustus 2021 22:18:14 - Commandline		: StartAppPool "MWebBvb"
zondag 15 augustus 2021 22:18:14 - Commandline		: StartAppPool "ScvWebService"
zondag 15 augustus 2021 22:18:14 - ================================svw-be-webfi001.balgroupit.com======================================
zondag 15 augustus 2021 22:18:14 - ================================svw-be-webi02.balgroupit.com======================================
zondag 15 augustus 2021 22:18:15 - Commandline		: DisableWSUSReboot ""
zondag 15 augustus 2021 22:18:15 - Commandline		: StartService "World Wide Web Publishing Service"
zondag 15 augustus 2021 22:18:15 - Commandline		: StartAppPool "DefaultAppPool"
zondag 15 augustus 2021 22:18:15 - Commandline		: StartAppPool "MNet"
zondag 15 augustus 2021 22:18:15 - Commandline		: StartAppPool "BaloiseBackend"
zondag 15 augustus 2021 22:18:15 - Commandline		: StartAppPool "CDS"
zondag 15 augustus 2021 22:18:15 - Commandline		: StartAppPool "Mercator.EAI.Framework.WebServices"
zondag 15 augustus 2021 22:18:16 - Commandline		: StartAppPool "Mercator.Eai.Tools.Wsc"
zondag 15 augustus 2021 22:18:16 - Commandline		: StartAppPool "Mercator.Portima"
zondag 15 augustus 2021 22:18:16 - Commandline		: StartAppPool "Mercator.Portima.Monitoring"
zondag 15 augustus 2021 22:18:16 - Commandline		: StartAppPool "MercatorNet.BoServices"
zondag 15 augustus 2021 22:18:16 - Commandline		: StartAppPool "WSDms"
zondag 15 augustus 2021 22:18:16 - Commandline		: StartAppPool "WSDmsDataRepository"
zondag 15 augustus 2021 22:18:16 - Commandline		: StartAppPool "MercatorNet.BoServices"
zondag 15 augustus 2021 22:18:16 - Commandline		: StartWebsite "DmsDataRepository"
zondag 15 augustus 2021 22:18:16 - Commandline		: StartWebsite "MNet"
zondag 15 augustus 2021 22:18:16 - Commandline		: StartService "Steria's Dispatcher Service"
zondag 15 augustus 2021 22:18:16 - Commandline		: StartService "Mercator Document Delivery"
zondag 15 augustus 2021 22:18:16 - Commandline		: StartService "Mercator Document Generation"
zondag 15 augustus 2021 22:18:16 - Commandline		: StartService "Mercator Organization Data"
zondag 15 augustus 2021 22:18:16 - Commandline		: StartService "Mercator DMS Pdf Conversion Call"
zondag 15 augustus 2021 22:18:17 - Commandline		: StartService "Mercator Document Management System Service"
zondag 15 augustus 2021 22:18:17 - Commandline		: StartService "Mercator Document Management System Async Service"
zondag 15 augustus 2021 22:18:17 - Commandline		: StartService "Mercator Document Management System Batch Avero Service"
zondag 15 augustus 2021 22:18:18 - Commandline		: StartService "BaloiseDmsBatchService"
zondag 15 augustus 2021 22:18:18 - Commandline		: StartService "Mercator Document Store"
zondag 15 augustus 2021 22:18:18 - Commandline		: StartService "Mercator Xpim Document Store"
zondag 15 augustus 2021 22:18:18 - Commandline		: StartService "Mercator DMS Import Portima Attachments"
zondag 15 augustus 2021 22:18:19 - Commandline		: StartService "Mercator DMS Bulk Insert"
zondag 15 augustus 2021 22:18:19 - Commandline		: StartService "Baloise Central Data Store"
zondag 15 augustus 2021 22:18:19 - Commandline		: StartService "Baloise SyncTaskToDMS"
zondag 15 augustus 2021 22:18:19 - Commandline		: StartService "Baloise Backend"
zondag 15 augustus 2021 22:18:19 - Commandline		: StartService "MercatorNET SCV Batch Service"
zondag 15 augustus 2021 22:18:19 - Commandline		: StartService "Mercator.Integration.EAI.3.9.Listener"
zondag 15 augustus 2021 22:18:19 - Commandline		: StartService "Mercator DMS MailImport Service"
zondag 15 augustus 2021 22:18:19 - ================================svw-be-webi02.balgroupit.com======================================
zondag 15 augustus 2021 22:18:22 - ================================svw-be-eaii01.balgroupit.com======================================
zondag 15 augustus 2021 22:18:23 - Commandline		: DisableWSUSReboot ""
zondag 15 augustus 2021 22:18:23 - Commandline		: StartService "mercator.eai.docservice"
zondag 15 augustus 2021 22:18:23 - ================================svw-be-eaii01.balgroupit.com======================================
zondag 15 augustus 2021 22:18:26 - ================================svw-be-bizi001.balgroupit.com======================================
zondag 15 augustus 2021 22:18:34 - Commandline		: DisableWSUSReboot ""
zondag 15 augustus 2021 22:18:34 - Commandline		: StartService "Mercator Managed File Transfer"
zondag 15 augustus 2021 22:18:38 - Commandline		: StartService "Mercator Esb Process Initializer"
zondag 15 augustus 2021 22:18:39 - ================================svw-be-bizi001.balgroupit.com======================================
zondag 15 augustus 2021 22:18:40 - ================================svw-be-bizi002.balgroupit.com======================================
zondag 15 augustus 2021 22:18:41 - Commandline		: DisableWSUSReboot ""
zondag 15 augustus 2021 22:18:41 - Commandline		: StartService "Mercator Managed File Transfer"
zondag 15 augustus 2021 22:18:41 - Commandline		: StartService "Mercator Esb Process Initializer"
zondag 15 augustus 2021 22:18:41 - ================================svw-be-bizi002.balgroupit.com======================================
zondag 15 augustus 2021 22:18:41 - ================================svw-be-babsi001.balgroupit.com======================================
zondag 15 augustus 2021 22:18:41 -  svw-be-babsi001.balgroupit.com remote session could not be created.
zondag 15 augustus 2021 22:18:41 - ================================svw-be-babsi001.balgroupit.com======================================
zondag 15 augustus 2021 22:18:41 - ================================svw-be-babbi001.balgroupit.com======================================
zondag 15 augustus 2021 22:18:42 - Commandline		: DisableWSUSReboot ""
zondag 15 augustus 2021 22:18:42 - Commandline		: StartService "Baloise BaloiseBackendBatch"
zondag 15 augustus 2021 22:18:47 - ================================svw-be-babbi001.balgroupit.com======================================
zondag 15 augustus 2021 22:19:08 - ================================svw-be-tstfi01.balgroupit.com======================================
zondag 15 augustus 2021 22:19:08 -  svw-be-tstfi01.balgroupit.com remote session could not be created.
zondag 15 augustus 2021 22:19:08 - ================================svw-be-tstfi01.balgroupit.com======================================
zondag 15 augustus 2021 22:19:29 - ================================svw-be-tstfi02.balgroupit.com======================================
zondag 15 augustus 2021 22:19:29 -  svw-be-tstfi02.balgroupit.com remote session could not be created.
zondag 15 augustus 2021 22:19:29 - ================================svw-be-tstfi02.balgroupit.com======================================
zondag 15 augustus 2021 22:19:50 - ================================svw-be-tstfi03.balgroupit.com======================================
zondag 15 augustus 2021 22:19:50 -  svw-be-tstfi03.balgroupit.com remote session could not be created.
zondag 15 augustus 2021 22:19:50 - ================================svw-be-tstfi03.balgroupit.com======================================
zondag 15 augustus 2021 22:20:11 - ================================svw-be-tstfi04.balgroupit.com======================================
zondag 15 augustus 2021 22:20:11 -  svw-be-tstfi04.balgroupit.com remote session could not be created.
zondag 15 augustus 2021 22:20:11 - ================================svw-be-tstfi04.balgroupit.com======================================
zondag 15 augustus 2021 22:20:32 - ================================svw-be-tstfi005.balgroupit.com======================================
zondag 15 augustus 2021 22:20:32 -  svw-be-tstfi005.balgroupit.com remote session could not be created.
zondag 15 augustus 2021 22:20:32 - ================================svw-be-tstfi005.balgroupit.com======================================
zondag 15 augustus 2021 22:20:53 - ================================svw-be-tstfi006.balgroupit.com======================================
zondag 15 augustus 2021 22:20:53 -  svw-be-tstfi006.balgroupit.com remote session could not be created.
zondag 15 augustus 2021 22:20:53 - ================================svw-be-tstfi006.balgroupit.com======================================
zondag 15 augustus 2021 22:21:14 - ================================svw-be-tstfi007.balgroupit.com======================================
zondag 15 augustus 2021 22:21:14 -  svw-be-tstfi007.balgroupit.com remote session could not be created.
zondag 15 augustus 2021 22:21:14 - ================================svw-be-tstfi007.balgroupit.com======================================
zondag 15 augustus 2021 22:21:14 - ================================svw-be-testp001.balgroupit.com======================================
zondag 15 augustus 2021 22:21:14 -  svw-be-testp001.balgroupit.com remote session could not be created.
zondag 15 augustus 2021 22:21:14 - ================================svw-be-testp001.balgroupit.com======================================
zondag 15 augustus 2021 22:21:14 - ================================svw-be-testp002.balgroupit.com======================================
zondag 15 augustus 2021 22:21:14 -  svw-be-testp002.balgroupit.com remote session could not be created.
zondag 15 augustus 2021 22:21:14 - ================================svw-be-testp002.balgroupit.com======================================
