zondag 19 juli 2020 20:02:29 - READING XML File :  \\balgroupit.com\appl_data\BBE\Transfer\Packages\Scripts\WSUS\Icorp\Icorp_Stop_All.xml
zondag 19 juli 2020 20:02:29 - 
zondag 19 juli 2020 20:02:29 - 
zondag 19 juli 2020 20:02:30 - ================================svw-be-webi02.balgroupit.com======================================
zondag 19 juli 2020 20:02:38 - Commandline		: StopWebsite "DmsDataRepository"
zondag 19 juli 2020 20:02:38 - Commandline		: StopAppPool "WSDmsDataRepository"
zondag 19 juli 2020 20:02:38 - Commandline		: StopAppPool "WSDmsDataRepository"
zondag 19 juli 2020 20:02:38 - Commandline		: StopAppPool "BaloiseBackend"
zondag 19 juli 2020 20:02:38 - Commandline		: StopAppPool "BaloiseBackend"
zondag 19 juli 2020 20:02:38 - Commandline		: StopAppPool "CDS"
zondag 19 juli 2020 20:02:38 - Commandline		: StopAppPool "CDS"
zondag 19 juli 2020 20:02:38 - Commandline		: StopAppPool "MercatorNet.BoServices"
zondag 19 juli 2020 20:02:38 - Commandline		: StopAppPool "MercatorNet.BoServices"
zondag 19 juli 2020 20:02:38 - Commandline		: StopAppPool "Mercator.Portima.Monitoring"
zondag 19 juli 2020 20:02:38 - Commandline		: StopAppPool "Mercator.Portima.Monitoring"
zondag 19 juli 2020 20:02:39 - Commandline		: StopAppPool "Mercator.Portima"
zondag 19 juli 2020 20:02:39 - Commandline		: StopAppPool "Mercator.Portima"
zondag 19 juli 2020 20:02:39 - Commandline		: StopAppPool "Mercator.Eai.Tools.Wsc"
zondag 19 juli 2020 20:02:39 - Commandline		: StopAppPool "Mercator.Eai.Tools.Wsc"
zondag 19 juli 2020 20:02:39 - Commandline		: StopService "World Wide Web Publishing Service"
zondag 19 juli 2020 20:02:39 - Commandline		: StopService "World Wide Web Publishing Service"
zondag 19 juli 2020 20:02:39 - Commandline		: StopService "Baloise Backend"
zondag 19 juli 2020 20:02:39 - Commandline		: StopService "Baloise Backend"
zondag 19 juli 2020 20:02:39 - Commandline		: StopService "Baloise Central Data Store"
zondag 19 juli 2020 20:02:39 - Commandline		: StopService "Baloise Central Data Store"
zondag 19 juli 2020 20:02:39 - Commandline		: StopService "Baloise SyncTaskToDMS"
zondag 19 juli 2020 20:02:39 - Commandline		: StopService "Mercator DMS Bulk Insert"
zondag 19 juli 2020 20:02:39 - Commandline		: StopService "Mercator DMS Bulk Insert"
zondag 19 juli 2020 20:02:39 - Commandline		: StopService "Mercator DMS Import Portima Attachments"
zondag 19 juli 2020 20:02:39 - Commandline		: StopService "Mercator DMS Import Portima Attachments"
zondag 19 juli 2020 20:02:39 - Commandline		: StopService "Mercator DMS MailImport Service"
zondag 19 juli 2020 20:02:40 - Commandline		: StopService "Mercator DMS MailImport Service"
zondag 19 juli 2020 20:02:40 - Commandline		: StopService "Mercator Xpim Document Store"
zondag 19 juli 2020 20:02:40 - Commandline		: StopService "Mercator Document Store"
zondag 19 juli 2020 20:02:40 - Commandline		: StopService "Mercator Xpim Document Store"
zondag 19 juli 2020 20:02:40 - Commandline		: StopService "BaloiseDmsBatchService"
zondag 19 juli 2020 20:02:40 - Commandline		: StopService "Mercator Document Store"
zondag 19 juli 2020 20:02:40 - Commandline		: StopService "BaloiseDmsBatchService"
zondag 19 juli 2020 20:02:40 - Commandline		: StopService "Mercator Document Management System Service"
zondag 19 juli 2020 20:02:40 - Commandline		: StopService "Mercator Document Management System Service"
zondag 19 juli 2020 20:02:40 - Commandline		: StopService "Mercator Document Management System Async Service"
zondag 19 juli 2020 20:02:40 - Commandline		: StopService "Mercator Document Management System Async Service"
zondag 19 juli 2020 20:02:40 - Commandline		: StopService "Mercator Document Management System Batch Avero Service"
zondag 19 juli 2020 20:02:40 - Commandline		: StopService "Mercator Document Management System Batch Avero Service"
zondag 19 juli 2020 20:02:41 - Commandline		: StopService "Mercator DMS Pdf Conversion Call"
zondag 19 juli 2020 20:02:41 - Commandline		: StopService "Mercator DMS Pdf Conversion Call"
zondag 19 juli 2020 20:02:41 - Commandline		: StopService "MercatorNET SCV Batch Service"
zondag 19 juli 2020 20:02:41 - Commandline		: StopService "MercatorNET SCV Batch Service"
zondag 19 juli 2020 20:02:41 - Commandline		: StopService "Mercator Organization Data"
zondag 19 juli 2020 20:02:41 - Commandline		: StopService "Mercator Organization Data"
zondag 19 juli 2020 20:02:41 - Commandline		: StopService "Mercator Document Generation"
zondag 19 juli 2020 20:02:41 - Commandline		: StopService "Mercator Document Generation"
zondag 19 juli 2020 20:02:41 - Commandline		: StopService "Mercator Document Delivery"
zondag 19 juli 2020 20:02:41 - Commandline		: StopService "Mercator Document Delivery"
zondag 19 juli 2020 20:02:41 - Commandline		: StopService "Steria's Dispatcher Service"
zondag 19 juli 2020 20:02:42 - Commandline		: StopService "Steria's Dispatcher Service"
zondag 19 juli 2020 20:02:42 - Commandline		: StopService "Mercator.Integration.EAI.3.9.Listener"
zondag 19 juli 2020 20:02:42 - Commandline		: StopComPlus "Mercator.Framework.ActiveDirectory"
zondag 19 juli 2020 20:02:42 - Commandline		: StopService "Mercator.Integration.EAI.3.9.Listener"
zondag 19 juli 2020 20:02:42 - Commandline		: StopComPlus "Mercator.Framework.ActiveDirectory"
zondag 19 juli 2020 20:02:42 - Commandline		: StopComPlus "Mercator.EAI.3.9.Components"
zondag 19 juli 2020 20:02:45 - Commandline		: StopComPlus "Mercator.Framework.Document.Management.Global360"
zondag 19 juli 2020 20:02:49 - Commandline		: RemoveDirectory "C:\WINDOWS\Microsoft.NET\Framework\v4.0.30319\Temporary ASP.NET Files\cds"
zondag 19 juli 2020 20:02:49 - Commandline		: RemoveDirectory "C:\WINDOWS\Microsoft.NET\Framework\v2.0.50727\Temporary ASP.NET Files\mercatornet.boservices"
zondag 19 juli 2020 20:02:49 - Commandline		: RemoveDirectory "C:\WINDOWS\Microsoft.NET\Framework\v2.0.50727\Temporary ASP.NET Files\mercator.eai.framework.webservices"
zondag 19 juli 2020 20:02:49 - Commandline		: RemoveDirectory "C:\WINDOWS\Microsoft.NET\Framework\v2.0.50727\Temporary ASP.NET Files\mercator.eai.tools.wsc"
zondag 19 juli 2020 20:02:49 - Commandline		: RemoveDirectory "C:\WINDOWS\Microsoft.NET\Framework\v2.0.50727\Temporary ASP.NET Files\mercator.eai.tools.wsc"
zondag 19 juli 2020 20:02:49 - Commandline		: RemoveDirectory "C:\WINDOWS\Microsoft.NET\Framework\v2.0.50727\Temporary ASP.NET Files\Mercator.Portima.Monitoring"
zondag 19 juli 2020 20:02:49 - Commandline		: RemoveDirectory "C:\WINDOWS\Microsoft.NET\Framework\v2.0.50727\Temporary ASP.NET Files\Mercator.Portima"
zondag 19 juli 2020 20:02:49 - Commandline		: RemoveDirectory "C:\WINDOWS\Microsoft.NET\Framework\v2.0.50727\Temporary ASP.NET Files\WSDMS"
zondag 19 juli 2020 20:02:49 - Commandline		: RemoveDirectory "C:\WINDOWS\Microsoft.NET\Framework\v2.0.50727\Temporary ASP.NET Files\wsdmsdatarepository"
zondag 19 juli 2020 20:02:49 - Commandline		: EnableWSUSReboot ""
zondag 19 juli 2020 20:02:49 - ================================svw-be-webi02.balgroupit.com======================================
zondag 19 juli 2020 20:02:50 - ================================svw-be-eaii01.balgroupit.com======================================
zondag 19 juli 2020 20:02:50 - ================================svw-be-eaii01.balgroupit.com======================================
zondag 19 juli 2020 20:02:51 - Commandline		: StopService "mercator.eai.docservice"
zondag 19 juli 2020 20:02:51 - Commandline		: StopProcess "dllhost.exe"
zondag 19 juli 2020 20:02:51 - Commandline		: StopProcess "winword.exe"
zondag 19 juli 2020 20:02:55 - Commandline		: StopAppPool "EtlLogViewer"
zondag 19 juli 2020 20:02:55 - Commandline		: StopAppPool "LevenAansluitingsverklaring"
zondag 19 juli 2020 20:02:55 - ================================svw-be-dmsi01.balgroupit.com======================================
zondag 19 juli 2020 20:02:55 - Commandline		: StopAppPool "LevenWijzigingsFormulier"
zondag 19 juli 2020 20:02:55 - Commandline		: StopAppPool "MercatorNet.RMMain"
zondag 19 juli 2020 20:02:55 - Commandline		: StopAppPool "MercatorNet.WSDeploy_3_0"
zondag 19 juli 2020 20:02:56 - Commandline		: StopAppPool "MercatorNet.WSMain"
zondag 19 juli 2020 20:02:56 - Commandline		: StopAppPool "MercatorNet.WSServices"
zondag 19 juli 2020 20:02:56 - Commandline		: StopAppPool "MercatorNet.WSTariff"
zondag 19 juli 2020 20:02:56 - Commandline		: StopAppPool "MercatorNetBroker.WSDeploy_3_0"
zondag 19 juli 2020 20:02:56 - Commandline		: StopAppPool "MercatorNetBroker.WSMain"
zondag 19 juli 2020 20:02:56 - Commandline		: StopAppPool "MercatorWebSite"
zondag 19 juli 2020 20:02:56 - Commandline		: StopAppPool "MyBaloiseBroker"
zondag 19 juli 2020 20:02:56 - Commandline		: StopAppPool "MWebBvb"
zondag 19 juli 2020 20:02:56 - Commandline		: StopAppPool "ScvWebService"
zondag 19 juli 2020 20:02:56 - Commandline		: EnableWSUSReboot ""
zondag 19 juli 2020 20:02:56 - ================================svw-be-webfi001.balgroupit.com======================================
zondag 19 juli 2020 20:02:57 - ================================svw-be-dmsi01.balgroupit.com======================================
zondag 19 juli 2020 20:03:02 - Commandline		: EnableWSUSReboot ""
zondag 19 juli 2020 20:03:02 - Commandline		: StopService "Execute360 Route Engine"
zondag 19 juli 2020 20:03:03 - Commandline		: EnableWSUSReboot ""
zondag 19 juli 2020 20:03:03 - Commandline		: StopService "Execute360 Route Engine"
zondag 19 juli 2020 20:03:03 - Commandline		: StopService "Execute360 Index Manager"
zondag 19 juli 2020 20:03:03 - Commandline		: StopService "Execute360 Transfer Manager"
zondag 19 juli 2020 20:03:04 - Commandline		: StopService "Execute360 Rendezvous Manager"
zondag 19 juli 2020 20:03:04 - Commandline		: StopService "Execute360 Location Manager"
zondag 19 juli 2020 20:03:05 - Commandline		: StopService "Execute360 Object Manager"
zondag 19 juli 2020 20:03:07 - Commandline		: StopService "Execute360 Index Manager"
zondag 19 juli 2020 20:03:08 - Commandline		: StopService "Execute360 Transfer Manager"
zondag 19 juli 2020 20:03:08 - Commandline		: StopService "Execute360 Rendezvous Manager"
zondag 19 juli 2020 20:03:08 - Commandline		: StopService "Execute360 Location Manager"
zondag 19 juli 2020 20:03:08 - Commandline		: StopService "Execute360 Object Manager"
zondag 19 juli 2020 20:03:08 - Commandline		: StopService "Execute360 Security Manager"
zondag 19 juli 2020 20:03:08 - ================================svw-be-dmsi01.balgroupit.com======================================
zondag 19 juli 2020 20:03:09 - ================================svw-be-bizi001.balgroupit.com======================================
zondag 19 juli 2020 20:03:10 - Commandline		: StopService "Execute360 Security Manager"
zondag 19 juli 2020 20:03:10 - ================================svw-be-dmsi01.balgroupit.com======================================
zondag 19 juli 2020 20:03:11 - ================================svw-be-bizi001.balgroupit.com======================================
zondag 19 juli 2020 20:03:16 - Commandline		: StopService "Mercator Managed File Transfer"
zondag 19 juli 2020 20:03:17 - Commandline		: StopService "Mercator Esb Process Initializer"
zondag 19 juli 2020 20:03:17 - Commandline		: StopService "Mercator Managed File Transfer"
zondag 19 juli 2020 20:03:17 - Commandline		: StopService "Mercator Esb Process Initializer"
zondag 19 juli 2020 20:03:17 - Commandline		: EnableWSUSReboot ""
zondag 19 juli 2020 20:03:17 - ================================svw-be-bizi001.balgroupit.com======================================
zondag 19 juli 2020 20:03:18 - ================================svw-be-bizi002.balgroupit.com======================================
zondag 19 juli 2020 20:03:25 - Commandline		: StopService "Mercator Managed File Transfer"
zondag 19 juli 2020 20:03:26 - Commandline		: StopService "Mercator Esb Process Initializer"
zondag 19 juli 2020 20:03:26 - Commandline		: StopService "Mercator Managed File Transfer"
zondag 19 juli 2020 20:03:26 - Commandline		: StopService "Mercator Esb Process Initializer"
zondag 19 juli 2020 20:03:26 - Commandline		: EnableWSUSReboot ""
zondag 19 juli 2020 20:03:26 - ================================svw-be-bizi002.balgroupit.com======================================
zondag 19 juli 2020 20:03:26 - ================================svw-be-bizi002.balgroupit.com======================================
zondag 19 juli 2020 20:03:26 - ================================svw-be-babsi001.balgroupit.com======================================
zondag 19 juli 2020 20:03:34 - Commandline		: EnableWSUSReboot ""
zondag 19 juli 2020 20:03:34 - ================================svw-be-babsi001.balgroupit.com======================================
zondag 19 juli 2020 20:03:34 - ================================svw-be-babbi001.balgroupit.com======================================
zondag 19 juli 2020 20:03:34 - Commandline		: EnableWSUSReboot ""
zondag 19 juli 2020 20:03:34 - ================================svw-be-babsi001.balgroupit.com======================================
zondag 19 juli 2020 20:03:34 - Commandline		: StopService "Baloise BaloiseBackendBatch"
zondag 19 juli 2020 20:03:35 - ================================svw-be-babbi001.balgroupit.com======================================
zondag 19 juli 2020 20:03:35 - Commandline		: EnableWSUSReboot ""
zondag 19 juli 2020 20:03:35 - ================================svw-be-babbi001.balgroupit.com======================================
zondag 19 juli 2020 20:03:35 - Commandline		: StopService "Baloise BaloiseBackendBatch"
zondag 19 juli 2020 20:03:35 - Commandline		: EnableWSUSReboot ""
zondag 19 juli 2020 20:03:35 - ================================svw-be-babbi001.balgroupit.com======================================
