maandag 15 maart 2021 4:32:47 - READING XML File :  \\balgroupit.com\appl_data\BBE\Transfer\Packages\Scripts\WSUS\Icorp\Icorp_Start_All.xml
maandag 15 maart 2021 4:32:47 - 
maandag 15 maart 2021 4:32:48 - ================================svw-be-dmsi01.balgroupit.com======================================
maandag 15 maart 2021 4:32:48 - Commandline		: DisableWSUSReboot ""
maandag 15 maart 2021 4:32:49 - Commandline		: StartService "Execute360 Route Engine"
maandag 15 maart 2021 4:33:10 - Commandline		: StartService "Execute360 Index Manager"
maandag 15 maart 2021 4:33:11 - Commandline		: StartService "Execute360 Transfer Manager"
maandag 15 maart 2021 4:33:11 - Commandline		: StartService "Execute360 Rendezvous Manager"
maandag 15 maart 2021 4:33:12 - Commandline		: StartService "Execute360 Location Manager"
maandag 15 maart 2021 4:33:13 - Commandline		: StartService "Execute360 Object Manager"
maandag 15 maart 2021 4:33:20 - Commandline		: StartService "Execute360 Security Manager"
maandag 15 maart 2021 4:33:20 - ================================svw-be-dmsi01.balgroupit.com======================================
maandag 15 maart 2021 4:33:21 - ================================svw-be-webfi001.balgroupit.com======================================
maandag 15 maart 2021 4:33:21 - Commandline		: DisableWSUSReboot ""
maandag 15 maart 2021 4:33:21 - Commandline		: StartService "World Wide Web Publishing Service"
maandag 15 maart 2021 4:33:21 - Commandline		: StartWebsite "OnlineDocuments"
maandag 15 maart 2021 4:33:21 - Commandline		: StartWebsite "MNet"
maandag 15 maart 2021 4:33:21 - Commandline		: StartWebsite "MWebBvb"
maandag 15 maart 2021 4:33:21 - Commandline		: StartAppPool "DefaultAppPool"
maandag 15 maart 2021 4:33:21 - Commandline		: StartAppPool "ED"
maandag 15 maart 2021 4:33:22 - Commandline		: StartAppPool "EmployeeBenefits"
maandag 15 maart 2021 4:33:22 - Commandline		: StartAppPool "EtlLogViewer"
maandag 15 maart 2021 4:33:22 - Commandline		: StartAppPool "LevenAansluitingsverklaring"
maandag 15 maart 2021 4:33:22 - Commandline		: StartAppPool "LevenWijzigingsFormulier"
maandag 15 maart 2021 4:33:22 - Commandline		: StartAppPool "MercatorNet.RMMain"
maandag 15 maart 2021 4:33:22 - Commandline		: StartAppPool "MercatorNet.WSDeploy_3_0"
maandag 15 maart 2021 4:33:22 - Commandline		: StartAppPool "MercatorNet.WSMain"
maandag 15 maart 2021 4:33:22 - Commandline		: StartAppPool "MercatorNet.WSServices"
maandag 15 maart 2021 4:33:22 - Commandline		: StartAppPool "MercatorNet.WSTariff"
maandag 15 maart 2021 4:33:22 - Commandline		: StartAppPool "MercatorNetBroker.WSDeploy_3_0"
maandag 15 maart 2021 4:33:22 - Commandline		: StartAppPool "MercatorNetBroker.WSMain"
maandag 15 maart 2021 4:33:22 - Commandline		: StartAppPool "MercatorWebSite"
maandag 15 maart 2021 4:33:22 - Commandline		: StartAppPool "MyBaloiseBroker"
maandag 15 maart 2021 4:33:23 - Commandline		: StartAppPool "MWebBvb"
maandag 15 maart 2021 4:33:23 - Commandline		: StartAppPool "ScvWebService"
maandag 15 maart 2021 4:33:23 - ================================svw-be-webfi001.balgroupit.com======================================
maandag 15 maart 2021 4:33:23 - ================================svw-be-webi02.balgroupit.com======================================
maandag 15 maart 2021 4:33:24 - Commandline		: DisableWSUSReboot ""
maandag 15 maart 2021 4:33:24 - Commandline		: StartService "World Wide Web Publishing Service"
maandag 15 maart 2021 4:33:24 - Commandline		: StartAppPool "DefaultAppPool"
maandag 15 maart 2021 4:33:24 - Commandline		: StartAppPool "MNet"
maandag 15 maart 2021 4:33:24 - Commandline		: StartAppPool "BaloiseBackend"
maandag 15 maart 2021 4:33:24 - Commandline		: StartAppPool "CDS"
maandag 15 maart 2021 4:33:24 - Commandline		: StartAppPool "Mercator.EAI.Framework.WebServices"
maandag 15 maart 2021 4:33:24 - Commandline		: StartAppPool "Mercator.Eai.Tools.Wsc"
maandag 15 maart 2021 4:33:24 - Commandline		: StartAppPool "Mercator.Portima"
maandag 15 maart 2021 4:33:24 - Commandline		: StartAppPool "Mercator.Portima.Monitoring"
maandag 15 maart 2021 4:33:24 - Commandline		: StartAppPool "MercatorNet.BoServices"
maandag 15 maart 2021 4:33:25 - Commandline		: StartAppPool "WSDms"
maandag 15 maart 2021 4:33:25 - Commandline		: StartAppPool "WSDmsDataRepository"
maandag 15 maart 2021 4:33:25 - Commandline		: StartAppPool "MercatorNet.BoServices"
maandag 15 maart 2021 4:33:25 - Commandline		: StartWebsite "DmsDataRepository"
maandag 15 maart 2021 4:33:25 - Commandline		: StartWebsite "MNet"
maandag 15 maart 2021 4:33:25 - Commandline		: StartService "Steria's Dispatcher Service"
maandag 15 maart 2021 4:33:25 - Commandline		: StartService "Mercator Document Delivery"
maandag 15 maart 2021 4:33:25 - Commandline		: StartService "Mercator Document Generation"
maandag 15 maart 2021 4:33:25 - Commandline		: StartService "Mercator Organization Data"
maandag 15 maart 2021 4:33:25 - Commandline		: StartService "Mercator DMS Pdf Conversion Call"
maandag 15 maart 2021 4:33:25 - Commandline		: StartService "Mercator Document Management System Service"
maandag 15 maart 2021 4:33:25 - Commandline		: StartService "Mercator Document Management System Async Service"
maandag 15 maart 2021 4:33:25 - Commandline		: StartService "Mercator Document Management System Batch Avero Service"
maandag 15 maart 2021 4:33:25 - Commandline		: StartService "BaloiseDmsBatchService"
maandag 15 maart 2021 4:33:25 - Commandline		: StartService "Mercator Document Store"
maandag 15 maart 2021 4:33:26 - Commandline		: StartService "Mercator Xpim Document Store"
maandag 15 maart 2021 4:33:26 - Commandline		: StartService "Mercator DMS Import Portima Attachments"
maandag 15 maart 2021 4:33:26 - Commandline		: StartService "Mercator DMS Bulk Insert"
maandag 15 maart 2021 4:33:26 - Commandline		: StartService "Baloise Central Data Store"
maandag 15 maart 2021 4:33:26 - Commandline		: StartService "Baloise SyncTaskToDMS"
maandag 15 maart 2021 4:33:26 - Commandline		: StartService "Baloise Backend"
maandag 15 maart 2021 4:33:26 - Commandline		: StartService "MercatorNET SCV Batch Service"
maandag 15 maart 2021 4:33:26 - Commandline		: StartService "Mercator.Integration.EAI.3.9.Listener"
maandag 15 maart 2021 4:33:26 - Commandline		: StartService "Mercator DMS MailImport Service"
maandag 15 maart 2021 4:33:26 - ================================svw-be-webi02.balgroupit.com======================================
maandag 15 maart 2021 4:33:27 - ================================svw-be-eaii01.balgroupit.com======================================
maandag 15 maart 2021 4:33:29 - Commandline		: DisableWSUSReboot ""
maandag 15 maart 2021 4:33:29 - Commandline		: StartService "mercator.eai.docservice"
maandag 15 maart 2021 4:33:29 - ================================svw-be-eaii01.balgroupit.com======================================
maandag 15 maart 2021 4:33:29 - ================================svw-be-bizi001.balgroupit.com======================================
maandag 15 maart 2021 4:33:30 - Commandline		: DisableWSUSReboot ""
maandag 15 maart 2021 4:33:30 - Commandline		: StartService "Mercator Managed File Transfer"
maandag 15 maart 2021 4:33:30 - Commandline		: StartService "Mercator Esb Process Initializer"
maandag 15 maart 2021 4:33:30 - ================================svw-be-bizi001.balgroupit.com======================================
maandag 15 maart 2021 4:33:31 - ================================svw-be-bizi002.balgroupit.com======================================
maandag 15 maart 2021 4:33:31 - Commandline		: DisableWSUSReboot ""
maandag 15 maart 2021 4:33:31 - Commandline		: StartService "Mercator Managed File Transfer"
maandag 15 maart 2021 4:33:32 - Commandline		: StartService "Mercator Esb Process Initializer"
maandag 15 maart 2021 4:33:32 - ================================svw-be-bizi002.balgroupit.com======================================
maandag 15 maart 2021 4:33:32 - ================================svw-be-babsi001.balgroupit.com======================================
maandag 15 maart 2021 4:33:32 - Commandline		: DisableWSUSReboot ""
maandag 15 maart 2021 4:33:32 - ================================svw-be-babsi001.balgroupit.com======================================
maandag 15 maart 2021 4:33:33 - ================================svw-be-babbi001.balgroupit.com======================================
maandag 15 maart 2021 4:33:33 - Commandline		: DisableWSUSReboot ""
maandag 15 maart 2021 4:33:33 - Commandline		: StartService "Baloise BaloiseBackendBatch"
maandag 15 maart 2021 4:33:34 - ================================svw-be-babbi001.balgroupit.com======================================
