maandag 18 oktober 2021 4:33:04 - READING XML File :  \\balgroupit.com\appl_data\BBE\Transfer\Packages\Scripts\WSUS\Icorp\Icorp_Start_All.xml
maandag 18 oktober 2021 4:33:04 - 
maandag 18 oktober 2021 4:33:07 - ================================svw-be-dmsi01.balgroupit.com======================================
maandag 18 oktober 2021 4:33:08 - Commandline		: DisableWSUSReboot ""
maandag 18 oktober 2021 4:33:08 - Commandline		: StartService "Execute360 Route Engine"
maandag 18 oktober 2021 4:33:08 - Commandline		: StartService "Execute360 Index Manager"
maandag 18 oktober 2021 4:33:08 - Commandline		: StartService "Execute360 Transfer Manager"
maandag 18 oktober 2021 4:33:09 - Commandline		: StartService "Execute360 Rendezvous Manager"
maandag 18 oktober 2021 4:33:09 - Commandline		: StartService "Execute360 Location Manager"
maandag 18 oktober 2021 4:33:09 - Commandline		: StartService "Execute360 Object Manager"
maandag 18 oktober 2021 4:33:09 - Commandline		: StartService "Execute360 Security Manager"
maandag 18 oktober 2021 4:33:10 - ================================svw-be-dmsi01.balgroupit.com======================================
maandag 18 oktober 2021 4:33:10 - ================================svw-be-webfi001.balgroupit.com======================================
maandag 18 oktober 2021 4:33:10 - Commandline		: DisableWSUSReboot ""
maandag 18 oktober 2021 4:33:10 - Commandline		: StartService "World Wide Web Publishing Service"
maandag 18 oktober 2021 4:33:11 - Commandline		: StartWebsite "OnlineDocuments"
maandag 18 oktober 2021 4:33:11 - Commandline		: StartWebsite "MNet"
maandag 18 oktober 2021 4:33:11 - Commandline		: StartWebsite "MWebBvb"
maandag 18 oktober 2021 4:33:11 - Commandline		: StartAppPool "DefaultAppPool"
maandag 18 oktober 2021 4:33:11 - Commandline		: StartAppPool "ED"
maandag 18 oktober 2021 4:33:12 - Commandline		: StartAppPool "EmployeeBenefits"
maandag 18 oktober 2021 4:33:12 - Commandline		: StartAppPool "EtlLogViewer"
maandag 18 oktober 2021 4:33:12 - Commandline		: StartAppPool "LevenAansluitingsverklaring"
maandag 18 oktober 2021 4:33:12 - Commandline		: StartAppPool "LevenWijzigingsFormulier"
maandag 18 oktober 2021 4:33:12 - Commandline		: StartAppPool "MercatorNet.RMMain"
maandag 18 oktober 2021 4:33:13 - Commandline		: StartAppPool "MercatorNet.WSDeploy_3_0"
maandag 18 oktober 2021 4:33:13 - Commandline		: StartAppPool "MercatorNet.WSMain"
maandag 18 oktober 2021 4:33:13 - Commandline		: StartAppPool "MercatorNet.WSServices"
maandag 18 oktober 2021 4:33:13 - Commandline		: StartAppPool "MercatorNet.WSTariff"
maandag 18 oktober 2021 4:33:14 - Commandline		: StartAppPool "MercatorNetBroker.WSDeploy_3_0"
maandag 18 oktober 2021 4:33:14 - Commandline		: StartAppPool "MercatorNetBroker.WSMain"
maandag 18 oktober 2021 4:33:14 - Commandline		: StartAppPool "MercatorWebSite"
maandag 18 oktober 2021 4:33:14 - Commandline		: StartAppPool "MyBaloiseBroker"
maandag 18 oktober 2021 4:33:14 - Commandline		: StartAppPool "MWebBvb"
maandag 18 oktober 2021 4:33:15 - Commandline		: StartAppPool "ScvWebService"
maandag 18 oktober 2021 4:33:15 - ================================svw-be-webfi001.balgroupit.com======================================
maandag 18 oktober 2021 4:33:17 - ================================svw-be-webi02.balgroupit.com======================================
maandag 18 oktober 2021 4:33:19 - Commandline		: DisableWSUSReboot ""
maandag 18 oktober 2021 4:33:19 - Commandline		: StartService "World Wide Web Publishing Service"
maandag 18 oktober 2021 4:33:19 - Commandline		: StartAppPool "DefaultAppPool"
maandag 18 oktober 2021 4:33:20 - Commandline		: StartAppPool "MNet"
maandag 18 oktober 2021 4:33:20 - Commandline		: StartAppPool "BaloiseBackend"
maandag 18 oktober 2021 4:33:20 - Commandline		: StartAppPool "CDS"
maandag 18 oktober 2021 4:33:20 - Commandline		: StartAppPool "Mercator.EAI.Framework.WebServices"
maandag 18 oktober 2021 4:33:21 - Commandline		: StartAppPool "Mercator.Eai.Tools.Wsc"
maandag 18 oktober 2021 4:33:21 - Commandline		: StartAppPool "Mercator.Portima"
maandag 18 oktober 2021 4:33:21 - Commandline		: StartAppPool "Mercator.Portima.Monitoring"
maandag 18 oktober 2021 4:33:21 - Commandline		: StartAppPool "MercatorNet.BoServices"
maandag 18 oktober 2021 4:33:21 - Commandline		: StartAppPool "WSDms"
maandag 18 oktober 2021 4:33:22 - Commandline		: StartAppPool "WSDmsDataRepository"
maandag 18 oktober 2021 4:33:22 - Commandline		: StartAppPool "MercatorNet.BoServices"
maandag 18 oktober 2021 4:33:22 - Commandline		: StartWebsite "DmsDataRepository"
maandag 18 oktober 2021 4:33:22 - Commandline		: StartWebsite "MNet"
maandag 18 oktober 2021 4:33:22 - Commandline		: StartService "Steria's Dispatcher Service"
maandag 18 oktober 2021 4:33:23 - Commandline		: StartService "Mercator Document Delivery"
maandag 18 oktober 2021 4:33:24 - Commandline		: StartService "Mercator Document Generation"
maandag 18 oktober 2021 4:33:24 - Commandline		: StartService "Mercator Organization Data"
maandag 18 oktober 2021 4:33:24 - Commandline		: StartService "Mercator DMS Pdf Conversion Call"
maandag 18 oktober 2021 4:33:25 - Commandline		: StartService "Mercator Document Management System Service"
maandag 18 oktober 2021 4:33:25 - Commandline		: StartService "Mercator Document Management System Async Service"
maandag 18 oktober 2021 4:33:25 - Commandline		: StartService "Mercator Document Management System Batch Avero Service"
maandag 18 oktober 2021 4:33:25 - Commandline		: StartService "BaloiseDmsBatchService"
maandag 18 oktober 2021 4:33:26 - Commandline		: StartService "Mercator Document Store"
maandag 18 oktober 2021 4:33:26 - Commandline		: StartService "Mercator Xpim Document Store"
maandag 18 oktober 2021 4:33:26 - Commandline		: StartService "Mercator DMS Import Portima Attachments"
maandag 18 oktober 2021 4:33:26 - Commandline		: StartService "Mercator DMS Bulk Insert"
maandag 18 oktober 2021 4:33:27 - Commandline		: StartService "Baloise Central Data Store"
maandag 18 oktober 2021 4:33:27 - Commandline		: StartService "Baloise SyncTaskToDMS"
maandag 18 oktober 2021 4:33:27 - Commandline		: StartService "Baloise Backend"
maandag 18 oktober 2021 4:33:28 - Commandline		: StartService "MercatorNET SCV Batch Service"
maandag 18 oktober 2021 4:33:28 - Commandline		: StartService "Mercator.Integration.EAI.3.9.Listener"
maandag 18 oktober 2021 4:33:28 - Commandline		: StartService "Mercator DMS MailImport Service"
maandag 18 oktober 2021 4:33:28 - ================================svw-be-webi02.balgroupit.com======================================
maandag 18 oktober 2021 4:33:29 - ================================svw-be-eaii01.balgroupit.com======================================
maandag 18 oktober 2021 4:33:29 - Commandline		: DisableWSUSReboot ""
maandag 18 oktober 2021 4:33:29 - Commandline		: StartService "mercator.eai.docservice"
maandag 18 oktober 2021 4:33:30 - ================================svw-be-eaii01.balgroupit.com======================================
maandag 18 oktober 2021 4:33:31 - ================================svw-be-bizi001.balgroupit.com======================================
maandag 18 oktober 2021 4:33:32 - Commandline		: DisableWSUSReboot ""
maandag 18 oktober 2021 4:33:32 - Commandline		: StartService "Mercator Managed File Transfer"
maandag 18 oktober 2021 4:33:33 - Commandline		: StartService "Mercator Esb Process Initializer"
maandag 18 oktober 2021 4:33:33 - ================================svw-be-bizi001.balgroupit.com======================================
maandag 18 oktober 2021 4:33:34 - ================================svw-be-bizi002.balgroupit.com======================================
maandag 18 oktober 2021 4:33:35 - Commandline		: DisableWSUSReboot ""
maandag 18 oktober 2021 4:33:35 - Commandline		: StartService "Mercator Managed File Transfer"
maandag 18 oktober 2021 4:33:35 - Commandline		: StartService "Mercator Esb Process Initializer"
maandag 18 oktober 2021 4:33:36 - ================================svw-be-bizi002.balgroupit.com======================================
maandag 18 oktober 2021 4:33:36 - ================================svw-be-babsi001.balgroupit.com======================================
maandag 18 oktober 2021 4:33:37 - Commandline		: DisableWSUSReboot ""
maandag 18 oktober 2021 4:33:37 - ================================svw-be-babsi001.balgroupit.com======================================
maandag 18 oktober 2021 4:33:37 - ================================svw-be-babbi001.balgroupit.com======================================
maandag 18 oktober 2021 4:33:38 - Commandline		: DisableWSUSReboot ""
maandag 18 oktober 2021 4:33:38 - Commandline		: StartService "Baloise BaloiseBackendBatch"
maandag 18 oktober 2021 4:33:39 - ================================svw-be-babbi001.balgroupit.com======================================
maandag 18 oktober 2021 4:34:00 - ================================svw-be-tstfi01.balgroupit.com======================================
maandag 18 oktober 2021 4:34:00 -  svw-be-tstfi01.balgroupit.com remote session could not be created.
maandag 18 oktober 2021 4:34:00 - ================================svw-be-tstfi01.balgroupit.com======================================
maandag 18 oktober 2021 4:34:21 - ================================svw-be-tstfi02.balgroupit.com======================================
maandag 18 oktober 2021 4:34:21 -  svw-be-tstfi02.balgroupit.com remote session could not be created.
maandag 18 oktober 2021 4:34:21 - ================================svw-be-tstfi02.balgroupit.com======================================
maandag 18 oktober 2021 4:34:42 - ================================svw-be-tstfi03.balgroupit.com======================================
maandag 18 oktober 2021 4:34:42 -  svw-be-tstfi03.balgroupit.com remote session could not be created.
maandag 18 oktober 2021 4:34:42 - ================================svw-be-tstfi03.balgroupit.com======================================
maandag 18 oktober 2021 4:35:03 - ================================svw-be-tstfi04.balgroupit.com======================================
maandag 18 oktober 2021 4:35:03 -  svw-be-tstfi04.balgroupit.com remote session could not be created.
maandag 18 oktober 2021 4:35:03 - ================================svw-be-tstfi04.balgroupit.com======================================
maandag 18 oktober 2021 4:35:24 - ================================svw-be-tstfi005.balgroupit.com======================================
maandag 18 oktober 2021 4:35:24 -  svw-be-tstfi005.balgroupit.com remote session could not be created.
maandag 18 oktober 2021 4:35:24 - ================================svw-be-tstfi005.balgroupit.com======================================
maandag 18 oktober 2021 4:35:45 - ================================svw-be-tstfi006.balgroupit.com======================================
maandag 18 oktober 2021 4:35:45 -  svw-be-tstfi006.balgroupit.com remote session could not be created.
maandag 18 oktober 2021 4:35:45 - ================================svw-be-tstfi006.balgroupit.com======================================
maandag 18 oktober 2021 4:36:06 - ================================svw-be-tstfi007.balgroupit.com======================================
maandag 18 oktober 2021 4:36:06 -  svw-be-tstfi007.balgroupit.com remote session could not be created.
maandag 18 oktober 2021 4:36:06 - ================================svw-be-tstfi007.balgroupit.com======================================
maandag 18 oktober 2021 4:36:06 - ================================svw-be-testp001.balgroupit.com======================================
maandag 18 oktober 2021 4:36:06 -  svw-be-testp001.balgroupit.com remote session could not be created.
maandag 18 oktober 2021 4:36:06 - ================================svw-be-testp001.balgroupit.com======================================
maandag 18 oktober 2021 4:36:07 - ================================svw-be-testp002.balgroupit.com======================================
maandag 18 oktober 2021 4:36:07 -  svw-be-testp002.balgroupit.com remote session could not be created.
maandag 18 oktober 2021 4:36:07 - ================================svw-be-testp002.balgroupit.com======================================
