zondag 16 mei 2021 20:03:54 - READING XML File :  \\balgroupit.com\appl_data\BBE\Transfer\Packages\Scripts\WSUS\Icorp\Icorp_Stop_All.xml
zondag 16 mei 2021 20:03:54 - 
zondag 16 mei 2021 20:03:57 - ================================svw-be-webi02.balgroupit.com======================================
zondag 16 mei 2021 20:04:05 - Commandline		: StopWebsite "DmsDataRepository"
zondag 16 mei 2021 20:04:05 - Commandline		: StopWebsite "MNet"
zondag 16 mei 2021 20:04:05 - Commandline		: StopAppPool "MNet"
zondag 16 mei 2021 20:04:05 - Commandline		: StopAppPool "DefaultAppPool"
zondag 16 mei 2021 20:04:05 - Commandline		: StopAppPool "WSDMS"
zondag 16 mei 2021 20:04:05 - Commandline		: StopAppPool "WSDmsDataRepository"
zondag 16 mei 2021 20:04:05 - Commandline		: StopAppPool "BaloiseBackend"
zondag 16 mei 2021 20:04:05 - Commandline		: StopAppPool "CDS"
zondag 16 mei 2021 20:04:06 - Commandline		: StopAppPool "MercatorNet.BoServices"
zondag 16 mei 2021 20:04:06 - Commandline		: StopAppPool "Mercator.Portima.Monitoring"
zondag 16 mei 2021 20:04:06 - Commandline		: StopAppPool "Mercator.Portima"
zondag 16 mei 2021 20:04:06 - Commandline		: StopAppPool "Mercator.Eai.Tools.Wsc"
zondag 16 mei 2021 20:04:06 - Commandline		: StopAppPool "Mercator.EAI.Framework.WebServices"
zondag 16 mei 2021 20:04:06 - Commandline		: StopService "World Wide Web Publishing Service"
zondag 16 mei 2021 20:04:06 - Commandline		: StopService "Baloise Backend"
zondag 16 mei 2021 20:04:06 - Commandline		: StopService "Baloise Central Data Store"
zondag 16 mei 2021 20:04:06 - Commandline		: StopService "Baloise SyncTaskToDMS"
zondag 16 mei 2021 20:04:07 - Commandline		: StopService "Mercator DMS Bulk Insert"
zondag 16 mei 2021 20:04:07 - Commandline		: StopService "Mercator DMS Import Portima Attachments"
zondag 16 mei 2021 20:04:07 - Commandline		: StopService "Mercator DMS MailImport Service"
zondag 16 mei 2021 20:04:07 - Commandline		: StopService "Mercator Xpim Document Store"
zondag 16 mei 2021 20:04:08 - Commandline		: StopService "Mercator Document Store"
zondag 16 mei 2021 20:04:08 - Commandline		: StopService "BaloiseDmsBatchService"
zondag 16 mei 2021 20:04:08 - Commandline		: StopService "Mercator Document Management System Service"
zondag 16 mei 2021 20:04:08 - Commandline		: StopService "Mercator Document Management System Async Service"
zondag 16 mei 2021 20:04:08 - Commandline		: StopService "Mercator Document Management System Batch Avero Service"
zondag 16 mei 2021 20:04:09 - Commandline		: StopService "Mercator DMS Pdf Conversion Call"
zondag 16 mei 2021 20:04:10 - Commandline		: StopService "MercatorNET SCV Batch Service"
zondag 16 mei 2021 20:04:10 - Commandline		: StopService "Mercator Organization Data"
zondag 16 mei 2021 20:04:10 - Commandline		: StopService "Mercator Document Generation"
zondag 16 mei 2021 20:04:11 - Commandline		: StopService "Mercator Document Delivery"
zondag 16 mei 2021 20:04:11 - Commandline		: StopService "Steria's Dispatcher Service"
zondag 16 mei 2021 20:04:11 - Commandline		: StopService "Mercator.Integration.EAI.3.9.Listener"
zondag 16 mei 2021 20:04:11 - Commandline		: StopComPlus "Mercator.Framework.ActiveDirectory"
zondag 16 mei 2021 20:04:12 - Commandline		: StopComPlus "Mercator.EAI.3.9.Components"
zondag 16 mei 2021 20:04:15 - Commandline		: StopComPlus "Mercator.Framework.Document.Management.Global360"
zondag 16 mei 2021 20:04:18 - Commandline		: RemoveDirectory "C:\WINDOWS\Microsoft.NET\Framework\v4.0.30319\Temporary ASP.NET Files\cds"
zondag 16 mei 2021 20:04:18 - Commandline		: RemoveDirectory "C:\WINDOWS\Microsoft.NET\Framework\v2.0.50727\Temporary ASP.NET Files\mercatornet.boservices"
zondag 16 mei 2021 20:04:18 - Commandline		: RemoveDirectory "C:\WINDOWS\Microsoft.NET\Framework\v2.0.50727\Temporary ASP.NET Files\mercator.eai.framework.webservices"
zondag 16 mei 2021 20:04:18 - Commandline		: RemoveDirectory "C:\WINDOWS\Microsoft.NET\Framework\v2.0.50727\Temporary ASP.NET Files\mercator.eai.tools.wsc"
zondag 16 mei 2021 20:04:18 - Commandline		: RemoveDirectory "C:\WINDOWS\Microsoft.NET\Framework\v2.0.50727\Temporary ASP.NET Files\Mercator.Portima.Monitoring"
zondag 16 mei 2021 20:04:18 - Commandline		: RemoveDirectory "C:\WINDOWS\Microsoft.NET\Framework\v2.0.50727\Temporary ASP.NET Files\Mercator.Portima"
zondag 16 mei 2021 20:04:18 - Commandline		: RemoveDirectory "C:\WINDOWS\Microsoft.NET\Framework\v2.0.50727\Temporary ASP.NET Files\WSDMS"
zondag 16 mei 2021 20:04:18 - Commandline		: RemoveDirectory "C:\WINDOWS\Microsoft.NET\Framework\v2.0.50727\Temporary ASP.NET Files\wsdmsdatarepository"
zondag 16 mei 2021 20:04:18 - Commandline		: EnableWSUSReboot ""
zondag 16 mei 2021 20:04:18 - ================================svw-be-webi02.balgroupit.com======================================
zondag 16 mei 2021 20:04:20 - ================================svw-be-eaii01.balgroupit.com======================================
zondag 16 mei 2021 20:04:21 - Commandline		: StopService "mercator.eai.docservice"
zondag 16 mei 2021 20:04:21 - Commandline		: StopProcess "dllhost.exe"
zondag 16 mei 2021 20:04:21 - Commandline		: StopProcess "winword.exe"
zondag 16 mei 2021 20:04:21 - Commandline		: EnableWSUSReboot ""
zondag 16 mei 2021 20:04:21 - ================================svw-be-eaii01.balgroupit.com======================================
zondag 16 mei 2021 20:04:23 - ================================svw-be-webfi001.balgroupit.com======================================
zondag 16 mei 2021 20:04:30 - Commandline		: StopService "World Wide Web Publishing Service"
zondag 16 mei 2021 20:04:30 - Commandline		: StopWebsite "OnlineDocuments"
zondag 16 mei 2021 20:04:30 - Commandline		: StopWebsite "MNet"
zondag 16 mei 2021 20:04:30 - Commandline		: StopWebsite "MWebBvb"
zondag 16 mei 2021 20:04:31 - Commandline		: StopAppPool "DefaultAppPool"
zondag 16 mei 2021 20:04:31 - Commandline		: StopAppPool "ED"
zondag 16 mei 2021 20:04:31 - Commandline		: StopAppPool "EmployeeBenefits"
zondag 16 mei 2021 20:04:31 - Commandline		: StopAppPool "EtlLogViewer"
zondag 16 mei 2021 20:04:31 - Commandline		: StopAppPool "LevenAansluitingsverklaring"
zondag 16 mei 2021 20:04:31 - Commandline		: StopAppPool "LevenWijzigingsFormulier"
zondag 16 mei 2021 20:04:31 - Commandline		: StopAppPool "MercatorNet.RMMain"
zondag 16 mei 2021 20:04:31 - Commandline		: StopAppPool "MercatorNet.WSDeploy_3_0"
zondag 16 mei 2021 20:04:31 - Commandline		: StopAppPool "MercatorNet.WSMain"
zondag 16 mei 2021 20:04:31 - Commandline		: StopAppPool "MercatorNet.WSServices"
zondag 16 mei 2021 20:04:32 - Commandline		: StopAppPool "MercatorNet.WSTariff"
zondag 16 mei 2021 20:04:32 - Commandline		: StopAppPool "MercatorNetBroker.WSDeploy_3_0"
zondag 16 mei 2021 20:04:32 - Commandline		: StopAppPool "MercatorNetBroker.WSMain"
zondag 16 mei 2021 20:04:32 - Commandline		: StopAppPool "MercatorWebSite"
zondag 16 mei 2021 20:04:32 - Commandline		: StopAppPool "MyBaloiseBroker"
zondag 16 mei 2021 20:04:32 - Commandline		: StopAppPool "MWebBvb"
zondag 16 mei 2021 20:04:32 - Commandline		: StopAppPool "ScvWebService"
zondag 16 mei 2021 20:04:32 - Commandline		: EnableWSUSReboot ""
zondag 16 mei 2021 20:04:32 - ================================svw-be-webfi001.balgroupit.com======================================
zondag 16 mei 2021 20:04:35 - ================================svw-be-dmsi01.balgroupit.com======================================
zondag 16 mei 2021 20:04:43 - Commandline		: EnableWSUSReboot ""
zondag 16 mei 2021 20:04:43 - Commandline		: StopService "Execute360 Route Engine"
zondag 16 mei 2021 20:04:49 - Commandline		: StopService "Execute360 Index Manager"
zondag 16 mei 2021 20:04:49 - Commandline		: StopService "Execute360 Transfer Manager"
zondag 16 mei 2021 20:04:49 - Commandline		: StopService "Execute360 Rendezvous Manager"
zondag 16 mei 2021 20:04:50 - Commandline		: StopService "Execute360 Location Manager"
zondag 16 mei 2021 20:04:51 - Commandline		: StopService "Execute360 Object Manager"
zondag 16 mei 2021 20:04:56 - Commandline		: StopService "Execute360 Security Manager"
zondag 16 mei 2021 20:04:57 - ================================svw-be-dmsi01.balgroupit.com======================================
zondag 16 mei 2021 20:04:58 - ================================svw-be-bizi001.balgroupit.com======================================
zondag 16 mei 2021 20:05:06 - Commandline		: StopService "Mercator Managed File Transfer"
zondag 16 mei 2021 20:05:06 - Commandline		: StopService "Mercator Esb Process Initializer"
zondag 16 mei 2021 20:05:06 - Commandline		: EnableWSUSReboot ""
zondag 16 mei 2021 20:05:06 - ================================svw-be-bizi001.balgroupit.com======================================
zondag 16 mei 2021 20:05:07 - ================================svw-be-bizi002.balgroupit.com======================================
zondag 16 mei 2021 20:05:15 - Commandline		: StopService "Mercator Managed File Transfer"
zondag 16 mei 2021 20:05:16 - Commandline		: StopService "Mercator Esb Process Initializer"
zondag 16 mei 2021 20:05:16 - Commandline		: EnableWSUSReboot ""
zondag 16 mei 2021 20:05:16 - ================================svw-be-bizi002.balgroupit.com======================================
zondag 16 mei 2021 20:05:16 - ================================svw-be-babsi001.balgroupit.com======================================
zondag 16 mei 2021 20:06:17 - Commandline		: EnableWSUSReboot ""
zondag 16 mei 2021 20:06:17 - ================================svw-be-babsi001.balgroupit.com======================================
zondag 16 mei 2021 20:06:18 - ================================svw-be-babbi001.balgroupit.com======================================
zondag 16 mei 2021 20:06:18 - Commandline		: StopService "Baloise BaloiseBackendBatch"
zondag 16 mei 2021 20:07:19 - Commandline		: EnableWSUSReboot ""
zondag 16 mei 2021 20:07:19 - ================================svw-be-babbi001.balgroupit.com======================================
zondag 16 mei 2021 20:07:40 - ================================svw-be-tstfi01.balgroupit.com======================================
zondag 16 mei 2021 20:07:40 -  svw-be-tstfi01.balgroupit.com remote session could not be created.
zondag 16 mei 2021 20:07:40 - ================================svw-be-tstfi01.balgroupit.com======================================
zondag 16 mei 2021 20:08:01 - ================================svw-be-tstfi02.balgroupit.com======================================
zondag 16 mei 2021 20:08:01 -  svw-be-tstfi02.balgroupit.com remote session could not be created.
zondag 16 mei 2021 20:08:01 - ================================svw-be-tstfi02.balgroupit.com======================================
zondag 16 mei 2021 20:08:22 - ================================svw-be-tstfi03.balgroupit.com======================================
zondag 16 mei 2021 20:08:22 -  svw-be-tstfi03.balgroupit.com remote session could not be created.
zondag 16 mei 2021 20:08:22 - ================================svw-be-tstfi03.balgroupit.com======================================
zondag 16 mei 2021 20:08:43 - ================================svw-be-tstfi04.balgroupit.com======================================
zondag 16 mei 2021 20:08:43 -  svw-be-tstfi04.balgroupit.com remote session could not be created.
zondag 16 mei 2021 20:08:43 - ================================svw-be-tstfi04.balgroupit.com======================================
zondag 16 mei 2021 20:09:04 - ================================svw-be-tstfi005.balgroupit.com======================================
zondag 16 mei 2021 20:09:04 -  svw-be-tstfi005.balgroupit.com remote session could not be created.
zondag 16 mei 2021 20:09:04 - ================================svw-be-tstfi005.balgroupit.com======================================
zondag 16 mei 2021 20:09:25 - ================================svw-be-tstfi006.balgroupit.com======================================
zondag 16 mei 2021 20:09:25 -  svw-be-tstfi006.balgroupit.com remote session could not be created.
zondag 16 mei 2021 20:09:25 - ================================svw-be-tstfi006.balgroupit.com======================================
zondag 16 mei 2021 20:09:46 - ================================svw-be-tstfi007.balgroupit.com======================================
zondag 16 mei 2021 20:09:47 -  svw-be-tstfi007.balgroupit.com remote session could not be created.
zondag 16 mei 2021 20:09:47 - ================================svw-be-tstfi007.balgroupit.com======================================
