donderdag 25 februari 2021 21:00:48 - READING XML File :  \\balgroupit.com\appl_data\BBE\Transfer\Packages\Scripts\WSUS\Pcorp\Pcorp_Stop_All.xml
donderdag 25 februari 2021 21:00:48 - 
donderdag 25 februari 2021 21:00:49 - ================================svw-be-eaip01.balgroupit.com======================================
donderdag 25 februari 2021 21:00:50 - Commandline		: StopService "mercator.eai.docservice"
donderdag 25 februari 2021 21:00:50 - Commandline		: StopProcess "dllhost.exe"
donderdag 25 februari 2021 21:00:50 - Commandline		: StopProcess "winword.exe"
donderdag 25 februari 2021 21:00:50 - Commandline		: EnableWSUSReboot ""
donderdag 25 februari 2021 21:00:51 - ================================svw-be-eaip01.balgroupit.com======================================
donderdag 25 februari 2021 21:00:52 - ================================svw-be-eaip04.balgroupit.com======================================
donderdag 25 februari 2021 21:00:53 - Commandline		: StopService "mercator.eai.docservice"
donderdag 25 februari 2021 21:00:53 - Commandline		: StopProcess "dllhost.exe"
donderdag 25 februari 2021 21:00:53 - Commandline		: StopProcess "winword.exe"
donderdag 25 februari 2021 21:00:53 - Commandline		: EnableWSUSReboot ""
donderdag 25 februari 2021 21:00:53 - ================================svw-be-eaip04.balgroupit.com======================================
donderdag 25 februari 2021 21:00:55 - ================================svw-be-eaip05.balgroupit.com======================================
donderdag 25 februari 2021 21:00:56 - Commandline		: StopService "mercator.eai.docservice"
donderdag 25 februari 2021 21:00:56 - Commandline		: StopProcess "dllhost.exe"
donderdag 25 februari 2021 21:00:56 - Commandline		: StopProcess "winword.exe"
donderdag 25 februari 2021 21:00:57 - Commandline		: EnableWSUSReboot ""
donderdag 25 februari 2021 21:00:57 - ================================svw-be-eaip05.balgroupit.com======================================
donderdag 25 februari 2021 21:00:57 - ================================svw-be-webp02.balgroupit.com======================================
donderdag 25 februari 2021 21:01:04 - Commandline		: StopWebsite "DmsDataRepository"
donderdag 25 februari 2021 21:01:04 - Commandline		: StopWebsite "MNet"
donderdag 25 februari 2021 21:01:04 - Commandline		: StopAppPool "DefaultAppPool"
donderdag 25 februari 2021 21:01:05 - Commandline		: StopAppPool "WSDMS"
donderdag 25 februari 2021 21:01:05 - Commandline		: StopAppPool "WSDmsDataRepository"
donderdag 25 februari 2021 21:01:05 - Commandline		: StopAppPool "BaloiseBackend"
donderdag 25 februari 2021 21:01:05 - Commandline		: StopAppPool "CDS"
donderdag 25 februari 2021 21:01:05 - Commandline		: StopAppPool "MercatorNet.BoServices"
donderdag 25 februari 2021 21:01:05 - Commandline		: StopAppPool "Mercator.Portima.Monitoring"
donderdag 25 februari 2021 21:01:05 - Commandline		: StopAppPool "Mercator.Portima"
donderdag 25 februari 2021 21:01:05 - Commandline		: StopAppPool "Mercator.Eai.Tools.Wsc"
donderdag 25 februari 2021 21:01:05 - Commandline		: StopAppPool "Mercator.EAI.Framework.WebServices"
donderdag 25 februari 2021 21:01:05 - Commandline		: StopService "World Wide Web Publishing Service"
donderdag 25 februari 2021 21:01:05 - Commandline		: StopService "Baloise BaloiseBackendBatch"
donderdag 25 februari 2021 21:01:05 - Commandline		: StopService "Baloise CentralDataStore"
donderdag 25 februari 2021 21:01:06 - Commandline		: StopService "Baloise SyncTaskToDMS"
donderdag 25 februari 2021 21:01:06 - Commandline		: StopService "Mercator DMS Bulk Insert"
donderdag 25 februari 2021 21:01:06 - Commandline		: StopService "Mercator DMS Import Portima Attachments"
donderdag 25 februari 2021 21:01:06 - Commandline		: StopService "Mercator DMS MailImport Service"
donderdag 25 februari 2021 21:01:06 - Commandline		: StopService "Mercator Xpim Document Store"
donderdag 25 februari 2021 21:01:06 - Commandline		: StopService "Mercator Document Store"
donderdag 25 februari 2021 21:01:06 - Commandline		: StopService "Mercator Document Store"
donderdag 25 februari 2021 21:01:06 - Commandline		: StopService "Mercator Document Management System Service"
donderdag 25 februari 2021 21:01:06 - Commandline		: StopService "Mercator Document Management System Async Service"
donderdag 25 februari 2021 21:01:06 - Commandline		: StopService "Mercator Document Management System Batch Avero Service"
donderdag 25 februari 2021 21:01:06 - Commandline		: StopService "Mercator DMS Pdf Conversion Call"
donderdag 25 februari 2021 21:01:06 - Commandline		: StopService "MercatorNET SCV Batch Service"
donderdag 25 februari 2021 21:01:07 - Commandline		: StopService "Mercator Organization Data"
donderdag 25 februari 2021 21:01:07 - Commandline		: StopService "Mercator Document Generation"
donderdag 25 februari 2021 21:01:07 - Commandline		: StopService "Mercator Document Delivery"
donderdag 25 februari 2021 21:01:08 - Commandline		: StopService "Steria's Dispatcher Service"
donderdag 25 februari 2021 21:01:08 - Commandline		: StopService "Mercator.Integration.EAI.3.9.Listener"
donderdag 25 februari 2021 21:01:08 - Commandline		: RemoveDirectory "C:\WINDOWS\Microsoft.NET\Framework\v4.0.30319\Temporary ASP.NET Files\cds"
donderdag 25 februari 2021 21:01:08 - Commandline		: RemoveDirectory "C:\WINDOWS\Microsoft.NET\Framework\v2.0.50727\Temporary ASP.NET Files\mercatornet.boservices"
donderdag 25 februari 2021 21:01:08 - Commandline		: RemoveDirectory "C:\WINDOWS\Microsoft.NET\Framework\v2.0.50727\Temporary ASP.NET Files\mercator.eai.framework.webservices"
donderdag 25 februari 2021 21:01:08 - Commandline		: RemoveDirectory "C:\WINDOWS\Microsoft.NET\Framework\v2.0.50727\Temporary ASP.NET Files\mercator.eai.tools.wsc"
donderdag 25 februari 2021 21:01:08 - Commandline		: RemoveDirectory "C:\WINDOWS\Microsoft.NET\Framework\v2.0.50727\Temporary ASP.NET Files\Mercator.Portima.Monitoring"
donderdag 25 februari 2021 21:01:08 - Commandline		: RemoveDirectory "C:\WINDOWS\Microsoft.NET\Framework\v2.0.50727\Temporary ASP.NET Files\Mercator.Portima"
donderdag 25 februari 2021 21:01:08 - Commandline		: RemoveDirectory "C:\WINDOWS\Microsoft.NET\Framework\v2.0.50727\Temporary ASP.NET Files\WSDMS"
donderdag 25 februari 2021 21:01:08 - Commandline		: RemoveDirectory "C:\WINDOWS\Microsoft.NET\Framework\v2.0.50727\Temporary ASP.NET Files\wsdmsdatarepository"
donderdag 25 februari 2021 21:01:08 - Commandline		: EnableWSUSReboot ""
donderdag 25 februari 2021 21:01:08 - ================================svw-be-webp02.balgroupit.com======================================
donderdag 25 februari 2021 21:01:09 - ================================svw-be-webp03.balgroupit.com======================================
donderdag 25 februari 2021 21:01:16 - Commandline		: StopWebsite "DmsDataRepository"
donderdag 25 februari 2021 21:01:16 - Commandline		: StopWebsite "MNet"
donderdag 25 februari 2021 21:01:16 - Commandline		: StopAppPool "MNet"
donderdag 25 februari 2021 21:01:16 - Commandline		: StopAppPool "DefaultAppPool"
donderdag 25 februari 2021 21:01:16 - Commandline		: StopAppPool "WSDMS"
donderdag 25 februari 2021 21:01:16 - Commandline		: StopAppPool "WSDmsDataRepository"
donderdag 25 februari 2021 21:01:16 - Commandline		: StopAppPool "BaloiseBackend"
donderdag 25 februari 2021 21:01:17 - Commandline		: StopAppPool "CDS"
donderdag 25 februari 2021 21:01:17 - Commandline		: StopAppPool "MercatorNet.BoServices"
donderdag 25 februari 2021 21:01:17 - Commandline		: StopAppPool "Mercator.Portima.Monitoring"
donderdag 25 februari 2021 21:01:17 - Commandline		: StopAppPool "Mercator.Portima"
donderdag 25 februari 2021 21:01:17 - Commandline		: StopAppPool "Mercator.Eai.Tools.Wsc"
donderdag 25 februari 2021 21:01:17 - Commandline		: StopAppPool "Mercator.EAI.Framework.WebServices"
donderdag 25 februari 2021 21:01:17 - Commandline		: StopService "World Wide Web Publishing Service"
donderdag 25 februari 2021 21:01:17 - Commandline		: StopService "Baloise Backend"
donderdag 25 februari 2021 21:01:17 - Commandline		: StopService "Baloise Central Data Store"
donderdag 25 februari 2021 21:01:17 - Commandline		: StopService "Baloise SyncTaskToDMS"
donderdag 25 februari 2021 21:01:17 - Commandline		: StopService "Mercator DMS Bulk Insert"
donderdag 25 februari 2021 21:01:18 - Commandline		: StopService "Mercator DMS Import Portima Attachments"
donderdag 25 februari 2021 21:01:18 - Commandline		: StopService "Mercator DMS MailImport Service"
donderdag 25 februari 2021 21:01:18 - Commandline		: StopService "Mercator Xpim Document Store"
donderdag 25 februari 2021 21:01:18 - Commandline		: StopService "Mercator Document Store"
donderdag 25 februari 2021 21:01:18 - Commandline		: StopService "BaloiseDmsBatchService"
donderdag 25 februari 2021 21:01:19 - Commandline		: StopService "Mercator Document Management System Service"
donderdag 25 februari 2021 21:01:19 - Commandline		: StopService "Mercator Document Management System Async Service"
donderdag 25 februari 2021 21:01:19 - Commandline		: StopService "Mercator Document Management System Batch Avero Service"
donderdag 25 februari 2021 21:01:19 - Commandline		: StopService "Mercator DMS Pdf Conversion Call"
donderdag 25 februari 2021 21:01:20 - Commandline		: StopService "MercatorNET SCV Batch Service"
donderdag 25 februari 2021 21:01:20 - Commandline		: StopService "Mercator Organization Data"
donderdag 25 februari 2021 21:01:20 - Commandline		: StopService "Mercator Document Generation"
donderdag 25 februari 2021 21:01:20 - Commandline		: StopService "Mercator Document Delivery"
donderdag 25 februari 2021 21:01:20 - Commandline		: StopService "Steria's Dispatcher Service"
donderdag 25 februari 2021 21:01:21 - Commandline		: StopService "Mercator.Integration.EAI.3.9.Listener"
donderdag 25 februari 2021 21:01:21 - Commandline		: RemoveDirectory "C:\WINDOWS\Microsoft.NET\Framework\v4.0.30319\Temporary ASP.NET Files\cds"
donderdag 25 februari 2021 21:01:21 - Commandline		: RemoveDirectory "C:\WINDOWS\Microsoft.NET\Framework\v2.0.50727\Temporary ASP.NET Files\mercatornet.boservices"
donderdag 25 februari 2021 21:01:21 - Commandline		: RemoveDirectory "C:\WINDOWS\Microsoft.NET\Framework\v2.0.50727\Temporary ASP.NET Files\mercator.eai.framework.webservices"
donderdag 25 februari 2021 21:01:21 - Commandline		: RemoveDirectory "C:\WINDOWS\Microsoft.NET\Framework\v2.0.50727\Temporary ASP.NET Files\mercator.eai.tools.wsc"
donderdag 25 februari 2021 21:01:21 - Commandline		: RemoveDirectory "C:\WINDOWS\Microsoft.NET\Framework\v2.0.50727\Temporary ASP.NET Files\Mercator.Portima.Monitoring"
donderdag 25 februari 2021 21:01:21 - Commandline		: RemoveDirectory "C:\WINDOWS\Microsoft.NET\Framework\v2.0.50727\Temporary ASP.NET Files\Mercator.Portima"
donderdag 25 februari 2021 21:01:21 - Commandline		: RemoveDirectory "C:\WINDOWS\Microsoft.NET\Framework\v2.0.50727\Temporary ASP.NET Files\WSDMS"
donderdag 25 februari 2021 21:01:21 - Commandline		: RemoveDirectory "C:\WINDOWS\Microsoft.NET\Framework\v2.0.50727\Temporary ASP.NET Files\wsdmsdatarepository"
donderdag 25 februari 2021 21:01:21 - Commandline		: EnableWSUSReboot ""
donderdag 25 februari 2021 21:01:21 - ================================svw-be-webp03.balgroupit.com======================================
donderdag 25 februari 2021 21:01:23 - ================================svw-be-signp001.balgroupit.com======================================
donderdag 25 februari 2021 21:01:24 - Commandline		: StopService "Portima BrokerSign"
donderdag 25 februari 2021 21:01:25 - ================================svw-be-signp001.balgroupit.com======================================
donderdag 25 februari 2021 21:01:25 - ================================shw-me-pweb06.balgroupit.com======================================
donderdag 25 februari 2021 21:01:25 -  shw-me-pweb06.balgroupit.com remote session could not be created.
donderdag 25 februari 2021 21:01:25 - ================================shw-me-pweb06.balgroupit.com======================================
donderdag 25 februari 2021 21:01:25 - ================================shw-me-pweb56.balgroupit.com======================================
donderdag 25 februari 2021 21:01:25 -  shw-me-pweb56.balgroupit.com remote session could not be created.
donderdag 25 februari 2021 21:01:25 - ================================shw-me-pweb56.balgroupit.com======================================
donderdag 25 februari 2021 21:01:26 - ================================svw-be-adlibp01.balgroupit.com======================================
donderdag 25 februari 2021 21:01:34 - Commandline		: EnableWSUSReboot ""
donderdag 25 februari 2021 21:01:34 - ================================svw-be-adlibp01.balgroupit.com======================================
donderdag 25 februari 2021 21:01:35 - ================================svw-be-adlibp02.balgroupit.com======================================
donderdag 25 februari 2021 21:01:36 - Commandline		: EnableWSUSReboot ""
donderdag 25 februari 2021 21:01:36 - ================================svw-be-adlibp02.balgroupit.com======================================
donderdag 25 februari 2021 21:01:37 - ================================svw-be-adlibp03.balgroupit.com======================================
donderdag 25 februari 2021 21:01:45 - Commandline		: EnableWSUSReboot ""
donderdag 25 februari 2021 21:01:45 - ================================svw-be-adlibp03.balgroupit.com======================================
donderdag 25 februari 2021 21:01:46 - ================================svw-be-adlibp04.balgroupit.com======================================
donderdag 25 februari 2021 21:01:47 - Commandline		: EnableWSUSReboot ""
donderdag 25 februari 2021 21:01:47 - ================================svw-be-adlibp04.balgroupit.com======================================
donderdag 25 februari 2021 21:01:48 - ================================svw-be-adlibp05.balgroupit.com======================================
donderdag 25 februari 2021 21:01:53 - Commandline		: EnableWSUSReboot ""
donderdag 25 februari 2021 21:01:53 - ================================svw-be-adlibp05.balgroupit.com======================================
donderdag 25 februari 2021 21:01:54 - ================================svw-be-adlibp06.balgroupit.com======================================
donderdag 25 februari 2021 21:01:59 - Commandline		: EnableWSUSReboot ""
donderdag 25 februari 2021 21:01:59 - ================================svw-be-adlibp06.balgroupit.com======================================
donderdag 25 februari 2021 21:02:00 - ================================svw-be-adlibp07.balgroupit.com======================================
donderdag 25 februari 2021 21:02:04 - Commandline		: EnableWSUSReboot ""
donderdag 25 februari 2021 21:02:05 - ================================svw-be-adlibp07.balgroupit.com======================================
donderdag 25 februari 2021 21:02:05 - ================================svw-be-dmsp001.balgroupit.com======================================
donderdag 25 februari 2021 21:02:13 - Commandline		: EnableWSUSReboot ""
donderdag 25 februari 2021 21:02:13 - ================================svw-be-dmsp001.balgroupit.com======================================
donderdag 25 februari 2021 21:02:14 - ================================svw-be-dmsp002.balgroupit.com======================================
donderdag 25 februari 2021 21:02:22 - Commandline		: EnableWSUSReboot ""
donderdag 25 februari 2021 21:02:22 - ================================svw-be-dmsp002.balgroupit.com======================================
donderdag 25 februari 2021 21:02:24 - ================================svw-be-dmsp03.balgroupit.com======================================
donderdag 25 februari 2021 21:02:32 - Commandline		: EnableWSUSReboot ""
donderdag 25 februari 2021 21:02:32 - Commandline		: StopService "Execute360 Archive Manager"
donderdag 25 februari 2021 21:02:43 - ================================svw-be-dmsp03.balgroupit.com======================================
donderdag 25 februari 2021 21:02:44 - ================================dms-bp01.balgroupit.com======================================
donderdag 25 februari 2021 21:02:45 - Commandline		: EnableWSUSReboot ""
donderdag 25 februari 2021 21:02:45 - ================================dms-bp01.balgroupit.com======================================
donderdag 25 februari 2021 21:02:46 - ================================dms-bp01-file.balgroupit.com======================================
donderdag 25 februari 2021 21:02:47 - Commandline		: EnableWSUSReboot ""
donderdag 25 februari 2021 21:02:47 - ================================dms-bp01-file.balgroupit.com======================================
donderdag 25 februari 2021 21:02:48 - ================================dms-bp01-g360.balgroupit.com======================================
donderdag 25 februari 2021 21:02:49 - Commandline		: EnableWSUSReboot ""
donderdag 25 februari 2021 21:02:49 - ================================dms-bp01-g360.balgroupit.com======================================
donderdag 25 februari 2021 21:02:50 - ================================SVW-BE-WEBFP001.balgroupit.com======================================
donderdag 25 februari 2021 21:02:58 - Commandline		: StopAppPool "DefaultAppPool"
donderdag 25 februari 2021 21:02:58 - Commandline		: StopAppPool "ED"
donderdag 25 februari 2021 21:02:58 - Commandline		: StopAppPool "EmployeeBenefits"
donderdag 25 februari 2021 21:02:58 - Commandline		: StopAppPool "EtlLogViewer"
donderdag 25 februari 2021 21:02:58 - Commandline		: StopAppPool "LevenAansluitingsverklaring"
donderdag 25 februari 2021 21:02:58 - Commandline		: StopAppPool "LevenWijzigingsFormulier"
donderdag 25 februari 2021 21:02:58 - Commandline		: StopAppPool "MercatorNet.RMMain"
donderdag 25 februari 2021 21:02:58 - Commandline		: StopAppPool "MercatorNet.WSDeploy_3_0"
donderdag 25 februari 2021 21:02:58 - Commandline		: StopAppPool "MercatorNet.WSMain"
donderdag 25 februari 2021 21:02:58 - Commandline		: StopAppPool "MercatorNet.WSServices"
donderdag 25 februari 2021 21:02:58 - Commandline		: StopAppPool "MercatorNet.WSTariff"
donderdag 25 februari 2021 21:02:58 - Commandline		: StopAppPool "MercatorNetBroker.WSDeploy_3_0"
donderdag 25 februari 2021 21:02:59 - Commandline		: StopAppPool "MercatorNetBroker.WSMain"
donderdag 25 februari 2021 21:02:59 - Commandline		: StopAppPool "MercatorWebSite"
donderdag 25 februari 2021 21:02:59 - Commandline		: StopAppPool "MyBaloiseBroker"
donderdag 25 februari 2021 21:02:59 - Commandline		: StopAppPool "MyBaloiseInternal"
donderdag 25 februari 2021 21:02:59 - Commandline		: StopAppPool "MWebBvb"
donderdag 25 februari 2021 21:02:59 - Commandline		: StopAppPool "ScvWebService"
donderdag 25 februari 2021 21:02:59 - Commandline		: StopWebsite "OnlineDocuments"
donderdag 25 februari 2021 21:02:59 - Commandline		: StopWebsite "MNet"
donderdag 25 februari 2021 21:02:59 - Commandline		: StopWebsite "MWebBvb"
donderdag 25 februari 2021 21:02:59 - Commandline		: StopService "World Wide Web Publishing Service"
donderdag 25 februari 2021 21:02:59 - Commandline		: RemoveDirectory "C:\WINDOWS\Microsoft.NET\Framework\v2.0.50727\Temporary ASP.NET Files\levenaansluitingsverklaring"
donderdag 25 februari 2021 21:02:59 - Commandline		: RemoveDirectory "C:\WINDOWS\Microsoft.NET\Framework\v2.0.50727\Temporary ASP.NET Files\levenwijzigingsformulier"
donderdag 25 februari 2021 21:02:59 - Commandline		: RemoveDirectory "C:\WINDOWS\Microsoft.NET\Framework\v2.0.50727\Temporary ASP.NET Files\ed"
donderdag 25 februari 2021 21:02:59 - Commandline		: RemoveDirectory "C:\WINDOWS\Microsoft.NET\Framework\v2.0.50727\Temporary ASP.NET Files\mercatornet.rmmain"
donderdag 25 februari 2021 21:03:00 - Commandline		: RemoveDirectory "C:\WINDOWS\Microsoft.NET\Framework\v2.0.50727\Temporary ASP.NET Files\mercatornet.wsdeploy_3_0"
donderdag 25 februari 2021 21:03:00 - Commandline		: RemoveDirectory "C:\WINDOWS\Microsoft.NET\Framework\v2.0.50727\Temporary ASP.NET Files\mercatornet.wsmain"
donderdag 25 februari 2021 21:03:00 - Commandline		: RemoveDirectory "C:\WINDOWS\Microsoft.NET\Framework\v2.0.50727\Temporary ASP.NET Files\mercatornet.wsservices"
donderdag 25 februari 2021 21:03:00 - Commandline		: RemoveDirectory "C:\WINDOWS\Microsoft.NET\Framework\v2.0.50727\Temporary ASP.NET Files\mercatornet.wstariff"
donderdag 25 februari 2021 21:03:00 - Commandline		: RemoveDirectory "C:\WINDOWS\Microsoft.NET\Framework\v2.0.50727\Temporary ASP.NET Files\mercatornetbroker.wsdeploy_3_0"
donderdag 25 februari 2021 21:03:00 - Commandline		: RemoveDirectory "C:\WINDOWS\Microsoft.NET\Framework\v2.0.50727\Temporary ASP.NET Files\mercatornetbroker.wsmain"
donderdag 25 februari 2021 21:03:00 - Commandline		: RemoveDirectory "C:\WINDOWS\Microsoft.NET\Framework\v2.0.50727\Temporary ASP.NET Files\mercatornethelppages"
donderdag 25 februari 2021 21:03:00 - Commandline		: RemoveDirectory "C:\WINDOWS\Microsoft.NET\Framework\v2.0.50727\Temporary ASP.NET Files\scvwebservice"
donderdag 25 februari 2021 21:03:00 - Commandline		: EnableWSUSReboot ""
donderdag 25 februari 2021 21:03:00 - ================================SVW-BE-WEBFP001.balgroupit.com======================================
donderdag 25 februari 2021 21:03:01 - ================================SVW-BE-WEBFP002.balgroupit.com======================================
donderdag 25 februari 2021 21:03:08 - Commandline		: StopAppPool "DefaultAppPool"
donderdag 25 februari 2021 21:03:08 - Commandline		: StopAppPool "ED"
donderdag 25 februari 2021 21:03:08 - Commandline		: StopAppPool "EmployeeBenefits"
donderdag 25 februari 2021 21:03:09 - Commandline		: StopAppPool "EtlLogViewer"
donderdag 25 februari 2021 21:03:09 - Commandline		: StopAppPool "LevenAansluitingsverklaring"
donderdag 25 februari 2021 21:03:09 - Commandline		: StopAppPool "LevenWijzigingsFormulier"
donderdag 25 februari 2021 21:03:09 - Commandline		: StopAppPool "MercatorNet.RMMain"
donderdag 25 februari 2021 21:03:09 - Commandline		: StopAppPool "MercatorNet.WSDeploy_3_0"
donderdag 25 februari 2021 21:03:09 - Commandline		: StopAppPool "MercatorNet.WSMain"
donderdag 25 februari 2021 21:03:09 - Commandline		: StopAppPool "MercatorNet.WSServices"
donderdag 25 februari 2021 21:03:09 - Commandline		: StopAppPool "MercatorNet.WSTariff"
donderdag 25 februari 2021 21:03:09 - Commandline		: StopAppPool "MercatorNetBroker.WSDeploy_3_0"
donderdag 25 februari 2021 21:03:09 - Commandline		: StopAppPool "MercatorNetBroker.WSMain"
donderdag 25 februari 2021 21:03:09 - Commandline		: StopAppPool "MercatorWebSite"
donderdag 25 februari 2021 21:03:09 - Commandline		: StopAppPool "MyBaloiseBroker"
donderdag 25 februari 2021 21:03:09 - Commandline		: StopAppPool "MyBaloiseInternal"
donderdag 25 februari 2021 21:03:09 - Commandline		: StopAppPool "MWebBvb"
donderdag 25 februari 2021 21:03:10 - Commandline		: StopAppPool "ScvWebService"
donderdag 25 februari 2021 21:03:10 - Commandline		: StopWebsite "OnlineDocuments"
donderdag 25 februari 2021 21:03:10 - Commandline		: StopWebsite "MNet"
donderdag 25 februari 2021 21:03:10 - Commandline		: StopWebsite "MWebBvb"
donderdag 25 februari 2021 21:03:10 - Commandline		: StopService "World Wide Web Publishing Service"
donderdag 25 februari 2021 21:03:10 - Commandline		: RemoveDirectory "C:\WINDOWS\Microsoft.NET\Framework\v2.0.50727\Temporary ASP.NET Files\levenaansluitingsverklaring"
donderdag 25 februari 2021 21:03:10 - Commandline		: RemoveDirectory "C:\WINDOWS\Microsoft.NET\Framework\v2.0.50727\Temporary ASP.NET Files\levenwijzigingsformulier"
donderdag 25 februari 2021 21:03:10 - Commandline		: RemoveDirectory "C:\WINDOWS\Microsoft.NET\Framework\v2.0.50727\Temporary ASP.NET Files\ed"
donderdag 25 februari 2021 21:03:10 - Commandline		: RemoveDirectory "C:\WINDOWS\Microsoft.NET\Framework\v2.0.50727\Temporary ASP.NET Files\mercatornet.rmmain"
donderdag 25 februari 2021 21:03:10 - Commandline		: RemoveDirectory "C:\WINDOWS\Microsoft.NET\Framework\v2.0.50727\Temporary ASP.NET Files\mercatornet.wsdeploy_3_0"
donderdag 25 februari 2021 21:03:10 - Commandline		: RemoveDirectory "C:\WINDOWS\Microsoft.NET\Framework\v2.0.50727\Temporary ASP.NET Files\mercatornet.wsmain"
donderdag 25 februari 2021 21:03:10 - Commandline		: RemoveDirectory "C:\WINDOWS\Microsoft.NET\Framework\v2.0.50727\Temporary ASP.NET Files\mercatornet.wsservices"
donderdag 25 februari 2021 21:03:10 - Commandline		: RemoveDirectory "C:\WINDOWS\Microsoft.NET\Framework\v2.0.50727\Temporary ASP.NET Files\mercatornet.wstariff"
donderdag 25 februari 2021 21:03:10 - Commandline		: RemoveDirectory "C:\WINDOWS\Microsoft.NET\Framework\v2.0.50727\Temporary ASP.NET Files\mercatornetbroker.wsdeploy_3_0"
donderdag 25 februari 2021 21:03:10 - Commandline		: RemoveDirectory "C:\WINDOWS\Microsoft.NET\Framework\v2.0.50727\Temporary ASP.NET Files\mercatornetbroker.wsmain"
donderdag 25 februari 2021 21:03:10 - Commandline		: RemoveDirectory "C:\WINDOWS\Microsoft.NET\Framework\v2.0.50727\Temporary ASP.NET Files\mercatornethelppages"
donderdag 25 februari 2021 21:03:10 - Commandline		: RemoveDirectory "C:\WINDOWS\Microsoft.NET\Framework\v2.0.50727\Temporary ASP.NET Files\scvwebservice"
donderdag 25 februari 2021 21:03:10 - Commandline		: EnableWSUSReboot ""
donderdag 25 februari 2021 21:03:11 - ================================SVW-BE-WEBFP002.balgroupit.com======================================
donderdag 25 februari 2021 21:03:11 - ================================SVW-BE-WEBFP003.balgroupit.com======================================
donderdag 25 februari 2021 21:03:19 - Commandline		: StopAppPool "DefaultAppPool"
donderdag 25 februari 2021 21:03:19 - Commandline		: StopAppPool "ED"
donderdag 25 februari 2021 21:03:19 - Commandline		: StopAppPool "EmployeeBenefits"
donderdag 25 februari 2021 21:03:19 - Commandline		: StopAppPool "EtlLogViewer"
donderdag 25 februari 2021 21:03:19 - Commandline		: StopAppPool "LevenAansluitingsverklaring"
donderdag 25 februari 2021 21:03:19 - Commandline		: StopAppPool "LevenWijzigingsFormulier"
donderdag 25 februari 2021 21:03:19 - Commandline		: StopAppPool "MercatorNet.RMMain"
donderdag 25 februari 2021 21:03:19 - Commandline		: StopAppPool "MercatorNet.WSDeploy_3_0"
donderdag 25 februari 2021 21:03:20 - Commandline		: StopAppPool "MercatorNet.WSMain"
donderdag 25 februari 2021 21:03:20 - Commandline		: StopAppPool "MercatorNet.WSServices"
donderdag 25 februari 2021 21:03:20 - Commandline		: StopAppPool "MercatorNet.WSTariff"
donderdag 25 februari 2021 21:03:20 - Commandline		: StopAppPool "MercatorNetBroker.WSDeploy_3_0"
donderdag 25 februari 2021 21:03:20 - Commandline		: StopAppPool "MercatorNetBroker.WSMain"
donderdag 25 februari 2021 21:03:20 - Commandline		: StopAppPool "MercatorWebSite"
donderdag 25 februari 2021 21:03:20 - Commandline		: StopAppPool "MyBaloiseBroker"
donderdag 25 februari 2021 21:03:20 - Commandline		: StopAppPool "MyBaloiseInternal"
donderdag 25 februari 2021 21:03:20 - Commandline		: StopAppPool "MWebBvb"
donderdag 25 februari 2021 21:03:20 - Commandline		: StopAppPool "ScvWebService"
donderdag 25 februari 2021 21:03:20 - Commandline		: StopWebsite "OnlineDocuments"
donderdag 25 februari 2021 21:03:20 - Commandline		: StopWebsite "MNet"
donderdag 25 februari 2021 21:03:20 - Commandline		: StopWebsite "MWebBvb"
donderdag 25 februari 2021 21:03:21 - Commandline		: StopService "World Wide Web Publishing Service"
donderdag 25 februari 2021 21:03:21 - Commandline		: RemoveDirectory "C:\WINDOWS\Microsoft.NET\Framework\v2.0.50727\Temporary ASP.NET Files\levenaansluitingsverklaring"
donderdag 25 februari 2021 21:03:21 - Commandline		: RemoveDirectory "C:\WINDOWS\Microsoft.NET\Framework\v2.0.50727\Temporary ASP.NET Files\levenwijzigingsformulier"
donderdag 25 februari 2021 21:03:21 - Commandline		: RemoveDirectory "C:\WINDOWS\Microsoft.NET\Framework\v2.0.50727\Temporary ASP.NET Files\ed"
donderdag 25 februari 2021 21:03:21 - Commandline		: RemoveDirectory "C:\WINDOWS\Microsoft.NET\Framework\v2.0.50727\Temporary ASP.NET Files\mercatornet.rmmain"
donderdag 25 februari 2021 21:03:21 - Commandline		: RemoveDirectory "C:\WINDOWS\Microsoft.NET\Framework\v2.0.50727\Temporary ASP.NET Files\mercatornet.wsdeploy_3_0"
donderdag 25 februari 2021 21:03:21 - Commandline		: RemoveDirectory "C:\WINDOWS\Microsoft.NET\Framework\v2.0.50727\Temporary ASP.NET Files\mercatornet.wsmain"
donderdag 25 februari 2021 21:03:21 - Commandline		: RemoveDirectory "C:\WINDOWS\Microsoft.NET\Framework\v2.0.50727\Temporary ASP.NET Files\mercatornet.wsservices"
donderdag 25 februari 2021 21:03:21 - Commandline		: RemoveDirectory "C:\WINDOWS\Microsoft.NET\Framework\v2.0.50727\Temporary ASP.NET Files\mercatornet.wstariff"
donderdag 25 februari 2021 21:03:21 - Commandline		: RemoveDirectory "C:\WINDOWS\Microsoft.NET\Framework\v2.0.50727\Temporary ASP.NET Files\mercatornetbroker.wsdeploy_3_0"
donderdag 25 februari 2021 21:03:21 - Commandline		: RemoveDirectory "C:\WINDOWS\Microsoft.NET\Framework\v2.0.50727\Temporary ASP.NET Files\mercatornetbroker.wsmain"
donderdag 25 februari 2021 21:03:21 - Commandline		: RemoveDirectory "C:\WINDOWS\Microsoft.NET\Framework\v2.0.50727\Temporary ASP.NET Files\mercatornethelppages"
donderdag 25 februari 2021 21:03:21 - Commandline		: RemoveDirectory "C:\WINDOWS\Microsoft.NET\Framework\v2.0.50727\Temporary ASP.NET Files\scvwebservice"
donderdag 25 februari 2021 21:03:21 - Commandline		: EnableWSUSReboot ""
donderdag 25 februari 2021 21:03:21 - ================================SVW-BE-WEBFP003.balgroupit.com======================================
donderdag 25 februari 2021 21:03:22 - ================================SVW-BE-WEBFP004.balgroupit.com======================================
donderdag 25 februari 2021 21:03:29 - Commandline		: StopAppPool "DefaultAppPool"
donderdag 25 februari 2021 21:03:30 - Commandline		: StopAppPool "ED"
donderdag 25 februari 2021 21:03:30 - Commandline		: StopAppPool "EmployeeBenefits"
donderdag 25 februari 2021 21:03:30 - Commandline		: StopAppPool "EtlLogViewer"
donderdag 25 februari 2021 21:03:30 - Commandline		: StopAppPool "LevenAansluitingsverklaring"
donderdag 25 februari 2021 21:03:30 - Commandline		: StopAppPool "LevenWijzigingsFormulier"
donderdag 25 februari 2021 21:03:30 - Commandline		: StopAppPool "MercatorNet.RMMain"
donderdag 25 februari 2021 21:03:30 - Commandline		: StopAppPool "MercatorNet.WSDeploy_3_0"
donderdag 25 februari 2021 21:03:30 - Commandline		: StopAppPool "MercatorNet.WSMain"
donderdag 25 februari 2021 21:03:30 - Commandline		: StopAppPool "MercatorNet.WSServices"
donderdag 25 februari 2021 21:03:30 - Commandline		: StopAppPool "MercatorNet.WSTariff"
donderdag 25 februari 2021 21:03:30 - Commandline		: StopAppPool "MercatorNetBroker.WSDeploy_3_0"
donderdag 25 februari 2021 21:03:30 - Commandline		: StopAppPool "MercatorNetBroker.WSMain"
donderdag 25 februari 2021 21:03:30 - Commandline		: StopAppPool "MercatorWebSite"
donderdag 25 februari 2021 21:03:31 - Commandline		: StopAppPool "MyBaloiseBroker"
donderdag 25 februari 2021 21:03:31 - Commandline		: StopAppPool "MyBaloiseInternal"
donderdag 25 februari 2021 21:03:31 - Commandline		: StopAppPool "MWebBvb"
donderdag 25 februari 2021 21:03:31 - Commandline		: StopAppPool "ScvWebService"
donderdag 25 februari 2021 21:03:31 - Commandline		: StopWebsite "OnlineDocuments"
donderdag 25 februari 2021 21:03:31 - Commandline		: StopWebsite "MNet"
donderdag 25 februari 2021 21:03:31 - Commandline		: StopWebsite "MWebBvb"
donderdag 25 februari 2021 21:03:31 - Commandline		: StopService "World Wide Web Publishing Service"
donderdag 25 februari 2021 21:03:31 - Commandline		: RemoveDirectory "C:\WINDOWS\Microsoft.NET\Framework\v2.0.50727\Temporary ASP.NET Files\levenaansluitingsverklaring"
donderdag 25 februari 2021 21:03:31 - Commandline		: RemoveDirectory "C:\WINDOWS\Microsoft.NET\Framework\v2.0.50727\Temporary ASP.NET Files\levenwijzigingsformulier"
donderdag 25 februari 2021 21:03:31 - Commandline		: RemoveDirectory "C:\WINDOWS\Microsoft.NET\Framework\v2.0.50727\Temporary ASP.NET Files\ed"
donderdag 25 februari 2021 21:03:31 - Commandline		: RemoveDirectory "C:\WINDOWS\Microsoft.NET\Framework\v2.0.50727\Temporary ASP.NET Files\mercatornet.rmmain"
donderdag 25 februari 2021 21:03:31 - Commandline		: RemoveDirectory "C:\WINDOWS\Microsoft.NET\Framework\v2.0.50727\Temporary ASP.NET Files\mercatornet.wsdeploy_3_0"
donderdag 25 februari 2021 21:03:31 - Commandline		: RemoveDirectory "C:\WINDOWS\Microsoft.NET\Framework\v2.0.50727\Temporary ASP.NET Files\mercatornet.wsmain"
donderdag 25 februari 2021 21:03:31 - Commandline		: RemoveDirectory "C:\WINDOWS\Microsoft.NET\Framework\v2.0.50727\Temporary ASP.NET Files\mercatornet.wsservices"
donderdag 25 februari 2021 21:03:31 - Commandline		: RemoveDirectory "C:\WINDOWS\Microsoft.NET\Framework\v2.0.50727\Temporary ASP.NET Files\mercatornet.wstariff"
donderdag 25 februari 2021 21:03:32 - Commandline		: RemoveDirectory "C:\WINDOWS\Microsoft.NET\Framework\v2.0.50727\Temporary ASP.NET Files\mercatornetbroker.wsdeploy_3_0"
donderdag 25 februari 2021 21:03:32 - Commandline		: RemoveDirectory "C:\WINDOWS\Microsoft.NET\Framework\v2.0.50727\Temporary ASP.NET Files\mercatornetbroker.wsmain"
donderdag 25 februari 2021 21:03:32 - Commandline		: RemoveDirectory "C:\WINDOWS\Microsoft.NET\Framework\v2.0.50727\Temporary ASP.NET Files\mercatornethelppages"
donderdag 25 februari 2021 21:03:32 - Commandline		: RemoveDirectory "C:\WINDOWS\Microsoft.NET\Framework\v2.0.50727\Temporary ASP.NET Files\scvwebservice"
donderdag 25 februari 2021 21:03:32 - Commandline		: EnableWSUSReboot ""
donderdag 25 februari 2021 21:03:32 - ================================SVW-BE-WEBFP004.balgroupit.com======================================
donderdag 25 februari 2021 21:03:32 - ================================svw-be-bizp001.balgroupit.com======================================
donderdag 25 februari 2021 21:03:40 - Commandline		: StopService "Mercator Managed File Transfer"
donderdag 25 februari 2021 21:03:40 - Commandline		: StopService "Mercator Esb Process Initializer"
donderdag 25 februari 2021 21:03:40 - Commandline		: EnableWSUSReboot ""
donderdag 25 februari 2021 21:03:40 - ================================svw-be-bizp001.balgroupit.com======================================
donderdag 25 februari 2021 21:03:41 - ================================svw-be-bizp002.balgroupit.com======================================
donderdag 25 februari 2021 21:03:48 - Commandline		: StopService "Mercator Managed File Transfer"
donderdag 25 februari 2021 21:03:49 - Commandline		: StopService "Mercator Esb Process Initializer"
donderdag 25 februari 2021 21:03:49 - Commandline		: EnableWSUSReboot ""
donderdag 25 februari 2021 21:03:49 - ================================svw-be-bizp002.balgroupit.com======================================
donderdag 25 februari 2021 21:03:49 - ================================svw-be-bizp003.balgroupit.com======================================
donderdag 25 februari 2021 21:03:57 - Commandline		: StopService "Mercator Managed File Transfer"
donderdag 25 februari 2021 21:03:57 - Commandline		: StopService "Mercator Esb Process Initializer"
donderdag 25 februari 2021 21:03:57 - Commandline		: EnableWSUSReboot ""
donderdag 25 februari 2021 21:03:57 - ================================svw-be-bizp003.balgroupit.com======================================
donderdag 25 februari 2021 21:03:58 - ================================svw-be-bizp004.balgroupit.com======================================
donderdag 25 februari 2021 21:04:05 - Commandline		: StopService "Mercator Managed File Transfer"
donderdag 25 februari 2021 21:04:06 - Commandline		: StopService "Mercator Esb Process Initializer"
donderdag 25 februari 2021 21:04:06 - Commandline		: EnableWSUSReboot ""
donderdag 25 februari 2021 21:04:06 - ================================svw-be-bizp004.balgroupit.com======================================
donderdag 25 februari 2021 21:04:07 - ================================svw-be-portp01.balgroupit.com======================================
donderdag 25 februari 2021 21:04:14 - Commandline		: stopAppPool "AL2AppPool64v2"
donderdag 25 februari 2021 21:04:15 - Commandline		: stopAppPool "ALAppPool64v2"
donderdag 25 februari 2021 21:04:15 - Commandline		: StopWebsite "WCI"
donderdag 25 februari 2021 21:04:15 - Commandline		: StopWebsite "Default Web Site"
donderdag 25 februari 2021 21:04:15 - Commandline		: EnableWSUSReboot ""
donderdag 25 februari 2021 21:04:15 - ================================svw-be-portp01.balgroupit.com======================================
donderdag 25 februari 2021 21:04:16 - ================================svw-be-portp03.balgroupit.com======================================
donderdag 25 februari 2021 21:04:24 - Commandline		: stopAppPool "ALAppPool64v2"
donderdag 25 februari 2021 21:04:24 - Commandline		: stopAppPool "Pool2"
donderdag 25 februari 2021 21:04:24 - Commandline		: stopAppPool "Mercator.Portal.Portlets"
donderdag 25 februari 2021 21:04:24 - Commandline		: stopAppPool "Mercator.Portal.WebService"
donderdag 25 februari 2021 21:04:25 - Commandline		: stopAppPool "PortalASP"
donderdag 25 februari 2021 21:04:25 - Commandline		: StopWebsite "WCI"
donderdag 25 februari 2021 21:04:25 - Commandline		: StopWebsite "Default Web Site"
donderdag 25 februari 2021 21:04:25 - Commandline		: StopWebsite "MercatorPortalWebService"
donderdag 25 februari 2021 21:04:25 - Commandline		: StopService "Mercator.Portal.Scheduler"
donderdag 25 februari 2021 21:04:29 - Commandline		: EnableWSUSReboot ""
donderdag 25 februari 2021 21:04:29 - ================================svw-be-portp03.balgroupit.com======================================
donderdag 25 februari 2021 21:04:30 - ================================svw-be-babsp001.balgroupit.com======================================
donderdag 25 februari 2021 21:04:37 - Commandline		: EnableWSUSReboot ""
donderdag 25 februari 2021 21:04:37 - ================================svw-be-babsp001.balgroupit.com======================================
donderdag 25 februari 2021 21:04:37 - ================================svw-be-babsp002.balgroupit.com======================================
donderdag 25 februari 2021 21:04:45 - Commandline		: EnableWSUSReboot ""
donderdag 25 februari 2021 21:04:45 - ================================svw-be-babsp002.balgroupit.com======================================
donderdag 25 februari 2021 21:04:45 - ================================svw-be-babbp001.balgroupit.com======================================
donderdag 25 februari 2021 21:04:47 - Commandline		: StopService "Baloise BaloiseBackendBatch"
donderdag 25 februari 2021 21:04:47 - Commandline		: EnableWSUSReboot ""
donderdag 25 februari 2021 21:04:47 - ================================svw-be-babbp001.balgroupit.com======================================
donderdag 25 februari 2021 21:04:47 - ================================svw-be-babbp002.balgroupit.com======================================
donderdag 25 februari 2021 21:04:49 - Commandline		: StopService "Baloise BaloiseBackendBatch"
donderdag 25 februari 2021 21:04:50 - Commandline		: EnableWSUSReboot ""
donderdag 25 februari 2021 21:04:50 - ================================svw-be-babbp002.balgroupit.com======================================
donderdag 25 februari 2021 21:04:50 - ================================svw-be-mftp001.balgroupit.com======================================
donderdag 25 februari 2021 21:04:52 - Commandline		: StopService "Mercator Managed File Transfer"
donderdag 25 februari 2021 21:04:52 - Commandline		: EnableWSUSReboot ""
donderdag 25 februari 2021 21:04:52 - ================================svw-be-mftp001.balgroupit.com======================================
donderdag 25 februari 2021 21:04:53 - ================================svw-be-mftp002.balgroupit.com======================================
donderdag 25 februari 2021 21:04:53 - Commandline		: StopService "Mercator Managed File Transfer"
donderdag 25 februari 2021 21:04:54 - Commandline		: EnableWSUSReboot ""
donderdag 25 februari 2021 21:04:54 - ================================svw-be-mftp002.balgroupit.com======================================
