donderdag 24 september 2020 21:00:51 - READING XML File :  \\balgroupit.com\appl_data\BBE\Transfer\Packages\Scripts\WSUS\Pcorp\Pcorp_Stop_All.xml
donderdag 24 september 2020 21:00:51 - 
donderdag 24 september 2020 21:00:53 - ================================svw-be-eaip01.balgroupit.com======================================
donderdag 24 september 2020 21:00:55 - Commandline		: StopService "mercator.eai.docservice"
donderdag 24 september 2020 21:00:55 - Commandline		: StopProcess "dllhost.exe"
donderdag 24 september 2020 21:00:55 - Commandline		: StopProcess "winword.exe"
donderdag 24 september 2020 21:00:55 - Commandline		: EnableWSUSReboot ""
donderdag 24 september 2020 21:00:55 - ================================svw-be-eaip01.balgroupit.com======================================
donderdag 24 september 2020 21:00:57 - ================================svw-be-eaip04.balgroupit.com======================================
donderdag 24 september 2020 21:00:58 - Commandline		: StopService "mercator.eai.docservice"
donderdag 24 september 2020 21:00:58 - Commandline		: StopProcess "dllhost.exe"
donderdag 24 september 2020 21:00:58 - Commandline		: StopProcess "winword.exe"
donderdag 24 september 2020 21:00:58 - Commandline		: EnableWSUSReboot ""
donderdag 24 september 2020 21:00:58 - ================================svw-be-eaip04.balgroupit.com======================================
donderdag 24 september 2020 21:00:59 - ================================svw-be-eaip05.balgroupit.com======================================
donderdag 24 september 2020 21:01:00 - Commandline		: StopService "mercator.eai.docservice"
donderdag 24 september 2020 21:01:01 - Commandline		: StopProcess "dllhost.exe"
donderdag 24 september 2020 21:01:01 - Commandline		: StopProcess "winword.exe"
donderdag 24 september 2020 21:01:01 - Commandline		: EnableWSUSReboot ""
donderdag 24 september 2020 21:01:01 - ================================svw-be-eaip05.balgroupit.com======================================
donderdag 24 september 2020 21:01:02 - ================================svw-be-webp02.balgroupit.com======================================
donderdag 24 september 2020 21:01:09 - Commandline		: StopWebsite "DmsDataRepository"
donderdag 24 september 2020 21:01:09 - Commandline		: StopWebsite "MNet"
donderdag 24 september 2020 21:01:09 - Commandline		: StopAppPool "DefaultAppPool"
donderdag 24 september 2020 21:01:10 - Commandline		: StopAppPool "WSDMS"
donderdag 24 september 2020 21:01:10 - Commandline		: StopAppPool "WSDmsDataRepository"
donderdag 24 september 2020 21:01:10 - Commandline		: StopAppPool "BaloiseBackend"
donderdag 24 september 2020 21:01:10 - Commandline		: StopAppPool "CDS"
donderdag 24 september 2020 21:01:10 - Commandline		: StopAppPool "MercatorNet.BoServices"
donderdag 24 september 2020 21:01:10 - Commandline		: StopAppPool "Mercator.Portima.Monitoring"
donderdag 24 september 2020 21:01:10 - Commandline		: StopAppPool "Mercator.Portima"
donderdag 24 september 2020 21:01:10 - Commandline		: StopAppPool "Mercator.Eai.Tools.Wsc"
donderdag 24 september 2020 21:01:10 - Commandline		: StopAppPool "Mercator.EAI.Framework.WebServices"
donderdag 24 september 2020 21:01:10 - Commandline		: StopService "World Wide Web Publishing Service"
donderdag 24 september 2020 21:01:10 - Commandline		: StopService "Baloise BaloiseBackendBatch"
donderdag 24 september 2020 21:01:11 - Commandline		: StopService "Baloise CentralDataStore"
donderdag 24 september 2020 21:01:11 - Commandline		: StopService "Baloise SyncTaskToDMS"
donderdag 24 september 2020 21:01:11 - Commandline		: StopService "Mercator DMS Bulk Insert"
donderdag 24 september 2020 21:01:11 - Commandline		: StopService "Mercator DMS Import Portima Attachments"
donderdag 24 september 2020 21:01:12 - Commandline		: StopService "Mercator DMS MailImport Service"
donderdag 24 september 2020 21:01:12 - Commandline		: StopService "Mercator Xpim Document Store"
donderdag 24 september 2020 21:01:12 - Commandline		: StopService "Mercator Document Store"
donderdag 24 september 2020 21:01:12 - Commandline		: StopService "Mercator Document Store"
donderdag 24 september 2020 21:01:12 - Commandline		: StopService "Mercator Document Management System Service"
donderdag 24 september 2020 21:01:12 - Commandline		: StopService "Mercator Document Management System Async Service"
donderdag 24 september 2020 21:01:12 - Commandline		: StopService "Mercator Document Management System Batch Avero Service"
donderdag 24 september 2020 21:01:12 - Commandline		: StopService "Mercator DMS Pdf Conversion Call"
donderdag 24 september 2020 21:01:12 - Commandline		: StopService "MercatorNET SCV Batch Service"
donderdag 24 september 2020 21:01:12 - Commandline		: StopService "Mercator Organization Data"
donderdag 24 september 2020 21:01:13 - Commandline		: StopService "Mercator Document Generation"
donderdag 24 september 2020 21:01:13 - Commandline		: StopService "Mercator Document Delivery"
donderdag 24 september 2020 21:01:13 - Commandline		: StopService "Steria's Dispatcher Service"
donderdag 24 september 2020 21:01:13 - Commandline		: StopService "Mercator.Integration.EAI.3.9.Listener"
donderdag 24 september 2020 21:01:14 - Commandline		: RemoveDirectory "C:\WINDOWS\Microsoft.NET\Framework\v4.0.30319\Temporary ASP.NET Files\cds"
donderdag 24 september 2020 21:01:14 - Commandline		: RemoveDirectory "C:\WINDOWS\Microsoft.NET\Framework\v2.0.50727\Temporary ASP.NET Files\mercatornet.boservices"
donderdag 24 september 2020 21:01:14 - Commandline		: RemoveDirectory "C:\WINDOWS\Microsoft.NET\Framework\v2.0.50727\Temporary ASP.NET Files\mercator.eai.framework.webservices"
donderdag 24 september 2020 21:01:14 - Commandline		: RemoveDirectory "C:\WINDOWS\Microsoft.NET\Framework\v2.0.50727\Temporary ASP.NET Files\mercator.eai.tools.wsc"
donderdag 24 september 2020 21:01:14 - Commandline		: RemoveDirectory "C:\WINDOWS\Microsoft.NET\Framework\v2.0.50727\Temporary ASP.NET Files\Mercator.Portima.Monitoring"
donderdag 24 september 2020 21:01:14 - Commandline		: RemoveDirectory "C:\WINDOWS\Microsoft.NET\Framework\v2.0.50727\Temporary ASP.NET Files\Mercator.Portima"
donderdag 24 september 2020 21:01:14 - Commandline		: RemoveDirectory "C:\WINDOWS\Microsoft.NET\Framework\v2.0.50727\Temporary ASP.NET Files\WSDMS"
donderdag 24 september 2020 21:01:14 - Commandline		: RemoveDirectory "C:\WINDOWS\Microsoft.NET\Framework\v2.0.50727\Temporary ASP.NET Files\wsdmsdatarepository"
donderdag 24 september 2020 21:01:14 - Commandline		: EnableWSUSReboot ""
donderdag 24 september 2020 21:01:14 - ================================svw-be-webp02.balgroupit.com======================================
donderdag 24 september 2020 21:01:15 - ================================svw-be-webp03.balgroupit.com======================================
donderdag 24 september 2020 21:01:23 - Commandline		: StopWebsite "DmsDataRepository"
donderdag 24 september 2020 21:01:23 - Commandline		: StopWebsite "MNet"
donderdag 24 september 2020 21:01:23 - Commandline		: StopAppPool "MNet"
donderdag 24 september 2020 21:01:23 - Commandline		: StopAppPool "DefaultAppPool"
donderdag 24 september 2020 21:01:23 - Commandline		: StopAppPool "WSDMS"
donderdag 24 september 2020 21:01:23 - Commandline		: StopAppPool "WSDmsDataRepository"
donderdag 24 september 2020 21:01:24 - Commandline		: StopAppPool "BaloiseBackend"
donderdag 24 september 2020 21:01:24 - Commandline		: StopAppPool "CDS"
donderdag 24 september 2020 21:01:24 - Commandline		: StopAppPool "MercatorNet.BoServices"
donderdag 24 september 2020 21:01:24 - Commandline		: StopAppPool "Mercator.Portima.Monitoring"
donderdag 24 september 2020 21:01:24 - Commandline		: StopAppPool "Mercator.Portima"
donderdag 24 september 2020 21:01:24 - Commandline		: StopAppPool "Mercator.Eai.Tools.Wsc"
donderdag 24 september 2020 21:01:24 - Commandline		: StopAppPool "Mercator.EAI.Framework.WebServices"
donderdag 24 september 2020 21:01:24 - Commandline		: StopService "World Wide Web Publishing Service"
donderdag 24 september 2020 21:01:24 - Commandline		: StopService "Baloise Backend"
donderdag 24 september 2020 21:01:24 - Commandline		: StopService "Baloise Central Data Store"
donderdag 24 september 2020 21:01:24 - Commandline		: StopService "Baloise SyncTaskToDMS"
donderdag 24 september 2020 21:01:25 - Commandline		: StopService "Mercator DMS Bulk Insert"
donderdag 24 september 2020 21:01:25 - Commandline		: StopService "Mercator DMS Import Portima Attachments"
donderdag 24 september 2020 21:01:25 - Commandline		: StopService "Mercator DMS MailImport Service"
donderdag 24 september 2020 21:01:26 - Commandline		: StopService "Mercator Xpim Document Store"
donderdag 24 september 2020 21:01:26 - Commandline		: StopService "Mercator Document Store"
donderdag 24 september 2020 21:01:26 - Commandline		: StopService "BaloiseDmsBatchService"
donderdag 24 september 2020 21:01:26 - Commandline		: StopService "Mercator Document Management System Service"
donderdag 24 september 2020 21:01:26 - Commandline		: StopService "Mercator Document Management System Async Service"
donderdag 24 september 2020 21:01:26 - Commandline		: StopService "Mercator Document Management System Batch Avero Service"
donderdag 24 september 2020 21:01:27 - Commandline		: StopService "Mercator DMS Pdf Conversion Call"
donderdag 24 september 2020 21:01:27 - Commandline		: StopService "MercatorNET SCV Batch Service"
donderdag 24 september 2020 21:01:27 - Commandline		: StopService "Mercator Organization Data"
donderdag 24 september 2020 21:01:27 - Commandline		: StopService "Mercator Document Generation"
donderdag 24 september 2020 21:01:27 - Commandline		: StopService "Mercator Document Delivery"
donderdag 24 september 2020 21:01:27 - Commandline		: StopService "Steria's Dispatcher Service"
donderdag 24 september 2020 21:01:27 - Commandline		: StopService "Mercator.Integration.EAI.3.9.Listener"
donderdag 24 september 2020 21:01:28 - Commandline		: RemoveDirectory "C:\WINDOWS\Microsoft.NET\Framework\v4.0.30319\Temporary ASP.NET Files\cds"
donderdag 24 september 2020 21:01:28 - Commandline		: RemoveDirectory "C:\WINDOWS\Microsoft.NET\Framework\v2.0.50727\Temporary ASP.NET Files\mercatornet.boservices"
donderdag 24 september 2020 21:01:28 - Commandline		: RemoveDirectory "C:\WINDOWS\Microsoft.NET\Framework\v2.0.50727\Temporary ASP.NET Files\mercator.eai.framework.webservices"
donderdag 24 september 2020 21:01:28 - Commandline		: RemoveDirectory "C:\WINDOWS\Microsoft.NET\Framework\v2.0.50727\Temporary ASP.NET Files\mercator.eai.tools.wsc"
donderdag 24 september 2020 21:01:28 - Commandline		: RemoveDirectory "C:\WINDOWS\Microsoft.NET\Framework\v2.0.50727\Temporary ASP.NET Files\Mercator.Portima.Monitoring"
donderdag 24 september 2020 21:01:28 - Commandline		: RemoveDirectory "C:\WINDOWS\Microsoft.NET\Framework\v2.0.50727\Temporary ASP.NET Files\Mercator.Portima"
donderdag 24 september 2020 21:01:28 - Commandline		: RemoveDirectory "C:\WINDOWS\Microsoft.NET\Framework\v2.0.50727\Temporary ASP.NET Files\WSDMS"
donderdag 24 september 2020 21:01:28 - Commandline		: RemoveDirectory "C:\WINDOWS\Microsoft.NET\Framework\v2.0.50727\Temporary ASP.NET Files\wsdmsdatarepository"
donderdag 24 september 2020 21:01:28 - Commandline		: EnableWSUSReboot ""
donderdag 24 september 2020 21:01:28 - ================================svw-be-webp03.balgroupit.com======================================
donderdag 24 september 2020 21:01:30 - ================================svw-be-signp001.balgroupit.com======================================
donderdag 24 september 2020 21:01:30 - Commandline		: StopService "Portima BrokerSign"
donderdag 24 september 2020 21:01:31 - ================================svw-be-signp001.balgroupit.com======================================
donderdag 24 september 2020 21:01:34 - ================================shw-me-pweb06.balgroupit.com======================================
donderdag 24 september 2020 21:01:49 - Commandline		: StopAppPool "DefaultAppPool"
donderdag 24 september 2020 21:01:50 - Commandline		: StopAppPool "ED"
donderdag 24 september 2020 21:01:50 - Commandline		: StopAppPool "EmployeeBenefits"
donderdag 24 september 2020 21:01:50 - Commandline		: StopAppPool "EtlLogViewer"
donderdag 24 september 2020 21:01:50 - Commandline		: StopAppPool "LevenAansluitingsverklaring"
donderdag 24 september 2020 21:01:50 - Commandline		: StopAppPool "LevenWijzigingsFormulier"
donderdag 24 september 2020 21:01:50 - Commandline		: StopAppPool "MercatorNet.RMMain"
donderdag 24 september 2020 21:01:50 - Commandline		: StopAppPool "MercatorNet.WSDeploy_3_0"
donderdag 24 september 2020 21:01:50 - Commandline		: StopAppPool "MercatorNet.WSMain"
donderdag 24 september 2020 21:01:50 - Commandline		: StopAppPool "MercatorNet.WSServices"
donderdag 24 september 2020 21:01:50 - Commandline		: StopAppPool "MercatorNet.WSTariff"
donderdag 24 september 2020 21:01:50 - Commandline		: StopAppPool "MercatorNetBroker.WSDeploy_3_0"
donderdag 24 september 2020 21:01:50 - Commandline		: StopAppPool "MercatorNetBroker.WSMain"
donderdag 24 september 2020 21:01:50 - Commandline		: StopAppPool "MercatorWebSite"
donderdag 24 september 2020 21:01:51 - Commandline		: StopAppPool "MyBaloiseBroker"
donderdag 24 september 2020 21:01:51 - Commandline		: StopAppPool "MWebBvb"
donderdag 24 september 2020 21:01:51 - Commandline		: StopAppPool "ScvWebService"
donderdag 24 september 2020 21:01:51 - Commandline		: StopWebsite "OnlineDocuments"
donderdag 24 september 2020 21:01:51 - Commandline		: StopWebsite "MNet"
donderdag 24 september 2020 21:01:51 - Commandline		: StopWebsite "MWebBvb"
donderdag 24 september 2020 21:01:51 - Commandline		: StopService "World Wide Web Publishing Service"
donderdag 24 september 2020 21:01:51 - Commandline		: RemoveDirectory "C:\WINDOWS\Microsoft.NET\Framework\v2.0.50727\Temporary ASP.NET Files\levenaansluitingsverklaring"
donderdag 24 september 2020 21:01:51 - Commandline		: RemoveDirectory "C:\WINDOWS\Microsoft.NET\Framework\v2.0.50727\Temporary ASP.NET Files\levenwijzigingsformulier"
donderdag 24 september 2020 21:01:51 - Commandline		: RemoveDirectory "C:\WINDOWS\Microsoft.NET\Framework\v2.0.50727\Temporary ASP.NET Files\ed"
donderdag 24 september 2020 21:01:52 - Commandline		: RemoveDirectory "C:\WINDOWS\Microsoft.NET\Framework\v2.0.50727\Temporary ASP.NET Files\mercatornet.rmmain"
donderdag 24 september 2020 21:01:52 - Commandline		: RemoveDirectory "C:\WINDOWS\Microsoft.NET\Framework\v2.0.50727\Temporary ASP.NET Files\mercatornet.wsdeploy_3_0"
donderdag 24 september 2020 21:01:52 - Commandline		: RemoveDirectory "C:\WINDOWS\Microsoft.NET\Framework\v2.0.50727\Temporary ASP.NET Files\mercatornet.wsmain"
donderdag 24 september 2020 21:01:52 - Commandline		: RemoveDirectory "C:\WINDOWS\Microsoft.NET\Framework\v2.0.50727\Temporary ASP.NET Files\mercatornet.wsservices"
donderdag 24 september 2020 21:01:52 - Commandline		: RemoveDirectory "C:\WINDOWS\Microsoft.NET\Framework\v2.0.50727\Temporary ASP.NET Files\mercatornet.wstariff"
donderdag 24 september 2020 21:01:52 - Commandline		: RemoveDirectory "C:\WINDOWS\Microsoft.NET\Framework\v2.0.50727\Temporary ASP.NET Files\mercatornetbroker.wsdeploy_3_0"
donderdag 24 september 2020 21:01:52 - Commandline		: RemoveDirectory "C:\WINDOWS\Microsoft.NET\Framework\v2.0.50727\Temporary ASP.NET Files\mercatornetbroker.wsmain"
donderdag 24 september 2020 21:01:52 - Commandline		: RemoveDirectory "C:\WINDOWS\Microsoft.NET\Framework\v2.0.50727\Temporary ASP.NET Files\mercatornethelppages"
donderdag 24 september 2020 21:01:52 - Commandline		: RemoveDirectory "C:\WINDOWS\Microsoft.NET\Framework\v2.0.50727\Temporary ASP.NET Files\scvwebservice"
donderdag 24 september 2020 21:01:52 - Commandline		: EnableWSUSReboot ""
donderdag 24 september 2020 21:01:52 - ================================shw-me-pweb06.balgroupit.com======================================
donderdag 24 september 2020 21:01:53 - ================================shw-me-pweb56.balgroupit.com======================================
donderdag 24 september 2020 21:02:01 - Commandline		: StopAppPool "DefaultAppPool"
donderdag 24 september 2020 21:02:01 - Commandline		: StopAppPool "ED"
donderdag 24 september 2020 21:02:01 - Commandline		: StopAppPool "EmployeeBenefits"
donderdag 24 september 2020 21:02:01 - Commandline		: StopAppPool "EtlLogViewer"
donderdag 24 september 2020 21:02:01 - Commandline		: StopAppPool "LevenAansluitingsverklaring"
donderdag 24 september 2020 21:02:01 - Commandline		: StopAppPool "LevenWijzigingsFormulier"
donderdag 24 september 2020 21:02:02 - Commandline		: StopAppPool "MercatorNet.RMMain"
donderdag 24 september 2020 21:02:02 - Commandline		: StopAppPool "MercatorNet.WSDeploy_3_0"
donderdag 24 september 2020 21:02:02 - Commandline		: StopAppPool "MercatorNet.WSMain"
donderdag 24 september 2020 21:02:02 - Commandline		: StopAppPool "MercatorNet.WSServices"
donderdag 24 september 2020 21:02:02 - Commandline		: StopAppPool "MercatorNet.WSTariff"
donderdag 24 september 2020 21:02:02 - Commandline		: StopAppPool "MercatorNetBroker.WSDeploy_3_0"
donderdag 24 september 2020 21:02:02 - Commandline		: StopAppPool "MercatorNetBroker.WSMain"
donderdag 24 september 2020 21:02:02 - Commandline		: StopAppPool "MercatorWebSite"
donderdag 24 september 2020 21:02:02 - Commandline		: StopAppPool "MyBaloiseBroker"
donderdag 24 september 2020 21:02:02 - Commandline		: StopAppPool "MWebBvb"
donderdag 24 september 2020 21:02:02 - Commandline		: StopAppPool "ScvWebService"
donderdag 24 september 2020 21:02:02 - Commandline		: StopWebsite "OnlineDocuments"
donderdag 24 september 2020 21:02:03 - Commandline		: StopWebsite "MNet"
donderdag 24 september 2020 21:02:03 - Commandline		: StopWebsite "MWebBvb"
donderdag 24 september 2020 21:02:03 - Commandline		: StopService "World Wide Web Publishing Service"
donderdag 24 september 2020 21:02:03 - Commandline		: RemoveDirectory "C:\WINDOWS\Microsoft.NET\Framework\v2.0.50727\Temporary ASP.NET Files\levenaansluitingsverklaring"
donderdag 24 september 2020 21:02:03 - Commandline		: RemoveDirectory "C:\WINDOWS\Microsoft.NET\Framework\v2.0.50727\Temporary ASP.NET Files\levenwijzigingsformulier"
donderdag 24 september 2020 21:02:03 - Commandline		: RemoveDirectory "C:\WINDOWS\Microsoft.NET\Framework\v2.0.50727\Temporary ASP.NET Files\ed"
donderdag 24 september 2020 21:02:03 - Commandline		: RemoveDirectory "C:\WINDOWS\Microsoft.NET\Framework\v2.0.50727\Temporary ASP.NET Files\mercatornet.rmmain"
donderdag 24 september 2020 21:02:03 - Commandline		: RemoveDirectory "C:\WINDOWS\Microsoft.NET\Framework\v2.0.50727\Temporary ASP.NET Files\mercatornet.wsdeploy_3_0"
donderdag 24 september 2020 21:02:03 - Commandline		: RemoveDirectory "C:\WINDOWS\Microsoft.NET\Framework\v2.0.50727\Temporary ASP.NET Files\mercatornet.wsmain"
donderdag 24 september 2020 21:02:03 - Commandline		: RemoveDirectory "C:\WINDOWS\Microsoft.NET\Framework\v2.0.50727\Temporary ASP.NET Files\mercatornet.wsservices"
donderdag 24 september 2020 21:02:03 - Commandline		: RemoveDirectory "C:\WINDOWS\Microsoft.NET\Framework\v2.0.50727\Temporary ASP.NET Files\mercatornet.wstariff"
donderdag 24 september 2020 21:02:03 - Commandline		: RemoveDirectory "C:\WINDOWS\Microsoft.NET\Framework\v2.0.50727\Temporary ASP.NET Files\mercatornetbroker.wsdeploy_3_0"
donderdag 24 september 2020 21:02:03 - Commandline		: RemoveDirectory "C:\WINDOWS\Microsoft.NET\Framework\v2.0.50727\Temporary ASP.NET Files\mercatornetbroker.wsmain"
donderdag 24 september 2020 21:02:03 - Commandline		: RemoveDirectory "C:\WINDOWS\Microsoft.NET\Framework\v2.0.50727\Temporary ASP.NET Files\mercatornethelppages"
donderdag 24 september 2020 21:02:03 - Commandline		: RemoveDirectory "C:\WINDOWS\Microsoft.NET\Framework\v2.0.50727\Temporary ASP.NET Files\scvwebservice"
donderdag 24 september 2020 21:02:03 - Commandline		: EnableWSUSReboot ""
donderdag 24 september 2020 21:02:03 - ================================shw-me-pweb56.balgroupit.com======================================
donderdag 24 september 2020 21:02:05 - ================================svw-be-adlibp01.balgroupit.com======================================
donderdag 24 september 2020 21:02:13 - Commandline		: EnableWSUSReboot ""
donderdag 24 september 2020 21:02:13 - ================================svw-be-adlibp01.balgroupit.com======================================
donderdag 24 september 2020 21:02:14 - ================================svw-be-adlibp02.balgroupit.com======================================
donderdag 24 september 2020 21:02:15 - Commandline		: EnableWSUSReboot ""
donderdag 24 september 2020 21:02:15 - ================================svw-be-adlibp02.balgroupit.com======================================
donderdag 24 september 2020 21:02:16 - ================================svw-be-adlibp03.balgroupit.com======================================
donderdag 24 september 2020 21:02:38 - Commandline		: EnableWSUSReboot ""
donderdag 24 september 2020 21:02:38 - ================================svw-be-adlibp03.balgroupit.com======================================
donderdag 24 september 2020 21:02:39 - ================================svw-be-adlibp04.balgroupit.com======================================
donderdag 24 september 2020 21:02:40 - Commandline		: EnableWSUSReboot ""
donderdag 24 september 2020 21:02:40 - ================================svw-be-adlibp04.balgroupit.com======================================
donderdag 24 september 2020 21:02:41 - ================================svw-be-adlibp05.balgroupit.com======================================
donderdag 24 september 2020 21:02:46 - Commandline		: EnableWSUSReboot ""
donderdag 24 september 2020 21:02:46 - ================================svw-be-adlibp05.balgroupit.com======================================
donderdag 24 september 2020 21:02:47 - ================================svw-be-adlibp06.balgroupit.com======================================
donderdag 24 september 2020 21:02:52 - Commandline		: EnableWSUSReboot ""
donderdag 24 september 2020 21:02:52 - ================================svw-be-adlibp06.balgroupit.com======================================
donderdag 24 september 2020 21:02:53 - ================================svw-be-adlibp07.balgroupit.com======================================
donderdag 24 september 2020 21:02:58 - Commandline		: EnableWSUSReboot ""
donderdag 24 september 2020 21:02:58 - ================================svw-be-adlibp07.balgroupit.com======================================
donderdag 24 september 2020 21:02:59 - ================================svw-be-dmsp001.balgroupit.com======================================
donderdag 24 september 2020 21:03:06 - Commandline		: EnableWSUSReboot ""
donderdag 24 september 2020 21:03:06 - ================================svw-be-dmsp001.balgroupit.com======================================
donderdag 24 september 2020 21:03:07 - ================================svw-be-dmsp002.balgroupit.com======================================
donderdag 24 september 2020 21:03:15 - Commandline		: EnableWSUSReboot ""
donderdag 24 september 2020 21:03:15 - ================================svw-be-dmsp002.balgroupit.com======================================
donderdag 24 september 2020 21:03:16 - ================================svw-be-dmsp03.balgroupit.com======================================
donderdag 24 september 2020 21:03:23 - Commandline		: EnableWSUSReboot ""
donderdag 24 september 2020 21:03:24 - Commandline		: StopService "Execute360 Archive Manager"
donderdag 24 september 2020 21:03:40 - ================================svw-be-dmsp03.balgroupit.com======================================
donderdag 24 september 2020 21:03:41 - ================================dms-bp01.balgroupit.com======================================
donderdag 24 september 2020 21:03:42 - Commandline		: EnableWSUSReboot ""
donderdag 24 september 2020 21:03:42 - ================================dms-bp01.balgroupit.com======================================
donderdag 24 september 2020 21:03:43 - ================================dms-bp01-file.balgroupit.com======================================
donderdag 24 september 2020 21:03:44 - Commandline		: EnableWSUSReboot ""
donderdag 24 september 2020 21:03:44 - ================================dms-bp01-file.balgroupit.com======================================
donderdag 24 september 2020 21:03:45 - ================================dms-bp01-g360.balgroupit.com======================================
donderdag 24 september 2020 21:03:46 - Commandline		: EnableWSUSReboot ""
donderdag 24 september 2020 21:03:46 - ================================dms-bp01-g360.balgroupit.com======================================
donderdag 24 september 2020 21:03:46 - ================================SVW-BE-WEBFP001.balgroupit.com======================================
donderdag 24 september 2020 21:03:54 - Commandline		: StopAppPool "DefaultAppPool"
donderdag 24 september 2020 21:03:54 - Commandline		: StopAppPool "ED"
donderdag 24 september 2020 21:03:54 - Commandline		: StopAppPool "EmployeeBenefits"
donderdag 24 september 2020 21:03:54 - Commandline		: StopAppPool "EtlLogViewer"
donderdag 24 september 2020 21:03:54 - Commandline		: StopAppPool "LevenAansluitingsverklaring"
donderdag 24 september 2020 21:03:54 - Commandline		: StopAppPool "LevenWijzigingsFormulier"
donderdag 24 september 2020 21:03:54 - Commandline		: StopAppPool "MercatorNet.RMMain"
donderdag 24 september 2020 21:03:54 - Commandline		: StopAppPool "MercatorNet.WSDeploy_3_0"
donderdag 24 september 2020 21:03:54 - Commandline		: StopAppPool "MercatorNet.WSMain"
donderdag 24 september 2020 21:03:54 - Commandline		: StopAppPool "MercatorNet.WSServices"
donderdag 24 september 2020 21:03:54 - Commandline		: StopAppPool "MercatorNet.WSTariff"
donderdag 24 september 2020 21:03:55 - Commandline		: StopAppPool "MercatorNetBroker.WSDeploy_3_0"
donderdag 24 september 2020 21:03:55 - Commandline		: StopAppPool "MercatorNetBroker.WSMain"
donderdag 24 september 2020 21:03:55 - Commandline		: StopAppPool "MercatorWebSite"
donderdag 24 september 2020 21:03:55 - Commandline		: StopAppPool "MyBaloiseBroker"
donderdag 24 september 2020 21:03:55 - Commandline		: StopAppPool "MyBaloiseInternal"
donderdag 24 september 2020 21:03:55 - Commandline		: StopAppPool "MWebBvb"
donderdag 24 september 2020 21:03:55 - Commandline		: StopAppPool "ScvWebService"
donderdag 24 september 2020 21:03:55 - Commandline		: StopWebsite "OnlineDocuments"
donderdag 24 september 2020 21:03:55 - Commandline		: StopWebsite "MNet"
donderdag 24 september 2020 21:03:55 - Commandline		: StopWebsite "MWebBvb"
donderdag 24 september 2020 21:03:55 - Commandline		: StopService "World Wide Web Publishing Service"
donderdag 24 september 2020 21:03:55 - Commandline		: RemoveDirectory "C:\WINDOWS\Microsoft.NET\Framework\v2.0.50727\Temporary ASP.NET Files\levenaansluitingsverklaring"
donderdag 24 september 2020 21:03:55 - Commandline		: RemoveDirectory "C:\WINDOWS\Microsoft.NET\Framework\v2.0.50727\Temporary ASP.NET Files\levenwijzigingsformulier"
donderdag 24 september 2020 21:03:55 - Commandline		: RemoveDirectory "C:\WINDOWS\Microsoft.NET\Framework\v2.0.50727\Temporary ASP.NET Files\ed"
donderdag 24 september 2020 21:03:55 - Commandline		: RemoveDirectory "C:\WINDOWS\Microsoft.NET\Framework\v2.0.50727\Temporary ASP.NET Files\mercatornet.rmmain"
donderdag 24 september 2020 21:03:55 - Commandline		: RemoveDirectory "C:\WINDOWS\Microsoft.NET\Framework\v2.0.50727\Temporary ASP.NET Files\mercatornet.wsdeploy_3_0"
donderdag 24 september 2020 21:03:55 - Commandline		: RemoveDirectory "C:\WINDOWS\Microsoft.NET\Framework\v2.0.50727\Temporary ASP.NET Files\mercatornet.wsmain"
donderdag 24 september 2020 21:03:56 - Commandline		: RemoveDirectory "C:\WINDOWS\Microsoft.NET\Framework\v2.0.50727\Temporary ASP.NET Files\mercatornet.wsservices"
donderdag 24 september 2020 21:03:56 - Commandline		: RemoveDirectory "C:\WINDOWS\Microsoft.NET\Framework\v2.0.50727\Temporary ASP.NET Files\mercatornet.wstariff"
donderdag 24 september 2020 21:03:56 - Commandline		: RemoveDirectory "C:\WINDOWS\Microsoft.NET\Framework\v2.0.50727\Temporary ASP.NET Files\mercatornetbroker.wsdeploy_3_0"
donderdag 24 september 2020 21:03:56 - Commandline		: RemoveDirectory "C:\WINDOWS\Microsoft.NET\Framework\v2.0.50727\Temporary ASP.NET Files\mercatornetbroker.wsmain"
donderdag 24 september 2020 21:03:56 - Commandline		: RemoveDirectory "C:\WINDOWS\Microsoft.NET\Framework\v2.0.50727\Temporary ASP.NET Files\mercatornethelppages"
donderdag 24 september 2020 21:03:56 - Commandline		: RemoveDirectory "C:\WINDOWS\Microsoft.NET\Framework\v2.0.50727\Temporary ASP.NET Files\scvwebservice"
donderdag 24 september 2020 21:03:56 - Commandline		: EnableWSUSReboot ""
donderdag 24 september 2020 21:03:56 - ================================SVW-BE-WEBFP001.balgroupit.com======================================
donderdag 24 september 2020 21:03:56 - ================================SVW-BE-WEBFP002.balgroupit.com======================================
donderdag 24 september 2020 21:04:03 - Commandline		: StopAppPool "DefaultAppPool"
donderdag 24 september 2020 21:04:04 - Commandline		: StopAppPool "ED"
donderdag 24 september 2020 21:04:04 - Commandline		: StopAppPool "EmployeeBenefits"
donderdag 24 september 2020 21:04:04 - Commandline		: StopAppPool "EtlLogViewer"
donderdag 24 september 2020 21:04:04 - Commandline		: StopAppPool "LevenAansluitingsverklaring"
donderdag 24 september 2020 21:04:04 - Commandline		: StopAppPool "LevenWijzigingsFormulier"
donderdag 24 september 2020 21:04:04 - Commandline		: StopAppPool "MercatorNet.RMMain"
donderdag 24 september 2020 21:04:04 - Commandline		: StopAppPool "MercatorNet.WSDeploy_3_0"
donderdag 24 september 2020 21:04:04 - Commandline		: StopAppPool "MercatorNet.WSMain"
donderdag 24 september 2020 21:04:04 - Commandline		: StopAppPool "MercatorNet.WSServices"
donderdag 24 september 2020 21:04:04 - Commandline		: StopAppPool "MercatorNet.WSTariff"
donderdag 24 september 2020 21:04:04 - Commandline		: StopAppPool "MercatorNetBroker.WSDeploy_3_0"
donderdag 24 september 2020 21:04:04 - Commandline		: StopAppPool "MercatorNetBroker.WSMain"
donderdag 24 september 2020 21:04:04 - Commandline		: StopAppPool "MercatorWebSite"
donderdag 24 september 2020 21:04:04 - Commandline		: StopAppPool "MyBaloiseBroker"
donderdag 24 september 2020 21:04:05 - Commandline		: StopAppPool "MyBaloiseInternal"
donderdag 24 september 2020 21:04:05 - Commandline		: StopAppPool "MWebBvb"
donderdag 24 september 2020 21:04:05 - Commandline		: StopAppPool "ScvWebService"
donderdag 24 september 2020 21:04:05 - Commandline		: StopWebsite "OnlineDocuments"
donderdag 24 september 2020 21:04:05 - Commandline		: StopWebsite "MNet"
donderdag 24 september 2020 21:04:05 - Commandline		: StopWebsite "MWebBvb"
donderdag 24 september 2020 21:04:05 - Commandline		: StopService "World Wide Web Publishing Service"
donderdag 24 september 2020 21:04:05 - Commandline		: RemoveDirectory "C:\WINDOWS\Microsoft.NET\Framework\v2.0.50727\Temporary ASP.NET Files\levenaansluitingsverklaring"
donderdag 24 september 2020 21:04:05 - Commandline		: RemoveDirectory "C:\WINDOWS\Microsoft.NET\Framework\v2.0.50727\Temporary ASP.NET Files\levenwijzigingsformulier"
donderdag 24 september 2020 21:04:05 - Commandline		: RemoveDirectory "C:\WINDOWS\Microsoft.NET\Framework\v2.0.50727\Temporary ASP.NET Files\ed"
donderdag 24 september 2020 21:04:05 - Commandline		: RemoveDirectory "C:\WINDOWS\Microsoft.NET\Framework\v2.0.50727\Temporary ASP.NET Files\mercatornet.rmmain"
donderdag 24 september 2020 21:04:05 - Commandline		: RemoveDirectory "C:\WINDOWS\Microsoft.NET\Framework\v2.0.50727\Temporary ASP.NET Files\mercatornet.wsdeploy_3_0"
donderdag 24 september 2020 21:04:05 - Commandline		: RemoveDirectory "C:\WINDOWS\Microsoft.NET\Framework\v2.0.50727\Temporary ASP.NET Files\mercatornet.wsmain"
donderdag 24 september 2020 21:04:05 - Commandline		: RemoveDirectory "C:\WINDOWS\Microsoft.NET\Framework\v2.0.50727\Temporary ASP.NET Files\mercatornet.wsservices"
donderdag 24 september 2020 21:04:05 - Commandline		: RemoveDirectory "C:\WINDOWS\Microsoft.NET\Framework\v2.0.50727\Temporary ASP.NET Files\mercatornet.wstariff"
donderdag 24 september 2020 21:04:05 - Commandline		: RemoveDirectory "C:\WINDOWS\Microsoft.NET\Framework\v2.0.50727\Temporary ASP.NET Files\mercatornetbroker.wsdeploy_3_0"
donderdag 24 september 2020 21:04:05 - Commandline		: RemoveDirectory "C:\WINDOWS\Microsoft.NET\Framework\v2.0.50727\Temporary ASP.NET Files\mercatornetbroker.wsmain"
donderdag 24 september 2020 21:04:06 - Commandline		: RemoveDirectory "C:\WINDOWS\Microsoft.NET\Framework\v2.0.50727\Temporary ASP.NET Files\mercatornethelppages"
donderdag 24 september 2020 21:04:06 - Commandline		: RemoveDirectory "C:\WINDOWS\Microsoft.NET\Framework\v2.0.50727\Temporary ASP.NET Files\scvwebservice"
donderdag 24 september 2020 21:04:06 - Commandline		: EnableWSUSReboot ""
donderdag 24 september 2020 21:04:06 - ================================SVW-BE-WEBFP002.balgroupit.com======================================
donderdag 24 september 2020 21:04:06 - ================================SVW-BE-WEBFP003.balgroupit.com======================================
donderdag 24 september 2020 21:04:13 - Commandline		: StopAppPool "DefaultAppPool"
donderdag 24 september 2020 21:04:13 - Commandline		: StopAppPool "ED"
donderdag 24 september 2020 21:04:13 - Commandline		: StopAppPool "EmployeeBenefits"
donderdag 24 september 2020 21:04:13 - Commandline		: StopAppPool "EtlLogViewer"
donderdag 24 september 2020 21:04:14 - Commandline		: StopAppPool "LevenAansluitingsverklaring"
donderdag 24 september 2020 21:04:14 - Commandline		: StopAppPool "LevenWijzigingsFormulier"
donderdag 24 september 2020 21:04:14 - Commandline		: StopAppPool "MercatorNet.RMMain"
donderdag 24 september 2020 21:04:14 - Commandline		: StopAppPool "MercatorNet.WSDeploy_3_0"
donderdag 24 september 2020 21:04:14 - Commandline		: StopAppPool "MercatorNet.WSMain"
donderdag 24 september 2020 21:04:14 - Commandline		: StopAppPool "MercatorNet.WSServices"
donderdag 24 september 2020 21:04:14 - Commandline		: StopAppPool "MercatorNet.WSTariff"
donderdag 24 september 2020 21:04:14 - Commandline		: StopAppPool "MercatorNetBroker.WSDeploy_3_0"
donderdag 24 september 2020 21:04:14 - Commandline		: StopAppPool "MercatorNetBroker.WSMain"
donderdag 24 september 2020 21:04:14 - Commandline		: StopAppPool "MercatorWebSite"
donderdag 24 september 2020 21:04:14 - Commandline		: StopAppPool "MyBaloiseBroker"
donderdag 24 september 2020 21:04:14 - Commandline		: StopAppPool "MyBaloiseInternal"
donderdag 24 september 2020 21:04:14 - Commandline		: StopAppPool "MWebBvb"
donderdag 24 september 2020 21:04:14 - Commandline		: StopAppPool "ScvWebService"
donderdag 24 september 2020 21:04:15 - Commandline		: StopWebsite "OnlineDocuments"
donderdag 24 september 2020 21:04:15 - Commandline		: StopWebsite "MNet"
donderdag 24 september 2020 21:04:15 - Commandline		: StopWebsite "MWebBvb"
donderdag 24 september 2020 21:04:15 - Commandline		: StopService "World Wide Web Publishing Service"
donderdag 24 september 2020 21:04:15 - Commandline		: RemoveDirectory "C:\WINDOWS\Microsoft.NET\Framework\v2.0.50727\Temporary ASP.NET Files\levenaansluitingsverklaring"
donderdag 24 september 2020 21:04:15 - Commandline		: RemoveDirectory "C:\WINDOWS\Microsoft.NET\Framework\v2.0.50727\Temporary ASP.NET Files\levenwijzigingsformulier"
donderdag 24 september 2020 21:04:15 - Commandline		: RemoveDirectory "C:\WINDOWS\Microsoft.NET\Framework\v2.0.50727\Temporary ASP.NET Files\ed"
donderdag 24 september 2020 21:04:15 - Commandline		: RemoveDirectory "C:\WINDOWS\Microsoft.NET\Framework\v2.0.50727\Temporary ASP.NET Files\mercatornet.rmmain"
donderdag 24 september 2020 21:04:15 - Commandline		: RemoveDirectory "C:\WINDOWS\Microsoft.NET\Framework\v2.0.50727\Temporary ASP.NET Files\mercatornet.wsdeploy_3_0"
donderdag 24 september 2020 21:04:15 - Commandline		: RemoveDirectory "C:\WINDOWS\Microsoft.NET\Framework\v2.0.50727\Temporary ASP.NET Files\mercatornet.wsmain"
donderdag 24 september 2020 21:04:15 - Commandline		: RemoveDirectory "C:\WINDOWS\Microsoft.NET\Framework\v2.0.50727\Temporary ASP.NET Files\mercatornet.wsservices"
donderdag 24 september 2020 21:04:15 - Commandline		: RemoveDirectory "C:\WINDOWS\Microsoft.NET\Framework\v2.0.50727\Temporary ASP.NET Files\mercatornet.wstariff"
donderdag 24 september 2020 21:04:15 - Commandline		: RemoveDirectory "C:\WINDOWS\Microsoft.NET\Framework\v2.0.50727\Temporary ASP.NET Files\mercatornetbroker.wsdeploy_3_0"
donderdag 24 september 2020 21:04:15 - Commandline		: RemoveDirectory "C:\WINDOWS\Microsoft.NET\Framework\v2.0.50727\Temporary ASP.NET Files\mercatornetbroker.wsmain"
donderdag 24 september 2020 21:04:15 - Commandline		: RemoveDirectory "C:\WINDOWS\Microsoft.NET\Framework\v2.0.50727\Temporary ASP.NET Files\mercatornethelppages"
donderdag 24 september 2020 21:04:15 - Commandline		: RemoveDirectory "C:\WINDOWS\Microsoft.NET\Framework\v2.0.50727\Temporary ASP.NET Files\scvwebservice"
donderdag 24 september 2020 21:04:15 - Commandline		: EnableWSUSReboot ""
donderdag 24 september 2020 21:04:15 - ================================SVW-BE-WEBFP003.balgroupit.com======================================
donderdag 24 september 2020 21:04:16 - ================================SVW-BE-WEBFP004.balgroupit.com======================================
donderdag 24 september 2020 21:04:23 - Commandline		: StopAppPool "DefaultAppPool"
donderdag 24 september 2020 21:04:23 - Commandline		: StopAppPool "ED"
donderdag 24 september 2020 21:04:23 - Commandline		: StopAppPool "EmployeeBenefits"
donderdag 24 september 2020 21:04:23 - Commandline		: StopAppPool "EtlLogViewer"
donderdag 24 september 2020 21:04:23 - Commandline		: StopAppPool "LevenAansluitingsverklaring"
donderdag 24 september 2020 21:04:24 - Commandline		: StopAppPool "LevenWijzigingsFormulier"
donderdag 24 september 2020 21:04:24 - Commandline		: StopAppPool "MercatorNet.RMMain"
donderdag 24 september 2020 21:04:24 - Commandline		: StopAppPool "MercatorNet.WSDeploy_3_0"
donderdag 24 september 2020 21:04:24 - Commandline		: StopAppPool "MercatorNet.WSMain"
donderdag 24 september 2020 21:04:24 - Commandline		: StopAppPool "MercatorNet.WSServices"
donderdag 24 september 2020 21:04:24 - Commandline		: StopAppPool "MercatorNet.WSTariff"
donderdag 24 september 2020 21:04:24 - Commandline		: StopAppPool "MercatorNetBroker.WSDeploy_3_0"
donderdag 24 september 2020 21:04:24 - Commandline		: StopAppPool "MercatorNetBroker.WSMain"
donderdag 24 september 2020 21:04:24 - Commandline		: StopAppPool "MercatorWebSite"
donderdag 24 september 2020 21:04:24 - Commandline		: StopAppPool "MyBaloiseBroker"
donderdag 24 september 2020 21:04:24 - Commandline		: StopAppPool "MyBaloiseInternal"
donderdag 24 september 2020 21:04:24 - Commandline		: StopAppPool "MWebBvb"
donderdag 24 september 2020 21:04:24 - Commandline		: StopAppPool "ScvWebService"
donderdag 24 september 2020 21:04:25 - Commandline		: StopWebsite "OnlineDocuments"
donderdag 24 september 2020 21:04:25 - Commandline		: StopWebsite "MNet"
donderdag 24 september 2020 21:04:25 - Commandline		: StopWebsite "MWebBvb"
donderdag 24 september 2020 21:04:25 - Commandline		: StopService "World Wide Web Publishing Service"
donderdag 24 september 2020 21:04:25 - Commandline		: RemoveDirectory "C:\WINDOWS\Microsoft.NET\Framework\v2.0.50727\Temporary ASP.NET Files\levenaansluitingsverklaring"
donderdag 24 september 2020 21:04:25 - Commandline		: RemoveDirectory "C:\WINDOWS\Microsoft.NET\Framework\v2.0.50727\Temporary ASP.NET Files\levenwijzigingsformulier"
donderdag 24 september 2020 21:04:25 - Commandline		: RemoveDirectory "C:\WINDOWS\Microsoft.NET\Framework\v2.0.50727\Temporary ASP.NET Files\ed"
donderdag 24 september 2020 21:04:25 - Commandline		: RemoveDirectory "C:\WINDOWS\Microsoft.NET\Framework\v2.0.50727\Temporary ASP.NET Files\mercatornet.rmmain"
donderdag 24 september 2020 21:04:25 - Commandline		: RemoveDirectory "C:\WINDOWS\Microsoft.NET\Framework\v2.0.50727\Temporary ASP.NET Files\mercatornet.wsdeploy_3_0"
donderdag 24 september 2020 21:04:25 - Commandline		: RemoveDirectory "C:\WINDOWS\Microsoft.NET\Framework\v2.0.50727\Temporary ASP.NET Files\mercatornet.wsmain"
donderdag 24 september 2020 21:04:25 - Commandline		: RemoveDirectory "C:\WINDOWS\Microsoft.NET\Framework\v2.0.50727\Temporary ASP.NET Files\mercatornet.wsservices"
donderdag 24 september 2020 21:04:25 - Commandline		: RemoveDirectory "C:\WINDOWS\Microsoft.NET\Framework\v2.0.50727\Temporary ASP.NET Files\mercatornet.wstariff"
donderdag 24 september 2020 21:04:25 - Commandline		: RemoveDirectory "C:\WINDOWS\Microsoft.NET\Framework\v2.0.50727\Temporary ASP.NET Files\mercatornetbroker.wsdeploy_3_0"
donderdag 24 september 2020 21:04:25 - Commandline		: RemoveDirectory "C:\WINDOWS\Microsoft.NET\Framework\v2.0.50727\Temporary ASP.NET Files\mercatornetbroker.wsmain"
donderdag 24 september 2020 21:04:25 - Commandline		: RemoveDirectory "C:\WINDOWS\Microsoft.NET\Framework\v2.0.50727\Temporary ASP.NET Files\mercatornethelppages"
donderdag 24 september 2020 21:04:25 - Commandline		: RemoveDirectory "C:\WINDOWS\Microsoft.NET\Framework\v2.0.50727\Temporary ASP.NET Files\scvwebservice"
donderdag 24 september 2020 21:04:25 - Commandline		: EnableWSUSReboot ""
donderdag 24 september 2020 21:04:25 - ================================SVW-BE-WEBFP004.balgroupit.com======================================
donderdag 24 september 2020 21:04:26 - ================================svw-be-bizp001.balgroupit.com======================================
donderdag 24 september 2020 21:04:34 - Commandline		: StopService "Mercator Managed File Transfer"
donderdag 24 september 2020 21:04:34 - Commandline		: StopService "Mercator Esb Process Initializer"
donderdag 24 september 2020 21:04:34 - Commandline		: EnableWSUSReboot ""
donderdag 24 september 2020 21:04:34 - ================================svw-be-bizp001.balgroupit.com======================================
donderdag 24 september 2020 21:04:35 - ================================svw-be-bizp002.balgroupit.com======================================
donderdag 24 september 2020 21:04:42 - Commandline		: StopService "Mercator Managed File Transfer"
donderdag 24 september 2020 21:04:42 - Commandline		: StopService "Mercator Esb Process Initializer"
donderdag 24 september 2020 21:04:43 - Commandline		: EnableWSUSReboot ""
donderdag 24 september 2020 21:04:43 - ================================svw-be-bizp002.balgroupit.com======================================
donderdag 24 september 2020 21:04:43 - ================================svw-be-bizp003.balgroupit.com======================================
donderdag 24 september 2020 21:04:51 - Commandline		: StopService "Mercator Managed File Transfer"
donderdag 24 september 2020 21:04:51 - Commandline		: StopService "Mercator Esb Process Initializer"
donderdag 24 september 2020 21:04:51 - Commandline		: EnableWSUSReboot ""
donderdag 24 september 2020 21:04:51 - ================================svw-be-bizp003.balgroupit.com======================================
donderdag 24 september 2020 21:04:52 - ================================svw-be-bizp004.balgroupit.com======================================
donderdag 24 september 2020 21:05:00 - Commandline		: StopService "Mercator Managed File Transfer"
donderdag 24 september 2020 21:05:00 - Commandline		: StopService "Mercator Esb Process Initializer"
donderdag 24 september 2020 21:05:00 - Commandline		: EnableWSUSReboot ""
donderdag 24 september 2020 21:05:00 - ================================svw-be-bizp004.balgroupit.com======================================
donderdag 24 september 2020 21:05:01 - ================================svw-be-portp01.balgroupit.com======================================
donderdag 24 september 2020 21:05:09 - Commandline		: stopAppPool "AL2AppPool64v2"
donderdag 24 september 2020 21:05:09 - Commandline		: stopAppPool "ALAppPool64v2"
donderdag 24 september 2020 21:05:09 - Commandline		: StopWebsite "WCI"
donderdag 24 september 2020 21:05:09 - Commandline		: StopWebsite "Default Web Site"
donderdag 24 september 2020 21:05:09 - Commandline		: EnableWSUSReboot ""
donderdag 24 september 2020 21:05:09 - ================================svw-be-portp01.balgroupit.com======================================
donderdag 24 september 2020 21:05:10 - ================================svw-be-portp03.balgroupit.com======================================
donderdag 24 september 2020 21:05:18 - Commandline		: stopAppPool "ALAppPool64v2"
donderdag 24 september 2020 21:05:18 - Commandline		: stopAppPool "Pool2"
donderdag 24 september 2020 21:05:18 - Commandline		: stopAppPool "Mercator.Portal.Portlets"
donderdag 24 september 2020 21:05:19 - Commandline		: stopAppPool "Mercator.Portal.WebService"
donderdag 24 september 2020 21:05:19 - Commandline		: stopAppPool "PortalASP"
donderdag 24 september 2020 21:05:19 - Commandline		: StopWebsite "WCI"
donderdag 24 september 2020 21:05:19 - Commandline		: StopWebsite "Default Web Site"
donderdag 24 september 2020 21:05:19 - Commandline		: StopWebsite "MercatorPortalWebService"
donderdag 24 september 2020 21:05:19 - Commandline		: StopService "Mercator.Portal.Scheduler"
donderdag 24 september 2020 21:05:23 - Commandline		: EnableWSUSReboot ""
donderdag 24 september 2020 21:05:23 - ================================svw-be-portp03.balgroupit.com======================================
donderdag 24 september 2020 21:05:23 - ================================svw-be-babsp001.balgroupit.com======================================
donderdag 24 september 2020 21:05:31 - Commandline		: EnableWSUSReboot ""
donderdag 24 september 2020 21:05:31 - ================================svw-be-babsp001.balgroupit.com======================================
donderdag 24 september 2020 21:05:31 - ================================svw-be-babsp002.balgroupit.com======================================
donderdag 24 september 2020 21:05:38 - Commandline		: EnableWSUSReboot ""
donderdag 24 september 2020 21:05:38 - ================================svw-be-babsp002.balgroupit.com======================================
donderdag 24 september 2020 21:05:39 - ================================svw-be-babbp001.balgroupit.com======================================
donderdag 24 september 2020 21:05:40 - Commandline		: StopService "Baloise BaloiseBackendBatch"
donderdag 24 september 2020 21:05:40 - Commandline		: EnableWSUSReboot ""
donderdag 24 september 2020 21:05:40 - ================================svw-be-babbp001.balgroupit.com======================================
donderdag 24 september 2020 21:05:41 - ================================svw-be-babbp002.balgroupit.com======================================
donderdag 24 september 2020 21:05:42 - Commandline		: StopService "Baloise BaloiseBackendBatch"
donderdag 24 september 2020 21:05:43 - Commandline		: EnableWSUSReboot ""
donderdag 24 september 2020 21:05:43 - ================================svw-be-babbp002.balgroupit.com======================================
donderdag 24 september 2020 21:05:43 - ================================svw-be-mftp001.balgroupit.com======================================
donderdag 24 september 2020 21:05:47 - Commandline		: StopService "Mercator Managed File Transfer"
donderdag 24 september 2020 21:05:47 - Commandline		: EnableWSUSReboot ""
donderdag 24 september 2020 21:05:47 - ================================svw-be-mftp001.balgroupit.com======================================
donderdag 24 september 2020 21:05:48 - ================================svw-be-mftp002.balgroupit.com======================================
donderdag 24 september 2020 21:05:49 - Commandline		: StopService "Mercator Managed File Transfer"
donderdag 24 september 2020 21:05:49 - Commandline		: EnableWSUSReboot ""
donderdag 24 september 2020 21:05:49 - ================================svw-be-mftp002.balgroupit.com======================================
