zaterdag 8 augustus 2020 12:00:51 - READING XML File :  \\balgroupit.com\appl_data\BBE\Transfer\Packages\Scripts\WSUS\Pcorp\Pcorp_Stop_All.xml
zaterdag 8 augustus 2020 12:00:51 - 
zaterdag 8 augustus 2020 12:00:53 - ================================svw-be-eaip01.balgroupit.com======================================
zaterdag 8 augustus 2020 12:00:54 - Commandline		: StopService "mercator.eai.docservice"
zaterdag 8 augustus 2020 12:00:54 - Commandline		: StopProcess "dllhost.exe"
zaterdag 8 augustus 2020 12:00:54 - Commandline		: StopProcess "winword.exe"
zaterdag 8 augustus 2020 12:00:55 - Commandline		: EnableWSUSReboot ""
zaterdag 8 augustus 2020 12:00:55 - ================================svw-be-eaip01.balgroupit.com======================================
zaterdag 8 augustus 2020 12:00:56 - ================================svw-be-eaip04.balgroupit.com======================================
zaterdag 8 augustus 2020 12:00:57 - Commandline		: StopService "mercator.eai.docservice"
zaterdag 8 augustus 2020 12:00:58 - Commandline		: StopProcess "dllhost.exe"
zaterdag 8 augustus 2020 12:00:58 - Commandline		: StopProcess "winword.exe"
zaterdag 8 augustus 2020 12:00:58 - Commandline		: EnableWSUSReboot ""
zaterdag 8 augustus 2020 12:00:58 - ================================svw-be-eaip04.balgroupit.com======================================
zaterdag 8 augustus 2020 12:00:59 - ================================svw-be-eaip05.balgroupit.com======================================
zaterdag 8 augustus 2020 12:01:00 - Commandline		: StopService "mercator.eai.docservice"
zaterdag 8 augustus 2020 12:01:00 - Commandline		: StopProcess "dllhost.exe"
zaterdag 8 augustus 2020 12:01:00 - Commandline		: StopProcess "winword.exe"
zaterdag 8 augustus 2020 12:01:00 - Commandline		: EnableWSUSReboot ""
zaterdag 8 augustus 2020 12:01:01 - ================================svw-be-eaip05.balgroupit.com======================================
zaterdag 8 augustus 2020 12:01:01 - ================================svw-be-webp02.balgroupit.com======================================
zaterdag 8 augustus 2020 12:01:09 - Commandline		: StopWebsite "DmsDataRepository"
zaterdag 8 augustus 2020 12:01:09 - Commandline		: StopWebsite "MNet"
zaterdag 8 augustus 2020 12:01:09 - Commandline		: StopAppPool "DefaultAppPool"
zaterdag 8 augustus 2020 12:01:09 - Commandline		: StopAppPool "WSDMS"
zaterdag 8 augustus 2020 12:01:09 - Commandline		: StopAppPool "WSDmsDataRepository"
zaterdag 8 augustus 2020 12:01:09 - Commandline		: StopAppPool "BaloiseBackend"
zaterdag 8 augustus 2020 12:01:09 - Commandline		: StopAppPool "CDS"
zaterdag 8 augustus 2020 12:01:09 - Commandline		: StopAppPool "MercatorNet.BoServices"
zaterdag 8 augustus 2020 12:01:10 - Commandline		: StopAppPool "Mercator.Portima.Monitoring"
zaterdag 8 augustus 2020 12:01:10 - Commandline		: StopAppPool "Mercator.Portima"
zaterdag 8 augustus 2020 12:01:10 - Commandline		: StopAppPool "Mercator.Eai.Tools.Wsc"
zaterdag 8 augustus 2020 12:01:10 - Commandline		: StopAppPool "Mercator.EAI.Framework.WebServices"
zaterdag 8 augustus 2020 12:01:10 - Commandline		: StopService "World Wide Web Publishing Service"
zaterdag 8 augustus 2020 12:01:10 - Commandline		: StopService "Baloise BaloiseBackendBatch"
zaterdag 8 augustus 2020 12:01:10 - Commandline		: StopService "Baloise CentralDataStore"
zaterdag 8 augustus 2020 12:01:10 - Commandline		: StopService "Baloise SyncTaskToDMS"
zaterdag 8 augustus 2020 12:01:11 - Commandline		: StopService "Mercator DMS Bulk Insert"
zaterdag 8 augustus 2020 12:01:11 - Commandline		: StopService "Mercator DMS Import Portima Attachments"
zaterdag 8 augustus 2020 12:01:11 - Commandline		: StopService "Mercator DMS MailImport Service"
zaterdag 8 augustus 2020 12:01:11 - Commandline		: StopService "Mercator Xpim Document Store"
zaterdag 8 augustus 2020 12:01:11 - Commandline		: StopService "Mercator Document Store"
zaterdag 8 augustus 2020 12:01:11 - Commandline		: StopService "Mercator Document Store"
zaterdag 8 augustus 2020 12:01:11 - Commandline		: StopService "Mercator Document Management System Service"
zaterdag 8 augustus 2020 12:01:11 - Commandline		: StopService "Mercator Document Management System Async Service"
zaterdag 8 augustus 2020 12:01:11 - Commandline		: StopService "Mercator Document Management System Batch Avero Service"
zaterdag 8 augustus 2020 12:01:11 - Commandline		: StopService "Mercator DMS Pdf Conversion Call"
zaterdag 8 augustus 2020 12:01:11 - Commandline		: StopService "MercatorNET SCV Batch Service"
zaterdag 8 augustus 2020 12:01:11 - Commandline		: StopService "Mercator Organization Data"
zaterdag 8 augustus 2020 12:01:12 - Commandline		: StopService "Mercator Document Generation"
zaterdag 8 augustus 2020 12:01:12 - Commandline		: StopService "Mercator Document Delivery"
zaterdag 8 augustus 2020 12:01:12 - Commandline		: StopService "Steria's Dispatcher Service"
zaterdag 8 augustus 2020 12:01:12 - Commandline		: StopService "Mercator.Integration.EAI.3.9.Listener"
zaterdag 8 augustus 2020 12:01:13 - Commandline		: RemoveDirectory "C:\WINDOWS\Microsoft.NET\Framework\v4.0.30319\Temporary ASP.NET Files\cds"
zaterdag 8 augustus 2020 12:01:13 - Commandline		: RemoveDirectory "C:\WINDOWS\Microsoft.NET\Framework\v2.0.50727\Temporary ASP.NET Files\mercatornet.boservices"
zaterdag 8 augustus 2020 12:01:13 - Commandline		: RemoveDirectory "C:\WINDOWS\Microsoft.NET\Framework\v2.0.50727\Temporary ASP.NET Files\mercator.eai.framework.webservices"
zaterdag 8 augustus 2020 12:01:13 - Commandline		: RemoveDirectory "C:\WINDOWS\Microsoft.NET\Framework\v2.0.50727\Temporary ASP.NET Files\mercator.eai.tools.wsc"
zaterdag 8 augustus 2020 12:01:13 - Commandline		: RemoveDirectory "C:\WINDOWS\Microsoft.NET\Framework\v2.0.50727\Temporary ASP.NET Files\Mercator.Portima.Monitoring"
zaterdag 8 augustus 2020 12:01:13 - Commandline		: RemoveDirectory "C:\WINDOWS\Microsoft.NET\Framework\v2.0.50727\Temporary ASP.NET Files\Mercator.Portima"
zaterdag 8 augustus 2020 12:01:13 - Commandline		: RemoveDirectory "C:\WINDOWS\Microsoft.NET\Framework\v2.0.50727\Temporary ASP.NET Files\WSDMS"
zaterdag 8 augustus 2020 12:01:13 - Commandline		: RemoveDirectory "C:\WINDOWS\Microsoft.NET\Framework\v2.0.50727\Temporary ASP.NET Files\wsdmsdatarepository"
zaterdag 8 augustus 2020 12:01:13 - Commandline		: EnableWSUSReboot ""
zaterdag 8 augustus 2020 12:01:13 - ================================svw-be-webp02.balgroupit.com======================================
zaterdag 8 augustus 2020 12:01:14 - ================================svw-be-webp03.balgroupit.com======================================
zaterdag 8 augustus 2020 12:01:21 - Commandline		: StopWebsite "DmsDataRepository"
zaterdag 8 augustus 2020 12:01:21 - Commandline		: StopWebsite "MNet"
zaterdag 8 augustus 2020 12:01:21 - Commandline		: StopAppPool "MNet"
zaterdag 8 augustus 2020 12:01:21 - Commandline		: StopAppPool "DefaultAppPool"
zaterdag 8 augustus 2020 12:01:21 - Commandline		: StopAppPool "WSDMS"
zaterdag 8 augustus 2020 12:01:21 - Commandline		: StopAppPool "WSDmsDataRepository"
zaterdag 8 augustus 2020 12:01:21 - Commandline		: StopAppPool "BaloiseBackend"
zaterdag 8 augustus 2020 12:01:22 - Commandline		: StopAppPool "CDS"
zaterdag 8 augustus 2020 12:01:22 - Commandline		: StopAppPool "MercatorNet.BoServices"
zaterdag 8 augustus 2020 12:01:22 - Commandline		: StopAppPool "Mercator.Portima.Monitoring"
zaterdag 8 augustus 2020 12:01:22 - Commandline		: StopAppPool "Mercator.Portima"
zaterdag 8 augustus 2020 12:01:22 - Commandline		: StopAppPool "Mercator.Eai.Tools.Wsc"
zaterdag 8 augustus 2020 12:01:22 - Commandline		: StopAppPool "Mercator.EAI.Framework.WebServices"
zaterdag 8 augustus 2020 12:01:22 - Commandline		: StopService "World Wide Web Publishing Service"
zaterdag 8 augustus 2020 12:01:22 - Commandline		: StopService "Baloise Backend"
zaterdag 8 augustus 2020 12:01:22 - Commandline		: StopService "Baloise Central Data Store"
zaterdag 8 augustus 2020 12:01:22 - Commandline		: StopService "Baloise SyncTaskToDMS"
zaterdag 8 augustus 2020 12:01:22 - Commandline		: StopService "Mercator DMS Bulk Insert"
zaterdag 8 augustus 2020 12:01:23 - Commandline		: StopService "Mercator DMS Import Portima Attachments"
zaterdag 8 augustus 2020 12:01:23 - Commandline		: StopService "Mercator DMS MailImport Service"
zaterdag 8 augustus 2020 12:01:23 - Commandline		: StopService "Mercator Xpim Document Store"
zaterdag 8 augustus 2020 12:01:23 - Commandline		: StopService "Mercator Document Store"
zaterdag 8 augustus 2020 12:01:23 - Commandline		: StopService "BaloiseDmsBatchService"
zaterdag 8 augustus 2020 12:01:23 - Commandline		: StopService "Mercator Document Management System Service"
zaterdag 8 augustus 2020 12:01:24 - Commandline		: StopService "Mercator Document Management System Async Service"
zaterdag 8 augustus 2020 12:01:24 - Commandline		: StopService "Mercator Document Management System Batch Avero Service"
zaterdag 8 augustus 2020 12:01:24 - Commandline		: StopService "Mercator DMS Pdf Conversion Call"
zaterdag 8 augustus 2020 12:01:25 - Commandline		: StopService "MercatorNET SCV Batch Service"
zaterdag 8 augustus 2020 12:01:25 - Commandline		: StopService "Mercator Organization Data"
zaterdag 8 augustus 2020 12:01:25 - Commandline		: StopService "Mercator Document Generation"
zaterdag 8 augustus 2020 12:01:25 - Commandline		: StopService "Mercator Document Delivery"
zaterdag 8 augustus 2020 12:01:25 - Commandline		: StopService "Steria's Dispatcher Service"
zaterdag 8 augustus 2020 12:01:25 - Commandline		: StopService "Mercator.Integration.EAI.3.9.Listener"
zaterdag 8 augustus 2020 12:01:25 - Commandline		: RemoveDirectory "C:\WINDOWS\Microsoft.NET\Framework\v4.0.30319\Temporary ASP.NET Files\cds"
zaterdag 8 augustus 2020 12:01:25 - Commandline		: RemoveDirectory "C:\WINDOWS\Microsoft.NET\Framework\v2.0.50727\Temporary ASP.NET Files\mercatornet.boservices"
zaterdag 8 augustus 2020 12:01:25 - Commandline		: RemoveDirectory "C:\WINDOWS\Microsoft.NET\Framework\v2.0.50727\Temporary ASP.NET Files\mercator.eai.framework.webservices"
zaterdag 8 augustus 2020 12:01:25 - Commandline		: RemoveDirectory "C:\WINDOWS\Microsoft.NET\Framework\v2.0.50727\Temporary ASP.NET Files\mercator.eai.tools.wsc"
zaterdag 8 augustus 2020 12:01:25 - Commandline		: RemoveDirectory "C:\WINDOWS\Microsoft.NET\Framework\v2.0.50727\Temporary ASP.NET Files\Mercator.Portima.Monitoring"
zaterdag 8 augustus 2020 12:01:25 - Commandline		: RemoveDirectory "C:\WINDOWS\Microsoft.NET\Framework\v2.0.50727\Temporary ASP.NET Files\Mercator.Portima"
zaterdag 8 augustus 2020 12:01:25 - Commandline		: RemoveDirectory "C:\WINDOWS\Microsoft.NET\Framework\v2.0.50727\Temporary ASP.NET Files\WSDMS"
zaterdag 8 augustus 2020 12:01:26 - Commandline		: RemoveDirectory "C:\WINDOWS\Microsoft.NET\Framework\v2.0.50727\Temporary ASP.NET Files\wsdmsdatarepository"
zaterdag 8 augustus 2020 12:01:26 - Commandline		: EnableWSUSReboot ""
zaterdag 8 augustus 2020 12:01:26 - ================================svw-be-webp03.balgroupit.com======================================
zaterdag 8 augustus 2020 12:01:26 - ================================svw-be-signp001.balgroupit.com======================================
zaterdag 8 augustus 2020 12:01:27 - Commandline		: StopService "Portima BrokerSign"
zaterdag 8 augustus 2020 12:01:27 - ================================svw-be-signp001.balgroupit.com======================================
zaterdag 8 augustus 2020 12:01:29 - ================================shw-me-pweb06.balgroupit.com======================================
zaterdag 8 augustus 2020 12:01:36 - Commandline		: StopAppPool "DefaultAppPool"
zaterdag 8 augustus 2020 12:01:37 - Commandline		: StopAppPool "ED"
zaterdag 8 augustus 2020 12:01:37 - Commandline		: StopAppPool "EmployeeBenefits"
zaterdag 8 augustus 2020 12:01:37 - Commandline		: StopAppPool "EtlLogViewer"
zaterdag 8 augustus 2020 12:01:37 - Commandline		: StopAppPool "LevenAansluitingsverklaring"
zaterdag 8 augustus 2020 12:01:37 - Commandline		: StopAppPool "LevenWijzigingsFormulier"
zaterdag 8 augustus 2020 12:01:37 - Commandline		: StopAppPool "MercatorNet.RMMain"
zaterdag 8 augustus 2020 12:01:37 - Commandline		: StopAppPool "MercatorNet.WSDeploy_3_0"
zaterdag 8 augustus 2020 12:01:37 - Commandline		: StopAppPool "MercatorNet.WSMain"
zaterdag 8 augustus 2020 12:01:37 - Commandline		: StopAppPool "MercatorNet.WSServices"
zaterdag 8 augustus 2020 12:01:37 - Commandline		: StopAppPool "MercatorNet.WSTariff"
zaterdag 8 augustus 2020 12:01:37 - Commandline		: StopAppPool "MercatorNetBroker.WSDeploy_3_0"
zaterdag 8 augustus 2020 12:01:37 - Commandline		: StopAppPool "MercatorNetBroker.WSMain"
zaterdag 8 augustus 2020 12:01:37 - Commandline		: StopAppPool "MercatorWebSite"
zaterdag 8 augustus 2020 12:01:38 - Commandline		: StopAppPool "MyBaloiseBroker"
zaterdag 8 augustus 2020 12:01:38 - Commandline		: StopAppPool "MWebBvb"
zaterdag 8 augustus 2020 12:01:38 - Commandline		: StopAppPool "ScvWebService"
zaterdag 8 augustus 2020 12:01:38 - Commandline		: StopWebsite "OnlineDocuments"
zaterdag 8 augustus 2020 12:01:38 - Commandline		: StopWebsite "MNet"
zaterdag 8 augustus 2020 12:01:38 - Commandline		: StopWebsite "MWebBvb"
zaterdag 8 augustus 2020 12:01:38 - Commandline		: StopService "World Wide Web Publishing Service"
zaterdag 8 augustus 2020 12:01:38 - Commandline		: RemoveDirectory "C:\WINDOWS\Microsoft.NET\Framework\v2.0.50727\Temporary ASP.NET Files\levenaansluitingsverklaring"
zaterdag 8 augustus 2020 12:01:38 - Commandline		: RemoveDirectory "C:\WINDOWS\Microsoft.NET\Framework\v2.0.50727\Temporary ASP.NET Files\levenwijzigingsformulier"
zaterdag 8 augustus 2020 12:01:38 - Commandline		: RemoveDirectory "C:\WINDOWS\Microsoft.NET\Framework\v2.0.50727\Temporary ASP.NET Files\ed"
zaterdag 8 augustus 2020 12:01:39 - Commandline		: RemoveDirectory "C:\WINDOWS\Microsoft.NET\Framework\v2.0.50727\Temporary ASP.NET Files\mercatornet.rmmain"
zaterdag 8 augustus 2020 12:01:39 - Commandline		: RemoveDirectory "C:\WINDOWS\Microsoft.NET\Framework\v2.0.50727\Temporary ASP.NET Files\mercatornet.wsdeploy_3_0"
zaterdag 8 augustus 2020 12:01:39 - Commandline		: RemoveDirectory "C:\WINDOWS\Microsoft.NET\Framework\v2.0.50727\Temporary ASP.NET Files\mercatornet.wsmain"
zaterdag 8 augustus 2020 12:01:39 - Commandline		: RemoveDirectory "C:\WINDOWS\Microsoft.NET\Framework\v2.0.50727\Temporary ASP.NET Files\mercatornet.wsservices"
zaterdag 8 augustus 2020 12:01:39 - Commandline		: RemoveDirectory "C:\WINDOWS\Microsoft.NET\Framework\v2.0.50727\Temporary ASP.NET Files\mercatornet.wstariff"
zaterdag 8 augustus 2020 12:01:39 - Commandline		: RemoveDirectory "C:\WINDOWS\Microsoft.NET\Framework\v2.0.50727\Temporary ASP.NET Files\mercatornetbroker.wsdeploy_3_0"
zaterdag 8 augustus 2020 12:01:39 - Commandline		: RemoveDirectory "C:\WINDOWS\Microsoft.NET\Framework\v2.0.50727\Temporary ASP.NET Files\mercatornetbroker.wsmain"
zaterdag 8 augustus 2020 12:01:39 - Commandline		: RemoveDirectory "C:\WINDOWS\Microsoft.NET\Framework\v2.0.50727\Temporary ASP.NET Files\mercatornethelppages"
zaterdag 8 augustus 2020 12:01:39 - Commandline		: RemoveDirectory "C:\WINDOWS\Microsoft.NET\Framework\v2.0.50727\Temporary ASP.NET Files\scvwebservice"
zaterdag 8 augustus 2020 12:01:39 - Commandline		: EnableWSUSReboot ""
zaterdag 8 augustus 2020 12:01:39 - ================================shw-me-pweb06.balgroupit.com======================================
zaterdag 8 augustus 2020 12:01:41 - ================================shw-me-pweb56.balgroupit.com======================================
zaterdag 8 augustus 2020 12:01:48 - Commandline		: StopAppPool "DefaultAppPool"
zaterdag 8 augustus 2020 12:01:48 - Commandline		: StopAppPool "ED"
zaterdag 8 augustus 2020 12:01:49 - Commandline		: StopAppPool "EmployeeBenefits"
zaterdag 8 augustus 2020 12:01:49 - Commandline		: StopAppPool "EtlLogViewer"
zaterdag 8 augustus 2020 12:01:49 - Commandline		: StopAppPool "LevenAansluitingsverklaring"
zaterdag 8 augustus 2020 12:01:49 - Commandline		: StopAppPool "LevenWijzigingsFormulier"
zaterdag 8 augustus 2020 12:01:49 - Commandline		: StopAppPool "MercatorNet.RMMain"
zaterdag 8 augustus 2020 12:01:49 - Commandline		: StopAppPool "MercatorNet.WSDeploy_3_0"
zaterdag 8 augustus 2020 12:01:49 - Commandline		: StopAppPool "MercatorNet.WSMain"
zaterdag 8 augustus 2020 12:01:49 - Commandline		: StopAppPool "MercatorNet.WSServices"
zaterdag 8 augustus 2020 12:01:49 - Commandline		: StopAppPool "MercatorNet.WSTariff"
zaterdag 8 augustus 2020 12:01:49 - Commandline		: StopAppPool "MercatorNetBroker.WSDeploy_3_0"
zaterdag 8 augustus 2020 12:01:49 - Commandline		: StopAppPool "MercatorNetBroker.WSMain"
zaterdag 8 augustus 2020 12:01:49 - Commandline		: StopAppPool "MercatorWebSite"
zaterdag 8 augustus 2020 12:01:49 - Commandline		: StopAppPool "MyBaloiseBroker"
zaterdag 8 augustus 2020 12:01:49 - Commandline		: StopAppPool "MWebBvb"
zaterdag 8 augustus 2020 12:01:49 - Commandline		: StopAppPool "ScvWebService"
zaterdag 8 augustus 2020 12:01:50 - Commandline		: StopWebsite "OnlineDocuments"
zaterdag 8 augustus 2020 12:01:50 - Commandline		: StopWebsite "MNet"
zaterdag 8 augustus 2020 12:01:50 - Commandline		: StopWebsite "MWebBvb"
zaterdag 8 augustus 2020 12:01:50 - Commandline		: StopService "World Wide Web Publishing Service"
zaterdag 8 augustus 2020 12:01:50 - Commandline		: RemoveDirectory "C:\WINDOWS\Microsoft.NET\Framework\v2.0.50727\Temporary ASP.NET Files\levenaansluitingsverklaring"
zaterdag 8 augustus 2020 12:01:50 - Commandline		: RemoveDirectory "C:\WINDOWS\Microsoft.NET\Framework\v2.0.50727\Temporary ASP.NET Files\levenwijzigingsformulier"
zaterdag 8 augustus 2020 12:01:50 - Commandline		: RemoveDirectory "C:\WINDOWS\Microsoft.NET\Framework\v2.0.50727\Temporary ASP.NET Files\ed"
zaterdag 8 augustus 2020 12:01:50 - Commandline		: RemoveDirectory "C:\WINDOWS\Microsoft.NET\Framework\v2.0.50727\Temporary ASP.NET Files\mercatornet.rmmain"
zaterdag 8 augustus 2020 12:01:50 - Commandline		: RemoveDirectory "C:\WINDOWS\Microsoft.NET\Framework\v2.0.50727\Temporary ASP.NET Files\mercatornet.wsdeploy_3_0"
zaterdag 8 augustus 2020 12:01:50 - Commandline		: RemoveDirectory "C:\WINDOWS\Microsoft.NET\Framework\v2.0.50727\Temporary ASP.NET Files\mercatornet.wsmain"
zaterdag 8 augustus 2020 12:01:50 - Commandline		: RemoveDirectory "C:\WINDOWS\Microsoft.NET\Framework\v2.0.50727\Temporary ASP.NET Files\mercatornet.wsservices"
zaterdag 8 augustus 2020 12:01:50 - Commandline		: RemoveDirectory "C:\WINDOWS\Microsoft.NET\Framework\v2.0.50727\Temporary ASP.NET Files\mercatornet.wstariff"
zaterdag 8 augustus 2020 12:01:50 - Commandline		: RemoveDirectory "C:\WINDOWS\Microsoft.NET\Framework\v2.0.50727\Temporary ASP.NET Files\mercatornetbroker.wsdeploy_3_0"
zaterdag 8 augustus 2020 12:01:50 - Commandline		: RemoveDirectory "C:\WINDOWS\Microsoft.NET\Framework\v2.0.50727\Temporary ASP.NET Files\mercatornetbroker.wsmain"
zaterdag 8 augustus 2020 12:01:51 - Commandline		: RemoveDirectory "C:\WINDOWS\Microsoft.NET\Framework\v2.0.50727\Temporary ASP.NET Files\mercatornethelppages"
zaterdag 8 augustus 2020 12:01:51 - Commandline		: RemoveDirectory "C:\WINDOWS\Microsoft.NET\Framework\v2.0.50727\Temporary ASP.NET Files\scvwebservice"
zaterdag 8 augustus 2020 12:01:51 - Commandline		: EnableWSUSReboot ""
zaterdag 8 augustus 2020 12:01:51 - ================================shw-me-pweb56.balgroupit.com======================================
zaterdag 8 augustus 2020 12:01:52 - ================================svw-be-adlibp01.balgroupit.com======================================
zaterdag 8 augustus 2020 12:01:59 - Commandline		: EnableWSUSReboot ""
zaterdag 8 augustus 2020 12:01:59 - ================================svw-be-adlibp01.balgroupit.com======================================
zaterdag 8 augustus 2020 12:02:00 - ================================svw-be-adlibp02.balgroupit.com======================================
zaterdag 8 augustus 2020 12:02:01 - Commandline		: EnableWSUSReboot ""
zaterdag 8 augustus 2020 12:02:01 - ================================svw-be-adlibp02.balgroupit.com======================================
zaterdag 8 augustus 2020 12:02:02 - ================================svw-be-adlibp03.balgroupit.com======================================
zaterdag 8 augustus 2020 12:02:10 - Commandline		: EnableWSUSReboot ""
zaterdag 8 augustus 2020 12:02:10 - ================================svw-be-adlibp03.balgroupit.com======================================
zaterdag 8 augustus 2020 12:02:11 - ================================svw-be-adlibp04.balgroupit.com======================================
zaterdag 8 augustus 2020 12:02:12 - Commandline		: EnableWSUSReboot ""
zaterdag 8 augustus 2020 12:02:12 - ================================svw-be-adlibp04.balgroupit.com======================================
zaterdag 8 augustus 2020 12:02:13 - ================================svw-be-adlibp05.balgroupit.com======================================
zaterdag 8 augustus 2020 12:02:17 - Commandline		: EnableWSUSReboot ""
zaterdag 8 augustus 2020 12:02:17 - ================================svw-be-adlibp05.balgroupit.com======================================
zaterdag 8 augustus 2020 12:02:18 - ================================svw-be-adlibp06.balgroupit.com======================================
zaterdag 8 augustus 2020 12:02:23 - Commandline		: EnableWSUSReboot ""
zaterdag 8 augustus 2020 12:02:23 - ================================svw-be-adlibp06.balgroupit.com======================================
zaterdag 8 augustus 2020 12:02:24 - ================================svw-be-adlibp07.balgroupit.com======================================
zaterdag 8 augustus 2020 12:02:28 - Commandline		: EnableWSUSReboot ""
zaterdag 8 augustus 2020 12:02:28 - ================================svw-be-adlibp07.balgroupit.com======================================
zaterdag 8 augustus 2020 12:02:29 - ================================svw-be-dmsp001.balgroupit.com======================================
zaterdag 8 augustus 2020 12:02:37 - Commandline		: EnableWSUSReboot ""
zaterdag 8 augustus 2020 12:02:37 - ================================svw-be-dmsp001.balgroupit.com======================================
zaterdag 8 augustus 2020 12:02:38 - ================================svw-be-dmsp002.balgroupit.com======================================
zaterdag 8 augustus 2020 12:02:45 - Commandline		: EnableWSUSReboot ""
zaterdag 8 augustus 2020 12:02:45 - ================================svw-be-dmsp002.balgroupit.com======================================
zaterdag 8 augustus 2020 12:02:46 - ================================svw-be-dmsp03.balgroupit.com======================================
zaterdag 8 augustus 2020 12:02:53 - Commandline		: EnableWSUSReboot ""
zaterdag 8 augustus 2020 12:02:53 - Commandline		: StopService "Execute360 Archive Manager"
zaterdag 8 augustus 2020 12:03:06 - ================================svw-be-dmsp03.balgroupit.com======================================
zaterdag 8 augustus 2020 12:03:06 - ================================dms-bp01.balgroupit.com======================================
zaterdag 8 augustus 2020 12:03:08 - Commandline		: EnableWSUSReboot ""
zaterdag 8 augustus 2020 12:03:08 - ================================dms-bp01.balgroupit.com======================================
zaterdag 8 augustus 2020 12:03:08 - ================================dms-bp01-file.balgroupit.com======================================
zaterdag 8 augustus 2020 12:03:10 - Commandline		: EnableWSUSReboot ""
zaterdag 8 augustus 2020 12:03:10 - ================================dms-bp01-file.balgroupit.com======================================
zaterdag 8 augustus 2020 12:03:10 - ================================dms-bp01-g360.balgroupit.com======================================
zaterdag 8 augustus 2020 12:03:12 - Commandline		: EnableWSUSReboot ""
zaterdag 8 augustus 2020 12:03:12 - ================================dms-bp01-g360.balgroupit.com======================================
zaterdag 8 augustus 2020 12:03:12 - ================================SVW-BE-WEBFP001.balgroupit.com======================================
zaterdag 8 augustus 2020 12:03:19 - Commandline		: StopAppPool "DefaultAppPool"
zaterdag 8 augustus 2020 12:03:19 - Commandline		: StopAppPool "ED"
zaterdag 8 augustus 2020 12:03:19 - Commandline		: StopAppPool "EmployeeBenefits"
zaterdag 8 augustus 2020 12:03:20 - Commandline		: StopAppPool "EtlLogViewer"
zaterdag 8 augustus 2020 12:03:20 - Commandline		: StopAppPool "LevenAansluitingsverklaring"
zaterdag 8 augustus 2020 12:03:20 - Commandline		: StopAppPool "LevenWijzigingsFormulier"
zaterdag 8 augustus 2020 12:03:20 - Commandline		: StopAppPool "MercatorNet.RMMain"
zaterdag 8 augustus 2020 12:03:20 - Commandline		: StopAppPool "MercatorNet.WSDeploy_3_0"
zaterdag 8 augustus 2020 12:03:20 - Commandline		: StopAppPool "MercatorNet.WSMain"
zaterdag 8 augustus 2020 12:03:20 - Commandline		: StopAppPool "MercatorNet.WSServices"
zaterdag 8 augustus 2020 12:03:20 - Commandline		: StopAppPool "MercatorNet.WSTariff"
zaterdag 8 augustus 2020 12:03:20 - Commandline		: StopAppPool "MercatorNetBroker.WSDeploy_3_0"
zaterdag 8 augustus 2020 12:03:20 - Commandline		: StopAppPool "MercatorNetBroker.WSMain"
zaterdag 8 augustus 2020 12:03:20 - Commandline		: StopAppPool "MercatorWebSite"
zaterdag 8 augustus 2020 12:03:20 - Commandline		: StopAppPool "MyBaloiseBroker"
zaterdag 8 augustus 2020 12:03:20 - Commandline		: StopAppPool "MyBaloiseInternal"
zaterdag 8 augustus 2020 12:03:20 - Commandline		: StopAppPool "MWebBvb"
zaterdag 8 augustus 2020 12:03:20 - Commandline		: StopAppPool "ScvWebService"
zaterdag 8 augustus 2020 12:03:21 - Commandline		: StopWebsite "OnlineDocuments"
zaterdag 8 augustus 2020 12:03:21 - Commandline		: StopWebsite "MNet"
zaterdag 8 augustus 2020 12:03:21 - Commandline		: StopWebsite "MWebBvb"
zaterdag 8 augustus 2020 12:03:21 - Commandline		: StopService "World Wide Web Publishing Service"
zaterdag 8 augustus 2020 12:03:21 - Commandline		: RemoveDirectory "C:\WINDOWS\Microsoft.NET\Framework\v2.0.50727\Temporary ASP.NET Files\levenaansluitingsverklaring"
zaterdag 8 augustus 2020 12:03:21 - Commandline		: RemoveDirectory "C:\WINDOWS\Microsoft.NET\Framework\v2.0.50727\Temporary ASP.NET Files\levenwijzigingsformulier"
zaterdag 8 augustus 2020 12:03:21 - Commandline		: RemoveDirectory "C:\WINDOWS\Microsoft.NET\Framework\v2.0.50727\Temporary ASP.NET Files\ed"
zaterdag 8 augustus 2020 12:03:21 - Commandline		: RemoveDirectory "C:\WINDOWS\Microsoft.NET\Framework\v2.0.50727\Temporary ASP.NET Files\mercatornet.rmmain"
zaterdag 8 augustus 2020 12:03:21 - Commandline		: RemoveDirectory "C:\WINDOWS\Microsoft.NET\Framework\v2.0.50727\Temporary ASP.NET Files\mercatornet.wsdeploy_3_0"
zaterdag 8 augustus 2020 12:03:21 - Commandline		: RemoveDirectory "C:\WINDOWS\Microsoft.NET\Framework\v2.0.50727\Temporary ASP.NET Files\mercatornet.wsmain"
zaterdag 8 augustus 2020 12:03:21 - Commandline		: RemoveDirectory "C:\WINDOWS\Microsoft.NET\Framework\v2.0.50727\Temporary ASP.NET Files\mercatornet.wsservices"
zaterdag 8 augustus 2020 12:03:21 - Commandline		: RemoveDirectory "C:\WINDOWS\Microsoft.NET\Framework\v2.0.50727\Temporary ASP.NET Files\mercatornet.wstariff"
zaterdag 8 augustus 2020 12:03:21 - Commandline		: RemoveDirectory "C:\WINDOWS\Microsoft.NET\Framework\v2.0.50727\Temporary ASP.NET Files\mercatornetbroker.wsdeploy_3_0"
zaterdag 8 augustus 2020 12:03:21 - Commandline		: RemoveDirectory "C:\WINDOWS\Microsoft.NET\Framework\v2.0.50727\Temporary ASP.NET Files\mercatornetbroker.wsmain"
zaterdag 8 augustus 2020 12:03:21 - Commandline		: RemoveDirectory "C:\WINDOWS\Microsoft.NET\Framework\v2.0.50727\Temporary ASP.NET Files\mercatornethelppages"
zaterdag 8 augustus 2020 12:03:21 - Commandline		: RemoveDirectory "C:\WINDOWS\Microsoft.NET\Framework\v2.0.50727\Temporary ASP.NET Files\scvwebservice"
zaterdag 8 augustus 2020 12:03:21 - Commandline		: EnableWSUSReboot ""
zaterdag 8 augustus 2020 12:03:21 - ================================SVW-BE-WEBFP001.balgroupit.com======================================
zaterdag 8 augustus 2020 12:03:21 - ================================SVW-BE-WEBFP002.balgroupit.com======================================
zaterdag 8 augustus 2020 12:03:29 - Commandline		: StopAppPool "DefaultAppPool"
zaterdag 8 augustus 2020 12:03:29 - Commandline		: StopAppPool "ED"
zaterdag 8 augustus 2020 12:03:29 - Commandline		: StopAppPool "EmployeeBenefits"
zaterdag 8 augustus 2020 12:03:29 - Commandline		: StopAppPool "EtlLogViewer"
zaterdag 8 augustus 2020 12:03:29 - Commandline		: StopAppPool "LevenAansluitingsverklaring"
zaterdag 8 augustus 2020 12:03:29 - Commandline		: StopAppPool "LevenWijzigingsFormulier"
zaterdag 8 augustus 2020 12:03:29 - Commandline		: StopAppPool "MercatorNet.RMMain"
zaterdag 8 augustus 2020 12:03:29 - Commandline		: StopAppPool "MercatorNet.WSDeploy_3_0"
zaterdag 8 augustus 2020 12:03:29 - Commandline		: StopAppPool "MercatorNet.WSMain"
zaterdag 8 augustus 2020 12:03:29 - Commandline		: StopAppPool "MercatorNet.WSServices"
zaterdag 8 augustus 2020 12:03:29 - Commandline		: StopAppPool "MercatorNet.WSTariff"
zaterdag 8 augustus 2020 12:03:30 - Commandline		: StopAppPool "MercatorNetBroker.WSDeploy_3_0"
zaterdag 8 augustus 2020 12:03:30 - Commandline		: StopAppPool "MercatorNetBroker.WSMain"
zaterdag 8 augustus 2020 12:03:30 - Commandline		: StopAppPool "MercatorWebSite"
zaterdag 8 augustus 2020 12:03:30 - Commandline		: StopAppPool "MyBaloiseBroker"
zaterdag 8 augustus 2020 12:03:30 - Commandline		: StopAppPool "MyBaloiseInternal"
zaterdag 8 augustus 2020 12:03:30 - Commandline		: StopAppPool "MWebBvb"
zaterdag 8 augustus 2020 12:03:30 - Commandline		: StopAppPool "ScvWebService"
zaterdag 8 augustus 2020 12:03:30 - Commandline		: StopWebsite "OnlineDocuments"
zaterdag 8 augustus 2020 12:03:30 - Commandline		: StopWebsite "MNet"
zaterdag 8 augustus 2020 12:03:30 - Commandline		: StopWebsite "MWebBvb"
zaterdag 8 augustus 2020 12:03:30 - Commandline		: StopService "World Wide Web Publishing Service"
zaterdag 8 augustus 2020 12:03:30 - Commandline		: RemoveDirectory "C:\WINDOWS\Microsoft.NET\Framework\v2.0.50727\Temporary ASP.NET Files\levenaansluitingsverklaring"
zaterdag 8 augustus 2020 12:03:30 - Commandline		: RemoveDirectory "C:\WINDOWS\Microsoft.NET\Framework\v2.0.50727\Temporary ASP.NET Files\levenwijzigingsformulier"
zaterdag 8 augustus 2020 12:03:30 - Commandline		: RemoveDirectory "C:\WINDOWS\Microsoft.NET\Framework\v2.0.50727\Temporary ASP.NET Files\ed"
zaterdag 8 augustus 2020 12:03:30 - Commandline		: RemoveDirectory "C:\WINDOWS\Microsoft.NET\Framework\v2.0.50727\Temporary ASP.NET Files\mercatornet.rmmain"
zaterdag 8 augustus 2020 12:03:30 - Commandline		: RemoveDirectory "C:\WINDOWS\Microsoft.NET\Framework\v2.0.50727\Temporary ASP.NET Files\mercatornet.wsdeploy_3_0"
zaterdag 8 augustus 2020 12:03:30 - Commandline		: RemoveDirectory "C:\WINDOWS\Microsoft.NET\Framework\v2.0.50727\Temporary ASP.NET Files\mercatornet.wsmain"
zaterdag 8 augustus 2020 12:03:30 - Commandline		: RemoveDirectory "C:\WINDOWS\Microsoft.NET\Framework\v2.0.50727\Temporary ASP.NET Files\mercatornet.wsservices"
zaterdag 8 augustus 2020 12:03:31 - Commandline		: RemoveDirectory "C:\WINDOWS\Microsoft.NET\Framework\v2.0.50727\Temporary ASP.NET Files\mercatornet.wstariff"
zaterdag 8 augustus 2020 12:03:31 - Commandline		: RemoveDirectory "C:\WINDOWS\Microsoft.NET\Framework\v2.0.50727\Temporary ASP.NET Files\mercatornetbroker.wsdeploy_3_0"
zaterdag 8 augustus 2020 12:03:31 - Commandline		: RemoveDirectory "C:\WINDOWS\Microsoft.NET\Framework\v2.0.50727\Temporary ASP.NET Files\mercatornetbroker.wsmain"
zaterdag 8 augustus 2020 12:03:31 - Commandline		: RemoveDirectory "C:\WINDOWS\Microsoft.NET\Framework\v2.0.50727\Temporary ASP.NET Files\mercatornethelppages"
zaterdag 8 augustus 2020 12:03:31 - Commandline		: RemoveDirectory "C:\WINDOWS\Microsoft.NET\Framework\v2.0.50727\Temporary ASP.NET Files\scvwebservice"
zaterdag 8 augustus 2020 12:03:31 - Commandline		: EnableWSUSReboot ""
zaterdag 8 augustus 2020 12:03:31 - ================================SVW-BE-WEBFP002.balgroupit.com======================================
zaterdag 8 augustus 2020 12:03:31 - ================================SVW-BE-WEBFP003.balgroupit.com======================================
zaterdag 8 augustus 2020 12:03:38 - Commandline		: StopAppPool "DefaultAppPool"
zaterdag 8 augustus 2020 12:03:38 - Commandline		: StopAppPool "ED"
zaterdag 8 augustus 2020 12:03:38 - Commandline		: StopAppPool "EmployeeBenefits"
zaterdag 8 augustus 2020 12:03:39 - Commandline		: StopAppPool "EtlLogViewer"
zaterdag 8 augustus 2020 12:03:39 - Commandline		: StopAppPool "LevenAansluitingsverklaring"
zaterdag 8 augustus 2020 12:03:39 - Commandline		: StopAppPool "LevenWijzigingsFormulier"
zaterdag 8 augustus 2020 12:03:39 - Commandline		: StopAppPool "MercatorNet.RMMain"
zaterdag 8 augustus 2020 12:03:39 - Commandline		: StopAppPool "MercatorNet.WSDeploy_3_0"
zaterdag 8 augustus 2020 12:03:39 - Commandline		: StopAppPool "MercatorNet.WSMain"
zaterdag 8 augustus 2020 12:03:39 - Commandline		: StopAppPool "MercatorNet.WSServices"
zaterdag 8 augustus 2020 12:03:39 - Commandline		: StopAppPool "MercatorNet.WSTariff"
zaterdag 8 augustus 2020 12:03:39 - Commandline		: StopAppPool "MercatorNetBroker.WSDeploy_3_0"
zaterdag 8 augustus 2020 12:03:39 - Commandline		: StopAppPool "MercatorNetBroker.WSMain"
zaterdag 8 augustus 2020 12:03:39 - Commandline		: StopAppPool "MercatorWebSite"
zaterdag 8 augustus 2020 12:03:39 - Commandline		: StopAppPool "MyBaloiseBroker"
zaterdag 8 augustus 2020 12:03:39 - Commandline		: StopAppPool "MyBaloiseInternal"
zaterdag 8 augustus 2020 12:03:39 - Commandline		: StopAppPool "MWebBvb"
zaterdag 8 augustus 2020 12:03:39 - Commandline		: StopAppPool "ScvWebService"
zaterdag 8 augustus 2020 12:03:40 - Commandline		: StopWebsite "OnlineDocuments"
zaterdag 8 augustus 2020 12:03:40 - Commandline		: StopWebsite "MNet"
zaterdag 8 augustus 2020 12:03:40 - Commandline		: StopWebsite "MWebBvb"
zaterdag 8 augustus 2020 12:03:40 - Commandline		: StopService "World Wide Web Publishing Service"
zaterdag 8 augustus 2020 12:03:40 - Commandline		: RemoveDirectory "C:\WINDOWS\Microsoft.NET\Framework\v2.0.50727\Temporary ASP.NET Files\levenaansluitingsverklaring"
zaterdag 8 augustus 2020 12:03:40 - Commandline		: RemoveDirectory "C:\WINDOWS\Microsoft.NET\Framework\v2.0.50727\Temporary ASP.NET Files\levenwijzigingsformulier"
zaterdag 8 augustus 2020 12:03:40 - Commandline		: RemoveDirectory "C:\WINDOWS\Microsoft.NET\Framework\v2.0.50727\Temporary ASP.NET Files\ed"
zaterdag 8 augustus 2020 12:03:40 - Commandline		: RemoveDirectory "C:\WINDOWS\Microsoft.NET\Framework\v2.0.50727\Temporary ASP.NET Files\mercatornet.rmmain"
zaterdag 8 augustus 2020 12:03:40 - Commandline		: RemoveDirectory "C:\WINDOWS\Microsoft.NET\Framework\v2.0.50727\Temporary ASP.NET Files\mercatornet.wsdeploy_3_0"
zaterdag 8 augustus 2020 12:03:40 - Commandline		: RemoveDirectory "C:\WINDOWS\Microsoft.NET\Framework\v2.0.50727\Temporary ASP.NET Files\mercatornet.wsmain"
zaterdag 8 augustus 2020 12:03:40 - Commandline		: RemoveDirectory "C:\WINDOWS\Microsoft.NET\Framework\v2.0.50727\Temporary ASP.NET Files\mercatornet.wsservices"
zaterdag 8 augustus 2020 12:03:40 - Commandline		: RemoveDirectory "C:\WINDOWS\Microsoft.NET\Framework\v2.0.50727\Temporary ASP.NET Files\mercatornet.wstariff"
zaterdag 8 augustus 2020 12:03:40 - Commandline		: RemoveDirectory "C:\WINDOWS\Microsoft.NET\Framework\v2.0.50727\Temporary ASP.NET Files\mercatornetbroker.wsdeploy_3_0"
zaterdag 8 augustus 2020 12:03:40 - Commandline		: RemoveDirectory "C:\WINDOWS\Microsoft.NET\Framework\v2.0.50727\Temporary ASP.NET Files\mercatornetbroker.wsmain"
zaterdag 8 augustus 2020 12:03:40 - Commandline		: RemoveDirectory "C:\WINDOWS\Microsoft.NET\Framework\v2.0.50727\Temporary ASP.NET Files\mercatornethelppages"
zaterdag 8 augustus 2020 12:03:40 - Commandline		: RemoveDirectory "C:\WINDOWS\Microsoft.NET\Framework\v2.0.50727\Temporary ASP.NET Files\scvwebservice"
zaterdag 8 augustus 2020 12:03:40 - Commandline		: EnableWSUSReboot ""
zaterdag 8 augustus 2020 12:03:40 - ================================SVW-BE-WEBFP003.balgroupit.com======================================
zaterdag 8 augustus 2020 12:03:41 - ================================SVW-BE-WEBFP004.balgroupit.com======================================
zaterdag 8 augustus 2020 12:03:48 - Commandline		: StopAppPool "DefaultAppPool"
zaterdag 8 augustus 2020 12:03:48 - Commandline		: StopAppPool "ED"
zaterdag 8 augustus 2020 12:03:48 - Commandline		: StopAppPool "EmployeeBenefits"
zaterdag 8 augustus 2020 12:03:48 - Commandline		: StopAppPool "EtlLogViewer"
zaterdag 8 augustus 2020 12:03:48 - Commandline		: StopAppPool "LevenAansluitingsverklaring"
zaterdag 8 augustus 2020 12:03:48 - Commandline		: StopAppPool "LevenWijzigingsFormulier"
zaterdag 8 augustus 2020 12:03:48 - Commandline		: StopAppPool "MercatorNet.RMMain"
zaterdag 8 augustus 2020 12:03:48 - Commandline		: StopAppPool "MercatorNet.WSDeploy_3_0"
zaterdag 8 augustus 2020 12:03:48 - Commandline		: StopAppPool "MercatorNet.WSMain"
zaterdag 8 augustus 2020 12:03:48 - Commandline		: StopAppPool "MercatorNet.WSServices"
zaterdag 8 augustus 2020 12:03:49 - Commandline		: StopAppPool "MercatorNet.WSTariff"
zaterdag 8 augustus 2020 12:03:49 - Commandline		: StopAppPool "MercatorNetBroker.WSDeploy_3_0"
zaterdag 8 augustus 2020 12:03:49 - Commandline		: StopAppPool "MercatorNetBroker.WSMain"
zaterdag 8 augustus 2020 12:03:49 - Commandline		: StopAppPool "MercatorWebSite"
zaterdag 8 augustus 2020 12:03:49 - Commandline		: StopAppPool "MyBaloiseBroker"
zaterdag 8 augustus 2020 12:03:49 - Commandline		: StopAppPool "MyBaloiseInternal"
zaterdag 8 augustus 2020 12:03:49 - Commandline		: StopAppPool "MWebBvb"
zaterdag 8 augustus 2020 12:03:49 - Commandline		: StopAppPool "ScvWebService"
zaterdag 8 augustus 2020 12:03:49 - Commandline		: StopWebsite "OnlineDocuments"
zaterdag 8 augustus 2020 12:03:49 - Commandline		: StopWebsite "MNet"
zaterdag 8 augustus 2020 12:03:49 - Commandline		: StopWebsite "MWebBvb"
zaterdag 8 augustus 2020 12:03:49 - Commandline		: StopService "World Wide Web Publishing Service"
zaterdag 8 augustus 2020 12:03:49 - Commandline		: RemoveDirectory "C:\WINDOWS\Microsoft.NET\Framework\v2.0.50727\Temporary ASP.NET Files\levenaansluitingsverklaring"
zaterdag 8 augustus 2020 12:03:49 - Commandline		: RemoveDirectory "C:\WINDOWS\Microsoft.NET\Framework\v2.0.50727\Temporary ASP.NET Files\levenwijzigingsformulier"
zaterdag 8 augustus 2020 12:03:49 - Commandline		: RemoveDirectory "C:\WINDOWS\Microsoft.NET\Framework\v2.0.50727\Temporary ASP.NET Files\ed"
zaterdag 8 augustus 2020 12:03:49 - Commandline		: RemoveDirectory "C:\WINDOWS\Microsoft.NET\Framework\v2.0.50727\Temporary ASP.NET Files\mercatornet.rmmain"
zaterdag 8 augustus 2020 12:03:49 - Commandline		: RemoveDirectory "C:\WINDOWS\Microsoft.NET\Framework\v2.0.50727\Temporary ASP.NET Files\mercatornet.wsdeploy_3_0"
zaterdag 8 augustus 2020 12:03:50 - Commandline		: RemoveDirectory "C:\WINDOWS\Microsoft.NET\Framework\v2.0.50727\Temporary ASP.NET Files\mercatornet.wsmain"
zaterdag 8 augustus 2020 12:03:50 - Commandline		: RemoveDirectory "C:\WINDOWS\Microsoft.NET\Framework\v2.0.50727\Temporary ASP.NET Files\mercatornet.wsservices"
zaterdag 8 augustus 2020 12:03:50 - Commandline		: RemoveDirectory "C:\WINDOWS\Microsoft.NET\Framework\v2.0.50727\Temporary ASP.NET Files\mercatornet.wstariff"
zaterdag 8 augustus 2020 12:03:50 - Commandline		: RemoveDirectory "C:\WINDOWS\Microsoft.NET\Framework\v2.0.50727\Temporary ASP.NET Files\mercatornetbroker.wsdeploy_3_0"
zaterdag 8 augustus 2020 12:03:50 - Commandline		: RemoveDirectory "C:\WINDOWS\Microsoft.NET\Framework\v2.0.50727\Temporary ASP.NET Files\mercatornetbroker.wsmain"
zaterdag 8 augustus 2020 12:03:50 - Commandline		: RemoveDirectory "C:\WINDOWS\Microsoft.NET\Framework\v2.0.50727\Temporary ASP.NET Files\mercatornethelppages"
zaterdag 8 augustus 2020 12:03:50 - Commandline		: RemoveDirectory "C:\WINDOWS\Microsoft.NET\Framework\v2.0.50727\Temporary ASP.NET Files\scvwebservice"
zaterdag 8 augustus 2020 12:03:50 - Commandline		: EnableWSUSReboot ""
zaterdag 8 augustus 2020 12:03:50 - ================================SVW-BE-WEBFP004.balgroupit.com======================================
zaterdag 8 augustus 2020 12:03:50 - ================================svw-be-bizp001.balgroupit.com======================================
zaterdag 8 augustus 2020 12:03:57 - Commandline		: StopService "Mercator Managed File Transfer"
zaterdag 8 augustus 2020 12:03:58 - Commandline		: StopService "Mercator Esb Process Initializer"
zaterdag 8 augustus 2020 12:03:58 - Commandline		: EnableWSUSReboot ""
zaterdag 8 augustus 2020 12:03:58 - ================================svw-be-bizp001.balgroupit.com======================================
zaterdag 8 augustus 2020 12:03:59 - ================================svw-be-bizp002.balgroupit.com======================================
zaterdag 8 augustus 2020 12:04:06 - Commandline		: StopService "Mercator Managed File Transfer"
zaterdag 8 augustus 2020 12:04:06 - Commandline		: StopService "Mercator Esb Process Initializer"
zaterdag 8 augustus 2020 12:04:07 - Commandline		: EnableWSUSReboot ""
zaterdag 8 augustus 2020 12:04:07 - ================================svw-be-bizp002.balgroupit.com======================================
zaterdag 8 augustus 2020 12:04:07 - ================================svw-be-bizp003.balgroupit.com======================================
zaterdag 8 augustus 2020 12:04:14 - Commandline		: StopService "Mercator Managed File Transfer"
zaterdag 8 augustus 2020 12:04:15 - Commandline		: StopService "Mercator Esb Process Initializer"
zaterdag 8 augustus 2020 12:04:15 - Commandline		: EnableWSUSReboot ""
zaterdag 8 augustus 2020 12:04:15 - ================================svw-be-bizp003.balgroupit.com======================================
zaterdag 8 augustus 2020 12:04:15 - ================================svw-be-bizp004.balgroupit.com======================================
zaterdag 8 augustus 2020 12:04:23 - Commandline		: StopService "Mercator Managed File Transfer"
zaterdag 8 augustus 2020 12:04:23 - Commandline		: StopService "Mercator Esb Process Initializer"
zaterdag 8 augustus 2020 12:04:23 - Commandline		: EnableWSUSReboot ""
zaterdag 8 augustus 2020 12:04:23 - ================================svw-be-bizp004.balgroupit.com======================================
zaterdag 8 augustus 2020 12:04:24 - ================================svw-be-portp01.balgroupit.com======================================
zaterdag 8 augustus 2020 12:04:32 - Commandline		: stopAppPool "AL2AppPool64v2"
zaterdag 8 augustus 2020 12:04:32 - Commandline		: stopAppPool "ALAppPool64v2"
zaterdag 8 augustus 2020 12:04:32 - Commandline		: StopWebsite "WCI"
zaterdag 8 augustus 2020 12:04:32 - Commandline		: StopWebsite "Default Web Site"
zaterdag 8 augustus 2020 12:04:32 - Commandline		: EnableWSUSReboot ""
zaterdag 8 augustus 2020 12:04:32 - ================================svw-be-portp01.balgroupit.com======================================
zaterdag 8 augustus 2020 12:04:33 - ================================svw-be-portp03.balgroupit.com======================================
zaterdag 8 augustus 2020 12:04:41 - Commandline		: stopAppPool "ALAppPool64v2"
zaterdag 8 augustus 2020 12:04:41 - Commandline		: stopAppPool "Pool2"
zaterdag 8 augustus 2020 12:04:41 - Commandline		: stopAppPool "Mercator.Portal.Portlets"
zaterdag 8 augustus 2020 12:04:41 - Commandline		: stopAppPool "Mercator.Portal.WebService"
zaterdag 8 augustus 2020 12:04:41 - Commandline		: stopAppPool "PortalASP"
zaterdag 8 augustus 2020 12:04:41 - Commandline		: StopWebsite "WCI"
zaterdag 8 augustus 2020 12:04:41 - Commandline		: StopWebsite "Default Web Site"
zaterdag 8 augustus 2020 12:04:41 - Commandline		: StopWebsite "MercatorPortalWebService"
zaterdag 8 augustus 2020 12:04:41 - Commandline		: StopService "Mercator.Portal.Scheduler"
zaterdag 8 augustus 2020 12:04:47 - Commandline		: EnableWSUSReboot ""
zaterdag 8 augustus 2020 12:04:47 - ================================svw-be-portp03.balgroupit.com======================================
zaterdag 8 augustus 2020 12:04:47 - ================================svw-be-babsp001.balgroupit.com======================================
zaterdag 8 augustus 2020 12:04:55 - Commandline		: EnableWSUSReboot ""
zaterdag 8 augustus 2020 12:04:55 - ================================svw-be-babsp001.balgroupit.com======================================
zaterdag 8 augustus 2020 12:04:55 - ================================svw-be-babsp002.balgroupit.com======================================
zaterdag 8 augustus 2020 12:05:02 - Commandline		: EnableWSUSReboot ""
zaterdag 8 augustus 2020 12:05:03 - ================================svw-be-babsp002.balgroupit.com======================================
zaterdag 8 augustus 2020 12:05:03 - ================================svw-be-babbp001.balgroupit.com======================================
zaterdag 8 augustus 2020 12:05:04 - Commandline		: StopService "Baloise BaloiseBackendBatch"
zaterdag 8 augustus 2020 12:05:05 - Commandline		: EnableWSUSReboot ""
zaterdag 8 augustus 2020 12:05:05 - ================================svw-be-babbp001.balgroupit.com======================================
zaterdag 8 augustus 2020 12:05:05 - ================================svw-be-babbp002.balgroupit.com======================================
zaterdag 8 augustus 2020 12:05:07 - Commandline		: StopService "Baloise BaloiseBackendBatch"
zaterdag 8 augustus 2020 12:05:07 - Commandline		: EnableWSUSReboot ""
zaterdag 8 augustus 2020 12:05:08 - ================================svw-be-babbp002.balgroupit.com======================================
zaterdag 8 augustus 2020 12:05:08 - ================================svw-be-mftp001.balgroupit.com======================================
zaterdag 8 augustus 2020 12:05:09 - Commandline		: StopService "Mercator Managed File Transfer"
zaterdag 8 augustus 2020 12:05:10 - Commandline		: EnableWSUSReboot ""
zaterdag 8 augustus 2020 12:05:10 - ================================svw-be-mftp001.balgroupit.com======================================
zaterdag 8 augustus 2020 12:05:10 - ================================svw-be-mftp002.balgroupit.com======================================
zaterdag 8 augustus 2020 12:05:11 - Commandline		: StopService "Mercator Managed File Transfer"
zaterdag 8 augustus 2020 12:05:11 - Commandline		: EnableWSUSReboot ""
zaterdag 8 augustus 2020 12:05:11 - ================================svw-be-mftp002.balgroupit.com======================================
