zaterdag 13 februari 2021 12:01:03 - READING XML File :  \\balgroupit.com\appl_data\BBE\Transfer\Packages\Scripts\WSUS\Pcorp\Pcorp_Stop_All.xml
zaterdag 13 februari 2021 12:01:03 - 
zaterdag 13 februari 2021 12:01:04 - ================================svw-be-eaip01.balgroupit.com======================================
zaterdag 13 februari 2021 12:01:05 - Commandline		: StopService "mercator.eai.docservice"
zaterdag 13 februari 2021 12:01:06 - Commandline		: StopProcess "dllhost.exe"
zaterdag 13 februari 2021 12:01:06 - Commandline		: StopProcess "winword.exe"
zaterdag 13 februari 2021 12:01:06 - Commandline		: EnableWSUSReboot ""
zaterdag 13 februari 2021 12:01:06 - ================================svw-be-eaip01.balgroupit.com======================================
zaterdag 13 februari 2021 12:01:07 - ================================svw-be-eaip04.balgroupit.com======================================
zaterdag 13 februari 2021 12:01:08 - Commandline		: StopService "mercator.eai.docservice"
zaterdag 13 februari 2021 12:01:08 - Commandline		: StopProcess "dllhost.exe"
zaterdag 13 februari 2021 12:01:08 - Commandline		: StopProcess "winword.exe"
zaterdag 13 februari 2021 12:01:08 - Commandline		: EnableWSUSReboot ""
zaterdag 13 februari 2021 12:01:08 - ================================svw-be-eaip04.balgroupit.com======================================
zaterdag 13 februari 2021 12:01:09 - ================================svw-be-eaip05.balgroupit.com======================================
zaterdag 13 februari 2021 12:01:10 - Commandline		: StopService "mercator.eai.docservice"
zaterdag 13 februari 2021 12:01:10 - Commandline		: StopProcess "dllhost.exe"
zaterdag 13 februari 2021 12:01:10 - Commandline		: StopProcess "winword.exe"
zaterdag 13 februari 2021 12:01:10 - Commandline		: EnableWSUSReboot ""
zaterdag 13 februari 2021 12:01:11 - ================================svw-be-eaip05.balgroupit.com======================================
zaterdag 13 februari 2021 12:01:11 - ================================svw-be-webp02.balgroupit.com======================================
zaterdag 13 februari 2021 12:01:18 - Commandline		: StopWebsite "DmsDataRepository"
zaterdag 13 februari 2021 12:01:18 - Commandline		: StopWebsite "MNet"
zaterdag 13 februari 2021 12:01:18 - Commandline		: StopAppPool "DefaultAppPool"
zaterdag 13 februari 2021 12:01:18 - Commandline		: StopAppPool "WSDMS"
zaterdag 13 februari 2021 12:01:19 - Commandline		: StopAppPool "WSDmsDataRepository"
zaterdag 13 februari 2021 12:01:19 - Commandline		: StopAppPool "BaloiseBackend"
zaterdag 13 februari 2021 12:01:19 - Commandline		: StopAppPool "CDS"
zaterdag 13 februari 2021 12:01:19 - Commandline		: StopAppPool "MercatorNet.BoServices"
zaterdag 13 februari 2021 12:01:19 - Commandline		: StopAppPool "Mercator.Portima.Monitoring"
zaterdag 13 februari 2021 12:01:19 - Commandline		: StopAppPool "Mercator.Portima"
zaterdag 13 februari 2021 12:01:19 - Commandline		: StopAppPool "Mercator.Eai.Tools.Wsc"
zaterdag 13 februari 2021 12:01:19 - Commandline		: StopAppPool "Mercator.EAI.Framework.WebServices"
zaterdag 13 februari 2021 12:01:19 - Commandline		: StopService "World Wide Web Publishing Service"
zaterdag 13 februari 2021 12:01:19 - Commandline		: StopService "Baloise BaloiseBackendBatch"
zaterdag 13 februari 2021 12:01:19 - Commandline		: StopService "Baloise CentralDataStore"
zaterdag 13 februari 2021 12:01:20 - Commandline		: StopService "Baloise SyncTaskToDMS"
zaterdag 13 februari 2021 12:01:20 - Commandline		: StopService "Mercator DMS Bulk Insert"
zaterdag 13 februari 2021 12:01:20 - Commandline		: StopService "Mercator DMS Import Portima Attachments"
zaterdag 13 februari 2021 12:01:20 - Commandline		: StopService "Mercator DMS MailImport Service"
zaterdag 13 februari 2021 12:01:20 - Commandline		: StopService "Mercator Xpim Document Store"
zaterdag 13 februari 2021 12:01:20 - Commandline		: StopService "Mercator Document Store"
zaterdag 13 februari 2021 12:01:20 - Commandline		: StopService "Mercator Document Store"
zaterdag 13 februari 2021 12:01:20 - Commandline		: StopService "Mercator Document Management System Service"
zaterdag 13 februari 2021 12:01:20 - Commandline		: StopService "Mercator Document Management System Async Service"
zaterdag 13 februari 2021 12:01:20 - Commandline		: StopService "Mercator Document Management System Batch Avero Service"
zaterdag 13 februari 2021 12:01:20 - Commandline		: StopService "Mercator DMS Pdf Conversion Call"
zaterdag 13 februari 2021 12:01:20 - Commandline		: StopService "MercatorNET SCV Batch Service"
zaterdag 13 februari 2021 12:01:21 - Commandline		: StopService "Mercator Organization Data"
zaterdag 13 februari 2021 12:01:21 - Commandline		: StopService "Mercator Document Generation"
zaterdag 13 februari 2021 12:01:21 - Commandline		: StopService "Mercator Document Delivery"
zaterdag 13 februari 2021 12:01:22 - Commandline		: StopService "Steria's Dispatcher Service"
zaterdag 13 februari 2021 12:01:22 - Commandline		: StopService "Mercator.Integration.EAI.3.9.Listener"
zaterdag 13 februari 2021 12:01:22 - Commandline		: RemoveDirectory "C:\WINDOWS\Microsoft.NET\Framework\v4.0.30319\Temporary ASP.NET Files\cds"
zaterdag 13 februari 2021 12:01:22 - Commandline		: RemoveDirectory "C:\WINDOWS\Microsoft.NET\Framework\v2.0.50727\Temporary ASP.NET Files\mercatornet.boservices"
zaterdag 13 februari 2021 12:01:22 - Commandline		: RemoveDirectory "C:\WINDOWS\Microsoft.NET\Framework\v2.0.50727\Temporary ASP.NET Files\mercator.eai.framework.webservices"
zaterdag 13 februari 2021 12:01:22 - Commandline		: RemoveDirectory "C:\WINDOWS\Microsoft.NET\Framework\v2.0.50727\Temporary ASP.NET Files\mercator.eai.tools.wsc"
zaterdag 13 februari 2021 12:01:22 - Commandline		: RemoveDirectory "C:\WINDOWS\Microsoft.NET\Framework\v2.0.50727\Temporary ASP.NET Files\Mercator.Portima.Monitoring"
zaterdag 13 februari 2021 12:01:22 - Commandline		: RemoveDirectory "C:\WINDOWS\Microsoft.NET\Framework\v2.0.50727\Temporary ASP.NET Files\Mercator.Portima"
zaterdag 13 februari 2021 12:01:22 - Commandline		: RemoveDirectory "C:\WINDOWS\Microsoft.NET\Framework\v2.0.50727\Temporary ASP.NET Files\WSDMS"
zaterdag 13 februari 2021 12:01:22 - Commandline		: RemoveDirectory "C:\WINDOWS\Microsoft.NET\Framework\v2.0.50727\Temporary ASP.NET Files\wsdmsdatarepository"
zaterdag 13 februari 2021 12:01:22 - Commandline		: EnableWSUSReboot ""
zaterdag 13 februari 2021 12:01:22 - ================================svw-be-webp02.balgroupit.com======================================
zaterdag 13 februari 2021 12:01:22 - ================================svw-be-webp03.balgroupit.com======================================
zaterdag 13 februari 2021 12:01:30 - Commandline		: StopWebsite "DmsDataRepository"
zaterdag 13 februari 2021 12:01:30 - Commandline		: StopWebsite "MNet"
zaterdag 13 februari 2021 12:01:30 - Commandline		: StopAppPool "MNet"
zaterdag 13 februari 2021 12:01:30 - Commandline		: StopAppPool "DefaultAppPool"
zaterdag 13 februari 2021 12:01:30 - Commandline		: StopAppPool "WSDMS"
zaterdag 13 februari 2021 12:01:30 - Commandline		: StopAppPool "WSDmsDataRepository"
zaterdag 13 februari 2021 12:01:30 - Commandline		: StopAppPool "BaloiseBackend"
zaterdag 13 februari 2021 12:01:30 - Commandline		: StopAppPool "CDS"
zaterdag 13 februari 2021 12:01:30 - Commandline		: StopAppPool "MercatorNet.BoServices"
zaterdag 13 februari 2021 12:01:30 - Commandline		: StopAppPool "Mercator.Portima.Monitoring"
zaterdag 13 februari 2021 12:01:31 - Commandline		: StopAppPool "Mercator.Portima"
zaterdag 13 februari 2021 12:01:31 - Commandline		: StopAppPool "Mercator.Eai.Tools.Wsc"
zaterdag 13 februari 2021 12:01:31 - Commandline		: StopAppPool "Mercator.EAI.Framework.WebServices"
zaterdag 13 februari 2021 12:01:31 - Commandline		: StopService "World Wide Web Publishing Service"
zaterdag 13 februari 2021 12:01:31 - Commandline		: StopService "Baloise Backend"
zaterdag 13 februari 2021 12:01:31 - Commandline		: StopService "Baloise Central Data Store"
zaterdag 13 februari 2021 12:01:31 - Commandline		: StopService "Baloise SyncTaskToDMS"
zaterdag 13 februari 2021 12:01:31 - Commandline		: StopService "Mercator DMS Bulk Insert"
zaterdag 13 februari 2021 12:01:32 - Commandline		: StopService "Mercator DMS Import Portima Attachments"
zaterdag 13 februari 2021 12:01:32 - Commandline		: StopService "Mercator DMS MailImport Service"
zaterdag 13 februari 2021 12:01:32 - Commandline		: StopService "Mercator Xpim Document Store"
zaterdag 13 februari 2021 12:01:32 - Commandline		: StopService "Mercator Document Store"
zaterdag 13 februari 2021 12:01:32 - Commandline		: StopService "BaloiseDmsBatchService"
zaterdag 13 februari 2021 12:01:32 - Commandline		: StopService "Mercator Document Management System Service"
zaterdag 13 februari 2021 12:01:33 - Commandline		: StopService "Mercator Document Management System Async Service"
zaterdag 13 februari 2021 12:01:33 - Commandline		: StopService "Mercator Document Management System Batch Avero Service"
zaterdag 13 februari 2021 12:01:33 - Commandline		: StopService "Mercator DMS Pdf Conversion Call"
zaterdag 13 februari 2021 12:01:36 - Commandline		: StopService "MercatorNET SCV Batch Service"
zaterdag 13 februari 2021 12:01:36 - Commandline		: StopService "Mercator Organization Data"
zaterdag 13 februari 2021 12:01:36 - Commandline		: StopService "Mercator Document Generation"
zaterdag 13 februari 2021 12:01:36 - Commandline		: StopService "Mercator Document Delivery"
zaterdag 13 februari 2021 12:01:36 - Commandline		: StopService "Steria's Dispatcher Service"
zaterdag 13 februari 2021 12:01:36 - Commandline		: StopService "Mercator.Integration.EAI.3.9.Listener"
zaterdag 13 februari 2021 12:01:36 - Commandline		: RemoveDirectory "C:\WINDOWS\Microsoft.NET\Framework\v4.0.30319\Temporary ASP.NET Files\cds"
zaterdag 13 februari 2021 12:01:36 - Commandline		: RemoveDirectory "C:\WINDOWS\Microsoft.NET\Framework\v2.0.50727\Temporary ASP.NET Files\mercatornet.boservices"
zaterdag 13 februari 2021 12:01:37 - Commandline		: RemoveDirectory "C:\WINDOWS\Microsoft.NET\Framework\v2.0.50727\Temporary ASP.NET Files\mercator.eai.framework.webservices"
zaterdag 13 februari 2021 12:01:37 - Commandline		: RemoveDirectory "C:\WINDOWS\Microsoft.NET\Framework\v2.0.50727\Temporary ASP.NET Files\mercator.eai.tools.wsc"
zaterdag 13 februari 2021 12:01:37 - Commandline		: RemoveDirectory "C:\WINDOWS\Microsoft.NET\Framework\v2.0.50727\Temporary ASP.NET Files\Mercator.Portima.Monitoring"
zaterdag 13 februari 2021 12:01:37 - Commandline		: RemoveDirectory "C:\WINDOWS\Microsoft.NET\Framework\v2.0.50727\Temporary ASP.NET Files\Mercator.Portima"
zaterdag 13 februari 2021 12:01:37 - Commandline		: RemoveDirectory "C:\WINDOWS\Microsoft.NET\Framework\v2.0.50727\Temporary ASP.NET Files\WSDMS"
zaterdag 13 februari 2021 12:01:37 - Commandline		: RemoveDirectory "C:\WINDOWS\Microsoft.NET\Framework\v2.0.50727\Temporary ASP.NET Files\wsdmsdatarepository"
zaterdag 13 februari 2021 12:01:37 - Commandline		: EnableWSUSReboot ""
zaterdag 13 februari 2021 12:01:37 - ================================svw-be-webp03.balgroupit.com======================================
zaterdag 13 februari 2021 12:01:39 - ================================svw-be-signp001.balgroupit.com======================================
zaterdag 13 februari 2021 12:01:40 - Commandline		: StopService "Portima BrokerSign"
zaterdag 13 februari 2021 12:01:41 - ================================svw-be-signp001.balgroupit.com======================================
zaterdag 13 februari 2021 12:02:02 - ================================shw-me-pweb06.balgroupit.com======================================
zaterdag 13 februari 2021 12:02:02 -  shw-me-pweb06.balgroupit.com remote session could not be created.
zaterdag 13 februari 2021 12:02:02 - ================================shw-me-pweb06.balgroupit.com======================================
zaterdag 13 februari 2021 12:02:23 - ================================shw-me-pweb56.balgroupit.com======================================
zaterdag 13 februari 2021 12:02:23 -  shw-me-pweb56.balgroupit.com remote session could not be created.
zaterdag 13 februari 2021 12:02:23 - ================================shw-me-pweb56.balgroupit.com======================================
zaterdag 13 februari 2021 12:02:24 - ================================svw-be-adlibp01.balgroupit.com======================================
zaterdag 13 februari 2021 12:02:31 - Commandline		: EnableWSUSReboot ""
zaterdag 13 februari 2021 12:02:31 - ================================svw-be-adlibp01.balgroupit.com======================================
zaterdag 13 februari 2021 12:02:32 - ================================svw-be-adlibp02.balgroupit.com======================================
zaterdag 13 februari 2021 12:02:33 - Commandline		: EnableWSUSReboot ""
zaterdag 13 februari 2021 12:02:33 - ================================svw-be-adlibp02.balgroupit.com======================================
zaterdag 13 februari 2021 12:02:34 - ================================svw-be-adlibp03.balgroupit.com======================================
zaterdag 13 februari 2021 12:02:55 - Commandline		: EnableWSUSReboot ""
zaterdag 13 februari 2021 12:02:55 - ================================svw-be-adlibp03.balgroupit.com======================================
zaterdag 13 februari 2021 12:02:56 - ================================svw-be-adlibp04.balgroupit.com======================================
zaterdag 13 februari 2021 12:02:57 - Commandline		: EnableWSUSReboot ""
zaterdag 13 februari 2021 12:02:57 - ================================svw-be-adlibp04.balgroupit.com======================================
zaterdag 13 februari 2021 12:02:58 - ================================svw-be-adlibp05.balgroupit.com======================================
zaterdag 13 februari 2021 12:03:02 - Commandline		: EnableWSUSReboot ""
zaterdag 13 februari 2021 12:03:02 - ================================svw-be-adlibp05.balgroupit.com======================================
zaterdag 13 februari 2021 12:03:04 - ================================svw-be-adlibp06.balgroupit.com======================================
zaterdag 13 februari 2021 12:03:08 - Commandline		: EnableWSUSReboot ""
zaterdag 13 februari 2021 12:03:08 - ================================svw-be-adlibp06.balgroupit.com======================================
zaterdag 13 februari 2021 12:03:09 - ================================svw-be-adlibp07.balgroupit.com======================================
zaterdag 13 februari 2021 12:03:14 - Commandline		: EnableWSUSReboot ""
zaterdag 13 februari 2021 12:03:14 - ================================svw-be-adlibp07.balgroupit.com======================================
zaterdag 13 februari 2021 12:03:15 - ================================svw-be-dmsp001.balgroupit.com======================================
zaterdag 13 februari 2021 12:03:22 - Commandline		: EnableWSUSReboot ""
zaterdag 13 februari 2021 12:03:22 - ================================svw-be-dmsp001.balgroupit.com======================================
zaterdag 13 februari 2021 12:03:23 - ================================svw-be-dmsp002.balgroupit.com======================================
zaterdag 13 februari 2021 12:03:31 - Commandline		: EnableWSUSReboot ""
zaterdag 13 februari 2021 12:03:31 - ================================svw-be-dmsp002.balgroupit.com======================================
zaterdag 13 februari 2021 12:03:31 - ================================svw-be-dmsp03.balgroupit.com======================================
zaterdag 13 februari 2021 12:03:39 - Commandline		: EnableWSUSReboot ""
zaterdag 13 februari 2021 12:03:39 - Commandline		: StopService "Execute360 Archive Manager"
zaterdag 13 februari 2021 12:03:51 - ================================svw-be-dmsp03.balgroupit.com======================================
zaterdag 13 februari 2021 12:03:52 - ================================dms-bp01.balgroupit.com======================================
zaterdag 13 februari 2021 12:03:53 - Commandline		: EnableWSUSReboot ""
zaterdag 13 februari 2021 12:03:53 - ================================dms-bp01.balgroupit.com======================================
zaterdag 13 februari 2021 12:03:54 - ================================dms-bp01-file.balgroupit.com======================================
zaterdag 13 februari 2021 12:03:55 - Commandline		: EnableWSUSReboot ""
zaterdag 13 februari 2021 12:03:55 - ================================dms-bp01-file.balgroupit.com======================================
zaterdag 13 februari 2021 12:03:56 - ================================dms-bp01-g360.balgroupit.com======================================
zaterdag 13 februari 2021 12:03:57 - Commandline		: EnableWSUSReboot ""
zaterdag 13 februari 2021 12:03:57 - ================================dms-bp01-g360.balgroupit.com======================================
zaterdag 13 februari 2021 12:03:58 - ================================SVW-BE-WEBFP001.balgroupit.com======================================
zaterdag 13 februari 2021 12:04:05 - Commandline		: StopAppPool "DefaultAppPool"
zaterdag 13 februari 2021 12:04:06 - Commandline		: StopAppPool "ED"
zaterdag 13 februari 2021 12:04:06 - Commandline		: StopAppPool "EmployeeBenefits"
zaterdag 13 februari 2021 12:04:06 - Commandline		: StopAppPool "EtlLogViewer"
zaterdag 13 februari 2021 12:04:06 - Commandline		: StopAppPool "LevenAansluitingsverklaring"
zaterdag 13 februari 2021 12:04:06 - Commandline		: StopAppPool "LevenWijzigingsFormulier"
zaterdag 13 februari 2021 12:04:06 - Commandline		: StopAppPool "MercatorNet.RMMain"
zaterdag 13 februari 2021 12:04:06 - Commandline		: StopAppPool "MercatorNet.WSDeploy_3_0"
zaterdag 13 februari 2021 12:04:06 - Commandline		: StopAppPool "MercatorNet.WSMain"
zaterdag 13 februari 2021 12:04:06 - Commandline		: StopAppPool "MercatorNet.WSServices"
zaterdag 13 februari 2021 12:04:06 - Commandline		: StopAppPool "MercatorNet.WSTariff"
zaterdag 13 februari 2021 12:04:06 - Commandline		: StopAppPool "MercatorNetBroker.WSDeploy_3_0"
zaterdag 13 februari 2021 12:04:06 - Commandline		: StopAppPool "MercatorNetBroker.WSMain"
zaterdag 13 februari 2021 12:04:06 - Commandline		: StopAppPool "MercatorWebSite"
zaterdag 13 februari 2021 12:04:07 - Commandline		: StopAppPool "MyBaloiseBroker"
zaterdag 13 februari 2021 12:04:07 - Commandline		: StopAppPool "MyBaloiseInternal"
zaterdag 13 februari 2021 12:04:07 - Commandline		: StopAppPool "MWebBvb"
zaterdag 13 februari 2021 12:04:07 - Commandline		: StopAppPool "ScvWebService"
zaterdag 13 februari 2021 12:04:07 - Commandline		: StopWebsite "OnlineDocuments"
zaterdag 13 februari 2021 12:04:07 - Commandline		: StopWebsite "MNet"
zaterdag 13 februari 2021 12:04:07 - Commandline		: StopWebsite "MWebBvb"
zaterdag 13 februari 2021 12:04:07 - Commandline		: StopService "World Wide Web Publishing Service"
zaterdag 13 februari 2021 12:04:07 - Commandline		: RemoveDirectory "C:\WINDOWS\Microsoft.NET\Framework\v2.0.50727\Temporary ASP.NET Files\levenaansluitingsverklaring"
zaterdag 13 februari 2021 12:04:07 - Commandline		: RemoveDirectory "C:\WINDOWS\Microsoft.NET\Framework\v2.0.50727\Temporary ASP.NET Files\levenwijzigingsformulier"
zaterdag 13 februari 2021 12:04:07 - Commandline		: RemoveDirectory "C:\WINDOWS\Microsoft.NET\Framework\v2.0.50727\Temporary ASP.NET Files\ed"
zaterdag 13 februari 2021 12:04:07 - Commandline		: RemoveDirectory "C:\WINDOWS\Microsoft.NET\Framework\v2.0.50727\Temporary ASP.NET Files\mercatornet.rmmain"
zaterdag 13 februari 2021 12:04:07 - Commandline		: RemoveDirectory "C:\WINDOWS\Microsoft.NET\Framework\v2.0.50727\Temporary ASP.NET Files\mercatornet.wsdeploy_3_0"
zaterdag 13 februari 2021 12:04:07 - Commandline		: RemoveDirectory "C:\WINDOWS\Microsoft.NET\Framework\v2.0.50727\Temporary ASP.NET Files\mercatornet.wsmain"
zaterdag 13 februari 2021 12:04:07 - Commandline		: RemoveDirectory "C:\WINDOWS\Microsoft.NET\Framework\v2.0.50727\Temporary ASP.NET Files\mercatornet.wsservices"
zaterdag 13 februari 2021 12:04:07 - Commandline		: RemoveDirectory "C:\WINDOWS\Microsoft.NET\Framework\v2.0.50727\Temporary ASP.NET Files\mercatornet.wstariff"
zaterdag 13 februari 2021 12:04:08 - Commandline		: RemoveDirectory "C:\WINDOWS\Microsoft.NET\Framework\v2.0.50727\Temporary ASP.NET Files\mercatornetbroker.wsdeploy_3_0"
zaterdag 13 februari 2021 12:04:08 - Commandline		: RemoveDirectory "C:\WINDOWS\Microsoft.NET\Framework\v2.0.50727\Temporary ASP.NET Files\mercatornetbroker.wsmain"
zaterdag 13 februari 2021 12:04:08 - Commandline		: RemoveDirectory "C:\WINDOWS\Microsoft.NET\Framework\v2.0.50727\Temporary ASP.NET Files\mercatornethelppages"
zaterdag 13 februari 2021 12:04:08 - Commandline		: RemoveDirectory "C:\WINDOWS\Microsoft.NET\Framework\v2.0.50727\Temporary ASP.NET Files\scvwebservice"
zaterdag 13 februari 2021 12:04:08 - Commandline		: EnableWSUSReboot ""
zaterdag 13 februari 2021 12:04:08 - ================================SVW-BE-WEBFP001.balgroupit.com======================================
zaterdag 13 februari 2021 12:04:09 - ================================SVW-BE-WEBFP002.balgroupit.com======================================
zaterdag 13 februari 2021 12:04:16 - Commandline		: StopAppPool "DefaultAppPool"
zaterdag 13 februari 2021 12:04:16 - Commandline		: StopAppPool "ED"
zaterdag 13 februari 2021 12:04:16 - Commandline		: StopAppPool "EmployeeBenefits"
zaterdag 13 februari 2021 12:04:17 - Commandline		: StopAppPool "EtlLogViewer"
zaterdag 13 februari 2021 12:04:17 - Commandline		: StopAppPool "LevenAansluitingsverklaring"
zaterdag 13 februari 2021 12:04:17 - Commandline		: StopAppPool "LevenWijzigingsFormulier"
zaterdag 13 februari 2021 12:04:17 - Commandline		: StopAppPool "MercatorNet.RMMain"
zaterdag 13 februari 2021 12:04:17 - Commandline		: StopAppPool "MercatorNet.WSDeploy_3_0"
zaterdag 13 februari 2021 12:04:17 - Commandline		: StopAppPool "MercatorNet.WSMain"
zaterdag 13 februari 2021 12:04:17 - Commandline		: StopAppPool "MercatorNet.WSServices"
zaterdag 13 februari 2021 12:04:17 - Commandline		: StopAppPool "MercatorNet.WSTariff"
zaterdag 13 februari 2021 12:04:17 - Commandline		: StopAppPool "MercatorNetBroker.WSDeploy_3_0"
zaterdag 13 februari 2021 12:04:17 - Commandline		: StopAppPool "MercatorNetBroker.WSMain"
zaterdag 13 februari 2021 12:04:17 - Commandline		: StopAppPool "MercatorWebSite"
zaterdag 13 februari 2021 12:04:17 - Commandline		: StopAppPool "MyBaloiseBroker"
zaterdag 13 februari 2021 12:04:17 - Commandline		: StopAppPool "MyBaloiseInternal"
zaterdag 13 februari 2021 12:04:17 - Commandline		: StopAppPool "MWebBvb"
zaterdag 13 februari 2021 12:04:17 - Commandline		: StopAppPool "ScvWebService"
zaterdag 13 februari 2021 12:04:18 - Commandline		: StopWebsite "OnlineDocuments"
zaterdag 13 februari 2021 12:04:18 - Commandline		: StopWebsite "MNet"
zaterdag 13 februari 2021 12:04:18 - Commandline		: StopWebsite "MWebBvb"
zaterdag 13 februari 2021 12:04:18 - Commandline		: StopService "World Wide Web Publishing Service"
zaterdag 13 februari 2021 12:04:18 - Commandline		: RemoveDirectory "C:\WINDOWS\Microsoft.NET\Framework\v2.0.50727\Temporary ASP.NET Files\levenaansluitingsverklaring"
zaterdag 13 februari 2021 12:04:18 - Commandline		: RemoveDirectory "C:\WINDOWS\Microsoft.NET\Framework\v2.0.50727\Temporary ASP.NET Files\levenwijzigingsformulier"
zaterdag 13 februari 2021 12:04:18 - Commandline		: RemoveDirectory "C:\WINDOWS\Microsoft.NET\Framework\v2.0.50727\Temporary ASP.NET Files\ed"
zaterdag 13 februari 2021 12:04:18 - Commandline		: RemoveDirectory "C:\WINDOWS\Microsoft.NET\Framework\v2.0.50727\Temporary ASP.NET Files\mercatornet.rmmain"
zaterdag 13 februari 2021 12:04:18 - Commandline		: RemoveDirectory "C:\WINDOWS\Microsoft.NET\Framework\v2.0.50727\Temporary ASP.NET Files\mercatornet.wsdeploy_3_0"
zaterdag 13 februari 2021 12:04:18 - Commandline		: RemoveDirectory "C:\WINDOWS\Microsoft.NET\Framework\v2.0.50727\Temporary ASP.NET Files\mercatornet.wsmain"
zaterdag 13 februari 2021 12:04:18 - Commandline		: RemoveDirectory "C:\WINDOWS\Microsoft.NET\Framework\v2.0.50727\Temporary ASP.NET Files\mercatornet.wsservices"
zaterdag 13 februari 2021 12:04:18 - Commandline		: RemoveDirectory "C:\WINDOWS\Microsoft.NET\Framework\v2.0.50727\Temporary ASP.NET Files\mercatornet.wstariff"
zaterdag 13 februari 2021 12:04:18 - Commandline		: RemoveDirectory "C:\WINDOWS\Microsoft.NET\Framework\v2.0.50727\Temporary ASP.NET Files\mercatornetbroker.wsdeploy_3_0"
zaterdag 13 februari 2021 12:04:18 - Commandline		: RemoveDirectory "C:\WINDOWS\Microsoft.NET\Framework\v2.0.50727\Temporary ASP.NET Files\mercatornetbroker.wsmain"
zaterdag 13 februari 2021 12:04:18 - Commandline		: RemoveDirectory "C:\WINDOWS\Microsoft.NET\Framework\v2.0.50727\Temporary ASP.NET Files\mercatornethelppages"
zaterdag 13 februari 2021 12:04:18 - Commandline		: RemoveDirectory "C:\WINDOWS\Microsoft.NET\Framework\v2.0.50727\Temporary ASP.NET Files\scvwebservice"
zaterdag 13 februari 2021 12:04:18 - Commandline		: EnableWSUSReboot ""
zaterdag 13 februari 2021 12:04:18 - ================================SVW-BE-WEBFP002.balgroupit.com======================================
zaterdag 13 februari 2021 12:04:19 - ================================SVW-BE-WEBFP003.balgroupit.com======================================
zaterdag 13 februari 2021 12:04:27 - Commandline		: StopAppPool "DefaultAppPool"
zaterdag 13 februari 2021 12:04:27 - Commandline		: StopAppPool "ED"
zaterdag 13 februari 2021 12:04:27 - Commandline		: StopAppPool "EmployeeBenefits"
zaterdag 13 februari 2021 12:04:27 - Commandline		: StopAppPool "EtlLogViewer"
zaterdag 13 februari 2021 12:04:27 - Commandline		: StopAppPool "LevenAansluitingsverklaring"
zaterdag 13 februari 2021 12:04:27 - Commandline		: StopAppPool "LevenWijzigingsFormulier"
zaterdag 13 februari 2021 12:04:27 - Commandline		: StopAppPool "MercatorNet.RMMain"
zaterdag 13 februari 2021 12:04:27 - Commandline		: StopAppPool "MercatorNet.WSDeploy_3_0"
zaterdag 13 februari 2021 12:04:27 - Commandline		: StopAppPool "MercatorNet.WSMain"
zaterdag 13 februari 2021 12:04:27 - Commandline		: StopAppPool "MercatorNet.WSServices"
zaterdag 13 februari 2021 12:04:28 - Commandline		: StopAppPool "MercatorNet.WSTariff"
zaterdag 13 februari 2021 12:04:28 - Commandline		: StopAppPool "MercatorNetBroker.WSDeploy_3_0"
zaterdag 13 februari 2021 12:04:28 - Commandline		: StopAppPool "MercatorNetBroker.WSMain"
zaterdag 13 februari 2021 12:04:28 - Commandline		: StopAppPool "MercatorWebSite"
zaterdag 13 februari 2021 12:04:28 - Commandline		: StopAppPool "MyBaloiseBroker"
zaterdag 13 februari 2021 12:04:28 - Commandline		: StopAppPool "MyBaloiseInternal"
zaterdag 13 februari 2021 12:04:28 - Commandline		: StopAppPool "MWebBvb"
zaterdag 13 februari 2021 12:04:28 - Commandline		: StopAppPool "ScvWebService"
zaterdag 13 februari 2021 12:04:28 - Commandline		: StopWebsite "OnlineDocuments"
zaterdag 13 februari 2021 12:04:28 - Commandline		: StopWebsite "MNet"
zaterdag 13 februari 2021 12:04:28 - Commandline		: StopWebsite "MWebBvb"
zaterdag 13 februari 2021 12:04:28 - Commandline		: StopService "World Wide Web Publishing Service"
zaterdag 13 februari 2021 12:04:28 - Commandline		: RemoveDirectory "C:\WINDOWS\Microsoft.NET\Framework\v2.0.50727\Temporary ASP.NET Files\levenaansluitingsverklaring"
zaterdag 13 februari 2021 12:04:28 - Commandline		: RemoveDirectory "C:\WINDOWS\Microsoft.NET\Framework\v2.0.50727\Temporary ASP.NET Files\levenwijzigingsformulier"
zaterdag 13 februari 2021 12:04:28 - Commandline		: RemoveDirectory "C:\WINDOWS\Microsoft.NET\Framework\v2.0.50727\Temporary ASP.NET Files\ed"
zaterdag 13 februari 2021 12:04:29 - Commandline		: RemoveDirectory "C:\WINDOWS\Microsoft.NET\Framework\v2.0.50727\Temporary ASP.NET Files\mercatornet.rmmain"
zaterdag 13 februari 2021 12:04:29 - Commandline		: RemoveDirectory "C:\WINDOWS\Microsoft.NET\Framework\v2.0.50727\Temporary ASP.NET Files\mercatornet.wsdeploy_3_0"
zaterdag 13 februari 2021 12:04:29 - Commandline		: RemoveDirectory "C:\WINDOWS\Microsoft.NET\Framework\v2.0.50727\Temporary ASP.NET Files\mercatornet.wsmain"
zaterdag 13 februari 2021 12:04:29 - Commandline		: RemoveDirectory "C:\WINDOWS\Microsoft.NET\Framework\v2.0.50727\Temporary ASP.NET Files\mercatornet.wsservices"
zaterdag 13 februari 2021 12:04:29 - Commandline		: RemoveDirectory "C:\WINDOWS\Microsoft.NET\Framework\v2.0.50727\Temporary ASP.NET Files\mercatornet.wstariff"
zaterdag 13 februari 2021 12:04:29 - Commandline		: RemoveDirectory "C:\WINDOWS\Microsoft.NET\Framework\v2.0.50727\Temporary ASP.NET Files\mercatornetbroker.wsdeploy_3_0"
zaterdag 13 februari 2021 12:04:29 - Commandline		: RemoveDirectory "C:\WINDOWS\Microsoft.NET\Framework\v2.0.50727\Temporary ASP.NET Files\mercatornetbroker.wsmain"
zaterdag 13 februari 2021 12:04:29 - Commandline		: RemoveDirectory "C:\WINDOWS\Microsoft.NET\Framework\v2.0.50727\Temporary ASP.NET Files\mercatornethelppages"
zaterdag 13 februari 2021 12:04:29 - Commandline		: RemoveDirectory "C:\WINDOWS\Microsoft.NET\Framework\v2.0.50727\Temporary ASP.NET Files\scvwebservice"
zaterdag 13 februari 2021 12:04:29 - Commandline		: EnableWSUSReboot ""
zaterdag 13 februari 2021 12:04:29 - ================================SVW-BE-WEBFP003.balgroupit.com======================================
zaterdag 13 februari 2021 12:04:30 - ================================SVW-BE-WEBFP004.balgroupit.com======================================
zaterdag 13 februari 2021 12:04:37 - Commandline		: StopAppPool "DefaultAppPool"
zaterdag 13 februari 2021 12:04:37 - Commandline		: StopAppPool "ED"
zaterdag 13 februari 2021 12:04:37 - Commandline		: StopAppPool "EmployeeBenefits"
zaterdag 13 februari 2021 12:04:37 - Commandline		: StopAppPool "EtlLogViewer"
zaterdag 13 februari 2021 12:04:37 - Commandline		: StopAppPool "LevenAansluitingsverklaring"
zaterdag 13 februari 2021 12:04:38 - Commandline		: StopAppPool "LevenWijzigingsFormulier"
zaterdag 13 februari 2021 12:04:38 - Commandline		: StopAppPool "MercatorNet.RMMain"
zaterdag 13 februari 2021 12:04:38 - Commandline		: StopAppPool "MercatorNet.WSDeploy_3_0"
zaterdag 13 februari 2021 12:04:38 - Commandline		: StopAppPool "MercatorNet.WSMain"
zaterdag 13 februari 2021 12:04:38 - Commandline		: StopAppPool "MercatorNet.WSServices"
zaterdag 13 februari 2021 12:04:38 - Commandline		: StopAppPool "MercatorNet.WSTariff"
zaterdag 13 februari 2021 12:04:38 - Commandline		: StopAppPool "MercatorNetBroker.WSDeploy_3_0"
zaterdag 13 februari 2021 12:04:38 - Commandline		: StopAppPool "MercatorNetBroker.WSMain"
zaterdag 13 februari 2021 12:04:38 - Commandline		: StopAppPool "MercatorWebSite"
zaterdag 13 februari 2021 12:04:38 - Commandline		: StopAppPool "MyBaloiseBroker"
zaterdag 13 februari 2021 12:04:38 - Commandline		: StopAppPool "MyBaloiseInternal"
zaterdag 13 februari 2021 12:04:38 - Commandline		: StopAppPool "MWebBvb"
zaterdag 13 februari 2021 12:04:38 - Commandline		: StopAppPool "ScvWebService"
zaterdag 13 februari 2021 12:04:38 - Commandline		: StopWebsite "OnlineDocuments"
zaterdag 13 februari 2021 12:04:39 - Commandline		: StopWebsite "MNet"
zaterdag 13 februari 2021 12:04:39 - Commandline		: StopWebsite "MWebBvb"
zaterdag 13 februari 2021 12:04:39 - Commandline		: StopService "World Wide Web Publishing Service"
zaterdag 13 februari 2021 12:04:39 - Commandline		: RemoveDirectory "C:\WINDOWS\Microsoft.NET\Framework\v2.0.50727\Temporary ASP.NET Files\levenaansluitingsverklaring"
zaterdag 13 februari 2021 12:04:39 - Commandline		: RemoveDirectory "C:\WINDOWS\Microsoft.NET\Framework\v2.0.50727\Temporary ASP.NET Files\levenwijzigingsformulier"
zaterdag 13 februari 2021 12:04:39 - Commandline		: RemoveDirectory "C:\WINDOWS\Microsoft.NET\Framework\v2.0.50727\Temporary ASP.NET Files\ed"
zaterdag 13 februari 2021 12:04:39 - Commandline		: RemoveDirectory "C:\WINDOWS\Microsoft.NET\Framework\v2.0.50727\Temporary ASP.NET Files\mercatornet.rmmain"
zaterdag 13 februari 2021 12:04:39 - Commandline		: RemoveDirectory "C:\WINDOWS\Microsoft.NET\Framework\v2.0.50727\Temporary ASP.NET Files\mercatornet.wsdeploy_3_0"
zaterdag 13 februari 2021 12:04:39 - Commandline		: RemoveDirectory "C:\WINDOWS\Microsoft.NET\Framework\v2.0.50727\Temporary ASP.NET Files\mercatornet.wsmain"
zaterdag 13 februari 2021 12:04:39 - Commandline		: RemoveDirectory "C:\WINDOWS\Microsoft.NET\Framework\v2.0.50727\Temporary ASP.NET Files\mercatornet.wsservices"
zaterdag 13 februari 2021 12:04:39 - Commandline		: RemoveDirectory "C:\WINDOWS\Microsoft.NET\Framework\v2.0.50727\Temporary ASP.NET Files\mercatornet.wstariff"
zaterdag 13 februari 2021 12:04:39 - Commandline		: RemoveDirectory "C:\WINDOWS\Microsoft.NET\Framework\v2.0.50727\Temporary ASP.NET Files\mercatornetbroker.wsdeploy_3_0"
zaterdag 13 februari 2021 12:04:39 - Commandline		: RemoveDirectory "C:\WINDOWS\Microsoft.NET\Framework\v2.0.50727\Temporary ASP.NET Files\mercatornetbroker.wsmain"
zaterdag 13 februari 2021 12:04:39 - Commandline		: RemoveDirectory "C:\WINDOWS\Microsoft.NET\Framework\v2.0.50727\Temporary ASP.NET Files\mercatornethelppages"
zaterdag 13 februari 2021 12:04:39 - Commandline		: RemoveDirectory "C:\WINDOWS\Microsoft.NET\Framework\v2.0.50727\Temporary ASP.NET Files\scvwebservice"
zaterdag 13 februari 2021 12:04:39 - Commandline		: EnableWSUSReboot ""
zaterdag 13 februari 2021 12:04:39 - ================================SVW-BE-WEBFP004.balgroupit.com======================================
zaterdag 13 februari 2021 12:04:40 - ================================svw-be-bizp001.balgroupit.com======================================
zaterdag 13 februari 2021 12:05:44 - Commandline		: StopService "Mercator Managed File Transfer"
zaterdag 13 februari 2021 12:05:44 - Commandline		: StopService "Mercator Esb Process Initializer"
zaterdag 13 februari 2021 12:05:45 - Commandline		: EnableWSUSReboot ""
zaterdag 13 februari 2021 12:05:45 - ================================svw-be-bizp001.balgroupit.com======================================
zaterdag 13 februari 2021 12:05:45 - ================================svw-be-bizp002.balgroupit.com======================================
zaterdag 13 februari 2021 12:05:53 - Commandline		: StopService "Mercator Managed File Transfer"
zaterdag 13 februari 2021 12:05:53 - Commandline		: StopService "Mercator Esb Process Initializer"
zaterdag 13 februari 2021 12:05:53 - Commandline		: EnableWSUSReboot ""
zaterdag 13 februari 2021 12:05:53 - ================================svw-be-bizp002.balgroupit.com======================================
zaterdag 13 februari 2021 12:05:54 - ================================svw-be-bizp003.balgroupit.com======================================
zaterdag 13 februari 2021 12:06:01 - Commandline		: StopService "Mercator Managed File Transfer"
zaterdag 13 februari 2021 12:06:02 - Commandline		: StopService "Mercator Esb Process Initializer"
zaterdag 13 februari 2021 12:06:02 - Commandline		: EnableWSUSReboot ""
zaterdag 13 februari 2021 12:06:02 - ================================svw-be-bizp003.balgroupit.com======================================
zaterdag 13 februari 2021 12:06:03 - ================================svw-be-bizp004.balgroupit.com======================================
zaterdag 13 februari 2021 12:06:10 - Commandline		: StopService "Mercator Managed File Transfer"
zaterdag 13 februari 2021 12:06:10 - Commandline		: StopService "Mercator Esb Process Initializer"
zaterdag 13 februari 2021 12:06:11 - Commandline		: EnableWSUSReboot ""
zaterdag 13 februari 2021 12:06:11 - ================================svw-be-bizp004.balgroupit.com======================================
zaterdag 13 februari 2021 12:06:11 - ================================svw-be-portp01.balgroupit.com======================================
zaterdag 13 februari 2021 12:06:19 - Commandline		: stopAppPool "AL2AppPool64v2"
zaterdag 13 februari 2021 12:06:20 - Commandline		: stopAppPool "ALAppPool64v2"
zaterdag 13 februari 2021 12:06:20 - Commandline		: StopWebsite "WCI"
zaterdag 13 februari 2021 12:06:20 - Commandline		: StopWebsite "Default Web Site"
zaterdag 13 februari 2021 12:06:20 - Commandline		: EnableWSUSReboot ""
zaterdag 13 februari 2021 12:06:20 - ================================svw-be-portp01.balgroupit.com======================================
zaterdag 13 februari 2021 12:06:21 - ================================svw-be-portp03.balgroupit.com======================================
zaterdag 13 februari 2021 12:06:28 - Commandline		: stopAppPool "ALAppPool64v2"
zaterdag 13 februari 2021 12:06:29 - Commandline		: stopAppPool "Pool2"
zaterdag 13 februari 2021 12:06:29 - Commandline		: stopAppPool "Mercator.Portal.Portlets"
zaterdag 13 februari 2021 12:06:29 - Commandline		: stopAppPool "Mercator.Portal.WebService"
zaterdag 13 februari 2021 12:06:29 - Commandline		: stopAppPool "PortalASP"
zaterdag 13 februari 2021 12:06:29 - Commandline		: StopWebsite "WCI"
zaterdag 13 februari 2021 12:06:29 - Commandline		: StopWebsite "Default Web Site"
zaterdag 13 februari 2021 12:06:29 - Commandline		: StopWebsite "MercatorPortalWebService"
zaterdag 13 februari 2021 12:06:29 - Commandline		: StopService "Mercator.Portal.Scheduler"
zaterdag 13 februari 2021 12:06:38 - Commandline		: EnableWSUSReboot ""
zaterdag 13 februari 2021 12:06:38 - ================================svw-be-portp03.balgroupit.com======================================
zaterdag 13 februari 2021 12:06:38 - ================================svw-be-babsp001.balgroupit.com======================================
zaterdag 13 februari 2021 12:06:46 - Commandline		: EnableWSUSReboot ""
zaterdag 13 februari 2021 12:06:46 - ================================svw-be-babsp001.balgroupit.com======================================
zaterdag 13 februari 2021 12:06:46 - ================================svw-be-babsp002.balgroupit.com======================================
zaterdag 13 februari 2021 12:06:53 - Commandline		: EnableWSUSReboot ""
zaterdag 13 februari 2021 12:06:54 - ================================svw-be-babsp002.balgroupit.com======================================
zaterdag 13 februari 2021 12:06:54 - ================================svw-be-babbp001.balgroupit.com======================================
zaterdag 13 februari 2021 12:06:55 - Commandline		: StopService "Baloise BaloiseBackendBatch"
zaterdag 13 februari 2021 12:06:56 - Commandline		: EnableWSUSReboot ""
zaterdag 13 februari 2021 12:06:56 - ================================svw-be-babbp001.balgroupit.com======================================
zaterdag 13 februari 2021 12:06:56 - ================================svw-be-babbp002.balgroupit.com======================================
zaterdag 13 februari 2021 12:06:58 - Commandline		: StopService "Baloise BaloiseBackendBatch"
zaterdag 13 februari 2021 12:06:58 - Commandline		: EnableWSUSReboot ""
zaterdag 13 februari 2021 12:06:58 - ================================svw-be-babbp002.balgroupit.com======================================
zaterdag 13 februari 2021 12:06:58 - ================================svw-be-mftp001.balgroupit.com======================================
zaterdag 13 februari 2021 12:07:00 - Commandline		: StopService "Mercator Managed File Transfer"
zaterdag 13 februari 2021 12:07:00 - Commandline		: EnableWSUSReboot ""
zaterdag 13 februari 2021 12:07:00 - ================================svw-be-mftp001.balgroupit.com======================================
zaterdag 13 februari 2021 12:07:00 - ================================svw-be-mftp002.balgroupit.com======================================
zaterdag 13 februari 2021 12:07:01 - Commandline		: StopService "Mercator Managed File Transfer"
zaterdag 13 februari 2021 12:07:01 - Commandline		: EnableWSUSReboot ""
zaterdag 13 februari 2021 12:07:01 - ================================svw-be-mftp002.balgroupit.com======================================
