woensdag 15 september 2021 23:25:54 - READING XML File :  \\balgroupit.com\appl_data\BBE\Transfer\Packages\Scripts\WSUS\Pcorp\Pcorp_Start_All.xml
woensdag 15 september 2021 23:25:54 - 
woensdag 15 september 2021 23:25:55 - ================================svw-be-signp001.balgroupit.com======================================
woensdag 15 september 2021 23:25:55 - Commandline		: RestartService "Portima BrokerSign"
woensdag 15 september 2021 23:25:56 - ================================svw-be-signp001.balgroupit.com======================================
woensdag 15 september 2021 23:25:56 - ================================shw-me-pweb06.balgroupit.com======================================
woensdag 15 september 2021 23:25:56 -  shw-me-pweb06.balgroupit.com remote session could not be created.
woensdag 15 september 2021 23:25:56 - ================================shw-me-pweb06.balgroupit.com======================================
woensdag 15 september 2021 23:25:56 - ================================shw-me-pweb56.balgroupit.com======================================
woensdag 15 september 2021 23:25:56 -  shw-me-pweb56.balgroupit.com remote session could not be created.
woensdag 15 september 2021 23:25:56 - ================================shw-me-pweb56.balgroupit.com======================================
woensdag 15 september 2021 23:25:56 - ================================svw-be-webp02.balgroupit.com======================================
woensdag 15 september 2021 23:25:59 - Commandline		: DisableWSUSReboot ""
woensdag 15 september 2021 23:25:59 - Commandline		: StartService "World Wide Web Publishing Service"
woensdag 15 september 2021 23:25:59 - Commandline		: StartAppPool "DefaultAppPool"
woensdag 15 september 2021 23:26:00 - Commandline		: StartAppPool "MNet"
woensdag 15 september 2021 23:26:00 - Commandline		: StartAppPool "BaloiseBackend"
woensdag 15 september 2021 23:26:00 - Commandline		: StartAppPool "CDS"
woensdag 15 september 2021 23:26:00 - Commandline		: StartAppPool "Mercator.EAI.Framework.WebServices"
woensdag 15 september 2021 23:26:00 - Commandline		: StartAppPool "Mercator.Eai.Tools.Wsc"
woensdag 15 september 2021 23:26:01 - Commandline		: StartAppPool "Mercator.Portima"
woensdag 15 september 2021 23:26:01 - Commandline		: StartAppPool "Mercator.Portima.Monitoring"
woensdag 15 september 2021 23:26:01 - Commandline		: StartAppPool "MercatorNet.BoServices"
woensdag 15 september 2021 23:26:01 - Commandline		: StartAppPool "WSDms"
woensdag 15 september 2021 23:26:02 - Commandline		: StartAppPool "WSDmsDataRepository"
woensdag 15 september 2021 23:26:02 - Commandline		: StartWebsite "DmsDataRepository"
woensdag 15 september 2021 23:26:02 - Commandline		: StartWebsite "MNet"
woensdag 15 september 2021 23:26:02 - Commandline		: StartService "Steria's Dispatcher Service"
woensdag 15 september 2021 23:26:03 - Commandline		: StartService "Mercator Document Delivery"
woensdag 15 september 2021 23:26:03 - Commandline		: StartService "Mercator Document Generation"
woensdag 15 september 2021 23:26:04 - Commandline		: StartService "Mercator Organization Data"
woensdag 15 september 2021 23:26:05 - Commandline		: StartService "Mercator DMS Pdf Conversion Call"
woensdag 15 september 2021 23:26:05 - Commandline		: StartService "Mercator Document Management System Service"
woensdag 15 september 2021 23:26:05 - Commandline		: StartService "Mercator Document Management System Async Service"
woensdag 15 september 2021 23:26:05 - Commandline		: StartService "Mercator Document Management System Batch Avero Service"
woensdag 15 september 2021 23:26:06 - Commandline		: StartService "BaloiseDmsBatchService"
woensdag 15 september 2021 23:26:06 - Commandline		: StartService "Mercator Document Store"
woensdag 15 september 2021 23:26:06 - Commandline		: StartService "Mercator Xpim Document Store"
woensdag 15 september 2021 23:26:06 - Commandline		: StartService "Mercator DMS MailImport Service"
woensdag 15 september 2021 23:26:06 - Commandline		: StartService "Mercator DMS Import Portima Attachments"
woensdag 15 september 2021 23:26:07 - Commandline		: StartService "Mercator DMS Bulk Insert"
woensdag 15 september 2021 23:26:08 - Commandline		: StartService "Baloise CentralDataStore"
woensdag 15 september 2021 23:26:11 - Commandline		: StartService "Baloise SyncTaskToDMS"
woensdag 15 september 2021 23:26:12 - Commandline		: StartService "Baloise BaloiseBackendBatch"
woensdag 15 september 2021 23:26:12 - Commandline		: StartService "MercatorNET SCV Batch Service"
woensdag 15 september 2021 23:26:17 - Commandline		: StartService "Mercator.Integration.EAI.3.9.Listener"
woensdag 15 september 2021 23:26:17 - ================================svw-be-webp02.balgroupit.com======================================
woensdag 15 september 2021 23:26:17 - ================================svw-be-webp03.balgroupit.com======================================
woensdag 15 september 2021 23:26:20 - Commandline		: DisableWSUSReboot ""
woensdag 15 september 2021 23:26:20 - Commandline		: StartService "World Wide Web Publishing Service"
woensdag 15 september 2021 23:26:20 - Commandline		: StartAppPool "DefaultAppPool"
woensdag 15 september 2021 23:26:21 - Commandline		: StartAppPool "MNet"
woensdag 15 september 2021 23:26:21 - Commandline		: StartAppPool "BaloiseBackend"
woensdag 15 september 2021 23:26:21 - Commandline		: StartAppPool "CDS"
woensdag 15 september 2021 23:26:21 - Commandline		: StartAppPool "Mercator.EAI.Framework.WebServices"
woensdag 15 september 2021 23:26:21 - Commandline		: StartAppPool "Mercator.Eai.Tools.Wsc"
woensdag 15 september 2021 23:26:22 - Commandline		: StartAppPool "Mercator.Portima"
woensdag 15 september 2021 23:26:22 - Commandline		: StartAppPool "Mercator.Portima.Monitoring"
woensdag 15 september 2021 23:26:22 - Commandline		: StartAppPool "MercatorNet.BoServices"
woensdag 15 september 2021 23:26:22 - Commandline		: StartAppPool "WSDms"
woensdag 15 september 2021 23:26:22 - Commandline		: StartAppPool "WSDmsDataRepository"
woensdag 15 september 2021 23:26:23 - Commandline		: StartWebsite "DmsDataRepository"
woensdag 15 september 2021 23:26:23 - Commandline		: StartWebsite "MNet"
woensdag 15 september 2021 23:26:23 - Commandline		: StartService "Steria's Dispatcher Service"
woensdag 15 september 2021 23:26:24 - Commandline		: StartService "Mercator Document Delivery"
woensdag 15 september 2021 23:26:24 - Commandline		: StartService "Mercator Document Generation"
woensdag 15 september 2021 23:26:24 - Commandline		: StartService "Mercator Organization Data"
woensdag 15 september 2021 23:26:25 - Commandline		: StartService "Mercator DMS Pdf Conversion Call"
woensdag 15 september 2021 23:26:26 - Commandline		: StartService "Mercator Document Management System Service"
woensdag 15 september 2021 23:26:27 - Commandline		: StartService "Mercator Document Management System Async Service"
woensdag 15 september 2021 23:26:27 - Commandline		: StartService "Mercator Document Management System Batch Avero Service"
woensdag 15 september 2021 23:26:28 - Commandline		: StartService "BaloiseDmsBatchService"
woensdag 15 september 2021 23:26:28 - Commandline		: StartService "Mercator Document Store"
woensdag 15 september 2021 23:26:28 - Commandline		: StartService "Mercator Xpim Document Store"
woensdag 15 september 2021 23:26:29 - Commandline		: StartService "Mercator DMS MailImport Service"
woensdag 15 september 2021 23:26:29 - Commandline		: StartService "Mercator DMS Import Portima Attachments"
woensdag 15 september 2021 23:26:30 - Commandline		: StartService "Mercator DMS Bulk Insert"
woensdag 15 september 2021 23:26:31 - Commandline		: StartService "Baloise Central Data Store"
woensdag 15 september 2021 23:26:31 - Commandline		: StartService "Baloise SyncTaskToDMS"
woensdag 15 september 2021 23:26:32 - Commandline		: StartService "Baloise Backend"
woensdag 15 september 2021 23:26:32 - Commandline		: StartService "MercatorNET SCV Batch Service"
woensdag 15 september 2021 23:26:32 - Commandline		: StartService "Mercator.Integration.EAI.3.9.Listener"
woensdag 15 september 2021 23:26:32 - ================================svw-be-webp03.balgroupit.com======================================
woensdag 15 september 2021 23:26:33 - ================================svw-be-eaip01.balgroupit.com======================================
woensdag 15 september 2021 23:26:33 - Commandline		: DisableWSUSReboot ""
woensdag 15 september 2021 23:26:33 - Commandline		: StartService "mercator.eai.docservice"
woensdag 15 september 2021 23:26:35 - ================================svw-be-eaip01.balgroupit.com======================================
woensdag 15 september 2021 23:26:35 - ================================svw-be-eaip04.balgroupit.com======================================
woensdag 15 september 2021 23:26:36 - Commandline		: DisableWSUSReboot ""
woensdag 15 september 2021 23:26:36 - Commandline		: StartService "mercator.eai.docservice"
woensdag 15 september 2021 23:26:38 - ================================svw-be-eaip04.balgroupit.com======================================
woensdag 15 september 2021 23:26:38 - ================================svw-be-eaip05.balgroupit.com======================================
woensdag 15 september 2021 23:26:38 - Commandline		: DisableWSUSReboot ""
woensdag 15 september 2021 23:26:38 - Commandline		: StartService "mercator.eai.docservice"
woensdag 15 september 2021 23:26:40 - ================================svw-be-eaip05.balgroupit.com======================================
woensdag 15 september 2021 23:26:41 - ================================svw-be-adlibp01.balgroupit.com======================================
woensdag 15 september 2021 23:26:43 - Commandline		: DisableWsusReboot ""
woensdag 15 september 2021 23:26:43 - ================================svw-be-adlibp01.balgroupit.com======================================
woensdag 15 september 2021 23:26:44 - ================================svw-be-adlibp02.balgroupit.com======================================
woensdag 15 september 2021 23:26:44 - Commandline		: DisableWsusReboot ""
woensdag 15 september 2021 23:26:44 - ================================svw-be-adlibp02.balgroupit.com======================================
woensdag 15 september 2021 23:26:45 - ================================svw-be-adlibp03.balgroupit.com======================================
woensdag 15 september 2021 23:26:47 - Commandline		: DisableWsusReboot ""
woensdag 15 september 2021 23:26:47 - ================================svw-be-adlibp03.balgroupit.com======================================
woensdag 15 september 2021 23:26:47 - ================================svw-be-adlibp04.balgroupit.com======================================
woensdag 15 september 2021 23:26:48 - Commandline		: DisableWsusReboot ""
woensdag 15 september 2021 23:26:48 - ================================svw-be-adlibp04.balgroupit.com======================================
woensdag 15 september 2021 23:26:48 - ================================svw-be-adlibp05.balgroupit.com======================================
woensdag 15 september 2021 23:26:50 - Commandline		: DisableWsusReboot ""
woensdag 15 september 2021 23:26:50 - ================================svw-be-adlibp05.balgroupit.com======================================
woensdag 15 september 2021 23:26:50 - ================================svw-be-adlibp06.balgroupit.com======================================
woensdag 15 september 2021 23:26:52 - Commandline		: DisableWsusReboot ""
woensdag 15 september 2021 23:26:52 - ================================svw-be-adlibp06.balgroupit.com======================================
woensdag 15 september 2021 23:26:52 - ================================svw-be-adlibp07.balgroupit.com======================================
woensdag 15 september 2021 23:26:54 - Commandline		: DisableWsusReboot ""
woensdag 15 september 2021 23:26:54 - ================================svw-be-adlibp07.balgroupit.com======================================
woensdag 15 september 2021 23:26:55 - ================================svw-be-dmsp001.balgroupit.com======================================
woensdag 15 september 2021 23:27:02 - Commandline		: DisableWsusReboot ""
woensdag 15 september 2021 23:27:02 - ================================svw-be-dmsp001.balgroupit.com======================================
woensdag 15 september 2021 23:27:02 - ================================svw-be-dmsp002.balgroupit.com======================================
woensdag 15 september 2021 23:27:08 - Commandline		: DisableWsusReboot ""
woensdag 15 september 2021 23:27:08 - ================================svw-be-dmsp002.balgroupit.com======================================
woensdag 15 september 2021 23:27:09 - ================================svw-be-dmsp03.balgroupit.com======================================
woensdag 15 september 2021 23:28:10 - Commandline		: DisableWsusReboot ""
woensdag 15 september 2021 23:28:10 - Commandline		: StartService "Execute360 Archive Manager"
woensdag 15 september 2021 23:28:16 - ================================svw-be-dmsp03.balgroupit.com======================================
woensdag 15 september 2021 23:28:17 - ================================dms-bp01.balgroupit.com======================================
woensdag 15 september 2021 23:28:17 - Commandline		: DisableWsusReboot ""
woensdag 15 september 2021 23:28:17 - ================================dms-bp01.balgroupit.com======================================
woensdag 15 september 2021 23:28:18 - ================================dms-bp01-file.balgroupit.com======================================
woensdag 15 september 2021 23:28:18 - Commandline		: DisableWsusReboot ""
woensdag 15 september 2021 23:28:18 - ================================dms-bp01-file.balgroupit.com======================================
woensdag 15 september 2021 23:28:19 - ================================dms-bp01-g360.balgroupit.com======================================
woensdag 15 september 2021 23:28:19 - Commandline		: DisableWsusReboot ""
woensdag 15 september 2021 23:28:19 - ================================dms-bp01-g360.balgroupit.com======================================
woensdag 15 september 2021 23:28:20 - ================================SVW-BE-WEBFP001.balgroupit.com======================================
woensdag 15 september 2021 23:28:22 - Commandline		: DisableWSUSReboot ""
woensdag 15 september 2021 23:28:22 - Commandline		: StartService "World Wide Web Publishing Service"
woensdag 15 september 2021 23:28:23 - Commandline		: StartWebsite "OnlineDocuments"
woensdag 15 september 2021 23:28:23 - Commandline		: StartWebsite "MNet"
woensdag 15 september 2021 23:28:23 - Commandline		: StartWebsite "MWebBvb"
woensdag 15 september 2021 23:28:23 - Commandline		: StartAppPool "DefaultAppPool"
woensdag 15 september 2021 23:28:23 - Commandline		: StartAppPool "ED"
woensdag 15 september 2021 23:28:23 - Commandline		: StartAppPool "EmployeeBenefits"
woensdag 15 september 2021 23:28:24 - Commandline		: StartAppPool "EtlLogViewer"
woensdag 15 september 2021 23:28:24 - Commandline		: StartAppPool "LevenAansluitingsverklaring"
woensdag 15 september 2021 23:28:24 - Commandline		: StartAppPool "LevenWijzigingsFormulier"
woensdag 15 september 2021 23:28:24 - Commandline		: StartAppPool "MercatorNet.RMMain"
woensdag 15 september 2021 23:28:24 - Commandline		: StartAppPool "MercatorNet.WSDeploy_3_0"
woensdag 15 september 2021 23:28:25 - Commandline		: StartAppPool "MercatorNet.WSMain"
woensdag 15 september 2021 23:28:25 - Commandline		: StartAppPool "MercatorNet.WSServices"
woensdag 15 september 2021 23:28:25 - Commandline		: StartAppPool "MercatorNet.WSTariff"
woensdag 15 september 2021 23:28:25 - Commandline		: StartAppPool "MercatorNetBroker.WSDeploy_3_0"
woensdag 15 september 2021 23:28:25 - Commandline		: StartAppPool "MercatorNetBroker.WSMain"
woensdag 15 september 2021 23:28:25 - Commandline		: StartAppPool "MercatorWebSite"
woensdag 15 september 2021 23:28:26 - Commandline		: StartAppPool "MyBaloiseBroker"
woensdag 15 september 2021 23:28:26 - Commandline		: StartAppPool "MyBaloiseInternal"
woensdag 15 september 2021 23:28:26 - Commandline		: StartAppPool "MWebBvb"
woensdag 15 september 2021 23:28:26 - Commandline		: StartAppPool "ScvWebService"
woensdag 15 september 2021 23:28:27 - ================================SVW-BE-WEBFP001.balgroupit.com======================================
woensdag 15 september 2021 23:28:27 - ================================SVW-BE-WEBFP002.balgroupit.com======================================
woensdag 15 september 2021 23:28:29 - Commandline		: DisableWSUSReboot ""
woensdag 15 september 2021 23:28:29 - Commandline		: StartService "World Wide Web Publishing Service"
woensdag 15 september 2021 23:28:30 - Commandline		: StartWebsite "OnlineDocuments"
woensdag 15 september 2021 23:28:30 - Commandline		: StartWebsite "MNet"
woensdag 15 september 2021 23:28:30 - Commandline		: StartWebsite "MWebBvb"
woensdag 15 september 2021 23:28:30 - Commandline		: StartAppPool "DefaultAppPool"
woensdag 15 september 2021 23:28:30 - Commandline		: StartAppPool "ED"
woensdag 15 september 2021 23:28:30 - Commandline		: StartAppPool "EmployeeBenefits"
woensdag 15 september 2021 23:28:31 - Commandline		: StartAppPool "EtlLogViewer"
woensdag 15 september 2021 23:28:31 - Commandline		: StartAppPool "LevenAansluitingsverklaring"
woensdag 15 september 2021 23:28:31 - Commandline		: StartAppPool "LevenWijzigingsFormulier"
woensdag 15 september 2021 23:28:31 - Commandline		: StartAppPool "MercatorNet.RMMain"
woensdag 15 september 2021 23:28:31 - Commandline		: StartAppPool "MercatorNet.WSDeploy_3_0"
woensdag 15 september 2021 23:28:31 - Commandline		: StartAppPool "MercatorNet.WSMain"
woensdag 15 september 2021 23:28:32 - Commandline		: StartAppPool "MercatorNet.WSServices"
woensdag 15 september 2021 23:28:32 - Commandline		: StartAppPool "MercatorNet.WSTariff"
woensdag 15 september 2021 23:28:32 - Commandline		: StartAppPool "MercatorNetBroker.WSDeploy_3_0"
woensdag 15 september 2021 23:28:32 - Commandline		: StartAppPool "MercatorNetBroker.WSMain"
woensdag 15 september 2021 23:28:32 - Commandline		: StartAppPool "MercatorWebSite"
woensdag 15 september 2021 23:28:32 - Commandline		: StartAppPool "MyBaloiseBroker"
woensdag 15 september 2021 23:28:33 - Commandline		: StartAppPool "MyBaloiseInternal"
woensdag 15 september 2021 23:28:33 - Commandline		: StartAppPool "MWebBvb"
woensdag 15 september 2021 23:28:33 - Commandline		: StartAppPool "ScvWebService"
woensdag 15 september 2021 23:28:33 - ================================SVW-BE-WEBFP002.balgroupit.com======================================
woensdag 15 september 2021 23:28:34 - ================================SVW-BE-WEBFP003.balgroupit.com======================================
woensdag 15 september 2021 23:28:36 - Commandline		: DisableWSUSReboot ""
woensdag 15 september 2021 23:28:36 - Commandline		: StartService "World Wide Web Publishing Service"
woensdag 15 september 2021 23:28:36 - Commandline		: StartWebsite "OnlineDocuments"
woensdag 15 september 2021 23:28:37 - Commandline		: StartWebsite "MNet"
woensdag 15 september 2021 23:28:37 - Commandline		: StartWebsite "MWebBvb"
woensdag 15 september 2021 23:28:37 - Commandline		: StartAppPool "DefaultAppPool"
woensdag 15 september 2021 23:28:37 - Commandline		: StartAppPool "ED"
woensdag 15 september 2021 23:28:37 - Commandline		: StartAppPool "EmployeeBenefits"
woensdag 15 september 2021 23:28:37 - Commandline		: StartAppPool "EtlLogViewer"
woensdag 15 september 2021 23:28:38 - Commandline		: StartAppPool "LevenAansluitingsverklaring"
woensdag 15 september 2021 23:28:38 - Commandline		: StartAppPool "LevenWijzigingsFormulier"
woensdag 15 september 2021 23:28:38 - Commandline		: StartAppPool "MercatorNet.RMMain"
woensdag 15 september 2021 23:28:38 - Commandline		: StartAppPool "MercatorNet.WSDeploy_3_0"
woensdag 15 september 2021 23:28:38 - Commandline		: StartAppPool "MercatorNet.WSMain"
woensdag 15 september 2021 23:28:38 - Commandline		: StartAppPool "MercatorNet.WSServices"
woensdag 15 september 2021 23:28:39 - Commandline		: StartAppPool "MercatorNet.WSTariff"
woensdag 15 september 2021 23:28:39 - Commandline		: StartAppPool "MercatorNetBroker.WSDeploy_3_0"
woensdag 15 september 2021 23:28:39 - Commandline		: StartAppPool "MercatorNetBroker.WSMain"
woensdag 15 september 2021 23:28:39 - Commandline		: StartAppPool "MercatorWebSite"
woensdag 15 september 2021 23:28:39 - Commandline		: StartAppPool "MyBaloiseBroker"
woensdag 15 september 2021 23:28:39 - Commandline		: StartAppPool "MyBaloiseInternal"
woensdag 15 september 2021 23:28:40 - Commandline		: StartAppPool "MWebBvb"
woensdag 15 september 2021 23:28:40 - Commandline		: StartAppPool "ScvWebService"
woensdag 15 september 2021 23:28:40 - ================================SVW-BE-WEBFP003.balgroupit.com======================================
woensdag 15 september 2021 23:28:40 - ================================SVW-BE-WEBFP004.balgroupit.com======================================
woensdag 15 september 2021 23:28:43 - Commandline		: DisableWSUSReboot ""
woensdag 15 september 2021 23:28:43 - Commandline		: StartService "World Wide Web Publishing Service"
woensdag 15 september 2021 23:28:43 - Commandline		: StartWebsite "OnlineDocuments"
woensdag 15 september 2021 23:28:43 - Commandline		: StartWebsite "MNet"
woensdag 15 september 2021 23:28:43 - Commandline		: StartWebsite "MWebBvb"
woensdag 15 september 2021 23:28:43 - Commandline		: StartAppPool "DefaultAppPool"
woensdag 15 september 2021 23:28:44 - Commandline		: StartAppPool "ED"
woensdag 15 september 2021 23:28:44 - Commandline		: StartAppPool "EmployeeBenefits"
woensdag 15 september 2021 23:28:44 - Commandline		: StartAppPool "EtlLogViewer"
woensdag 15 september 2021 23:28:44 - Commandline		: StartAppPool "LevenAansluitingsverklaring"
woensdag 15 september 2021 23:28:44 - Commandline		: StartAppPool "LevenWijzigingsFormulier"
woensdag 15 september 2021 23:28:45 - Commandline		: StartAppPool "MercatorNet.RMMain"
woensdag 15 september 2021 23:28:45 - Commandline		: StartAppPool "MercatorNet.WSDeploy_3_0"
woensdag 15 september 2021 23:28:45 - Commandline		: StartAppPool "MercatorNet.WSMain"
woensdag 15 september 2021 23:28:45 - Commandline		: StartAppPool "MercatorNet.WSServices"
woensdag 15 september 2021 23:28:45 - Commandline		: StartAppPool "MercatorNet.WSTariff"
woensdag 15 september 2021 23:28:46 - Commandline		: StartAppPool "MercatorNetBroker.WSDeploy_3_0"
woensdag 15 september 2021 23:28:46 - Commandline		: StartAppPool "MercatorNetBroker.WSMain"
woensdag 15 september 2021 23:28:46 - Commandline		: StartAppPool "MercatorWebSite"
woensdag 15 september 2021 23:28:46 - Commandline		: StartAppPool "MyBaloiseBroker"
woensdag 15 september 2021 23:28:46 - Commandline		: StartAppPool "MyBaloiseInternal"
woensdag 15 september 2021 23:28:46 - Commandline		: StartAppPool "MWebBvb"
woensdag 15 september 2021 23:28:47 - Commandline		: StartAppPool "ScvWebService"
woensdag 15 september 2021 23:28:47 - ================================SVW-BE-WEBFP004.balgroupit.com======================================
woensdag 15 september 2021 23:28:47 - ================================svw-be-bizp001.balgroupit.com======================================
woensdag 15 september 2021 23:28:53 - Commandline		: DisableWSUSReboot ""
woensdag 15 september 2021 23:28:53 - Commandline		: StartService "Mercator Managed File Transfer"
woensdag 15 september 2021 23:28:56 - Commandline		: StartService "Mercator Esb Process Initializer"
woensdag 15 september 2021 23:28:57 - ================================svw-be-bizp001.balgroupit.com======================================
woensdag 15 september 2021 23:28:57 - ================================svw-be-bizp002.balgroupit.com======================================
woensdag 15 september 2021 23:29:58 - Commandline		: DisableWSUSReboot ""
woensdag 15 september 2021 23:29:58 - Commandline		: StartService "Mercator Managed File Transfer"
woensdag 15 september 2021 23:30:01 - Commandline		: StartService "Mercator Esb Process Initializer"
woensdag 15 september 2021 23:30:02 - ================================svw-be-bizp002.balgroupit.com======================================
woensdag 15 september 2021 23:30:03 - ================================svw-be-bizp003.balgroupit.com======================================
woensdag 15 september 2021 23:30:08 - Commandline		: DisableWSUSReboot ""
woensdag 15 september 2021 23:30:09 - Commandline		: StartService "Mercator Managed File Transfer"
woensdag 15 september 2021 23:30:12 - Commandline		: StartService "Mercator Esb Process Initializer"
woensdag 15 september 2021 23:30:13 - ================================svw-be-bizp003.balgroupit.com======================================
woensdag 15 september 2021 23:30:13 - ================================svw-be-bizp004.balgroupit.com======================================
woensdag 15 september 2021 23:30:18 - Commandline		: DisableWSUSReboot ""
woensdag 15 september 2021 23:30:19 - Commandline		: StartService "Mercator Managed File Transfer"
woensdag 15 september 2021 23:30:23 - Commandline		: StartService "Mercator Esb Process Initializer"
woensdag 15 september 2021 23:30:23 - ================================svw-be-bizp004.balgroupit.com======================================
woensdag 15 september 2021 23:30:25 - ================================svw-be-portp01.balgroupit.com======================================
woensdag 15 september 2021 23:30:28 - Commandline		: DisableWSUSReboot ""
woensdag 15 september 2021 23:30:28 - Commandline		: startWebsite "Default Web Site"
woensdag 15 september 2021 23:30:28 - Commandline		: startWebsite "WCI"
woensdag 15 september 2021 23:30:29 - Commandline		: startAppPool "AL2AppPool64v2"
woensdag 15 september 2021 23:30:29 - Commandline		: startAppPool "ALAppPool64v2"
woensdag 15 september 2021 23:30:29 - ================================svw-be-portp01.balgroupit.com======================================
woensdag 15 september 2021 23:30:29 - ================================svw-be-portp03.balgroupit.com======================================
woensdag 15 september 2021 23:30:32 - Commandline		: DisableWSUSReboot ""
woensdag 15 september 2021 23:30:32 - Commandline		: StartService "Mercator.Portal.Scheduler"
woensdag 15 september 2021 23:30:34 - Commandline		: startWebsite "MercatorPortalWebService"
woensdag 15 september 2021 23:30:34 - Commandline		: startWebsite "Default Web Site"
woensdag 15 september 2021 23:30:34 - Commandline		: startWebsite "WCI"
woensdag 15 september 2021 23:30:34 - Commandline		: startAppPool "Pool2"
woensdag 15 september 2021 23:30:34 - Commandline		: startAppPool "Mercator.Portal.Portlets"
woensdag 15 september 2021 23:30:35 - Commandline		: startAppPool "Mercator.Portal.WebService"
woensdag 15 september 2021 23:30:35 - Commandline		: startAppPool "PortalASP"
woensdag 15 september 2021 23:30:35 - Commandline		: startAppPool "ALAppPool64v2"
woensdag 15 september 2021 23:30:35 - ================================svw-be-portp03.balgroupit.com======================================
woensdag 15 september 2021 23:30:35 - ================================svw-be-babsp001.balgroupit.com======================================
woensdag 15 september 2021 23:30:38 - Commandline		: DisableWSUSReboot ""
woensdag 15 september 2021 23:30:38 - ================================svw-be-babsp001.balgroupit.com======================================
woensdag 15 september 2021 23:30:38 - ================================svw-be-babsp002.balgroupit.com======================================
woensdag 15 september 2021 23:30:41 - Commandline		: DisableWSUSReboot ""
woensdag 15 september 2021 23:30:41 - ================================svw-be-babsp002.balgroupit.com======================================
woensdag 15 september 2021 23:30:41 - ================================svw-be-babbp001.balgroupit.com======================================
woensdag 15 september 2021 23:30:42 - Commandline		: DisableWSUSReboot ""
woensdag 15 september 2021 23:30:42 - Commandline		: StartService "Baloise BaloiseBackendBatch"
woensdag 15 september 2021 23:30:47 - ================================svw-be-babbp001.balgroupit.com======================================
woensdag 15 september 2021 23:30:47 - ================================svw-be-babbp002.balgroupit.com======================================
woensdag 15 september 2021 23:30:48 - Commandline		: DisableWSUSReboot ""
woensdag 15 september 2021 23:30:49 - Commandline		: StartService "Baloise BaloiseBackendBatch"
woensdag 15 september 2021 23:30:54 - ================================svw-be-babbp002.balgroupit.com======================================
woensdag 15 september 2021 23:30:54 - ================================svw-be-mftp001.balgroupit.com======================================
woensdag 15 september 2021 23:30:56 - Commandline		: DisableWSUSReboot ""
woensdag 15 september 2021 23:30:56 - Commandline		: StartService "Mercator Managed File Transfer"
woensdag 15 september 2021 23:31:01 - ================================svw-be-mftp001.balgroupit.com======================================
woensdag 15 september 2021 23:31:01 - ================================svw-be-mftp002.balgroupit.com======================================
woensdag 15 september 2021 23:31:02 - Commandline		: DisableWSUSReboot ""
woensdag 15 september 2021 23:31:02 - Commandline		: StartService "Mercator Managed File Transfer"
woensdag 15 september 2021 23:31:07 - ================================svw-be-mftp002.balgroupit.com======================================
woensdag 15 september 2021 23:31:07 - ================================svw-be-testp001.balgroupit.com======================================
woensdag 15 september 2021 23:31:08 -  svw-be-testp001.balgroupit.com remote session could not be created.
woensdag 15 september 2021 23:31:08 - ================================svw-be-testp001.balgroupit.com======================================
woensdag 15 september 2021 23:31:08 - ================================svw-be-testp002.balgroupit.com======================================
woensdag 15 september 2021 23:31:08 -  svw-be-testp002.balgroupit.com remote session could not be created.
woensdag 15 september 2021 23:31:08 - ================================svw-be-testp002.balgroupit.com======================================
