zaterdag 9 januari 2021 12:00:57 - READING XML File :  \\balgroupit.com\appl_data\BBE\Transfer\Packages\Scripts\WSUS\Pcorp\Pcorp_Stop_All.xml
zaterdag 9 januari 2021 12:00:58 - 
zaterdag 9 januari 2021 12:00:59 - ================================svw-be-eaip01.balgroupit.com======================================
zaterdag 9 januari 2021 12:01:00 - Commandline		: StopService "mercator.eai.docservice"
zaterdag 9 januari 2021 12:01:01 - Commandline		: StopProcess "dllhost.exe"
zaterdag 9 januari 2021 12:01:01 - Commandline		: StopProcess "winword.exe"
zaterdag 9 januari 2021 12:01:01 - Commandline		: EnableWSUSReboot ""
zaterdag 9 januari 2021 12:01:01 - ================================svw-be-eaip01.balgroupit.com======================================
zaterdag 9 januari 2021 12:01:02 - ================================svw-be-eaip04.balgroupit.com======================================
zaterdag 9 januari 2021 12:01:03 - Commandline		: StopService "mercator.eai.docservice"
zaterdag 9 januari 2021 12:01:04 - Commandline		: StopProcess "dllhost.exe"
zaterdag 9 januari 2021 12:01:04 - Commandline		: StopProcess "winword.exe"
zaterdag 9 januari 2021 12:01:04 - Commandline		: EnableWSUSReboot ""
zaterdag 9 januari 2021 12:01:04 - ================================svw-be-eaip04.balgroupit.com======================================
zaterdag 9 januari 2021 12:01:05 - ================================svw-be-eaip05.balgroupit.com======================================
zaterdag 9 januari 2021 12:01:07 - Commandline		: StopService "mercator.eai.docservice"
zaterdag 9 januari 2021 12:01:07 - Commandline		: StopProcess "dllhost.exe"
zaterdag 9 januari 2021 12:01:07 - Commandline		: StopProcess "winword.exe"
zaterdag 9 januari 2021 12:01:07 - Commandline		: EnableWSUSReboot ""
zaterdag 9 januari 2021 12:01:07 - ================================svw-be-eaip05.balgroupit.com======================================
zaterdag 9 januari 2021 12:01:08 - ================================svw-be-webp02.balgroupit.com======================================
zaterdag 9 januari 2021 12:01:16 - Commandline		: StopWebsite "DmsDataRepository"
zaterdag 9 januari 2021 12:01:16 - Commandline		: StopWebsite "MNet"
zaterdag 9 januari 2021 12:01:16 - Commandline		: StopAppPool "DefaultAppPool"
zaterdag 9 januari 2021 12:01:16 - Commandline		: StopAppPool "WSDMS"
zaterdag 9 januari 2021 12:01:16 - Commandline		: StopAppPool "WSDmsDataRepository"
zaterdag 9 januari 2021 12:01:16 - Commandline		: StopAppPool "BaloiseBackend"
zaterdag 9 januari 2021 12:01:16 - Commandline		: StopAppPool "CDS"
zaterdag 9 januari 2021 12:01:16 - Commandline		: StopAppPool "MercatorNet.BoServices"
zaterdag 9 januari 2021 12:01:16 - Commandline		: StopAppPool "Mercator.Portima.Monitoring"
zaterdag 9 januari 2021 12:01:16 - Commandline		: StopAppPool "Mercator.Portima"
zaterdag 9 januari 2021 12:01:17 - Commandline		: StopAppPool "Mercator.Eai.Tools.Wsc"
zaterdag 9 januari 2021 12:01:17 - Commandline		: StopAppPool "Mercator.EAI.Framework.WebServices"
zaterdag 9 januari 2021 12:01:17 - Commandline		: StopService "World Wide Web Publishing Service"
zaterdag 9 januari 2021 12:01:17 - Commandline		: StopService "Baloise BaloiseBackendBatch"
zaterdag 9 januari 2021 12:01:17 - Commandline		: StopService "Baloise CentralDataStore"
zaterdag 9 januari 2021 12:01:17 - Commandline		: StopService "Baloise SyncTaskToDMS"
zaterdag 9 januari 2021 12:01:17 - Commandline		: StopService "Mercator DMS Bulk Insert"
zaterdag 9 januari 2021 12:01:17 - Commandline		: StopService "Mercator DMS Import Portima Attachments"
zaterdag 9 januari 2021 12:01:18 - Commandline		: StopService "Mercator DMS MailImport Service"
zaterdag 9 januari 2021 12:01:18 - Commandline		: StopService "Mercator Xpim Document Store"
zaterdag 9 januari 2021 12:01:18 - Commandline		: StopService "Mercator Document Store"
zaterdag 9 januari 2021 12:01:18 - Commandline		: StopService "Mercator Document Store"
zaterdag 9 januari 2021 12:01:18 - Commandline		: StopService "Mercator Document Management System Service"
zaterdag 9 januari 2021 12:01:18 - Commandline		: StopService "Mercator Document Management System Async Service"
zaterdag 9 januari 2021 12:01:18 - Commandline		: StopService "Mercator Document Management System Batch Avero Service"
zaterdag 9 januari 2021 12:01:18 - Commandline		: StopService "Mercator DMS Pdf Conversion Call"
zaterdag 9 januari 2021 12:01:18 - Commandline		: StopService "MercatorNET SCV Batch Service"
zaterdag 9 januari 2021 12:01:18 - Commandline		: StopService "Mercator Organization Data"
zaterdag 9 januari 2021 12:01:19 - Commandline		: StopService "Mercator Document Generation"
zaterdag 9 januari 2021 12:01:19 - Commandline		: StopService "Mercator Document Delivery"
zaterdag 9 januari 2021 12:01:19 - Commandline		: StopService "Steria's Dispatcher Service"
zaterdag 9 januari 2021 12:01:19 - Commandline		: StopService "Mercator.Integration.EAI.3.9.Listener"
zaterdag 9 januari 2021 12:01:19 - Commandline		: RemoveDirectory "C:\WINDOWS\Microsoft.NET\Framework\v4.0.30319\Temporary ASP.NET Files\cds"
zaterdag 9 januari 2021 12:01:19 - Commandline		: RemoveDirectory "C:\WINDOWS\Microsoft.NET\Framework\v2.0.50727\Temporary ASP.NET Files\mercatornet.boservices"
zaterdag 9 januari 2021 12:01:19 - Commandline		: RemoveDirectory "C:\WINDOWS\Microsoft.NET\Framework\v2.0.50727\Temporary ASP.NET Files\mercator.eai.framework.webservices"
zaterdag 9 januari 2021 12:01:19 - Commandline		: RemoveDirectory "C:\WINDOWS\Microsoft.NET\Framework\v2.0.50727\Temporary ASP.NET Files\mercator.eai.tools.wsc"
zaterdag 9 januari 2021 12:01:20 - Commandline		: RemoveDirectory "C:\WINDOWS\Microsoft.NET\Framework\v2.0.50727\Temporary ASP.NET Files\Mercator.Portima.Monitoring"
zaterdag 9 januari 2021 12:01:20 - Commandline		: RemoveDirectory "C:\WINDOWS\Microsoft.NET\Framework\v2.0.50727\Temporary ASP.NET Files\Mercator.Portima"
zaterdag 9 januari 2021 12:01:20 - Commandline		: RemoveDirectory "C:\WINDOWS\Microsoft.NET\Framework\v2.0.50727\Temporary ASP.NET Files\WSDMS"
zaterdag 9 januari 2021 12:01:20 - Commandline		: RemoveDirectory "C:\WINDOWS\Microsoft.NET\Framework\v2.0.50727\Temporary ASP.NET Files\wsdmsdatarepository"
zaterdag 9 januari 2021 12:01:20 - Commandline		: EnableWSUSReboot ""
zaterdag 9 januari 2021 12:01:20 - ================================svw-be-webp02.balgroupit.com======================================
zaterdag 9 januari 2021 12:01:20 - ================================svw-be-webp03.balgroupit.com======================================
zaterdag 9 januari 2021 12:01:27 - Commandline		: StopWebsite "DmsDataRepository"
zaterdag 9 januari 2021 12:01:27 - Commandline		: StopWebsite "MNet"
zaterdag 9 januari 2021 12:01:28 - Commandline		: StopAppPool "MNet"
zaterdag 9 januari 2021 12:01:28 - Commandline		: StopAppPool "DefaultAppPool"
zaterdag 9 januari 2021 12:01:28 - Commandline		: StopAppPool "WSDMS"
zaterdag 9 januari 2021 12:01:28 - Commandline		: StopAppPool "WSDmsDataRepository"
zaterdag 9 januari 2021 12:01:28 - Commandline		: StopAppPool "BaloiseBackend"
zaterdag 9 januari 2021 12:01:28 - Commandline		: StopAppPool "CDS"
zaterdag 9 januari 2021 12:01:28 - Commandline		: StopAppPool "MercatorNet.BoServices"
zaterdag 9 januari 2021 12:01:28 - Commandline		: StopAppPool "Mercator.Portima.Monitoring"
zaterdag 9 januari 2021 12:01:28 - Commandline		: StopAppPool "Mercator.Portima"
zaterdag 9 januari 2021 12:01:28 - Commandline		: StopAppPool "Mercator.Eai.Tools.Wsc"
zaterdag 9 januari 2021 12:01:28 - Commandline		: StopAppPool "Mercator.EAI.Framework.WebServices"
zaterdag 9 januari 2021 12:01:28 - Commandline		: StopService "World Wide Web Publishing Service"
zaterdag 9 januari 2021 12:01:28 - Commandline		: StopService "Baloise Backend"
zaterdag 9 januari 2021 12:01:28 - Commandline		: StopService "Baloise Central Data Store"
zaterdag 9 januari 2021 12:01:28 - Commandline		: StopService "Baloise SyncTaskToDMS"
zaterdag 9 januari 2021 12:01:29 - Commandline		: StopService "Mercator DMS Bulk Insert"
zaterdag 9 januari 2021 12:01:29 - Commandline		: StopService "Mercator DMS Import Portima Attachments"
zaterdag 9 januari 2021 12:01:29 - Commandline		: StopService "Mercator DMS MailImport Service"
zaterdag 9 januari 2021 12:01:30 - Commandline		: StopService "Mercator Xpim Document Store"
zaterdag 9 januari 2021 12:01:30 - Commandline		: StopService "Mercator Document Store"
zaterdag 9 januari 2021 12:01:30 - Commandline		: StopService "BaloiseDmsBatchService"
zaterdag 9 januari 2021 12:01:30 - Commandline		: StopService "Mercator Document Management System Service"
zaterdag 9 januari 2021 12:01:30 - Commandline		: StopService "Mercator Document Management System Async Service"
zaterdag 9 januari 2021 12:01:30 - Commandline		: StopService "Mercator Document Management System Batch Avero Service"
zaterdag 9 januari 2021 12:01:31 - Commandline		: StopService "Mercator DMS Pdf Conversion Call"
zaterdag 9 januari 2021 12:01:31 - Commandline		: StopService "MercatorNET SCV Batch Service"
zaterdag 9 januari 2021 12:01:31 - Commandline		: StopService "Mercator Organization Data"
zaterdag 9 januari 2021 12:01:31 - Commandline		: StopService "Mercator Document Generation"
zaterdag 9 januari 2021 12:01:31 - Commandline		: StopService "Mercator Document Delivery"
zaterdag 9 januari 2021 12:01:31 - Commandline		: StopService "Steria's Dispatcher Service"
zaterdag 9 januari 2021 12:01:32 - Commandline		: StopService "Mercator.Integration.EAI.3.9.Listener"
zaterdag 9 januari 2021 12:01:32 - Commandline		: RemoveDirectory "C:\WINDOWS\Microsoft.NET\Framework\v4.0.30319\Temporary ASP.NET Files\cds"
zaterdag 9 januari 2021 12:01:32 - Commandline		: RemoveDirectory "C:\WINDOWS\Microsoft.NET\Framework\v2.0.50727\Temporary ASP.NET Files\mercatornet.boservices"
zaterdag 9 januari 2021 12:01:32 - Commandline		: RemoveDirectory "C:\WINDOWS\Microsoft.NET\Framework\v2.0.50727\Temporary ASP.NET Files\mercator.eai.framework.webservices"
zaterdag 9 januari 2021 12:01:32 - Commandline		: RemoveDirectory "C:\WINDOWS\Microsoft.NET\Framework\v2.0.50727\Temporary ASP.NET Files\mercator.eai.tools.wsc"
zaterdag 9 januari 2021 12:01:32 - Commandline		: RemoveDirectory "C:\WINDOWS\Microsoft.NET\Framework\v2.0.50727\Temporary ASP.NET Files\Mercator.Portima.Monitoring"
zaterdag 9 januari 2021 12:01:32 - Commandline		: RemoveDirectory "C:\WINDOWS\Microsoft.NET\Framework\v2.0.50727\Temporary ASP.NET Files\Mercator.Portima"
zaterdag 9 januari 2021 12:01:32 - Commandline		: RemoveDirectory "C:\WINDOWS\Microsoft.NET\Framework\v2.0.50727\Temporary ASP.NET Files\WSDMS"
zaterdag 9 januari 2021 12:01:32 - Commandline		: RemoveDirectory "C:\WINDOWS\Microsoft.NET\Framework\v2.0.50727\Temporary ASP.NET Files\wsdmsdatarepository"
zaterdag 9 januari 2021 12:01:32 - Commandline		: EnableWSUSReboot ""
zaterdag 9 januari 2021 12:01:32 - ================================svw-be-webp03.balgroupit.com======================================
zaterdag 9 januari 2021 12:01:34 - ================================svw-be-signp001.balgroupit.com======================================
zaterdag 9 januari 2021 12:01:35 - Commandline		: StopService "Portima BrokerSign"
zaterdag 9 januari 2021 12:01:35 - ================================svw-be-signp001.balgroupit.com======================================
zaterdag 9 januari 2021 12:01:36 - ================================shw-me-pweb06.balgroupit.com======================================
zaterdag 9 januari 2021 12:01:44 - Commandline		: StopAppPool "DefaultAppPool"
zaterdag 9 januari 2021 12:01:44 - Commandline		: StopAppPool "ED"
zaterdag 9 januari 2021 12:01:44 - Commandline		: StopAppPool "EmployeeBenefits"
zaterdag 9 januari 2021 12:01:44 - Commandline		: StopAppPool "EtlLogViewer"
zaterdag 9 januari 2021 12:01:44 - Commandline		: StopAppPool "LevenAansluitingsverklaring"
zaterdag 9 januari 2021 12:01:44 - Commandline		: StopAppPool "LevenWijzigingsFormulier"
zaterdag 9 januari 2021 12:01:44 - Commandline		: StopAppPool "MercatorNet.RMMain"
zaterdag 9 januari 2021 12:01:44 - Commandline		: StopAppPool "MercatorNet.WSDeploy_3_0"
zaterdag 9 januari 2021 12:01:44 - Commandline		: StopAppPool "MercatorNet.WSMain"
zaterdag 9 januari 2021 12:01:44 - Commandline		: StopAppPool "MercatorNet.WSServices"
zaterdag 9 januari 2021 12:01:44 - Commandline		: StopAppPool "MercatorNet.WSTariff"
zaterdag 9 januari 2021 12:01:44 - Commandline		: StopAppPool "MercatorNetBroker.WSDeploy_3_0"
zaterdag 9 januari 2021 12:01:45 - Commandline		: StopAppPool "MercatorNetBroker.WSMain"
zaterdag 9 januari 2021 12:01:45 - Commandline		: StopAppPool "MercatorWebSite"
zaterdag 9 januari 2021 12:01:45 - Commandline		: StopAppPool "MyBaloiseBroker"
zaterdag 9 januari 2021 12:01:45 - Commandline		: StopAppPool "MWebBvb"
zaterdag 9 januari 2021 12:01:45 - Commandline		: StopAppPool "ScvWebService"
zaterdag 9 januari 2021 12:01:45 - Commandline		: StopWebsite "OnlineDocuments"
zaterdag 9 januari 2021 12:01:45 - Commandline		: StopWebsite "MNet"
zaterdag 9 januari 2021 12:01:45 - Commandline		: StopWebsite "MWebBvb"
zaterdag 9 januari 2021 12:01:45 - Commandline		: StopService "World Wide Web Publishing Service"
zaterdag 9 januari 2021 12:01:45 - Commandline		: RemoveDirectory "C:\WINDOWS\Microsoft.NET\Framework\v2.0.50727\Temporary ASP.NET Files\levenaansluitingsverklaring"
zaterdag 9 januari 2021 12:01:45 - Commandline		: RemoveDirectory "C:\WINDOWS\Microsoft.NET\Framework\v2.0.50727\Temporary ASP.NET Files\levenwijzigingsformulier"
zaterdag 9 januari 2021 12:01:45 - Commandline		: RemoveDirectory "C:\WINDOWS\Microsoft.NET\Framework\v2.0.50727\Temporary ASP.NET Files\ed"
zaterdag 9 januari 2021 12:01:45 - Commandline		: RemoveDirectory "C:\WINDOWS\Microsoft.NET\Framework\v2.0.50727\Temporary ASP.NET Files\mercatornet.rmmain"
zaterdag 9 januari 2021 12:01:45 - Commandline		: RemoveDirectory "C:\WINDOWS\Microsoft.NET\Framework\v2.0.50727\Temporary ASP.NET Files\mercatornet.wsdeploy_3_0"
zaterdag 9 januari 2021 12:01:45 - Commandline		: RemoveDirectory "C:\WINDOWS\Microsoft.NET\Framework\v2.0.50727\Temporary ASP.NET Files\mercatornet.wsmain"
zaterdag 9 januari 2021 12:01:45 - Commandline		: RemoveDirectory "C:\WINDOWS\Microsoft.NET\Framework\v2.0.50727\Temporary ASP.NET Files\mercatornet.wsservices"
zaterdag 9 januari 2021 12:01:45 - Commandline		: RemoveDirectory "C:\WINDOWS\Microsoft.NET\Framework\v2.0.50727\Temporary ASP.NET Files\mercatornet.wstariff"
zaterdag 9 januari 2021 12:01:45 - Commandline		: RemoveDirectory "C:\WINDOWS\Microsoft.NET\Framework\v2.0.50727\Temporary ASP.NET Files\mercatornetbroker.wsdeploy_3_0"
zaterdag 9 januari 2021 12:01:46 - Commandline		: RemoveDirectory "C:\WINDOWS\Microsoft.NET\Framework\v2.0.50727\Temporary ASP.NET Files\mercatornetbroker.wsmain"
zaterdag 9 januari 2021 12:01:46 - Commandline		: RemoveDirectory "C:\WINDOWS\Microsoft.NET\Framework\v2.0.50727\Temporary ASP.NET Files\mercatornethelppages"
zaterdag 9 januari 2021 12:01:46 - Commandline		: RemoveDirectory "C:\WINDOWS\Microsoft.NET\Framework\v2.0.50727\Temporary ASP.NET Files\scvwebservice"
zaterdag 9 januari 2021 12:01:46 - Commandline		: EnableWSUSReboot ""
zaterdag 9 januari 2021 12:01:46 - ================================shw-me-pweb06.balgroupit.com======================================
zaterdag 9 januari 2021 12:01:46 - ================================shw-me-pweb56.balgroupit.com======================================
zaterdag 9 januari 2021 12:01:54 - Commandline		: StopAppPool "DefaultAppPool"
zaterdag 9 januari 2021 12:01:54 - Commandline		: StopAppPool "ED"
zaterdag 9 januari 2021 12:01:54 - Commandline		: StopAppPool "EmployeeBenefits"
zaterdag 9 januari 2021 12:01:54 - Commandline		: StopAppPool "EtlLogViewer"
zaterdag 9 januari 2021 12:01:54 - Commandline		: StopAppPool "LevenAansluitingsverklaring"
zaterdag 9 januari 2021 12:01:54 - Commandline		: StopAppPool "LevenWijzigingsFormulier"
zaterdag 9 januari 2021 12:01:54 - Commandline		: StopAppPool "MercatorNet.RMMain"
zaterdag 9 januari 2021 12:01:54 - Commandline		: StopAppPool "MercatorNet.WSDeploy_3_0"
zaterdag 9 januari 2021 12:01:54 - Commandline		: StopAppPool "MercatorNet.WSMain"
zaterdag 9 januari 2021 12:01:54 - Commandline		: StopAppPool "MercatorNet.WSServices"
zaterdag 9 januari 2021 12:01:54 - Commandline		: StopAppPool "MercatorNet.WSTariff"
zaterdag 9 januari 2021 12:01:54 - Commandline		: StopAppPool "MercatorNetBroker.WSDeploy_3_0"
zaterdag 9 januari 2021 12:01:55 - Commandline		: StopAppPool "MercatorNetBroker.WSMain"
zaterdag 9 januari 2021 12:01:55 - Commandline		: StopAppPool "MercatorWebSite"
zaterdag 9 januari 2021 12:01:55 - Commandline		: StopAppPool "MyBaloiseBroker"
zaterdag 9 januari 2021 12:01:55 - Commandline		: StopAppPool "MWebBvb"
zaterdag 9 januari 2021 12:01:55 - Commandline		: StopAppPool "ScvWebService"
zaterdag 9 januari 2021 12:01:55 - Commandline		: StopWebsite "OnlineDocuments"
zaterdag 9 januari 2021 12:01:55 - Commandline		: StopWebsite "MNet"
zaterdag 9 januari 2021 12:01:55 - Commandline		: StopWebsite "MWebBvb"
zaterdag 9 januari 2021 12:01:55 - Commandline		: StopService "World Wide Web Publishing Service"
zaterdag 9 januari 2021 12:01:55 - Commandline		: RemoveDirectory "C:\WINDOWS\Microsoft.NET\Framework\v2.0.50727\Temporary ASP.NET Files\levenaansluitingsverklaring"
zaterdag 9 januari 2021 12:01:55 - Commandline		: RemoveDirectory "C:\WINDOWS\Microsoft.NET\Framework\v2.0.50727\Temporary ASP.NET Files\levenwijzigingsformulier"
zaterdag 9 januari 2021 12:01:55 - Commandline		: RemoveDirectory "C:\WINDOWS\Microsoft.NET\Framework\v2.0.50727\Temporary ASP.NET Files\ed"
zaterdag 9 januari 2021 12:01:55 - Commandline		: RemoveDirectory "C:\WINDOWS\Microsoft.NET\Framework\v2.0.50727\Temporary ASP.NET Files\mercatornet.rmmain"
zaterdag 9 januari 2021 12:01:55 - Commandline		: RemoveDirectory "C:\WINDOWS\Microsoft.NET\Framework\v2.0.50727\Temporary ASP.NET Files\mercatornet.wsdeploy_3_0"
zaterdag 9 januari 2021 12:01:55 - Commandline		: RemoveDirectory "C:\WINDOWS\Microsoft.NET\Framework\v2.0.50727\Temporary ASP.NET Files\mercatornet.wsmain"
zaterdag 9 januari 2021 12:01:55 - Commandline		: RemoveDirectory "C:\WINDOWS\Microsoft.NET\Framework\v2.0.50727\Temporary ASP.NET Files\mercatornet.wsservices"
zaterdag 9 januari 2021 12:01:55 - Commandline		: RemoveDirectory "C:\WINDOWS\Microsoft.NET\Framework\v2.0.50727\Temporary ASP.NET Files\mercatornet.wstariff"
zaterdag 9 januari 2021 12:01:56 - Commandline		: RemoveDirectory "C:\WINDOWS\Microsoft.NET\Framework\v2.0.50727\Temporary ASP.NET Files\mercatornetbroker.wsdeploy_3_0"
zaterdag 9 januari 2021 12:01:56 - Commandline		: RemoveDirectory "C:\WINDOWS\Microsoft.NET\Framework\v2.0.50727\Temporary ASP.NET Files\mercatornetbroker.wsmain"
zaterdag 9 januari 2021 12:01:56 - Commandline		: RemoveDirectory "C:\WINDOWS\Microsoft.NET\Framework\v2.0.50727\Temporary ASP.NET Files\mercatornethelppages"
zaterdag 9 januari 2021 12:01:56 - Commandline		: RemoveDirectory "C:\WINDOWS\Microsoft.NET\Framework\v2.0.50727\Temporary ASP.NET Files\scvwebservice"
zaterdag 9 januari 2021 12:01:56 - Commandline		: EnableWSUSReboot ""
zaterdag 9 januari 2021 12:01:56 - ================================shw-me-pweb56.balgroupit.com======================================
zaterdag 9 januari 2021 12:01:57 - ================================svw-be-adlibp01.balgroupit.com======================================
zaterdag 9 januari 2021 12:02:04 - Commandline		: EnableWSUSReboot ""
zaterdag 9 januari 2021 12:02:04 - ================================svw-be-adlibp01.balgroupit.com======================================
zaterdag 9 januari 2021 12:02:05 - ================================svw-be-adlibp02.balgroupit.com======================================
zaterdag 9 januari 2021 12:02:06 - Commandline		: EnableWSUSReboot ""
zaterdag 9 januari 2021 12:02:06 - ================================svw-be-adlibp02.balgroupit.com======================================
zaterdag 9 januari 2021 12:02:07 - ================================svw-be-adlibp03.balgroupit.com======================================
zaterdag 9 januari 2021 12:02:15 - Commandline		: EnableWSUSReboot ""
zaterdag 9 januari 2021 12:02:15 - ================================svw-be-adlibp03.balgroupit.com======================================
zaterdag 9 januari 2021 12:02:16 - ================================svw-be-adlibp04.balgroupit.com======================================
zaterdag 9 januari 2021 12:02:17 - Commandline		: EnableWSUSReboot ""
zaterdag 9 januari 2021 12:02:17 - ================================svw-be-adlibp04.balgroupit.com======================================
zaterdag 9 januari 2021 12:02:18 - ================================svw-be-adlibp05.balgroupit.com======================================
zaterdag 9 januari 2021 12:02:23 - Commandline		: EnableWSUSReboot ""
zaterdag 9 januari 2021 12:02:23 - ================================svw-be-adlibp05.balgroupit.com======================================
zaterdag 9 januari 2021 12:02:24 - ================================svw-be-adlibp06.balgroupit.com======================================
zaterdag 9 januari 2021 12:02:28 - Commandline		: EnableWSUSReboot ""
zaterdag 9 januari 2021 12:02:29 - ================================svw-be-adlibp06.balgroupit.com======================================
zaterdag 9 januari 2021 12:02:30 - ================================svw-be-adlibp07.balgroupit.com======================================
zaterdag 9 januari 2021 12:02:34 - Commandline		: EnableWSUSReboot ""
zaterdag 9 januari 2021 12:02:34 - ================================svw-be-adlibp07.balgroupit.com======================================
zaterdag 9 januari 2021 12:02:35 - ================================svw-be-dmsp001.balgroupit.com======================================
zaterdag 9 januari 2021 12:02:42 - Commandline		: EnableWSUSReboot ""
zaterdag 9 januari 2021 12:02:42 - ================================svw-be-dmsp001.balgroupit.com======================================
zaterdag 9 januari 2021 12:02:43 - ================================svw-be-dmsp002.balgroupit.com======================================
zaterdag 9 januari 2021 12:02:51 - Commandline		: EnableWSUSReboot ""
zaterdag 9 januari 2021 12:02:51 - ================================svw-be-dmsp002.balgroupit.com======================================
zaterdag 9 januari 2021 12:02:52 - ================================svw-be-dmsp03.balgroupit.com======================================
zaterdag 9 januari 2021 12:03:00 - Commandline		: EnableWSUSReboot ""
zaterdag 9 januari 2021 12:03:00 - Commandline		: StopService "Execute360 Archive Manager"
zaterdag 9 januari 2021 12:03:11 - ================================svw-be-dmsp03.balgroupit.com======================================
zaterdag 9 januari 2021 12:03:12 - ================================dms-bp01.balgroupit.com======================================
zaterdag 9 januari 2021 12:03:13 - Commandline		: EnableWSUSReboot ""
zaterdag 9 januari 2021 12:03:13 - ================================dms-bp01.balgroupit.com======================================
zaterdag 9 januari 2021 12:03:14 - ================================dms-bp01-file.balgroupit.com======================================
zaterdag 9 januari 2021 12:03:15 - Commandline		: EnableWSUSReboot ""
zaterdag 9 januari 2021 12:03:15 - ================================dms-bp01-file.balgroupit.com======================================
zaterdag 9 januari 2021 12:03:16 - ================================dms-bp01-g360.balgroupit.com======================================
zaterdag 9 januari 2021 12:03:17 - Commandline		: EnableWSUSReboot ""
zaterdag 9 januari 2021 12:03:17 - ================================dms-bp01-g360.balgroupit.com======================================
zaterdag 9 januari 2021 12:03:18 - ================================SVW-BE-WEBFP001.balgroupit.com======================================
zaterdag 9 januari 2021 12:03:25 - Commandline		: StopAppPool "DefaultAppPool"
zaterdag 9 januari 2021 12:03:25 - Commandline		: StopAppPool "ED"
zaterdag 9 januari 2021 12:03:25 - Commandline		: StopAppPool "EmployeeBenefits"
zaterdag 9 januari 2021 12:03:26 - Commandline		: StopAppPool "EtlLogViewer"
zaterdag 9 januari 2021 12:03:26 - Commandline		: StopAppPool "LevenAansluitingsverklaring"
zaterdag 9 januari 2021 12:03:26 - Commandline		: StopAppPool "LevenWijzigingsFormulier"
zaterdag 9 januari 2021 12:03:26 - Commandline		: StopAppPool "MercatorNet.RMMain"
zaterdag 9 januari 2021 12:03:26 - Commandline		: StopAppPool "MercatorNet.WSDeploy_3_0"
zaterdag 9 januari 2021 12:03:26 - Commandline		: StopAppPool "MercatorNet.WSMain"
zaterdag 9 januari 2021 12:03:26 - Commandline		: StopAppPool "MercatorNet.WSServices"
zaterdag 9 januari 2021 12:03:26 - Commandline		: StopAppPool "MercatorNet.WSTariff"
zaterdag 9 januari 2021 12:03:26 - Commandline		: StopAppPool "MercatorNetBroker.WSDeploy_3_0"
zaterdag 9 januari 2021 12:03:26 - Commandline		: StopAppPool "MercatorNetBroker.WSMain"
zaterdag 9 januari 2021 12:03:26 - Commandline		: StopAppPool "MercatorWebSite"
zaterdag 9 januari 2021 12:03:26 - Commandline		: StopAppPool "MyBaloiseBroker"
zaterdag 9 januari 2021 12:03:26 - Commandline		: StopAppPool "MyBaloiseInternal"
zaterdag 9 januari 2021 12:03:27 - Commandline		: StopAppPool "MWebBvb"
zaterdag 9 januari 2021 12:03:27 - Commandline		: StopAppPool "ScvWebService"
zaterdag 9 januari 2021 12:03:27 - Commandline		: StopWebsite "OnlineDocuments"
zaterdag 9 januari 2021 12:03:27 - Commandline		: StopWebsite "MNet"
zaterdag 9 januari 2021 12:03:27 - Commandline		: StopWebsite "MWebBvb"
zaterdag 9 januari 2021 12:03:27 - Commandline		: StopService "World Wide Web Publishing Service"
zaterdag 9 januari 2021 12:03:27 - Commandline		: RemoveDirectory "C:\WINDOWS\Microsoft.NET\Framework\v2.0.50727\Temporary ASP.NET Files\levenaansluitingsverklaring"
zaterdag 9 januari 2021 12:03:27 - Commandline		: RemoveDirectory "C:\WINDOWS\Microsoft.NET\Framework\v2.0.50727\Temporary ASP.NET Files\levenwijzigingsformulier"
zaterdag 9 januari 2021 12:03:27 - Commandline		: RemoveDirectory "C:\WINDOWS\Microsoft.NET\Framework\v2.0.50727\Temporary ASP.NET Files\ed"
zaterdag 9 januari 2021 12:03:27 - Commandline		: RemoveDirectory "C:\WINDOWS\Microsoft.NET\Framework\v2.0.50727\Temporary ASP.NET Files\mercatornet.rmmain"
zaterdag 9 januari 2021 12:03:27 - Commandline		: RemoveDirectory "C:\WINDOWS\Microsoft.NET\Framework\v2.0.50727\Temporary ASP.NET Files\mercatornet.wsdeploy_3_0"
zaterdag 9 januari 2021 12:03:27 - Commandline		: RemoveDirectory "C:\WINDOWS\Microsoft.NET\Framework\v2.0.50727\Temporary ASP.NET Files\mercatornet.wsmain"
zaterdag 9 januari 2021 12:03:27 - Commandline		: RemoveDirectory "C:\WINDOWS\Microsoft.NET\Framework\v2.0.50727\Temporary ASP.NET Files\mercatornet.wsservices"
zaterdag 9 januari 2021 12:03:27 - Commandline		: RemoveDirectory "C:\WINDOWS\Microsoft.NET\Framework\v2.0.50727\Temporary ASP.NET Files\mercatornet.wstariff"
zaterdag 9 januari 2021 12:03:27 - Commandline		: RemoveDirectory "C:\WINDOWS\Microsoft.NET\Framework\v2.0.50727\Temporary ASP.NET Files\mercatornetbroker.wsdeploy_3_0"
zaterdag 9 januari 2021 12:03:27 - Commandline		: RemoveDirectory "C:\WINDOWS\Microsoft.NET\Framework\v2.0.50727\Temporary ASP.NET Files\mercatornetbroker.wsmain"
zaterdag 9 januari 2021 12:03:27 - Commandline		: RemoveDirectory "C:\WINDOWS\Microsoft.NET\Framework\v2.0.50727\Temporary ASP.NET Files\mercatornethelppages"
zaterdag 9 januari 2021 12:03:27 - Commandline		: RemoveDirectory "C:\WINDOWS\Microsoft.NET\Framework\v2.0.50727\Temporary ASP.NET Files\scvwebservice"
zaterdag 9 januari 2021 12:03:27 - Commandline		: EnableWSUSReboot ""
zaterdag 9 januari 2021 12:03:28 - ================================SVW-BE-WEBFP001.balgroupit.com======================================
zaterdag 9 januari 2021 12:03:29 - ================================SVW-BE-WEBFP002.balgroupit.com======================================
zaterdag 9 januari 2021 12:03:36 - Commandline		: StopAppPool "DefaultAppPool"
zaterdag 9 januari 2021 12:03:36 - Commandline		: StopAppPool "ED"
zaterdag 9 januari 2021 12:03:36 - Commandline		: StopAppPool "EmployeeBenefits"
zaterdag 9 januari 2021 12:03:36 - Commandline		: StopAppPool "EtlLogViewer"
zaterdag 9 januari 2021 12:03:36 - Commandline		: StopAppPool "LevenAansluitingsverklaring"
zaterdag 9 januari 2021 12:03:37 - Commandline		: StopAppPool "LevenWijzigingsFormulier"
zaterdag 9 januari 2021 12:03:37 - Commandline		: StopAppPool "MercatorNet.RMMain"
zaterdag 9 januari 2021 12:03:37 - Commandline		: StopAppPool "MercatorNet.WSDeploy_3_0"
zaterdag 9 januari 2021 12:03:37 - Commandline		: StopAppPool "MercatorNet.WSMain"
zaterdag 9 januari 2021 12:03:37 - Commandline		: StopAppPool "MercatorNet.WSServices"
zaterdag 9 januari 2021 12:03:37 - Commandline		: StopAppPool "MercatorNet.WSTariff"
zaterdag 9 januari 2021 12:03:37 - Commandline		: StopAppPool "MercatorNetBroker.WSDeploy_3_0"
zaterdag 9 januari 2021 12:03:37 - Commandline		: StopAppPool "MercatorNetBroker.WSMain"
zaterdag 9 januari 2021 12:03:37 - Commandline		: StopAppPool "MercatorWebSite"
zaterdag 9 januari 2021 12:03:37 - Commandline		: StopAppPool "MyBaloiseBroker"
zaterdag 9 januari 2021 12:03:37 - Commandline		: StopAppPool "MyBaloiseInternal"
zaterdag 9 januari 2021 12:03:37 - Commandline		: StopAppPool "MWebBvb"
zaterdag 9 januari 2021 12:03:37 - Commandline		: StopAppPool "ScvWebService"
zaterdag 9 januari 2021 12:03:38 - Commandline		: StopWebsite "OnlineDocuments"
zaterdag 9 januari 2021 12:03:38 - Commandline		: StopWebsite "MNet"
zaterdag 9 januari 2021 12:03:38 - Commandline		: StopWebsite "MWebBvb"
zaterdag 9 januari 2021 12:03:38 - Commandline		: StopService "World Wide Web Publishing Service"
zaterdag 9 januari 2021 12:03:38 - Commandline		: RemoveDirectory "C:\WINDOWS\Microsoft.NET\Framework\v2.0.50727\Temporary ASP.NET Files\levenaansluitingsverklaring"
zaterdag 9 januari 2021 12:03:38 - Commandline		: RemoveDirectory "C:\WINDOWS\Microsoft.NET\Framework\v2.0.50727\Temporary ASP.NET Files\levenwijzigingsformulier"
zaterdag 9 januari 2021 12:03:38 - Commandline		: RemoveDirectory "C:\WINDOWS\Microsoft.NET\Framework\v2.0.50727\Temporary ASP.NET Files\ed"
zaterdag 9 januari 2021 12:03:38 - Commandline		: RemoveDirectory "C:\WINDOWS\Microsoft.NET\Framework\v2.0.50727\Temporary ASP.NET Files\mercatornet.rmmain"
zaterdag 9 januari 2021 12:03:38 - Commandline		: RemoveDirectory "C:\WINDOWS\Microsoft.NET\Framework\v2.0.50727\Temporary ASP.NET Files\mercatornet.wsdeploy_3_0"
zaterdag 9 januari 2021 12:03:38 - Commandline		: RemoveDirectory "C:\WINDOWS\Microsoft.NET\Framework\v2.0.50727\Temporary ASP.NET Files\mercatornet.wsmain"
zaterdag 9 januari 2021 12:03:38 - Commandline		: RemoveDirectory "C:\WINDOWS\Microsoft.NET\Framework\v2.0.50727\Temporary ASP.NET Files\mercatornet.wsservices"
zaterdag 9 januari 2021 12:03:38 - Commandline		: RemoveDirectory "C:\WINDOWS\Microsoft.NET\Framework\v2.0.50727\Temporary ASP.NET Files\mercatornet.wstariff"
zaterdag 9 januari 2021 12:03:38 - Commandline		: RemoveDirectory "C:\WINDOWS\Microsoft.NET\Framework\v2.0.50727\Temporary ASP.NET Files\mercatornetbroker.wsdeploy_3_0"
zaterdag 9 januari 2021 12:03:38 - Commandline		: RemoveDirectory "C:\WINDOWS\Microsoft.NET\Framework\v2.0.50727\Temporary ASP.NET Files\mercatornetbroker.wsmain"
zaterdag 9 januari 2021 12:03:38 - Commandline		: RemoveDirectory "C:\WINDOWS\Microsoft.NET\Framework\v2.0.50727\Temporary ASP.NET Files\mercatornethelppages"
zaterdag 9 januari 2021 12:03:38 - Commandline		: RemoveDirectory "C:\WINDOWS\Microsoft.NET\Framework\v2.0.50727\Temporary ASP.NET Files\scvwebservice"
zaterdag 9 januari 2021 12:03:38 - Commandline		: EnableWSUSReboot ""
zaterdag 9 januari 2021 12:03:38 - ================================SVW-BE-WEBFP002.balgroupit.com======================================
zaterdag 9 januari 2021 12:03:39 - ================================SVW-BE-WEBFP003.balgroupit.com======================================
zaterdag 9 januari 2021 12:03:47 - Commandline		: StopAppPool "DefaultAppPool"
zaterdag 9 januari 2021 12:03:47 - Commandline		: StopAppPool "ED"
zaterdag 9 januari 2021 12:03:47 - Commandline		: StopAppPool "EmployeeBenefits"
zaterdag 9 januari 2021 12:03:47 - Commandline		: StopAppPool "EtlLogViewer"
zaterdag 9 januari 2021 12:03:47 - Commandline		: StopAppPool "LevenAansluitingsverklaring"
zaterdag 9 januari 2021 12:03:47 - Commandline		: StopAppPool "LevenWijzigingsFormulier"
zaterdag 9 januari 2021 12:03:47 - Commandline		: StopAppPool "MercatorNet.RMMain"
zaterdag 9 januari 2021 12:03:48 - Commandline		: StopAppPool "MercatorNet.WSDeploy_3_0"
zaterdag 9 januari 2021 12:03:48 - Commandline		: StopAppPool "MercatorNet.WSMain"
zaterdag 9 januari 2021 12:03:48 - Commandline		: StopAppPool "MercatorNet.WSServices"
zaterdag 9 januari 2021 12:03:48 - Commandline		: StopAppPool "MercatorNet.WSTariff"
zaterdag 9 januari 2021 12:03:48 - Commandline		: StopAppPool "MercatorNetBroker.WSDeploy_3_0"
zaterdag 9 januari 2021 12:03:48 - Commandline		: StopAppPool "MercatorNetBroker.WSMain"
zaterdag 9 januari 2021 12:03:48 - Commandline		: StopAppPool "MercatorWebSite"
zaterdag 9 januari 2021 12:03:48 - Commandline		: StopAppPool "MyBaloiseBroker"
zaterdag 9 januari 2021 12:03:48 - Commandline		: StopAppPool "MyBaloiseInternal"
zaterdag 9 januari 2021 12:03:48 - Commandline		: StopAppPool "MWebBvb"
zaterdag 9 januari 2021 12:03:48 - Commandline		: StopAppPool "ScvWebService"
zaterdag 9 januari 2021 12:03:48 - Commandline		: StopWebsite "OnlineDocuments"
zaterdag 9 januari 2021 12:03:48 - Commandline		: StopWebsite "MNet"
zaterdag 9 januari 2021 12:03:48 - Commandline		: StopWebsite "MWebBvb"
zaterdag 9 januari 2021 12:03:49 - Commandline		: StopService "World Wide Web Publishing Service"
zaterdag 9 januari 2021 12:03:49 - Commandline		: RemoveDirectory "C:\WINDOWS\Microsoft.NET\Framework\v2.0.50727\Temporary ASP.NET Files\levenaansluitingsverklaring"
zaterdag 9 januari 2021 12:03:49 - Commandline		: RemoveDirectory "C:\WINDOWS\Microsoft.NET\Framework\v2.0.50727\Temporary ASP.NET Files\levenwijzigingsformulier"
zaterdag 9 januari 2021 12:03:49 - Commandline		: RemoveDirectory "C:\WINDOWS\Microsoft.NET\Framework\v2.0.50727\Temporary ASP.NET Files\ed"
zaterdag 9 januari 2021 12:03:49 - Commandline		: RemoveDirectory "C:\WINDOWS\Microsoft.NET\Framework\v2.0.50727\Temporary ASP.NET Files\mercatornet.rmmain"
zaterdag 9 januari 2021 12:03:49 - Commandline		: RemoveDirectory "C:\WINDOWS\Microsoft.NET\Framework\v2.0.50727\Temporary ASP.NET Files\mercatornet.wsdeploy_3_0"
zaterdag 9 januari 2021 12:03:49 - Commandline		: RemoveDirectory "C:\WINDOWS\Microsoft.NET\Framework\v2.0.50727\Temporary ASP.NET Files\mercatornet.wsmain"
zaterdag 9 januari 2021 12:03:49 - Commandline		: RemoveDirectory "C:\WINDOWS\Microsoft.NET\Framework\v2.0.50727\Temporary ASP.NET Files\mercatornet.wsservices"
zaterdag 9 januari 2021 12:03:49 - Commandline		: RemoveDirectory "C:\WINDOWS\Microsoft.NET\Framework\v2.0.50727\Temporary ASP.NET Files\mercatornet.wstariff"
zaterdag 9 januari 2021 12:03:49 - Commandline		: RemoveDirectory "C:\WINDOWS\Microsoft.NET\Framework\v2.0.50727\Temporary ASP.NET Files\mercatornetbroker.wsdeploy_3_0"
zaterdag 9 januari 2021 12:03:49 - Commandline		: RemoveDirectory "C:\WINDOWS\Microsoft.NET\Framework\v2.0.50727\Temporary ASP.NET Files\mercatornetbroker.wsmain"
zaterdag 9 januari 2021 12:03:49 - Commandline		: RemoveDirectory "C:\WINDOWS\Microsoft.NET\Framework\v2.0.50727\Temporary ASP.NET Files\mercatornethelppages"
zaterdag 9 januari 2021 12:03:49 - Commandline		: RemoveDirectory "C:\WINDOWS\Microsoft.NET\Framework\v2.0.50727\Temporary ASP.NET Files\scvwebservice"
zaterdag 9 januari 2021 12:03:49 - Commandline		: EnableWSUSReboot ""
zaterdag 9 januari 2021 12:03:49 - ================================SVW-BE-WEBFP003.balgroupit.com======================================
zaterdag 9 januari 2021 12:03:50 - ================================SVW-BE-WEBFP004.balgroupit.com======================================
zaterdag 9 januari 2021 12:03:57 - Commandline		: StopAppPool "DefaultAppPool"
zaterdag 9 januari 2021 12:03:58 - Commandline		: StopAppPool "ED"
zaterdag 9 januari 2021 12:03:58 - Commandline		: StopAppPool "EmployeeBenefits"
zaterdag 9 januari 2021 12:03:58 - Commandline		: StopAppPool "EtlLogViewer"
zaterdag 9 januari 2021 12:03:58 - Commandline		: StopAppPool "LevenAansluitingsverklaring"
zaterdag 9 januari 2021 12:03:58 - Commandline		: StopAppPool "LevenWijzigingsFormulier"
zaterdag 9 januari 2021 12:03:58 - Commandline		: StopAppPool "MercatorNet.RMMain"
zaterdag 9 januari 2021 12:03:58 - Commandline		: StopAppPool "MercatorNet.WSDeploy_3_0"
zaterdag 9 januari 2021 12:03:58 - Commandline		: StopAppPool "MercatorNet.WSMain"
zaterdag 9 januari 2021 12:03:58 - Commandline		: StopAppPool "MercatorNet.WSServices"
zaterdag 9 januari 2021 12:03:58 - Commandline		: StopAppPool "MercatorNet.WSTariff"
zaterdag 9 januari 2021 12:03:58 - Commandline		: StopAppPool "MercatorNetBroker.WSDeploy_3_0"
zaterdag 9 januari 2021 12:03:59 - Commandline		: StopAppPool "MercatorNetBroker.WSMain"
zaterdag 9 januari 2021 12:03:59 - Commandline		: StopAppPool "MercatorWebSite"
zaterdag 9 januari 2021 12:03:59 - Commandline		: StopAppPool "MyBaloiseBroker"
zaterdag 9 januari 2021 12:03:59 - Commandline		: StopAppPool "MyBaloiseInternal"
zaterdag 9 januari 2021 12:03:59 - Commandline		: StopAppPool "MWebBvb"
zaterdag 9 januari 2021 12:03:59 - Commandline		: StopAppPool "ScvWebService"
zaterdag 9 januari 2021 12:03:59 - Commandline		: StopWebsite "OnlineDocuments"
zaterdag 9 januari 2021 12:03:59 - Commandline		: StopWebsite "MNet"
zaterdag 9 januari 2021 12:03:59 - Commandline		: StopWebsite "MWebBvb"
zaterdag 9 januari 2021 12:03:59 - Commandline		: StopService "World Wide Web Publishing Service"
zaterdag 9 januari 2021 12:03:59 - Commandline		: RemoveDirectory "C:\WINDOWS\Microsoft.NET\Framework\v2.0.50727\Temporary ASP.NET Files\levenaansluitingsverklaring"
zaterdag 9 januari 2021 12:03:59 - Commandline		: RemoveDirectory "C:\WINDOWS\Microsoft.NET\Framework\v2.0.50727\Temporary ASP.NET Files\levenwijzigingsformulier"
zaterdag 9 januari 2021 12:03:59 - Commandline		: RemoveDirectory "C:\WINDOWS\Microsoft.NET\Framework\v2.0.50727\Temporary ASP.NET Files\ed"
zaterdag 9 januari 2021 12:04:00 - Commandline		: RemoveDirectory "C:\WINDOWS\Microsoft.NET\Framework\v2.0.50727\Temporary ASP.NET Files\mercatornet.rmmain"
zaterdag 9 januari 2021 12:04:00 - Commandline		: RemoveDirectory "C:\WINDOWS\Microsoft.NET\Framework\v2.0.50727\Temporary ASP.NET Files\mercatornet.wsdeploy_3_0"
zaterdag 9 januari 2021 12:04:00 - Commandline		: RemoveDirectory "C:\WINDOWS\Microsoft.NET\Framework\v2.0.50727\Temporary ASP.NET Files\mercatornet.wsmain"
zaterdag 9 januari 2021 12:04:00 - Commandline		: RemoveDirectory "C:\WINDOWS\Microsoft.NET\Framework\v2.0.50727\Temporary ASP.NET Files\mercatornet.wsservices"
zaterdag 9 januari 2021 12:04:00 - Commandline		: RemoveDirectory "C:\WINDOWS\Microsoft.NET\Framework\v2.0.50727\Temporary ASP.NET Files\mercatornet.wstariff"
zaterdag 9 januari 2021 12:04:00 - Commandline		: RemoveDirectory "C:\WINDOWS\Microsoft.NET\Framework\v2.0.50727\Temporary ASP.NET Files\mercatornetbroker.wsdeploy_3_0"
zaterdag 9 januari 2021 12:04:00 - Commandline		: RemoveDirectory "C:\WINDOWS\Microsoft.NET\Framework\v2.0.50727\Temporary ASP.NET Files\mercatornetbroker.wsmain"
zaterdag 9 januari 2021 12:04:00 - Commandline		: RemoveDirectory "C:\WINDOWS\Microsoft.NET\Framework\v2.0.50727\Temporary ASP.NET Files\mercatornethelppages"
zaterdag 9 januari 2021 12:04:00 - Commandline		: RemoveDirectory "C:\WINDOWS\Microsoft.NET\Framework\v2.0.50727\Temporary ASP.NET Files\scvwebservice"
zaterdag 9 januari 2021 12:04:00 - Commandline		: EnableWSUSReboot ""
zaterdag 9 januari 2021 12:04:00 - ================================SVW-BE-WEBFP004.balgroupit.com======================================
zaterdag 9 januari 2021 12:04:01 - ================================svw-be-bizp001.balgroupit.com======================================
zaterdag 9 januari 2021 12:04:08 - Commandline		: StopService "Mercator Managed File Transfer"
zaterdag 9 januari 2021 12:04:09 - Commandline		: StopService "Mercator Esb Process Initializer"
zaterdag 9 januari 2021 12:04:09 - Commandline		: EnableWSUSReboot ""
zaterdag 9 januari 2021 12:04:09 - ================================svw-be-bizp001.balgroupit.com======================================
zaterdag 9 januari 2021 12:04:09 - ================================svw-be-bizp002.balgroupit.com======================================
zaterdag 9 januari 2021 12:04:17 - Commandline		: StopService "Mercator Managed File Transfer"
zaterdag 9 januari 2021 12:04:17 - Commandline		: StopService "Mercator Esb Process Initializer"
zaterdag 9 januari 2021 12:04:17 - Commandline		: EnableWSUSReboot ""
zaterdag 9 januari 2021 12:04:17 - ================================svw-be-bizp002.balgroupit.com======================================
zaterdag 9 januari 2021 12:04:18 - ================================svw-be-bizp003.balgroupit.com======================================
zaterdag 9 januari 2021 12:04:25 - Commandline		: StopService "Mercator Managed File Transfer"
zaterdag 9 januari 2021 12:04:26 - Commandline		: StopService "Mercator Esb Process Initializer"
zaterdag 9 januari 2021 12:04:26 - Commandline		: EnableWSUSReboot ""
zaterdag 9 januari 2021 12:04:26 - ================================svw-be-bizp003.balgroupit.com======================================
zaterdag 9 januari 2021 12:04:27 - ================================svw-be-bizp004.balgroupit.com======================================
zaterdag 9 januari 2021 12:04:34 - Commandline		: StopService "Mercator Managed File Transfer"
zaterdag 9 januari 2021 12:04:34 - Commandline		: StopService "Mercator Esb Process Initializer"
zaterdag 9 januari 2021 12:04:35 - Commandline		: EnableWSUSReboot ""
zaterdag 9 januari 2021 12:04:35 - ================================svw-be-bizp004.balgroupit.com======================================
zaterdag 9 januari 2021 12:04:35 - ================================svw-be-portp01.balgroupit.com======================================
zaterdag 9 januari 2021 12:04:43 - Commandline		: stopAppPool "AL2AppPool64v2"
zaterdag 9 januari 2021 12:04:43 - Commandline		: stopAppPool "ALAppPool64v2"
zaterdag 9 januari 2021 12:04:43 - Commandline		: StopWebsite "WCI"
zaterdag 9 januari 2021 12:04:44 - Commandline		: StopWebsite "Default Web Site"
zaterdag 9 januari 2021 12:04:44 - Commandline		: EnableWSUSReboot ""
zaterdag 9 januari 2021 12:04:44 - ================================svw-be-portp01.balgroupit.com======================================
zaterdag 9 januari 2021 12:04:45 - ================================svw-be-portp03.balgroupit.com======================================
zaterdag 9 januari 2021 12:04:52 - Commandline		: stopAppPool "ALAppPool64v2"
zaterdag 9 januari 2021 12:04:53 - Commandline		: stopAppPool "Pool2"
zaterdag 9 januari 2021 12:04:53 - Commandline		: stopAppPool "Mercator.Portal.Portlets"
zaterdag 9 januari 2021 12:04:53 - Commandline		: stopAppPool "Mercator.Portal.WebService"
zaterdag 9 januari 2021 12:04:53 - Commandline		: stopAppPool "PortalASP"
zaterdag 9 januari 2021 12:04:53 - Commandline		: StopWebsite "WCI"
zaterdag 9 januari 2021 12:04:53 - Commandline		: StopWebsite "Default Web Site"
zaterdag 9 januari 2021 12:04:53 - Commandline		: StopWebsite "MercatorPortalWebService"
zaterdag 9 januari 2021 12:04:53 - Commandline		: StopService "Mercator.Portal.Scheduler"
zaterdag 9 januari 2021 12:04:57 - Commandline		: EnableWSUSReboot ""
zaterdag 9 januari 2021 12:04:57 - ================================svw-be-portp03.balgroupit.com======================================
zaterdag 9 januari 2021 12:04:57 - ================================svw-be-babsp001.balgroupit.com======================================
zaterdag 9 januari 2021 12:05:25 - Commandline		: EnableWSUSReboot ""
zaterdag 9 januari 2021 12:05:25 - ================================svw-be-babsp001.balgroupit.com======================================
zaterdag 9 januari 2021 12:05:25 - ================================svw-be-babsp002.balgroupit.com======================================
zaterdag 9 januari 2021 12:05:33 - Commandline		: EnableWSUSReboot ""
zaterdag 9 januari 2021 12:05:33 - ================================svw-be-babsp002.balgroupit.com======================================
zaterdag 9 januari 2021 12:05:33 - ================================svw-be-babbp001.balgroupit.com======================================
zaterdag 9 januari 2021 12:05:34 - Commandline		: StopService "Baloise BaloiseBackendBatch"
zaterdag 9 januari 2021 12:05:35 - Commandline		: EnableWSUSReboot ""
zaterdag 9 januari 2021 12:05:35 - ================================svw-be-babbp001.balgroupit.com======================================
zaterdag 9 januari 2021 12:05:35 - ================================svw-be-babbp002.balgroupit.com======================================
zaterdag 9 januari 2021 12:05:36 - Commandline		: StopService "Baloise BaloiseBackendBatch"
zaterdag 9 januari 2021 12:05:37 - Commandline		: EnableWSUSReboot ""
zaterdag 9 januari 2021 12:05:37 - ================================svw-be-babbp002.balgroupit.com======================================
zaterdag 9 januari 2021 12:05:37 - ================================svw-be-mftp001.balgroupit.com======================================
zaterdag 9 januari 2021 12:05:39 - Commandline		: StopService "Mercator Managed File Transfer"
zaterdag 9 januari 2021 12:05:39 - Commandline		: EnableWSUSReboot ""
zaterdag 9 januari 2021 12:05:39 - ================================svw-be-mftp001.balgroupit.com======================================
zaterdag 9 januari 2021 12:05:40 - ================================svw-be-mftp002.balgroupit.com======================================
zaterdag 9 januari 2021 12:05:40 - Commandline		: StopService "Mercator Managed File Transfer"
zaterdag 9 januari 2021 12:05:40 - Commandline		: EnableWSUSReboot ""
zaterdag 9 januari 2021 12:05:40 - ================================svw-be-mftp002.balgroupit.com======================================
