donderdag 24 december 2020 21:00:54 - READING XML File :  \\balgroupit.com\appl_data\BBE\Transfer\Packages\Scripts\WSUS\Pcorp\Pcorp_Stop_All.xml
donderdag 24 december 2020 21:00:55 - 
donderdag 24 december 2020 21:00:56 - ================================svw-be-eaip01.balgroupit.com======================================
donderdag 24 december 2020 21:00:58 - Commandline		: StopService "mercator.eai.docservice"
donderdag 24 december 2020 21:00:58 - Commandline		: StopProcess "dllhost.exe"
donderdag 24 december 2020 21:00:58 - Commandline		: StopProcess "winword.exe"
donderdag 24 december 2020 21:00:59 - Commandline		: EnableWSUSReboot ""
donderdag 24 december 2020 21:00:59 - ================================svw-be-eaip01.balgroupit.com======================================
donderdag 24 december 2020 21:01:00 - ================================svw-be-eaip04.balgroupit.com======================================
donderdag 24 december 2020 21:01:02 - Commandline		: StopService "mercator.eai.docservice"
donderdag 24 december 2020 21:01:02 - Commandline		: StopProcess "dllhost.exe"
donderdag 24 december 2020 21:01:02 - Commandline		: StopProcess "winword.exe"
donderdag 24 december 2020 21:01:02 - Commandline		: EnableWSUSReboot ""
donderdag 24 december 2020 21:01:02 - ================================svw-be-eaip04.balgroupit.com======================================
donderdag 24 december 2020 21:01:04 - ================================svw-be-eaip05.balgroupit.com======================================
donderdag 24 december 2020 21:01:06 - Commandline		: StopService "mercator.eai.docservice"
donderdag 24 december 2020 21:01:06 - Commandline		: StopProcess "dllhost.exe"
donderdag 24 december 2020 21:01:06 - Commandline		: StopProcess "winword.exe"
donderdag 24 december 2020 21:01:06 - Commandline		: EnableWSUSReboot ""
donderdag 24 december 2020 21:01:06 - ================================svw-be-eaip05.balgroupit.com======================================
donderdag 24 december 2020 21:01:07 - ================================svw-be-webp02.balgroupit.com======================================
donderdag 24 december 2020 21:01:14 - Commandline		: StopWebsite "DmsDataRepository"
donderdag 24 december 2020 21:01:14 - Commandline		: StopWebsite "MNet"
donderdag 24 december 2020 21:01:14 - Commandline		: StopAppPool "DefaultAppPool"
donderdag 24 december 2020 21:01:15 - Commandline		: StopAppPool "WSDMS"
donderdag 24 december 2020 21:01:15 - Commandline		: StopAppPool "WSDmsDataRepository"
donderdag 24 december 2020 21:01:15 - Commandline		: StopAppPool "BaloiseBackend"
donderdag 24 december 2020 21:01:15 - Commandline		: StopAppPool "CDS"
donderdag 24 december 2020 21:01:15 - Commandline		: StopAppPool "MercatorNet.BoServices"
donderdag 24 december 2020 21:01:15 - Commandline		: StopAppPool "Mercator.Portima.Monitoring"
donderdag 24 december 2020 21:01:15 - Commandline		: StopAppPool "Mercator.Portima"
donderdag 24 december 2020 21:01:15 - Commandline		: StopAppPool "Mercator.Eai.Tools.Wsc"
donderdag 24 december 2020 21:01:15 - Commandline		: StopAppPool "Mercator.EAI.Framework.WebServices"
donderdag 24 december 2020 21:01:15 - Commandline		: StopService "World Wide Web Publishing Service"
donderdag 24 december 2020 21:01:15 - Commandline		: StopService "Baloise BaloiseBackendBatch"
donderdag 24 december 2020 21:01:15 - Commandline		: StopService "Baloise CentralDataStore"
donderdag 24 december 2020 21:01:16 - Commandline		: StopService "Baloise SyncTaskToDMS"
donderdag 24 december 2020 21:01:16 - Commandline		: StopService "Mercator DMS Bulk Insert"
donderdag 24 december 2020 21:01:16 - Commandline		: StopService "Mercator DMS Import Portima Attachments"
donderdag 24 december 2020 21:01:16 - Commandline		: StopService "Mercator DMS MailImport Service"
donderdag 24 december 2020 21:01:16 - Commandline		: StopService "Mercator Xpim Document Store"
donderdag 24 december 2020 21:01:16 - Commandline		: StopService "Mercator Document Store"
donderdag 24 december 2020 21:01:16 - Commandline		: StopService "Mercator Document Store"
donderdag 24 december 2020 21:01:16 - Commandline		: StopService "Mercator Document Management System Service"
donderdag 24 december 2020 21:01:16 - Commandline		: StopService "Mercator Document Management System Async Service"
donderdag 24 december 2020 21:01:16 - Commandline		: StopService "Mercator Document Management System Batch Avero Service"
donderdag 24 december 2020 21:01:16 - Commandline		: StopService "Mercator DMS Pdf Conversion Call"
donderdag 24 december 2020 21:01:17 - Commandline		: StopService "MercatorNET SCV Batch Service"
donderdag 24 december 2020 21:01:17 - Commandline		: StopService "Mercator Organization Data"
donderdag 24 december 2020 21:01:17 - Commandline		: StopService "Mercator Document Generation"
donderdag 24 december 2020 21:01:17 - Commandline		: StopService "Mercator Document Delivery"
donderdag 24 december 2020 21:01:18 - Commandline		: StopService "Steria's Dispatcher Service"
donderdag 24 december 2020 21:01:18 - Commandline		: StopService "Mercator.Integration.EAI.3.9.Listener"
donderdag 24 december 2020 21:01:18 - Commandline		: RemoveDirectory "C:\WINDOWS\Microsoft.NET\Framework\v4.0.30319\Temporary ASP.NET Files\cds"
donderdag 24 december 2020 21:01:18 - Commandline		: RemoveDirectory "C:\WINDOWS\Microsoft.NET\Framework\v2.0.50727\Temporary ASP.NET Files\mercatornet.boservices"
donderdag 24 december 2020 21:01:18 - Commandline		: RemoveDirectory "C:\WINDOWS\Microsoft.NET\Framework\v2.0.50727\Temporary ASP.NET Files\mercator.eai.framework.webservices"
donderdag 24 december 2020 21:01:18 - Commandline		: RemoveDirectory "C:\WINDOWS\Microsoft.NET\Framework\v2.0.50727\Temporary ASP.NET Files\mercator.eai.tools.wsc"
donderdag 24 december 2020 21:01:18 - Commandline		: RemoveDirectory "C:\WINDOWS\Microsoft.NET\Framework\v2.0.50727\Temporary ASP.NET Files\Mercator.Portima.Monitoring"
donderdag 24 december 2020 21:01:18 - Commandline		: RemoveDirectory "C:\WINDOWS\Microsoft.NET\Framework\v2.0.50727\Temporary ASP.NET Files\Mercator.Portima"
donderdag 24 december 2020 21:01:18 - Commandline		: RemoveDirectory "C:\WINDOWS\Microsoft.NET\Framework\v2.0.50727\Temporary ASP.NET Files\WSDMS"
donderdag 24 december 2020 21:01:18 - Commandline		: RemoveDirectory "C:\WINDOWS\Microsoft.NET\Framework\v2.0.50727\Temporary ASP.NET Files\wsdmsdatarepository"
donderdag 24 december 2020 21:01:18 - Commandline		: EnableWSUSReboot ""
donderdag 24 december 2020 21:01:18 - ================================svw-be-webp02.balgroupit.com======================================
donderdag 24 december 2020 21:01:19 - ================================svw-be-webp03.balgroupit.com======================================
donderdag 24 december 2020 21:01:26 - Commandline		: StopWebsite "DmsDataRepository"
donderdag 24 december 2020 21:01:26 - Commandline		: StopWebsite "MNet"
donderdag 24 december 2020 21:01:26 - Commandline		: StopAppPool "MNet"
donderdag 24 december 2020 21:01:26 - Commandline		: StopAppPool "DefaultAppPool"
donderdag 24 december 2020 21:01:26 - Commandline		: StopAppPool "WSDMS"
donderdag 24 december 2020 21:01:26 - Commandline		: StopAppPool "WSDmsDataRepository"
donderdag 24 december 2020 21:01:27 - Commandline		: StopAppPool "BaloiseBackend"
donderdag 24 december 2020 21:01:27 - Commandline		: StopAppPool "CDS"
donderdag 24 december 2020 21:01:27 - Commandline		: StopAppPool "MercatorNet.BoServices"
donderdag 24 december 2020 21:01:27 - Commandline		: StopAppPool "Mercator.Portima.Monitoring"
donderdag 24 december 2020 21:01:27 - Commandline		: StopAppPool "Mercator.Portima"
donderdag 24 december 2020 21:01:27 - Commandline		: StopAppPool "Mercator.Eai.Tools.Wsc"
donderdag 24 december 2020 21:01:27 - Commandline		: StopAppPool "Mercator.EAI.Framework.WebServices"
donderdag 24 december 2020 21:01:27 - Commandline		: StopService "World Wide Web Publishing Service"
donderdag 24 december 2020 21:01:27 - Commandline		: StopService "Baloise Backend"
donderdag 24 december 2020 21:01:27 - Commandline		: StopService "Baloise Central Data Store"
donderdag 24 december 2020 21:01:27 - Commandline		: StopService "Baloise SyncTaskToDMS"
donderdag 24 december 2020 21:01:28 - Commandline		: StopService "Mercator DMS Bulk Insert"
donderdag 24 december 2020 21:01:28 - Commandline		: StopService "Mercator DMS Import Portima Attachments"
donderdag 24 december 2020 21:01:28 - Commandline		: StopService "Mercator DMS MailImport Service"
donderdag 24 december 2020 21:01:28 - Commandline		: StopService "Mercator Xpim Document Store"
donderdag 24 december 2020 21:01:28 - Commandline		: StopService "Mercator Document Store"
donderdag 24 december 2020 21:01:29 - Commandline		: StopService "BaloiseDmsBatchService"
donderdag 24 december 2020 21:01:29 - Commandline		: StopService "Mercator Document Management System Service"
donderdag 24 december 2020 21:01:29 - Commandline		: StopService "Mercator Document Management System Async Service"
donderdag 24 december 2020 21:01:29 - Commandline		: StopService "Mercator Document Management System Batch Avero Service"
donderdag 24 december 2020 21:01:30 - Commandline		: StopService "Mercator DMS Pdf Conversion Call"
donderdag 24 december 2020 21:01:31 - Commandline		: StopService "MercatorNET SCV Batch Service"
donderdag 24 december 2020 21:01:31 - Commandline		: StopService "Mercator Organization Data"
donderdag 24 december 2020 21:01:31 - Commandline		: StopService "Mercator Document Generation"
donderdag 24 december 2020 21:01:32 - Commandline		: StopService "Mercator Document Delivery"
donderdag 24 december 2020 21:01:32 - Commandline		: StopService "Steria's Dispatcher Service"
donderdag 24 december 2020 21:01:32 - Commandline		: StopService "Mercator.Integration.EAI.3.9.Listener"
donderdag 24 december 2020 21:01:32 - Commandline		: RemoveDirectory "C:\WINDOWS\Microsoft.NET\Framework\v4.0.30319\Temporary ASP.NET Files\cds"
donderdag 24 december 2020 21:01:32 - Commandline		: RemoveDirectory "C:\WINDOWS\Microsoft.NET\Framework\v2.0.50727\Temporary ASP.NET Files\mercatornet.boservices"
donderdag 24 december 2020 21:01:32 - Commandline		: RemoveDirectory "C:\WINDOWS\Microsoft.NET\Framework\v2.0.50727\Temporary ASP.NET Files\mercator.eai.framework.webservices"
donderdag 24 december 2020 21:01:32 - Commandline		: RemoveDirectory "C:\WINDOWS\Microsoft.NET\Framework\v2.0.50727\Temporary ASP.NET Files\mercator.eai.tools.wsc"
donderdag 24 december 2020 21:01:32 - Commandline		: RemoveDirectory "C:\WINDOWS\Microsoft.NET\Framework\v2.0.50727\Temporary ASP.NET Files\Mercator.Portima.Monitoring"
donderdag 24 december 2020 21:01:32 - Commandline		: RemoveDirectory "C:\WINDOWS\Microsoft.NET\Framework\v2.0.50727\Temporary ASP.NET Files\Mercator.Portima"
donderdag 24 december 2020 21:01:32 - Commandline		: RemoveDirectory "C:\WINDOWS\Microsoft.NET\Framework\v2.0.50727\Temporary ASP.NET Files\WSDMS"
donderdag 24 december 2020 21:01:32 - Commandline		: RemoveDirectory "C:\WINDOWS\Microsoft.NET\Framework\v2.0.50727\Temporary ASP.NET Files\wsdmsdatarepository"
donderdag 24 december 2020 21:01:32 - Commandline		: EnableWSUSReboot ""
donderdag 24 december 2020 21:01:32 - ================================svw-be-webp03.balgroupit.com======================================
donderdag 24 december 2020 21:01:34 - ================================svw-be-signp001.balgroupit.com======================================
donderdag 24 december 2020 21:01:36 - Commandline		: StopService "Portima BrokerSign"
donderdag 24 december 2020 21:01:36 - ================================svw-be-signp001.balgroupit.com======================================
donderdag 24 december 2020 21:01:37 - ================================shw-me-pweb06.balgroupit.com======================================
donderdag 24 december 2020 21:01:44 - Commandline		: StopAppPool "DefaultAppPool"
donderdag 24 december 2020 21:01:44 - Commandline		: StopAppPool "ED"
donderdag 24 december 2020 21:01:45 - Commandline		: StopAppPool "EmployeeBenefits"
donderdag 24 december 2020 21:01:45 - Commandline		: StopAppPool "EtlLogViewer"
donderdag 24 december 2020 21:01:45 - Commandline		: StopAppPool "LevenAansluitingsverklaring"
donderdag 24 december 2020 21:01:45 - Commandline		: StopAppPool "LevenWijzigingsFormulier"
donderdag 24 december 2020 21:01:45 - Commandline		: StopAppPool "MercatorNet.RMMain"
donderdag 24 december 2020 21:01:45 - Commandline		: StopAppPool "MercatorNet.WSDeploy_3_0"
donderdag 24 december 2020 21:01:45 - Commandline		: StopAppPool "MercatorNet.WSMain"
donderdag 24 december 2020 21:01:45 - Commandline		: StopAppPool "MercatorNet.WSServices"
donderdag 24 december 2020 21:01:45 - Commandline		: StopAppPool "MercatorNet.WSTariff"
donderdag 24 december 2020 21:01:45 - Commandline		: StopAppPool "MercatorNetBroker.WSDeploy_3_0"
donderdag 24 december 2020 21:01:45 - Commandline		: StopAppPool "MercatorNetBroker.WSMain"
donderdag 24 december 2020 21:01:45 - Commandline		: StopAppPool "MercatorWebSite"
donderdag 24 december 2020 21:01:45 - Commandline		: StopAppPool "MyBaloiseBroker"
donderdag 24 december 2020 21:01:45 - Commandline		: StopAppPool "MWebBvb"
donderdag 24 december 2020 21:01:46 - Commandline		: StopAppPool "ScvWebService"
donderdag 24 december 2020 21:01:46 - Commandline		: StopWebsite "OnlineDocuments"
donderdag 24 december 2020 21:01:46 - Commandline		: StopWebsite "MNet"
donderdag 24 december 2020 21:01:46 - Commandline		: StopWebsite "MWebBvb"
donderdag 24 december 2020 21:01:46 - Commandline		: StopService "World Wide Web Publishing Service"
donderdag 24 december 2020 21:01:46 - Commandline		: RemoveDirectory "C:\WINDOWS\Microsoft.NET\Framework\v2.0.50727\Temporary ASP.NET Files\levenaansluitingsverklaring"
donderdag 24 december 2020 21:01:46 - Commandline		: RemoveDirectory "C:\WINDOWS\Microsoft.NET\Framework\v2.0.50727\Temporary ASP.NET Files\levenwijzigingsformulier"
donderdag 24 december 2020 21:01:46 - Commandline		: RemoveDirectory "C:\WINDOWS\Microsoft.NET\Framework\v2.0.50727\Temporary ASP.NET Files\ed"
donderdag 24 december 2020 21:01:46 - Commandline		: RemoveDirectory "C:\WINDOWS\Microsoft.NET\Framework\v2.0.50727\Temporary ASP.NET Files\mercatornet.rmmain"
donderdag 24 december 2020 21:01:46 - Commandline		: RemoveDirectory "C:\WINDOWS\Microsoft.NET\Framework\v2.0.50727\Temporary ASP.NET Files\mercatornet.wsdeploy_3_0"
donderdag 24 december 2020 21:01:46 - Commandline		: RemoveDirectory "C:\WINDOWS\Microsoft.NET\Framework\v2.0.50727\Temporary ASP.NET Files\mercatornet.wsmain"
donderdag 24 december 2020 21:01:46 - Commandline		: RemoveDirectory "C:\WINDOWS\Microsoft.NET\Framework\v2.0.50727\Temporary ASP.NET Files\mercatornet.wsservices"
donderdag 24 december 2020 21:01:46 - Commandline		: RemoveDirectory "C:\WINDOWS\Microsoft.NET\Framework\v2.0.50727\Temporary ASP.NET Files\mercatornet.wstariff"
donderdag 24 december 2020 21:01:46 - Commandline		: RemoveDirectory "C:\WINDOWS\Microsoft.NET\Framework\v2.0.50727\Temporary ASP.NET Files\mercatornetbroker.wsdeploy_3_0"
donderdag 24 december 2020 21:01:46 - Commandline		: RemoveDirectory "C:\WINDOWS\Microsoft.NET\Framework\v2.0.50727\Temporary ASP.NET Files\mercatornetbroker.wsmain"
donderdag 24 december 2020 21:01:46 - Commandline		: RemoveDirectory "C:\WINDOWS\Microsoft.NET\Framework\v2.0.50727\Temporary ASP.NET Files\mercatornethelppages"
donderdag 24 december 2020 21:01:47 - Commandline		: RemoveDirectory "C:\WINDOWS\Microsoft.NET\Framework\v2.0.50727\Temporary ASP.NET Files\scvwebservice"
donderdag 24 december 2020 21:01:47 - Commandline		: EnableWSUSReboot ""
donderdag 24 december 2020 21:01:47 - ================================shw-me-pweb06.balgroupit.com======================================
donderdag 24 december 2020 21:01:47 - ================================shw-me-pweb56.balgroupit.com======================================
donderdag 24 december 2020 21:01:55 - Commandline		: StopAppPool "DefaultAppPool"
donderdag 24 december 2020 21:01:55 - Commandline		: StopAppPool "ED"
donderdag 24 december 2020 21:01:55 - Commandline		: StopAppPool "EmployeeBenefits"
donderdag 24 december 2020 21:01:55 - Commandline		: StopAppPool "EtlLogViewer"
donderdag 24 december 2020 21:01:55 - Commandline		: StopAppPool "LevenAansluitingsverklaring"
donderdag 24 december 2020 21:01:55 - Commandline		: StopAppPool "LevenWijzigingsFormulier"
donderdag 24 december 2020 21:01:55 - Commandline		: StopAppPool "MercatorNet.RMMain"
donderdag 24 december 2020 21:01:55 - Commandline		: StopAppPool "MercatorNet.WSDeploy_3_0"
donderdag 24 december 2020 21:01:55 - Commandline		: StopAppPool "MercatorNet.WSMain"
donderdag 24 december 2020 21:01:55 - Commandline		: StopAppPool "MercatorNet.WSServices"
donderdag 24 december 2020 21:01:55 - Commandline		: StopAppPool "MercatorNet.WSTariff"
donderdag 24 december 2020 21:01:55 - Commandline		: StopAppPool "MercatorNetBroker.WSDeploy_3_0"
donderdag 24 december 2020 21:01:56 - Commandline		: StopAppPool "MercatorNetBroker.WSMain"
donderdag 24 december 2020 21:01:56 - Commandline		: StopAppPool "MercatorWebSite"
donderdag 24 december 2020 21:01:56 - Commandline		: StopAppPool "MyBaloiseBroker"
donderdag 24 december 2020 21:01:56 - Commandline		: StopAppPool "MWebBvb"
donderdag 24 december 2020 21:01:56 - Commandline		: StopAppPool "ScvWebService"
donderdag 24 december 2020 21:01:56 - Commandline		: StopWebsite "OnlineDocuments"
donderdag 24 december 2020 21:01:56 - Commandline		: StopWebsite "MNet"
donderdag 24 december 2020 21:01:56 - Commandline		: StopWebsite "MWebBvb"
donderdag 24 december 2020 21:01:56 - Commandline		: StopService "World Wide Web Publishing Service"
donderdag 24 december 2020 21:01:56 - Commandline		: RemoveDirectory "C:\WINDOWS\Microsoft.NET\Framework\v2.0.50727\Temporary ASP.NET Files\levenaansluitingsverklaring"
donderdag 24 december 2020 21:01:56 - Commandline		: RemoveDirectory "C:\WINDOWS\Microsoft.NET\Framework\v2.0.50727\Temporary ASP.NET Files\levenwijzigingsformulier"
donderdag 24 december 2020 21:01:56 - Commandline		: RemoveDirectory "C:\WINDOWS\Microsoft.NET\Framework\v2.0.50727\Temporary ASP.NET Files\ed"
donderdag 24 december 2020 21:01:56 - Commandline		: RemoveDirectory "C:\WINDOWS\Microsoft.NET\Framework\v2.0.50727\Temporary ASP.NET Files\mercatornet.rmmain"
donderdag 24 december 2020 21:01:56 - Commandline		: RemoveDirectory "C:\WINDOWS\Microsoft.NET\Framework\v2.0.50727\Temporary ASP.NET Files\mercatornet.wsdeploy_3_0"
donderdag 24 december 2020 21:01:57 - Commandline		: RemoveDirectory "C:\WINDOWS\Microsoft.NET\Framework\v2.0.50727\Temporary ASP.NET Files\mercatornet.wsmain"
donderdag 24 december 2020 21:01:57 - Commandline		: RemoveDirectory "C:\WINDOWS\Microsoft.NET\Framework\v2.0.50727\Temporary ASP.NET Files\mercatornet.wsservices"
donderdag 24 december 2020 21:01:57 - Commandline		: RemoveDirectory "C:\WINDOWS\Microsoft.NET\Framework\v2.0.50727\Temporary ASP.NET Files\mercatornet.wstariff"
donderdag 24 december 2020 21:01:57 - Commandline		: RemoveDirectory "C:\WINDOWS\Microsoft.NET\Framework\v2.0.50727\Temporary ASP.NET Files\mercatornetbroker.wsdeploy_3_0"
donderdag 24 december 2020 21:01:57 - Commandline		: RemoveDirectory "C:\WINDOWS\Microsoft.NET\Framework\v2.0.50727\Temporary ASP.NET Files\mercatornetbroker.wsmain"
donderdag 24 december 2020 21:01:57 - Commandline		: RemoveDirectory "C:\WINDOWS\Microsoft.NET\Framework\v2.0.50727\Temporary ASP.NET Files\mercatornethelppages"
donderdag 24 december 2020 21:01:57 - Commandline		: RemoveDirectory "C:\WINDOWS\Microsoft.NET\Framework\v2.0.50727\Temporary ASP.NET Files\scvwebservice"
donderdag 24 december 2020 21:01:57 - Commandline		: EnableWSUSReboot ""
donderdag 24 december 2020 21:01:57 - ================================shw-me-pweb56.balgroupit.com======================================
donderdag 24 december 2020 21:01:58 - ================================svw-be-adlibp01.balgroupit.com======================================
donderdag 24 december 2020 21:02:06 - Commandline		: EnableWSUSReboot ""
donderdag 24 december 2020 21:02:06 - ================================svw-be-adlibp01.balgroupit.com======================================
donderdag 24 december 2020 21:02:07 - ================================svw-be-adlibp02.balgroupit.com======================================
donderdag 24 december 2020 21:02:08 - Commandline		: EnableWSUSReboot ""
donderdag 24 december 2020 21:02:08 - ================================svw-be-adlibp02.balgroupit.com======================================
donderdag 24 december 2020 21:02:09 - ================================svw-be-adlibp03.balgroupit.com======================================
donderdag 24 december 2020 21:02:33 - Commandline		: EnableWSUSReboot ""
donderdag 24 december 2020 21:02:33 - ================================svw-be-adlibp03.balgroupit.com======================================
donderdag 24 december 2020 21:02:35 - ================================svw-be-adlibp04.balgroupit.com======================================
donderdag 24 december 2020 21:02:36 - Commandline		: EnableWSUSReboot ""
donderdag 24 december 2020 21:02:36 - ================================svw-be-adlibp04.balgroupit.com======================================
donderdag 24 december 2020 21:02:37 - ================================svw-be-adlibp05.balgroupit.com======================================
donderdag 24 december 2020 21:02:41 - Commandline		: EnableWSUSReboot ""
donderdag 24 december 2020 21:02:41 - ================================svw-be-adlibp05.balgroupit.com======================================
donderdag 24 december 2020 21:02:43 - ================================svw-be-adlibp06.balgroupit.com======================================
donderdag 24 december 2020 21:02:48 - Commandline		: EnableWSUSReboot ""
donderdag 24 december 2020 21:02:48 - ================================svw-be-adlibp06.balgroupit.com======================================
donderdag 24 december 2020 21:02:49 - ================================svw-be-adlibp07.balgroupit.com======================================
donderdag 24 december 2020 21:02:54 - Commandline		: EnableWSUSReboot ""
donderdag 24 december 2020 21:02:54 - ================================svw-be-adlibp07.balgroupit.com======================================
donderdag 24 december 2020 21:02:55 - ================================svw-be-dmsp001.balgroupit.com======================================
donderdag 24 december 2020 21:03:02 - Commandline		: EnableWSUSReboot ""
donderdag 24 december 2020 21:03:02 - ================================svw-be-dmsp001.balgroupit.com======================================
donderdag 24 december 2020 21:03:03 - ================================svw-be-dmsp002.balgroupit.com======================================
donderdag 24 december 2020 21:03:11 - Commandline		: EnableWSUSReboot ""
donderdag 24 december 2020 21:03:11 - ================================svw-be-dmsp002.balgroupit.com======================================
donderdag 24 december 2020 21:03:12 - ================================svw-be-dmsp03.balgroupit.com======================================
donderdag 24 december 2020 21:03:19 - Commandline		: EnableWSUSReboot ""
donderdag 24 december 2020 21:03:19 - Commandline		: StopService "Execute360 Archive Manager"
donderdag 24 december 2020 21:03:36 - ================================svw-be-dmsp03.balgroupit.com======================================
donderdag 24 december 2020 21:03:36 - ================================dms-bp01.balgroupit.com======================================
donderdag 24 december 2020 21:03:37 - Commandline		: EnableWSUSReboot ""
donderdag 24 december 2020 21:03:38 - ================================dms-bp01.balgroupit.com======================================
donderdag 24 december 2020 21:03:38 - ================================dms-bp01-file.balgroupit.com======================================
donderdag 24 december 2020 21:03:40 - Commandline		: EnableWSUSReboot ""
donderdag 24 december 2020 21:03:40 - ================================dms-bp01-file.balgroupit.com======================================
donderdag 24 december 2020 21:03:40 - ================================dms-bp01-g360.balgroupit.com======================================
donderdag 24 december 2020 21:03:41 - Commandline		: EnableWSUSReboot ""
donderdag 24 december 2020 21:03:42 - ================================dms-bp01-g360.balgroupit.com======================================
donderdag 24 december 2020 21:03:42 - ================================SVW-BE-WEBFP001.balgroupit.com======================================
donderdag 24 december 2020 21:03:50 - Commandline		: StopAppPool "DefaultAppPool"
donderdag 24 december 2020 21:03:50 - Commandline		: StopAppPool "ED"
donderdag 24 december 2020 21:03:50 - Commandline		: StopAppPool "EmployeeBenefits"
donderdag 24 december 2020 21:03:50 - Commandline		: StopAppPool "EtlLogViewer"
donderdag 24 december 2020 21:03:50 - Commandline		: StopAppPool "LevenAansluitingsverklaring"
donderdag 24 december 2020 21:03:50 - Commandline		: StopAppPool "LevenWijzigingsFormulier"
donderdag 24 december 2020 21:03:50 - Commandline		: StopAppPool "MercatorNet.RMMain"
donderdag 24 december 2020 21:03:51 - Commandline		: StopAppPool "MercatorNet.WSDeploy_3_0"
donderdag 24 december 2020 21:03:51 - Commandline		: StopAppPool "MercatorNet.WSMain"
donderdag 24 december 2020 21:03:51 - Commandline		: StopAppPool "MercatorNet.WSServices"
donderdag 24 december 2020 21:03:51 - Commandline		: StopAppPool "MercatorNet.WSTariff"
donderdag 24 december 2020 21:03:51 - Commandline		: StopAppPool "MercatorNetBroker.WSDeploy_3_0"
donderdag 24 december 2020 21:03:51 - Commandline		: StopAppPool "MercatorNetBroker.WSMain"
donderdag 24 december 2020 21:03:51 - Commandline		: StopAppPool "MercatorWebSite"
donderdag 24 december 2020 21:03:51 - Commandline		: StopAppPool "MyBaloiseBroker"
donderdag 24 december 2020 21:03:51 - Commandline		: StopAppPool "MyBaloiseInternal"
donderdag 24 december 2020 21:03:51 - Commandline		: StopAppPool "MWebBvb"
donderdag 24 december 2020 21:03:51 - Commandline		: StopAppPool "ScvWebService"
donderdag 24 december 2020 21:03:51 - Commandline		: StopWebsite "OnlineDocuments"
donderdag 24 december 2020 21:03:52 - Commandline		: StopWebsite "MNet"
donderdag 24 december 2020 21:03:52 - Commandline		: StopWebsite "MWebBvb"
donderdag 24 december 2020 21:03:52 - Commandline		: StopService "World Wide Web Publishing Service"
donderdag 24 december 2020 21:03:52 - Commandline		: RemoveDirectory "C:\WINDOWS\Microsoft.NET\Framework\v2.0.50727\Temporary ASP.NET Files\levenaansluitingsverklaring"
donderdag 24 december 2020 21:03:52 - Commandline		: RemoveDirectory "C:\WINDOWS\Microsoft.NET\Framework\v2.0.50727\Temporary ASP.NET Files\levenwijzigingsformulier"
donderdag 24 december 2020 21:03:52 - Commandline		: RemoveDirectory "C:\WINDOWS\Microsoft.NET\Framework\v2.0.50727\Temporary ASP.NET Files\ed"
donderdag 24 december 2020 21:03:52 - Commandline		: RemoveDirectory "C:\WINDOWS\Microsoft.NET\Framework\v2.0.50727\Temporary ASP.NET Files\mercatornet.rmmain"
donderdag 24 december 2020 21:03:52 - Commandline		: RemoveDirectory "C:\WINDOWS\Microsoft.NET\Framework\v2.0.50727\Temporary ASP.NET Files\mercatornet.wsdeploy_3_0"
donderdag 24 december 2020 21:03:52 - Commandline		: RemoveDirectory "C:\WINDOWS\Microsoft.NET\Framework\v2.0.50727\Temporary ASP.NET Files\mercatornet.wsmain"
donderdag 24 december 2020 21:03:52 - Commandline		: RemoveDirectory "C:\WINDOWS\Microsoft.NET\Framework\v2.0.50727\Temporary ASP.NET Files\mercatornet.wsservices"
donderdag 24 december 2020 21:03:52 - Commandline		: RemoveDirectory "C:\WINDOWS\Microsoft.NET\Framework\v2.0.50727\Temporary ASP.NET Files\mercatornet.wstariff"
donderdag 24 december 2020 21:03:52 - Commandline		: RemoveDirectory "C:\WINDOWS\Microsoft.NET\Framework\v2.0.50727\Temporary ASP.NET Files\mercatornetbroker.wsdeploy_3_0"
donderdag 24 december 2020 21:03:52 - Commandline		: RemoveDirectory "C:\WINDOWS\Microsoft.NET\Framework\v2.0.50727\Temporary ASP.NET Files\mercatornetbroker.wsmain"
donderdag 24 december 2020 21:03:52 - Commandline		: RemoveDirectory "C:\WINDOWS\Microsoft.NET\Framework\v2.0.50727\Temporary ASP.NET Files\mercatornethelppages"
donderdag 24 december 2020 21:03:52 - Commandline		: RemoveDirectory "C:\WINDOWS\Microsoft.NET\Framework\v2.0.50727\Temporary ASP.NET Files\scvwebservice"
donderdag 24 december 2020 21:03:52 - Commandline		: EnableWSUSReboot ""
donderdag 24 december 2020 21:03:52 - ================================SVW-BE-WEBFP001.balgroupit.com======================================
donderdag 24 december 2020 21:03:53 - ================================SVW-BE-WEBFP002.balgroupit.com======================================
donderdag 24 december 2020 21:04:01 - Commandline		: StopAppPool "DefaultAppPool"
donderdag 24 december 2020 21:04:01 - Commandline		: StopAppPool "ED"
donderdag 24 december 2020 21:04:01 - Commandline		: StopAppPool "EmployeeBenefits"
donderdag 24 december 2020 21:04:01 - Commandline		: StopAppPool "EtlLogViewer"
donderdag 24 december 2020 21:04:02 - Commandline		: StopAppPool "LevenAansluitingsverklaring"
donderdag 24 december 2020 21:04:02 - Commandline		: StopAppPool "LevenWijzigingsFormulier"
donderdag 24 december 2020 21:04:02 - Commandline		: StopAppPool "MercatorNet.RMMain"
donderdag 24 december 2020 21:04:02 - Commandline		: StopAppPool "MercatorNet.WSDeploy_3_0"
donderdag 24 december 2020 21:04:02 - Commandline		: StopAppPool "MercatorNet.WSMain"
donderdag 24 december 2020 21:04:02 - Commandline		: StopAppPool "MercatorNet.WSServices"
donderdag 24 december 2020 21:04:02 - Commandline		: StopAppPool "MercatorNet.WSTariff"
donderdag 24 december 2020 21:04:02 - Commandline		: StopAppPool "MercatorNetBroker.WSDeploy_3_0"
donderdag 24 december 2020 21:04:02 - Commandline		: StopAppPool "MercatorNetBroker.WSMain"
donderdag 24 december 2020 21:04:02 - Commandline		: StopAppPool "MercatorWebSite"
donderdag 24 december 2020 21:04:02 - Commandline		: StopAppPool "MyBaloiseBroker"
donderdag 24 december 2020 21:04:02 - Commandline		: StopAppPool "MyBaloiseInternal"
donderdag 24 december 2020 21:04:02 - Commandline		: StopAppPool "MWebBvb"
donderdag 24 december 2020 21:04:03 - Commandline		: StopAppPool "ScvWebService"
donderdag 24 december 2020 21:04:03 - Commandline		: StopWebsite "OnlineDocuments"
donderdag 24 december 2020 21:04:03 - Commandline		: StopWebsite "MNet"
donderdag 24 december 2020 21:04:03 - Commandline		: StopWebsite "MWebBvb"
donderdag 24 december 2020 21:04:03 - Commandline		: StopService "World Wide Web Publishing Service"
donderdag 24 december 2020 21:04:03 - Commandline		: RemoveDirectory "C:\WINDOWS\Microsoft.NET\Framework\v2.0.50727\Temporary ASP.NET Files\levenaansluitingsverklaring"
donderdag 24 december 2020 21:04:03 - Commandline		: RemoveDirectory "C:\WINDOWS\Microsoft.NET\Framework\v2.0.50727\Temporary ASP.NET Files\levenwijzigingsformulier"
donderdag 24 december 2020 21:04:03 - Commandline		: RemoveDirectory "C:\WINDOWS\Microsoft.NET\Framework\v2.0.50727\Temporary ASP.NET Files\ed"
donderdag 24 december 2020 21:04:03 - Commandline		: RemoveDirectory "C:\WINDOWS\Microsoft.NET\Framework\v2.0.50727\Temporary ASP.NET Files\mercatornet.rmmain"
donderdag 24 december 2020 21:04:03 - Commandline		: RemoveDirectory "C:\WINDOWS\Microsoft.NET\Framework\v2.0.50727\Temporary ASP.NET Files\mercatornet.wsdeploy_3_0"
donderdag 24 december 2020 21:04:03 - Commandline		: RemoveDirectory "C:\WINDOWS\Microsoft.NET\Framework\v2.0.50727\Temporary ASP.NET Files\mercatornet.wsmain"
donderdag 24 december 2020 21:04:03 - Commandline		: RemoveDirectory "C:\WINDOWS\Microsoft.NET\Framework\v2.0.50727\Temporary ASP.NET Files\mercatornet.wsservices"
donderdag 24 december 2020 21:04:03 - Commandline		: RemoveDirectory "C:\WINDOWS\Microsoft.NET\Framework\v2.0.50727\Temporary ASP.NET Files\mercatornet.wstariff"
donderdag 24 december 2020 21:04:03 - Commandline		: RemoveDirectory "C:\WINDOWS\Microsoft.NET\Framework\v2.0.50727\Temporary ASP.NET Files\mercatornetbroker.wsdeploy_3_0"
donderdag 24 december 2020 21:04:03 - Commandline		: RemoveDirectory "C:\WINDOWS\Microsoft.NET\Framework\v2.0.50727\Temporary ASP.NET Files\mercatornetbroker.wsmain"
donderdag 24 december 2020 21:04:03 - Commandline		: RemoveDirectory "C:\WINDOWS\Microsoft.NET\Framework\v2.0.50727\Temporary ASP.NET Files\mercatornethelppages"
donderdag 24 december 2020 21:04:04 - Commandline		: RemoveDirectory "C:\WINDOWS\Microsoft.NET\Framework\v2.0.50727\Temporary ASP.NET Files\scvwebservice"
donderdag 24 december 2020 21:04:04 - Commandline		: EnableWSUSReboot ""
donderdag 24 december 2020 21:04:04 - ================================SVW-BE-WEBFP002.balgroupit.com======================================
donderdag 24 december 2020 21:04:04 - ================================SVW-BE-WEBFP003.balgroupit.com======================================
donderdag 24 december 2020 21:04:12 - Commandline		: StopAppPool "DefaultAppPool"
donderdag 24 december 2020 21:04:12 - Commandline		: StopAppPool "ED"
donderdag 24 december 2020 21:04:12 - Commandline		: StopAppPool "EmployeeBenefits"
donderdag 24 december 2020 21:04:12 - Commandline		: StopAppPool "EtlLogViewer"
donderdag 24 december 2020 21:04:12 - Commandline		: StopAppPool "LevenAansluitingsverklaring"
donderdag 24 december 2020 21:04:12 - Commandline		: StopAppPool "LevenWijzigingsFormulier"
donderdag 24 december 2020 21:04:13 - Commandline		: StopAppPool "MercatorNet.RMMain"
donderdag 24 december 2020 21:04:13 - Commandline		: StopAppPool "MercatorNet.WSDeploy_3_0"
donderdag 24 december 2020 21:04:13 - Commandline		: StopAppPool "MercatorNet.WSMain"
donderdag 24 december 2020 21:04:13 - Commandline		: StopAppPool "MercatorNet.WSServices"
donderdag 24 december 2020 21:04:13 - Commandline		: StopAppPool "MercatorNet.WSTariff"
donderdag 24 december 2020 21:04:13 - Commandline		: StopAppPool "MercatorNetBroker.WSDeploy_3_0"
donderdag 24 december 2020 21:04:13 - Commandline		: StopAppPool "MercatorNetBroker.WSMain"
donderdag 24 december 2020 21:04:13 - Commandline		: StopAppPool "MercatorWebSite"
donderdag 24 december 2020 21:04:13 - Commandline		: StopAppPool "MyBaloiseBroker"
donderdag 24 december 2020 21:04:13 - Commandline		: StopAppPool "MyBaloiseInternal"
donderdag 24 december 2020 21:04:13 - Commandline		: StopAppPool "MWebBvb"
donderdag 24 december 2020 21:04:13 - Commandline		: StopAppPool "ScvWebService"
donderdag 24 december 2020 21:04:13 - Commandline		: StopWebsite "OnlineDocuments"
donderdag 24 december 2020 21:04:14 - Commandline		: StopWebsite "MNet"
donderdag 24 december 2020 21:04:14 - Commandline		: StopWebsite "MWebBvb"
donderdag 24 december 2020 21:04:14 - Commandline		: StopService "World Wide Web Publishing Service"
donderdag 24 december 2020 21:04:14 - Commandline		: RemoveDirectory "C:\WINDOWS\Microsoft.NET\Framework\v2.0.50727\Temporary ASP.NET Files\levenaansluitingsverklaring"
donderdag 24 december 2020 21:04:14 - Commandline		: RemoveDirectory "C:\WINDOWS\Microsoft.NET\Framework\v2.0.50727\Temporary ASP.NET Files\levenwijzigingsformulier"
donderdag 24 december 2020 21:04:14 - Commandline		: RemoveDirectory "C:\WINDOWS\Microsoft.NET\Framework\v2.0.50727\Temporary ASP.NET Files\ed"
donderdag 24 december 2020 21:04:14 - Commandline		: RemoveDirectory "C:\WINDOWS\Microsoft.NET\Framework\v2.0.50727\Temporary ASP.NET Files\mercatornet.rmmain"
donderdag 24 december 2020 21:04:14 - Commandline		: RemoveDirectory "C:\WINDOWS\Microsoft.NET\Framework\v2.0.50727\Temporary ASP.NET Files\mercatornet.wsdeploy_3_0"
donderdag 24 december 2020 21:04:14 - Commandline		: RemoveDirectory "C:\WINDOWS\Microsoft.NET\Framework\v2.0.50727\Temporary ASP.NET Files\mercatornet.wsmain"
donderdag 24 december 2020 21:04:14 - Commandline		: RemoveDirectory "C:\WINDOWS\Microsoft.NET\Framework\v2.0.50727\Temporary ASP.NET Files\mercatornet.wsservices"
donderdag 24 december 2020 21:04:14 - Commandline		: RemoveDirectory "C:\WINDOWS\Microsoft.NET\Framework\v2.0.50727\Temporary ASP.NET Files\mercatornet.wstariff"
donderdag 24 december 2020 21:04:14 - Commandline		: RemoveDirectory "C:\WINDOWS\Microsoft.NET\Framework\v2.0.50727\Temporary ASP.NET Files\mercatornetbroker.wsdeploy_3_0"
donderdag 24 december 2020 21:04:14 - Commandline		: RemoveDirectory "C:\WINDOWS\Microsoft.NET\Framework\v2.0.50727\Temporary ASP.NET Files\mercatornetbroker.wsmain"
donderdag 24 december 2020 21:04:14 - Commandline		: RemoveDirectory "C:\WINDOWS\Microsoft.NET\Framework\v2.0.50727\Temporary ASP.NET Files\mercatornethelppages"
donderdag 24 december 2020 21:04:14 - Commandline		: RemoveDirectory "C:\WINDOWS\Microsoft.NET\Framework\v2.0.50727\Temporary ASP.NET Files\scvwebservice"
donderdag 24 december 2020 21:04:14 - Commandline		: EnableWSUSReboot ""
donderdag 24 december 2020 21:04:14 - ================================SVW-BE-WEBFP003.balgroupit.com======================================
donderdag 24 december 2020 21:04:16 - ================================SVW-BE-WEBFP004.balgroupit.com======================================
donderdag 24 december 2020 21:04:23 - Commandline		: StopAppPool "DefaultAppPool"
donderdag 24 december 2020 21:04:23 - Commandline		: StopAppPool "ED"
donderdag 24 december 2020 21:04:23 - Commandline		: StopAppPool "EmployeeBenefits"
donderdag 24 december 2020 21:04:24 - Commandline		: StopAppPool "EtlLogViewer"
donderdag 24 december 2020 21:04:24 - Commandline		: StopAppPool "LevenAansluitingsverklaring"
donderdag 24 december 2020 21:04:24 - Commandline		: StopAppPool "LevenWijzigingsFormulier"
donderdag 24 december 2020 21:04:24 - Commandline		: StopAppPool "MercatorNet.RMMain"
donderdag 24 december 2020 21:04:24 - Commandline		: StopAppPool "MercatorNet.WSDeploy_3_0"
donderdag 24 december 2020 21:04:24 - Commandline		: StopAppPool "MercatorNet.WSMain"
donderdag 24 december 2020 21:04:24 - Commandline		: StopAppPool "MercatorNet.WSServices"
donderdag 24 december 2020 21:04:24 - Commandline		: StopAppPool "MercatorNet.WSTariff"
donderdag 24 december 2020 21:04:24 - Commandline		: StopAppPool "MercatorNetBroker.WSDeploy_3_0"
donderdag 24 december 2020 21:04:24 - Commandline		: StopAppPool "MercatorNetBroker.WSMain"
donderdag 24 december 2020 21:04:24 - Commandline		: StopAppPool "MercatorWebSite"
donderdag 24 december 2020 21:04:24 - Commandline		: StopAppPool "MyBaloiseBroker"
donderdag 24 december 2020 21:04:24 - Commandline		: StopAppPool "MyBaloiseInternal"
donderdag 24 december 2020 21:04:25 - Commandline		: StopAppPool "MWebBvb"
donderdag 24 december 2020 21:04:25 - Commandline		: StopAppPool "ScvWebService"
donderdag 24 december 2020 21:04:25 - Commandline		: StopWebsite "OnlineDocuments"
donderdag 24 december 2020 21:04:25 - Commandline		: StopWebsite "MNet"
donderdag 24 december 2020 21:04:25 - Commandline		: StopWebsite "MWebBvb"
donderdag 24 december 2020 21:04:25 - Commandline		: StopService "World Wide Web Publishing Service"
donderdag 24 december 2020 21:04:25 - Commandline		: RemoveDirectory "C:\WINDOWS\Microsoft.NET\Framework\v2.0.50727\Temporary ASP.NET Files\levenaansluitingsverklaring"
donderdag 24 december 2020 21:04:25 - Commandline		: RemoveDirectory "C:\WINDOWS\Microsoft.NET\Framework\v2.0.50727\Temporary ASP.NET Files\levenwijzigingsformulier"
donderdag 24 december 2020 21:04:25 - Commandline		: RemoveDirectory "C:\WINDOWS\Microsoft.NET\Framework\v2.0.50727\Temporary ASP.NET Files\ed"
donderdag 24 december 2020 21:04:25 - Commandline		: RemoveDirectory "C:\WINDOWS\Microsoft.NET\Framework\v2.0.50727\Temporary ASP.NET Files\mercatornet.rmmain"
donderdag 24 december 2020 21:04:25 - Commandline		: RemoveDirectory "C:\WINDOWS\Microsoft.NET\Framework\v2.0.50727\Temporary ASP.NET Files\mercatornet.wsdeploy_3_0"
donderdag 24 december 2020 21:04:25 - Commandline		: RemoveDirectory "C:\WINDOWS\Microsoft.NET\Framework\v2.0.50727\Temporary ASP.NET Files\mercatornet.wsmain"
donderdag 24 december 2020 21:04:25 - Commandline		: RemoveDirectory "C:\WINDOWS\Microsoft.NET\Framework\v2.0.50727\Temporary ASP.NET Files\mercatornet.wsservices"
donderdag 24 december 2020 21:04:25 - Commandline		: RemoveDirectory "C:\WINDOWS\Microsoft.NET\Framework\v2.0.50727\Temporary ASP.NET Files\mercatornet.wstariff"
donderdag 24 december 2020 21:04:26 - Commandline		: RemoveDirectory "C:\WINDOWS\Microsoft.NET\Framework\v2.0.50727\Temporary ASP.NET Files\mercatornetbroker.wsdeploy_3_0"
donderdag 24 december 2020 21:04:26 - Commandline		: RemoveDirectory "C:\WINDOWS\Microsoft.NET\Framework\v2.0.50727\Temporary ASP.NET Files\mercatornetbroker.wsmain"
donderdag 24 december 2020 21:04:26 - Commandline		: RemoveDirectory "C:\WINDOWS\Microsoft.NET\Framework\v2.0.50727\Temporary ASP.NET Files\mercatornethelppages"
donderdag 24 december 2020 21:04:26 - Commandline		: RemoveDirectory "C:\WINDOWS\Microsoft.NET\Framework\v2.0.50727\Temporary ASP.NET Files\scvwebservice"
donderdag 24 december 2020 21:04:26 - Commandline		: EnableWSUSReboot ""
donderdag 24 december 2020 21:04:26 - ================================SVW-BE-WEBFP004.balgroupit.com======================================
donderdag 24 december 2020 21:04:26 - ================================svw-be-bizp001.balgroupit.com======================================
donderdag 24 december 2020 21:04:34 - Commandline		: StopService "Mercator Managed File Transfer"
donderdag 24 december 2020 21:04:34 - Commandline		: StopService "Mercator Esb Process Initializer"
donderdag 24 december 2020 21:04:34 - Commandline		: EnableWSUSReboot ""
donderdag 24 december 2020 21:04:34 - ================================svw-be-bizp001.balgroupit.com======================================
donderdag 24 december 2020 21:04:35 - ================================svw-be-bizp002.balgroupit.com======================================
donderdag 24 december 2020 21:04:42 - Commandline		: StopService "Mercator Managed File Transfer"
donderdag 24 december 2020 21:04:43 - Commandline		: StopService "Mercator Esb Process Initializer"
donderdag 24 december 2020 21:04:43 - Commandline		: EnableWSUSReboot ""
donderdag 24 december 2020 21:04:43 - ================================svw-be-bizp002.balgroupit.com======================================
donderdag 24 december 2020 21:04:43 - ================================svw-be-bizp003.balgroupit.com======================================
donderdag 24 december 2020 21:04:51 - Commandline		: StopService "Mercator Managed File Transfer"
donderdag 24 december 2020 21:04:51 - Commandline		: StopService "Mercator Esb Process Initializer"
donderdag 24 december 2020 21:04:52 - Commandline		: EnableWSUSReboot ""
donderdag 24 december 2020 21:04:52 - ================================svw-be-bizp003.balgroupit.com======================================
donderdag 24 december 2020 21:04:52 - ================================svw-be-bizp004.balgroupit.com======================================
donderdag 24 december 2020 21:04:59 - Commandline		: StopService "Mercator Managed File Transfer"
donderdag 24 december 2020 21:05:00 - Commandline		: StopService "Mercator Esb Process Initializer"
donderdag 24 december 2020 21:05:00 - Commandline		: EnableWSUSReboot ""
donderdag 24 december 2020 21:05:00 - ================================svw-be-bizp004.balgroupit.com======================================
donderdag 24 december 2020 21:05:01 - ================================svw-be-portp01.balgroupit.com======================================
donderdag 24 december 2020 21:05:09 - Commandline		: stopAppPool "AL2AppPool64v2"
donderdag 24 december 2020 21:05:09 - Commandline		: stopAppPool "ALAppPool64v2"
donderdag 24 december 2020 21:05:09 - Commandline		: StopWebsite "WCI"
donderdag 24 december 2020 21:05:09 - Commandline		: StopWebsite "Default Web Site"
donderdag 24 december 2020 21:05:09 - Commandline		: EnableWSUSReboot ""
donderdag 24 december 2020 21:05:09 - ================================svw-be-portp01.balgroupit.com======================================
donderdag 24 december 2020 21:05:10 - ================================svw-be-portp03.balgroupit.com======================================
donderdag 24 december 2020 21:05:18 - Commandline		: stopAppPool "ALAppPool64v2"
donderdag 24 december 2020 21:05:18 - Commandline		: stopAppPool "Pool2"
donderdag 24 december 2020 21:05:18 - Commandline		: stopAppPool "Mercator.Portal.Portlets"
donderdag 24 december 2020 21:05:18 - Commandline		: stopAppPool "Mercator.Portal.WebService"
donderdag 24 december 2020 21:05:18 - Commandline		: stopAppPool "PortalASP"
donderdag 24 december 2020 21:05:18 - Commandline		: StopWebsite "WCI"
donderdag 24 december 2020 21:05:19 - Commandline		: StopWebsite "Default Web Site"
donderdag 24 december 2020 21:05:19 - Commandline		: StopWebsite "MercatorPortalWebService"
donderdag 24 december 2020 21:05:19 - Commandline		: StopService "Mercator.Portal.Scheduler"
donderdag 24 december 2020 21:05:21 - Commandline		: EnableWSUSReboot ""
donderdag 24 december 2020 21:05:21 - ================================svw-be-portp03.balgroupit.com======================================
donderdag 24 december 2020 21:05:21 - ================================svw-be-babsp001.balgroupit.com======================================
donderdag 24 december 2020 21:05:29 - Commandline		: EnableWSUSReboot ""
donderdag 24 december 2020 21:05:29 - ================================svw-be-babsp001.balgroupit.com======================================
donderdag 24 december 2020 21:05:29 - ================================svw-be-babsp002.balgroupit.com======================================
donderdag 24 december 2020 21:05:36 - Commandline		: EnableWSUSReboot ""
donderdag 24 december 2020 21:05:36 - ================================svw-be-babsp002.balgroupit.com======================================
donderdag 24 december 2020 21:05:37 - ================================svw-be-babbp001.balgroupit.com======================================
donderdag 24 december 2020 21:05:38 - Commandline		: StopService "Baloise BaloiseBackendBatch"
donderdag 24 december 2020 21:05:39 - Commandline		: EnableWSUSReboot ""
donderdag 24 december 2020 21:05:39 - ================================svw-be-babbp001.balgroupit.com======================================
donderdag 24 december 2020 21:05:39 - ================================svw-be-babbp002.balgroupit.com======================================
donderdag 24 december 2020 21:05:40 - Commandline		: StopService "Baloise BaloiseBackendBatch"
donderdag 24 december 2020 21:05:41 - Commandline		: EnableWSUSReboot ""
donderdag 24 december 2020 21:05:41 - ================================svw-be-babbp002.balgroupit.com======================================
donderdag 24 december 2020 21:05:41 - ================================svw-be-mftp001.balgroupit.com======================================
donderdag 24 december 2020 21:05:43 - Commandline		: StopService "Mercator Managed File Transfer"
donderdag 24 december 2020 21:05:43 - Commandline		: EnableWSUSReboot ""
donderdag 24 december 2020 21:05:43 - ================================svw-be-mftp001.balgroupit.com======================================
donderdag 24 december 2020 21:05:44 - ================================svw-be-mftp002.balgroupit.com======================================
donderdag 24 december 2020 21:05:44 - Commandline		: StopService "Mercator Managed File Transfer"
donderdag 24 december 2020 21:05:45 - Commandline		: EnableWSUSReboot ""
donderdag 24 december 2020 21:05:45 - ================================svw-be-mftp002.balgroupit.com======================================
