donderdag 29 april 2021 21:01:40 - READING XML File :  \\balgroupit.com\appl_data\BBE\Transfer\Packages\Scripts\WSUS\Pcorp\Pcorp_Stop_All.xml
donderdag 29 april 2021 21:01:40 - 
donderdag 29 april 2021 21:01:42 - ================================svw-be-eaip01.balgroupit.com======================================
donderdag 29 april 2021 21:01:43 - Commandline		: StopService "mercator.eai.docservice"
donderdag 29 april 2021 21:01:44 - Commandline		: StopProcess "dllhost.exe"
donderdag 29 april 2021 21:01:44 - Commandline		: StopProcess "winword.exe"
donderdag 29 april 2021 21:01:44 - Commandline		: EnableWSUSReboot ""
donderdag 29 april 2021 21:01:44 - ================================svw-be-eaip01.balgroupit.com======================================
donderdag 29 april 2021 21:01:47 - ================================svw-be-eaip04.balgroupit.com======================================
donderdag 29 april 2021 21:01:48 - Commandline		: StopService "mercator.eai.docservice"
donderdag 29 april 2021 21:01:49 - Commandline		: StopProcess "dllhost.exe"
donderdag 29 april 2021 21:01:49 - Commandline		: StopProcess "winword.exe"
donderdag 29 april 2021 21:01:49 - Commandline		: EnableWSUSReboot ""
donderdag 29 april 2021 21:01:49 - ================================svw-be-eaip04.balgroupit.com======================================
donderdag 29 april 2021 21:01:52 - ================================svw-be-eaip05.balgroupit.com======================================
donderdag 29 april 2021 21:01:54 - Commandline		: StopService "mercator.eai.docservice"
donderdag 29 april 2021 21:01:54 - Commandline		: StopProcess "dllhost.exe"
donderdag 29 april 2021 21:01:54 - Commandline		: StopProcess "winword.exe"
donderdag 29 april 2021 21:01:54 - Commandline		: EnableWSUSReboot ""
donderdag 29 april 2021 21:01:54 - ================================svw-be-eaip05.balgroupit.com======================================
donderdag 29 april 2021 21:01:55 - ================================svw-be-webp02.balgroupit.com======================================
donderdag 29 april 2021 21:02:02 - Commandline		: StopWebsite "DmsDataRepository"
donderdag 29 april 2021 21:02:02 - Commandline		: StopWebsite "MNet"
donderdag 29 april 2021 21:02:02 - Commandline		: StopAppPool "DefaultAppPool"
donderdag 29 april 2021 21:02:02 - Commandline		: StopAppPool "WSDMS"
donderdag 29 april 2021 21:02:02 - Commandline		: StopAppPool "WSDmsDataRepository"
donderdag 29 april 2021 21:02:03 - Commandline		: StopAppPool "BaloiseBackend"
donderdag 29 april 2021 21:02:03 - Commandline		: StopAppPool "CDS"
donderdag 29 april 2021 21:02:03 - Commandline		: StopAppPool "MercatorNet.BoServices"
donderdag 29 april 2021 21:02:03 - Commandline		: StopAppPool "Mercator.Portima.Monitoring"
donderdag 29 april 2021 21:02:03 - Commandline		: StopAppPool "Mercator.Portima"
donderdag 29 april 2021 21:02:03 - Commandline		: StopAppPool "Mercator.Eai.Tools.Wsc"
donderdag 29 april 2021 21:02:03 - Commandline		: StopAppPool "Mercator.EAI.Framework.WebServices"
donderdag 29 april 2021 21:02:03 - Commandline		: StopService "World Wide Web Publishing Service"
donderdag 29 april 2021 21:02:03 - Commandline		: StopService "Baloise BaloiseBackendBatch"
donderdag 29 april 2021 21:02:03 - Commandline		: StopService "Baloise CentralDataStore"
donderdag 29 april 2021 21:02:04 - Commandline		: StopService "Baloise SyncTaskToDMS"
donderdag 29 april 2021 21:02:04 - Commandline		: StopService "Mercator DMS Bulk Insert"
donderdag 29 april 2021 21:02:04 - Commandline		: StopService "Mercator DMS Import Portima Attachments"
donderdag 29 april 2021 21:02:04 - Commandline		: StopService "Mercator DMS MailImport Service"
donderdag 29 april 2021 21:02:04 - Commandline		: StopService "Mercator Xpim Document Store"
donderdag 29 april 2021 21:02:04 - Commandline		: StopService "Mercator Document Store"
donderdag 29 april 2021 21:02:04 - Commandline		: StopService "Mercator Document Store"
donderdag 29 april 2021 21:02:04 - Commandline		: StopService "Mercator Document Management System Service"
donderdag 29 april 2021 21:02:04 - Commandline		: StopService "Mercator Document Management System Async Service"
donderdag 29 april 2021 21:02:04 - Commandline		: StopService "Mercator Document Management System Batch Avero Service"
donderdag 29 april 2021 21:02:04 - Commandline		: StopService "Mercator DMS Pdf Conversion Call"
donderdag 29 april 2021 21:02:04 - Commandline		: StopService "MercatorNET SCV Batch Service"
donderdag 29 april 2021 21:02:05 - Commandline		: StopService "Mercator Organization Data"
donderdag 29 april 2021 21:02:05 - Commandline		: StopService "Mercator Document Generation"
donderdag 29 april 2021 21:02:05 - Commandline		: StopService "Mercator Document Delivery"
donderdag 29 april 2021 21:02:06 - Commandline		: StopService "Steria's Dispatcher Service"
donderdag 29 april 2021 21:02:06 - Commandline		: StopService "Mercator.Integration.EAI.3.9.Listener"
donderdag 29 april 2021 21:02:06 - Commandline		: RemoveDirectory "C:\WINDOWS\Microsoft.NET\Framework\v4.0.30319\Temporary ASP.NET Files\cds"
donderdag 29 april 2021 21:02:06 - Commandline		: RemoveDirectory "C:\WINDOWS\Microsoft.NET\Framework\v2.0.50727\Temporary ASP.NET Files\mercatornet.boservices"
donderdag 29 april 2021 21:02:06 - Commandline		: RemoveDirectory "C:\WINDOWS\Microsoft.NET\Framework\v2.0.50727\Temporary ASP.NET Files\mercator.eai.framework.webservices"
donderdag 29 april 2021 21:02:06 - Commandline		: RemoveDirectory "C:\WINDOWS\Microsoft.NET\Framework\v2.0.50727\Temporary ASP.NET Files\mercator.eai.tools.wsc"
donderdag 29 april 2021 21:02:06 - Commandline		: RemoveDirectory "C:\WINDOWS\Microsoft.NET\Framework\v2.0.50727\Temporary ASP.NET Files\Mercator.Portima.Monitoring"
donderdag 29 april 2021 21:02:06 - Commandline		: RemoveDirectory "C:\WINDOWS\Microsoft.NET\Framework\v2.0.50727\Temporary ASP.NET Files\Mercator.Portima"
donderdag 29 april 2021 21:02:06 - Commandline		: RemoveDirectory "C:\WINDOWS\Microsoft.NET\Framework\v2.0.50727\Temporary ASP.NET Files\WSDMS"
donderdag 29 april 2021 21:02:06 - Commandline		: RemoveDirectory "C:\WINDOWS\Microsoft.NET\Framework\v2.0.50727\Temporary ASP.NET Files\wsdmsdatarepository"
donderdag 29 april 2021 21:02:06 - Commandline		: EnableWSUSReboot ""
donderdag 29 april 2021 21:02:06 - ================================svw-be-webp02.balgroupit.com======================================
donderdag 29 april 2021 21:02:07 - ================================svw-be-webp03.balgroupit.com======================================
donderdag 29 april 2021 21:02:14 - Commandline		: StopWebsite "DmsDataRepository"
donderdag 29 april 2021 21:02:14 - Commandline		: StopWebsite "MNet"
donderdag 29 april 2021 21:02:14 - Commandline		: StopAppPool "MNet"
donderdag 29 april 2021 21:02:14 - Commandline		: StopAppPool "DefaultAppPool"
donderdag 29 april 2021 21:02:14 - Commandline		: StopAppPool "WSDMS"
donderdag 29 april 2021 21:02:14 - Commandline		: StopAppPool "WSDmsDataRepository"
donderdag 29 april 2021 21:02:15 - Commandline		: StopAppPool "BaloiseBackend"
donderdag 29 april 2021 21:02:15 - Commandline		: StopAppPool "CDS"
donderdag 29 april 2021 21:02:15 - Commandline		: StopAppPool "MercatorNet.BoServices"
donderdag 29 april 2021 21:02:15 - Commandline		: StopAppPool "Mercator.Portima.Monitoring"
donderdag 29 april 2021 21:02:15 - Commandline		: StopAppPool "Mercator.Portima"
donderdag 29 april 2021 21:02:15 - Commandline		: StopAppPool "Mercator.Eai.Tools.Wsc"
donderdag 29 april 2021 21:02:15 - Commandline		: StopAppPool "Mercator.EAI.Framework.WebServices"
donderdag 29 april 2021 21:02:15 - Commandline		: StopService "World Wide Web Publishing Service"
donderdag 29 april 2021 21:02:15 - Commandline		: StopService "Baloise Backend"
donderdag 29 april 2021 21:02:15 - Commandline		: StopService "Baloise Central Data Store"
donderdag 29 april 2021 21:02:15 - Commandline		: StopService "Baloise SyncTaskToDMS"
donderdag 29 april 2021 21:02:16 - Commandline		: StopService "Mercator DMS Bulk Insert"
donderdag 29 april 2021 21:02:16 - Commandline		: StopService "Mercator DMS Import Portima Attachments"
donderdag 29 april 2021 21:02:16 - Commandline		: StopService "Mercator DMS MailImport Service"
donderdag 29 april 2021 21:02:16 - Commandline		: StopService "Mercator Xpim Document Store"
donderdag 29 april 2021 21:02:17 - Commandline		: StopService "Mercator Document Store"
donderdag 29 april 2021 21:02:17 - Commandline		: StopService "BaloiseDmsBatchService"
donderdag 29 april 2021 21:02:17 - Commandline		: StopService "Mercator Document Management System Service"
donderdag 29 april 2021 21:02:17 - Commandline		: StopService "Mercator Document Management System Async Service"
donderdag 29 april 2021 21:02:17 - Commandline		: StopService "Mercator Document Management System Batch Avero Service"
donderdag 29 april 2021 21:02:18 - Commandline		: StopService "Mercator DMS Pdf Conversion Call"
donderdag 29 april 2021 21:02:18 - Commandline		: StopService "MercatorNET SCV Batch Service"
donderdag 29 april 2021 21:02:18 - Commandline		: StopService "Mercator Organization Data"
donderdag 29 april 2021 21:02:18 - Commandline		: StopService "Mercator Document Generation"
donderdag 29 april 2021 21:02:18 - Commandline		: StopService "Mercator Document Delivery"
donderdag 29 april 2021 21:02:18 - Commandline		: StopService "Steria's Dispatcher Service"
donderdag 29 april 2021 21:02:18 - Commandline		: StopService "Mercator.Integration.EAI.3.9.Listener"
donderdag 29 april 2021 21:02:18 - Commandline		: RemoveDirectory "C:\WINDOWS\Microsoft.NET\Framework\v4.0.30319\Temporary ASP.NET Files\cds"
donderdag 29 april 2021 21:02:18 - Commandline		: RemoveDirectory "C:\WINDOWS\Microsoft.NET\Framework\v2.0.50727\Temporary ASP.NET Files\mercatornet.boservices"
donderdag 29 april 2021 21:02:19 - Commandline		: RemoveDirectory "C:\WINDOWS\Microsoft.NET\Framework\v2.0.50727\Temporary ASP.NET Files\mercator.eai.framework.webservices"
donderdag 29 april 2021 21:02:19 - Commandline		: RemoveDirectory "C:\WINDOWS\Microsoft.NET\Framework\v2.0.50727\Temporary ASP.NET Files\mercator.eai.tools.wsc"
donderdag 29 april 2021 21:02:19 - Commandline		: RemoveDirectory "C:\WINDOWS\Microsoft.NET\Framework\v2.0.50727\Temporary ASP.NET Files\Mercator.Portima.Monitoring"
donderdag 29 april 2021 21:02:19 - Commandline		: RemoveDirectory "C:\WINDOWS\Microsoft.NET\Framework\v2.0.50727\Temporary ASP.NET Files\Mercator.Portima"
donderdag 29 april 2021 21:02:19 - Commandline		: RemoveDirectory "C:\WINDOWS\Microsoft.NET\Framework\v2.0.50727\Temporary ASP.NET Files\WSDMS"
donderdag 29 april 2021 21:02:19 - Commandline		: RemoveDirectory "C:\WINDOWS\Microsoft.NET\Framework\v2.0.50727\Temporary ASP.NET Files\wsdmsdatarepository"
donderdag 29 april 2021 21:02:19 - Commandline		: EnableWSUSReboot ""
donderdag 29 april 2021 21:02:19 - ================================svw-be-webp03.balgroupit.com======================================
donderdag 29 april 2021 21:02:20 - ================================svw-be-signp001.balgroupit.com======================================
donderdag 29 april 2021 21:02:21 - Commandline		: StopService "Portima BrokerSign"
donderdag 29 april 2021 21:02:21 - ================================svw-be-signp001.balgroupit.com======================================
donderdag 29 april 2021 21:02:21 - ================================shw-me-pweb06.balgroupit.com======================================
donderdag 29 april 2021 21:02:21 -  shw-me-pweb06.balgroupit.com remote session could not be created.
donderdag 29 april 2021 21:02:21 - ================================shw-me-pweb06.balgroupit.com======================================
donderdag 29 april 2021 21:02:21 - ================================shw-me-pweb56.balgroupit.com======================================
donderdag 29 april 2021 21:02:21 -  shw-me-pweb56.balgroupit.com remote session could not be created.
donderdag 29 april 2021 21:02:21 - ================================shw-me-pweb56.balgroupit.com======================================
donderdag 29 april 2021 21:02:24 - ================================svw-be-adlibp01.balgroupit.com======================================
donderdag 29 april 2021 21:02:32 - Commandline		: EnableWSUSReboot ""
donderdag 29 april 2021 21:02:32 - ================================svw-be-adlibp01.balgroupit.com======================================
donderdag 29 april 2021 21:02:33 - ================================svw-be-adlibp02.balgroupit.com======================================
donderdag 29 april 2021 21:02:34 - Commandline		: EnableWSUSReboot ""
donderdag 29 april 2021 21:02:34 - ================================svw-be-adlibp02.balgroupit.com======================================
donderdag 29 april 2021 21:02:35 - ================================svw-be-adlibp03.balgroupit.com======================================
donderdag 29 april 2021 21:02:43 - Commandline		: EnableWSUSReboot ""
donderdag 29 april 2021 21:02:43 - ================================svw-be-adlibp03.balgroupit.com======================================
donderdag 29 april 2021 21:02:47 - ================================svw-be-adlibp04.balgroupit.com======================================
donderdag 29 april 2021 21:02:48 - Commandline		: EnableWSUSReboot ""
donderdag 29 april 2021 21:02:48 - ================================svw-be-adlibp04.balgroupit.com======================================
donderdag 29 april 2021 21:02:49 - ================================svw-be-adlibp05.balgroupit.com======================================
donderdag 29 april 2021 21:02:54 - Commandline		: EnableWSUSReboot ""
donderdag 29 april 2021 21:02:54 - ================================svw-be-adlibp05.balgroupit.com======================================
donderdag 29 april 2021 21:02:57 - ================================svw-be-adlibp06.balgroupit.com======================================
donderdag 29 april 2021 21:03:02 - Commandline		: EnableWSUSReboot ""
donderdag 29 april 2021 21:03:02 - ================================svw-be-adlibp06.balgroupit.com======================================
donderdag 29 april 2021 21:03:03 - ================================svw-be-adlibp07.balgroupit.com======================================
donderdag 29 april 2021 21:03:08 - Commandline		: EnableWSUSReboot ""
donderdag 29 april 2021 21:03:08 - ================================svw-be-adlibp07.balgroupit.com======================================
donderdag 29 april 2021 21:03:09 - ================================svw-be-dmsp001.balgroupit.com======================================
donderdag 29 april 2021 21:03:16 - Commandline		: EnableWSUSReboot ""
donderdag 29 april 2021 21:03:16 - ================================svw-be-dmsp001.balgroupit.com======================================
donderdag 29 april 2021 21:03:18 - ================================svw-be-dmsp002.balgroupit.com======================================
donderdag 29 april 2021 21:03:26 - Commandline		: EnableWSUSReboot ""
donderdag 29 april 2021 21:03:26 - ================================svw-be-dmsp002.balgroupit.com======================================
donderdag 29 april 2021 21:03:27 - ================================svw-be-dmsp03.balgroupit.com======================================
donderdag 29 april 2021 21:03:34 - Commandline		: EnableWSUSReboot ""
donderdag 29 april 2021 21:03:34 - Commandline		: StopService "Execute360 Archive Manager"
donderdag 29 april 2021 21:03:49 - ================================svw-be-dmsp03.balgroupit.com======================================
donderdag 29 april 2021 21:03:50 - ================================dms-bp01.balgroupit.com======================================
donderdag 29 april 2021 21:03:51 - Commandline		: EnableWSUSReboot ""
donderdag 29 april 2021 21:03:51 - ================================dms-bp01.balgroupit.com======================================
donderdag 29 april 2021 21:03:52 - ================================dms-bp01-file.balgroupit.com======================================
donderdag 29 april 2021 21:03:53 - Commandline		: EnableWSUSReboot ""
donderdag 29 april 2021 21:03:54 - ================================dms-bp01-file.balgroupit.com======================================
donderdag 29 april 2021 21:03:54 - ================================dms-bp01-g360.balgroupit.com======================================
donderdag 29 april 2021 21:03:55 - Commandline		: EnableWSUSReboot ""
donderdag 29 april 2021 21:03:56 - ================================dms-bp01-g360.balgroupit.com======================================
donderdag 29 april 2021 21:03:56 - ================================SVW-BE-WEBFP001.balgroupit.com======================================
donderdag 29 april 2021 21:04:58 - Commandline		: StopAppPool "DefaultAppPool"
donderdag 29 april 2021 21:04:58 - Commandline		: StopAppPool "ED"
donderdag 29 april 2021 21:04:58 - Commandline		: StopAppPool "EmployeeBenefits"
donderdag 29 april 2021 21:04:58 - Commandline		: StopAppPool "EtlLogViewer"
donderdag 29 april 2021 21:04:58 - Commandline		: StopAppPool "LevenAansluitingsverklaring"
donderdag 29 april 2021 21:04:58 - Commandline		: StopAppPool "LevenWijzigingsFormulier"
donderdag 29 april 2021 21:04:58 - Commandline		: StopAppPool "MercatorNet.RMMain"
donderdag 29 april 2021 21:04:58 - Commandline		: StopAppPool "MercatorNet.WSDeploy_3_0"
donderdag 29 april 2021 21:04:58 - Commandline		: StopAppPool "MercatorNet.WSMain"
donderdag 29 april 2021 21:04:58 - Commandline		: StopAppPool "MercatorNet.WSServices"
donderdag 29 april 2021 21:04:59 - Commandline		: StopAppPool "MercatorNet.WSTariff"
donderdag 29 april 2021 21:04:59 - Commandline		: StopAppPool "MercatorNetBroker.WSDeploy_3_0"
donderdag 29 april 2021 21:04:59 - Commandline		: StopAppPool "MercatorNetBroker.WSMain"
donderdag 29 april 2021 21:04:59 - Commandline		: StopAppPool "MercatorWebSite"
donderdag 29 april 2021 21:04:59 - Commandline		: StopAppPool "MyBaloiseBroker"
donderdag 29 april 2021 21:04:59 - Commandline		: StopAppPool "MyBaloiseInternal"
donderdag 29 april 2021 21:04:59 - Commandline		: StopAppPool "MWebBvb"
donderdag 29 april 2021 21:04:59 - Commandline		: StopAppPool "ScvWebService"
donderdag 29 april 2021 21:04:59 - Commandline		: StopWebsite "OnlineDocuments"
donderdag 29 april 2021 21:04:59 - Commandline		: StopWebsite "MNet"
donderdag 29 april 2021 21:04:59 - Commandline		: StopWebsite "MWebBvb"
donderdag 29 april 2021 21:04:59 - Commandline		: StopService "World Wide Web Publishing Service"
donderdag 29 april 2021 21:04:59 - Commandline		: RemoveDirectory "C:\WINDOWS\Microsoft.NET\Framework\v2.0.50727\Temporary ASP.NET Files\levenaansluitingsverklaring"
donderdag 29 april 2021 21:05:00 - Commandline		: RemoveDirectory "C:\WINDOWS\Microsoft.NET\Framework\v2.0.50727\Temporary ASP.NET Files\levenwijzigingsformulier"
donderdag 29 april 2021 21:05:00 - Commandline		: RemoveDirectory "C:\WINDOWS\Microsoft.NET\Framework\v2.0.50727\Temporary ASP.NET Files\ed"
donderdag 29 april 2021 21:05:00 - Commandline		: RemoveDirectory "C:\WINDOWS\Microsoft.NET\Framework\v2.0.50727\Temporary ASP.NET Files\mercatornet.rmmain"
donderdag 29 april 2021 21:05:00 - Commandline		: RemoveDirectory "C:\WINDOWS\Microsoft.NET\Framework\v2.0.50727\Temporary ASP.NET Files\mercatornet.wsdeploy_3_0"
donderdag 29 april 2021 21:05:00 - Commandline		: RemoveDirectory "C:\WINDOWS\Microsoft.NET\Framework\v2.0.50727\Temporary ASP.NET Files\mercatornet.wsmain"
donderdag 29 april 2021 21:05:00 - Commandline		: RemoveDirectory "C:\WINDOWS\Microsoft.NET\Framework\v2.0.50727\Temporary ASP.NET Files\mercatornet.wsservices"
donderdag 29 april 2021 21:05:00 - Commandline		: RemoveDirectory "C:\WINDOWS\Microsoft.NET\Framework\v2.0.50727\Temporary ASP.NET Files\mercatornet.wstariff"
donderdag 29 april 2021 21:05:00 - Commandline		: RemoveDirectory "C:\WINDOWS\Microsoft.NET\Framework\v2.0.50727\Temporary ASP.NET Files\mercatornetbroker.wsdeploy_3_0"
donderdag 29 april 2021 21:05:00 - Commandline		: RemoveDirectory "C:\WINDOWS\Microsoft.NET\Framework\v2.0.50727\Temporary ASP.NET Files\mercatornetbroker.wsmain"
donderdag 29 april 2021 21:05:00 - Commandline		: RemoveDirectory "C:\WINDOWS\Microsoft.NET\Framework\v2.0.50727\Temporary ASP.NET Files\mercatornethelppages"
donderdag 29 april 2021 21:05:00 - Commandline		: RemoveDirectory "C:\WINDOWS\Microsoft.NET\Framework\v2.0.50727\Temporary ASP.NET Files\scvwebservice"
donderdag 29 april 2021 21:05:00 - Commandline		: EnableWSUSReboot ""
donderdag 29 april 2021 21:05:00 - ================================SVW-BE-WEBFP001.balgroupit.com======================================
donderdag 29 april 2021 21:05:01 - ================================SVW-BE-WEBFP002.balgroupit.com======================================
donderdag 29 april 2021 21:05:09 - Commandline		: StopAppPool "DefaultAppPool"
donderdag 29 april 2021 21:05:09 - Commandline		: StopAppPool "ED"
donderdag 29 april 2021 21:05:09 - Commandline		: StopAppPool "EmployeeBenefits"
donderdag 29 april 2021 21:05:09 - Commandline		: StopAppPool "EtlLogViewer"
donderdag 29 april 2021 21:05:09 - Commandline		: StopAppPool "LevenAansluitingsverklaring"
donderdag 29 april 2021 21:05:10 - Commandline		: StopAppPool "LevenWijzigingsFormulier"
donderdag 29 april 2021 21:05:10 - Commandline		: StopAppPool "MercatorNet.RMMain"
donderdag 29 april 2021 21:05:10 - Commandline		: StopAppPool "MercatorNet.WSDeploy_3_0"
donderdag 29 april 2021 21:05:10 - Commandline		: StopAppPool "MercatorNet.WSMain"
donderdag 29 april 2021 21:05:10 - Commandline		: StopAppPool "MercatorNet.WSServices"
donderdag 29 april 2021 21:05:10 - Commandline		: StopAppPool "MercatorNet.WSTariff"
donderdag 29 april 2021 21:05:10 - Commandline		: StopAppPool "MercatorNetBroker.WSDeploy_3_0"
donderdag 29 april 2021 21:05:10 - Commandline		: StopAppPool "MercatorNetBroker.WSMain"
donderdag 29 april 2021 21:05:10 - Commandline		: StopAppPool "MercatorWebSite"
donderdag 29 april 2021 21:05:10 - Commandline		: StopAppPool "MyBaloiseBroker"
donderdag 29 april 2021 21:05:10 - Commandline		: StopAppPool "MyBaloiseInternal"
donderdag 29 april 2021 21:05:10 - Commandline		: StopAppPool "MWebBvb"
donderdag 29 april 2021 21:05:10 - Commandline		: StopAppPool "ScvWebService"
donderdag 29 april 2021 21:05:11 - Commandline		: StopWebsite "OnlineDocuments"
donderdag 29 april 2021 21:05:11 - Commandline		: StopWebsite "MNet"
donderdag 29 april 2021 21:05:11 - Commandline		: StopWebsite "MWebBvb"
donderdag 29 april 2021 21:05:11 - Commandline		: StopService "World Wide Web Publishing Service"
donderdag 29 april 2021 21:05:11 - Commandline		: RemoveDirectory "C:\WINDOWS\Microsoft.NET\Framework\v2.0.50727\Temporary ASP.NET Files\levenaansluitingsverklaring"
donderdag 29 april 2021 21:05:11 - Commandline		: RemoveDirectory "C:\WINDOWS\Microsoft.NET\Framework\v2.0.50727\Temporary ASP.NET Files\levenwijzigingsformulier"
donderdag 29 april 2021 21:05:11 - Commandline		: RemoveDirectory "C:\WINDOWS\Microsoft.NET\Framework\v2.0.50727\Temporary ASP.NET Files\ed"
donderdag 29 april 2021 21:05:11 - Commandline		: RemoveDirectory "C:\WINDOWS\Microsoft.NET\Framework\v2.0.50727\Temporary ASP.NET Files\mercatornet.rmmain"
donderdag 29 april 2021 21:05:11 - Commandline		: RemoveDirectory "C:\WINDOWS\Microsoft.NET\Framework\v2.0.50727\Temporary ASP.NET Files\mercatornet.wsdeploy_3_0"
donderdag 29 april 2021 21:05:11 - Commandline		: RemoveDirectory "C:\WINDOWS\Microsoft.NET\Framework\v2.0.50727\Temporary ASP.NET Files\mercatornet.wsmain"
donderdag 29 april 2021 21:05:11 - Commandline		: RemoveDirectory "C:\WINDOWS\Microsoft.NET\Framework\v2.0.50727\Temporary ASP.NET Files\mercatornet.wsservices"
donderdag 29 april 2021 21:05:11 - Commandline		: RemoveDirectory "C:\WINDOWS\Microsoft.NET\Framework\v2.0.50727\Temporary ASP.NET Files\mercatornet.wstariff"
donderdag 29 april 2021 21:05:11 - Commandline		: RemoveDirectory "C:\WINDOWS\Microsoft.NET\Framework\v2.0.50727\Temporary ASP.NET Files\mercatornetbroker.wsdeploy_3_0"
donderdag 29 april 2021 21:05:11 - Commandline		: RemoveDirectory "C:\WINDOWS\Microsoft.NET\Framework\v2.0.50727\Temporary ASP.NET Files\mercatornetbroker.wsmain"
donderdag 29 april 2021 21:05:11 - Commandline		: RemoveDirectory "C:\WINDOWS\Microsoft.NET\Framework\v2.0.50727\Temporary ASP.NET Files\mercatornethelppages"
donderdag 29 april 2021 21:05:11 - Commandline		: RemoveDirectory "C:\WINDOWS\Microsoft.NET\Framework\v2.0.50727\Temporary ASP.NET Files\scvwebservice"
donderdag 29 april 2021 21:05:11 - Commandline		: EnableWSUSReboot ""
donderdag 29 april 2021 21:05:12 - ================================SVW-BE-WEBFP002.balgroupit.com======================================
donderdag 29 april 2021 21:05:13 - ================================SVW-BE-WEBFP003.balgroupit.com======================================
donderdag 29 april 2021 21:05:21 - Commandline		: StopAppPool "DefaultAppPool"
donderdag 29 april 2021 21:05:21 - Commandline		: StopAppPool "ED"
donderdag 29 april 2021 21:05:21 - Commandline		: StopAppPool "EmployeeBenefits"
donderdag 29 april 2021 21:05:21 - Commandline		: StopAppPool "EtlLogViewer"
donderdag 29 april 2021 21:05:21 - Commandline		: StopAppPool "LevenAansluitingsverklaring"
donderdag 29 april 2021 21:05:21 - Commandline		: StopAppPool "LevenWijzigingsFormulier"
donderdag 29 april 2021 21:05:21 - Commandline		: StopAppPool "MercatorNet.RMMain"
donderdag 29 april 2021 21:05:21 - Commandline		: StopAppPool "MercatorNet.WSDeploy_3_0"
donderdag 29 april 2021 21:05:21 - Commandline		: StopAppPool "MercatorNet.WSMain"
donderdag 29 april 2021 21:05:21 - Commandline		: StopAppPool "MercatorNet.WSServices"
donderdag 29 april 2021 21:05:22 - Commandline		: StopAppPool "MercatorNet.WSTariff"
donderdag 29 april 2021 21:05:22 - Commandline		: StopAppPool "MercatorNetBroker.WSDeploy_3_0"
donderdag 29 april 2021 21:05:22 - Commandline		: StopAppPool "MercatorNetBroker.WSMain"
donderdag 29 april 2021 21:05:22 - Commandline		: StopAppPool "MercatorWebSite"
donderdag 29 april 2021 21:05:22 - Commandline		: StopAppPool "MyBaloiseBroker"
donderdag 29 april 2021 21:05:22 - Commandline		: StopAppPool "MyBaloiseInternal"
donderdag 29 april 2021 21:05:22 - Commandline		: StopAppPool "MWebBvb"
donderdag 29 april 2021 21:05:22 - Commandline		: StopAppPool "ScvWebService"
donderdag 29 april 2021 21:05:22 - Commandline		: StopWebsite "OnlineDocuments"
donderdag 29 april 2021 21:05:22 - Commandline		: StopWebsite "MNet"
donderdag 29 april 2021 21:05:22 - Commandline		: StopWebsite "MWebBvb"
donderdag 29 april 2021 21:05:22 - Commandline		: StopService "World Wide Web Publishing Service"
donderdag 29 april 2021 21:05:22 - Commandline		: RemoveDirectory "C:\WINDOWS\Microsoft.NET\Framework\v2.0.50727\Temporary ASP.NET Files\levenaansluitingsverklaring"
donderdag 29 april 2021 21:05:23 - Commandline		: RemoveDirectory "C:\WINDOWS\Microsoft.NET\Framework\v2.0.50727\Temporary ASP.NET Files\levenwijzigingsformulier"
donderdag 29 april 2021 21:05:23 - Commandline		: RemoveDirectory "C:\WINDOWS\Microsoft.NET\Framework\v2.0.50727\Temporary ASP.NET Files\ed"
donderdag 29 april 2021 21:05:23 - Commandline		: RemoveDirectory "C:\WINDOWS\Microsoft.NET\Framework\v2.0.50727\Temporary ASP.NET Files\mercatornet.rmmain"
donderdag 29 april 2021 21:05:23 - Commandline		: RemoveDirectory "C:\WINDOWS\Microsoft.NET\Framework\v2.0.50727\Temporary ASP.NET Files\mercatornet.wsdeploy_3_0"
donderdag 29 april 2021 21:05:23 - Commandline		: RemoveDirectory "C:\WINDOWS\Microsoft.NET\Framework\v2.0.50727\Temporary ASP.NET Files\mercatornet.wsmain"
donderdag 29 april 2021 21:05:23 - Commandline		: RemoveDirectory "C:\WINDOWS\Microsoft.NET\Framework\v2.0.50727\Temporary ASP.NET Files\mercatornet.wsservices"
donderdag 29 april 2021 21:05:23 - Commandline		: RemoveDirectory "C:\WINDOWS\Microsoft.NET\Framework\v2.0.50727\Temporary ASP.NET Files\mercatornet.wstariff"
donderdag 29 april 2021 21:05:23 - Commandline		: RemoveDirectory "C:\WINDOWS\Microsoft.NET\Framework\v2.0.50727\Temporary ASP.NET Files\mercatornetbroker.wsdeploy_3_0"
donderdag 29 april 2021 21:05:23 - Commandline		: RemoveDirectory "C:\WINDOWS\Microsoft.NET\Framework\v2.0.50727\Temporary ASP.NET Files\mercatornetbroker.wsmain"
donderdag 29 april 2021 21:05:23 - Commandline		: RemoveDirectory "C:\WINDOWS\Microsoft.NET\Framework\v2.0.50727\Temporary ASP.NET Files\mercatornethelppages"
donderdag 29 april 2021 21:05:23 - Commandline		: RemoveDirectory "C:\WINDOWS\Microsoft.NET\Framework\v2.0.50727\Temporary ASP.NET Files\scvwebservice"
donderdag 29 april 2021 21:05:23 - Commandline		: EnableWSUSReboot ""
donderdag 29 april 2021 21:05:23 - ================================SVW-BE-WEBFP003.balgroupit.com======================================
donderdag 29 april 2021 21:05:24 - ================================SVW-BE-WEBFP004.balgroupit.com======================================
donderdag 29 april 2021 21:05:31 - Commandline		: StopAppPool "DefaultAppPool"
donderdag 29 april 2021 21:05:32 - Commandline		: StopAppPool "ED"
donderdag 29 april 2021 21:05:32 - Commandline		: StopAppPool "EmployeeBenefits"
donderdag 29 april 2021 21:05:32 - Commandline		: StopAppPool "EtlLogViewer"
donderdag 29 april 2021 21:05:32 - Commandline		: StopAppPool "LevenAansluitingsverklaring"
donderdag 29 april 2021 21:05:32 - Commandline		: StopAppPool "LevenWijzigingsFormulier"
donderdag 29 april 2021 21:05:32 - Commandline		: StopAppPool "MercatorNet.RMMain"
donderdag 29 april 2021 21:05:32 - Commandline		: StopAppPool "MercatorNet.WSDeploy_3_0"
donderdag 29 april 2021 21:05:32 - Commandline		: StopAppPool "MercatorNet.WSMain"
donderdag 29 april 2021 21:05:32 - Commandline		: StopAppPool "MercatorNet.WSServices"
donderdag 29 april 2021 21:05:32 - Commandline		: StopAppPool "MercatorNet.WSTariff"
donderdag 29 april 2021 21:05:33 - Commandline		: StopAppPool "MercatorNetBroker.WSDeploy_3_0"
donderdag 29 april 2021 21:05:33 - Commandline		: StopAppPool "MercatorNetBroker.WSMain"
donderdag 29 april 2021 21:05:33 - Commandline		: StopAppPool "MercatorWebSite"
donderdag 29 april 2021 21:05:33 - Commandline		: StopAppPool "MyBaloiseBroker"
donderdag 29 april 2021 21:05:33 - Commandline		: StopAppPool "MyBaloiseInternal"
donderdag 29 april 2021 21:05:33 - Commandline		: StopAppPool "MWebBvb"
donderdag 29 april 2021 21:05:33 - Commandline		: StopAppPool "ScvWebService"
donderdag 29 april 2021 21:05:33 - Commandline		: StopWebsite "OnlineDocuments"
donderdag 29 april 2021 21:05:33 - Commandline		: StopWebsite "MNet"
donderdag 29 april 2021 21:05:33 - Commandline		: StopWebsite "MWebBvb"
donderdag 29 april 2021 21:05:33 - Commandline		: StopService "World Wide Web Publishing Service"
donderdag 29 april 2021 21:05:33 - Commandline		: RemoveDirectory "C:\WINDOWS\Microsoft.NET\Framework\v2.0.50727\Temporary ASP.NET Files\levenaansluitingsverklaring"
donderdag 29 april 2021 21:05:34 - Commandline		: RemoveDirectory "C:\WINDOWS\Microsoft.NET\Framework\v2.0.50727\Temporary ASP.NET Files\levenwijzigingsformulier"
donderdag 29 april 2021 21:05:34 - Commandline		: RemoveDirectory "C:\WINDOWS\Microsoft.NET\Framework\v2.0.50727\Temporary ASP.NET Files\ed"
donderdag 29 april 2021 21:05:34 - Commandline		: RemoveDirectory "C:\WINDOWS\Microsoft.NET\Framework\v2.0.50727\Temporary ASP.NET Files\mercatornet.rmmain"
donderdag 29 april 2021 21:05:34 - Commandline		: RemoveDirectory "C:\WINDOWS\Microsoft.NET\Framework\v2.0.50727\Temporary ASP.NET Files\mercatornet.wsdeploy_3_0"
donderdag 29 april 2021 21:05:34 - Commandline		: RemoveDirectory "C:\WINDOWS\Microsoft.NET\Framework\v2.0.50727\Temporary ASP.NET Files\mercatornet.wsmain"
donderdag 29 april 2021 21:05:34 - Commandline		: RemoveDirectory "C:\WINDOWS\Microsoft.NET\Framework\v2.0.50727\Temporary ASP.NET Files\mercatornet.wsservices"
donderdag 29 april 2021 21:05:34 - Commandline		: RemoveDirectory "C:\WINDOWS\Microsoft.NET\Framework\v2.0.50727\Temporary ASP.NET Files\mercatornet.wstariff"
donderdag 29 april 2021 21:05:34 - Commandline		: RemoveDirectory "C:\WINDOWS\Microsoft.NET\Framework\v2.0.50727\Temporary ASP.NET Files\mercatornetbroker.wsdeploy_3_0"
donderdag 29 april 2021 21:05:34 - Commandline		: RemoveDirectory "C:\WINDOWS\Microsoft.NET\Framework\v2.0.50727\Temporary ASP.NET Files\mercatornetbroker.wsmain"
donderdag 29 april 2021 21:05:34 - Commandline		: RemoveDirectory "C:\WINDOWS\Microsoft.NET\Framework\v2.0.50727\Temporary ASP.NET Files\mercatornethelppages"
donderdag 29 april 2021 21:05:34 - Commandline		: RemoveDirectory "C:\WINDOWS\Microsoft.NET\Framework\v2.0.50727\Temporary ASP.NET Files\scvwebservice"
donderdag 29 april 2021 21:05:34 - Commandline		: EnableWSUSReboot ""
donderdag 29 april 2021 21:05:34 - ================================SVW-BE-WEBFP004.balgroupit.com======================================
donderdag 29 april 2021 21:05:35 - ================================svw-be-bizp001.balgroupit.com======================================
donderdag 29 april 2021 21:05:42 - Commandline		: StopService "Mercator Managed File Transfer"
donderdag 29 april 2021 21:05:42 - Commandline		: StopService "Mercator Esb Process Initializer"
donderdag 29 april 2021 21:05:43 - Commandline		: EnableWSUSReboot ""
donderdag 29 april 2021 21:05:43 - ================================svw-be-bizp001.balgroupit.com======================================
donderdag 29 april 2021 21:05:43 - ================================svw-be-bizp002.balgroupit.com======================================
donderdag 29 april 2021 21:05:51 - Commandline		: StopService "Mercator Managed File Transfer"
donderdag 29 april 2021 21:05:51 - Commandline		: StopService "Mercator Esb Process Initializer"
donderdag 29 april 2021 21:05:51 - Commandline		: EnableWSUSReboot ""
donderdag 29 april 2021 21:05:51 - ================================svw-be-bizp002.balgroupit.com======================================
donderdag 29 april 2021 21:05:52 - ================================svw-be-bizp003.balgroupit.com======================================
donderdag 29 april 2021 21:05:59 - Commandline		: StopService "Mercator Managed File Transfer"
donderdag 29 april 2021 21:06:00 - Commandline		: StopService "Mercator Esb Process Initializer"
donderdag 29 april 2021 21:06:00 - Commandline		: EnableWSUSReboot ""
donderdag 29 april 2021 21:06:00 - ================================svw-be-bizp003.balgroupit.com======================================
donderdag 29 april 2021 21:06:00 - ================================svw-be-bizp004.balgroupit.com======================================
donderdag 29 april 2021 21:06:08 - Commandline		: StopService "Mercator Managed File Transfer"
donderdag 29 april 2021 21:06:08 - Commandline		: StopService "Mercator Esb Process Initializer"
donderdag 29 april 2021 21:06:09 - Commandline		: EnableWSUSReboot ""
donderdag 29 april 2021 21:06:09 - ================================svw-be-bizp004.balgroupit.com======================================
donderdag 29 april 2021 21:06:10 - ================================svw-be-portp01.balgroupit.com======================================
donderdag 29 april 2021 21:06:18 - Commandline		: stopAppPool "AL2AppPool64v2"
donderdag 29 april 2021 21:06:19 - Commandline		: stopAppPool "ALAppPool64v2"
donderdag 29 april 2021 21:06:19 - Commandline		: StopWebsite "WCI"
donderdag 29 april 2021 21:06:19 - Commandline		: StopWebsite "Default Web Site"
donderdag 29 april 2021 21:06:19 - Commandline		: EnableWSUSReboot ""
donderdag 29 april 2021 21:06:19 - ================================svw-be-portp01.balgroupit.com======================================
donderdag 29 april 2021 21:06:21 - ================================svw-be-portp03.balgroupit.com======================================
donderdag 29 april 2021 21:06:29 - Commandline		: stopAppPool "ALAppPool64v2"
donderdag 29 april 2021 21:06:30 - Commandline		: stopAppPool "Pool2"
donderdag 29 april 2021 21:06:30 - Commandline		: stopAppPool "Mercator.Portal.Portlets"
donderdag 29 april 2021 21:06:30 - Commandline		: stopAppPool "Mercator.Portal.WebService"
donderdag 29 april 2021 21:06:30 - Commandline		: stopAppPool "PortalASP"
donderdag 29 april 2021 21:06:30 - Commandline		: StopWebsite "WCI"
donderdag 29 april 2021 21:06:30 - Commandline		: StopWebsite "Default Web Site"
donderdag 29 april 2021 21:06:30 - Commandline		: StopWebsite "MercatorPortalWebService"
donderdag 29 april 2021 21:06:30 - Commandline		: StopService "Mercator.Portal.Scheduler"
donderdag 29 april 2021 21:06:32 - Commandline		: EnableWSUSReboot ""
donderdag 29 april 2021 21:06:32 - ================================svw-be-portp03.balgroupit.com======================================
donderdag 29 april 2021 21:06:32 - ================================svw-be-babsp001.balgroupit.com======================================
donderdag 29 april 2021 21:06:40 - Commandline		: EnableWSUSReboot ""
donderdag 29 april 2021 21:06:40 - ================================svw-be-babsp001.balgroupit.com======================================
donderdag 29 april 2021 21:06:40 - ================================svw-be-babsp002.balgroupit.com======================================
donderdag 29 april 2021 21:06:48 - Commandline		: EnableWSUSReboot ""
donderdag 29 april 2021 21:06:48 - ================================svw-be-babsp002.balgroupit.com======================================
donderdag 29 april 2021 21:06:48 - ================================svw-be-babbp001.balgroupit.com======================================
donderdag 29 april 2021 21:06:50 - Commandline		: StopService "Baloise BaloiseBackendBatch"
donderdag 29 april 2021 21:07:12 - Commandline		: EnableWSUSReboot ""
donderdag 29 april 2021 21:07:12 - ================================svw-be-babbp001.balgroupit.com======================================
donderdag 29 april 2021 21:07:13 - ================================svw-be-babbp002.balgroupit.com======================================
donderdag 29 april 2021 21:07:15 - Commandline		: StopService "Baloise BaloiseBackendBatch"
donderdag 29 april 2021 21:07:16 - Commandline		: EnableWSUSReboot ""
donderdag 29 april 2021 21:07:16 - ================================svw-be-babbp002.balgroupit.com======================================
donderdag 29 april 2021 21:07:16 - ================================svw-be-mftp001.balgroupit.com======================================
donderdag 29 april 2021 21:07:21 - Commandline		: StopService "Mercator Managed File Transfer"
donderdag 29 april 2021 21:07:21 - Commandline		: EnableWSUSReboot ""
donderdag 29 april 2021 21:07:21 - ================================svw-be-mftp001.balgroupit.com======================================
donderdag 29 april 2021 21:07:22 - ================================svw-be-mftp002.balgroupit.com======================================
donderdag 29 april 2021 21:07:22 - Commandline		: StopService "Mercator Managed File Transfer"
donderdag 29 april 2021 21:07:23 - Commandline		: EnableWSUSReboot ""
donderdag 29 april 2021 21:07:23 - ================================svw-be-mftp002.balgroupit.com======================================
donderdag 29 april 2021 21:07:23 - ================================svw-be-testp001.balgroupit.com======================================
donderdag 29 april 2021 21:07:23 -  svw-be-testp001.balgroupit.com remote session could not be created.
donderdag 29 april 2021 21:07:23 - ================================svw-be-testp001.balgroupit.com======================================
donderdag 29 april 2021 21:07:23 - ================================svw-be-testp002.balgroupit.com======================================
donderdag 29 april 2021 21:07:23 -  svw-be-testp002.balgroupit.com remote session could not be created.
donderdag 29 april 2021 21:07:23 - ================================svw-be-testp002.balgroupit.com======================================
