donderdag 30 juli 2020 21:01:28 - READING XML File :  \\balgroupit.com\appl_data\BBE\Transfer\Packages\Scripts\WSUS\Pcorp\Pcorp_Stop_All.xml
donderdag 30 juli 2020 21:01:28 - 
donderdag 30 juli 2020 21:01:30 - ================================svw-be-eaip01.balgroupit.com======================================
donderdag 30 juli 2020 21:01:33 - Commandline		: StopService "mercator.eai.docservice"
donderdag 30 juli 2020 21:01:33 - Commandline		: StopProcess "dllhost.exe"
donderdag 30 juli 2020 21:01:33 - Commandline		: StopProcess "winword.exe"
donderdag 30 juli 2020 21:01:33 - Commandline		: EnableWSUSReboot ""
donderdag 30 juli 2020 21:01:33 - ================================svw-be-eaip01.balgroupit.com======================================
donderdag 30 juli 2020 21:01:35 - ================================svw-be-eaip04.balgroupit.com======================================
donderdag 30 juli 2020 21:01:36 - Commandline		: StopService "mercator.eai.docservice"
donderdag 30 juli 2020 21:01:37 - Commandline		: StopProcess "dllhost.exe"
donderdag 30 juli 2020 21:01:37 - Commandline		: StopProcess "winword.exe"
donderdag 30 juli 2020 21:01:37 - Commandline		: EnableWSUSReboot ""
donderdag 30 juli 2020 21:01:37 - ================================svw-be-eaip04.balgroupit.com======================================
donderdag 30 juli 2020 21:01:40 - ================================svw-be-eaip05.balgroupit.com======================================
donderdag 30 juli 2020 21:01:42 - Commandline		: StopService "mercator.eai.docservice"
donderdag 30 juli 2020 21:01:43 - Commandline		: StopProcess "dllhost.exe"
donderdag 30 juli 2020 21:01:43 - Commandline		: StopProcess "winword.exe"
donderdag 30 juli 2020 21:01:43 - Commandline		: EnableWSUSReboot ""
donderdag 30 juli 2020 21:01:43 - ================================svw-be-eaip05.balgroupit.com======================================
donderdag 30 juli 2020 21:01:44 - ================================svw-be-webp02.balgroupit.com======================================
donderdag 30 juli 2020 21:01:51 - Commandline		: StopWebsite "DmsDataRepository"
donderdag 30 juli 2020 21:01:52 - Commandline		: StopWebsite "MNet"
donderdag 30 juli 2020 21:01:52 - Commandline		: StopAppPool "DefaultAppPool"
donderdag 30 juli 2020 21:01:52 - Commandline		: StopAppPool "WSDMS"
donderdag 30 juli 2020 21:01:52 - Commandline		: StopAppPool "WSDmsDataRepository"
donderdag 30 juli 2020 21:01:52 - Commandline		: StopAppPool "BaloiseBackend"
donderdag 30 juli 2020 21:01:52 - Commandline		: StopAppPool "CDS"
donderdag 30 juli 2020 21:01:52 - Commandline		: StopAppPool "MercatorNet.BoServices"
donderdag 30 juli 2020 21:01:52 - Commandline		: StopAppPool "Mercator.Portima.Monitoring"
donderdag 30 juli 2020 21:01:52 - Commandline		: StopAppPool "Mercator.Portima"
donderdag 30 juli 2020 21:01:52 - Commandline		: StopAppPool "Mercator.Eai.Tools.Wsc"
donderdag 30 juli 2020 21:01:53 - Commandline		: StopAppPool "Mercator.EAI.Framework.WebServices"
donderdag 30 juli 2020 21:01:53 - Commandline		: StopService "World Wide Web Publishing Service"
donderdag 30 juli 2020 21:01:53 - Commandline		: StopService "Baloise BaloiseBackendBatch"
donderdag 30 juli 2020 21:01:53 - Commandline		: StopService "Baloise CentralDataStore"
donderdag 30 juli 2020 21:01:54 - Commandline		: StopService "Baloise SyncTaskToDMS"
donderdag 30 juli 2020 21:01:54 - Commandline		: StopService "Mercator DMS Bulk Insert"
donderdag 30 juli 2020 21:01:54 - Commandline		: StopService "Mercator DMS Import Portima Attachments"
donderdag 30 juli 2020 21:01:54 - Commandline		: StopService "Mercator DMS MailImport Service"
donderdag 30 juli 2020 21:01:54 - Commandline		: StopService "Mercator Xpim Document Store"
donderdag 30 juli 2020 21:01:54 - Commandline		: StopService "Mercator Document Store"
donderdag 30 juli 2020 21:01:54 - Commandline		: StopService "Mercator Document Store"
donderdag 30 juli 2020 21:01:54 - Commandline		: StopService "Mercator Document Management System Service"
donderdag 30 juli 2020 21:01:54 - Commandline		: StopService "Mercator Document Management System Async Service"
donderdag 30 juli 2020 21:01:54 - Commandline		: StopService "Mercator Document Management System Batch Avero Service"
donderdag 30 juli 2020 21:01:54 - Commandline		: StopService "Mercator DMS Pdf Conversion Call"
donderdag 30 juli 2020 21:01:54 - Commandline		: StopService "MercatorNET SCV Batch Service"
donderdag 30 juli 2020 21:01:55 - Commandline		: StopService "Mercator Organization Data"
donderdag 30 juli 2020 21:01:56 - Commandline		: StopService "Mercator Document Generation"
donderdag 30 juli 2020 21:01:56 - Commandline		: StopService "Mercator Document Delivery"
donderdag 30 juli 2020 21:01:56 - Commandline		: StopService "Steria's Dispatcher Service"
donderdag 30 juli 2020 21:01:56 - Commandline		: StopService "Mercator.Integration.EAI.3.9.Listener"
donderdag 30 juli 2020 21:01:57 - Commandline		: RemoveDirectory "C:\WINDOWS\Microsoft.NET\Framework\v4.0.30319\Temporary ASP.NET Files\cds"
donderdag 30 juli 2020 21:01:57 - Commandline		: RemoveDirectory "C:\WINDOWS\Microsoft.NET\Framework\v2.0.50727\Temporary ASP.NET Files\mercatornet.boservices"
donderdag 30 juli 2020 21:01:57 - Commandline		: RemoveDirectory "C:\WINDOWS\Microsoft.NET\Framework\v2.0.50727\Temporary ASP.NET Files\mercator.eai.framework.webservices"
donderdag 30 juli 2020 21:01:57 - Commandline		: RemoveDirectory "C:\WINDOWS\Microsoft.NET\Framework\v2.0.50727\Temporary ASP.NET Files\mercator.eai.tools.wsc"
donderdag 30 juli 2020 21:01:57 - Commandline		: RemoveDirectory "C:\WINDOWS\Microsoft.NET\Framework\v2.0.50727\Temporary ASP.NET Files\Mercator.Portima.Monitoring"
donderdag 30 juli 2020 21:01:57 - Commandline		: RemoveDirectory "C:\WINDOWS\Microsoft.NET\Framework\v2.0.50727\Temporary ASP.NET Files\Mercator.Portima"
donderdag 30 juli 2020 21:01:57 - Commandline		: RemoveDirectory "C:\WINDOWS\Microsoft.NET\Framework\v2.0.50727\Temporary ASP.NET Files\WSDMS"
donderdag 30 juli 2020 21:01:57 - Commandline		: RemoveDirectory "C:\WINDOWS\Microsoft.NET\Framework\v2.0.50727\Temporary ASP.NET Files\wsdmsdatarepository"
donderdag 30 juli 2020 21:01:57 - Commandline		: EnableWSUSReboot ""
donderdag 30 juli 2020 21:01:57 - ================================svw-be-webp02.balgroupit.com======================================
donderdag 30 juli 2020 21:01:58 - ================================svw-be-webp03.balgroupit.com======================================
donderdag 30 juli 2020 21:02:06 - Commandline		: StopWebsite "DmsDataRepository"
donderdag 30 juli 2020 21:02:06 - Commandline		: StopWebsite "MNet"
donderdag 30 juli 2020 21:02:06 - Commandline		: StopAppPool "MNet"
donderdag 30 juli 2020 21:02:06 - Commandline		: StopAppPool "DefaultAppPool"
donderdag 30 juli 2020 21:02:06 - Commandline		: StopAppPool "WSDMS"
donderdag 30 juli 2020 21:02:06 - Commandline		: StopAppPool "WSDmsDataRepository"
donderdag 30 juli 2020 21:02:06 - Commandline		: StopAppPool "BaloiseBackend"
donderdag 30 juli 2020 21:02:07 - Commandline		: StopAppPool "CDS"
donderdag 30 juli 2020 21:02:07 - Commandline		: StopAppPool "MercatorNet.BoServices"
donderdag 30 juli 2020 21:02:07 - Commandline		: StopAppPool "Mercator.Portima.Monitoring"
donderdag 30 juli 2020 21:02:07 - Commandline		: StopAppPool "Mercator.Portima"
donderdag 30 juli 2020 21:02:07 - Commandline		: StopAppPool "Mercator.Eai.Tools.Wsc"
donderdag 30 juli 2020 21:02:07 - Commandline		: StopAppPool "Mercator.EAI.Framework.WebServices"
donderdag 30 juli 2020 21:02:07 - Commandline		: StopService "World Wide Web Publishing Service"
donderdag 30 juli 2020 21:02:07 - Commandline		: StopService "Baloise Backend"
donderdag 30 juli 2020 21:02:07 - Commandline		: StopService "Baloise Central Data Store"
donderdag 30 juli 2020 21:02:07 - Commandline		: StopService "Baloise SyncTaskToDMS"
donderdag 30 juli 2020 21:02:08 - Commandline		: StopService "Mercator DMS Bulk Insert"
donderdag 30 juli 2020 21:02:08 - Commandline		: StopService "Mercator DMS Import Portima Attachments"
donderdag 30 juli 2020 21:02:08 - Commandline		: StopService "Mercator DMS MailImport Service"
donderdag 30 juli 2020 21:02:08 - Commandline		: StopService "Mercator Xpim Document Store"
donderdag 30 juli 2020 21:02:08 - Commandline		: StopService "Mercator Document Store"
donderdag 30 juli 2020 21:02:09 - Commandline		: StopService "BaloiseDmsBatchService"
donderdag 30 juli 2020 21:02:09 - Commandline		: StopService "Mercator Document Management System Service"
donderdag 30 juli 2020 21:02:09 - Commandline		: StopService "Mercator Document Management System Async Service"
donderdag 30 juli 2020 21:02:09 - Commandline		: StopService "Mercator Document Management System Batch Avero Service"
donderdag 30 juli 2020 21:02:10 - Commandline		: StopService "Mercator DMS Pdf Conversion Call"
donderdag 30 juli 2020 21:02:10 - Commandline		: StopService "MercatorNET SCV Batch Service"
donderdag 30 juli 2020 21:02:10 - Commandline		: StopService "Mercator Organization Data"
donderdag 30 juli 2020 21:02:10 - Commandline		: StopService "Mercator Document Generation"
donderdag 30 juli 2020 21:02:10 - Commandline		: StopService "Mercator Document Delivery"
donderdag 30 juli 2020 21:02:10 - Commandline		: StopService "Steria's Dispatcher Service"
donderdag 30 juli 2020 21:02:10 - Commandline		: StopService "Mercator.Integration.EAI.3.9.Listener"
donderdag 30 juli 2020 21:02:10 - Commandline		: RemoveDirectory "C:\WINDOWS\Microsoft.NET\Framework\v4.0.30319\Temporary ASP.NET Files\cds"
donderdag 30 juli 2020 21:02:11 - Commandline		: RemoveDirectory "C:\WINDOWS\Microsoft.NET\Framework\v2.0.50727\Temporary ASP.NET Files\mercatornet.boservices"
donderdag 30 juli 2020 21:02:11 - Commandline		: RemoveDirectory "C:\WINDOWS\Microsoft.NET\Framework\v2.0.50727\Temporary ASP.NET Files\mercator.eai.framework.webservices"
donderdag 30 juli 2020 21:02:11 - Commandline		: RemoveDirectory "C:\WINDOWS\Microsoft.NET\Framework\v2.0.50727\Temporary ASP.NET Files\mercator.eai.tools.wsc"
donderdag 30 juli 2020 21:02:11 - Commandline		: RemoveDirectory "C:\WINDOWS\Microsoft.NET\Framework\v2.0.50727\Temporary ASP.NET Files\Mercator.Portima.Monitoring"
donderdag 30 juli 2020 21:02:11 - Commandline		: RemoveDirectory "C:\WINDOWS\Microsoft.NET\Framework\v2.0.50727\Temporary ASP.NET Files\Mercator.Portima"
donderdag 30 juli 2020 21:02:11 - Commandline		: RemoveDirectory "C:\WINDOWS\Microsoft.NET\Framework\v2.0.50727\Temporary ASP.NET Files\WSDMS"
donderdag 30 juli 2020 21:02:11 - Commandline		: RemoveDirectory "C:\WINDOWS\Microsoft.NET\Framework\v2.0.50727\Temporary ASP.NET Files\wsdmsdatarepository"
donderdag 30 juli 2020 21:02:11 - Commandline		: EnableWSUSReboot ""
donderdag 30 juli 2020 21:02:11 - ================================svw-be-webp03.balgroupit.com======================================
donderdag 30 juli 2020 21:02:13 - ================================svw-be-signp001.balgroupit.com======================================
donderdag 30 juli 2020 21:02:14 - Commandline		: StopService "Portima BrokerSign"
donderdag 30 juli 2020 21:02:14 - ================================svw-be-signp001.balgroupit.com======================================
donderdag 30 juli 2020 21:02:15 - ================================shw-me-pweb06.balgroupit.com======================================
donderdag 30 juli 2020 21:02:23 - Commandline		: StopAppPool "DefaultAppPool"
donderdag 30 juli 2020 21:02:23 - Commandline		: StopAppPool "ED"
donderdag 30 juli 2020 21:02:23 - Commandline		: StopAppPool "EmployeeBenefits"
donderdag 30 juli 2020 21:02:23 - Commandline		: StopAppPool "EtlLogViewer"
donderdag 30 juli 2020 21:02:23 - Commandline		: StopAppPool "LevenAansluitingsverklaring"
donderdag 30 juli 2020 21:02:23 - Commandline		: StopAppPool "LevenWijzigingsFormulier"
donderdag 30 juli 2020 21:02:23 - Commandline		: StopAppPool "MercatorNet.RMMain"
donderdag 30 juli 2020 21:02:23 - Commandline		: StopAppPool "MercatorNet.WSDeploy_3_0"
donderdag 30 juli 2020 21:02:23 - Commandline		: StopAppPool "MercatorNet.WSMain"
donderdag 30 juli 2020 21:02:23 - Commandline		: StopAppPool "MercatorNet.WSServices"
donderdag 30 juli 2020 21:02:23 - Commandline		: StopAppPool "MercatorNet.WSTariff"
donderdag 30 juli 2020 21:02:24 - Commandline		: StopAppPool "MercatorNetBroker.WSDeploy_3_0"
donderdag 30 juli 2020 21:02:24 - Commandline		: StopAppPool "MercatorNetBroker.WSMain"
donderdag 30 juli 2020 21:02:24 - Commandline		: StopAppPool "MercatorWebSite"
donderdag 30 juli 2020 21:02:24 - Commandline		: StopAppPool "MyBaloiseBroker"
donderdag 30 juli 2020 21:02:24 - Commandline		: StopAppPool "MWebBvb"
donderdag 30 juli 2020 21:02:24 - Commandline		: StopAppPool "ScvWebService"
donderdag 30 juli 2020 21:02:24 - Commandline		: StopWebsite "OnlineDocuments"
donderdag 30 juli 2020 21:02:24 - Commandline		: StopWebsite "MNet"
donderdag 30 juli 2020 21:02:24 - Commandline		: StopWebsite "MWebBvb"
donderdag 30 juli 2020 21:02:24 - Commandline		: StopService "World Wide Web Publishing Service"
donderdag 30 juli 2020 21:02:24 - Commandline		: RemoveDirectory "C:\WINDOWS\Microsoft.NET\Framework\v2.0.50727\Temporary ASP.NET Files\levenaansluitingsverklaring"
donderdag 30 juli 2020 21:02:24 - Commandline		: RemoveDirectory "C:\WINDOWS\Microsoft.NET\Framework\v2.0.50727\Temporary ASP.NET Files\levenwijzigingsformulier"
donderdag 30 juli 2020 21:02:24 - Commandline		: RemoveDirectory "C:\WINDOWS\Microsoft.NET\Framework\v2.0.50727\Temporary ASP.NET Files\ed"
donderdag 30 juli 2020 21:02:25 - Commandline		: RemoveDirectory "C:\WINDOWS\Microsoft.NET\Framework\v2.0.50727\Temporary ASP.NET Files\mercatornet.rmmain"
donderdag 30 juli 2020 21:02:25 - Commandline		: RemoveDirectory "C:\WINDOWS\Microsoft.NET\Framework\v2.0.50727\Temporary ASP.NET Files\mercatornet.wsdeploy_3_0"
donderdag 30 juli 2020 21:02:25 - Commandline		: RemoveDirectory "C:\WINDOWS\Microsoft.NET\Framework\v2.0.50727\Temporary ASP.NET Files\mercatornet.wsmain"
donderdag 30 juli 2020 21:02:25 - Commandline		: RemoveDirectory "C:\WINDOWS\Microsoft.NET\Framework\v2.0.50727\Temporary ASP.NET Files\mercatornet.wsservices"
donderdag 30 juli 2020 21:02:25 - Commandline		: RemoveDirectory "C:\WINDOWS\Microsoft.NET\Framework\v2.0.50727\Temporary ASP.NET Files\mercatornet.wstariff"
donderdag 30 juli 2020 21:02:25 - Commandline		: RemoveDirectory "C:\WINDOWS\Microsoft.NET\Framework\v2.0.50727\Temporary ASP.NET Files\mercatornetbroker.wsdeploy_3_0"
donderdag 30 juli 2020 21:02:25 - Commandline		: RemoveDirectory "C:\WINDOWS\Microsoft.NET\Framework\v2.0.50727\Temporary ASP.NET Files\mercatornetbroker.wsmain"
donderdag 30 juli 2020 21:02:25 - Commandline		: RemoveDirectory "C:\WINDOWS\Microsoft.NET\Framework\v2.0.50727\Temporary ASP.NET Files\mercatornethelppages"
donderdag 30 juli 2020 21:02:25 - Commandline		: RemoveDirectory "C:\WINDOWS\Microsoft.NET\Framework\v2.0.50727\Temporary ASP.NET Files\scvwebservice"
donderdag 30 juli 2020 21:02:25 - Commandline		: EnableWSUSReboot ""
donderdag 30 juli 2020 21:02:25 - ================================shw-me-pweb06.balgroupit.com======================================
donderdag 30 juli 2020 21:02:27 - ================================shw-me-pweb56.balgroupit.com======================================
donderdag 30 juli 2020 21:02:34 - Commandline		: StopAppPool "DefaultAppPool"
donderdag 30 juli 2020 21:02:35 - Commandline		: StopAppPool "ED"
donderdag 30 juli 2020 21:02:35 - Commandline		: StopAppPool "EmployeeBenefits"
donderdag 30 juli 2020 21:02:35 - Commandline		: StopAppPool "EtlLogViewer"
donderdag 30 juli 2020 21:02:35 - Commandline		: StopAppPool "LevenAansluitingsverklaring"
donderdag 30 juli 2020 21:02:35 - Commandline		: StopAppPool "LevenWijzigingsFormulier"
donderdag 30 juli 2020 21:02:35 - Commandline		: StopAppPool "MercatorNet.RMMain"
donderdag 30 juli 2020 21:02:35 - Commandline		: StopAppPool "MercatorNet.WSDeploy_3_0"
donderdag 30 juli 2020 21:02:35 - Commandline		: StopAppPool "MercatorNet.WSMain"
donderdag 30 juli 2020 21:02:36 - Commandline		: StopAppPool "MercatorNet.WSServices"
donderdag 30 juli 2020 21:02:36 - Commandline		: StopAppPool "MercatorNet.WSTariff"
donderdag 30 juli 2020 21:02:36 - Commandline		: StopAppPool "MercatorNetBroker.WSDeploy_3_0"
donderdag 30 juli 2020 21:02:36 - Commandline		: StopAppPool "MercatorNetBroker.WSMain"
donderdag 30 juli 2020 21:02:36 - Commandline		: StopAppPool "MercatorWebSite"
donderdag 30 juli 2020 21:02:36 - Commandline		: StopAppPool "MyBaloiseBroker"
donderdag 30 juli 2020 21:02:36 - Commandline		: StopAppPool "MWebBvb"
donderdag 30 juli 2020 21:02:36 - Commandline		: StopAppPool "ScvWebService"
donderdag 30 juli 2020 21:02:36 - Commandline		: StopWebsite "OnlineDocuments"
donderdag 30 juli 2020 21:02:36 - Commandline		: StopWebsite "MNet"
donderdag 30 juli 2020 21:02:36 - Commandline		: StopWebsite "MWebBvb"
donderdag 30 juli 2020 21:02:36 - Commandline		: StopService "World Wide Web Publishing Service"
donderdag 30 juli 2020 21:02:36 - Commandline		: RemoveDirectory "C:\WINDOWS\Microsoft.NET\Framework\v2.0.50727\Temporary ASP.NET Files\levenaansluitingsverklaring"
donderdag 30 juli 2020 21:02:36 - Commandline		: RemoveDirectory "C:\WINDOWS\Microsoft.NET\Framework\v2.0.50727\Temporary ASP.NET Files\levenwijzigingsformulier"
donderdag 30 juli 2020 21:02:37 - Commandline		: RemoveDirectory "C:\WINDOWS\Microsoft.NET\Framework\v2.0.50727\Temporary ASP.NET Files\ed"
donderdag 30 juli 2020 21:02:37 - Commandline		: RemoveDirectory "C:\WINDOWS\Microsoft.NET\Framework\v2.0.50727\Temporary ASP.NET Files\mercatornet.rmmain"
donderdag 30 juli 2020 21:02:37 - Commandline		: RemoveDirectory "C:\WINDOWS\Microsoft.NET\Framework\v2.0.50727\Temporary ASP.NET Files\mercatornet.wsdeploy_3_0"
donderdag 30 juli 2020 21:02:37 - Commandline		: RemoveDirectory "C:\WINDOWS\Microsoft.NET\Framework\v2.0.50727\Temporary ASP.NET Files\mercatornet.wsmain"
donderdag 30 juli 2020 21:02:37 - Commandline		: RemoveDirectory "C:\WINDOWS\Microsoft.NET\Framework\v2.0.50727\Temporary ASP.NET Files\mercatornet.wsservices"
donderdag 30 juli 2020 21:02:37 - Commandline		: RemoveDirectory "C:\WINDOWS\Microsoft.NET\Framework\v2.0.50727\Temporary ASP.NET Files\mercatornet.wstariff"
donderdag 30 juli 2020 21:02:37 - Commandline		: RemoveDirectory "C:\WINDOWS\Microsoft.NET\Framework\v2.0.50727\Temporary ASP.NET Files\mercatornetbroker.wsdeploy_3_0"
donderdag 30 juli 2020 21:02:37 - Commandline		: RemoveDirectory "C:\WINDOWS\Microsoft.NET\Framework\v2.0.50727\Temporary ASP.NET Files\mercatornetbroker.wsmain"
donderdag 30 juli 2020 21:02:37 - Commandline		: RemoveDirectory "C:\WINDOWS\Microsoft.NET\Framework\v2.0.50727\Temporary ASP.NET Files\mercatornethelppages"
donderdag 30 juli 2020 21:02:37 - Commandline		: RemoveDirectory "C:\WINDOWS\Microsoft.NET\Framework\v2.0.50727\Temporary ASP.NET Files\scvwebservice"
donderdag 30 juli 2020 21:02:37 - Commandline		: EnableWSUSReboot ""
donderdag 30 juli 2020 21:02:37 - ================================shw-me-pweb56.balgroupit.com======================================
donderdag 30 juli 2020 21:02:39 - ================================svw-be-adlibp01.balgroupit.com======================================
donderdag 30 juli 2020 21:02:47 - Commandline		: EnableWSUSReboot ""
donderdag 30 juli 2020 21:02:47 - ================================svw-be-adlibp01.balgroupit.com======================================
donderdag 30 juli 2020 21:02:48 - ================================svw-be-adlibp02.balgroupit.com======================================
donderdag 30 juli 2020 21:02:49 - Commandline		: EnableWSUSReboot ""
donderdag 30 juli 2020 21:02:49 - ================================svw-be-adlibp02.balgroupit.com======================================
donderdag 30 juli 2020 21:02:51 - ================================svw-be-adlibp03.balgroupit.com======================================
donderdag 30 juli 2020 21:02:59 - Commandline		: EnableWSUSReboot ""
donderdag 30 juli 2020 21:02:59 - ================================svw-be-adlibp03.balgroupit.com======================================
donderdag 30 juli 2020 21:03:01 - ================================svw-be-adlibp04.balgroupit.com======================================
donderdag 30 juli 2020 21:03:02 - Commandline		: EnableWSUSReboot ""
donderdag 30 juli 2020 21:03:02 - ================================svw-be-adlibp04.balgroupit.com======================================
donderdag 30 juli 2020 21:03:03 - ================================svw-be-adlibp05.balgroupit.com======================================
donderdag 30 juli 2020 21:03:08 - Commandline		: EnableWSUSReboot ""
donderdag 30 juli 2020 21:03:08 - ================================svw-be-adlibp05.balgroupit.com======================================
donderdag 30 juli 2020 21:03:10 - ================================svw-be-adlibp06.balgroupit.com======================================
donderdag 30 juli 2020 21:03:14 - Commandline		: EnableWSUSReboot ""
donderdag 30 juli 2020 21:03:14 - ================================svw-be-adlibp06.balgroupit.com======================================
donderdag 30 juli 2020 21:03:16 - ================================svw-be-adlibp07.balgroupit.com======================================
donderdag 30 juli 2020 21:03:21 - Commandline		: EnableWSUSReboot ""
donderdag 30 juli 2020 21:03:21 - ================================svw-be-adlibp07.balgroupit.com======================================
donderdag 30 juli 2020 21:03:22 - ================================svw-be-dmsp001.balgroupit.com======================================
donderdag 30 juli 2020 21:03:30 - Commandline		: EnableWSUSReboot ""
donderdag 30 juli 2020 21:03:30 - ================================svw-be-dmsp001.balgroupit.com======================================
donderdag 30 juli 2020 21:03:30 - ================================svw-be-dmsp002.balgroupit.com======================================
donderdag 30 juli 2020 21:03:38 - Commandline		: EnableWSUSReboot ""
donderdag 30 juli 2020 21:03:38 - ================================svw-be-dmsp002.balgroupit.com======================================
donderdag 30 juli 2020 21:03:39 - ================================svw-be-dmsp03.balgroupit.com======================================
donderdag 30 juli 2020 21:03:46 - Commandline		: EnableWSUSReboot ""
donderdag 30 juli 2020 21:03:46 - Commandline		: StopService "Execute360 Archive Manager"
donderdag 30 juli 2020 21:03:58 - ================================svw-be-dmsp03.balgroupit.com======================================
donderdag 30 juli 2020 21:03:59 - ================================dms-bp01.balgroupit.com======================================
donderdag 30 juli 2020 21:04:00 - Commandline		: EnableWSUSReboot ""
donderdag 30 juli 2020 21:04:00 - ================================dms-bp01.balgroupit.com======================================
donderdag 30 juli 2020 21:04:01 - ================================dms-bp01-file.balgroupit.com======================================
donderdag 30 juli 2020 21:04:02 - Commandline		: EnableWSUSReboot ""
donderdag 30 juli 2020 21:04:02 - ================================dms-bp01-file.balgroupit.com======================================
donderdag 30 juli 2020 21:04:03 - ================================dms-bp01-g360.balgroupit.com======================================
donderdag 30 juli 2020 21:04:04 - Commandline		: EnableWSUSReboot ""
donderdag 30 juli 2020 21:04:04 - ================================dms-bp01-g360.balgroupit.com======================================
donderdag 30 juli 2020 21:04:04 - ================================SVW-BE-WEBFP001.balgroupit.com======================================
donderdag 30 juli 2020 21:04:12 - Commandline		: StopAppPool "DefaultAppPool"
donderdag 30 juli 2020 21:04:12 - Commandline		: StopAppPool "ED"
donderdag 30 juli 2020 21:04:12 - Commandline		: StopAppPool "EmployeeBenefits"
donderdag 30 juli 2020 21:04:12 - Commandline		: StopAppPool "EtlLogViewer"
donderdag 30 juli 2020 21:04:12 - Commandline		: StopAppPool "LevenAansluitingsverklaring"
donderdag 30 juli 2020 21:04:12 - Commandline		: StopAppPool "LevenWijzigingsFormulier"
donderdag 30 juli 2020 21:04:12 - Commandline		: StopAppPool "MercatorNet.RMMain"
donderdag 30 juli 2020 21:04:12 - Commandline		: StopAppPool "MercatorNet.WSDeploy_3_0"
donderdag 30 juli 2020 21:04:12 - Commandline		: StopAppPool "MercatorNet.WSMain"
donderdag 30 juli 2020 21:04:12 - Commandline		: StopAppPool "MercatorNet.WSServices"
donderdag 30 juli 2020 21:04:12 - Commandline		: StopAppPool "MercatorNet.WSTariff"
donderdag 30 juli 2020 21:04:13 - Commandline		: StopAppPool "MercatorNetBroker.WSDeploy_3_0"
donderdag 30 juli 2020 21:04:13 - Commandline		: StopAppPool "MercatorNetBroker.WSMain"
donderdag 30 juli 2020 21:04:13 - Commandline		: StopAppPool "MercatorWebSite"
donderdag 30 juli 2020 21:04:13 - Commandline		: StopAppPool "MyBaloiseBroker"
donderdag 30 juli 2020 21:04:13 - Commandline		: StopAppPool "MyBaloiseInternal"
donderdag 30 juli 2020 21:04:13 - Commandline		: StopAppPool "MWebBvb"
donderdag 30 juli 2020 21:04:13 - Commandline		: StopAppPool "ScvWebService"
donderdag 30 juli 2020 21:04:13 - Commandline		: StopWebsite "OnlineDocuments"
donderdag 30 juli 2020 21:04:13 - Commandline		: StopWebsite "MNet"
donderdag 30 juli 2020 21:04:13 - Commandline		: StopWebsite "MWebBvb"
donderdag 30 juli 2020 21:04:13 - Commandline		: StopService "World Wide Web Publishing Service"
donderdag 30 juli 2020 21:04:13 - Commandline		: RemoveDirectory "C:\WINDOWS\Microsoft.NET\Framework\v2.0.50727\Temporary ASP.NET Files\levenaansluitingsverklaring"
donderdag 30 juli 2020 21:04:13 - Commandline		: RemoveDirectory "C:\WINDOWS\Microsoft.NET\Framework\v2.0.50727\Temporary ASP.NET Files\levenwijzigingsformulier"
donderdag 30 juli 2020 21:04:13 - Commandline		: RemoveDirectory "C:\WINDOWS\Microsoft.NET\Framework\v2.0.50727\Temporary ASP.NET Files\ed"
donderdag 30 juli 2020 21:04:13 - Commandline		: RemoveDirectory "C:\WINDOWS\Microsoft.NET\Framework\v2.0.50727\Temporary ASP.NET Files\mercatornet.rmmain"
donderdag 30 juli 2020 21:04:13 - Commandline		: RemoveDirectory "C:\WINDOWS\Microsoft.NET\Framework\v2.0.50727\Temporary ASP.NET Files\mercatornet.wsdeploy_3_0"
donderdag 30 juli 2020 21:04:13 - Commandline		: RemoveDirectory "C:\WINDOWS\Microsoft.NET\Framework\v2.0.50727\Temporary ASP.NET Files\mercatornet.wsmain"
donderdag 30 juli 2020 21:04:13 - Commandline		: RemoveDirectory "C:\WINDOWS\Microsoft.NET\Framework\v2.0.50727\Temporary ASP.NET Files\mercatornet.wsservices"
donderdag 30 juli 2020 21:04:14 - Commandline		: RemoveDirectory "C:\WINDOWS\Microsoft.NET\Framework\v2.0.50727\Temporary ASP.NET Files\mercatornet.wstariff"
donderdag 30 juli 2020 21:04:14 - Commandline		: RemoveDirectory "C:\WINDOWS\Microsoft.NET\Framework\v2.0.50727\Temporary ASP.NET Files\mercatornetbroker.wsdeploy_3_0"
donderdag 30 juli 2020 21:04:14 - Commandline		: RemoveDirectory "C:\WINDOWS\Microsoft.NET\Framework\v2.0.50727\Temporary ASP.NET Files\mercatornetbroker.wsmain"
donderdag 30 juli 2020 21:04:14 - Commandline		: RemoveDirectory "C:\WINDOWS\Microsoft.NET\Framework\v2.0.50727\Temporary ASP.NET Files\mercatornethelppages"
donderdag 30 juli 2020 21:04:14 - Commandline		: RemoveDirectory "C:\WINDOWS\Microsoft.NET\Framework\v2.0.50727\Temporary ASP.NET Files\scvwebservice"
donderdag 30 juli 2020 21:04:14 - Commandline		: EnableWSUSReboot ""
donderdag 30 juli 2020 21:04:14 - ================================SVW-BE-WEBFP001.balgroupit.com======================================
donderdag 30 juli 2020 21:04:14 - ================================SVW-BE-WEBFP002.balgroupit.com======================================
donderdag 30 juli 2020 21:04:21 - Commandline		: StopAppPool "DefaultAppPool"
donderdag 30 juli 2020 21:04:21 - Commandline		: StopAppPool "ED"
donderdag 30 juli 2020 21:04:22 - Commandline		: StopAppPool "EmployeeBenefits"
donderdag 30 juli 2020 21:04:22 - Commandline		: StopAppPool "EtlLogViewer"
donderdag 30 juli 2020 21:04:22 - Commandline		: StopAppPool "LevenAansluitingsverklaring"
donderdag 30 juli 2020 21:04:22 - Commandline		: StopAppPool "LevenWijzigingsFormulier"
donderdag 30 juli 2020 21:04:22 - Commandline		: StopAppPool "MercatorNet.RMMain"
donderdag 30 juli 2020 21:04:22 - Commandline		: StopAppPool "MercatorNet.WSDeploy_3_0"
donderdag 30 juli 2020 21:04:22 - Commandline		: StopAppPool "MercatorNet.WSMain"
donderdag 30 juli 2020 21:04:22 - Commandline		: StopAppPool "MercatorNet.WSServices"
donderdag 30 juli 2020 21:04:22 - Commandline		: StopAppPool "MercatorNet.WSTariff"
donderdag 30 juli 2020 21:04:22 - Commandline		: StopAppPool "MercatorNetBroker.WSDeploy_3_0"
donderdag 30 juli 2020 21:04:22 - Commandline		: StopAppPool "MercatorNetBroker.WSMain"
donderdag 30 juli 2020 21:04:22 - Commandline		: StopAppPool "MercatorWebSite"
donderdag 30 juli 2020 21:04:22 - Commandline		: StopAppPool "MyBaloiseBroker"
donderdag 30 juli 2020 21:04:22 - Commandline		: StopAppPool "MyBaloiseInternal"
donderdag 30 juli 2020 21:04:22 - Commandline		: StopAppPool "MWebBvb"
donderdag 30 juli 2020 21:04:23 - Commandline		: StopAppPool "ScvWebService"
donderdag 30 juli 2020 21:04:23 - Commandline		: StopWebsite "OnlineDocuments"
donderdag 30 juli 2020 21:04:23 - Commandline		: StopWebsite "MNet"
donderdag 30 juli 2020 21:04:23 - Commandline		: StopWebsite "MWebBvb"
donderdag 30 juli 2020 21:04:23 - Commandline		: StopService "World Wide Web Publishing Service"
donderdag 30 juli 2020 21:04:23 - Commandline		: RemoveDirectory "C:\WINDOWS\Microsoft.NET\Framework\v2.0.50727\Temporary ASP.NET Files\levenaansluitingsverklaring"
donderdag 30 juli 2020 21:04:23 - Commandline		: RemoveDirectory "C:\WINDOWS\Microsoft.NET\Framework\v2.0.50727\Temporary ASP.NET Files\levenwijzigingsformulier"
donderdag 30 juli 2020 21:04:23 - Commandline		: RemoveDirectory "C:\WINDOWS\Microsoft.NET\Framework\v2.0.50727\Temporary ASP.NET Files\ed"
donderdag 30 juli 2020 21:04:23 - Commandline		: RemoveDirectory "C:\WINDOWS\Microsoft.NET\Framework\v2.0.50727\Temporary ASP.NET Files\mercatornet.rmmain"
donderdag 30 juli 2020 21:04:23 - Commandline		: RemoveDirectory "C:\WINDOWS\Microsoft.NET\Framework\v2.0.50727\Temporary ASP.NET Files\mercatornet.wsdeploy_3_0"
donderdag 30 juli 2020 21:04:23 - Commandline		: RemoveDirectory "C:\WINDOWS\Microsoft.NET\Framework\v2.0.50727\Temporary ASP.NET Files\mercatornet.wsmain"
donderdag 30 juli 2020 21:04:23 - Commandline		: RemoveDirectory "C:\WINDOWS\Microsoft.NET\Framework\v2.0.50727\Temporary ASP.NET Files\mercatornet.wsservices"
donderdag 30 juli 2020 21:04:23 - Commandline		: RemoveDirectory "C:\WINDOWS\Microsoft.NET\Framework\v2.0.50727\Temporary ASP.NET Files\mercatornet.wstariff"
donderdag 30 juli 2020 21:04:23 - Commandline		: RemoveDirectory "C:\WINDOWS\Microsoft.NET\Framework\v2.0.50727\Temporary ASP.NET Files\mercatornetbroker.wsdeploy_3_0"
donderdag 30 juli 2020 21:04:23 - Commandline		: RemoveDirectory "C:\WINDOWS\Microsoft.NET\Framework\v2.0.50727\Temporary ASP.NET Files\mercatornetbroker.wsmain"
donderdag 30 juli 2020 21:04:23 - Commandline		: RemoveDirectory "C:\WINDOWS\Microsoft.NET\Framework\v2.0.50727\Temporary ASP.NET Files\mercatornethelppages"
donderdag 30 juli 2020 21:04:23 - Commandline		: RemoveDirectory "C:\WINDOWS\Microsoft.NET\Framework\v2.0.50727\Temporary ASP.NET Files\scvwebservice"
donderdag 30 juli 2020 21:04:23 - Commandline		: EnableWSUSReboot ""
donderdag 30 juli 2020 21:04:23 - ================================SVW-BE-WEBFP002.balgroupit.com======================================
donderdag 30 juli 2020 21:04:24 - ================================SVW-BE-WEBFP003.balgroupit.com======================================
donderdag 30 juli 2020 21:04:31 - Commandline		: StopAppPool "DefaultAppPool"
donderdag 30 juli 2020 21:04:31 - Commandline		: StopAppPool "ED"
donderdag 30 juli 2020 21:04:31 - Commandline		: StopAppPool "EmployeeBenefits"
donderdag 30 juli 2020 21:04:31 - Commandline		: StopAppPool "EtlLogViewer"
donderdag 30 juli 2020 21:04:31 - Commandline		: StopAppPool "LevenAansluitingsverklaring"
donderdag 30 juli 2020 21:04:31 - Commandline		: StopAppPool "LevenWijzigingsFormulier"
donderdag 30 juli 2020 21:04:31 - Commandline		: StopAppPool "MercatorNet.RMMain"
donderdag 30 juli 2020 21:04:31 - Commandline		: StopAppPool "MercatorNet.WSDeploy_3_0"
donderdag 30 juli 2020 21:04:31 - Commandline		: StopAppPool "MercatorNet.WSMain"
donderdag 30 juli 2020 21:04:32 - Commandline		: StopAppPool "MercatorNet.WSServices"
donderdag 30 juli 2020 21:04:32 - Commandline		: StopAppPool "MercatorNet.WSTariff"
donderdag 30 juli 2020 21:04:32 - Commandline		: StopAppPool "MercatorNetBroker.WSDeploy_3_0"
donderdag 30 juli 2020 21:04:32 - Commandline		: StopAppPool "MercatorNetBroker.WSMain"
donderdag 30 juli 2020 21:04:32 - Commandline		: StopAppPool "MercatorWebSite"
donderdag 30 juli 2020 21:04:32 - Commandline		: StopAppPool "MyBaloiseBroker"
donderdag 30 juli 2020 21:04:32 - Commandline		: StopAppPool "MyBaloiseInternal"
donderdag 30 juli 2020 21:04:32 - Commandline		: StopAppPool "MWebBvb"
donderdag 30 juli 2020 21:04:32 - Commandline		: StopAppPool "ScvWebService"
donderdag 30 juli 2020 21:04:32 - Commandline		: StopWebsite "OnlineDocuments"
donderdag 30 juli 2020 21:04:32 - Commandline		: StopWebsite "MNet"
donderdag 30 juli 2020 21:04:32 - Commandline		: StopWebsite "MWebBvb"
donderdag 30 juli 2020 21:04:32 - Commandline		: StopService "World Wide Web Publishing Service"
donderdag 30 juli 2020 21:04:32 - Commandline		: RemoveDirectory "C:\WINDOWS\Microsoft.NET\Framework\v2.0.50727\Temporary ASP.NET Files\levenaansluitingsverklaring"
donderdag 30 juli 2020 21:04:32 - Commandline		: RemoveDirectory "C:\WINDOWS\Microsoft.NET\Framework\v2.0.50727\Temporary ASP.NET Files\levenwijzigingsformulier"
donderdag 30 juli 2020 21:04:32 - Commandline		: RemoveDirectory "C:\WINDOWS\Microsoft.NET\Framework\v2.0.50727\Temporary ASP.NET Files\ed"
donderdag 30 juli 2020 21:04:33 - Commandline		: RemoveDirectory "C:\WINDOWS\Microsoft.NET\Framework\v2.0.50727\Temporary ASP.NET Files\mercatornet.rmmain"
donderdag 30 juli 2020 21:04:33 - Commandline		: RemoveDirectory "C:\WINDOWS\Microsoft.NET\Framework\v2.0.50727\Temporary ASP.NET Files\mercatornet.wsdeploy_3_0"
donderdag 30 juli 2020 21:04:33 - Commandline		: RemoveDirectory "C:\WINDOWS\Microsoft.NET\Framework\v2.0.50727\Temporary ASP.NET Files\mercatornet.wsmain"
donderdag 30 juli 2020 21:04:33 - Commandline		: RemoveDirectory "C:\WINDOWS\Microsoft.NET\Framework\v2.0.50727\Temporary ASP.NET Files\mercatornet.wsservices"
donderdag 30 juli 2020 21:04:33 - Commandline		: RemoveDirectory "C:\WINDOWS\Microsoft.NET\Framework\v2.0.50727\Temporary ASP.NET Files\mercatornet.wstariff"
donderdag 30 juli 2020 21:04:33 - Commandline		: RemoveDirectory "C:\WINDOWS\Microsoft.NET\Framework\v2.0.50727\Temporary ASP.NET Files\mercatornetbroker.wsdeploy_3_0"
donderdag 30 juli 2020 21:04:33 - Commandline		: RemoveDirectory "C:\WINDOWS\Microsoft.NET\Framework\v2.0.50727\Temporary ASP.NET Files\mercatornetbroker.wsmain"
donderdag 30 juli 2020 21:04:33 - Commandline		: RemoveDirectory "C:\WINDOWS\Microsoft.NET\Framework\v2.0.50727\Temporary ASP.NET Files\mercatornethelppages"
donderdag 30 juli 2020 21:04:33 - Commandline		: RemoveDirectory "C:\WINDOWS\Microsoft.NET\Framework\v2.0.50727\Temporary ASP.NET Files\scvwebservice"
donderdag 30 juli 2020 21:04:33 - Commandline		: EnableWSUSReboot ""
donderdag 30 juli 2020 21:04:33 - ================================SVW-BE-WEBFP003.balgroupit.com======================================
donderdag 30 juli 2020 21:04:33 - ================================SVW-BE-WEBFP004.balgroupit.com======================================
donderdag 30 juli 2020 21:04:40 - Commandline		: StopAppPool "DefaultAppPool"
donderdag 30 juli 2020 21:04:41 - Commandline		: StopAppPool "ED"
donderdag 30 juli 2020 21:04:41 - Commandline		: StopAppPool "EmployeeBenefits"
donderdag 30 juli 2020 21:04:41 - Commandline		: StopAppPool "EtlLogViewer"
donderdag 30 juli 2020 21:04:41 - Commandline		: StopAppPool "LevenAansluitingsverklaring"
donderdag 30 juli 2020 21:04:41 - Commandline		: StopAppPool "LevenWijzigingsFormulier"
donderdag 30 juli 2020 21:04:41 - Commandline		: StopAppPool "MercatorNet.RMMain"
donderdag 30 juli 2020 21:04:41 - Commandline		: StopAppPool "MercatorNet.WSDeploy_3_0"
donderdag 30 juli 2020 21:04:41 - Commandline		: StopAppPool "MercatorNet.WSMain"
donderdag 30 juli 2020 21:04:41 - Commandline		: StopAppPool "MercatorNet.WSServices"
donderdag 30 juli 2020 21:04:41 - Commandline		: StopAppPool "MercatorNet.WSTariff"
donderdag 30 juli 2020 21:04:41 - Commandline		: StopAppPool "MercatorNetBroker.WSDeploy_3_0"
donderdag 30 juli 2020 21:04:41 - Commandline		: StopAppPool "MercatorNetBroker.WSMain"
donderdag 30 juli 2020 21:04:41 - Commandline		: StopAppPool "MercatorWebSite"
donderdag 30 juli 2020 21:04:41 - Commandline		: StopAppPool "MyBaloiseBroker"
donderdag 30 juli 2020 21:04:42 - Commandline		: StopAppPool "MyBaloiseInternal"
donderdag 30 juli 2020 21:04:42 - Commandline		: StopAppPool "MWebBvb"
donderdag 30 juli 2020 21:04:42 - Commandline		: StopAppPool "ScvWebService"
donderdag 30 juli 2020 21:04:42 - Commandline		: StopWebsite "OnlineDocuments"
donderdag 30 juli 2020 21:04:42 - Commandline		: StopWebsite "MNet"
donderdag 30 juli 2020 21:04:42 - Commandline		: StopWebsite "MWebBvb"
donderdag 30 juli 2020 21:04:42 - Commandline		: StopService "World Wide Web Publishing Service"
donderdag 30 juli 2020 21:04:42 - Commandline		: RemoveDirectory "C:\WINDOWS\Microsoft.NET\Framework\v2.0.50727\Temporary ASP.NET Files\levenaansluitingsverklaring"
donderdag 30 juli 2020 21:04:42 - Commandline		: RemoveDirectory "C:\WINDOWS\Microsoft.NET\Framework\v2.0.50727\Temporary ASP.NET Files\levenwijzigingsformulier"
donderdag 30 juli 2020 21:04:42 - Commandline		: RemoveDirectory "C:\WINDOWS\Microsoft.NET\Framework\v2.0.50727\Temporary ASP.NET Files\ed"
donderdag 30 juli 2020 21:04:42 - Commandline		: RemoveDirectory "C:\WINDOWS\Microsoft.NET\Framework\v2.0.50727\Temporary ASP.NET Files\mercatornet.rmmain"
donderdag 30 juli 2020 21:04:42 - Commandline		: RemoveDirectory "C:\WINDOWS\Microsoft.NET\Framework\v2.0.50727\Temporary ASP.NET Files\mercatornet.wsdeploy_3_0"
donderdag 30 juli 2020 21:04:42 - Commandline		: RemoveDirectory "C:\WINDOWS\Microsoft.NET\Framework\v2.0.50727\Temporary ASP.NET Files\mercatornet.wsmain"
donderdag 30 juli 2020 21:04:42 - Commandline		: RemoveDirectory "C:\WINDOWS\Microsoft.NET\Framework\v2.0.50727\Temporary ASP.NET Files\mercatornet.wsservices"
donderdag 30 juli 2020 21:04:42 - Commandline		: RemoveDirectory "C:\WINDOWS\Microsoft.NET\Framework\v2.0.50727\Temporary ASP.NET Files\mercatornet.wstariff"
donderdag 30 juli 2020 21:04:42 - Commandline		: RemoveDirectory "C:\WINDOWS\Microsoft.NET\Framework\v2.0.50727\Temporary ASP.NET Files\mercatornetbroker.wsdeploy_3_0"
donderdag 30 juli 2020 21:04:42 - Commandline		: RemoveDirectory "C:\WINDOWS\Microsoft.NET\Framework\v2.0.50727\Temporary ASP.NET Files\mercatornetbroker.wsmain"
donderdag 30 juli 2020 21:04:42 - Commandline		: RemoveDirectory "C:\WINDOWS\Microsoft.NET\Framework\v2.0.50727\Temporary ASP.NET Files\mercatornethelppages"
donderdag 30 juli 2020 21:04:42 - Commandline		: RemoveDirectory "C:\WINDOWS\Microsoft.NET\Framework\v2.0.50727\Temporary ASP.NET Files\scvwebservice"
donderdag 30 juli 2020 21:04:42 - Commandline		: EnableWSUSReboot ""
donderdag 30 juli 2020 21:04:43 - ================================SVW-BE-WEBFP004.balgroupit.com======================================
donderdag 30 juli 2020 21:04:43 - ================================svw-be-bizp001.balgroupit.com======================================
donderdag 30 juli 2020 21:04:51 - Commandline		: StopService "Mercator Managed File Transfer"
donderdag 30 juli 2020 21:04:51 - Commandline		: StopService "Mercator Esb Process Initializer"
donderdag 30 juli 2020 21:04:51 - Commandline		: EnableWSUSReboot ""
donderdag 30 juli 2020 21:04:51 - ================================svw-be-bizp001.balgroupit.com======================================
donderdag 30 juli 2020 21:04:52 - ================================svw-be-bizp002.balgroupit.com======================================
donderdag 30 juli 2020 21:04:59 - Commandline		: StopService "Mercator Managed File Transfer"
donderdag 30 juli 2020 21:05:00 - Commandline		: StopService "Mercator Esb Process Initializer"
donderdag 30 juli 2020 21:05:00 - Commandline		: EnableWSUSReboot ""
donderdag 30 juli 2020 21:05:00 - ================================svw-be-bizp002.balgroupit.com======================================
donderdag 30 juli 2020 21:05:01 - ================================svw-be-bizp003.balgroupit.com======================================
donderdag 30 juli 2020 21:05:08 - Commandline		: StopService "Mercator Managed File Transfer"
donderdag 30 juli 2020 21:05:08 - Commandline		: StopService "Mercator Esb Process Initializer"
donderdag 30 juli 2020 21:05:09 - Commandline		: EnableWSUSReboot ""
donderdag 30 juli 2020 21:05:09 - ================================svw-be-bizp003.balgroupit.com======================================
donderdag 30 juli 2020 21:05:09 - ================================svw-be-bizp004.balgroupit.com======================================
donderdag 30 juli 2020 21:05:17 - Commandline		: StopService "Mercator Managed File Transfer"
donderdag 30 juli 2020 21:05:17 - Commandline		: StopService "Mercator Esb Process Initializer"
donderdag 30 juli 2020 21:05:17 - Commandline		: EnableWSUSReboot ""
donderdag 30 juli 2020 21:05:17 - ================================svw-be-bizp004.balgroupit.com======================================
donderdag 30 juli 2020 21:05:19 - ================================svw-be-portp01.balgroupit.com======================================
donderdag 30 juli 2020 21:05:27 - Commandline		: stopAppPool "AL2AppPool64v2"
donderdag 30 juli 2020 21:05:28 - Commandline		: stopAppPool "ALAppPool64v2"
donderdag 30 juli 2020 21:05:28 - Commandline		: StopWebsite "WCI"
donderdag 30 juli 2020 21:05:28 - Commandline		: StopWebsite "Default Web Site"
donderdag 30 juli 2020 21:05:28 - Commandline		: EnableWSUSReboot ""
donderdag 30 juli 2020 21:05:28 - ================================svw-be-portp01.balgroupit.com======================================
donderdag 30 juli 2020 21:05:32 - ================================svw-be-portp03.balgroupit.com======================================
donderdag 30 juli 2020 21:05:41 - Commandline		: stopAppPool "ALAppPool64v2"
donderdag 30 juli 2020 21:05:42 - Commandline		: stopAppPool "Pool2"
donderdag 30 juli 2020 21:05:42 - Commandline		: stopAppPool "Mercator.Portal.Portlets"
donderdag 30 juli 2020 21:05:43 - Commandline		: stopAppPool "Mercator.Portal.WebService"
donderdag 30 juli 2020 21:05:43 - Commandline		: stopAppPool "PortalASP"
donderdag 30 juli 2020 21:05:43 - Commandline		: StopWebsite "WCI"
donderdag 30 juli 2020 21:05:43 - Commandline		: StopWebsite "Default Web Site"
donderdag 30 juli 2020 21:05:43 - Commandline		: StopWebsite "MercatorPortalWebService"
donderdag 30 juli 2020 21:05:43 - Commandline		: StopService "Mercator.Portal.Scheduler"
donderdag 30 juli 2020 21:05:55 - Commandline		: EnableWSUSReboot ""
donderdag 30 juli 2020 21:05:55 - ================================svw-be-portp03.balgroupit.com======================================
donderdag 30 juli 2020 21:05:55 - ================================svw-be-babsp001.balgroupit.com======================================
donderdag 30 juli 2020 21:06:02 - Commandline		: EnableWSUSReboot ""
donderdag 30 juli 2020 21:06:02 - ================================svw-be-babsp001.balgroupit.com======================================
donderdag 30 juli 2020 21:06:02 - ================================svw-be-babsp002.balgroupit.com======================================
donderdag 30 juli 2020 21:06:10 - Commandline		: EnableWSUSReboot ""
donderdag 30 juli 2020 21:06:10 - ================================svw-be-babsp002.balgroupit.com======================================
donderdag 30 juli 2020 21:06:10 - ================================svw-be-babbp001.balgroupit.com======================================
donderdag 30 juli 2020 21:06:11 - Commandline		: StopService "Baloise BaloiseBackendBatch"
donderdag 30 juli 2020 21:06:12 - Commandline		: EnableWSUSReboot ""
donderdag 30 juli 2020 21:06:12 - ================================svw-be-babbp001.balgroupit.com======================================
donderdag 30 juli 2020 21:06:12 - ================================svw-be-babbp002.balgroupit.com======================================
donderdag 30 juli 2020 21:06:14 - Commandline		: StopService "Baloise BaloiseBackendBatch"
donderdag 30 juli 2020 21:06:14 - Commandline		: EnableWSUSReboot ""
donderdag 30 juli 2020 21:06:14 - ================================svw-be-babbp002.balgroupit.com======================================
donderdag 30 juli 2020 21:06:14 - ================================svw-be-mftp001.balgroupit.com======================================
donderdag 30 juli 2020 21:06:16 - Commandline		: StopService "Mercator Managed File Transfer"
donderdag 30 juli 2020 21:06:16 - Commandline		: EnableWSUSReboot ""
donderdag 30 juli 2020 21:06:16 - ================================svw-be-mftp001.balgroupit.com======================================
donderdag 30 juli 2020 21:06:18 - ================================svw-be-mftp002.balgroupit.com======================================
donderdag 30 juli 2020 21:06:18 - Commandline		: StopService "Mercator Managed File Transfer"
donderdag 30 juli 2020 21:06:19 - Commandline		: EnableWSUSReboot ""
donderdag 30 juli 2020 21:06:19 - ================================svw-be-mftp002.balgroupit.com======================================
