donderdag 24 september 2020 23:16:05 - READING XML File :  \\balgroupit.com\appl_data\BBE\Transfer\Packages\Scripts\WSUS\Pcorp\Pcorp_Start_All.xml
donderdag 24 september 2020 23:16:05 - 
donderdag 24 september 2020 23:16:06 - ================================svw-be-signp001.balgroupit.com======================================
donderdag 24 september 2020 23:16:07 - Commandline		: RestartService "Portima BrokerSign"
donderdag 24 september 2020 23:16:09 - ================================svw-be-signp001.balgroupit.com======================================
donderdag 24 september 2020 23:16:30 - ================================shw-me-pweb06.balgroupit.com======================================
donderdag 24 september 2020 23:16:30 -  shw-me-pweb06.balgroupit.com remote session could not be created.
donderdag 24 september 2020 23:16:30 - ================================shw-me-pweb06.balgroupit.com======================================
donderdag 24 september 2020 23:16:31 - ================================shw-me-pweb56.balgroupit.com======================================
donderdag 24 september 2020 23:16:31 - Commandline		: DisableWSUSReboot ""
donderdag 24 september 2020 23:16:31 - Commandline		: StartService "World Wide Web Publishing Service"
donderdag 24 september 2020 23:16:31 - Commandline		: StartWebsite "OnlineDocuments"
donderdag 24 september 2020 23:16:32 - Commandline		: StartWebsite "MNet"
donderdag 24 september 2020 23:16:32 - Commandline		: StartWebsite "MWebBvb"
donderdag 24 september 2020 23:16:32 - Commandline		: StartAppPool "DefaultAppPool"
donderdag 24 september 2020 23:16:32 - Commandline		: StartAppPool "ED"
donderdag 24 september 2020 23:16:32 - Commandline		: StartAppPool "EmployeeBenefits"
donderdag 24 september 2020 23:16:32 - Commandline		: StartAppPool "EtlLogViewer"
donderdag 24 september 2020 23:16:32 - Commandline		: StartAppPool "LevenAansluitingsverklaring"
donderdag 24 september 2020 23:16:32 - Commandline		: StartAppPool "LevenWijzigingsFormulier"
donderdag 24 september 2020 23:16:32 - Commandline		: StartAppPool "MercatorNet.RMMain"
donderdag 24 september 2020 23:16:32 - Commandline		: StartAppPool "MercatorNet.WSDeploy_3_0"
donderdag 24 september 2020 23:16:32 - Commandline		: StartAppPool "MercatorNet.WSMain"
donderdag 24 september 2020 23:16:33 - Commandline		: StartAppPool "MercatorNet.WSServices"
donderdag 24 september 2020 23:16:33 - Commandline		: StartAppPool "MercatorNet.WSTariff"
donderdag 24 september 2020 23:16:33 - Commandline		: StartAppPool "MercatorNetBroker.WSDeploy_3_0"
donderdag 24 september 2020 23:16:33 - Commandline		: StartAppPool "MercatorNetBroker.WSMain"
donderdag 24 september 2020 23:16:33 - Commandline		: StartAppPool "MercatorWebSite"
donderdag 24 september 2020 23:16:33 - Commandline		: StartAppPool "MyBaloiseBroker"
donderdag 24 september 2020 23:16:33 - Commandline		: StartAppPool "MWebBvb"
donderdag 24 september 2020 23:16:33 - Commandline		: StartAppPool "ScvWebService"
donderdag 24 september 2020 23:16:33 - ================================shw-me-pweb56.balgroupit.com======================================
donderdag 24 september 2020 23:16:34 - ================================svw-be-webp02.balgroupit.com======================================
donderdag 24 september 2020 23:16:34 - Commandline		: DisableWSUSReboot ""
donderdag 24 september 2020 23:16:34 - Commandline		: StartService "World Wide Web Publishing Service"
donderdag 24 september 2020 23:16:34 - Commandline		: StartAppPool "DefaultAppPool"
donderdag 24 september 2020 23:16:35 - Commandline		: StartAppPool "MNet"
donderdag 24 september 2020 23:16:35 - Commandline		: StartAppPool "BaloiseBackend"
donderdag 24 september 2020 23:16:35 - Commandline		: StartAppPool "CDS"
donderdag 24 september 2020 23:16:35 - Commandline		: StartAppPool "Mercator.EAI.Framework.WebServices"
donderdag 24 september 2020 23:16:35 - Commandline		: StartAppPool "Mercator.Eai.Tools.Wsc"
donderdag 24 september 2020 23:16:35 - Commandline		: StartAppPool "Mercator.Portima"
donderdag 24 september 2020 23:16:35 - Commandline		: StartAppPool "Mercator.Portima.Monitoring"
donderdag 24 september 2020 23:16:35 - Commandline		: StartAppPool "MercatorNet.BoServices"
donderdag 24 september 2020 23:16:35 - Commandline		: StartAppPool "WSDms"
donderdag 24 september 2020 23:16:35 - Commandline		: StartAppPool "WSDmsDataRepository"
donderdag 24 september 2020 23:16:35 - Commandline		: StartWebsite "DmsDataRepository"
donderdag 24 september 2020 23:16:35 - Commandline		: StartWebsite "MNet"
donderdag 24 september 2020 23:16:35 - Commandline		: StartService "Steria's Dispatcher Service"
donderdag 24 september 2020 23:16:36 - Commandline		: StartService "Mercator Document Delivery"
donderdag 24 september 2020 23:16:36 - Commandline		: StartService "Mercator Document Generation"
donderdag 24 september 2020 23:16:36 - Commandline		: StartService "Mercator Organization Data"
donderdag 24 september 2020 23:16:36 - Commandline		: StartService "Mercator DMS Pdf Conversion Call"
donderdag 24 september 2020 23:16:36 - Commandline		: StartService "Mercator Document Management System Service"
donderdag 24 september 2020 23:16:36 - Commandline		: StartService "Mercator Document Management System Async Service"
donderdag 24 september 2020 23:16:36 - Commandline		: StartService "Mercator Document Management System Batch Avero Service"
donderdag 24 september 2020 23:16:36 - Commandline		: StartService "BaloiseDmsBatchService"
donderdag 24 september 2020 23:16:36 - Commandline		: StartService "Mercator Document Store"
donderdag 24 september 2020 23:16:36 - Commandline		: StartService "Mercator Xpim Document Store"
donderdag 24 september 2020 23:16:37 - Commandline		: StartService "Mercator DMS MailImport Service"
donderdag 24 september 2020 23:16:37 - Commandline		: StartService "Mercator DMS Import Portima Attachments"
donderdag 24 september 2020 23:16:37 - Commandline		: StartService "Mercator DMS Bulk Insert"
donderdag 24 september 2020 23:16:37 - Commandline		: StartService "Baloise CentralDataStore"
donderdag 24 september 2020 23:16:37 - Commandline		: StartService "Baloise SyncTaskToDMS"
donderdag 24 september 2020 23:16:37 - Commandline		: StartService "Baloise BaloiseBackendBatch"
donderdag 24 september 2020 23:16:37 - Commandline		: StartService "MercatorNET SCV Batch Service"
donderdag 24 september 2020 23:16:37 - Commandline		: StartService "Mercator.Integration.EAI.3.9.Listener"
donderdag 24 september 2020 23:16:37 - ================================svw-be-webp02.balgroupit.com======================================
donderdag 24 september 2020 23:16:38 - ================================svw-be-webp03.balgroupit.com======================================
donderdag 24 september 2020 23:16:39 - Commandline		: DisableWSUSReboot ""
donderdag 24 september 2020 23:16:39 - Commandline		: StartService "World Wide Web Publishing Service"
donderdag 24 september 2020 23:16:39 - Commandline		: StartAppPool "DefaultAppPool"
donderdag 24 september 2020 23:16:39 - Commandline		: StartAppPool "MNet"
donderdag 24 september 2020 23:16:40 - Commandline		: StartAppPool "BaloiseBackend"
donderdag 24 september 2020 23:16:40 - Commandline		: StartAppPool "CDS"
donderdag 24 september 2020 23:16:40 - Commandline		: StartAppPool "Mercator.EAI.Framework.WebServices"
donderdag 24 september 2020 23:16:40 - Commandline		: StartAppPool "Mercator.Eai.Tools.Wsc"
donderdag 24 september 2020 23:16:40 - Commandline		: StartAppPool "Mercator.Portima"
donderdag 24 september 2020 23:16:40 - Commandline		: StartAppPool "Mercator.Portima.Monitoring"
donderdag 24 september 2020 23:16:40 - Commandline		: StartAppPool "MercatorNet.BoServices"
donderdag 24 september 2020 23:16:40 - Commandline		: StartAppPool "WSDms"
donderdag 24 september 2020 23:16:40 - Commandline		: StartAppPool "WSDmsDataRepository"
donderdag 24 september 2020 23:16:40 - Commandline		: StartWebsite "DmsDataRepository"
donderdag 24 september 2020 23:16:40 - Commandline		: StartWebsite "MNet"
donderdag 24 september 2020 23:16:40 - Commandline		: StartService "Steria's Dispatcher Service"
donderdag 24 september 2020 23:16:41 - Commandline		: StartService "Mercator Document Delivery"
donderdag 24 september 2020 23:16:42 - Commandline		: StartService "Mercator Document Generation"
donderdag 24 september 2020 23:16:42 - Commandline		: StartService "Mercator Organization Data"
donderdag 24 september 2020 23:16:42 - Commandline		: StartService "Mercator DMS Pdf Conversion Call"
donderdag 24 september 2020 23:16:44 - Commandline		: StartService "Mercator Document Management System Service"
donderdag 24 september 2020 23:16:45 - Commandline		: StartService "Mercator Document Management System Async Service"
donderdag 24 september 2020 23:16:46 - Commandline		: StartService "Mercator Document Management System Batch Avero Service"
donderdag 24 september 2020 23:16:47 - Commandline		: StartService "BaloiseDmsBatchService"
donderdag 24 september 2020 23:16:47 - Commandline		: StartService "Mercator Document Store"
donderdag 24 september 2020 23:16:47 - Commandline		: StartService "Mercator Xpim Document Store"
donderdag 24 september 2020 23:16:47 - Commandline		: StartService "Mercator DMS MailImport Service"
donderdag 24 september 2020 23:16:48 - Commandline		: StartService "Mercator DMS Import Portima Attachments"
donderdag 24 september 2020 23:16:48 - Commandline		: StartService "Mercator DMS Bulk Insert"
donderdag 24 september 2020 23:16:49 - Commandline		: StartService "Baloise Central Data Store"
donderdag 24 september 2020 23:16:49 - Commandline		: StartService "Baloise SyncTaskToDMS"
donderdag 24 september 2020 23:16:51 - Commandline		: StartService "Baloise Backend"
donderdag 24 september 2020 23:16:51 - Commandline		: StartService "MercatorNET SCV Batch Service"
donderdag 24 september 2020 23:16:51 - Commandline		: StartService "Mercator.Integration.EAI.3.9.Listener"
donderdag 24 september 2020 23:16:51 - ================================svw-be-webp03.balgroupit.com======================================
donderdag 24 september 2020 23:16:52 - ================================svw-be-eaip01.balgroupit.com======================================
donderdag 24 september 2020 23:16:54 - Commandline		: DisableWSUSReboot ""
donderdag 24 september 2020 23:16:54 - Commandline		: StartService "mercator.eai.docservice"
donderdag 24 september 2020 23:16:54 - ================================svw-be-eaip01.balgroupit.com======================================
donderdag 24 september 2020 23:16:55 - ================================svw-be-eaip04.balgroupit.com======================================
donderdag 24 september 2020 23:16:55 - Commandline		: DisableWSUSReboot ""
donderdag 24 september 2020 23:16:55 - Commandline		: StartService "mercator.eai.docservice"
donderdag 24 september 2020 23:16:56 - ================================svw-be-eaip04.balgroupit.com======================================
donderdag 24 september 2020 23:16:58 - ================================svw-be-eaip05.balgroupit.com======================================
donderdag 24 september 2020 23:17:00 - Commandline		: DisableWSUSReboot ""
donderdag 24 september 2020 23:17:00 - Commandline		: StartService "mercator.eai.docservice"
donderdag 24 september 2020 23:17:00 - ================================svw-be-eaip05.balgroupit.com======================================
donderdag 24 september 2020 23:17:01 - ================================svw-be-adlibp01.balgroupit.com======================================
donderdag 24 september 2020 23:17:02 - Commandline		: DisableWsusReboot ""
donderdag 24 september 2020 23:17:02 - ================================svw-be-adlibp01.balgroupit.com======================================
donderdag 24 september 2020 23:17:03 - ================================svw-be-adlibp02.balgroupit.com======================================
donderdag 24 september 2020 23:17:04 - Commandline		: DisableWsusReboot ""
donderdag 24 september 2020 23:17:04 - ================================svw-be-adlibp02.balgroupit.com======================================
donderdag 24 september 2020 23:17:05 - ================================svw-be-adlibp03.balgroupit.com======================================
donderdag 24 september 2020 23:17:05 - Commandline		: DisableWsusReboot ""
donderdag 24 september 2020 23:17:05 - ================================svw-be-adlibp03.balgroupit.com======================================
donderdag 24 september 2020 23:17:06 - ================================svw-be-adlibp04.balgroupit.com======================================
donderdag 24 september 2020 23:17:07 - Commandline		: DisableWsusReboot ""
donderdag 24 september 2020 23:17:07 - ================================svw-be-adlibp04.balgroupit.com======================================
donderdag 24 september 2020 23:17:08 - ================================svw-be-adlibp05.balgroupit.com======================================
donderdag 24 september 2020 23:17:08 - Commandline		: DisableWsusReboot ""
donderdag 24 september 2020 23:17:08 - ================================svw-be-adlibp05.balgroupit.com======================================
donderdag 24 september 2020 23:17:09 - ================================svw-be-adlibp06.balgroupit.com======================================
donderdag 24 september 2020 23:17:10 - Commandline		: DisableWsusReboot ""
donderdag 24 september 2020 23:17:10 - ================================svw-be-adlibp06.balgroupit.com======================================
donderdag 24 september 2020 23:17:11 - ================================svw-be-adlibp07.balgroupit.com======================================
donderdag 24 september 2020 23:17:11 - Commandline		: DisableWsusReboot ""
donderdag 24 september 2020 23:17:12 - ================================svw-be-adlibp07.balgroupit.com======================================
donderdag 24 september 2020 23:17:13 - ================================svw-be-dmsp001.balgroupit.com======================================
donderdag 24 september 2020 23:17:13 - Commandline		: DisableWsusReboot ""
donderdag 24 september 2020 23:17:13 - ================================svw-be-dmsp001.balgroupit.com======================================
donderdag 24 september 2020 23:17:14 - ================================svw-be-dmsp002.balgroupit.com======================================
donderdag 24 september 2020 23:17:15 - Commandline		: DisableWsusReboot ""
donderdag 24 september 2020 23:17:15 - ================================svw-be-dmsp002.balgroupit.com======================================
donderdag 24 september 2020 23:17:16 - ================================svw-be-dmsp03.balgroupit.com======================================
donderdag 24 september 2020 23:17:16 - Commandline		: DisableWsusReboot ""
donderdag 24 september 2020 23:17:16 - Commandline		: StartService "Execute360 Archive Manager"
donderdag 24 september 2020 23:17:22 - ================================svw-be-dmsp03.balgroupit.com======================================
donderdag 24 september 2020 23:17:23 - ================================dms-bp01.balgroupit.com======================================
donderdag 24 september 2020 23:17:23 - Commandline		: DisableWsusReboot ""
donderdag 24 september 2020 23:17:23 - ================================dms-bp01.balgroupit.com======================================
donderdag 24 september 2020 23:17:24 - ================================dms-bp01-file.balgroupit.com======================================
donderdag 24 september 2020 23:17:24 - Commandline		: DisableWsusReboot ""
donderdag 24 september 2020 23:17:24 - ================================dms-bp01-file.balgroupit.com======================================
donderdag 24 september 2020 23:17:25 - ================================dms-bp01-g360.balgroupit.com======================================
donderdag 24 september 2020 23:17:26 - Commandline		: DisableWsusReboot ""
donderdag 24 september 2020 23:17:26 - ================================dms-bp01-g360.balgroupit.com======================================
donderdag 24 september 2020 23:17:27 - ================================SVW-BE-WEBFP001.balgroupit.com======================================
donderdag 24 september 2020 23:17:27 - Commandline		: DisableWSUSReboot ""
donderdag 24 september 2020 23:17:27 - Commandline		: StartService "World Wide Web Publishing Service"
donderdag 24 september 2020 23:17:27 - Commandline		: StartWebsite "OnlineDocuments"
donderdag 24 september 2020 23:17:27 - Commandline		: StartWebsite "MNet"
donderdag 24 september 2020 23:17:27 - Commandline		: StartWebsite "MWebBvb"
donderdag 24 september 2020 23:17:28 - Commandline		: StartAppPool "DefaultAppPool"
donderdag 24 september 2020 23:17:28 - Commandline		: StartAppPool "ED"
donderdag 24 september 2020 23:17:28 - Commandline		: StartAppPool "EmployeeBenefits"
donderdag 24 september 2020 23:17:28 - Commandline		: StartAppPool "EtlLogViewer"
donderdag 24 september 2020 23:17:28 - Commandline		: StartAppPool "LevenAansluitingsverklaring"
donderdag 24 september 2020 23:17:28 - Commandline		: StartAppPool "LevenWijzigingsFormulier"
donderdag 24 september 2020 23:17:28 - Commandline		: StartAppPool "MercatorNet.RMMain"
donderdag 24 september 2020 23:17:28 - Commandline		: StartAppPool "MercatorNet.WSDeploy_3_0"
donderdag 24 september 2020 23:17:28 - Commandline		: StartAppPool "MercatorNet.WSMain"
donderdag 24 september 2020 23:17:28 - Commandline		: StartAppPool "MercatorNet.WSServices"
donderdag 24 september 2020 23:17:28 - Commandline		: StartAppPool "MercatorNet.WSTariff"
donderdag 24 september 2020 23:17:28 - Commandline		: StartAppPool "MercatorNetBroker.WSDeploy_3_0"
donderdag 24 september 2020 23:17:29 - Commandline		: StartAppPool "MercatorNetBroker.WSMain"
donderdag 24 september 2020 23:17:29 - Commandline		: StartAppPool "MercatorWebSite"
donderdag 24 september 2020 23:17:29 - Commandline		: StartAppPool "MyBaloiseBroker"
donderdag 24 september 2020 23:17:29 - Commandline		: StartAppPool "MyBaloiseInternal"
donderdag 24 september 2020 23:17:29 - Commandline		: StartAppPool "MWebBvb"
donderdag 24 september 2020 23:17:29 - Commandline		: StartAppPool "ScvWebService"
donderdag 24 september 2020 23:17:29 - ================================SVW-BE-WEBFP001.balgroupit.com======================================
donderdag 24 september 2020 23:17:30 - ================================SVW-BE-WEBFP002.balgroupit.com======================================
donderdag 24 september 2020 23:17:30 - Commandline		: DisableWSUSReboot ""
donderdag 24 september 2020 23:17:30 - Commandline		: StartService "World Wide Web Publishing Service"
donderdag 24 september 2020 23:17:30 - Commandline		: StartWebsite "OnlineDocuments"
donderdag 24 september 2020 23:17:30 - Commandline		: StartWebsite "MNet"
donderdag 24 september 2020 23:17:30 - Commandline		: StartWebsite "MWebBvb"
donderdag 24 september 2020 23:17:30 - Commandline		: StartAppPool "DefaultAppPool"
donderdag 24 september 2020 23:17:31 - Commandline		: StartAppPool "ED"
donderdag 24 september 2020 23:17:31 - Commandline		: StartAppPool "EmployeeBenefits"
donderdag 24 september 2020 23:17:31 - Commandline		: StartAppPool "EtlLogViewer"
donderdag 24 september 2020 23:17:31 - Commandline		: StartAppPool "LevenAansluitingsverklaring"
donderdag 24 september 2020 23:17:31 - Commandline		: StartAppPool "LevenWijzigingsFormulier"
donderdag 24 september 2020 23:17:31 - Commandline		: StartAppPool "MercatorNet.RMMain"
donderdag 24 september 2020 23:17:31 - Commandline		: StartAppPool "MercatorNet.WSDeploy_3_0"
donderdag 24 september 2020 23:17:31 - Commandline		: StartAppPool "MercatorNet.WSMain"
donderdag 24 september 2020 23:17:31 - Commandline		: StartAppPool "MercatorNet.WSServices"
donderdag 24 september 2020 23:17:31 - Commandline		: StartAppPool "MercatorNet.WSTariff"
donderdag 24 september 2020 23:17:31 - Commandline		: StartAppPool "MercatorNetBroker.WSDeploy_3_0"
donderdag 24 september 2020 23:17:31 - Commandline		: StartAppPool "MercatorNetBroker.WSMain"
donderdag 24 september 2020 23:17:31 - Commandline		: StartAppPool "MercatorWebSite"
donderdag 24 september 2020 23:17:31 - Commandline		: StartAppPool "MyBaloiseBroker"
donderdag 24 september 2020 23:17:31 - Commandline		: StartAppPool "MyBaloiseInternal"
donderdag 24 september 2020 23:17:32 - Commandline		: StartAppPool "MWebBvb"
donderdag 24 september 2020 23:17:32 - Commandline		: StartAppPool "ScvWebService"
donderdag 24 september 2020 23:17:32 - ================================SVW-BE-WEBFP002.balgroupit.com======================================
donderdag 24 september 2020 23:17:32 - ================================SVW-BE-WEBFP003.balgroupit.com======================================
donderdag 24 september 2020 23:17:33 - Commandline		: DisableWSUSReboot ""
donderdag 24 september 2020 23:17:33 - Commandline		: StartService "World Wide Web Publishing Service"
donderdag 24 september 2020 23:17:33 - Commandline		: StartWebsite "OnlineDocuments"
donderdag 24 september 2020 23:17:33 - Commandline		: StartWebsite "MNet"
donderdag 24 september 2020 23:17:33 - Commandline		: StartWebsite "MWebBvb"
donderdag 24 september 2020 23:17:33 - Commandline		: StartAppPool "DefaultAppPool"
donderdag 24 september 2020 23:17:33 - Commandline		: StartAppPool "ED"
donderdag 24 september 2020 23:17:33 - Commandline		: StartAppPool "EmployeeBenefits"
donderdag 24 september 2020 23:17:33 - Commandline		: StartAppPool "EtlLogViewer"
donderdag 24 september 2020 23:17:34 - Commandline		: StartAppPool "LevenAansluitingsverklaring"
donderdag 24 september 2020 23:17:34 - Commandline		: StartAppPool "LevenWijzigingsFormulier"
donderdag 24 september 2020 23:17:34 - Commandline		: StartAppPool "MercatorNet.RMMain"
donderdag 24 september 2020 23:17:34 - Commandline		: StartAppPool "MercatorNet.WSDeploy_3_0"
donderdag 24 september 2020 23:17:34 - Commandline		: StartAppPool "MercatorNet.WSMain"
donderdag 24 september 2020 23:17:34 - Commandline		: StartAppPool "MercatorNet.WSServices"
donderdag 24 september 2020 23:17:34 - Commandline		: StartAppPool "MercatorNet.WSTariff"
donderdag 24 september 2020 23:17:34 - Commandline		: StartAppPool "MercatorNetBroker.WSDeploy_3_0"
donderdag 24 september 2020 23:17:34 - Commandline		: StartAppPool "MercatorNetBroker.WSMain"
donderdag 24 september 2020 23:17:34 - Commandline		: StartAppPool "MercatorWebSite"
donderdag 24 september 2020 23:17:34 - Commandline		: StartAppPool "MyBaloiseBroker"
donderdag 24 september 2020 23:17:34 - Commandline		: StartAppPool "MyBaloiseInternal"
donderdag 24 september 2020 23:17:34 - Commandline		: StartAppPool "MWebBvb"
donderdag 24 september 2020 23:17:34 - Commandline		: StartAppPool "ScvWebService"
donderdag 24 september 2020 23:17:34 - ================================SVW-BE-WEBFP003.balgroupit.com======================================
donderdag 24 september 2020 23:17:35 - ================================SVW-BE-WEBFP004.balgroupit.com======================================
donderdag 24 september 2020 23:17:35 - Commandline		: DisableWSUSReboot ""
donderdag 24 september 2020 23:17:35 - Commandline		: StartService "World Wide Web Publishing Service"
donderdag 24 september 2020 23:17:35 - Commandline		: StartWebsite "OnlineDocuments"
donderdag 24 september 2020 23:17:36 - Commandline		: StartWebsite "MNet"
donderdag 24 september 2020 23:17:36 - Commandline		: StartWebsite "MWebBvb"
donderdag 24 september 2020 23:17:36 - Commandline		: StartAppPool "DefaultAppPool"
donderdag 24 september 2020 23:17:36 - Commandline		: StartAppPool "ED"
donderdag 24 september 2020 23:17:36 - Commandline		: StartAppPool "EmployeeBenefits"
donderdag 24 september 2020 23:17:36 - Commandline		: StartAppPool "EtlLogViewer"
donderdag 24 september 2020 23:17:36 - Commandline		: StartAppPool "LevenAansluitingsverklaring"
donderdag 24 september 2020 23:17:36 - Commandline		: StartAppPool "LevenWijzigingsFormulier"
donderdag 24 september 2020 23:17:36 - Commandline		: StartAppPool "MercatorNet.RMMain"
donderdag 24 september 2020 23:17:36 - Commandline		: StartAppPool "MercatorNet.WSDeploy_3_0"
donderdag 24 september 2020 23:17:36 - Commandline		: StartAppPool "MercatorNet.WSMain"
donderdag 24 september 2020 23:17:36 - Commandline		: StartAppPool "MercatorNet.WSServices"
donderdag 24 september 2020 23:17:37 - Commandline		: StartAppPool "MercatorNet.WSTariff"
donderdag 24 september 2020 23:17:37 - Commandline		: StartAppPool "MercatorNetBroker.WSDeploy_3_0"
donderdag 24 september 2020 23:17:37 - Commandline		: StartAppPool "MercatorNetBroker.WSMain"
donderdag 24 september 2020 23:17:37 - Commandline		: StartAppPool "MercatorWebSite"
donderdag 24 september 2020 23:17:37 - Commandline		: StartAppPool "MyBaloiseBroker"
donderdag 24 september 2020 23:17:37 - Commandline		: StartAppPool "MyBaloiseInternal"
donderdag 24 september 2020 23:17:37 - Commandline		: StartAppPool "MWebBvb"
donderdag 24 september 2020 23:17:37 - Commandline		: StartAppPool "ScvWebService"
donderdag 24 september 2020 23:17:37 - ================================SVW-BE-WEBFP004.balgroupit.com======================================
donderdag 24 september 2020 23:17:37 - ================================svw-be-bizp001.balgroupit.com======================================
donderdag 24 september 2020 23:17:43 - Commandline		: DisableWSUSReboot ""
donderdag 24 september 2020 23:17:43 - Commandline		: StartService "Mercator Managed File Transfer"
donderdag 24 september 2020 23:17:46 - Commandline		: StartService "Mercator Esb Process Initializer"
donderdag 24 september 2020 23:17:47 - ================================svw-be-bizp001.balgroupit.com======================================
donderdag 24 september 2020 23:17:47 - ================================svw-be-bizp002.balgroupit.com======================================
donderdag 24 september 2020 23:17:47 - Commandline		: DisableWSUSReboot ""
donderdag 24 september 2020 23:17:48 - Commandline		: StartService "Mercator Managed File Transfer"
donderdag 24 september 2020 23:17:48 - Commandline		: StartService "Mercator Esb Process Initializer"
donderdag 24 september 2020 23:17:48 - ================================svw-be-bizp002.balgroupit.com======================================
donderdag 24 september 2020 23:17:48 - ================================svw-be-bizp003.balgroupit.com======================================
donderdag 24 september 2020 23:17:49 - Commandline		: DisableWSUSReboot ""
donderdag 24 september 2020 23:17:49 - Commandline		: StartService "Mercator Managed File Transfer"
donderdag 24 september 2020 23:17:49 - Commandline		: StartService "Mercator Esb Process Initializer"
donderdag 24 september 2020 23:17:49 - ================================svw-be-bizp003.balgroupit.com======================================
donderdag 24 september 2020 23:17:49 - ================================svw-be-bizp004.balgroupit.com======================================
donderdag 24 september 2020 23:17:50 - Commandline		: DisableWSUSReboot ""
donderdag 24 september 2020 23:17:50 - Commandline		: StartService "Mercator Managed File Transfer"
donderdag 24 september 2020 23:17:50 - Commandline		: StartService "Mercator Esb Process Initializer"
donderdag 24 september 2020 23:17:50 - ================================svw-be-bizp004.balgroupit.com======================================
donderdag 24 september 2020 23:17:51 - ================================svw-be-portp01.balgroupit.com======================================
donderdag 24 september 2020 23:17:52 - Commandline		: DisableWSUSReboot ""
donderdag 24 september 2020 23:17:52 - Commandline		: startWebsite "Default Web Site"
donderdag 24 september 2020 23:17:52 - Commandline		: startWebsite "WCI"
donderdag 24 september 2020 23:17:52 - Commandline		: startAppPool "AL2AppPool64v2"
donderdag 24 september 2020 23:17:52 - Commandline		: startAppPool "ALAppPool64v2"
donderdag 24 september 2020 23:17:52 - ================================svw-be-portp01.balgroupit.com======================================
donderdag 24 september 2020 23:17:53 - ================================svw-be-portp03.balgroupit.com======================================
donderdag 24 september 2020 23:17:54 - Commandline		: DisableWSUSReboot ""
donderdag 24 september 2020 23:17:54 - Commandline		: StartService "Mercator.Portal.Scheduler"
donderdag 24 september 2020 23:17:54 - Commandline		: startWebsite "MercatorPortalWebService"
donderdag 24 september 2020 23:17:55 - Commandline		: startWebsite "Default Web Site"
donderdag 24 september 2020 23:17:55 - Commandline		: startWebsite "WCI"
donderdag 24 september 2020 23:17:55 - Commandline		: startAppPool "Pool2"
donderdag 24 september 2020 23:17:55 - Commandline		: startAppPool "Mercator.Portal.Portlets"
donderdag 24 september 2020 23:17:55 - Commandline		: startAppPool "Mercator.Portal.WebService"
donderdag 24 september 2020 23:17:55 - Commandline		: startAppPool "PortalASP"
donderdag 24 september 2020 23:17:55 - Commandline		: startAppPool "ALAppPool64v2"
donderdag 24 september 2020 23:17:55 - ================================svw-be-portp03.balgroupit.com======================================
donderdag 24 september 2020 23:17:56 - ================================svw-be-babsp001.balgroupit.com======================================
donderdag 24 september 2020 23:17:56 - Commandline		: DisableWSUSReboot ""
donderdag 24 september 2020 23:17:56 - ================================svw-be-babsp001.balgroupit.com======================================
donderdag 24 september 2020 23:17:56 - ================================svw-be-babsp002.balgroupit.com======================================
donderdag 24 september 2020 23:17:59 - Commandline		: DisableWSUSReboot ""
donderdag 24 september 2020 23:17:59 - ================================svw-be-babsp002.balgroupit.com======================================
donderdag 24 september 2020 23:17:59 - ================================svw-be-babbp001.balgroupit.com======================================
donderdag 24 september 2020 23:18:01 - Commandline		: DisableWSUSReboot ""
donderdag 24 september 2020 23:18:01 - Commandline		: StartService "Baloise BaloiseBackendBatch"
donderdag 24 september 2020 23:18:01 - ================================svw-be-babbp001.balgroupit.com======================================
donderdag 24 september 2020 23:18:02 - ================================svw-be-babbp002.balgroupit.com======================================
donderdag 24 september 2020 23:18:04 - Commandline		: DisableWSUSReboot ""
donderdag 24 september 2020 23:18:04 - Commandline		: StartService "Baloise BaloiseBackendBatch"
donderdag 24 september 2020 23:18:04 - ================================svw-be-babbp002.balgroupit.com======================================
donderdag 24 september 2020 23:18:04 - ================================svw-be-mftp001.balgroupit.com======================================
donderdag 24 september 2020 23:18:07 - Commandline		: DisableWSUSReboot ""
donderdag 24 september 2020 23:18:07 - Commandline		: StartService "Mercator Managed File Transfer"
donderdag 24 september 2020 23:18:08 - ================================svw-be-mftp001.balgroupit.com======================================
donderdag 24 september 2020 23:18:10 - ================================svw-be-mftp002.balgroupit.com======================================
donderdag 24 september 2020 23:18:12 - Commandline		: DisableWSUSReboot ""
donderdag 24 september 2020 23:18:12 - Commandline		: StartService "Mercator Managed File Transfer"
donderdag 24 september 2020 23:18:12 - ================================svw-be-mftp002.balgroupit.com======================================
