donderdag 30 september 2021 21:01:25 - READING XML File :  \\balgroupit.com\appl_data\BBE\Transfer\Packages\Scripts\WSUS\Pcorp\Pcorp_Stop_All.xml
donderdag 30 september 2021 21:01:25 - 
donderdag 30 september 2021 21:01:28 - ================================svw-be-eaip01.balgroupit.com======================================
donderdag 30 september 2021 21:01:30 - Commandline		: StopService "mercator.eai.docservice"
donderdag 30 september 2021 21:01:30 - Commandline		: StopProcess "dllhost.exe"
donderdag 30 september 2021 21:01:30 - Commandline		: StopProcess "winword.exe"
donderdag 30 september 2021 21:01:30 - Commandline		: EnableWSUSReboot ""
donderdag 30 september 2021 21:01:31 - ================================svw-be-eaip01.balgroupit.com======================================
donderdag 30 september 2021 21:01:34 - ================================svw-be-eaip04.balgroupit.com======================================
donderdag 30 september 2021 21:01:35 - Commandline		: StopService "mercator.eai.docservice"
donderdag 30 september 2021 21:01:36 - Commandline		: StopProcess "dllhost.exe"
donderdag 30 september 2021 21:01:36 - Commandline		: StopProcess "winword.exe"
donderdag 30 september 2021 21:01:36 - Commandline		: EnableWSUSReboot ""
donderdag 30 september 2021 21:01:37 - ================================svw-be-eaip04.balgroupit.com======================================
donderdag 30 september 2021 21:01:39 - ================================svw-be-eaip05.balgroupit.com======================================
donderdag 30 september 2021 21:01:40 - Commandline		: StopService "mercator.eai.docservice"
donderdag 30 september 2021 21:01:41 - Commandline		: StopProcess "dllhost.exe"
donderdag 30 september 2021 21:01:41 - Commandline		: StopProcess "winword.exe"
donderdag 30 september 2021 21:01:41 - Commandline		: EnableWSUSReboot ""
donderdag 30 september 2021 21:01:41 - ================================svw-be-eaip05.balgroupit.com======================================
donderdag 30 september 2021 21:01:42 - ================================svw-be-webp02.balgroupit.com======================================
donderdag 30 september 2021 21:01:49 - Commandline		: StopWebsite "DmsDataRepository"
donderdag 30 september 2021 21:01:49 - Commandline		: StopWebsite "MNet"
donderdag 30 september 2021 21:01:49 - Commandline		: StopAppPool "DefaultAppPool"
donderdag 30 september 2021 21:01:49 - Commandline		: StopAppPool "WSDMS"
donderdag 30 september 2021 21:01:50 - Commandline		: StopAppPool "WSDmsDataRepository"
donderdag 30 september 2021 21:01:50 - Commandline		: StopAppPool "BaloiseBackend"
donderdag 30 september 2021 21:01:50 - Commandline		: StopAppPool "CDS"
donderdag 30 september 2021 21:01:50 - Commandline		: StopAppPool "MercatorNet.BoServices"
donderdag 30 september 2021 21:01:51 - Commandline		: StopAppPool "Mercator.Portima.Monitoring"
donderdag 30 september 2021 21:01:51 - Commandline		: StopAppPool "Mercator.Portima"
donderdag 30 september 2021 21:01:51 - Commandline		: StopAppPool "Mercator.Eai.Tools.Wsc"
donderdag 30 september 2021 21:01:51 - Commandline		: StopAppPool "Mercator.EAI.Framework.WebServices"
donderdag 30 september 2021 21:01:51 - Commandline		: StopService "World Wide Web Publishing Service"
donderdag 30 september 2021 21:01:52 - Commandline		: StopService "Baloise BaloiseBackendBatch"
donderdag 30 september 2021 21:01:52 - Commandline		: StopService "Baloise CentralDataStore"
donderdag 30 september 2021 21:01:53 - Commandline		: StopService "Baloise SyncTaskToDMS"
donderdag 30 september 2021 21:01:53 - Commandline		: StopService "Mercator DMS Bulk Insert"
donderdag 30 september 2021 21:01:53 - Commandline		: StopService "Mercator DMS Import Portima Attachments"
donderdag 30 september 2021 21:01:53 - Commandline		: StopService "Mercator DMS MailImport Service"
donderdag 30 september 2021 21:01:54 - Commandline		: StopService "Mercator Xpim Document Store"
donderdag 30 september 2021 21:01:54 - Commandline		: StopService "Mercator Document Store"
donderdag 30 september 2021 21:01:54 - Commandline		: StopService "Mercator Document Store"
donderdag 30 september 2021 21:01:54 - Commandline		: StopService "Mercator Document Management System Service"
donderdag 30 september 2021 21:01:55 - Commandline		: StopService "Mercator Document Management System Async Service"
donderdag 30 september 2021 21:01:55 - Commandline		: StopService "Mercator Document Management System Batch Avero Service"
donderdag 30 september 2021 21:01:55 - Commandline		: StopService "Mercator DMS Pdf Conversion Call"
donderdag 30 september 2021 21:01:55 - Commandline		: StopService "MercatorNET SCV Batch Service"
donderdag 30 september 2021 21:01:56 - Commandline		: StopService "Mercator Organization Data"
donderdag 30 september 2021 21:01:56 - Commandline		: StopService "Mercator Document Generation"
donderdag 30 september 2021 21:01:57 - Commandline		: StopService "Mercator Document Delivery"
donderdag 30 september 2021 21:01:57 - Commandline		: StopService "Steria's Dispatcher Service"
donderdag 30 september 2021 21:01:57 - Commandline		: StopService "Mercator.Integration.EAI.3.9.Listener"
donderdag 30 september 2021 21:01:58 - Commandline		: RemoveDirectory "C:\WINDOWS\Microsoft.NET\Framework\v4.0.30319\Temporary ASP.NET Files\cds"
donderdag 30 september 2021 21:01:58 - Commandline		: RemoveDirectory "C:\WINDOWS\Microsoft.NET\Framework\v2.0.50727\Temporary ASP.NET Files\mercatornet.boservices"
donderdag 30 september 2021 21:01:58 - Commandline		: RemoveDirectory "C:\WINDOWS\Microsoft.NET\Framework\v2.0.50727\Temporary ASP.NET Files\mercator.eai.framework.webservices"
donderdag 30 september 2021 21:01:58 - Commandline		: RemoveDirectory "C:\WINDOWS\Microsoft.NET\Framework\v2.0.50727\Temporary ASP.NET Files\mercator.eai.tools.wsc"
donderdag 30 september 2021 21:01:58 - Commandline		: RemoveDirectory "C:\WINDOWS\Microsoft.NET\Framework\v2.0.50727\Temporary ASP.NET Files\Mercator.Portima.Monitoring"
donderdag 30 september 2021 21:01:58 - Commandline		: RemoveDirectory "C:\WINDOWS\Microsoft.NET\Framework\v2.0.50727\Temporary ASP.NET Files\Mercator.Portima"
donderdag 30 september 2021 21:01:58 - Commandline		: RemoveDirectory "C:\WINDOWS\Microsoft.NET\Framework\v2.0.50727\Temporary ASP.NET Files\WSDMS"
donderdag 30 september 2021 21:01:58 - Commandline		: RemoveDirectory "C:\WINDOWS\Microsoft.NET\Framework\v2.0.50727\Temporary ASP.NET Files\wsdmsdatarepository"
donderdag 30 september 2021 21:01:58 - Commandline		: EnableWSUSReboot ""
donderdag 30 september 2021 21:01:58 - ================================svw-be-webp02.balgroupit.com======================================
donderdag 30 september 2021 21:01:59 - ================================svw-be-webp03.balgroupit.com======================================
donderdag 30 september 2021 21:02:06 - Commandline		: StopWebsite "DmsDataRepository"
donderdag 30 september 2021 21:02:06 - Commandline		: StopWebsite "MNet"
donderdag 30 september 2021 21:02:06 - Commandline		: StopAppPool "MNet"
donderdag 30 september 2021 21:02:06 - Commandline		: StopAppPool "DefaultAppPool"
donderdag 30 september 2021 21:02:07 - Commandline		: StopAppPool "WSDMS"
donderdag 30 september 2021 21:02:07 - Commandline		: StopAppPool "WSDmsDataRepository"
donderdag 30 september 2021 21:02:07 - Commandline		: StopAppPool "BaloiseBackend"
donderdag 30 september 2021 21:02:07 - Commandline		: StopAppPool "CDS"
donderdag 30 september 2021 21:02:07 - Commandline		: StopAppPool "MercatorNet.BoServices"
donderdag 30 september 2021 21:02:08 - Commandline		: StopAppPool "Mercator.Portima.Monitoring"
donderdag 30 september 2021 21:02:08 - Commandline		: StopAppPool "Mercator.Portima"
donderdag 30 september 2021 21:02:08 - Commandline		: StopAppPool "Mercator.Eai.Tools.Wsc"
donderdag 30 september 2021 21:02:08 - Commandline		: StopAppPool "Mercator.EAI.Framework.WebServices"
donderdag 30 september 2021 21:02:08 - Commandline		: StopService "World Wide Web Publishing Service"
donderdag 30 september 2021 21:02:09 - Commandline		: StopService "Baloise Backend"
donderdag 30 september 2021 21:02:09 - Commandline		: StopService "Baloise Central Data Store"
donderdag 30 september 2021 21:02:09 - Commandline		: StopService "Baloise SyncTaskToDMS"
donderdag 30 september 2021 21:02:09 - Commandline		: StopService "Mercator DMS Bulk Insert"
donderdag 30 september 2021 21:02:10 - Commandline		: StopService "Mercator DMS Import Portima Attachments"
donderdag 30 september 2021 21:02:10 - Commandline		: StopService "Mercator DMS MailImport Service"
donderdag 30 september 2021 21:02:11 - Commandline		: StopService "Mercator Xpim Document Store"
donderdag 30 september 2021 21:02:11 - Commandline		: StopService "Mercator Document Store"
donderdag 30 september 2021 21:02:11 - Commandline		: StopService "BaloiseDmsBatchService"
donderdag 30 september 2021 21:02:11 - Commandline		: StopService "Mercator Document Management System Service"
donderdag 30 september 2021 21:02:12 - Commandline		: StopService "Mercator Document Management System Async Service"
donderdag 30 september 2021 21:02:12 - Commandline		: StopService "Mercator Document Management System Batch Avero Service"
donderdag 30 september 2021 21:02:13 - Commandline		: StopService "Mercator DMS Pdf Conversion Call"
donderdag 30 september 2021 21:02:17 - Commandline		: StopService "MercatorNET SCV Batch Service"
donderdag 30 september 2021 21:02:17 - Commandline		: StopService "Mercator Organization Data"
donderdag 30 september 2021 21:02:17 - Commandline		: StopService "Mercator Document Generation"
donderdag 30 september 2021 21:02:18 - Commandline		: StopService "Mercator Document Delivery"
donderdag 30 september 2021 21:02:18 - Commandline		: StopService "Steria's Dispatcher Service"
donderdag 30 september 2021 21:02:18 - Commandline		: StopService "Mercator.Integration.EAI.3.9.Listener"
donderdag 30 september 2021 21:02:19 - Commandline		: RemoveDirectory "C:\WINDOWS\Microsoft.NET\Framework\v4.0.30319\Temporary ASP.NET Files\cds"
donderdag 30 september 2021 21:02:19 - Commandline		: RemoveDirectory "C:\WINDOWS\Microsoft.NET\Framework\v2.0.50727\Temporary ASP.NET Files\mercatornet.boservices"
donderdag 30 september 2021 21:02:19 - Commandline		: RemoveDirectory "C:\WINDOWS\Microsoft.NET\Framework\v2.0.50727\Temporary ASP.NET Files\mercator.eai.framework.webservices"
donderdag 30 september 2021 21:02:19 - Commandline		: RemoveDirectory "C:\WINDOWS\Microsoft.NET\Framework\v2.0.50727\Temporary ASP.NET Files\mercator.eai.tools.wsc"
donderdag 30 september 2021 21:02:19 - Commandline		: RemoveDirectory "C:\WINDOWS\Microsoft.NET\Framework\v2.0.50727\Temporary ASP.NET Files\Mercator.Portima.Monitoring"
donderdag 30 september 2021 21:02:19 - Commandline		: RemoveDirectory "C:\WINDOWS\Microsoft.NET\Framework\v2.0.50727\Temporary ASP.NET Files\Mercator.Portima"
donderdag 30 september 2021 21:02:19 - Commandline		: RemoveDirectory "C:\WINDOWS\Microsoft.NET\Framework\v2.0.50727\Temporary ASP.NET Files\WSDMS"
donderdag 30 september 2021 21:02:19 - Commandline		: RemoveDirectory "C:\WINDOWS\Microsoft.NET\Framework\v2.0.50727\Temporary ASP.NET Files\wsdmsdatarepository"
donderdag 30 september 2021 21:02:19 - Commandline		: EnableWSUSReboot ""
donderdag 30 september 2021 21:02:19 - ================================svw-be-webp03.balgroupit.com======================================
donderdag 30 september 2021 21:02:20 - ================================svw-be-signp001.balgroupit.com======================================
donderdag 30 september 2021 21:02:21 - Commandline		: StopService "Portima BrokerSign"
donderdag 30 september 2021 21:02:22 - ================================svw-be-signp001.balgroupit.com======================================
donderdag 30 september 2021 21:02:22 - ================================shw-me-pweb06.balgroupit.com======================================
donderdag 30 september 2021 21:02:22 -  shw-me-pweb06.balgroupit.com remote session could not be created.
donderdag 30 september 2021 21:02:22 - ================================shw-me-pweb06.balgroupit.com======================================
donderdag 30 september 2021 21:02:23 - ================================shw-me-pweb56.balgroupit.com======================================
donderdag 30 september 2021 21:02:23 -  shw-me-pweb56.balgroupit.com remote session could not be created.
donderdag 30 september 2021 21:02:23 - ================================shw-me-pweb56.balgroupit.com======================================
donderdag 30 september 2021 21:02:24 - ================================svw-be-adlibp01.balgroupit.com======================================
donderdag 30 september 2021 21:02:33 - Commandline		: EnableWSUSReboot ""
donderdag 30 september 2021 21:02:33 - ================================svw-be-adlibp01.balgroupit.com======================================
donderdag 30 september 2021 21:02:34 - ================================svw-be-adlibp02.balgroupit.com======================================
donderdag 30 september 2021 21:02:35 - Commandline		: EnableWSUSReboot ""
donderdag 30 september 2021 21:02:35 - ================================svw-be-adlibp02.balgroupit.com======================================
donderdag 30 september 2021 21:02:38 - ================================svw-be-adlibp03.balgroupit.com======================================
donderdag 30 september 2021 21:03:01 - Commandline		: EnableWSUSReboot ""
donderdag 30 september 2021 21:03:01 - ================================svw-be-adlibp03.balgroupit.com======================================
donderdag 30 september 2021 21:03:04 - ================================svw-be-adlibp04.balgroupit.com======================================
donderdag 30 september 2021 21:03:06 - Commandline		: EnableWSUSReboot ""
donderdag 30 september 2021 21:03:06 - ================================svw-be-adlibp04.balgroupit.com======================================
donderdag 30 september 2021 21:03:07 - ================================svw-be-adlibp05.balgroupit.com======================================
donderdag 30 september 2021 21:03:12 - Commandline		: EnableWSUSReboot ""
donderdag 30 september 2021 21:03:12 - ================================svw-be-adlibp05.balgroupit.com======================================
donderdag 30 september 2021 21:03:15 - ================================svw-be-adlibp06.balgroupit.com======================================
donderdag 30 september 2021 21:03:20 - Commandline		: EnableWSUSReboot ""
donderdag 30 september 2021 21:03:20 - ================================svw-be-adlibp06.balgroupit.com======================================
donderdag 30 september 2021 21:03:21 - ================================svw-be-adlibp07.balgroupit.com======================================
donderdag 30 september 2021 21:03:25 - Commandline		: EnableWSUSReboot ""
donderdag 30 september 2021 21:03:25 - ================================svw-be-adlibp07.balgroupit.com======================================
donderdag 30 september 2021 21:03:26 - ================================svw-be-dmsp001.balgroupit.com======================================
donderdag 30 september 2021 21:03:34 - Commandline		: EnableWSUSReboot ""
donderdag 30 september 2021 21:03:34 - ================================svw-be-dmsp001.balgroupit.com======================================
donderdag 30 september 2021 21:03:35 - ================================svw-be-dmsp002.balgroupit.com======================================
donderdag 30 september 2021 21:03:43 - Commandline		: EnableWSUSReboot ""
donderdag 30 september 2021 21:03:43 - ================================svw-be-dmsp002.balgroupit.com======================================
donderdag 30 september 2021 21:03:44 - ================================svw-be-dmsp03.balgroupit.com======================================
donderdag 30 september 2021 21:03:49 - Commandline		: EnableWSUSReboot ""
donderdag 30 september 2021 21:03:49 - Commandline		: StopService "Execute360 Archive Manager"
donderdag 30 september 2021 21:04:01 - ================================svw-be-dmsp03.balgroupit.com======================================
donderdag 30 september 2021 21:04:02 - ================================dms-bp01.balgroupit.com======================================
donderdag 30 september 2021 21:04:03 - Commandline		: EnableWSUSReboot ""
donderdag 30 september 2021 21:04:03 - ================================dms-bp01.balgroupit.com======================================
donderdag 30 september 2021 21:04:04 - ================================dms-bp01-file.balgroupit.com======================================
donderdag 30 september 2021 21:04:05 - Commandline		: EnableWSUSReboot ""
donderdag 30 september 2021 21:04:05 - ================================dms-bp01-file.balgroupit.com======================================
donderdag 30 september 2021 21:04:06 - ================================dms-bp01-g360.balgroupit.com======================================
donderdag 30 september 2021 21:04:07 - Commandline		: EnableWSUSReboot ""
donderdag 30 september 2021 21:04:07 - ================================dms-bp01-g360.balgroupit.com======================================
donderdag 30 september 2021 21:04:08 - ================================SVW-BE-WEBFP001.balgroupit.com======================================
donderdag 30 september 2021 21:04:15 - Commandline		: StopAppPool "DefaultAppPool"
donderdag 30 september 2021 21:04:15 - Commandline		: StopAppPool "ED"
donderdag 30 september 2021 21:04:16 - Commandline		: StopAppPool "EmployeeBenefits"
donderdag 30 september 2021 21:04:16 - Commandline		: StopAppPool "EtlLogViewer"
donderdag 30 september 2021 21:04:16 - Commandline		: StopAppPool "LevenAansluitingsverklaring"
donderdag 30 september 2021 21:04:16 - Commandline		: StopAppPool "LevenWijzigingsFormulier"
donderdag 30 september 2021 21:04:16 - Commandline		: StopAppPool "MercatorNet.RMMain"
donderdag 30 september 2021 21:04:17 - Commandline		: StopAppPool "MercatorNet.WSDeploy_3_0"
donderdag 30 september 2021 21:04:17 - Commandline		: StopAppPool "MercatorNet.WSMain"
donderdag 30 september 2021 21:04:17 - Commandline		: StopAppPool "MercatorNet.WSServices"
donderdag 30 september 2021 21:04:17 - Commandline		: StopAppPool "MercatorNet.WSTariff"
donderdag 30 september 2021 21:04:17 - Commandline		: StopAppPool "MercatorNetBroker.WSDeploy_3_0"
donderdag 30 september 2021 21:04:18 - Commandline		: StopAppPool "MercatorNetBroker.WSMain"
donderdag 30 september 2021 21:04:18 - Commandline		: StopAppPool "MercatorWebSite"
donderdag 30 september 2021 21:04:18 - Commandline		: StopAppPool "MyBaloiseBroker"
donderdag 30 september 2021 21:04:18 - Commandline		: StopAppPool "MyBaloiseInternal"
donderdag 30 september 2021 21:04:18 - Commandline		: StopAppPool "MWebBvb"
donderdag 30 september 2021 21:04:19 - Commandline		: StopAppPool "ScvWebService"
donderdag 30 september 2021 21:04:19 - Commandline		: StopWebsite "OnlineDocuments"
donderdag 30 september 2021 21:04:19 - Commandline		: StopWebsite "MNet"
donderdag 30 september 2021 21:04:19 - Commandline		: StopWebsite "MWebBvb"
donderdag 30 september 2021 21:04:19 - Commandline		: StopService "World Wide Web Publishing Service"
donderdag 30 september 2021 21:04:19 - Commandline		: RemoveDirectory "C:\WINDOWS\Microsoft.NET\Framework\v2.0.50727\Temporary ASP.NET Files\levenaansluitingsverklaring"
donderdag 30 september 2021 21:04:19 - Commandline		: RemoveDirectory "C:\WINDOWS\Microsoft.NET\Framework\v2.0.50727\Temporary ASP.NET Files\levenwijzigingsformulier"
donderdag 30 september 2021 21:04:19 - Commandline		: RemoveDirectory "C:\WINDOWS\Microsoft.NET\Framework\v2.0.50727\Temporary ASP.NET Files\ed"
donderdag 30 september 2021 21:04:20 - Commandline		: RemoveDirectory "C:\WINDOWS\Microsoft.NET\Framework\v2.0.50727\Temporary ASP.NET Files\mercatornet.rmmain"
donderdag 30 september 2021 21:04:20 - Commandline		: RemoveDirectory "C:\WINDOWS\Microsoft.NET\Framework\v2.0.50727\Temporary ASP.NET Files\mercatornet.wsdeploy_3_0"
donderdag 30 september 2021 21:04:20 - Commandline		: RemoveDirectory "C:\WINDOWS\Microsoft.NET\Framework\v2.0.50727\Temporary ASP.NET Files\mercatornet.wsmain"
donderdag 30 september 2021 21:04:20 - Commandline		: RemoveDirectory "C:\WINDOWS\Microsoft.NET\Framework\v2.0.50727\Temporary ASP.NET Files\mercatornet.wsservices"
donderdag 30 september 2021 21:04:20 - Commandline		: RemoveDirectory "C:\WINDOWS\Microsoft.NET\Framework\v2.0.50727\Temporary ASP.NET Files\mercatornet.wstariff"
donderdag 30 september 2021 21:04:20 - Commandline		: RemoveDirectory "C:\WINDOWS\Microsoft.NET\Framework\v2.0.50727\Temporary ASP.NET Files\mercatornetbroker.wsdeploy_3_0"
donderdag 30 september 2021 21:04:20 - Commandline		: RemoveDirectory "C:\WINDOWS\Microsoft.NET\Framework\v2.0.50727\Temporary ASP.NET Files\mercatornetbroker.wsmain"
donderdag 30 september 2021 21:04:20 - Commandline		: RemoveDirectory "C:\WINDOWS\Microsoft.NET\Framework\v2.0.50727\Temporary ASP.NET Files\mercatornethelppages"
donderdag 30 september 2021 21:04:20 - Commandline		: RemoveDirectory "C:\WINDOWS\Microsoft.NET\Framework\v2.0.50727\Temporary ASP.NET Files\scvwebservice"
donderdag 30 september 2021 21:04:20 - Commandline		: EnableWSUSReboot ""
donderdag 30 september 2021 21:04:20 - ================================SVW-BE-WEBFP001.balgroupit.com======================================
donderdag 30 september 2021 21:04:21 - ================================SVW-BE-WEBFP002.balgroupit.com======================================
donderdag 30 september 2021 21:04:29 - Commandline		: StopAppPool "DefaultAppPool"
donderdag 30 september 2021 21:04:29 - Commandline		: StopAppPool "ED"
donderdag 30 september 2021 21:04:29 - Commandline		: StopAppPool "EmployeeBenefits"
donderdag 30 september 2021 21:04:30 - Commandline		: StopAppPool "EtlLogViewer"
donderdag 30 september 2021 21:04:30 - Commandline		: StopAppPool "LevenAansluitingsverklaring"
donderdag 30 september 2021 21:04:30 - Commandline		: StopAppPool "LevenWijzigingsFormulier"
donderdag 30 september 2021 21:04:30 - Commandline		: StopAppPool "MercatorNet.RMMain"
donderdag 30 september 2021 21:04:30 - Commandline		: StopAppPool "MercatorNet.WSDeploy_3_0"
donderdag 30 september 2021 21:04:31 - Commandline		: StopAppPool "MercatorNet.WSMain"
donderdag 30 september 2021 21:04:31 - Commandline		: StopAppPool "MercatorNet.WSServices"
donderdag 30 september 2021 21:04:31 - Commandline		: StopAppPool "MercatorNet.WSTariff"
donderdag 30 september 2021 21:04:31 - Commandline		: StopAppPool "MercatorNetBroker.WSDeploy_3_0"
donderdag 30 september 2021 21:04:31 - Commandline		: StopAppPool "MercatorNetBroker.WSMain"
donderdag 30 september 2021 21:04:32 - Commandline		: StopAppPool "MercatorWebSite"
donderdag 30 september 2021 21:04:32 - Commandline		: StopAppPool "MyBaloiseBroker"
donderdag 30 september 2021 21:04:32 - Commandline		: StopAppPool "MyBaloiseInternal"
donderdag 30 september 2021 21:04:32 - Commandline		: StopAppPool "MWebBvb"
donderdag 30 september 2021 21:04:32 - Commandline		: StopAppPool "ScvWebService"
donderdag 30 september 2021 21:04:33 - Commandline		: StopWebsite "OnlineDocuments"
donderdag 30 september 2021 21:04:33 - Commandline		: StopWebsite "MNet"
donderdag 30 september 2021 21:04:33 - Commandline		: StopWebsite "MWebBvb"
donderdag 30 september 2021 21:04:33 - Commandline		: StopService "World Wide Web Publishing Service"
donderdag 30 september 2021 21:04:33 - Commandline		: RemoveDirectory "C:\WINDOWS\Microsoft.NET\Framework\v2.0.50727\Temporary ASP.NET Files\levenaansluitingsverklaring"
donderdag 30 september 2021 21:04:33 - Commandline		: RemoveDirectory "C:\WINDOWS\Microsoft.NET\Framework\v2.0.50727\Temporary ASP.NET Files\levenwijzigingsformulier"
donderdag 30 september 2021 21:04:33 - Commandline		: RemoveDirectory "C:\WINDOWS\Microsoft.NET\Framework\v2.0.50727\Temporary ASP.NET Files\ed"
donderdag 30 september 2021 21:04:34 - Commandline		: RemoveDirectory "C:\WINDOWS\Microsoft.NET\Framework\v2.0.50727\Temporary ASP.NET Files\mercatornet.rmmain"
donderdag 30 september 2021 21:04:34 - Commandline		: RemoveDirectory "C:\WINDOWS\Microsoft.NET\Framework\v2.0.50727\Temporary ASP.NET Files\mercatornet.wsdeploy_3_0"
donderdag 30 september 2021 21:04:34 - Commandline		: RemoveDirectory "C:\WINDOWS\Microsoft.NET\Framework\v2.0.50727\Temporary ASP.NET Files\mercatornet.wsmain"
donderdag 30 september 2021 21:04:34 - Commandline		: RemoveDirectory "C:\WINDOWS\Microsoft.NET\Framework\v2.0.50727\Temporary ASP.NET Files\mercatornet.wsservices"
donderdag 30 september 2021 21:04:34 - Commandline		: RemoveDirectory "C:\WINDOWS\Microsoft.NET\Framework\v2.0.50727\Temporary ASP.NET Files\mercatornet.wstariff"
donderdag 30 september 2021 21:04:34 - Commandline		: RemoveDirectory "C:\WINDOWS\Microsoft.NET\Framework\v2.0.50727\Temporary ASP.NET Files\mercatornetbroker.wsdeploy_3_0"
donderdag 30 september 2021 21:04:34 - Commandline		: RemoveDirectory "C:\WINDOWS\Microsoft.NET\Framework\v2.0.50727\Temporary ASP.NET Files\mercatornetbroker.wsmain"
donderdag 30 september 2021 21:04:34 - Commandline		: RemoveDirectory "C:\WINDOWS\Microsoft.NET\Framework\v2.0.50727\Temporary ASP.NET Files\mercatornethelppages"
donderdag 30 september 2021 21:04:34 - Commandline		: RemoveDirectory "C:\WINDOWS\Microsoft.NET\Framework\v2.0.50727\Temporary ASP.NET Files\scvwebservice"
donderdag 30 september 2021 21:04:34 - Commandline		: EnableWSUSReboot ""
donderdag 30 september 2021 21:04:34 - ================================SVW-BE-WEBFP002.balgroupit.com======================================
donderdag 30 september 2021 21:04:35 - ================================SVW-BE-WEBFP003.balgroupit.com======================================
donderdag 30 september 2021 21:04:42 - Commandline		: StopAppPool "DefaultAppPool"
donderdag 30 september 2021 21:04:43 - Commandline		: StopAppPool "ED"
donderdag 30 september 2021 21:04:43 - Commandline		: StopAppPool "EmployeeBenefits"
donderdag 30 september 2021 21:04:43 - Commandline		: StopAppPool "EtlLogViewer"
donderdag 30 september 2021 21:04:43 - Commandline		: StopAppPool "LevenAansluitingsverklaring"
donderdag 30 september 2021 21:04:43 - Commandline		: StopAppPool "LevenWijzigingsFormulier"
donderdag 30 september 2021 21:04:44 - Commandline		: StopAppPool "MercatorNet.RMMain"
donderdag 30 september 2021 21:04:44 - Commandline		: StopAppPool "MercatorNet.WSDeploy_3_0"
donderdag 30 september 2021 21:04:44 - Commandline		: StopAppPool "MercatorNet.WSMain"
donderdag 30 september 2021 21:04:44 - Commandline		: StopAppPool "MercatorNet.WSServices"
donderdag 30 september 2021 21:04:44 - Commandline		: StopAppPool "MercatorNet.WSTariff"
donderdag 30 september 2021 21:04:45 - Commandline		: StopAppPool "MercatorNetBroker.WSDeploy_3_0"
donderdag 30 september 2021 21:04:45 - Commandline		: StopAppPool "MercatorNetBroker.WSMain"
donderdag 30 september 2021 21:04:45 - Commandline		: StopAppPool "MercatorWebSite"
donderdag 30 september 2021 21:04:45 - Commandline		: StopAppPool "MyBaloiseBroker"
donderdag 30 september 2021 21:04:45 - Commandline		: StopAppPool "MyBaloiseInternal"
donderdag 30 september 2021 21:04:45 - Commandline		: StopAppPool "MWebBvb"
donderdag 30 september 2021 21:04:46 - Commandline		: StopAppPool "ScvWebService"
donderdag 30 september 2021 21:04:46 - Commandline		: StopWebsite "OnlineDocuments"
donderdag 30 september 2021 21:04:46 - Commandline		: StopWebsite "MNet"
donderdag 30 september 2021 21:04:46 - Commandline		: StopWebsite "MWebBvb"
donderdag 30 september 2021 21:04:46 - Commandline		: StopService "World Wide Web Publishing Service"
donderdag 30 september 2021 21:04:47 - Commandline		: RemoveDirectory "C:\WINDOWS\Microsoft.NET\Framework\v2.0.50727\Temporary ASP.NET Files\levenaansluitingsverklaring"
donderdag 30 september 2021 21:04:47 - Commandline		: RemoveDirectory "C:\WINDOWS\Microsoft.NET\Framework\v2.0.50727\Temporary ASP.NET Files\levenwijzigingsformulier"
donderdag 30 september 2021 21:04:47 - Commandline		: RemoveDirectory "C:\WINDOWS\Microsoft.NET\Framework\v2.0.50727\Temporary ASP.NET Files\ed"
donderdag 30 september 2021 21:04:47 - Commandline		: RemoveDirectory "C:\WINDOWS\Microsoft.NET\Framework\v2.0.50727\Temporary ASP.NET Files\mercatornet.rmmain"
donderdag 30 september 2021 21:04:47 - Commandline		: RemoveDirectory "C:\WINDOWS\Microsoft.NET\Framework\v2.0.50727\Temporary ASP.NET Files\mercatornet.wsdeploy_3_0"
donderdag 30 september 2021 21:04:47 - Commandline		: RemoveDirectory "C:\WINDOWS\Microsoft.NET\Framework\v2.0.50727\Temporary ASP.NET Files\mercatornet.wsmain"
donderdag 30 september 2021 21:04:47 - Commandline		: RemoveDirectory "C:\WINDOWS\Microsoft.NET\Framework\v2.0.50727\Temporary ASP.NET Files\mercatornet.wsservices"
donderdag 30 september 2021 21:04:47 - Commandline		: RemoveDirectory "C:\WINDOWS\Microsoft.NET\Framework\v2.0.50727\Temporary ASP.NET Files\mercatornet.wstariff"
donderdag 30 september 2021 21:04:47 - Commandline		: RemoveDirectory "C:\WINDOWS\Microsoft.NET\Framework\v2.0.50727\Temporary ASP.NET Files\mercatornetbroker.wsdeploy_3_0"
donderdag 30 september 2021 21:04:47 - Commandline		: RemoveDirectory "C:\WINDOWS\Microsoft.NET\Framework\v2.0.50727\Temporary ASP.NET Files\mercatornetbroker.wsmain"
donderdag 30 september 2021 21:04:47 - Commandline		: RemoveDirectory "C:\WINDOWS\Microsoft.NET\Framework\v2.0.50727\Temporary ASP.NET Files\mercatornethelppages"
donderdag 30 september 2021 21:04:47 - Commandline		: RemoveDirectory "C:\WINDOWS\Microsoft.NET\Framework\v2.0.50727\Temporary ASP.NET Files\scvwebservice"
donderdag 30 september 2021 21:04:47 - Commandline		: EnableWSUSReboot ""
donderdag 30 september 2021 21:04:47 - ================================SVW-BE-WEBFP003.balgroupit.com======================================
donderdag 30 september 2021 21:04:48 - ================================SVW-BE-WEBFP004.balgroupit.com======================================
donderdag 30 september 2021 21:04:55 - Commandline		: StopAppPool "DefaultAppPool"
donderdag 30 september 2021 21:04:56 - Commandline		: StopAppPool "ED"
donderdag 30 september 2021 21:04:56 - Commandline		: StopAppPool "EmployeeBenefits"
donderdag 30 september 2021 21:04:56 - Commandline		: StopAppPool "EtlLogViewer"
donderdag 30 september 2021 21:04:56 - Commandline		: StopAppPool "LevenAansluitingsverklaring"
donderdag 30 september 2021 21:04:56 - Commandline		: StopAppPool "LevenWijzigingsFormulier"
donderdag 30 september 2021 21:04:57 - Commandline		: StopAppPool "MercatorNet.RMMain"
donderdag 30 september 2021 21:04:57 - Commandline		: StopAppPool "MercatorNet.WSDeploy_3_0"
donderdag 30 september 2021 21:04:57 - Commandline		: StopAppPool "MercatorNet.WSMain"
donderdag 30 september 2021 21:04:57 - Commandline		: StopAppPool "MercatorNet.WSServices"
donderdag 30 september 2021 21:04:58 - Commandline		: StopAppPool "MercatorNet.WSTariff"
donderdag 30 september 2021 21:04:58 - Commandline		: StopAppPool "MercatorNetBroker.WSDeploy_3_0"
donderdag 30 september 2021 21:04:58 - Commandline		: StopAppPool "MercatorNetBroker.WSMain"
donderdag 30 september 2021 21:04:58 - Commandline		: StopAppPool "MercatorWebSite"
donderdag 30 september 2021 21:04:58 - Commandline		: StopAppPool "MyBaloiseBroker"
donderdag 30 september 2021 21:04:58 - Commandline		: StopAppPool "MyBaloiseInternal"
donderdag 30 september 2021 21:04:59 - Commandline		: StopAppPool "MWebBvb"
donderdag 30 september 2021 21:04:59 - Commandline		: StopAppPool "ScvWebService"
donderdag 30 september 2021 21:04:59 - Commandline		: StopWebsite "OnlineDocuments"
donderdag 30 september 2021 21:04:59 - Commandline		: StopWebsite "MNet"
donderdag 30 september 2021 21:04:59 - Commandline		: StopWebsite "MWebBvb"
donderdag 30 september 2021 21:04:59 - Commandline		: StopService "World Wide Web Publishing Service"
donderdag 30 september 2021 21:05:00 - Commandline		: RemoveDirectory "C:\WINDOWS\Microsoft.NET\Framework\v2.0.50727\Temporary ASP.NET Files\levenaansluitingsverklaring"
donderdag 30 september 2021 21:05:00 - Commandline		: RemoveDirectory "C:\WINDOWS\Microsoft.NET\Framework\v2.0.50727\Temporary ASP.NET Files\levenwijzigingsformulier"
donderdag 30 september 2021 21:05:00 - Commandline		: RemoveDirectory "C:\WINDOWS\Microsoft.NET\Framework\v2.0.50727\Temporary ASP.NET Files\ed"
donderdag 30 september 2021 21:05:00 - Commandline		: RemoveDirectory "C:\WINDOWS\Microsoft.NET\Framework\v2.0.50727\Temporary ASP.NET Files\mercatornet.rmmain"
donderdag 30 september 2021 21:05:00 - Commandline		: RemoveDirectory "C:\WINDOWS\Microsoft.NET\Framework\v2.0.50727\Temporary ASP.NET Files\mercatornet.wsdeploy_3_0"
donderdag 30 september 2021 21:05:00 - Commandline		: RemoveDirectory "C:\WINDOWS\Microsoft.NET\Framework\v2.0.50727\Temporary ASP.NET Files\mercatornet.wsmain"
donderdag 30 september 2021 21:05:00 - Commandline		: RemoveDirectory "C:\WINDOWS\Microsoft.NET\Framework\v2.0.50727\Temporary ASP.NET Files\mercatornet.wsservices"
donderdag 30 september 2021 21:05:00 - Commandline		: RemoveDirectory "C:\WINDOWS\Microsoft.NET\Framework\v2.0.50727\Temporary ASP.NET Files\mercatornet.wstariff"
donderdag 30 september 2021 21:05:00 - Commandline		: RemoveDirectory "C:\WINDOWS\Microsoft.NET\Framework\v2.0.50727\Temporary ASP.NET Files\mercatornetbroker.wsdeploy_3_0"
donderdag 30 september 2021 21:05:00 - Commandline		: RemoveDirectory "C:\WINDOWS\Microsoft.NET\Framework\v2.0.50727\Temporary ASP.NET Files\mercatornetbroker.wsmain"
donderdag 30 september 2021 21:05:00 - Commandline		: RemoveDirectory "C:\WINDOWS\Microsoft.NET\Framework\v2.0.50727\Temporary ASP.NET Files\mercatornethelppages"
donderdag 30 september 2021 21:05:00 - Commandline		: RemoveDirectory "C:\WINDOWS\Microsoft.NET\Framework\v2.0.50727\Temporary ASP.NET Files\scvwebservice"
donderdag 30 september 2021 21:05:01 - Commandline		: EnableWSUSReboot ""
donderdag 30 september 2021 21:05:01 - ================================SVW-BE-WEBFP004.balgroupit.com======================================
donderdag 30 september 2021 21:05:01 - ================================svw-be-bizp001.balgroupit.com======================================
donderdag 30 september 2021 21:05:08 - Commandline		: StopService "Mercator Managed File Transfer"
donderdag 30 september 2021 21:05:09 - Commandline		: StopService "Mercator Esb Process Initializer"
donderdag 30 september 2021 21:05:10 - Commandline		: EnableWSUSReboot ""
donderdag 30 september 2021 21:05:10 - ================================svw-be-bizp001.balgroupit.com======================================
donderdag 30 september 2021 21:05:10 - ================================svw-be-bizp002.balgroupit.com======================================
donderdag 30 september 2021 21:05:18 - Commandline		: StopService "Mercator Managed File Transfer"
donderdag 30 september 2021 21:05:18 - Commandline		: StopService "Mercator Esb Process Initializer"
donderdag 30 september 2021 21:05:19 - Commandline		: EnableWSUSReboot ""
donderdag 30 september 2021 21:05:19 - ================================svw-be-bizp002.balgroupit.com======================================
donderdag 30 september 2021 21:05:20 - ================================svw-be-bizp003.balgroupit.com======================================
donderdag 30 september 2021 21:05:27 - Commandline		: StopService "Mercator Managed File Transfer"
donderdag 30 september 2021 21:05:28 - Commandline		: StopService "Mercator Esb Process Initializer"
donderdag 30 september 2021 21:05:28 - Commandline		: EnableWSUSReboot ""
donderdag 30 september 2021 21:05:28 - ================================svw-be-bizp003.balgroupit.com======================================
donderdag 30 september 2021 21:05:29 - ================================svw-be-bizp004.balgroupit.com======================================
donderdag 30 september 2021 21:05:36 - Commandline		: StopService "Mercator Managed File Transfer"
donderdag 30 september 2021 21:05:37 - Commandline		: StopService "Mercator Esb Process Initializer"
donderdag 30 september 2021 21:05:37 - Commandline		: EnableWSUSReboot ""
donderdag 30 september 2021 21:05:37 - ================================svw-be-bizp004.balgroupit.com======================================
donderdag 30 september 2021 21:05:40 - ================================svw-be-portp01.balgroupit.com======================================
donderdag 30 september 2021 21:05:48 - Commandline		: stopAppPool "AL2AppPool64v2"
donderdag 30 september 2021 21:05:49 - Commandline		: stopAppPool "ALAppPool64v2"
donderdag 30 september 2021 21:05:49 - Commandline		: StopWebsite "WCI"
donderdag 30 september 2021 21:05:49 - Commandline		: StopWebsite "Default Web Site"
donderdag 30 september 2021 21:05:49 - Commandline		: EnableWSUSReboot ""
donderdag 30 september 2021 21:05:49 - ================================svw-be-portp01.balgroupit.com======================================
donderdag 30 september 2021 21:05:53 - ================================svw-be-portp03.balgroupit.com======================================
donderdag 30 september 2021 21:06:01 - Commandline		: stopAppPool "ALAppPool64v2"
donderdag 30 september 2021 21:06:01 - Commandline		: stopAppPool "Pool2"
donderdag 30 september 2021 21:06:01 - Commandline		: stopAppPool "Mercator.Portal.Portlets"
donderdag 30 september 2021 21:06:02 - Commandline		: stopAppPool "Mercator.Portal.WebService"
donderdag 30 september 2021 21:06:02 - Commandline		: stopAppPool "PortalASP"
donderdag 30 september 2021 21:06:02 - Commandline		: StopWebsite "WCI"
donderdag 30 september 2021 21:06:02 - Commandline		: StopWebsite "Default Web Site"
donderdag 30 september 2021 21:06:02 - Commandline		: StopWebsite "MercatorPortalWebService"
donderdag 30 september 2021 21:06:02 - Commandline		: StopService "Mercator.Portal.Scheduler"
donderdag 30 september 2021 21:06:14 - Commandline		: EnableWSUSReboot ""
donderdag 30 september 2021 21:06:14 - ================================svw-be-portp03.balgroupit.com======================================
donderdag 30 september 2021 21:06:14 - ================================svw-be-babsp001.balgroupit.com======================================
donderdag 30 september 2021 21:06:21 - Commandline		: EnableWSUSReboot ""
donderdag 30 september 2021 21:06:21 - ================================svw-be-babsp001.balgroupit.com======================================
donderdag 30 september 2021 21:06:22 - ================================svw-be-babsp002.balgroupit.com======================================
donderdag 30 september 2021 21:06:29 - Commandline		: EnableWSUSReboot ""
donderdag 30 september 2021 21:06:29 - ================================svw-be-babsp002.balgroupit.com======================================
donderdag 30 september 2021 21:06:30 - ================================svw-be-babbp001.balgroupit.com======================================
donderdag 30 september 2021 21:06:30 - Commandline		: StopService "Baloise BaloiseBackendBatch"
donderdag 30 september 2021 21:06:31 - Commandline		: EnableWSUSReboot ""
donderdag 30 september 2021 21:06:31 - ================================svw-be-babbp001.balgroupit.com======================================
donderdag 30 september 2021 21:06:32 - ================================svw-be-babbp002.balgroupit.com======================================
donderdag 30 september 2021 21:06:34 - Commandline		: StopService "Baloise BaloiseBackendBatch"
donderdag 30 september 2021 21:06:34 - Commandline		: EnableWSUSReboot ""
donderdag 30 september 2021 21:06:35 - ================================svw-be-babbp002.balgroupit.com======================================
donderdag 30 september 2021 21:06:36 - ================================svw-be-mftp001.balgroupit.com======================================
donderdag 30 september 2021 21:06:41 - Commandline		: StopService "Mercator Managed File Transfer"
donderdag 30 september 2021 21:06:42 - Commandline		: EnableWSUSReboot ""
donderdag 30 september 2021 21:06:42 - ================================svw-be-mftp001.balgroupit.com======================================
donderdag 30 september 2021 21:06:43 - ================================svw-be-mftp002.balgroupit.com======================================
donderdag 30 september 2021 21:06:44 - Commandline		: StopService "Mercator Managed File Transfer"
donderdag 30 september 2021 21:06:46 - Commandline		: EnableWSUSReboot ""
donderdag 30 september 2021 21:06:46 - ================================svw-be-mftp002.balgroupit.com======================================
donderdag 30 september 2021 21:06:46 - ================================svw-be-testp001.balgroupit.com======================================
donderdag 30 september 2021 21:06:46 -  svw-be-testp001.balgroupit.com remote session could not be created.
donderdag 30 september 2021 21:06:46 - ================================svw-be-testp001.balgroupit.com======================================
donderdag 30 september 2021 21:06:46 - ================================svw-be-testp002.balgroupit.com======================================
donderdag 30 september 2021 21:06:46 -  svw-be-testp002.balgroupit.com remote session could not be created.
donderdag 30 september 2021 21:06:46 - ================================svw-be-testp002.balgroupit.com======================================
