donderdag 27 augustus 2020 21:00:38 - READING XML File :  \\balgroupit.com\appl_data\BBE\Transfer\Packages\Scripts\WSUS\Pcorp\Pcorp_Stop_All.xml
donderdag 27 augustus 2020 21:00:38 - 
donderdag 27 augustus 2020 21:00:39 - ================================svw-be-eaip01.balgroupit.com======================================
donderdag 27 augustus 2020 21:00:41 - Commandline		: StopService "mercator.eai.docservice"
donderdag 27 augustus 2020 21:00:42 - Commandline		: StopProcess "dllhost.exe"
donderdag 27 augustus 2020 21:00:42 - Commandline		: StopProcess "winword.exe"
donderdag 27 augustus 2020 21:00:42 - Commandline		: EnableWSUSReboot ""
donderdag 27 augustus 2020 21:00:42 - ================================svw-be-eaip01.balgroupit.com======================================
donderdag 27 augustus 2020 21:00:44 - ================================svw-be-eaip04.balgroupit.com======================================
donderdag 27 augustus 2020 21:00:45 - Commandline		: StopService "mercator.eai.docservice"
donderdag 27 augustus 2020 21:00:46 - Commandline		: StopProcess "dllhost.exe"
donderdag 27 augustus 2020 21:00:46 - Commandline		: StopProcess "winword.exe"
donderdag 27 augustus 2020 21:00:46 - Commandline		: EnableWSUSReboot ""
donderdag 27 augustus 2020 21:00:46 - ================================svw-be-eaip04.balgroupit.com======================================
donderdag 27 augustus 2020 21:00:47 - ================================svw-be-eaip05.balgroupit.com======================================
donderdag 27 augustus 2020 21:00:49 - Commandline		: StopService "mercator.eai.docservice"
donderdag 27 augustus 2020 21:00:49 - Commandline		: StopProcess "dllhost.exe"
donderdag 27 augustus 2020 21:00:49 - Commandline		: StopProcess "winword.exe"
donderdag 27 augustus 2020 21:00:49 - Commandline		: EnableWSUSReboot ""
donderdag 27 augustus 2020 21:00:49 - ================================svw-be-eaip05.balgroupit.com======================================
donderdag 27 augustus 2020 21:00:50 - ================================svw-be-webp02.balgroupit.com======================================
donderdag 27 augustus 2020 21:00:58 - Commandline		: StopWebsite "DmsDataRepository"
donderdag 27 augustus 2020 21:00:58 - Commandline		: StopWebsite "MNet"
donderdag 27 augustus 2020 21:00:58 - Commandline		: StopAppPool "DefaultAppPool"
donderdag 27 augustus 2020 21:00:58 - Commandline		: StopAppPool "WSDMS"
donderdag 27 augustus 2020 21:00:58 - Commandline		: StopAppPool "WSDmsDataRepository"
donderdag 27 augustus 2020 21:00:58 - Commandline		: StopAppPool "BaloiseBackend"
donderdag 27 augustus 2020 21:00:58 - Commandline		: StopAppPool "CDS"
donderdag 27 augustus 2020 21:00:58 - Commandline		: StopAppPool "MercatorNet.BoServices"
donderdag 27 augustus 2020 21:00:58 - Commandline		: StopAppPool "Mercator.Portima.Monitoring"
donderdag 27 augustus 2020 21:00:59 - Commandline		: StopAppPool "Mercator.Portima"
donderdag 27 augustus 2020 21:00:59 - Commandline		: StopAppPool "Mercator.Eai.Tools.Wsc"
donderdag 27 augustus 2020 21:00:59 - Commandline		: StopAppPool "Mercator.EAI.Framework.WebServices"
donderdag 27 augustus 2020 21:00:59 - Commandline		: StopService "World Wide Web Publishing Service"
donderdag 27 augustus 2020 21:00:59 - Commandline		: StopService "Baloise BaloiseBackendBatch"
donderdag 27 augustus 2020 21:00:59 - Commandline		: StopService "Baloise CentralDataStore"
donderdag 27 augustus 2020 21:00:59 - Commandline		: StopService "Baloise SyncTaskToDMS"
donderdag 27 augustus 2020 21:00:59 - Commandline		: StopService "Mercator DMS Bulk Insert"
donderdag 27 augustus 2020 21:01:00 - Commandline		: StopService "Mercator DMS Import Portima Attachments"
donderdag 27 augustus 2020 21:01:00 - Commandline		: StopService "Mercator DMS MailImport Service"
donderdag 27 augustus 2020 21:01:00 - Commandline		: StopService "Mercator Xpim Document Store"
donderdag 27 augustus 2020 21:01:00 - Commandline		: StopService "Mercator Document Store"
donderdag 27 augustus 2020 21:01:00 - Commandline		: StopService "Mercator Document Store"
donderdag 27 augustus 2020 21:01:00 - Commandline		: StopService "Mercator Document Management System Service"
donderdag 27 augustus 2020 21:01:00 - Commandline		: StopService "Mercator Document Management System Async Service"
donderdag 27 augustus 2020 21:01:00 - Commandline		: StopService "Mercator Document Management System Batch Avero Service"
donderdag 27 augustus 2020 21:01:00 - Commandline		: StopService "Mercator DMS Pdf Conversion Call"
donderdag 27 augustus 2020 21:01:00 - Commandline		: StopService "MercatorNET SCV Batch Service"
donderdag 27 augustus 2020 21:01:00 - Commandline		: StopService "Mercator Organization Data"
donderdag 27 augustus 2020 21:01:01 - Commandline		: StopService "Mercator Document Generation"
donderdag 27 augustus 2020 21:01:01 - Commandline		: StopService "Mercator Document Delivery"
donderdag 27 augustus 2020 21:01:01 - Commandline		: StopService "Steria's Dispatcher Service"
donderdag 27 augustus 2020 21:01:01 - Commandline		: StopService "Mercator.Integration.EAI.3.9.Listener"
donderdag 27 augustus 2020 21:01:02 - Commandline		: RemoveDirectory "C:\WINDOWS\Microsoft.NET\Framework\v4.0.30319\Temporary ASP.NET Files\cds"
donderdag 27 augustus 2020 21:01:02 - Commandline		: RemoveDirectory "C:\WINDOWS\Microsoft.NET\Framework\v2.0.50727\Temporary ASP.NET Files\mercatornet.boservices"
donderdag 27 augustus 2020 21:01:02 - Commandline		: RemoveDirectory "C:\WINDOWS\Microsoft.NET\Framework\v2.0.50727\Temporary ASP.NET Files\mercator.eai.framework.webservices"
donderdag 27 augustus 2020 21:01:02 - Commandline		: RemoveDirectory "C:\WINDOWS\Microsoft.NET\Framework\v2.0.50727\Temporary ASP.NET Files\mercator.eai.tools.wsc"
donderdag 27 augustus 2020 21:01:02 - Commandline		: RemoveDirectory "C:\WINDOWS\Microsoft.NET\Framework\v2.0.50727\Temporary ASP.NET Files\Mercator.Portima.Monitoring"
donderdag 27 augustus 2020 21:01:02 - Commandline		: RemoveDirectory "C:\WINDOWS\Microsoft.NET\Framework\v2.0.50727\Temporary ASP.NET Files\Mercator.Portima"
donderdag 27 augustus 2020 21:01:02 - Commandline		: RemoveDirectory "C:\WINDOWS\Microsoft.NET\Framework\v2.0.50727\Temporary ASP.NET Files\WSDMS"
donderdag 27 augustus 2020 21:01:02 - Commandline		: RemoveDirectory "C:\WINDOWS\Microsoft.NET\Framework\v2.0.50727\Temporary ASP.NET Files\wsdmsdatarepository"
donderdag 27 augustus 2020 21:01:02 - Commandline		: EnableWSUSReboot ""
donderdag 27 augustus 2020 21:01:02 - ================================svw-be-webp02.balgroupit.com======================================
donderdag 27 augustus 2020 21:01:03 - ================================svw-be-webp03.balgroupit.com======================================
donderdag 27 augustus 2020 21:01:10 - Commandline		: StopWebsite "DmsDataRepository"
donderdag 27 augustus 2020 21:01:10 - Commandline		: StopWebsite "MNet"
donderdag 27 augustus 2020 21:01:10 - Commandline		: StopAppPool "MNet"
donderdag 27 augustus 2020 21:01:11 - Commandline		: StopAppPool "DefaultAppPool"
donderdag 27 augustus 2020 21:01:11 - Commandline		: StopAppPool "WSDMS"
donderdag 27 augustus 2020 21:01:11 - Commandline		: StopAppPool "WSDmsDataRepository"
donderdag 27 augustus 2020 21:01:11 - Commandline		: StopAppPool "BaloiseBackend"
donderdag 27 augustus 2020 21:01:11 - Commandline		: StopAppPool "CDS"
donderdag 27 augustus 2020 21:01:11 - Commandline		: StopAppPool "MercatorNet.BoServices"
donderdag 27 augustus 2020 21:01:11 - Commandline		: StopAppPool "Mercator.Portima.Monitoring"
donderdag 27 augustus 2020 21:01:11 - Commandline		: StopAppPool "Mercator.Portima"
donderdag 27 augustus 2020 21:01:11 - Commandline		: StopAppPool "Mercator.Eai.Tools.Wsc"
donderdag 27 augustus 2020 21:01:11 - Commandline		: StopAppPool "Mercator.EAI.Framework.WebServices"
donderdag 27 augustus 2020 21:01:11 - Commandline		: StopService "World Wide Web Publishing Service"
donderdag 27 augustus 2020 21:01:11 - Commandline		: StopService "Baloise Backend"
donderdag 27 augustus 2020 21:01:11 - Commandline		: StopService "Baloise Central Data Store"
donderdag 27 augustus 2020 21:01:11 - Commandline		: StopService "Baloise SyncTaskToDMS"
donderdag 27 augustus 2020 21:01:12 - Commandline		: StopService "Mercator DMS Bulk Insert"
donderdag 27 augustus 2020 21:01:12 - Commandline		: StopService "Mercator DMS Import Portima Attachments"
donderdag 27 augustus 2020 21:01:12 - Commandline		: StopService "Mercator DMS MailImport Service"
donderdag 27 augustus 2020 21:01:13 - Commandline		: StopService "Mercator Xpim Document Store"
donderdag 27 augustus 2020 21:01:13 - Commandline		: StopService "Mercator Document Store"
donderdag 27 augustus 2020 21:01:13 - Commandline		: StopService "BaloiseDmsBatchService"
donderdag 27 augustus 2020 21:01:13 - Commandline		: StopService "Mercator Document Management System Service"
donderdag 27 augustus 2020 21:01:13 - Commandline		: StopService "Mercator Document Management System Async Service"
donderdag 27 augustus 2020 21:01:14 - Commandline		: StopService "Mercator Document Management System Batch Avero Service"
donderdag 27 augustus 2020 21:01:15 - Commandline		: StopService "Mercator DMS Pdf Conversion Call"
donderdag 27 augustus 2020 21:01:15 - Commandline		: StopService "MercatorNET SCV Batch Service"
donderdag 27 augustus 2020 21:01:15 - Commandline		: StopService "Mercator Organization Data"
donderdag 27 augustus 2020 21:01:15 - Commandline		: StopService "Mercator Document Generation"
donderdag 27 augustus 2020 21:01:15 - Commandline		: StopService "Mercator Document Delivery"
donderdag 27 augustus 2020 21:01:15 - Commandline		: StopService "Steria's Dispatcher Service"
donderdag 27 augustus 2020 21:01:15 - Commandline		: StopService "Mercator.Integration.EAI.3.9.Listener"
donderdag 27 augustus 2020 21:01:15 - Commandline		: RemoveDirectory "C:\WINDOWS\Microsoft.NET\Framework\v4.0.30319\Temporary ASP.NET Files\cds"
donderdag 27 augustus 2020 21:01:16 - Commandline		: RemoveDirectory "C:\WINDOWS\Microsoft.NET\Framework\v2.0.50727\Temporary ASP.NET Files\mercatornet.boservices"
donderdag 27 augustus 2020 21:01:16 - Commandline		: RemoveDirectory "C:\WINDOWS\Microsoft.NET\Framework\v2.0.50727\Temporary ASP.NET Files\mercator.eai.framework.webservices"
donderdag 27 augustus 2020 21:01:16 - Commandline		: RemoveDirectory "C:\WINDOWS\Microsoft.NET\Framework\v2.0.50727\Temporary ASP.NET Files\mercator.eai.tools.wsc"
donderdag 27 augustus 2020 21:01:16 - Commandline		: RemoveDirectory "C:\WINDOWS\Microsoft.NET\Framework\v2.0.50727\Temporary ASP.NET Files\Mercator.Portima.Monitoring"
donderdag 27 augustus 2020 21:01:16 - Commandline		: RemoveDirectory "C:\WINDOWS\Microsoft.NET\Framework\v2.0.50727\Temporary ASP.NET Files\Mercator.Portima"
donderdag 27 augustus 2020 21:01:16 - Commandline		: RemoveDirectory "C:\WINDOWS\Microsoft.NET\Framework\v2.0.50727\Temporary ASP.NET Files\WSDMS"
donderdag 27 augustus 2020 21:01:16 - Commandline		: RemoveDirectory "C:\WINDOWS\Microsoft.NET\Framework\v2.0.50727\Temporary ASP.NET Files\wsdmsdatarepository"
donderdag 27 augustus 2020 21:01:16 - Commandline		: EnableWSUSReboot ""
donderdag 27 augustus 2020 21:01:16 - ================================svw-be-webp03.balgroupit.com======================================
donderdag 27 augustus 2020 21:01:17 - ================================svw-be-signp001.balgroupit.com======================================
donderdag 27 augustus 2020 21:01:18 - Commandline		: StopService "Portima BrokerSign"
donderdag 27 augustus 2020 21:01:18 - ================================svw-be-signp001.balgroupit.com======================================
donderdag 27 augustus 2020 21:01:19 - ================================shw-me-pweb06.balgroupit.com======================================
donderdag 27 augustus 2020 21:01:26 - Commandline		: StopAppPool "DefaultAppPool"
donderdag 27 augustus 2020 21:01:26 - Commandline		: StopAppPool "ED"
donderdag 27 augustus 2020 21:01:27 - Commandline		: StopAppPool "EmployeeBenefits"
donderdag 27 augustus 2020 21:01:27 - Commandline		: StopAppPool "EtlLogViewer"
donderdag 27 augustus 2020 21:01:27 - Commandline		: StopAppPool "LevenAansluitingsverklaring"
donderdag 27 augustus 2020 21:01:27 - Commandline		: StopAppPool "LevenWijzigingsFormulier"
donderdag 27 augustus 2020 21:01:27 - Commandline		: StopAppPool "MercatorNet.RMMain"
donderdag 27 augustus 2020 21:01:27 - Commandline		: StopAppPool "MercatorNet.WSDeploy_3_0"
donderdag 27 augustus 2020 21:01:27 - Commandline		: StopAppPool "MercatorNet.WSMain"
donderdag 27 augustus 2020 21:01:27 - Commandline		: StopAppPool "MercatorNet.WSServices"
donderdag 27 augustus 2020 21:01:27 - Commandline		: StopAppPool "MercatorNet.WSTariff"
donderdag 27 augustus 2020 21:01:27 - Commandline		: StopAppPool "MercatorNetBroker.WSDeploy_3_0"
donderdag 27 augustus 2020 21:01:27 - Commandline		: StopAppPool "MercatorNetBroker.WSMain"
donderdag 27 augustus 2020 21:01:27 - Commandline		: StopAppPool "MercatorWebSite"
donderdag 27 augustus 2020 21:01:27 - Commandline		: StopAppPool "MyBaloiseBroker"
donderdag 27 augustus 2020 21:01:27 - Commandline		: StopAppPool "MWebBvb"
donderdag 27 augustus 2020 21:01:27 - Commandline		: StopAppPool "ScvWebService"
donderdag 27 augustus 2020 21:01:28 - Commandline		: StopWebsite "OnlineDocuments"
donderdag 27 augustus 2020 21:01:28 - Commandline		: StopWebsite "MNet"
donderdag 27 augustus 2020 21:01:28 - Commandline		: StopWebsite "MWebBvb"
donderdag 27 augustus 2020 21:01:28 - Commandline		: StopService "World Wide Web Publishing Service"
donderdag 27 augustus 2020 21:01:28 - Commandline		: RemoveDirectory "C:\WINDOWS\Microsoft.NET\Framework\v2.0.50727\Temporary ASP.NET Files\levenaansluitingsverklaring"
donderdag 27 augustus 2020 21:01:28 - Commandline		: RemoveDirectory "C:\WINDOWS\Microsoft.NET\Framework\v2.0.50727\Temporary ASP.NET Files\levenwijzigingsformulier"
donderdag 27 augustus 2020 21:01:28 - Commandline		: RemoveDirectory "C:\WINDOWS\Microsoft.NET\Framework\v2.0.50727\Temporary ASP.NET Files\ed"
donderdag 27 augustus 2020 21:01:28 - Commandline		: RemoveDirectory "C:\WINDOWS\Microsoft.NET\Framework\v2.0.50727\Temporary ASP.NET Files\mercatornet.rmmain"
donderdag 27 augustus 2020 21:01:28 - Commandline		: RemoveDirectory "C:\WINDOWS\Microsoft.NET\Framework\v2.0.50727\Temporary ASP.NET Files\mercatornet.wsdeploy_3_0"
donderdag 27 augustus 2020 21:01:28 - Commandline		: RemoveDirectory "C:\WINDOWS\Microsoft.NET\Framework\v2.0.50727\Temporary ASP.NET Files\mercatornet.wsmain"
donderdag 27 augustus 2020 21:01:28 - Commandline		: RemoveDirectory "C:\WINDOWS\Microsoft.NET\Framework\v2.0.50727\Temporary ASP.NET Files\mercatornet.wsservices"
donderdag 27 augustus 2020 21:01:28 - Commandline		: RemoveDirectory "C:\WINDOWS\Microsoft.NET\Framework\v2.0.50727\Temporary ASP.NET Files\mercatornet.wstariff"
donderdag 27 augustus 2020 21:01:28 - Commandline		: RemoveDirectory "C:\WINDOWS\Microsoft.NET\Framework\v2.0.50727\Temporary ASP.NET Files\mercatornetbroker.wsdeploy_3_0"
donderdag 27 augustus 2020 21:01:28 - Commandline		: RemoveDirectory "C:\WINDOWS\Microsoft.NET\Framework\v2.0.50727\Temporary ASP.NET Files\mercatornetbroker.wsmain"
donderdag 27 augustus 2020 21:01:28 - Commandline		: RemoveDirectory "C:\WINDOWS\Microsoft.NET\Framework\v2.0.50727\Temporary ASP.NET Files\mercatornethelppages"
donderdag 27 augustus 2020 21:01:28 - Commandline		: RemoveDirectory "C:\WINDOWS\Microsoft.NET\Framework\v2.0.50727\Temporary ASP.NET Files\scvwebservice"
donderdag 27 augustus 2020 21:01:29 - Commandline		: EnableWSUSReboot ""
donderdag 27 augustus 2020 21:01:29 - ================================shw-me-pweb06.balgroupit.com======================================
donderdag 27 augustus 2020 21:01:30 - ================================shw-me-pweb56.balgroupit.com======================================
donderdag 27 augustus 2020 21:01:37 - Commandline		: StopAppPool "DefaultAppPool"
donderdag 27 augustus 2020 21:01:38 - Commandline		: StopAppPool "ED"
donderdag 27 augustus 2020 21:01:38 - Commandline		: StopAppPool "EmployeeBenefits"
donderdag 27 augustus 2020 21:01:38 - Commandline		: StopAppPool "EtlLogViewer"
donderdag 27 augustus 2020 21:01:38 - Commandline		: StopAppPool "LevenAansluitingsverklaring"
donderdag 27 augustus 2020 21:01:38 - Commandline		: StopAppPool "LevenWijzigingsFormulier"
donderdag 27 augustus 2020 21:01:38 - Commandline		: StopAppPool "MercatorNet.RMMain"
donderdag 27 augustus 2020 21:01:38 - Commandline		: StopAppPool "MercatorNet.WSDeploy_3_0"
donderdag 27 augustus 2020 21:01:38 - Commandline		: StopAppPool "MercatorNet.WSMain"
donderdag 27 augustus 2020 21:01:38 - Commandline		: StopAppPool "MercatorNet.WSServices"
donderdag 27 augustus 2020 21:01:38 - Commandline		: StopAppPool "MercatorNet.WSTariff"
donderdag 27 augustus 2020 21:01:38 - Commandline		: StopAppPool "MercatorNetBroker.WSDeploy_3_0"
donderdag 27 augustus 2020 21:01:38 - Commandline		: StopAppPool "MercatorNetBroker.WSMain"
donderdag 27 augustus 2020 21:01:38 - Commandline		: StopAppPool "MercatorWebSite"
donderdag 27 augustus 2020 21:01:39 - Commandline		: StopAppPool "MyBaloiseBroker"
donderdag 27 augustus 2020 21:01:39 - Commandline		: StopAppPool "MWebBvb"
donderdag 27 augustus 2020 21:01:39 - Commandline		: StopAppPool "ScvWebService"
donderdag 27 augustus 2020 21:01:39 - Commandline		: StopWebsite "OnlineDocuments"
donderdag 27 augustus 2020 21:01:39 - Commandline		: StopWebsite "MNet"
donderdag 27 augustus 2020 21:01:39 - Commandline		: StopWebsite "MWebBvb"
donderdag 27 augustus 2020 21:01:39 - Commandline		: StopService "World Wide Web Publishing Service"
donderdag 27 augustus 2020 21:01:39 - Commandline		: RemoveDirectory "C:\WINDOWS\Microsoft.NET\Framework\v2.0.50727\Temporary ASP.NET Files\levenaansluitingsverklaring"
donderdag 27 augustus 2020 21:01:39 - Commandline		: RemoveDirectory "C:\WINDOWS\Microsoft.NET\Framework\v2.0.50727\Temporary ASP.NET Files\levenwijzigingsformulier"
donderdag 27 augustus 2020 21:01:39 - Commandline		: RemoveDirectory "C:\WINDOWS\Microsoft.NET\Framework\v2.0.50727\Temporary ASP.NET Files\ed"
donderdag 27 augustus 2020 21:01:39 - Commandline		: RemoveDirectory "C:\WINDOWS\Microsoft.NET\Framework\v2.0.50727\Temporary ASP.NET Files\mercatornet.rmmain"
donderdag 27 augustus 2020 21:01:39 - Commandline		: RemoveDirectory "C:\WINDOWS\Microsoft.NET\Framework\v2.0.50727\Temporary ASP.NET Files\mercatornet.wsdeploy_3_0"
donderdag 27 augustus 2020 21:01:39 - Commandline		: RemoveDirectory "C:\WINDOWS\Microsoft.NET\Framework\v2.0.50727\Temporary ASP.NET Files\mercatornet.wsmain"
donderdag 27 augustus 2020 21:01:40 - Commandline		: RemoveDirectory "C:\WINDOWS\Microsoft.NET\Framework\v2.0.50727\Temporary ASP.NET Files\mercatornet.wsservices"
donderdag 27 augustus 2020 21:01:40 - Commandline		: RemoveDirectory "C:\WINDOWS\Microsoft.NET\Framework\v2.0.50727\Temporary ASP.NET Files\mercatornet.wstariff"
donderdag 27 augustus 2020 21:01:40 - Commandline		: RemoveDirectory "C:\WINDOWS\Microsoft.NET\Framework\v2.0.50727\Temporary ASP.NET Files\mercatornetbroker.wsdeploy_3_0"
donderdag 27 augustus 2020 21:01:40 - Commandline		: RemoveDirectory "C:\WINDOWS\Microsoft.NET\Framework\v2.0.50727\Temporary ASP.NET Files\mercatornetbroker.wsmain"
donderdag 27 augustus 2020 21:01:40 - Commandline		: RemoveDirectory "C:\WINDOWS\Microsoft.NET\Framework\v2.0.50727\Temporary ASP.NET Files\mercatornethelppages"
donderdag 27 augustus 2020 21:01:40 - Commandline		: RemoveDirectory "C:\WINDOWS\Microsoft.NET\Framework\v2.0.50727\Temporary ASP.NET Files\scvwebservice"
donderdag 27 augustus 2020 21:01:40 - Commandline		: EnableWSUSReboot ""
donderdag 27 augustus 2020 21:01:40 - ================================shw-me-pweb56.balgroupit.com======================================
donderdag 27 augustus 2020 21:01:41 - ================================svw-be-adlibp01.balgroupit.com======================================
donderdag 27 augustus 2020 21:01:49 - Commandline		: EnableWSUSReboot ""
donderdag 27 augustus 2020 21:01:49 - ================================svw-be-adlibp01.balgroupit.com======================================
donderdag 27 augustus 2020 21:01:50 - ================================svw-be-adlibp02.balgroupit.com======================================
donderdag 27 augustus 2020 21:01:51 - Commandline		: EnableWSUSReboot ""
donderdag 27 augustus 2020 21:01:51 - ================================svw-be-adlibp02.balgroupit.com======================================
donderdag 27 augustus 2020 21:01:52 - ================================svw-be-adlibp03.balgroupit.com======================================
donderdag 27 augustus 2020 21:02:00 - Commandline		: EnableWSUSReboot ""
donderdag 27 augustus 2020 21:02:00 - ================================svw-be-adlibp03.balgroupit.com======================================
donderdag 27 augustus 2020 21:02:01 - ================================svw-be-adlibp04.balgroupit.com======================================
donderdag 27 augustus 2020 21:02:02 - Commandline		: EnableWSUSReboot ""
donderdag 27 augustus 2020 21:02:02 - ================================svw-be-adlibp04.balgroupit.com======================================
donderdag 27 augustus 2020 21:02:03 - ================================svw-be-adlibp05.balgroupit.com======================================
donderdag 27 augustus 2020 21:02:08 - Commandline		: EnableWSUSReboot ""
donderdag 27 augustus 2020 21:02:08 - ================================svw-be-adlibp05.balgroupit.com======================================
donderdag 27 augustus 2020 21:02:09 - ================================svw-be-adlibp06.balgroupit.com======================================
donderdag 27 augustus 2020 21:02:14 - Commandline		: EnableWSUSReboot ""
donderdag 27 augustus 2020 21:02:14 - ================================svw-be-adlibp06.balgroupit.com======================================
donderdag 27 augustus 2020 21:02:15 - ================================svw-be-adlibp07.balgroupit.com======================================
donderdag 27 augustus 2020 21:02:20 - Commandline		: EnableWSUSReboot ""
donderdag 27 augustus 2020 21:02:20 - ================================svw-be-adlibp07.balgroupit.com======================================
donderdag 27 augustus 2020 21:02:21 - ================================svw-be-dmsp001.balgroupit.com======================================
donderdag 27 augustus 2020 21:02:29 - Commandline		: EnableWSUSReboot ""
donderdag 27 augustus 2020 21:02:29 - ================================svw-be-dmsp001.balgroupit.com======================================
donderdag 27 augustus 2020 21:02:30 - ================================svw-be-dmsp002.balgroupit.com======================================
donderdag 27 augustus 2020 21:02:37 - Commandline		: EnableWSUSReboot ""
donderdag 27 augustus 2020 21:02:37 - ================================svw-be-dmsp002.balgroupit.com======================================
donderdag 27 augustus 2020 21:02:38 - ================================svw-be-dmsp03.balgroupit.com======================================
donderdag 27 augustus 2020 21:02:48 - Commandline		: EnableWSUSReboot ""
donderdag 27 augustus 2020 21:02:49 - Commandline		: StopService "Execute360 Archive Manager"
donderdag 27 augustus 2020 21:03:12 - ================================svw-be-dmsp03.balgroupit.com======================================
donderdag 27 augustus 2020 21:03:12 - ================================dms-bp01.balgroupit.com======================================
donderdag 27 augustus 2020 21:03:14 - Commandline		: EnableWSUSReboot ""
donderdag 27 augustus 2020 21:03:14 - ================================dms-bp01.balgroupit.com======================================
donderdag 27 augustus 2020 21:03:14 - ================================dms-bp01-file.balgroupit.com======================================
donderdag 27 augustus 2020 21:03:16 - Commandline		: EnableWSUSReboot ""
donderdag 27 augustus 2020 21:03:16 - ================================dms-bp01-file.balgroupit.com======================================
donderdag 27 augustus 2020 21:03:17 - ================================dms-bp01-g360.balgroupit.com======================================
donderdag 27 augustus 2020 21:03:18 - Commandline		: EnableWSUSReboot ""
donderdag 27 augustus 2020 21:03:18 - ================================dms-bp01-g360.balgroupit.com======================================
donderdag 27 augustus 2020 21:03:18 - ================================SVW-BE-WEBFP001.balgroupit.com======================================
donderdag 27 augustus 2020 21:03:26 - Commandline		: StopAppPool "DefaultAppPool"
donderdag 27 augustus 2020 21:03:26 - Commandline		: StopAppPool "ED"
donderdag 27 augustus 2020 21:03:26 - Commandline		: StopAppPool "EmployeeBenefits"
donderdag 27 augustus 2020 21:03:26 - Commandline		: StopAppPool "EtlLogViewer"
donderdag 27 augustus 2020 21:03:26 - Commandline		: StopAppPool "LevenAansluitingsverklaring"
donderdag 27 augustus 2020 21:03:26 - Commandline		: StopAppPool "LevenWijzigingsFormulier"
donderdag 27 augustus 2020 21:03:26 - Commandline		: StopAppPool "MercatorNet.RMMain"
donderdag 27 augustus 2020 21:03:26 - Commandline		: StopAppPool "MercatorNet.WSDeploy_3_0"
donderdag 27 augustus 2020 21:03:26 - Commandline		: StopAppPool "MercatorNet.WSMain"
donderdag 27 augustus 2020 21:03:26 - Commandline		: StopAppPool "MercatorNet.WSServices"
donderdag 27 augustus 2020 21:03:26 - Commandline		: StopAppPool "MercatorNet.WSTariff"
donderdag 27 augustus 2020 21:03:26 - Commandline		: StopAppPool "MercatorNetBroker.WSDeploy_3_0"
donderdag 27 augustus 2020 21:03:26 - Commandline		: StopAppPool "MercatorNetBroker.WSMain"
donderdag 27 augustus 2020 21:03:27 - Commandline		: StopAppPool "MercatorWebSite"
donderdag 27 augustus 2020 21:03:27 - Commandline		: StopAppPool "MyBaloiseBroker"
donderdag 27 augustus 2020 21:03:27 - Commandline		: StopAppPool "MyBaloiseInternal"
donderdag 27 augustus 2020 21:03:27 - Commandline		: StopAppPool "MWebBvb"
donderdag 27 augustus 2020 21:03:27 - Commandline		: StopAppPool "ScvWebService"
donderdag 27 augustus 2020 21:03:27 - Commandline		: StopWebsite "OnlineDocuments"
donderdag 27 augustus 2020 21:03:27 - Commandline		: StopWebsite "MNet"
donderdag 27 augustus 2020 21:03:27 - Commandline		: StopWebsite "MWebBvb"
donderdag 27 augustus 2020 21:03:27 - Commandline		: StopService "World Wide Web Publishing Service"
donderdag 27 augustus 2020 21:03:27 - Commandline		: RemoveDirectory "C:\WINDOWS\Microsoft.NET\Framework\v2.0.50727\Temporary ASP.NET Files\levenaansluitingsverklaring"
donderdag 27 augustus 2020 21:03:27 - Commandline		: RemoveDirectory "C:\WINDOWS\Microsoft.NET\Framework\v2.0.50727\Temporary ASP.NET Files\levenwijzigingsformulier"
donderdag 27 augustus 2020 21:03:27 - Commandline		: RemoveDirectory "C:\WINDOWS\Microsoft.NET\Framework\v2.0.50727\Temporary ASP.NET Files\ed"
donderdag 27 augustus 2020 21:03:27 - Commandline		: RemoveDirectory "C:\WINDOWS\Microsoft.NET\Framework\v2.0.50727\Temporary ASP.NET Files\mercatornet.rmmain"
donderdag 27 augustus 2020 21:03:27 - Commandline		: RemoveDirectory "C:\WINDOWS\Microsoft.NET\Framework\v2.0.50727\Temporary ASP.NET Files\mercatornet.wsdeploy_3_0"
donderdag 27 augustus 2020 21:03:27 - Commandline		: RemoveDirectory "C:\WINDOWS\Microsoft.NET\Framework\v2.0.50727\Temporary ASP.NET Files\mercatornet.wsmain"
donderdag 27 augustus 2020 21:03:27 - Commandline		: RemoveDirectory "C:\WINDOWS\Microsoft.NET\Framework\v2.0.50727\Temporary ASP.NET Files\mercatornet.wsservices"
donderdag 27 augustus 2020 21:03:27 - Commandline		: RemoveDirectory "C:\WINDOWS\Microsoft.NET\Framework\v2.0.50727\Temporary ASP.NET Files\mercatornet.wstariff"
donderdag 27 augustus 2020 21:03:27 - Commandline		: RemoveDirectory "C:\WINDOWS\Microsoft.NET\Framework\v2.0.50727\Temporary ASP.NET Files\mercatornetbroker.wsdeploy_3_0"
donderdag 27 augustus 2020 21:03:27 - Commandline		: RemoveDirectory "C:\WINDOWS\Microsoft.NET\Framework\v2.0.50727\Temporary ASP.NET Files\mercatornetbroker.wsmain"
donderdag 27 augustus 2020 21:03:28 - Commandline		: RemoveDirectory "C:\WINDOWS\Microsoft.NET\Framework\v2.0.50727\Temporary ASP.NET Files\mercatornethelppages"
donderdag 27 augustus 2020 21:03:28 - Commandline		: RemoveDirectory "C:\WINDOWS\Microsoft.NET\Framework\v2.0.50727\Temporary ASP.NET Files\scvwebservice"
donderdag 27 augustus 2020 21:03:28 - Commandline		: EnableWSUSReboot ""
donderdag 27 augustus 2020 21:03:28 - ================================SVW-BE-WEBFP001.balgroupit.com======================================
donderdag 27 augustus 2020 21:03:28 - ================================SVW-BE-WEBFP002.balgroupit.com======================================
donderdag 27 augustus 2020 21:03:35 - Commandline		: StopAppPool "DefaultAppPool"
donderdag 27 augustus 2020 21:03:35 - Commandline		: StopAppPool "ED"
donderdag 27 augustus 2020 21:03:35 - Commandline		: StopAppPool "EmployeeBenefits"
donderdag 27 augustus 2020 21:03:35 - Commandline		: StopAppPool "EtlLogViewer"
donderdag 27 augustus 2020 21:03:36 - Commandline		: StopAppPool "LevenAansluitingsverklaring"
donderdag 27 augustus 2020 21:03:36 - Commandline		: StopAppPool "LevenWijzigingsFormulier"
donderdag 27 augustus 2020 21:03:36 - Commandline		: StopAppPool "MercatorNet.RMMain"
donderdag 27 augustus 2020 21:03:36 - Commandline		: StopAppPool "MercatorNet.WSDeploy_3_0"
donderdag 27 augustus 2020 21:03:36 - Commandline		: StopAppPool "MercatorNet.WSMain"
donderdag 27 augustus 2020 21:03:36 - Commandline		: StopAppPool "MercatorNet.WSServices"
donderdag 27 augustus 2020 21:03:36 - Commandline		: StopAppPool "MercatorNet.WSTariff"
donderdag 27 augustus 2020 21:03:36 - Commandline		: StopAppPool "MercatorNetBroker.WSDeploy_3_0"
donderdag 27 augustus 2020 21:03:36 - Commandline		: StopAppPool "MercatorNetBroker.WSMain"
donderdag 27 augustus 2020 21:03:36 - Commandline		: StopAppPool "MercatorWebSite"
donderdag 27 augustus 2020 21:03:36 - Commandline		: StopAppPool "MyBaloiseBroker"
donderdag 27 augustus 2020 21:03:36 - Commandline		: StopAppPool "MyBaloiseInternal"
donderdag 27 augustus 2020 21:03:36 - Commandline		: StopAppPool "MWebBvb"
donderdag 27 augustus 2020 21:03:36 - Commandline		: StopAppPool "ScvWebService"
donderdag 27 augustus 2020 21:03:37 - Commandline		: StopWebsite "OnlineDocuments"
donderdag 27 augustus 2020 21:03:37 - Commandline		: StopWebsite "MNet"
donderdag 27 augustus 2020 21:03:37 - Commandline		: StopWebsite "MWebBvb"
donderdag 27 augustus 2020 21:03:37 - Commandline		: StopService "World Wide Web Publishing Service"
donderdag 27 augustus 2020 21:03:37 - Commandline		: RemoveDirectory "C:\WINDOWS\Microsoft.NET\Framework\v2.0.50727\Temporary ASP.NET Files\levenaansluitingsverklaring"
donderdag 27 augustus 2020 21:03:37 - Commandline		: RemoveDirectory "C:\WINDOWS\Microsoft.NET\Framework\v2.0.50727\Temporary ASP.NET Files\levenwijzigingsformulier"
donderdag 27 augustus 2020 21:03:37 - Commandline		: RemoveDirectory "C:\WINDOWS\Microsoft.NET\Framework\v2.0.50727\Temporary ASP.NET Files\ed"
donderdag 27 augustus 2020 21:03:37 - Commandline		: RemoveDirectory "C:\WINDOWS\Microsoft.NET\Framework\v2.0.50727\Temporary ASP.NET Files\mercatornet.rmmain"
donderdag 27 augustus 2020 21:03:37 - Commandline		: RemoveDirectory "C:\WINDOWS\Microsoft.NET\Framework\v2.0.50727\Temporary ASP.NET Files\mercatornet.wsdeploy_3_0"
donderdag 27 augustus 2020 21:03:37 - Commandline		: RemoveDirectory "C:\WINDOWS\Microsoft.NET\Framework\v2.0.50727\Temporary ASP.NET Files\mercatornet.wsmain"
donderdag 27 augustus 2020 21:03:37 - Commandline		: RemoveDirectory "C:\WINDOWS\Microsoft.NET\Framework\v2.0.50727\Temporary ASP.NET Files\mercatornet.wsservices"
donderdag 27 augustus 2020 21:03:37 - Commandline		: RemoveDirectory "C:\WINDOWS\Microsoft.NET\Framework\v2.0.50727\Temporary ASP.NET Files\mercatornet.wstariff"
donderdag 27 augustus 2020 21:03:37 - Commandline		: RemoveDirectory "C:\WINDOWS\Microsoft.NET\Framework\v2.0.50727\Temporary ASP.NET Files\mercatornetbroker.wsdeploy_3_0"
donderdag 27 augustus 2020 21:03:37 - Commandline		: RemoveDirectory "C:\WINDOWS\Microsoft.NET\Framework\v2.0.50727\Temporary ASP.NET Files\mercatornetbroker.wsmain"
donderdag 27 augustus 2020 21:03:37 - Commandline		: RemoveDirectory "C:\WINDOWS\Microsoft.NET\Framework\v2.0.50727\Temporary ASP.NET Files\mercatornethelppages"
donderdag 27 augustus 2020 21:03:37 - Commandline		: RemoveDirectory "C:\WINDOWS\Microsoft.NET\Framework\v2.0.50727\Temporary ASP.NET Files\scvwebservice"
donderdag 27 augustus 2020 21:03:37 - Commandline		: EnableWSUSReboot ""
donderdag 27 augustus 2020 21:03:37 - ================================SVW-BE-WEBFP002.balgroupit.com======================================
donderdag 27 augustus 2020 21:03:38 - ================================SVW-BE-WEBFP003.balgroupit.com======================================
donderdag 27 augustus 2020 21:03:45 - Commandline		: StopAppPool "DefaultAppPool"
donderdag 27 augustus 2020 21:03:45 - Commandline		: StopAppPool "ED"
donderdag 27 augustus 2020 21:03:45 - Commandline		: StopAppPool "EmployeeBenefits"
donderdag 27 augustus 2020 21:03:45 - Commandline		: StopAppPool "EtlLogViewer"
donderdag 27 augustus 2020 21:03:45 - Commandline		: StopAppPool "LevenAansluitingsverklaring"
donderdag 27 augustus 2020 21:03:45 - Commandline		: StopAppPool "LevenWijzigingsFormulier"
donderdag 27 augustus 2020 21:03:45 - Commandline		: StopAppPool "MercatorNet.RMMain"
donderdag 27 augustus 2020 21:03:45 - Commandline		: StopAppPool "MercatorNet.WSDeploy_3_0"
donderdag 27 augustus 2020 21:03:45 - Commandline		: StopAppPool "MercatorNet.WSMain"
donderdag 27 augustus 2020 21:03:46 - Commandline		: StopAppPool "MercatorNet.WSServices"
donderdag 27 augustus 2020 21:03:46 - Commandline		: StopAppPool "MercatorNet.WSTariff"
donderdag 27 augustus 2020 21:03:46 - Commandline		: StopAppPool "MercatorNetBroker.WSDeploy_3_0"
donderdag 27 augustus 2020 21:03:46 - Commandline		: StopAppPool "MercatorNetBroker.WSMain"
donderdag 27 augustus 2020 21:03:46 - Commandline		: StopAppPool "MercatorWebSite"
donderdag 27 augustus 2020 21:03:46 - Commandline		: StopAppPool "MyBaloiseBroker"
donderdag 27 augustus 2020 21:03:46 - Commandline		: StopAppPool "MyBaloiseInternal"
donderdag 27 augustus 2020 21:03:46 - Commandline		: StopAppPool "MWebBvb"
donderdag 27 augustus 2020 21:03:46 - Commandline		: StopAppPool "ScvWebService"
donderdag 27 augustus 2020 21:03:46 - Commandline		: StopWebsite "OnlineDocuments"
donderdag 27 augustus 2020 21:03:46 - Commandline		: StopWebsite "MNet"
donderdag 27 augustus 2020 21:03:46 - Commandline		: StopWebsite "MWebBvb"
donderdag 27 augustus 2020 21:03:46 - Commandline		: StopService "World Wide Web Publishing Service"
donderdag 27 augustus 2020 21:03:46 - Commandline		: RemoveDirectory "C:\WINDOWS\Microsoft.NET\Framework\v2.0.50727\Temporary ASP.NET Files\levenaansluitingsverklaring"
donderdag 27 augustus 2020 21:03:46 - Commandline		: RemoveDirectory "C:\WINDOWS\Microsoft.NET\Framework\v2.0.50727\Temporary ASP.NET Files\levenwijzigingsformulier"
donderdag 27 augustus 2020 21:03:46 - Commandline		: RemoveDirectory "C:\WINDOWS\Microsoft.NET\Framework\v2.0.50727\Temporary ASP.NET Files\ed"
donderdag 27 augustus 2020 21:03:47 - Commandline		: RemoveDirectory "C:\WINDOWS\Microsoft.NET\Framework\v2.0.50727\Temporary ASP.NET Files\mercatornet.rmmain"
donderdag 27 augustus 2020 21:03:47 - Commandline		: RemoveDirectory "C:\WINDOWS\Microsoft.NET\Framework\v2.0.50727\Temporary ASP.NET Files\mercatornet.wsdeploy_3_0"
donderdag 27 augustus 2020 21:03:47 - Commandline		: RemoveDirectory "C:\WINDOWS\Microsoft.NET\Framework\v2.0.50727\Temporary ASP.NET Files\mercatornet.wsmain"
donderdag 27 augustus 2020 21:03:47 - Commandline		: RemoveDirectory "C:\WINDOWS\Microsoft.NET\Framework\v2.0.50727\Temporary ASP.NET Files\mercatornet.wsservices"
donderdag 27 augustus 2020 21:03:47 - Commandline		: RemoveDirectory "C:\WINDOWS\Microsoft.NET\Framework\v2.0.50727\Temporary ASP.NET Files\mercatornet.wstariff"
donderdag 27 augustus 2020 21:03:47 - Commandline		: RemoveDirectory "C:\WINDOWS\Microsoft.NET\Framework\v2.0.50727\Temporary ASP.NET Files\mercatornetbroker.wsdeploy_3_0"
donderdag 27 augustus 2020 21:03:47 - Commandline		: RemoveDirectory "C:\WINDOWS\Microsoft.NET\Framework\v2.0.50727\Temporary ASP.NET Files\mercatornetbroker.wsmain"
donderdag 27 augustus 2020 21:03:47 - Commandline		: RemoveDirectory "C:\WINDOWS\Microsoft.NET\Framework\v2.0.50727\Temporary ASP.NET Files\mercatornethelppages"
donderdag 27 augustus 2020 21:03:47 - Commandline		: RemoveDirectory "C:\WINDOWS\Microsoft.NET\Framework\v2.0.50727\Temporary ASP.NET Files\scvwebservice"
donderdag 27 augustus 2020 21:03:47 - Commandline		: EnableWSUSReboot ""
donderdag 27 augustus 2020 21:03:47 - ================================SVW-BE-WEBFP003.balgroupit.com======================================
donderdag 27 augustus 2020 21:03:47 - ================================SVW-BE-WEBFP004.balgroupit.com======================================
donderdag 27 augustus 2020 21:04:00 - Commandline		: StopAppPool "DefaultAppPool"
donderdag 27 augustus 2020 21:04:00 - Commandline		: StopAppPool "ED"
donderdag 27 augustus 2020 21:04:00 - Commandline		: StopAppPool "EmployeeBenefits"
donderdag 27 augustus 2020 21:04:00 - Commandline		: StopAppPool "EtlLogViewer"
donderdag 27 augustus 2020 21:04:00 - Commandline		: StopAppPool "LevenAansluitingsverklaring"
donderdag 27 augustus 2020 21:04:00 - Commandline		: StopAppPool "LevenWijzigingsFormulier"
donderdag 27 augustus 2020 21:04:00 - Commandline		: StopAppPool "MercatorNet.RMMain"
donderdag 27 augustus 2020 21:04:00 - Commandline		: StopAppPool "MercatorNet.WSDeploy_3_0"
donderdag 27 augustus 2020 21:04:00 - Commandline		: StopAppPool "MercatorNet.WSMain"
donderdag 27 augustus 2020 21:04:00 - Commandline		: StopAppPool "MercatorNet.WSServices"
donderdag 27 augustus 2020 21:04:00 - Commandline		: StopAppPool "MercatorNet.WSTariff"
donderdag 27 augustus 2020 21:04:00 - Commandline		: StopAppPool "MercatorNetBroker.WSDeploy_3_0"
donderdag 27 augustus 2020 21:04:01 - Commandline		: StopAppPool "MercatorNetBroker.WSMain"
donderdag 27 augustus 2020 21:04:01 - Commandline		: StopAppPool "MercatorWebSite"
donderdag 27 augustus 2020 21:04:01 - Commandline		: StopAppPool "MyBaloiseBroker"
donderdag 27 augustus 2020 21:04:01 - Commandline		: StopAppPool "MyBaloiseInternal"
donderdag 27 augustus 2020 21:04:01 - Commandline		: StopAppPool "MWebBvb"
donderdag 27 augustus 2020 21:04:01 - Commandline		: StopAppPool "ScvWebService"
donderdag 27 augustus 2020 21:04:01 - Commandline		: StopWebsite "OnlineDocuments"
donderdag 27 augustus 2020 21:04:01 - Commandline		: StopWebsite "MNet"
donderdag 27 augustus 2020 21:04:01 - Commandline		: StopWebsite "MWebBvb"
donderdag 27 augustus 2020 21:04:01 - Commandline		: StopService "World Wide Web Publishing Service"
donderdag 27 augustus 2020 21:04:01 - Commandline		: RemoveDirectory "C:\WINDOWS\Microsoft.NET\Framework\v2.0.50727\Temporary ASP.NET Files\levenaansluitingsverklaring"
donderdag 27 augustus 2020 21:04:01 - Commandline		: RemoveDirectory "C:\WINDOWS\Microsoft.NET\Framework\v2.0.50727\Temporary ASP.NET Files\levenwijzigingsformulier"
donderdag 27 augustus 2020 21:04:01 - Commandline		: RemoveDirectory "C:\WINDOWS\Microsoft.NET\Framework\v2.0.50727\Temporary ASP.NET Files\ed"
donderdag 27 augustus 2020 21:04:01 - Commandline		: RemoveDirectory "C:\WINDOWS\Microsoft.NET\Framework\v2.0.50727\Temporary ASP.NET Files\mercatornet.rmmain"
donderdag 27 augustus 2020 21:04:01 - Commandline		: RemoveDirectory "C:\WINDOWS\Microsoft.NET\Framework\v2.0.50727\Temporary ASP.NET Files\mercatornet.wsdeploy_3_0"
donderdag 27 augustus 2020 21:04:01 - Commandline		: RemoveDirectory "C:\WINDOWS\Microsoft.NET\Framework\v2.0.50727\Temporary ASP.NET Files\mercatornet.wsmain"
donderdag 27 augustus 2020 21:04:01 - Commandline		: RemoveDirectory "C:\WINDOWS\Microsoft.NET\Framework\v2.0.50727\Temporary ASP.NET Files\mercatornet.wsservices"
donderdag 27 augustus 2020 21:04:02 - Commandline		: RemoveDirectory "C:\WINDOWS\Microsoft.NET\Framework\v2.0.50727\Temporary ASP.NET Files\mercatornet.wstariff"
donderdag 27 augustus 2020 21:04:02 - Commandline		: RemoveDirectory "C:\WINDOWS\Microsoft.NET\Framework\v2.0.50727\Temporary ASP.NET Files\mercatornetbroker.wsdeploy_3_0"
donderdag 27 augustus 2020 21:04:02 - Commandline		: RemoveDirectory "C:\WINDOWS\Microsoft.NET\Framework\v2.0.50727\Temporary ASP.NET Files\mercatornetbroker.wsmain"
donderdag 27 augustus 2020 21:04:02 - Commandline		: RemoveDirectory "C:\WINDOWS\Microsoft.NET\Framework\v2.0.50727\Temporary ASP.NET Files\mercatornethelppages"
donderdag 27 augustus 2020 21:04:02 - Commandline		: RemoveDirectory "C:\WINDOWS\Microsoft.NET\Framework\v2.0.50727\Temporary ASP.NET Files\scvwebservice"
donderdag 27 augustus 2020 21:04:02 - Commandline		: EnableWSUSReboot ""
donderdag 27 augustus 2020 21:04:02 - ================================SVW-BE-WEBFP004.balgroupit.com======================================
donderdag 27 augustus 2020 21:04:02 - ================================svw-be-bizp001.balgroupit.com======================================
donderdag 27 augustus 2020 21:04:10 - Commandline		: StopService "Mercator Managed File Transfer"
donderdag 27 augustus 2020 21:04:10 - Commandline		: StopService "Mercator Esb Process Initializer"
donderdag 27 augustus 2020 21:04:10 - Commandline		: EnableWSUSReboot ""
donderdag 27 augustus 2020 21:04:10 - ================================svw-be-bizp001.balgroupit.com======================================
donderdag 27 augustus 2020 21:04:11 - ================================svw-be-bizp002.balgroupit.com======================================
donderdag 27 augustus 2020 21:04:18 - Commandline		: StopService "Mercator Managed File Transfer"
donderdag 27 augustus 2020 21:04:18 - Commandline		: StopService "Mercator Esb Process Initializer"
donderdag 27 augustus 2020 21:04:19 - Commandline		: EnableWSUSReboot ""
donderdag 27 augustus 2020 21:04:19 - ================================svw-be-bizp002.balgroupit.com======================================
donderdag 27 augustus 2020 21:04:19 - ================================svw-be-bizp003.balgroupit.com======================================
donderdag 27 augustus 2020 21:04:26 - Commandline		: StopService "Mercator Managed File Transfer"
donderdag 27 augustus 2020 21:04:27 - Commandline		: StopService "Mercator Esb Process Initializer"
donderdag 27 augustus 2020 21:04:27 - Commandline		: EnableWSUSReboot ""
donderdag 27 augustus 2020 21:04:27 - ================================svw-be-bizp003.balgroupit.com======================================
donderdag 27 augustus 2020 21:04:28 - ================================svw-be-bizp004.balgroupit.com======================================
donderdag 27 augustus 2020 21:04:35 - Commandline		: StopService "Mercator Managed File Transfer"
donderdag 27 augustus 2020 21:04:35 - Commandline		: StopService "Mercator Esb Process Initializer"
donderdag 27 augustus 2020 21:04:36 - Commandline		: EnableWSUSReboot ""
donderdag 27 augustus 2020 21:04:36 - ================================svw-be-bizp004.balgroupit.com======================================
donderdag 27 augustus 2020 21:04:37 - ================================svw-be-portp01.balgroupit.com======================================
donderdag 27 augustus 2020 21:04:44 - Commandline		: stopAppPool "AL2AppPool64v2"
donderdag 27 augustus 2020 21:04:45 - Commandline		: stopAppPool "ALAppPool64v2"
donderdag 27 augustus 2020 21:04:45 - Commandline		: StopWebsite "WCI"
donderdag 27 augustus 2020 21:04:45 - Commandline		: StopWebsite "Default Web Site"
donderdag 27 augustus 2020 21:04:45 - Commandline		: EnableWSUSReboot ""
donderdag 27 augustus 2020 21:04:45 - ================================svw-be-portp01.balgroupit.com======================================
donderdag 27 augustus 2020 21:04:46 - ================================svw-be-portp03.balgroupit.com======================================
donderdag 27 augustus 2020 21:04:54 - Commandline		: stopAppPool "ALAppPool64v2"
donderdag 27 augustus 2020 21:04:54 - Commandline		: stopAppPool "Pool2"
donderdag 27 augustus 2020 21:04:54 - Commandline		: stopAppPool "Mercator.Portal.Portlets"
donderdag 27 augustus 2020 21:04:54 - Commandline		: stopAppPool "Mercator.Portal.WebService"
donderdag 27 augustus 2020 21:04:54 - Commandline		: stopAppPool "PortalASP"
donderdag 27 augustus 2020 21:04:54 - Commandline		: StopWebsite "WCI"
donderdag 27 augustus 2020 21:04:54 - Commandline		: StopWebsite "Default Web Site"
donderdag 27 augustus 2020 21:04:54 - Commandline		: StopWebsite "MercatorPortalWebService"
donderdag 27 augustus 2020 21:04:55 - Commandline		: StopService "Mercator.Portal.Scheduler"
donderdag 27 augustus 2020 21:05:03 - Commandline		: EnableWSUSReboot ""
donderdag 27 augustus 2020 21:05:04 - ================================svw-be-portp03.balgroupit.com======================================
donderdag 27 augustus 2020 21:05:04 - ================================svw-be-babsp001.balgroupit.com======================================
donderdag 27 augustus 2020 21:05:11 - Commandline		: EnableWSUSReboot ""
donderdag 27 augustus 2020 21:05:11 - ================================svw-be-babsp001.balgroupit.com======================================
donderdag 27 augustus 2020 21:05:11 - ================================svw-be-babsp002.balgroupit.com======================================
donderdag 27 augustus 2020 21:05:19 - Commandline		: EnableWSUSReboot ""
donderdag 27 augustus 2020 21:05:19 - ================================svw-be-babsp002.balgroupit.com======================================
donderdag 27 augustus 2020 21:05:19 - ================================svw-be-babbp001.balgroupit.com======================================
donderdag 27 augustus 2020 21:05:20 - Commandline		: StopService "Baloise BaloiseBackendBatch"
donderdag 27 augustus 2020 21:05:21 - Commandline		: EnableWSUSReboot ""
donderdag 27 augustus 2020 21:05:21 - ================================svw-be-babbp001.balgroupit.com======================================
donderdag 27 augustus 2020 21:05:21 - ================================svw-be-babbp002.balgroupit.com======================================
donderdag 27 augustus 2020 21:05:23 - Commandline		: StopService "Baloise BaloiseBackendBatch"
donderdag 27 augustus 2020 21:05:23 - Commandline		: EnableWSUSReboot ""
donderdag 27 augustus 2020 21:05:23 - ================================svw-be-babbp002.balgroupit.com======================================
donderdag 27 augustus 2020 21:05:23 - ================================svw-be-mftp001.balgroupit.com======================================
donderdag 27 augustus 2020 21:05:25 - Commandline		: StopService "Mercator Managed File Transfer"
donderdag 27 augustus 2020 21:05:26 - Commandline		: EnableWSUSReboot ""
donderdag 27 augustus 2020 21:05:26 - ================================svw-be-mftp001.balgroupit.com======================================
donderdag 27 augustus 2020 21:05:27 - ================================svw-be-mftp002.balgroupit.com======================================
donderdag 27 augustus 2020 21:05:28 - Commandline		: StopService "Mercator Managed File Transfer"
donderdag 27 augustus 2020 21:05:28 - Commandline		: EnableWSUSReboot ""
donderdag 27 augustus 2020 21:05:28 - ================================svw-be-mftp002.balgroupit.com======================================
