donderdag 25 maart 2021 21:01:38 - READING XML File :  \\balgroupit.com\appl_data\BBE\Transfer\Packages\Scripts\WSUS\Pcorp\Pcorp_Stop_All.xml
donderdag 25 maart 2021 21:01:38 - 
donderdag 25 maart 2021 21:01:39 - ================================svw-be-eaip01.balgroupit.com======================================
donderdag 25 maart 2021 21:01:41 - Commandline		: StopService "mercator.eai.docservice"
donderdag 25 maart 2021 21:01:41 - Commandline		: StopProcess "dllhost.exe"
donderdag 25 maart 2021 21:01:41 - Commandline		: StopProcess "winword.exe"
donderdag 25 maart 2021 21:01:41 - Commandline		: EnableWSUSReboot ""
donderdag 25 maart 2021 21:01:41 - ================================svw-be-eaip01.balgroupit.com======================================
donderdag 25 maart 2021 21:01:42 - ================================svw-be-eaip04.balgroupit.com======================================
donderdag 25 maart 2021 21:01:44 - Commandline		: StopService "mercator.eai.docservice"
donderdag 25 maart 2021 21:01:44 - Commandline		: StopProcess "dllhost.exe"
donderdag 25 maart 2021 21:01:44 - Commandline		: StopProcess "winword.exe"
donderdag 25 maart 2021 21:01:44 - Commandline		: EnableWSUSReboot ""
donderdag 25 maart 2021 21:01:44 - ================================svw-be-eaip04.balgroupit.com======================================
donderdag 25 maart 2021 21:01:45 - ================================svw-be-eaip05.balgroupit.com======================================
donderdag 25 maart 2021 21:01:46 - Commandline		: StopService "mercator.eai.docservice"
donderdag 25 maart 2021 21:01:47 - Commandline		: StopProcess "dllhost.exe"
donderdag 25 maart 2021 21:01:47 - Commandline		: StopProcess "winword.exe"
donderdag 25 maart 2021 21:01:47 - Commandline		: EnableWSUSReboot ""
donderdag 25 maart 2021 21:01:47 - ================================svw-be-eaip05.balgroupit.com======================================
donderdag 25 maart 2021 21:01:47 - ================================svw-be-webp02.balgroupit.com======================================
donderdag 25 maart 2021 21:01:54 - Commandline		: StopWebsite "DmsDataRepository"
donderdag 25 maart 2021 21:01:55 - Commandline		: StopWebsite "MNet"
donderdag 25 maart 2021 21:01:55 - Commandline		: StopAppPool "DefaultAppPool"
donderdag 25 maart 2021 21:01:55 - Commandline		: StopAppPool "WSDMS"
donderdag 25 maart 2021 21:01:55 - Commandline		: StopAppPool "WSDmsDataRepository"
donderdag 25 maart 2021 21:01:55 - Commandline		: StopAppPool "BaloiseBackend"
donderdag 25 maart 2021 21:01:55 - Commandline		: StopAppPool "CDS"
donderdag 25 maart 2021 21:01:55 - Commandline		: StopAppPool "MercatorNet.BoServices"
donderdag 25 maart 2021 21:01:55 - Commandline		: StopAppPool "Mercator.Portima.Monitoring"
donderdag 25 maart 2021 21:01:55 - Commandline		: StopAppPool "Mercator.Portima"
donderdag 25 maart 2021 21:01:55 - Commandline		: StopAppPool "Mercator.Eai.Tools.Wsc"
donderdag 25 maart 2021 21:01:55 - Commandline		: StopAppPool "Mercator.EAI.Framework.WebServices"
donderdag 25 maart 2021 21:01:55 - Commandline		: StopService "World Wide Web Publishing Service"
donderdag 25 maart 2021 21:01:56 - Commandline		: StopService "Baloise BaloiseBackendBatch"
donderdag 25 maart 2021 21:01:56 - Commandline		: StopService "Baloise CentralDataStore"
donderdag 25 maart 2021 21:01:56 - Commandline		: StopService "Baloise SyncTaskToDMS"
donderdag 25 maart 2021 21:01:56 - Commandline		: StopService "Mercator DMS Bulk Insert"
donderdag 25 maart 2021 21:01:56 - Commandline		: StopService "Mercator DMS Import Portima Attachments"
donderdag 25 maart 2021 21:01:56 - Commandline		: StopService "Mercator DMS MailImport Service"
donderdag 25 maart 2021 21:01:56 - Commandline		: StopService "Mercator Xpim Document Store"
donderdag 25 maart 2021 21:01:56 - Commandline		: StopService "Mercator Document Store"
donderdag 25 maart 2021 21:01:56 - Commandline		: StopService "Mercator Document Store"
donderdag 25 maart 2021 21:01:56 - Commandline		: StopService "Mercator Document Management System Service"
donderdag 25 maart 2021 21:01:57 - Commandline		: StopService "Mercator Document Management System Async Service"
donderdag 25 maart 2021 21:01:57 - Commandline		: StopService "Mercator Document Management System Batch Avero Service"
donderdag 25 maart 2021 21:01:57 - Commandline		: StopService "Mercator DMS Pdf Conversion Call"
donderdag 25 maart 2021 21:01:57 - Commandline		: StopService "MercatorNET SCV Batch Service"
donderdag 25 maart 2021 21:01:57 - Commandline		: StopService "Mercator Organization Data"
donderdag 25 maart 2021 21:01:57 - Commandline		: StopService "Mercator Document Generation"
donderdag 25 maart 2021 21:01:58 - Commandline		: StopService "Mercator Document Delivery"
donderdag 25 maart 2021 21:01:58 - Commandline		: StopService "Steria's Dispatcher Service"
donderdag 25 maart 2021 21:01:58 - Commandline		: StopService "Mercator.Integration.EAI.3.9.Listener"
donderdag 25 maart 2021 21:01:58 - Commandline		: RemoveDirectory "C:\WINDOWS\Microsoft.NET\Framework\v4.0.30319\Temporary ASP.NET Files\cds"
donderdag 25 maart 2021 21:01:58 - Commandline		: RemoveDirectory "C:\WINDOWS\Microsoft.NET\Framework\v2.0.50727\Temporary ASP.NET Files\mercatornet.boservices"
donderdag 25 maart 2021 21:01:58 - Commandline		: RemoveDirectory "C:\WINDOWS\Microsoft.NET\Framework\v2.0.50727\Temporary ASP.NET Files\mercator.eai.framework.webservices"
donderdag 25 maart 2021 21:01:58 - Commandline		: RemoveDirectory "C:\WINDOWS\Microsoft.NET\Framework\v2.0.50727\Temporary ASP.NET Files\mercator.eai.tools.wsc"
donderdag 25 maart 2021 21:01:58 - Commandline		: RemoveDirectory "C:\WINDOWS\Microsoft.NET\Framework\v2.0.50727\Temporary ASP.NET Files\Mercator.Portima.Monitoring"
donderdag 25 maart 2021 21:01:58 - Commandline		: RemoveDirectory "C:\WINDOWS\Microsoft.NET\Framework\v2.0.50727\Temporary ASP.NET Files\Mercator.Portima"
donderdag 25 maart 2021 21:01:58 - Commandline		: RemoveDirectory "C:\WINDOWS\Microsoft.NET\Framework\v2.0.50727\Temporary ASP.NET Files\WSDMS"
donderdag 25 maart 2021 21:01:58 - Commandline		: RemoveDirectory "C:\WINDOWS\Microsoft.NET\Framework\v2.0.50727\Temporary ASP.NET Files\wsdmsdatarepository"
donderdag 25 maart 2021 21:01:58 - Commandline		: EnableWSUSReboot ""
donderdag 25 maart 2021 21:01:59 - ================================svw-be-webp02.balgroupit.com======================================
donderdag 25 maart 2021 21:01:59 - ================================svw-be-webp03.balgroupit.com======================================
donderdag 25 maart 2021 21:02:06 - Commandline		: StopWebsite "DmsDataRepository"
donderdag 25 maart 2021 21:02:06 - Commandline		: StopWebsite "MNet"
donderdag 25 maart 2021 21:02:06 - Commandline		: StopAppPool "MNet"
donderdag 25 maart 2021 21:02:07 - Commandline		: StopAppPool "DefaultAppPool"
donderdag 25 maart 2021 21:02:07 - Commandline		: StopAppPool "WSDMS"
donderdag 25 maart 2021 21:02:07 - Commandline		: StopAppPool "WSDmsDataRepository"
donderdag 25 maart 2021 21:02:07 - Commandline		: StopAppPool "BaloiseBackend"
donderdag 25 maart 2021 21:02:07 - Commandline		: StopAppPool "CDS"
donderdag 25 maart 2021 21:02:07 - Commandline		: StopAppPool "MercatorNet.BoServices"
donderdag 25 maart 2021 21:02:07 - Commandline		: StopAppPool "Mercator.Portima.Monitoring"
donderdag 25 maart 2021 21:02:07 - Commandline		: StopAppPool "Mercator.Portima"
donderdag 25 maart 2021 21:02:07 - Commandline		: StopAppPool "Mercator.Eai.Tools.Wsc"
donderdag 25 maart 2021 21:02:07 - Commandline		: StopAppPool "Mercator.EAI.Framework.WebServices"
donderdag 25 maart 2021 21:02:07 - Commandline		: StopService "World Wide Web Publishing Service"
donderdag 25 maart 2021 21:02:07 - Commandline		: StopService "Baloise Backend"
donderdag 25 maart 2021 21:02:07 - Commandline		: StopService "Baloise Central Data Store"
donderdag 25 maart 2021 21:02:07 - Commandline		: StopService "Baloise SyncTaskToDMS"
donderdag 25 maart 2021 21:02:08 - Commandline		: StopService "Mercator DMS Bulk Insert"
donderdag 25 maart 2021 21:02:08 - Commandline		: StopService "Mercator DMS Import Portima Attachments"
donderdag 25 maart 2021 21:02:08 - Commandline		: StopService "Mercator DMS MailImport Service"
donderdag 25 maart 2021 21:02:09 - Commandline		: StopService "Mercator Xpim Document Store"
donderdag 25 maart 2021 21:02:09 - Commandline		: StopService "Mercator Document Store"
donderdag 25 maart 2021 21:02:09 - Commandline		: StopService "BaloiseDmsBatchService"
donderdag 25 maart 2021 21:02:09 - Commandline		: StopService "Mercator Document Management System Service"
donderdag 25 maart 2021 21:02:09 - Commandline		: StopService "Mercator Document Management System Async Service"
donderdag 25 maart 2021 21:02:09 - Commandline		: StopService "Mercator Document Management System Batch Avero Service"
donderdag 25 maart 2021 21:02:10 - Commandline		: StopService "Mercator DMS Pdf Conversion Call"
donderdag 25 maart 2021 21:02:10 - Commandline		: StopService "MercatorNET SCV Batch Service"
donderdag 25 maart 2021 21:02:10 - Commandline		: StopService "Mercator Organization Data"
donderdag 25 maart 2021 21:02:10 - Commandline		: StopService "Mercator Document Generation"
donderdag 25 maart 2021 21:02:10 - Commandline		: StopService "Mercator Document Delivery"
donderdag 25 maart 2021 21:02:10 - Commandline		: StopService "Steria's Dispatcher Service"
donderdag 25 maart 2021 21:02:10 - Commandline		: StopService "Mercator.Integration.EAI.3.9.Listener"
donderdag 25 maart 2021 21:02:10 - Commandline		: RemoveDirectory "C:\WINDOWS\Microsoft.NET\Framework\v4.0.30319\Temporary ASP.NET Files\cds"
donderdag 25 maart 2021 21:02:11 - Commandline		: RemoveDirectory "C:\WINDOWS\Microsoft.NET\Framework\v2.0.50727\Temporary ASP.NET Files\mercatornet.boservices"
donderdag 25 maart 2021 21:02:11 - Commandline		: RemoveDirectory "C:\WINDOWS\Microsoft.NET\Framework\v2.0.50727\Temporary ASP.NET Files\mercator.eai.framework.webservices"
donderdag 25 maart 2021 21:02:11 - Commandline		: RemoveDirectory "C:\WINDOWS\Microsoft.NET\Framework\v2.0.50727\Temporary ASP.NET Files\mercator.eai.tools.wsc"
donderdag 25 maart 2021 21:02:11 - Commandline		: RemoveDirectory "C:\WINDOWS\Microsoft.NET\Framework\v2.0.50727\Temporary ASP.NET Files\Mercator.Portima.Monitoring"
donderdag 25 maart 2021 21:02:11 - Commandline		: RemoveDirectory "C:\WINDOWS\Microsoft.NET\Framework\v2.0.50727\Temporary ASP.NET Files\Mercator.Portima"
donderdag 25 maart 2021 21:02:11 - Commandline		: RemoveDirectory "C:\WINDOWS\Microsoft.NET\Framework\v2.0.50727\Temporary ASP.NET Files\WSDMS"
donderdag 25 maart 2021 21:02:11 - Commandline		: RemoveDirectory "C:\WINDOWS\Microsoft.NET\Framework\v2.0.50727\Temporary ASP.NET Files\wsdmsdatarepository"
donderdag 25 maart 2021 21:02:11 - Commandline		: EnableWSUSReboot ""
donderdag 25 maart 2021 21:02:11 - ================================svw-be-webp03.balgroupit.com======================================
donderdag 25 maart 2021 21:02:12 - ================================svw-be-signp001.balgroupit.com======================================
donderdag 25 maart 2021 21:02:12 - Commandline		: StopService "Portima BrokerSign"
donderdag 25 maart 2021 21:02:13 - ================================svw-be-signp001.balgroupit.com======================================
donderdag 25 maart 2021 21:02:13 - ================================shw-me-pweb06.balgroupit.com======================================
donderdag 25 maart 2021 21:02:13 -  shw-me-pweb06.balgroupit.com remote session could not be created.
donderdag 25 maart 2021 21:02:13 - ================================shw-me-pweb06.balgroupit.com======================================
donderdag 25 maart 2021 21:02:13 - ================================shw-me-pweb56.balgroupit.com======================================
donderdag 25 maart 2021 21:02:13 -  shw-me-pweb56.balgroupit.com remote session could not be created.
donderdag 25 maart 2021 21:02:13 - ================================shw-me-pweb56.balgroupit.com======================================
donderdag 25 maart 2021 21:02:14 - ================================svw-be-adlibp01.balgroupit.com======================================
donderdag 25 maart 2021 21:02:22 - Commandline		: EnableWSUSReboot ""
donderdag 25 maart 2021 21:02:22 - ================================svw-be-adlibp01.balgroupit.com======================================
donderdag 25 maart 2021 21:02:23 - ================================svw-be-adlibp02.balgroupit.com======================================
donderdag 25 maart 2021 21:02:24 - Commandline		: EnableWSUSReboot ""
donderdag 25 maart 2021 21:02:24 - ================================svw-be-adlibp02.balgroupit.com======================================
donderdag 25 maart 2021 21:02:25 - ================================svw-be-adlibp03.balgroupit.com======================================
donderdag 25 maart 2021 21:02:49 - Commandline		: EnableWSUSReboot ""
donderdag 25 maart 2021 21:02:49 - ================================svw-be-adlibp03.balgroupit.com======================================
donderdag 25 maart 2021 21:02:50 - ================================svw-be-adlibp04.balgroupit.com======================================
donderdag 25 maart 2021 21:02:51 - Commandline		: EnableWSUSReboot ""
donderdag 25 maart 2021 21:02:51 - ================================svw-be-adlibp04.balgroupit.com======================================
donderdag 25 maart 2021 21:02:52 - ================================svw-be-adlibp05.balgroupit.com======================================
donderdag 25 maart 2021 21:02:57 - Commandline		: EnableWSUSReboot ""
donderdag 25 maart 2021 21:02:57 - ================================svw-be-adlibp05.balgroupit.com======================================
donderdag 25 maart 2021 21:02:59 - ================================svw-be-adlibp06.balgroupit.com======================================
donderdag 25 maart 2021 21:03:03 - Commandline		: EnableWSUSReboot ""
donderdag 25 maart 2021 21:03:03 - ================================svw-be-adlibp06.balgroupit.com======================================
donderdag 25 maart 2021 21:03:04 - ================================svw-be-adlibp07.balgroupit.com======================================
donderdag 25 maart 2021 21:03:09 - Commandline		: EnableWSUSReboot ""
donderdag 25 maart 2021 21:03:09 - ================================svw-be-adlibp07.balgroupit.com======================================
donderdag 25 maart 2021 21:03:10 - ================================svw-be-dmsp001.balgroupit.com======================================
donderdag 25 maart 2021 21:03:17 - Commandline		: EnableWSUSReboot ""
donderdag 25 maart 2021 21:03:17 - ================================svw-be-dmsp001.balgroupit.com======================================
donderdag 25 maart 2021 21:03:18 - ================================svw-be-dmsp002.balgroupit.com======================================
donderdag 25 maart 2021 21:03:26 - Commandline		: EnableWSUSReboot ""
donderdag 25 maart 2021 21:03:26 - ================================svw-be-dmsp002.balgroupit.com======================================
donderdag 25 maart 2021 21:03:27 - ================================svw-be-dmsp03.balgroupit.com======================================
donderdag 25 maart 2021 21:03:35 - Commandline		: EnableWSUSReboot ""
donderdag 25 maart 2021 21:03:35 - Commandline		: StopService "Execute360 Archive Manager"
donderdag 25 maart 2021 21:03:48 - ================================svw-be-dmsp03.balgroupit.com======================================
donderdag 25 maart 2021 21:03:48 - ================================dms-bp01.balgroupit.com======================================
donderdag 25 maart 2021 21:03:50 - Commandline		: EnableWSUSReboot ""
donderdag 25 maart 2021 21:03:50 - ================================dms-bp01.balgroupit.com======================================
donderdag 25 maart 2021 21:03:50 - ================================dms-bp01-file.balgroupit.com======================================
donderdag 25 maart 2021 21:03:52 - Commandline		: EnableWSUSReboot ""
donderdag 25 maart 2021 21:03:52 - ================================dms-bp01-file.balgroupit.com======================================
donderdag 25 maart 2021 21:03:52 - ================================dms-bp01-g360.balgroupit.com======================================
donderdag 25 maart 2021 21:03:54 - Commandline		: EnableWSUSReboot ""
donderdag 25 maart 2021 21:03:54 - ================================dms-bp01-g360.balgroupit.com======================================
donderdag 25 maart 2021 21:03:55 - ================================SVW-BE-WEBFP001.balgroupit.com======================================
donderdag 25 maart 2021 21:04:02 - Commandline		: StopAppPool "DefaultAppPool"
donderdag 25 maart 2021 21:04:02 - Commandline		: StopAppPool "ED"
donderdag 25 maart 2021 21:04:02 - Commandline		: StopAppPool "EmployeeBenefits"
donderdag 25 maart 2021 21:04:02 - Commandline		: StopAppPool "EtlLogViewer"
donderdag 25 maart 2021 21:04:02 - Commandline		: StopAppPool "LevenAansluitingsverklaring"
donderdag 25 maart 2021 21:04:03 - Commandline		: StopAppPool "LevenWijzigingsFormulier"
donderdag 25 maart 2021 21:04:03 - Commandline		: StopAppPool "MercatorNet.RMMain"
donderdag 25 maart 2021 21:04:03 - Commandline		: StopAppPool "MercatorNet.WSDeploy_3_0"
donderdag 25 maart 2021 21:04:03 - Commandline		: StopAppPool "MercatorNet.WSMain"
donderdag 25 maart 2021 21:04:03 - Commandline		: StopAppPool "MercatorNet.WSServices"
donderdag 25 maart 2021 21:04:03 - Commandline		: StopAppPool "MercatorNet.WSTariff"
donderdag 25 maart 2021 21:04:03 - Commandline		: StopAppPool "MercatorNetBroker.WSDeploy_3_0"
donderdag 25 maart 2021 21:04:03 - Commandline		: StopAppPool "MercatorNetBroker.WSMain"
donderdag 25 maart 2021 21:04:03 - Commandline		: StopAppPool "MercatorWebSite"
donderdag 25 maart 2021 21:04:03 - Commandline		: StopAppPool "MyBaloiseBroker"
donderdag 25 maart 2021 21:04:03 - Commandline		: StopAppPool "MyBaloiseInternal"
donderdag 25 maart 2021 21:04:03 - Commandline		: StopAppPool "MWebBvb"
donderdag 25 maart 2021 21:04:04 - Commandline		: StopAppPool "ScvWebService"
donderdag 25 maart 2021 21:04:04 - Commandline		: StopWebsite "OnlineDocuments"
donderdag 25 maart 2021 21:04:04 - Commandline		: StopWebsite "MNet"
donderdag 25 maart 2021 21:04:04 - Commandline		: StopWebsite "MWebBvb"
donderdag 25 maart 2021 21:04:04 - Commandline		: StopService "World Wide Web Publishing Service"
donderdag 25 maart 2021 21:04:04 - Commandline		: RemoveDirectory "C:\WINDOWS\Microsoft.NET\Framework\v2.0.50727\Temporary ASP.NET Files\levenaansluitingsverklaring"
donderdag 25 maart 2021 21:04:04 - Commandline		: RemoveDirectory "C:\WINDOWS\Microsoft.NET\Framework\v2.0.50727\Temporary ASP.NET Files\levenwijzigingsformulier"
donderdag 25 maart 2021 21:04:04 - Commandline		: RemoveDirectory "C:\WINDOWS\Microsoft.NET\Framework\v2.0.50727\Temporary ASP.NET Files\ed"
donderdag 25 maart 2021 21:04:04 - Commandline		: RemoveDirectory "C:\WINDOWS\Microsoft.NET\Framework\v2.0.50727\Temporary ASP.NET Files\mercatornet.rmmain"
donderdag 25 maart 2021 21:04:04 - Commandline		: RemoveDirectory "C:\WINDOWS\Microsoft.NET\Framework\v2.0.50727\Temporary ASP.NET Files\mercatornet.wsdeploy_3_0"
donderdag 25 maart 2021 21:04:04 - Commandline		: RemoveDirectory "C:\WINDOWS\Microsoft.NET\Framework\v2.0.50727\Temporary ASP.NET Files\mercatornet.wsmain"
donderdag 25 maart 2021 21:04:04 - Commandline		: RemoveDirectory "C:\WINDOWS\Microsoft.NET\Framework\v2.0.50727\Temporary ASP.NET Files\mercatornet.wsservices"
donderdag 25 maart 2021 21:04:04 - Commandline		: RemoveDirectory "C:\WINDOWS\Microsoft.NET\Framework\v2.0.50727\Temporary ASP.NET Files\mercatornet.wstariff"
donderdag 25 maart 2021 21:04:04 - Commandline		: RemoveDirectory "C:\WINDOWS\Microsoft.NET\Framework\v2.0.50727\Temporary ASP.NET Files\mercatornetbroker.wsdeploy_3_0"
donderdag 25 maart 2021 21:04:04 - Commandline		: RemoveDirectory "C:\WINDOWS\Microsoft.NET\Framework\v2.0.50727\Temporary ASP.NET Files\mercatornetbroker.wsmain"
donderdag 25 maart 2021 21:04:05 - Commandline		: RemoveDirectory "C:\WINDOWS\Microsoft.NET\Framework\v2.0.50727\Temporary ASP.NET Files\mercatornethelppages"
donderdag 25 maart 2021 21:04:05 - Commandline		: RemoveDirectory "C:\WINDOWS\Microsoft.NET\Framework\v2.0.50727\Temporary ASP.NET Files\scvwebservice"
donderdag 25 maart 2021 21:04:05 - Commandline		: EnableWSUSReboot ""
donderdag 25 maart 2021 21:04:05 - ================================SVW-BE-WEBFP001.balgroupit.com======================================
donderdag 25 maart 2021 21:04:06 - ================================SVW-BE-WEBFP002.balgroupit.com======================================
donderdag 25 maart 2021 21:04:13 - Commandline		: StopAppPool "DefaultAppPool"
donderdag 25 maart 2021 21:04:19 - Commandline		: StopAppPool "ED"
donderdag 25 maart 2021 21:04:19 - Commandline		: StopAppPool "EmployeeBenefits"
donderdag 25 maart 2021 21:04:19 - Commandline		: StopAppPool "EtlLogViewer"
donderdag 25 maart 2021 21:04:19 - Commandline		: StopAppPool "LevenAansluitingsverklaring"
donderdag 25 maart 2021 21:04:19 - Commandline		: StopAppPool "LevenWijzigingsFormulier"
donderdag 25 maart 2021 21:04:19 - Commandline		: StopAppPool "MercatorNet.RMMain"
donderdag 25 maart 2021 21:04:19 - Commandline		: StopAppPool "MercatorNet.WSDeploy_3_0"
donderdag 25 maart 2021 21:04:19 - Commandline		: StopAppPool "MercatorNet.WSMain"
donderdag 25 maart 2021 21:04:20 - Commandline		: StopAppPool "MercatorNet.WSServices"
donderdag 25 maart 2021 21:04:20 - Commandline		: StopAppPool "MercatorNet.WSTariff"
donderdag 25 maart 2021 21:04:20 - Commandline		: StopAppPool "MercatorNetBroker.WSDeploy_3_0"
donderdag 25 maart 2021 21:04:20 - Commandline		: StopAppPool "MercatorNetBroker.WSMain"
donderdag 25 maart 2021 21:04:20 - Commandline		: StopAppPool "MercatorWebSite"
donderdag 25 maart 2021 21:04:20 - Commandline		: StopAppPool "MyBaloiseBroker"
donderdag 25 maart 2021 21:04:20 - Commandline		: StopAppPool "MyBaloiseInternal"
donderdag 25 maart 2021 21:04:20 - Commandline		: StopAppPool "MWebBvb"
donderdag 25 maart 2021 21:04:20 - Commandline		: StopAppPool "ScvWebService"
donderdag 25 maart 2021 21:04:20 - Commandline		: StopWebsite "OnlineDocuments"
donderdag 25 maart 2021 21:04:20 - Commandline		: StopWebsite "MNet"
donderdag 25 maart 2021 21:04:20 - Commandline		: StopWebsite "MWebBvb"
donderdag 25 maart 2021 21:04:20 - Commandline		: StopService "World Wide Web Publishing Service"
donderdag 25 maart 2021 21:04:21 - Commandline		: RemoveDirectory "C:\WINDOWS\Microsoft.NET\Framework\v2.0.50727\Temporary ASP.NET Files\levenaansluitingsverklaring"
donderdag 25 maart 2021 21:04:21 - Commandline		: RemoveDirectory "C:\WINDOWS\Microsoft.NET\Framework\v2.0.50727\Temporary ASP.NET Files\levenwijzigingsformulier"
donderdag 25 maart 2021 21:04:30 - Commandline		: StopAppPool "DefaultAppPool"
donderdag 25 maart 2021 21:04:30 - Commandline		: StopAppPool "ED"
donderdag 25 maart 2021 21:04:30 - Commandline		: StopAppPool "EmployeeBenefits"
donderdag 25 maart 2021 21:04:30 - Commandline		: StopAppPool "EtlLogViewer"
donderdag 25 maart 2021 21:04:30 - Commandline		: StopAppPool "LevenAansluitingsverklaring"
donderdag 25 maart 2021 21:04:30 - Commandline		: StopAppPool "LevenWijzigingsFormulier"
donderdag 25 maart 2021 21:04:30 - Commandline		: StopAppPool "MercatorNet.RMMain"
donderdag 25 maart 2021 21:04:30 - Commandline		: StopAppPool "MercatorNet.WSDeploy_3_0"
donderdag 25 maart 2021 21:04:31 - Commandline		: StopAppPool "MercatorNet.WSMain"
donderdag 25 maart 2021 21:04:31 - Commandline		: StopAppPool "MercatorNet.WSServices"
donderdag 25 maart 2021 21:04:31 - Commandline		: StopAppPool "MercatorNet.WSTariff"
donderdag 25 maart 2021 21:04:31 - Commandline		: StopAppPool "MercatorNetBroker.WSDeploy_3_0"
donderdag 25 maart 2021 21:04:31 - Commandline		: StopAppPool "MercatorNetBroker.WSMain"
donderdag 25 maart 2021 21:04:31 - Commandline		: StopAppPool "MercatorWebSite"
donderdag 25 maart 2021 21:04:31 - Commandline		: StopAppPool "MyBaloiseBroker"
donderdag 25 maart 2021 21:04:31 - Commandline		: StopAppPool "MyBaloiseInternal"
donderdag 25 maart 2021 21:04:31 - Commandline		: StopAppPool "MWebBvb"
donderdag 25 maart 2021 21:04:31 - Commandline		: StopAppPool "ScvWebService"
donderdag 25 maart 2021 21:04:31 - Commandline		: StopWebsite "OnlineDocuments"
donderdag 25 maart 2021 21:04:32 - Commandline		: StopWebsite "MNet"
donderdag 25 maart 2021 21:04:32 - Commandline		: StopWebsite "MWebBvb"
donderdag 25 maart 2021 21:04:32 - Commandline		: StopService "World Wide Web Publishing Service"
donderdag 25 maart 2021 21:04:32 - Commandline		: RemoveDirectory "C:\WINDOWS\Microsoft.NET\Framework\v2.0.50727\Temporary ASP.NET Files\levenaansluitingsverklaring"
donderdag 25 maart 2021 21:04:32 - Commandline		: RemoveDirectory "C:\WINDOWS\Microsoft.NET\Framework\v2.0.50727\Temporary ASP.NET Files\levenwijzigingsformulier"
donderdag 25 maart 2021 21:04:32 - Commandline		: RemoveDirectory "C:\WINDOWS\Microsoft.NET\Framework\v2.0.50727\Temporary ASP.NET Files\ed"
donderdag 25 maart 2021 21:04:32 - Commandline		: RemoveDirectory "C:\WINDOWS\Microsoft.NET\Framework\v2.0.50727\Temporary ASP.NET Files\mercatornet.rmmain"
donderdag 25 maart 2021 21:04:32 - Commandline		: RemoveDirectory "C:\WINDOWS\Microsoft.NET\Framework\v2.0.50727\Temporary ASP.NET Files\mercatornet.wsdeploy_3_0"
donderdag 25 maart 2021 21:04:32 - Commandline		: RemoveDirectory "C:\WINDOWS\Microsoft.NET\Framework\v2.0.50727\Temporary ASP.NET Files\mercatornet.wsmain"
donderdag 25 maart 2021 21:04:32 - Commandline		: RemoveDirectory "C:\WINDOWS\Microsoft.NET\Framework\v2.0.50727\Temporary ASP.NET Files\mercatornet.wsservices"
donderdag 25 maart 2021 21:04:32 - Commandline		: RemoveDirectory "C:\WINDOWS\Microsoft.NET\Framework\v2.0.50727\Temporary ASP.NET Files\mercatornet.wstariff"
donderdag 25 maart 2021 21:04:32 - Commandline		: RemoveDirectory "C:\WINDOWS\Microsoft.NET\Framework\v2.0.50727\Temporary ASP.NET Files\mercatornetbroker.wsdeploy_3_0"
donderdag 25 maart 2021 21:04:32 - Commandline		: RemoveDirectory "C:\WINDOWS\Microsoft.NET\Framework\v2.0.50727\Temporary ASP.NET Files\mercatornetbroker.wsmain"
donderdag 25 maart 2021 21:04:32 - Commandline		: RemoveDirectory "C:\WINDOWS\Microsoft.NET\Framework\v2.0.50727\Temporary ASP.NET Files\mercatornethelppages"
donderdag 25 maart 2021 21:04:32 - Commandline		: RemoveDirectory "C:\WINDOWS\Microsoft.NET\Framework\v2.0.50727\Temporary ASP.NET Files\scvwebservice"
donderdag 25 maart 2021 21:04:32 - Commandline		: EnableWSUSReboot ""
donderdag 25 maart 2021 21:04:32 - ================================SVW-BE-WEBFP003.balgroupit.com======================================
donderdag 25 maart 2021 21:04:33 - ================================SVW-BE-WEBFP004.balgroupit.com======================================
donderdag 25 maart 2021 21:04:40 - Commandline		: StopAppPool "DefaultAppPool"
donderdag 25 maart 2021 21:04:41 - Commandline		: StopAppPool "ED"
donderdag 25 maart 2021 21:04:41 - Commandline		: StopAppPool "EmployeeBenefits"
donderdag 25 maart 2021 21:04:41 - Commandline		: StopAppPool "EtlLogViewer"
donderdag 25 maart 2021 21:04:41 - Commandline		: StopAppPool "LevenAansluitingsverklaring"
donderdag 25 maart 2021 21:04:41 - Commandline		: StopAppPool "LevenWijzigingsFormulier"
donderdag 25 maart 2021 21:04:41 - Commandline		: StopAppPool "MercatorNet.RMMain"
donderdag 25 maart 2021 21:04:41 - Commandline		: StopAppPool "MercatorNet.WSDeploy_3_0"
donderdag 25 maart 2021 21:04:41 - Commandline		: StopAppPool "MercatorNet.WSMain"
donderdag 25 maart 2021 21:04:41 - Commandline		: StopAppPool "MercatorNet.WSServices"
donderdag 25 maart 2021 21:04:41 - Commandline		: StopAppPool "MercatorNet.WSTariff"
donderdag 25 maart 2021 21:04:41 - Commandline		: StopAppPool "MercatorNetBroker.WSDeploy_3_0"
donderdag 25 maart 2021 21:04:41 - Commandline		: StopAppPool "MercatorNetBroker.WSMain"
donderdag 25 maart 2021 21:04:41 - Commandline		: StopAppPool "MercatorWebSite"
donderdag 25 maart 2021 21:04:41 - Commandline		: StopAppPool "MyBaloiseBroker"
donderdag 25 maart 2021 21:04:41 - Commandline		: StopAppPool "MyBaloiseInternal"
donderdag 25 maart 2021 21:04:42 - Commandline		: StopAppPool "MWebBvb"
donderdag 25 maart 2021 21:04:42 - Commandline		: StopAppPool "ScvWebService"
donderdag 25 maart 2021 21:04:42 - Commandline		: StopWebsite "OnlineDocuments"
donderdag 25 maart 2021 21:04:42 - Commandline		: StopWebsite "MNet"
donderdag 25 maart 2021 21:04:42 - Commandline		: StopWebsite "MWebBvb"
donderdag 25 maart 2021 21:04:42 - Commandline		: StopService "World Wide Web Publishing Service"
donderdag 25 maart 2021 21:04:42 - Commandline		: RemoveDirectory "C:\WINDOWS\Microsoft.NET\Framework\v2.0.50727\Temporary ASP.NET Files\levenaansluitingsverklaring"
donderdag 25 maart 2021 21:04:42 - Commandline		: RemoveDirectory "C:\WINDOWS\Microsoft.NET\Framework\v2.0.50727\Temporary ASP.NET Files\levenwijzigingsformulier"
donderdag 25 maart 2021 21:04:42 - Commandline		: RemoveDirectory "C:\WINDOWS\Microsoft.NET\Framework\v2.0.50727\Temporary ASP.NET Files\ed"
donderdag 25 maart 2021 21:04:42 - Commandline		: RemoveDirectory "C:\WINDOWS\Microsoft.NET\Framework\v2.0.50727\Temporary ASP.NET Files\mercatornet.rmmain"
donderdag 25 maart 2021 21:04:42 - Commandline		: RemoveDirectory "C:\WINDOWS\Microsoft.NET\Framework\v2.0.50727\Temporary ASP.NET Files\mercatornet.wsdeploy_3_0"
donderdag 25 maart 2021 21:04:42 - Commandline		: RemoveDirectory "C:\WINDOWS\Microsoft.NET\Framework\v2.0.50727\Temporary ASP.NET Files\mercatornet.wsmain"
donderdag 25 maart 2021 21:04:42 - Commandline		: RemoveDirectory "C:\WINDOWS\Microsoft.NET\Framework\v2.0.50727\Temporary ASP.NET Files\mercatornet.wsservices"
donderdag 25 maart 2021 21:04:42 - Commandline		: RemoveDirectory "C:\WINDOWS\Microsoft.NET\Framework\v2.0.50727\Temporary ASP.NET Files\mercatornet.wstariff"
donderdag 25 maart 2021 21:04:42 - Commandline		: RemoveDirectory "C:\WINDOWS\Microsoft.NET\Framework\v2.0.50727\Temporary ASP.NET Files\mercatornetbroker.wsdeploy_3_0"
donderdag 25 maart 2021 21:04:42 - Commandline		: RemoveDirectory "C:\WINDOWS\Microsoft.NET\Framework\v2.0.50727\Temporary ASP.NET Files\mercatornetbroker.wsmain"
donderdag 25 maart 2021 21:04:42 - Commandline		: RemoveDirectory "C:\WINDOWS\Microsoft.NET\Framework\v2.0.50727\Temporary ASP.NET Files\mercatornethelppages"
donderdag 25 maart 2021 21:04:43 - Commandline		: RemoveDirectory "C:\WINDOWS\Microsoft.NET\Framework\v2.0.50727\Temporary ASP.NET Files\scvwebservice"
donderdag 25 maart 2021 21:04:43 - Commandline		: EnableWSUSReboot ""
donderdag 25 maart 2021 21:04:43 - ================================SVW-BE-WEBFP004.balgroupit.com======================================
donderdag 25 maart 2021 21:04:43 - ================================svw-be-bizp001.balgroupit.com======================================
donderdag 25 maart 2021 21:04:50 - Commandline		: StopService "Mercator Managed File Transfer"
donderdag 25 maart 2021 21:04:51 - Commandline		: StopService "Mercator Esb Process Initializer"
donderdag 25 maart 2021 21:04:53 - Commandline		: EnableWSUSReboot ""
donderdag 25 maart 2021 21:04:53 - ================================svw-be-bizp001.balgroupit.com======================================
donderdag 25 maart 2021 21:04:53 - ================================svw-be-bizp002.balgroupit.com======================================
donderdag 25 maart 2021 21:05:00 - Commandline		: StopService "Mercator Managed File Transfer"
donderdag 25 maart 2021 21:05:01 - Commandline		: StopService "Mercator Esb Process Initializer"
donderdag 25 maart 2021 21:05:01 - Commandline		: EnableWSUSReboot ""
donderdag 25 maart 2021 21:05:01 - ================================svw-be-bizp002.balgroupit.com======================================
donderdag 25 maart 2021 21:05:02 - ================================svw-be-bizp003.balgroupit.com======================================
donderdag 25 maart 2021 21:05:09 - Commandline		: StopService "Mercator Managed File Transfer"
donderdag 25 maart 2021 21:05:09 - Commandline		: StopService "Mercator Esb Process Initializer"
donderdag 25 maart 2021 21:05:10 - Commandline		: EnableWSUSReboot ""
donderdag 25 maart 2021 21:05:10 - ================================svw-be-bizp003.balgroupit.com======================================
donderdag 25 maart 2021 21:05:10 - ================================svw-be-bizp004.balgroupit.com======================================
donderdag 25 maart 2021 21:05:18 - Commandline		: StopService "Mercator Managed File Transfer"
donderdag 25 maart 2021 21:05:18 - Commandline		: StopService "Mercator Esb Process Initializer"
donderdag 25 maart 2021 21:05:18 - Commandline		: EnableWSUSReboot ""
donderdag 25 maart 2021 21:05:19 - ================================svw-be-bizp004.balgroupit.com======================================
donderdag 25 maart 2021 21:05:19 - ================================svw-be-portp01.balgroupit.com======================================
donderdag 25 maart 2021 21:05:27 - Commandline		: stopAppPool "AL2AppPool64v2"
donderdag 25 maart 2021 21:05:27 - Commandline		: stopAppPool "ALAppPool64v2"
donderdag 25 maart 2021 21:05:27 - Commandline		: StopWebsite "WCI"
donderdag 25 maart 2021 21:05:28 - Commandline		: StopWebsite "Default Web Site"
donderdag 25 maart 2021 21:05:28 - Commandline		: EnableWSUSReboot ""
donderdag 25 maart 2021 21:05:28 - ================================svw-be-portp01.balgroupit.com======================================
donderdag 25 maart 2021 21:05:29 - ================================svw-be-portp03.balgroupit.com======================================
donderdag 25 maart 2021 21:05:37 - Commandline		: stopAppPool "ALAppPool64v2"
donderdag 25 maart 2021 21:05:37 - Commandline		: stopAppPool "Pool2"
donderdag 25 maart 2021 21:05:37 - Commandline		: stopAppPool "Mercator.Portal.Portlets"
donderdag 25 maart 2021 21:05:37 - Commandline		: stopAppPool "Mercator.Portal.WebService"
donderdag 25 maart 2021 21:05:37 - Commandline		: stopAppPool "PortalASP"
donderdag 25 maart 2021 21:05:37 - Commandline		: StopWebsite "WCI"
donderdag 25 maart 2021 21:05:37 - Commandline		: StopWebsite "Default Web Site"
donderdag 25 maart 2021 21:05:38 - Commandline		: StopWebsite "MercatorPortalWebService"
donderdag 25 maart 2021 21:05:38 - Commandline		: StopService "Mercator.Portal.Scheduler"
donderdag 25 maart 2021 21:05:47 - Commandline		: EnableWSUSReboot ""
donderdag 25 maart 2021 21:05:47 - ================================svw-be-portp03.balgroupit.com======================================
donderdag 25 maart 2021 21:05:47 - ================================svw-be-babsp001.balgroupit.com======================================
donderdag 25 maart 2021 21:05:55 - Commandline		: EnableWSUSReboot ""
donderdag 25 maart 2021 21:05:55 - ================================svw-be-babsp001.balgroupit.com======================================
donderdag 25 maart 2021 21:05:56 - ================================svw-be-babsp002.balgroupit.com======================================
donderdag 25 maart 2021 21:06:03 - Commandline		: EnableWSUSReboot ""
donderdag 25 maart 2021 21:06:03 - ================================svw-be-babsp002.balgroupit.com======================================
donderdag 25 maart 2021 21:06:03 - ================================svw-be-babbp001.balgroupit.com======================================
donderdag 25 maart 2021 21:06:05 - Commandline		: StopService "Baloise BaloiseBackendBatch"
donderdag 25 maart 2021 21:06:06 - Commandline		: EnableWSUSReboot ""
donderdag 25 maart 2021 21:06:06 - ================================svw-be-babbp001.balgroupit.com======================================
donderdag 25 maart 2021 21:06:06 - ================================svw-be-babbp002.balgroupit.com======================================
donderdag 25 maart 2021 21:06:08 - Commandline		: StopService "Baloise BaloiseBackendBatch"
donderdag 25 maart 2021 21:06:08 - Commandline		: EnableWSUSReboot ""
donderdag 25 maart 2021 21:06:08 - ================================svw-be-babbp002.balgroupit.com======================================
donderdag 25 maart 2021 21:06:09 - ================================svw-be-mftp001.balgroupit.com======================================
donderdag 25 maart 2021 21:06:12 - Commandline		: StopService "Mercator Managed File Transfer"
donderdag 25 maart 2021 21:06:13 - Commandline		: EnableWSUSReboot ""
donderdag 25 maart 2021 21:06:13 - ================================svw-be-mftp001.balgroupit.com======================================
donderdag 25 maart 2021 21:06:14 - ================================svw-be-mftp002.balgroupit.com======================================
donderdag 25 maart 2021 21:06:15 - Commandline		: StopService "Mercator Managed File Transfer"
donderdag 25 maart 2021 21:06:15 - Commandline		: EnableWSUSReboot ""
donderdag 25 maart 2021 21:06:15 - ================================svw-be-mftp002.balgroupit.com======================================
