zaterdag 9 januari 2021 18:00:44 - READING XML File :  \\balgroupit.com\appl_data\BBE\Transfer\Packages\Scripts\WSUS\Pcorp\Pcorp_Start_All.xml
zaterdag 9 januari 2021 18:00:44 - 
zaterdag 9 januari 2021 18:00:45 - ================================svw-be-signp001.balgroupit.com======================================
zaterdag 9 januari 2021 18:00:46 - Commandline		: RestartService "Portima BrokerSign"
zaterdag 9 januari 2021 18:00:49 - ================================svw-be-signp001.balgroupit.com======================================
zaterdag 9 januari 2021 18:00:49 - ================================shw-me-pweb06.balgroupit.com======================================
zaterdag 9 januari 2021 18:00:53 - Commandline		: DisableWSUSReboot ""
zaterdag 9 januari 2021 18:00:53 - Commandline		: StartService "World Wide Web Publishing Service"
zaterdag 9 januari 2021 18:00:54 - Commandline		: StartWebsite "OnlineDocuments"
zaterdag 9 januari 2021 18:00:54 - Commandline		: StartWebsite "MNet"
zaterdag 9 januari 2021 18:00:54 - Commandline		: StartWebsite "MWebBvb"
zaterdag 9 januari 2021 18:00:54 - Commandline		: StartAppPool "DefaultAppPool"
zaterdag 9 januari 2021 18:00:54 - Commandline		: StartAppPool "ED"
zaterdag 9 januari 2021 18:00:54 - Commandline		: StartAppPool "EmployeeBenefits"
zaterdag 9 januari 2021 18:00:54 - Commandline		: StartAppPool "EtlLogViewer"
zaterdag 9 januari 2021 18:00:54 - Commandline		: StartAppPool "LevenAansluitingsverklaring"
zaterdag 9 januari 2021 18:00:54 - Commandline		: StartAppPool "LevenWijzigingsFormulier"
zaterdag 9 januari 2021 18:00:54 - Commandline		: StartAppPool "MercatorNet.RMMain"
zaterdag 9 januari 2021 18:00:54 - Commandline		: StartAppPool "MercatorNet.WSDeploy_3_0"
zaterdag 9 januari 2021 18:00:54 - Commandline		: StartAppPool "MercatorNet.WSMain"
zaterdag 9 januari 2021 18:00:55 - Commandline		: StartAppPool "MercatorNet.WSServices"
zaterdag 9 januari 2021 18:00:55 - Commandline		: StartAppPool "MercatorNet.WSTariff"
zaterdag 9 januari 2021 18:00:55 - Commandline		: StartAppPool "MercatorNetBroker.WSDeploy_3_0"
zaterdag 9 januari 2021 18:00:55 - Commandline		: StartAppPool "MercatorNetBroker.WSMain"
zaterdag 9 januari 2021 18:00:55 - Commandline		: StartAppPool "MercatorWebSite"
zaterdag 9 januari 2021 18:00:55 - Commandline		: StartAppPool "MyBaloiseBroker"
zaterdag 9 januari 2021 18:00:55 - Commandline		: StartAppPool "MWebBvb"
zaterdag 9 januari 2021 18:00:55 - Commandline		: StartAppPool "ScvWebService"
zaterdag 9 januari 2021 18:00:55 - ================================shw-me-pweb06.balgroupit.com======================================
zaterdag 9 januari 2021 18:00:55 - ================================shw-me-pweb56.balgroupit.com======================================
zaterdag 9 januari 2021 18:01:00 - Commandline		: DisableWSUSReboot ""
zaterdag 9 januari 2021 18:01:00 - Commandline		: StartService "World Wide Web Publishing Service"
zaterdag 9 januari 2021 18:01:00 - Commandline		: StartWebsite "OnlineDocuments"
zaterdag 9 januari 2021 18:01:00 - Commandline		: StartWebsite "MNet"
zaterdag 9 januari 2021 18:01:00 - Commandline		: StartWebsite "MWebBvb"
zaterdag 9 januari 2021 18:01:00 - Commandline		: StartAppPool "DefaultAppPool"
zaterdag 9 januari 2021 18:01:00 - Commandline		: StartAppPool "ED"
zaterdag 9 januari 2021 18:01:00 - Commandline		: StartAppPool "EmployeeBenefits"
zaterdag 9 januari 2021 18:01:00 - Commandline		: StartAppPool "EtlLogViewer"
zaterdag 9 januari 2021 18:01:00 - Commandline		: StartAppPool "LevenAansluitingsverklaring"
zaterdag 9 januari 2021 18:01:01 - Commandline		: StartAppPool "LevenWijzigingsFormulier"
zaterdag 9 januari 2021 18:01:01 - Commandline		: StartAppPool "MercatorNet.RMMain"
zaterdag 9 januari 2021 18:01:01 - Commandline		: StartAppPool "MercatorNet.WSDeploy_3_0"
zaterdag 9 januari 2021 18:01:01 - Commandline		: StartAppPool "MercatorNet.WSMain"
zaterdag 9 januari 2021 18:01:01 - Commandline		: StartAppPool "MercatorNet.WSServices"
zaterdag 9 januari 2021 18:01:01 - Commandline		: StartAppPool "MercatorNet.WSTariff"
zaterdag 9 januari 2021 18:01:01 - Commandline		: StartAppPool "MercatorNetBroker.WSDeploy_3_0"
zaterdag 9 januari 2021 18:01:01 - Commandline		: StartAppPool "MercatorNetBroker.WSMain"
zaterdag 9 januari 2021 18:01:01 - Commandline		: StartAppPool "MercatorWebSite"
zaterdag 9 januari 2021 18:01:01 - Commandline		: StartAppPool "MyBaloiseBroker"
zaterdag 9 januari 2021 18:01:01 - Commandline		: StartAppPool "MWebBvb"
zaterdag 9 januari 2021 18:01:01 - Commandline		: StartAppPool "ScvWebService"
zaterdag 9 januari 2021 18:01:01 - ================================shw-me-pweb56.balgroupit.com======================================
zaterdag 9 januari 2021 18:01:02 - ================================svw-be-webp02.balgroupit.com======================================
zaterdag 9 januari 2021 18:01:04 - Commandline		: DisableWSUSReboot ""
zaterdag 9 januari 2021 18:01:04 - Commandline		: StartService "World Wide Web Publishing Service"
zaterdag 9 januari 2021 18:01:04 - Commandline		: StartAppPool "DefaultAppPool"
zaterdag 9 januari 2021 18:01:05 - Commandline		: StartAppPool "MNet"
zaterdag 9 januari 2021 18:01:05 - Commandline		: StartAppPool "BaloiseBackend"
zaterdag 9 januari 2021 18:01:05 - Commandline		: StartAppPool "CDS"
zaterdag 9 januari 2021 18:01:05 - Commandline		: StartAppPool "Mercator.EAI.Framework.WebServices"
zaterdag 9 januari 2021 18:01:05 - Commandline		: StartAppPool "Mercator.Eai.Tools.Wsc"
zaterdag 9 januari 2021 18:01:05 - Commandline		: StartAppPool "Mercator.Portima"
zaterdag 9 januari 2021 18:01:05 - Commandline		: StartAppPool "Mercator.Portima.Monitoring"
zaterdag 9 januari 2021 18:01:05 - Commandline		: StartAppPool "MercatorNet.BoServices"
zaterdag 9 januari 2021 18:01:05 - Commandline		: StartAppPool "WSDms"
zaterdag 9 januari 2021 18:01:05 - Commandline		: StartAppPool "WSDmsDataRepository"
zaterdag 9 januari 2021 18:01:05 - Commandline		: StartWebsite "DmsDataRepository"
zaterdag 9 januari 2021 18:01:05 - Commandline		: StartWebsite "MNet"
zaterdag 9 januari 2021 18:01:05 - Commandline		: StartService "Steria's Dispatcher Service"
zaterdag 9 januari 2021 18:01:06 - Commandline		: StartService "Mercator Document Delivery"
zaterdag 9 januari 2021 18:01:06 - Commandline		: StartService "Mercator Document Generation"
zaterdag 9 januari 2021 18:01:07 - Commandline		: StartService "Mercator Organization Data"
zaterdag 9 januari 2021 18:01:07 - Commandline		: StartService "Mercator DMS Pdf Conversion Call"
zaterdag 9 januari 2021 18:01:07 - Commandline		: StartService "Mercator Document Management System Service"
zaterdag 9 januari 2021 18:01:07 - Commandline		: StartService "Mercator Document Management System Async Service"
zaterdag 9 januari 2021 18:01:07 - Commandline		: StartService "Mercator Document Management System Batch Avero Service"
zaterdag 9 januari 2021 18:01:07 - Commandline		: StartService "BaloiseDmsBatchService"
zaterdag 9 januari 2021 18:01:07 - Commandline		: StartService "Mercator Document Store"
zaterdag 9 januari 2021 18:01:07 - Commandline		: StartService "Mercator Xpim Document Store"
zaterdag 9 januari 2021 18:01:07 - Commandline		: StartService "Mercator DMS MailImport Service"
zaterdag 9 januari 2021 18:01:07 - Commandline		: StartService "Mercator DMS Import Portima Attachments"
zaterdag 9 januari 2021 18:01:07 - Commandline		: StartService "Mercator DMS Bulk Insert"
zaterdag 9 januari 2021 18:01:08 - Commandline		: StartService "Baloise CentralDataStore"
zaterdag 9 januari 2021 18:01:10 - Commandline		: StartService "Baloise SyncTaskToDMS"
zaterdag 9 januari 2021 18:01:11 - Commandline		: StartService "Baloise BaloiseBackendBatch"
zaterdag 9 januari 2021 18:01:11 - Commandline		: StartService "MercatorNET SCV Batch Service"
zaterdag 9 januari 2021 18:01:15 - Commandline		: StartService "Mercator.Integration.EAI.3.9.Listener"
zaterdag 9 januari 2021 18:01:15 - ================================svw-be-webp02.balgroupit.com======================================
zaterdag 9 januari 2021 18:01:15 - ================================svw-be-webp03.balgroupit.com======================================
zaterdag 9 januari 2021 18:01:18 - Commandline		: DisableWSUSReboot ""
zaterdag 9 januari 2021 18:01:18 - Commandline		: StartService "World Wide Web Publishing Service"
zaterdag 9 januari 2021 18:01:18 - Commandline		: StartAppPool "DefaultAppPool"
zaterdag 9 januari 2021 18:01:18 - Commandline		: StartAppPool "MNet"
zaterdag 9 januari 2021 18:01:18 - Commandline		: StartAppPool "BaloiseBackend"
zaterdag 9 januari 2021 18:01:18 - Commandline		: StartAppPool "CDS"
zaterdag 9 januari 2021 18:01:18 - Commandline		: StartAppPool "Mercator.EAI.Framework.WebServices"
zaterdag 9 januari 2021 18:01:18 - Commandline		: StartAppPool "Mercator.Eai.Tools.Wsc"
zaterdag 9 januari 2021 18:01:18 - Commandline		: StartAppPool "Mercator.Portima"
zaterdag 9 januari 2021 18:01:18 - Commandline		: StartAppPool "Mercator.Portima.Monitoring"
zaterdag 9 januari 2021 18:01:18 - Commandline		: StartAppPool "MercatorNet.BoServices"
zaterdag 9 januari 2021 18:01:19 - Commandline		: StartAppPool "WSDms"
zaterdag 9 januari 2021 18:01:19 - Commandline		: StartAppPool "WSDmsDataRepository"
zaterdag 9 januari 2021 18:01:19 - Commandline		: StartWebsite "DmsDataRepository"
zaterdag 9 januari 2021 18:01:19 - Commandline		: StartWebsite "MNet"
zaterdag 9 januari 2021 18:01:19 - Commandline		: StartService "Steria's Dispatcher Service"
zaterdag 9 januari 2021 18:01:19 - Commandline		: StartService "Mercator Document Delivery"
zaterdag 9 januari 2021 18:01:19 - Commandline		: StartService "Mercator Document Generation"
zaterdag 9 januari 2021 18:01:20 - Commandline		: StartService "Mercator Organization Data"
zaterdag 9 januari 2021 18:01:20 - Commandline		: StartService "Mercator DMS Pdf Conversion Call"
zaterdag 9 januari 2021 18:01:20 - Commandline		: StartService "Mercator Document Management System Service"
zaterdag 9 januari 2021 18:01:21 - Commandline		: StartService "Mercator Document Management System Async Service"
zaterdag 9 januari 2021 18:01:22 - Commandline		: StartService "Mercator Document Management System Batch Avero Service"
zaterdag 9 januari 2021 18:01:22 - Commandline		: StartService "BaloiseDmsBatchService"
zaterdag 9 januari 2021 18:01:22 - Commandline		: StartService "Mercator Document Store"
zaterdag 9 januari 2021 18:01:22 - Commandline		: StartService "Mercator Xpim Document Store"
zaterdag 9 januari 2021 18:01:22 - Commandline		: StartService "Mercator DMS MailImport Service"
zaterdag 9 januari 2021 18:01:23 - Commandline		: StartService "Mercator DMS Import Portima Attachments"
zaterdag 9 januari 2021 18:01:23 - Commandline		: StartService "Mercator DMS Bulk Insert"
zaterdag 9 januari 2021 18:01:24 - Commandline		: StartService "Baloise Central Data Store"
zaterdag 9 januari 2021 18:01:24 - Commandline		: StartService "Baloise SyncTaskToDMS"
zaterdag 9 januari 2021 18:01:24 - Commandline		: StartService "Baloise Backend"
zaterdag 9 januari 2021 18:01:24 - Commandline		: StartService "MercatorNET SCV Batch Service"
zaterdag 9 januari 2021 18:01:24 - Commandline		: StartService "Mercator.Integration.EAI.3.9.Listener"
zaterdag 9 januari 2021 18:01:24 - ================================svw-be-webp03.balgroupit.com======================================
zaterdag 9 januari 2021 18:01:25 - ================================svw-be-eaip01.balgroupit.com======================================
zaterdag 9 januari 2021 18:01:25 - Commandline		: DisableWSUSReboot ""
zaterdag 9 januari 2021 18:01:25 - Commandline		: StartService "mercator.eai.docservice"
zaterdag 9 januari 2021 18:01:27 - ================================svw-be-eaip01.balgroupit.com======================================
zaterdag 9 januari 2021 18:01:27 - ================================svw-be-eaip04.balgroupit.com======================================
zaterdag 9 januari 2021 18:01:28 - Commandline		: DisableWSUSReboot ""
zaterdag 9 januari 2021 18:01:28 - Commandline		: StartService "mercator.eai.docservice"
zaterdag 9 januari 2021 18:01:30 - ================================svw-be-eaip04.balgroupit.com======================================
zaterdag 9 januari 2021 18:01:30 - ================================svw-be-eaip05.balgroupit.com======================================
zaterdag 9 januari 2021 18:01:30 - Commandline		: DisableWSUSReboot ""
zaterdag 9 januari 2021 18:01:30 - Commandline		: StartService "mercator.eai.docservice"
zaterdag 9 januari 2021 18:01:32 - ================================svw-be-eaip05.balgroupit.com======================================
zaterdag 9 januari 2021 18:01:33 - ================================svw-be-adlibp01.balgroupit.com======================================
zaterdag 9 januari 2021 18:01:35 - Commandline		: DisableWsusReboot ""
zaterdag 9 januari 2021 18:01:35 - ================================svw-be-adlibp01.balgroupit.com======================================
zaterdag 9 januari 2021 18:01:36 - ================================svw-be-adlibp02.balgroupit.com======================================
zaterdag 9 januari 2021 18:01:36 - Commandline		: DisableWsusReboot ""
zaterdag 9 januari 2021 18:01:36 - ================================svw-be-adlibp02.balgroupit.com======================================
zaterdag 9 januari 2021 18:01:36 - ================================svw-be-adlibp03.balgroupit.com======================================
zaterdag 9 januari 2021 18:01:39 - Commandline		: DisableWsusReboot ""
zaterdag 9 januari 2021 18:01:39 - ================================svw-be-adlibp03.balgroupit.com======================================
zaterdag 9 januari 2021 18:01:39 - ================================svw-be-adlibp04.balgroupit.com======================================
zaterdag 9 januari 2021 18:01:40 - Commandline		: DisableWsusReboot ""
zaterdag 9 januari 2021 18:01:40 - ================================svw-be-adlibp04.balgroupit.com======================================
zaterdag 9 januari 2021 18:01:40 - ================================svw-be-adlibp05.balgroupit.com======================================
zaterdag 9 januari 2021 18:01:42 - Commandline		: DisableWsusReboot ""
zaterdag 9 januari 2021 18:01:42 - ================================svw-be-adlibp05.balgroupit.com======================================
zaterdag 9 januari 2021 18:01:43 - ================================svw-be-adlibp06.balgroupit.com======================================
zaterdag 9 januari 2021 18:01:45 - Commandline		: DisableWsusReboot ""
zaterdag 9 januari 2021 18:01:45 - ================================svw-be-adlibp06.balgroupit.com======================================
zaterdag 9 januari 2021 18:01:45 - ================================svw-be-adlibp07.balgroupit.com======================================
zaterdag 9 januari 2021 18:01:46 - Commandline		: DisableWsusReboot ""
zaterdag 9 januari 2021 18:01:47 - ================================svw-be-adlibp07.balgroupit.com======================================
zaterdag 9 januari 2021 18:01:47 - ================================svw-be-dmsp001.balgroupit.com======================================
zaterdag 9 januari 2021 18:01:53 - Commandline		: DisableWsusReboot ""
zaterdag 9 januari 2021 18:01:53 - ================================svw-be-dmsp001.balgroupit.com======================================
zaterdag 9 januari 2021 18:01:54 - ================================svw-be-dmsp002.balgroupit.com======================================
zaterdag 9 januari 2021 18:02:00 - Commandline		: DisableWsusReboot ""
zaterdag 9 januari 2021 18:02:00 - ================================svw-be-dmsp002.balgroupit.com======================================
zaterdag 9 januari 2021 18:02:00 - ================================svw-be-dmsp03.balgroupit.com======================================
zaterdag 9 januari 2021 18:02:05 - Commandline		: DisableWsusReboot ""
zaterdag 9 januari 2021 18:02:05 - Commandline		: StartService "Execute360 Archive Manager"
zaterdag 9 januari 2021 18:02:11 - ================================svw-be-dmsp03.balgroupit.com======================================
zaterdag 9 januari 2021 18:02:11 - ================================dms-bp01.balgroupit.com======================================
zaterdag 9 januari 2021 18:02:11 - Commandline		: DisableWsusReboot ""
zaterdag 9 januari 2021 18:02:12 - ================================dms-bp01.balgroupit.com======================================
zaterdag 9 januari 2021 18:02:12 - ================================dms-bp01-file.balgroupit.com======================================
zaterdag 9 januari 2021 18:02:12 - Commandline		: DisableWsusReboot ""
zaterdag 9 januari 2021 18:02:12 - ================================dms-bp01-file.balgroupit.com======================================
zaterdag 9 januari 2021 18:02:13 - ================================dms-bp01-g360.balgroupit.com======================================
zaterdag 9 januari 2021 18:02:13 - Commandline		: DisableWsusReboot ""
zaterdag 9 januari 2021 18:02:13 - ================================dms-bp01-g360.balgroupit.com======================================
zaterdag 9 januari 2021 18:02:14 - ================================SVW-BE-WEBFP001.balgroupit.com======================================
zaterdag 9 januari 2021 18:02:16 - Commandline		: DisableWSUSReboot ""
zaterdag 9 januari 2021 18:02:16 - Commandline		: StartService "World Wide Web Publishing Service"
zaterdag 9 januari 2021 18:02:16 - Commandline		: StartWebsite "OnlineDocuments"
zaterdag 9 januari 2021 18:02:16 - Commandline		: StartWebsite "MNet"
zaterdag 9 januari 2021 18:02:16 - Commandline		: StartWebsite "MWebBvb"
zaterdag 9 januari 2021 18:02:16 - Commandline		: StartAppPool "DefaultAppPool"
zaterdag 9 januari 2021 18:02:17 - Commandline		: StartAppPool "ED"
zaterdag 9 januari 2021 18:02:17 - Commandline		: StartAppPool "EmployeeBenefits"
zaterdag 9 januari 2021 18:02:17 - Commandline		: StartAppPool "EtlLogViewer"
zaterdag 9 januari 2021 18:02:17 - Commandline		: StartAppPool "LevenAansluitingsverklaring"
zaterdag 9 januari 2021 18:02:17 - Commandline		: StartAppPool "LevenWijzigingsFormulier"
zaterdag 9 januari 2021 18:02:17 - Commandline		: StartAppPool "MercatorNet.RMMain"
zaterdag 9 januari 2021 18:02:17 - Commandline		: StartAppPool "MercatorNet.WSDeploy_3_0"
zaterdag 9 januari 2021 18:02:17 - Commandline		: StartAppPool "MercatorNet.WSMain"
zaterdag 9 januari 2021 18:02:17 - Commandline		: StartAppPool "MercatorNet.WSServices"
zaterdag 9 januari 2021 18:02:17 - Commandline		: StartAppPool "MercatorNet.WSTariff"
zaterdag 9 januari 2021 18:02:17 - Commandline		: StartAppPool "MercatorNetBroker.WSDeploy_3_0"
zaterdag 9 januari 2021 18:02:17 - Commandline		: StartAppPool "MercatorNetBroker.WSMain"
zaterdag 9 januari 2021 18:02:17 - Commandline		: StartAppPool "MercatorWebSite"
zaterdag 9 januari 2021 18:02:17 - Commandline		: StartAppPool "MyBaloiseBroker"
zaterdag 9 januari 2021 18:02:18 - Commandline		: StartAppPool "MyBaloiseInternal"
zaterdag 9 januari 2021 18:02:18 - Commandline		: StartAppPool "MWebBvb"
zaterdag 9 januari 2021 18:02:18 - Commandline		: StartAppPool "ScvWebService"
zaterdag 9 januari 2021 18:02:18 - ================================SVW-BE-WEBFP001.balgroupit.com======================================
zaterdag 9 januari 2021 18:02:18 - ================================SVW-BE-WEBFP002.balgroupit.com======================================
zaterdag 9 januari 2021 18:02:20 - Commandline		: DisableWSUSReboot ""
zaterdag 9 januari 2021 18:02:20 - Commandline		: StartService "World Wide Web Publishing Service"
zaterdag 9 januari 2021 18:02:20 - Commandline		: StartWebsite "OnlineDocuments"
zaterdag 9 januari 2021 18:02:21 - Commandline		: StartWebsite "MNet"
zaterdag 9 januari 2021 18:02:21 - Commandline		: StartWebsite "MWebBvb"
zaterdag 9 januari 2021 18:02:21 - Commandline		: StartAppPool "DefaultAppPool"
zaterdag 9 januari 2021 18:02:21 - Commandline		: StartAppPool "ED"
zaterdag 9 januari 2021 18:02:21 - Commandline		: StartAppPool "EmployeeBenefits"
zaterdag 9 januari 2021 18:02:21 - Commandline		: StartAppPool "EtlLogViewer"
zaterdag 9 januari 2021 18:02:21 - Commandline		: StartAppPool "LevenAansluitingsverklaring"
zaterdag 9 januari 2021 18:02:21 - Commandline		: StartAppPool "LevenWijzigingsFormulier"
zaterdag 9 januari 2021 18:02:21 - Commandline		: StartAppPool "MercatorNet.RMMain"
zaterdag 9 januari 2021 18:02:21 - Commandline		: StartAppPool "MercatorNet.WSDeploy_3_0"
zaterdag 9 januari 2021 18:02:21 - Commandline		: StartAppPool "MercatorNet.WSMain"
zaterdag 9 januari 2021 18:02:21 - Commandline		: StartAppPool "MercatorNet.WSServices"
zaterdag 9 januari 2021 18:02:22 - Commandline		: StartAppPool "MercatorNet.WSTariff"
zaterdag 9 januari 2021 18:02:22 - Commandline		: StartAppPool "MercatorNetBroker.WSDeploy_3_0"
zaterdag 9 januari 2021 18:02:22 - Commandline		: StartAppPool "MercatorNetBroker.WSMain"
zaterdag 9 januari 2021 18:02:22 - Commandline		: StartAppPool "MercatorWebSite"
zaterdag 9 januari 2021 18:02:22 - Commandline		: StartAppPool "MyBaloiseBroker"
zaterdag 9 januari 2021 18:02:22 - Commandline		: StartAppPool "MyBaloiseInternal"
zaterdag 9 januari 2021 18:02:22 - Commandline		: StartAppPool "MWebBvb"
zaterdag 9 januari 2021 18:02:22 - Commandline		: StartAppPool "ScvWebService"
zaterdag 9 januari 2021 18:02:22 - ================================SVW-BE-WEBFP002.balgroupit.com======================================
zaterdag 9 januari 2021 18:02:22 - ================================SVW-BE-WEBFP003.balgroupit.com======================================
zaterdag 9 januari 2021 18:02:25 - Commandline		: DisableWSUSReboot ""
zaterdag 9 januari 2021 18:02:25 - Commandline		: StartService "World Wide Web Publishing Service"
zaterdag 9 januari 2021 18:02:25 - Commandline		: StartWebsite "OnlineDocuments"
zaterdag 9 januari 2021 18:02:25 - Commandline		: StartWebsite "MNet"
zaterdag 9 januari 2021 18:02:25 - Commandline		: StartWebsite "MWebBvb"
zaterdag 9 januari 2021 18:02:25 - Commandline		: StartAppPool "DefaultAppPool"
zaterdag 9 januari 2021 18:02:25 - Commandline		: StartAppPool "ED"
zaterdag 9 januari 2021 18:02:25 - Commandline		: StartAppPool "EmployeeBenefits"
zaterdag 9 januari 2021 18:02:25 - Commandline		: StartAppPool "EtlLogViewer"
zaterdag 9 januari 2021 18:02:25 - Commandline		: StartAppPool "LevenAansluitingsverklaring"
zaterdag 9 januari 2021 18:02:25 - Commandline		: StartAppPool "LevenWijzigingsFormulier"
zaterdag 9 januari 2021 18:02:26 - Commandline		: StartAppPool "MercatorNet.RMMain"
zaterdag 9 januari 2021 18:02:26 - Commandline		: StartAppPool "MercatorNet.WSDeploy_3_0"
zaterdag 9 januari 2021 18:02:26 - Commandline		: StartAppPool "MercatorNet.WSMain"
zaterdag 9 januari 2021 18:02:26 - Commandline		: StartAppPool "MercatorNet.WSServices"
zaterdag 9 januari 2021 18:02:26 - Commandline		: StartAppPool "MercatorNet.WSTariff"
zaterdag 9 januari 2021 18:02:26 - Commandline		: StartAppPool "MercatorNetBroker.WSDeploy_3_0"
zaterdag 9 januari 2021 18:02:26 - Commandline		: StartAppPool "MercatorNetBroker.WSMain"
zaterdag 9 januari 2021 18:02:26 - Commandline		: StartAppPool "MercatorWebSite"
zaterdag 9 januari 2021 18:02:26 - Commandline		: StartAppPool "MyBaloiseBroker"
zaterdag 9 januari 2021 18:02:26 - Commandline		: StartAppPool "MyBaloiseInternal"
zaterdag 9 januari 2021 18:02:26 - Commandline		: StartAppPool "MWebBvb"
zaterdag 9 januari 2021 18:02:26 - Commandline		: StartAppPool "ScvWebService"
zaterdag 9 januari 2021 18:02:26 - ================================SVW-BE-WEBFP003.balgroupit.com======================================
zaterdag 9 januari 2021 18:02:27 - ================================SVW-BE-WEBFP004.balgroupit.com======================================
zaterdag 9 januari 2021 18:02:29 - Commandline		: DisableWSUSReboot ""
zaterdag 9 januari 2021 18:02:29 - Commandline		: StartService "World Wide Web Publishing Service"
zaterdag 9 januari 2021 18:02:29 - Commandline		: StartWebsite "OnlineDocuments"
zaterdag 9 januari 2021 18:02:29 - Commandline		: StartWebsite "MNet"
zaterdag 9 januari 2021 18:02:29 - Commandline		: StartWebsite "MWebBvb"
zaterdag 9 januari 2021 18:02:29 - Commandline		: StartAppPool "DefaultAppPool"
zaterdag 9 januari 2021 18:02:29 - Commandline		: StartAppPool "ED"
zaterdag 9 januari 2021 18:02:30 - Commandline		: StartAppPool "EmployeeBenefits"
zaterdag 9 januari 2021 18:02:30 - Commandline		: StartAppPool "EtlLogViewer"
zaterdag 9 januari 2021 18:02:30 - Commandline		: StartAppPool "LevenAansluitingsverklaring"
zaterdag 9 januari 2021 18:02:30 - Commandline		: StartAppPool "LevenWijzigingsFormulier"
zaterdag 9 januari 2021 18:02:30 - Commandline		: StartAppPool "MercatorNet.RMMain"
zaterdag 9 januari 2021 18:02:30 - Commandline		: StartAppPool "MercatorNet.WSDeploy_3_0"
zaterdag 9 januari 2021 18:02:30 - Commandline		: StartAppPool "MercatorNet.WSMain"
zaterdag 9 januari 2021 18:02:30 - Commandline		: StartAppPool "MercatorNet.WSServices"
zaterdag 9 januari 2021 18:02:30 - Commandline		: StartAppPool "MercatorNet.WSTariff"
zaterdag 9 januari 2021 18:02:30 - Commandline		: StartAppPool "MercatorNetBroker.WSDeploy_3_0"
zaterdag 9 januari 2021 18:02:30 - Commandline		: StartAppPool "MercatorNetBroker.WSMain"
zaterdag 9 januari 2021 18:02:30 - Commandline		: StartAppPool "MercatorWebSite"
zaterdag 9 januari 2021 18:02:30 - Commandline		: StartAppPool "MyBaloiseBroker"
zaterdag 9 januari 2021 18:02:31 - Commandline		: StartAppPool "MyBaloiseInternal"
zaterdag 9 januari 2021 18:02:31 - Commandline		: StartAppPool "MWebBvb"
zaterdag 9 januari 2021 18:02:31 - Commandline		: StartAppPool "ScvWebService"
zaterdag 9 januari 2021 18:02:31 - ================================SVW-BE-WEBFP004.balgroupit.com======================================
zaterdag 9 januari 2021 18:02:31 - ================================svw-be-bizp001.balgroupit.com======================================
zaterdag 9 januari 2021 18:02:37 - Commandline		: DisableWSUSReboot ""
zaterdag 9 januari 2021 18:02:37 - Commandline		: StartService "Mercator Managed File Transfer"
zaterdag 9 januari 2021 18:02:40 - Commandline		: StartService "Mercator Esb Process Initializer"
zaterdag 9 januari 2021 18:02:40 - ================================svw-be-bizp001.balgroupit.com======================================
zaterdag 9 januari 2021 18:02:41 - ================================svw-be-bizp002.balgroupit.com======================================
zaterdag 9 januari 2021 18:02:46 - Commandline		: DisableWSUSReboot ""
zaterdag 9 januari 2021 18:02:46 - Commandline		: StartService "Mercator Managed File Transfer"
zaterdag 9 januari 2021 18:02:49 - Commandline		: StartService "Mercator Esb Process Initializer"
zaterdag 9 januari 2021 18:02:50 - ================================svw-be-bizp002.balgroupit.com======================================
zaterdag 9 januari 2021 18:02:50 - ================================svw-be-bizp003.balgroupit.com======================================
zaterdag 9 januari 2021 18:02:56 - Commandline		: DisableWSUSReboot ""
zaterdag 9 januari 2021 18:02:56 - Commandline		: StartService "Mercator Managed File Transfer"
zaterdag 9 januari 2021 18:03:00 - Commandline		: StartService "Mercator Esb Process Initializer"
zaterdag 9 januari 2021 18:03:00 - ================================svw-be-bizp003.balgroupit.com======================================
zaterdag 9 januari 2021 18:03:00 - ================================svw-be-bizp004.balgroupit.com======================================
zaterdag 9 januari 2021 18:03:06 - Commandline		: DisableWSUSReboot ""
zaterdag 9 januari 2021 18:03:06 - Commandline		: StartService "Mercator Managed File Transfer"
zaterdag 9 januari 2021 18:03:09 - Commandline		: StartService "Mercator Esb Process Initializer"
zaterdag 9 januari 2021 18:03:09 - ================================svw-be-bizp004.balgroupit.com======================================
zaterdag 9 januari 2021 18:03:09 - ================================svw-be-portp01.balgroupit.com======================================
zaterdag 9 januari 2021 18:03:12 - Commandline		: DisableWSUSReboot ""
zaterdag 9 januari 2021 18:03:12 - Commandline		: startWebsite "Default Web Site"
zaterdag 9 januari 2021 18:03:12 - Commandline		: startWebsite "WCI"
zaterdag 9 januari 2021 18:03:12 - Commandline		: startAppPool "AL2AppPool64v2"
zaterdag 9 januari 2021 18:03:12 - Commandline		: startAppPool "ALAppPool64v2"
zaterdag 9 januari 2021 18:03:12 - ================================svw-be-portp01.balgroupit.com======================================
zaterdag 9 januari 2021 18:03:13 - ================================svw-be-portp03.balgroupit.com======================================
zaterdag 9 januari 2021 18:03:16 - Commandline		: DisableWSUSReboot ""
zaterdag 9 januari 2021 18:03:16 - Commandline		: StartService "Mercator.Portal.Scheduler"
zaterdag 9 januari 2021 18:03:18 - Commandline		: startWebsite "MercatorPortalWebService"
zaterdag 9 januari 2021 18:03:18 - Commandline		: startWebsite "Default Web Site"
zaterdag 9 januari 2021 18:03:18 - Commandline		: startWebsite "WCI"
zaterdag 9 januari 2021 18:03:19 - Commandline		: startAppPool "Pool2"
zaterdag 9 januari 2021 18:03:19 - Commandline		: startAppPool "Mercator.Portal.Portlets"
zaterdag 9 januari 2021 18:03:19 - Commandline		: startAppPool "Mercator.Portal.WebService"
zaterdag 9 januari 2021 18:03:19 - Commandline		: startAppPool "PortalASP"
zaterdag 9 januari 2021 18:03:19 - Commandline		: startAppPool "ALAppPool64v2"
zaterdag 9 januari 2021 18:03:19 - ================================svw-be-portp03.balgroupit.com======================================
zaterdag 9 januari 2021 18:03:19 - ================================svw-be-babsp001.balgroupit.com======================================
zaterdag 9 januari 2021 18:03:22 - Commandline		: DisableWSUSReboot ""
zaterdag 9 januari 2021 18:03:22 - ================================svw-be-babsp001.balgroupit.com======================================
zaterdag 9 januari 2021 18:03:22 - ================================svw-be-babsp002.balgroupit.com======================================
zaterdag 9 januari 2021 18:03:25 - Commandline		: DisableWSUSReboot ""
zaterdag 9 januari 2021 18:03:25 - ================================svw-be-babsp002.balgroupit.com======================================
zaterdag 9 januari 2021 18:03:25 - ================================svw-be-babbp001.balgroupit.com======================================
zaterdag 9 januari 2021 18:03:26 - Commandline		: DisableWSUSReboot ""
zaterdag 9 januari 2021 18:03:26 - Commandline		: StartService "Baloise BaloiseBackendBatch"
zaterdag 9 januari 2021 18:03:31 - ================================svw-be-babbp001.balgroupit.com======================================
zaterdag 9 januari 2021 18:03:31 - ================================svw-be-babbp002.balgroupit.com======================================
zaterdag 9 januari 2021 18:03:33 - Commandline		: DisableWSUSReboot ""
zaterdag 9 januari 2021 18:03:33 - Commandline		: StartService "Baloise BaloiseBackendBatch"
zaterdag 9 januari 2021 18:03:36 - ================================svw-be-babbp002.balgroupit.com======================================
zaterdag 9 januari 2021 18:03:37 - ================================svw-be-mftp001.balgroupit.com======================================
zaterdag 9 januari 2021 18:03:38 - Commandline		: DisableWSUSReboot ""
zaterdag 9 januari 2021 18:03:38 - Commandline		: StartService "Mercator Managed File Transfer"
zaterdag 9 januari 2021 18:03:42 - ================================svw-be-mftp001.balgroupit.com======================================
zaterdag 9 januari 2021 18:03:43 - ================================svw-be-mftp002.balgroupit.com======================================
zaterdag 9 januari 2021 18:03:43 - Commandline		: DisableWSUSReboot ""
zaterdag 9 januari 2021 18:03:43 - Commandline		: StartService "Mercator Managed File Transfer"
zaterdag 9 januari 2021 18:03:46 - ================================svw-be-mftp002.balgroupit.com======================================
