donderdag 26 november 2020 23:15:54 - READING XML File :  \\balgroupit.com\appl_data\BBE\Transfer\Packages\Scripts\WSUS\Pcorp\Pcorp_Start_All.xml
donderdag 26 november 2020 23:15:54 - 
donderdag 26 november 2020 23:15:55 - ================================svw-be-signp001.balgroupit.com======================================
donderdag 26 november 2020 23:15:56 - Commandline		: RestartService "Portima BrokerSign"
donderdag 26 november 2020 23:15:58 - ================================svw-be-signp001.balgroupit.com======================================
donderdag 26 november 2020 23:16:09 - ================================shw-me-pweb06.balgroupit.com======================================
donderdag 26 november 2020 23:16:09 -  shw-me-pweb06.balgroupit.com remote session could not be created.
donderdag 26 november 2020 23:16:09 - ================================shw-me-pweb06.balgroupit.com======================================
donderdag 26 november 2020 23:16:10 - ================================shw-me-pweb56.balgroupit.com======================================
donderdag 26 november 2020 23:16:10 - Commandline		: DisableWSUSReboot ""
donderdag 26 november 2020 23:16:10 - Commandline		: StartService "World Wide Web Publishing Service"
donderdag 26 november 2020 23:16:10 - Commandline		: StartWebsite "OnlineDocuments"
donderdag 26 november 2020 23:16:10 - Commandline		: StartWebsite "MNet"
donderdag 26 november 2020 23:16:11 - Commandline		: StartWebsite "MWebBvb"
donderdag 26 november 2020 23:16:11 - Commandline		: StartAppPool "DefaultAppPool"
donderdag 26 november 2020 23:16:11 - Commandline		: StartAppPool "ED"
donderdag 26 november 2020 23:16:11 - Commandline		: StartAppPool "EmployeeBenefits"
donderdag 26 november 2020 23:16:11 - Commandline		: StartAppPool "EtlLogViewer"
donderdag 26 november 2020 23:16:11 - Commandline		: StartAppPool "LevenAansluitingsverklaring"
donderdag 26 november 2020 23:16:11 - Commandline		: StartAppPool "LevenWijzigingsFormulier"
donderdag 26 november 2020 23:16:11 - Commandline		: StartAppPool "MercatorNet.RMMain"
donderdag 26 november 2020 23:16:11 - Commandline		: StartAppPool "MercatorNet.WSDeploy_3_0"
donderdag 26 november 2020 23:16:11 - Commandline		: StartAppPool "MercatorNet.WSMain"
donderdag 26 november 2020 23:16:11 - Commandline		: StartAppPool "MercatorNet.WSServices"
donderdag 26 november 2020 23:16:11 - Commandline		: StartAppPool "MercatorNet.WSTariff"
donderdag 26 november 2020 23:16:11 - Commandline		: StartAppPool "MercatorNetBroker.WSDeploy_3_0"
donderdag 26 november 2020 23:16:11 - Commandline		: StartAppPool "MercatorNetBroker.WSMain"
donderdag 26 november 2020 23:16:11 - Commandline		: StartAppPool "MercatorWebSite"
donderdag 26 november 2020 23:16:12 - Commandline		: StartAppPool "MyBaloiseBroker"
donderdag 26 november 2020 23:16:12 - Commandline		: StartAppPool "MWebBvb"
donderdag 26 november 2020 23:16:12 - Commandline		: StartAppPool "ScvWebService"
donderdag 26 november 2020 23:16:12 - ================================shw-me-pweb56.balgroupit.com======================================
donderdag 26 november 2020 23:16:12 - ================================svw-be-webp02.balgroupit.com======================================
donderdag 26 november 2020 23:16:13 - Commandline		: DisableWSUSReboot ""
donderdag 26 november 2020 23:16:13 - Commandline		: StartService "World Wide Web Publishing Service"
donderdag 26 november 2020 23:16:13 - Commandline		: StartAppPool "DefaultAppPool"
donderdag 26 november 2020 23:16:13 - Commandline		: StartAppPool "MNet"
donderdag 26 november 2020 23:16:13 - Commandline		: StartAppPool "BaloiseBackend"
donderdag 26 november 2020 23:16:13 - Commandline		: StartAppPool "CDS"
donderdag 26 november 2020 23:16:13 - Commandline		: StartAppPool "Mercator.EAI.Framework.WebServices"
donderdag 26 november 2020 23:16:13 - Commandline		: StartAppPool "Mercator.Eai.Tools.Wsc"
donderdag 26 november 2020 23:16:13 - Commandline		: StartAppPool "Mercator.Portima"
donderdag 26 november 2020 23:16:13 - Commandline		: StartAppPool "Mercator.Portima.Monitoring"
donderdag 26 november 2020 23:16:14 - Commandline		: StartAppPool "MercatorNet.BoServices"
donderdag 26 november 2020 23:16:14 - Commandline		: StartAppPool "WSDms"
donderdag 26 november 2020 23:16:14 - Commandline		: StartAppPool "WSDmsDataRepository"
donderdag 26 november 2020 23:16:14 - Commandline		: StartWebsite "DmsDataRepository"
donderdag 26 november 2020 23:16:14 - Commandline		: StartWebsite "MNet"
donderdag 26 november 2020 23:16:14 - Commandline		: StartService "Steria's Dispatcher Service"
donderdag 26 november 2020 23:16:14 - Commandline		: StartService "Mercator Document Delivery"
donderdag 26 november 2020 23:16:14 - Commandline		: StartService "Mercator Document Generation"
donderdag 26 november 2020 23:16:14 - Commandline		: StartService "Mercator Organization Data"
donderdag 26 november 2020 23:16:14 - Commandline		: StartService "Mercator DMS Pdf Conversion Call"
donderdag 26 november 2020 23:16:14 - Commandline		: StartService "Mercator Document Management System Service"
donderdag 26 november 2020 23:16:14 - Commandline		: StartService "Mercator Document Management System Async Service"
donderdag 26 november 2020 23:16:14 - Commandline		: StartService "Mercator Document Management System Batch Avero Service"
donderdag 26 november 2020 23:16:14 - Commandline		: StartService "BaloiseDmsBatchService"
donderdag 26 november 2020 23:16:15 - Commandline		: StartService "Mercator Document Store"
donderdag 26 november 2020 23:16:15 - Commandline		: StartService "Mercator Xpim Document Store"
donderdag 26 november 2020 23:16:15 - Commandline		: StartService "Mercator DMS MailImport Service"
donderdag 26 november 2020 23:16:15 - Commandline		: StartService "Mercator DMS Import Portima Attachments"
donderdag 26 november 2020 23:16:15 - Commandline		: StartService "Mercator DMS Bulk Insert"
donderdag 26 november 2020 23:16:15 - Commandline		: StartService "Baloise CentralDataStore"
donderdag 26 november 2020 23:16:15 - Commandline		: StartService "Baloise SyncTaskToDMS"
donderdag 26 november 2020 23:16:15 - Commandline		: StartService "Baloise BaloiseBackendBatch"
donderdag 26 november 2020 23:16:15 - Commandline		: StartService "MercatorNET SCV Batch Service"
donderdag 26 november 2020 23:16:15 - Commandline		: StartService "Mercator.Integration.EAI.3.9.Listener"
donderdag 26 november 2020 23:16:15 - ================================svw-be-webp02.balgroupit.com======================================
donderdag 26 november 2020 23:16:16 - ================================svw-be-webp03.balgroupit.com======================================
donderdag 26 november 2020 23:16:16 - Commandline		: DisableWSUSReboot ""
donderdag 26 november 2020 23:16:16 - Commandline		: StartService "World Wide Web Publishing Service"
donderdag 26 november 2020 23:16:17 - Commandline		: StartAppPool "DefaultAppPool"
donderdag 26 november 2020 23:16:17 - Commandline		: StartAppPool "MNet"
donderdag 26 november 2020 23:16:17 - Commandline		: StartAppPool "BaloiseBackend"
donderdag 26 november 2020 23:16:17 - Commandline		: StartAppPool "CDS"
donderdag 26 november 2020 23:16:17 - Commandline		: StartAppPool "Mercator.EAI.Framework.WebServices"
donderdag 26 november 2020 23:16:17 - Commandline		: StartAppPool "Mercator.Eai.Tools.Wsc"
donderdag 26 november 2020 23:16:17 - Commandline		: StartAppPool "Mercator.Portima"
donderdag 26 november 2020 23:16:17 - Commandline		: StartAppPool "Mercator.Portima.Monitoring"
donderdag 26 november 2020 23:16:17 - Commandline		: StartAppPool "MercatorNet.BoServices"
donderdag 26 november 2020 23:16:18 - Commandline		: StartAppPool "WSDms"
donderdag 26 november 2020 23:16:18 - Commandline		: StartAppPool "WSDmsDataRepository"
donderdag 26 november 2020 23:16:18 - Commandline		: StartWebsite "DmsDataRepository"
donderdag 26 november 2020 23:16:18 - Commandline		: StartWebsite "MNet"
donderdag 26 november 2020 23:16:18 - Commandline		: StartService "Steria's Dispatcher Service"
donderdag 26 november 2020 23:16:19 - Commandline		: StartService "Mercator Document Delivery"
donderdag 26 november 2020 23:16:19 - Commandline		: StartService "Mercator Document Generation"
donderdag 26 november 2020 23:16:19 - Commandline		: StartService "Mercator Organization Data"
donderdag 26 november 2020 23:16:19 - Commandline		: StartService "Mercator DMS Pdf Conversion Call"
donderdag 26 november 2020 23:16:19 - Commandline		: StartService "Mercator Document Management System Service"
donderdag 26 november 2020 23:16:19 - Commandline		: StartService "Mercator Document Management System Async Service"
donderdag 26 november 2020 23:16:19 - Commandline		: StartService "Mercator Document Management System Batch Avero Service"
donderdag 26 november 2020 23:16:19 - Commandline		: StartService "BaloiseDmsBatchService"
donderdag 26 november 2020 23:16:19 - Commandline		: StartService "Mercator Document Store"
donderdag 26 november 2020 23:16:19 - Commandline		: StartService "Mercator Xpim Document Store"
donderdag 26 november 2020 23:16:19 - Commandline		: StartService "Mercator DMS MailImport Service"
donderdag 26 november 2020 23:16:19 - Commandline		: StartService "Mercator DMS Import Portima Attachments"
donderdag 26 november 2020 23:16:19 - Commandline		: StartService "Mercator DMS Bulk Insert"
donderdag 26 november 2020 23:16:20 - Commandline		: StartService "Baloise Central Data Store"
donderdag 26 november 2020 23:16:20 - Commandline		: StartService "Baloise SyncTaskToDMS"
donderdag 26 november 2020 23:16:20 - Commandline		: StartService "Baloise Backend"
donderdag 26 november 2020 23:16:20 - Commandline		: StartService "MercatorNET SCV Batch Service"
donderdag 26 november 2020 23:16:20 - Commandline		: StartService "Mercator.Integration.EAI.3.9.Listener"
donderdag 26 november 2020 23:16:20 - ================================svw-be-webp03.balgroupit.com======================================
donderdag 26 november 2020 23:16:21 - ================================svw-be-eaip01.balgroupit.com======================================
donderdag 26 november 2020 23:16:22 - Commandline		: DisableWSUSReboot ""
donderdag 26 november 2020 23:16:22 - Commandline		: StartService "mercator.eai.docservice"
donderdag 26 november 2020 23:16:23 - ================================svw-be-eaip01.balgroupit.com======================================
donderdag 26 november 2020 23:16:23 - ================================svw-be-eaip04.balgroupit.com======================================
donderdag 26 november 2020 23:16:24 - Commandline		: DisableWSUSReboot ""
donderdag 26 november 2020 23:16:24 - Commandline		: StartService "mercator.eai.docservice"
donderdag 26 november 2020 23:16:24 - ================================svw-be-eaip04.balgroupit.com======================================
donderdag 26 november 2020 23:16:25 - ================================svw-be-eaip05.balgroupit.com======================================
donderdag 26 november 2020 23:16:27 - Commandline		: DisableWSUSReboot ""
donderdag 26 november 2020 23:16:27 - Commandline		: StartService "mercator.eai.docservice"
donderdag 26 november 2020 23:16:27 - ================================svw-be-eaip05.balgroupit.com======================================
donderdag 26 november 2020 23:16:28 - ================================svw-be-adlibp01.balgroupit.com======================================
donderdag 26 november 2020 23:16:29 - Commandline		: DisableWsusReboot ""
donderdag 26 november 2020 23:16:29 - ================================svw-be-adlibp01.balgroupit.com======================================
donderdag 26 november 2020 23:16:31 - ================================svw-be-adlibp02.balgroupit.com======================================
donderdag 26 november 2020 23:16:31 - Commandline		: DisableWsusReboot ""
donderdag 26 november 2020 23:16:32 - ================================svw-be-adlibp02.balgroupit.com======================================
donderdag 26 november 2020 23:16:33 - ================================svw-be-adlibp03.balgroupit.com======================================
donderdag 26 november 2020 23:16:33 - Commandline		: DisableWsusReboot ""
donderdag 26 november 2020 23:16:33 - ================================svw-be-adlibp03.balgroupit.com======================================
donderdag 26 november 2020 23:16:34 - ================================svw-be-adlibp04.balgroupit.com======================================
donderdag 26 november 2020 23:16:35 - Commandline		: DisableWsusReboot ""
donderdag 26 november 2020 23:16:35 - ================================svw-be-adlibp04.balgroupit.com======================================
donderdag 26 november 2020 23:16:36 - ================================svw-be-adlibp05.balgroupit.com======================================
donderdag 26 november 2020 23:16:36 - Commandline		: DisableWsusReboot ""
donderdag 26 november 2020 23:16:37 - ================================svw-be-adlibp05.balgroupit.com======================================
donderdag 26 november 2020 23:16:38 - ================================svw-be-adlibp06.balgroupit.com======================================
donderdag 26 november 2020 23:16:39 - Commandline		: DisableWsusReboot ""
donderdag 26 november 2020 23:16:39 - ================================svw-be-adlibp06.balgroupit.com======================================
donderdag 26 november 2020 23:16:40 - ================================svw-be-adlibp07.balgroupit.com======================================
donderdag 26 november 2020 23:16:41 - Commandline		: DisableWsusReboot ""
donderdag 26 november 2020 23:16:41 - ================================svw-be-adlibp07.balgroupit.com======================================
donderdag 26 november 2020 23:16:42 - ================================svw-be-dmsp001.balgroupit.com======================================
donderdag 26 november 2020 23:16:42 - Commandline		: DisableWsusReboot ""
donderdag 26 november 2020 23:16:42 - ================================svw-be-dmsp001.balgroupit.com======================================
donderdag 26 november 2020 23:16:43 - ================================svw-be-dmsp002.balgroupit.com======================================
donderdag 26 november 2020 23:16:43 - Commandline		: DisableWsusReboot ""
donderdag 26 november 2020 23:16:43 - ================================svw-be-dmsp002.balgroupit.com======================================
donderdag 26 november 2020 23:16:44 - ================================svw-be-dmsp03.balgroupit.com======================================
donderdag 26 november 2020 23:16:45 - Commandline		: DisableWsusReboot ""
donderdag 26 november 2020 23:16:45 - Commandline		: StartService "Execute360 Archive Manager"
donderdag 26 november 2020 23:16:50 - ================================svw-be-dmsp03.balgroupit.com======================================
donderdag 26 november 2020 23:16:51 - ================================dms-bp01.balgroupit.com======================================
donderdag 26 november 2020 23:16:51 - Commandline		: DisableWsusReboot ""
donderdag 26 november 2020 23:16:51 - ================================dms-bp01.balgroupit.com======================================
donderdag 26 november 2020 23:16:52 - ================================dms-bp01-file.balgroupit.com======================================
donderdag 26 november 2020 23:16:52 - Commandline		: DisableWsusReboot ""
donderdag 26 november 2020 23:16:52 - ================================dms-bp01-file.balgroupit.com======================================
donderdag 26 november 2020 23:16:53 - ================================dms-bp01-g360.balgroupit.com======================================
donderdag 26 november 2020 23:16:53 - Commandline		: DisableWsusReboot ""
donderdag 26 november 2020 23:16:53 - ================================dms-bp01-g360.balgroupit.com======================================
donderdag 26 november 2020 23:16:54 - ================================SVW-BE-WEBFP001.balgroupit.com======================================
donderdag 26 november 2020 23:16:54 - Commandline		: DisableWSUSReboot ""
donderdag 26 november 2020 23:16:54 - Commandline		: StartService "World Wide Web Publishing Service"
donderdag 26 november 2020 23:16:54 - Commandline		: StartWebsite "OnlineDocuments"
donderdag 26 november 2020 23:16:54 - Commandline		: StartWebsite "MNet"
donderdag 26 november 2020 23:16:54 - Commandline		: StartWebsite "MWebBvb"
donderdag 26 november 2020 23:16:54 - Commandline		: StartAppPool "DefaultAppPool"
donderdag 26 november 2020 23:16:54 - Commandline		: StartAppPool "ED"
donderdag 26 november 2020 23:16:55 - Commandline		: StartAppPool "EmployeeBenefits"
donderdag 26 november 2020 23:16:55 - Commandline		: StartAppPool "EtlLogViewer"
donderdag 26 november 2020 23:16:55 - Commandline		: StartAppPool "LevenAansluitingsverklaring"
donderdag 26 november 2020 23:16:55 - Commandline		: StartAppPool "LevenWijzigingsFormulier"
donderdag 26 november 2020 23:16:55 - Commandline		: StartAppPool "MercatorNet.RMMain"
donderdag 26 november 2020 23:16:55 - Commandline		: StartAppPool "MercatorNet.WSDeploy_3_0"
donderdag 26 november 2020 23:16:55 - Commandline		: StartAppPool "MercatorNet.WSMain"
donderdag 26 november 2020 23:16:55 - Commandline		: StartAppPool "MercatorNet.WSServices"
donderdag 26 november 2020 23:16:55 - Commandline		: StartAppPool "MercatorNet.WSTariff"
donderdag 26 november 2020 23:16:55 - Commandline		: StartAppPool "MercatorNetBroker.WSDeploy_3_0"
donderdag 26 november 2020 23:16:55 - Commandline		: StartAppPool "MercatorNetBroker.WSMain"
donderdag 26 november 2020 23:16:55 - Commandline		: StartAppPool "MercatorWebSite"
donderdag 26 november 2020 23:16:55 - Commandline		: StartAppPool "MyBaloiseBroker"
donderdag 26 november 2020 23:16:55 - Commandline		: StartAppPool "MyBaloiseInternal"
donderdag 26 november 2020 23:16:55 - Commandline		: StartAppPool "MWebBvb"
donderdag 26 november 2020 23:16:56 - Commandline		: StartAppPool "ScvWebService"
donderdag 26 november 2020 23:16:56 - ================================SVW-BE-WEBFP001.balgroupit.com======================================
donderdag 26 november 2020 23:16:56 - ================================SVW-BE-WEBFP002.balgroupit.com======================================
donderdag 26 november 2020 23:16:57 - Commandline		: DisableWSUSReboot ""
donderdag 26 november 2020 23:16:57 - Commandline		: StartService "World Wide Web Publishing Service"
donderdag 26 november 2020 23:16:57 - Commandline		: StartWebsite "OnlineDocuments"
donderdag 26 november 2020 23:16:57 - Commandline		: StartWebsite "MNet"
donderdag 26 november 2020 23:16:57 - Commandline		: StartWebsite "MWebBvb"
donderdag 26 november 2020 23:16:57 - Commandline		: StartAppPool "DefaultAppPool"
donderdag 26 november 2020 23:16:57 - Commandline		: StartAppPool "ED"
donderdag 26 november 2020 23:16:57 - Commandline		: StartAppPool "EmployeeBenefits"
donderdag 26 november 2020 23:16:57 - Commandline		: StartAppPool "EtlLogViewer"
donderdag 26 november 2020 23:16:57 - Commandline		: StartAppPool "LevenAansluitingsverklaring"
donderdag 26 november 2020 23:16:57 - Commandline		: StartAppPool "LevenWijzigingsFormulier"
donderdag 26 november 2020 23:16:58 - Commandline		: StartAppPool "MercatorNet.RMMain"
donderdag 26 november 2020 23:16:58 - Commandline		: StartAppPool "MercatorNet.WSDeploy_3_0"
donderdag 26 november 2020 23:16:58 - Commandline		: StartAppPool "MercatorNet.WSMain"
donderdag 26 november 2020 23:16:58 - Commandline		: StartAppPool "MercatorNet.WSServices"
donderdag 26 november 2020 23:16:58 - Commandline		: StartAppPool "MercatorNet.WSTariff"
donderdag 26 november 2020 23:16:58 - Commandline		: StartAppPool "MercatorNetBroker.WSDeploy_3_0"
donderdag 26 november 2020 23:16:58 - Commandline		: StartAppPool "MercatorNetBroker.WSMain"
donderdag 26 november 2020 23:16:58 - Commandline		: StartAppPool "MercatorWebSite"
donderdag 26 november 2020 23:16:58 - Commandline		: StartAppPool "MyBaloiseBroker"
donderdag 26 november 2020 23:16:58 - Commandline		: StartAppPool "MyBaloiseInternal"
donderdag 26 november 2020 23:16:58 - Commandline		: StartAppPool "MWebBvb"
donderdag 26 november 2020 23:16:58 - Commandline		: StartAppPool "ScvWebService"
donderdag 26 november 2020 23:16:58 - ================================SVW-BE-WEBFP002.balgroupit.com======================================
donderdag 26 november 2020 23:16:59 - ================================SVW-BE-WEBFP003.balgroupit.com======================================
donderdag 26 november 2020 23:16:59 - Commandline		: DisableWSUSReboot ""
donderdag 26 november 2020 23:16:59 - Commandline		: StartService "World Wide Web Publishing Service"
donderdag 26 november 2020 23:16:59 - Commandline		: StartWebsite "OnlineDocuments"
donderdag 26 november 2020 23:17:00 - Commandline		: StartWebsite "MNet"
donderdag 26 november 2020 23:17:00 - Commandline		: StartWebsite "MWebBvb"
donderdag 26 november 2020 23:17:00 - Commandline		: StartAppPool "DefaultAppPool"
donderdag 26 november 2020 23:17:00 - Commandline		: StartAppPool "ED"
donderdag 26 november 2020 23:17:00 - Commandline		: StartAppPool "EmployeeBenefits"
donderdag 26 november 2020 23:17:00 - Commandline		: StartAppPool "EtlLogViewer"
donderdag 26 november 2020 23:17:00 - Commandline		: StartAppPool "LevenAansluitingsverklaring"
donderdag 26 november 2020 23:17:00 - Commandline		: StartAppPool "LevenWijzigingsFormulier"
donderdag 26 november 2020 23:17:00 - Commandline		: StartAppPool "MercatorNet.RMMain"
donderdag 26 november 2020 23:17:00 - Commandline		: StartAppPool "MercatorNet.WSDeploy_3_0"
donderdag 26 november 2020 23:17:00 - Commandline		: StartAppPool "MercatorNet.WSMain"
donderdag 26 november 2020 23:17:01 - Commandline		: StartAppPool "MercatorNet.WSServices"
donderdag 26 november 2020 23:17:01 - Commandline		: StartAppPool "MercatorNet.WSTariff"
donderdag 26 november 2020 23:17:01 - Commandline		: StartAppPool "MercatorNetBroker.WSDeploy_3_0"
donderdag 26 november 2020 23:17:01 - Commandline		: StartAppPool "MercatorNetBroker.WSMain"
donderdag 26 november 2020 23:17:01 - Commandline		: StartAppPool "MercatorWebSite"
donderdag 26 november 2020 23:17:01 - Commandline		: StartAppPool "MyBaloiseBroker"
donderdag 26 november 2020 23:17:01 - Commandline		: StartAppPool "MyBaloiseInternal"
donderdag 26 november 2020 23:17:01 - Commandline		: StartAppPool "MWebBvb"
donderdag 26 november 2020 23:17:01 - Commandline		: StartAppPool "ScvWebService"
donderdag 26 november 2020 23:17:01 - ================================SVW-BE-WEBFP003.balgroupit.com======================================
donderdag 26 november 2020 23:17:02 - ================================SVW-BE-WEBFP004.balgroupit.com======================================
donderdag 26 november 2020 23:17:02 - Commandline		: DisableWSUSReboot ""
donderdag 26 november 2020 23:17:02 - Commandline		: StartService "World Wide Web Publishing Service"
donderdag 26 november 2020 23:17:02 - Commandline		: StartWebsite "OnlineDocuments"
donderdag 26 november 2020 23:17:02 - Commandline		: StartWebsite "MNet"
donderdag 26 november 2020 23:17:02 - Commandline		: StartWebsite "MWebBvb"
donderdag 26 november 2020 23:17:02 - Commandline		: StartAppPool "DefaultAppPool"
donderdag 26 november 2020 23:17:03 - Commandline		: StartAppPool "ED"
donderdag 26 november 2020 23:17:03 - Commandline		: StartAppPool "EmployeeBenefits"
donderdag 26 november 2020 23:17:03 - Commandline		: StartAppPool "EtlLogViewer"
donderdag 26 november 2020 23:17:03 - Commandline		: StartAppPool "LevenAansluitingsverklaring"
donderdag 26 november 2020 23:17:03 - Commandline		: StartAppPool "LevenWijzigingsFormulier"
donderdag 26 november 2020 23:17:03 - Commandline		: StartAppPool "MercatorNet.RMMain"
donderdag 26 november 2020 23:17:03 - Commandline		: StartAppPool "MercatorNet.WSDeploy_3_0"
donderdag 26 november 2020 23:17:03 - Commandline		: StartAppPool "MercatorNet.WSMain"
donderdag 26 november 2020 23:17:03 - Commandline		: StartAppPool "MercatorNet.WSServices"
donderdag 26 november 2020 23:17:03 - Commandline		: StartAppPool "MercatorNet.WSTariff"
donderdag 26 november 2020 23:17:03 - Commandline		: StartAppPool "MercatorNetBroker.WSDeploy_3_0"
donderdag 26 november 2020 23:17:03 - Commandline		: StartAppPool "MercatorNetBroker.WSMain"
donderdag 26 november 2020 23:17:03 - Commandline		: StartAppPool "MercatorWebSite"
donderdag 26 november 2020 23:17:03 - Commandline		: StartAppPool "MyBaloiseBroker"
donderdag 26 november 2020 23:17:04 - Commandline		: StartAppPool "MyBaloiseInternal"
donderdag 26 november 2020 23:17:04 - Commandline		: StartAppPool "MWebBvb"
donderdag 26 november 2020 23:17:04 - Commandline		: StartAppPool "ScvWebService"
donderdag 26 november 2020 23:17:04 - ================================SVW-BE-WEBFP004.balgroupit.com======================================
donderdag 26 november 2020 23:17:04 - ================================svw-be-bizp001.balgroupit.com======================================
donderdag 26 november 2020 23:17:05 - Commandline		: DisableWSUSReboot ""
donderdag 26 november 2020 23:17:05 - Commandline		: StartService "Mercator Managed File Transfer"
donderdag 26 november 2020 23:17:05 - Commandline		: StartService "Mercator Esb Process Initializer"
donderdag 26 november 2020 23:17:05 - ================================svw-be-bizp001.balgroupit.com======================================
donderdag 26 november 2020 23:17:08 - ================================svw-be-bizp002.balgroupit.com======================================
donderdag 26 november 2020 23:17:10 - Commandline		: DisableWSUSReboot ""
donderdag 26 november 2020 23:17:10 - Commandline		: StartService "Mercator Managed File Transfer"
donderdag 26 november 2020 23:17:10 - Commandline		: StartService "Mercator Esb Process Initializer"
donderdag 26 november 2020 23:17:11 - ================================svw-be-bizp002.balgroupit.com======================================
donderdag 26 november 2020 23:17:11 - ================================svw-be-bizp003.balgroupit.com======================================
donderdag 26 november 2020 23:17:12 - Commandline		: DisableWSUSReboot ""
donderdag 26 november 2020 23:17:12 - Commandline		: StartService "Mercator Managed File Transfer"
donderdag 26 november 2020 23:17:12 - Commandline		: StartService "Mercator Esb Process Initializer"
donderdag 26 november 2020 23:17:12 - ================================svw-be-bizp003.balgroupit.com======================================
donderdag 26 november 2020 23:17:12 - ================================svw-be-bizp004.balgroupit.com======================================
donderdag 26 november 2020 23:17:17 - Commandline		: DisableWSUSReboot ""
donderdag 26 november 2020 23:17:17 - Commandline		: StartService "Mercator Managed File Transfer"
donderdag 26 november 2020 23:17:21 - Commandline		: StartService "Mercator Esb Process Initializer"
donderdag 26 november 2020 23:17:21 - ================================svw-be-bizp004.balgroupit.com======================================
donderdag 26 november 2020 23:17:22 - ================================svw-be-portp01.balgroupit.com======================================
donderdag 26 november 2020 23:17:23 - Commandline		: DisableWSUSReboot ""
donderdag 26 november 2020 23:17:23 - Commandline		: startWebsite "Default Web Site"
donderdag 26 november 2020 23:17:23 - Commandline		: startWebsite "WCI"
donderdag 26 november 2020 23:17:23 - Commandline		: startAppPool "AL2AppPool64v2"
donderdag 26 november 2020 23:17:23 - Commandline		: startAppPool "ALAppPool64v2"
donderdag 26 november 2020 23:17:23 - ================================svw-be-portp01.balgroupit.com======================================
donderdag 26 november 2020 23:17:24 - ================================svw-be-portp03.balgroupit.com======================================
donderdag 26 november 2020 23:17:25 - Commandline		: DisableWSUSReboot ""
donderdag 26 november 2020 23:17:25 - Commandline		: StartService "Mercator.Portal.Scheduler"
donderdag 26 november 2020 23:17:25 - Commandline		: startWebsite "MercatorPortalWebService"
donderdag 26 november 2020 23:17:25 - Commandline		: startWebsite "Default Web Site"
donderdag 26 november 2020 23:17:25 - Commandline		: startWebsite "WCI"
donderdag 26 november 2020 23:17:25 - Commandline		: startAppPool "Pool2"
donderdag 26 november 2020 23:17:26 - Commandline		: startAppPool "Mercator.Portal.Portlets"
donderdag 26 november 2020 23:17:26 - Commandline		: startAppPool "Mercator.Portal.WebService"
donderdag 26 november 2020 23:17:26 - Commandline		: startAppPool "PortalASP"
donderdag 26 november 2020 23:17:26 - Commandline		: startAppPool "ALAppPool64v2"
donderdag 26 november 2020 23:17:26 - ================================svw-be-portp03.balgroupit.com======================================
donderdag 26 november 2020 23:17:26 - ================================svw-be-babsp001.balgroupit.com======================================
donderdag 26 november 2020 23:17:27 - Commandline		: DisableWSUSReboot ""
donderdag 26 november 2020 23:17:27 - ================================svw-be-babsp001.balgroupit.com======================================
donderdag 26 november 2020 23:17:27 - ================================svw-be-babsp002.balgroupit.com======================================
donderdag 26 november 2020 23:17:27 - Commandline		: DisableWSUSReboot ""
donderdag 26 november 2020 23:17:27 - ================================svw-be-babsp002.balgroupit.com======================================
donderdag 26 november 2020 23:17:28 - ================================svw-be-babbp001.balgroupit.com======================================
donderdag 26 november 2020 23:17:31 - Commandline		: DisableWSUSReboot ""
donderdag 26 november 2020 23:17:31 - Commandline		: StartService "Baloise BaloiseBackendBatch"
donderdag 26 november 2020 23:17:31 - ================================svw-be-babbp001.balgroupit.com======================================
donderdag 26 november 2020 23:17:31 - ================================svw-be-babbp002.balgroupit.com======================================
donderdag 26 november 2020 23:17:33 - Commandline		: DisableWSUSReboot ""
donderdag 26 november 2020 23:17:33 - Commandline		: StartService "Baloise BaloiseBackendBatch"
donderdag 26 november 2020 23:17:34 - ================================svw-be-babbp002.balgroupit.com======================================
donderdag 26 november 2020 23:17:34 - ================================svw-be-mftp001.balgroupit.com======================================
donderdag 26 november 2020 23:17:38 - Commandline		: DisableWSUSReboot ""
donderdag 26 november 2020 23:17:38 - Commandline		: StartService "Mercator Managed File Transfer"
donderdag 26 november 2020 23:17:38 - ================================svw-be-mftp001.balgroupit.com======================================
donderdag 26 november 2020 23:17:41 - ================================svw-be-mftp002.balgroupit.com======================================
donderdag 26 november 2020 23:17:43 - Commandline		: DisableWSUSReboot ""
donderdag 26 november 2020 23:17:43 - Commandline		: StartService "Mercator Managed File Transfer"
donderdag 26 november 2020 23:17:44 - ================================svw-be-mftp002.balgroupit.com======================================
