donderdag 26 november 2020 21:00:43 - READING XML File :  \\balgroupit.com\appl_data\BBE\Transfer\Packages\Scripts\WSUS\Pcorp\Pcorp_Stop_All.xml
donderdag 26 november 2020 21:00:43 - 
donderdag 26 november 2020 21:00:44 - ================================svw-be-eaip01.balgroupit.com======================================
donderdag 26 november 2020 21:00:46 - Commandline		: StopService "mercator.eai.docservice"
donderdag 26 november 2020 21:00:46 - Commandline		: StopProcess "dllhost.exe"
donderdag 26 november 2020 21:00:46 - Commandline		: StopProcess "winword.exe"
donderdag 26 november 2020 21:00:46 - Commandline		: EnableWSUSReboot ""
donderdag 26 november 2020 21:00:47 - ================================svw-be-eaip01.balgroupit.com======================================
donderdag 26 november 2020 21:00:48 - ================================svw-be-eaip04.balgroupit.com======================================
donderdag 26 november 2020 21:00:49 - Commandline		: StopService "mercator.eai.docservice"
donderdag 26 november 2020 21:00:49 - Commandline		: StopProcess "dllhost.exe"
donderdag 26 november 2020 21:00:49 - Commandline		: StopProcess "winword.exe"
donderdag 26 november 2020 21:00:49 - Commandline		: EnableWSUSReboot ""
donderdag 26 november 2020 21:00:50 - ================================svw-be-eaip04.balgroupit.com======================================
donderdag 26 november 2020 21:00:51 - ================================svw-be-eaip05.balgroupit.com======================================
donderdag 26 november 2020 21:00:53 - Commandline		: StopService "mercator.eai.docservice"
donderdag 26 november 2020 21:00:53 - Commandline		: StopProcess "dllhost.exe"
donderdag 26 november 2020 21:00:53 - Commandline		: StopProcess "winword.exe"
donderdag 26 november 2020 21:00:53 - Commandline		: EnableWSUSReboot ""
donderdag 26 november 2020 21:00:53 - ================================svw-be-eaip05.balgroupit.com======================================
donderdag 26 november 2020 21:00:54 - ================================svw-be-webp02.balgroupit.com======================================
donderdag 26 november 2020 21:01:02 - Commandline		: StopWebsite "DmsDataRepository"
donderdag 26 november 2020 21:01:02 - Commandline		: StopWebsite "MNet"
donderdag 26 november 2020 21:01:02 - Commandline		: StopAppPool "DefaultAppPool"
donderdag 26 november 2020 21:01:03 - Commandline		: StopAppPool "WSDMS"
donderdag 26 november 2020 21:01:03 - Commandline		: StopAppPool "WSDmsDataRepository"
donderdag 26 november 2020 21:01:03 - Commandline		: StopAppPool "BaloiseBackend"
donderdag 26 november 2020 21:01:03 - Commandline		: StopAppPool "CDS"
donderdag 26 november 2020 21:01:03 - Commandline		: StopAppPool "MercatorNet.BoServices"
donderdag 26 november 2020 21:01:03 - Commandline		: StopAppPool "Mercator.Portima.Monitoring"
donderdag 26 november 2020 21:01:03 - Commandline		: StopAppPool "Mercator.Portima"
donderdag 26 november 2020 21:01:03 - Commandline		: StopAppPool "Mercator.Eai.Tools.Wsc"
donderdag 26 november 2020 21:01:03 - Commandline		: StopAppPool "Mercator.EAI.Framework.WebServices"
donderdag 26 november 2020 21:01:03 - Commandline		: StopService "World Wide Web Publishing Service"
donderdag 26 november 2020 21:01:03 - Commandline		: StopService "Baloise BaloiseBackendBatch"
donderdag 26 november 2020 21:01:03 - Commandline		: StopService "Baloise CentralDataStore"
donderdag 26 november 2020 21:01:04 - Commandline		: StopService "Baloise SyncTaskToDMS"
donderdag 26 november 2020 21:01:04 - Commandline		: StopService "Mercator DMS Bulk Insert"
donderdag 26 november 2020 21:01:04 - Commandline		: StopService "Mercator DMS Import Portima Attachments"
donderdag 26 november 2020 21:01:04 - Commandline		: StopService "Mercator DMS MailImport Service"
donderdag 26 november 2020 21:01:04 - Commandline		: StopService "Mercator Xpim Document Store"
donderdag 26 november 2020 21:01:04 - Commandline		: StopService "Mercator Document Store"
donderdag 26 november 2020 21:01:04 - Commandline		: StopService "Mercator Document Store"
donderdag 26 november 2020 21:01:04 - Commandline		: StopService "Mercator Document Management System Service"
donderdag 26 november 2020 21:01:04 - Commandline		: StopService "Mercator Document Management System Async Service"
donderdag 26 november 2020 21:01:04 - Commandline		: StopService "Mercator Document Management System Batch Avero Service"
donderdag 26 november 2020 21:01:04 - Commandline		: StopService "Mercator DMS Pdf Conversion Call"
donderdag 26 november 2020 21:01:04 - Commandline		: StopService "MercatorNET SCV Batch Service"
donderdag 26 november 2020 21:01:05 - Commandline		: StopService "Mercator Organization Data"
donderdag 26 november 2020 21:01:05 - Commandline		: StopService "Mercator Document Generation"
donderdag 26 november 2020 21:01:05 - Commandline		: StopService "Mercator Document Delivery"
donderdag 26 november 2020 21:01:05 - Commandline		: StopService "Steria's Dispatcher Service"
donderdag 26 november 2020 21:01:05 - Commandline		: StopService "Mercator.Integration.EAI.3.9.Listener"
donderdag 26 november 2020 21:01:06 - Commandline		: RemoveDirectory "C:\WINDOWS\Microsoft.NET\Framework\v4.0.30319\Temporary ASP.NET Files\cds"
donderdag 26 november 2020 21:01:06 - Commandline		: RemoveDirectory "C:\WINDOWS\Microsoft.NET\Framework\v2.0.50727\Temporary ASP.NET Files\mercatornet.boservices"
donderdag 26 november 2020 21:01:06 - Commandline		: RemoveDirectory "C:\WINDOWS\Microsoft.NET\Framework\v2.0.50727\Temporary ASP.NET Files\mercator.eai.framework.webservices"
donderdag 26 november 2020 21:01:06 - Commandline		: RemoveDirectory "C:\WINDOWS\Microsoft.NET\Framework\v2.0.50727\Temporary ASP.NET Files\mercator.eai.tools.wsc"
donderdag 26 november 2020 21:01:06 - Commandline		: RemoveDirectory "C:\WINDOWS\Microsoft.NET\Framework\v2.0.50727\Temporary ASP.NET Files\Mercator.Portima.Monitoring"
donderdag 26 november 2020 21:01:06 - Commandline		: RemoveDirectory "C:\WINDOWS\Microsoft.NET\Framework\v2.0.50727\Temporary ASP.NET Files\Mercator.Portima"
donderdag 26 november 2020 21:01:06 - Commandline		: RemoveDirectory "C:\WINDOWS\Microsoft.NET\Framework\v2.0.50727\Temporary ASP.NET Files\WSDMS"
donderdag 26 november 2020 21:01:06 - Commandline		: RemoveDirectory "C:\WINDOWS\Microsoft.NET\Framework\v2.0.50727\Temporary ASP.NET Files\wsdmsdatarepository"
donderdag 26 november 2020 21:01:06 - Commandline		: EnableWSUSReboot ""
donderdag 26 november 2020 21:01:06 - ================================svw-be-webp02.balgroupit.com======================================
donderdag 26 november 2020 21:01:07 - ================================svw-be-webp03.balgroupit.com======================================
donderdag 26 november 2020 21:01:14 - Commandline		: StopWebsite "DmsDataRepository"
donderdag 26 november 2020 21:01:14 - Commandline		: StopWebsite "MNet"
donderdag 26 november 2020 21:01:14 - Commandline		: StopAppPool "MNet"
donderdag 26 november 2020 21:01:15 - Commandline		: StopAppPool "DefaultAppPool"
donderdag 26 november 2020 21:01:15 - Commandline		: StopAppPool "WSDMS"
donderdag 26 november 2020 21:01:15 - Commandline		: StopAppPool "WSDmsDataRepository"
donderdag 26 november 2020 21:01:15 - Commandline		: StopAppPool "BaloiseBackend"
donderdag 26 november 2020 21:01:15 - Commandline		: StopAppPool "CDS"
donderdag 26 november 2020 21:01:15 - Commandline		: StopAppPool "MercatorNet.BoServices"
donderdag 26 november 2020 21:01:15 - Commandline		: StopAppPool "Mercator.Portima.Monitoring"
donderdag 26 november 2020 21:01:15 - Commandline		: StopAppPool "Mercator.Portima"
donderdag 26 november 2020 21:01:15 - Commandline		: StopAppPool "Mercator.Eai.Tools.Wsc"
donderdag 26 november 2020 21:01:15 - Commandline		: StopAppPool "Mercator.EAI.Framework.WebServices"
donderdag 26 november 2020 21:01:15 - Commandline		: StopService "World Wide Web Publishing Service"
donderdag 26 november 2020 21:01:15 - Commandline		: StopService "Baloise Backend"
donderdag 26 november 2020 21:01:15 - Commandline		: StopService "Baloise Central Data Store"
donderdag 26 november 2020 21:01:16 - Commandline		: StopService "Baloise SyncTaskToDMS"
donderdag 26 november 2020 21:01:16 - Commandline		: StopService "Mercator DMS Bulk Insert"
donderdag 26 november 2020 21:01:16 - Commandline		: StopService "Mercator DMS Import Portima Attachments"
donderdag 26 november 2020 21:01:16 - Commandline		: StopService "Mercator DMS MailImport Service"
donderdag 26 november 2020 21:01:17 - Commandline		: StopService "Mercator Xpim Document Store"
donderdag 26 november 2020 21:01:17 - Commandline		: StopService "Mercator Document Store"
donderdag 26 november 2020 21:01:17 - Commandline		: StopService "BaloiseDmsBatchService"
donderdag 26 november 2020 21:01:17 - Commandline		: StopService "Mercator Document Management System Service"
donderdag 26 november 2020 21:01:17 - Commandline		: StopService "Mercator Document Management System Async Service"
donderdag 26 november 2020 21:01:17 - Commandline		: StopService "Mercator Document Management System Batch Avero Service"
donderdag 26 november 2020 21:01:18 - Commandline		: StopService "Mercator DMS Pdf Conversion Call"
donderdag 26 november 2020 21:01:18 - Commandline		: StopService "MercatorNET SCV Batch Service"
donderdag 26 november 2020 21:01:18 - Commandline		: StopService "Mercator Organization Data"
donderdag 26 november 2020 21:01:18 - Commandline		: StopService "Mercator Document Generation"
donderdag 26 november 2020 21:01:18 - Commandline		: StopService "Mercator Document Delivery"
donderdag 26 november 2020 21:01:18 - Commandline		: StopService "Steria's Dispatcher Service"
donderdag 26 november 2020 21:01:19 - Commandline		: StopService "Mercator.Integration.EAI.3.9.Listener"
donderdag 26 november 2020 21:01:19 - Commandline		: RemoveDirectory "C:\WINDOWS\Microsoft.NET\Framework\v4.0.30319\Temporary ASP.NET Files\cds"
donderdag 26 november 2020 21:01:19 - Commandline		: RemoveDirectory "C:\WINDOWS\Microsoft.NET\Framework\v2.0.50727\Temporary ASP.NET Files\mercatornet.boservices"
donderdag 26 november 2020 21:01:19 - Commandline		: RemoveDirectory "C:\WINDOWS\Microsoft.NET\Framework\v2.0.50727\Temporary ASP.NET Files\mercator.eai.framework.webservices"
donderdag 26 november 2020 21:01:19 - Commandline		: RemoveDirectory "C:\WINDOWS\Microsoft.NET\Framework\v2.0.50727\Temporary ASP.NET Files\mercator.eai.tools.wsc"
donderdag 26 november 2020 21:01:19 - Commandline		: RemoveDirectory "C:\WINDOWS\Microsoft.NET\Framework\v2.0.50727\Temporary ASP.NET Files\Mercator.Portima.Monitoring"
donderdag 26 november 2020 21:01:19 - Commandline		: RemoveDirectory "C:\WINDOWS\Microsoft.NET\Framework\v2.0.50727\Temporary ASP.NET Files\Mercator.Portima"
donderdag 26 november 2020 21:01:19 - Commandline		: RemoveDirectory "C:\WINDOWS\Microsoft.NET\Framework\v2.0.50727\Temporary ASP.NET Files\WSDMS"
donderdag 26 november 2020 21:01:19 - Commandline		: RemoveDirectory "C:\WINDOWS\Microsoft.NET\Framework\v2.0.50727\Temporary ASP.NET Files\wsdmsdatarepository"
donderdag 26 november 2020 21:01:19 - Commandline		: EnableWSUSReboot ""
donderdag 26 november 2020 21:01:19 - ================================svw-be-webp03.balgroupit.com======================================
donderdag 26 november 2020 21:01:20 - ================================svw-be-signp001.balgroupit.com======================================
donderdag 26 november 2020 21:01:21 - Commandline		: StopService "Portima BrokerSign"
donderdag 26 november 2020 21:01:22 - ================================svw-be-signp001.balgroupit.com======================================
donderdag 26 november 2020 21:01:23 - ================================shw-me-pweb06.balgroupit.com======================================
donderdag 26 november 2020 21:01:31 - Commandline		: StopAppPool "DefaultAppPool"
donderdag 26 november 2020 21:01:31 - Commandline		: StopAppPool "ED"
donderdag 26 november 2020 21:01:31 - Commandline		: StopAppPool "EmployeeBenefits"
donderdag 26 november 2020 21:01:31 - Commandline		: StopAppPool "EtlLogViewer"
donderdag 26 november 2020 21:01:32 - Commandline		: StopAppPool "LevenAansluitingsverklaring"
donderdag 26 november 2020 21:01:32 - Commandline		: StopAppPool "LevenWijzigingsFormulier"
donderdag 26 november 2020 21:01:32 - Commandline		: StopAppPool "MercatorNet.RMMain"
donderdag 26 november 2020 21:01:32 - Commandline		: StopAppPool "MercatorNet.WSDeploy_3_0"
donderdag 26 november 2020 21:01:32 - Commandline		: StopAppPool "MercatorNet.WSMain"
donderdag 26 november 2020 21:01:32 - Commandline		: StopAppPool "MercatorNet.WSServices"
donderdag 26 november 2020 21:01:32 - Commandline		: StopAppPool "MercatorNet.WSTariff"
donderdag 26 november 2020 21:01:32 - Commandline		: StopAppPool "MercatorNetBroker.WSDeploy_3_0"
donderdag 26 november 2020 21:01:32 - Commandline		: StopAppPool "MercatorNetBroker.WSMain"
donderdag 26 november 2020 21:01:32 - Commandline		: StopAppPool "MercatorWebSite"
donderdag 26 november 2020 21:01:32 - Commandline		: StopAppPool "MyBaloiseBroker"
donderdag 26 november 2020 21:01:32 - Commandline		: StopAppPool "MWebBvb"
donderdag 26 november 2020 21:01:32 - Commandline		: StopAppPool "ScvWebService"
donderdag 26 november 2020 21:01:32 - Commandline		: StopWebsite "OnlineDocuments"
donderdag 26 november 2020 21:01:33 - Commandline		: StopWebsite "MNet"
donderdag 26 november 2020 21:01:33 - Commandline		: StopWebsite "MWebBvb"
donderdag 26 november 2020 21:01:33 - Commandline		: StopService "World Wide Web Publishing Service"
donderdag 26 november 2020 21:01:33 - Commandline		: RemoveDirectory "C:\WINDOWS\Microsoft.NET\Framework\v2.0.50727\Temporary ASP.NET Files\levenaansluitingsverklaring"
donderdag 26 november 2020 21:01:33 - Commandline		: RemoveDirectory "C:\WINDOWS\Microsoft.NET\Framework\v2.0.50727\Temporary ASP.NET Files\levenwijzigingsformulier"
donderdag 26 november 2020 21:01:33 - Commandline		: RemoveDirectory "C:\WINDOWS\Microsoft.NET\Framework\v2.0.50727\Temporary ASP.NET Files\ed"
donderdag 26 november 2020 21:01:33 - Commandline		: RemoveDirectory "C:\WINDOWS\Microsoft.NET\Framework\v2.0.50727\Temporary ASP.NET Files\mercatornet.rmmain"
donderdag 26 november 2020 21:01:33 - Commandline		: RemoveDirectory "C:\WINDOWS\Microsoft.NET\Framework\v2.0.50727\Temporary ASP.NET Files\mercatornet.wsdeploy_3_0"
donderdag 26 november 2020 21:01:33 - Commandline		: RemoveDirectory "C:\WINDOWS\Microsoft.NET\Framework\v2.0.50727\Temporary ASP.NET Files\mercatornet.wsmain"
donderdag 26 november 2020 21:01:33 - Commandline		: RemoveDirectory "C:\WINDOWS\Microsoft.NET\Framework\v2.0.50727\Temporary ASP.NET Files\mercatornet.wsservices"
donderdag 26 november 2020 21:01:33 - Commandline		: RemoveDirectory "C:\WINDOWS\Microsoft.NET\Framework\v2.0.50727\Temporary ASP.NET Files\mercatornet.wstariff"
donderdag 26 november 2020 21:01:33 - Commandline		: RemoveDirectory "C:\WINDOWS\Microsoft.NET\Framework\v2.0.50727\Temporary ASP.NET Files\mercatornetbroker.wsdeploy_3_0"
donderdag 26 november 2020 21:01:33 - Commandline		: RemoveDirectory "C:\WINDOWS\Microsoft.NET\Framework\v2.0.50727\Temporary ASP.NET Files\mercatornetbroker.wsmain"
donderdag 26 november 2020 21:01:34 - Commandline		: RemoveDirectory "C:\WINDOWS\Microsoft.NET\Framework\v2.0.50727\Temporary ASP.NET Files\mercatornethelppages"
donderdag 26 november 2020 21:01:34 - Commandline		: RemoveDirectory "C:\WINDOWS\Microsoft.NET\Framework\v2.0.50727\Temporary ASP.NET Files\scvwebservice"
donderdag 26 november 2020 21:01:34 - Commandline		: EnableWSUSReboot ""
donderdag 26 november 2020 21:01:34 - ================================shw-me-pweb06.balgroupit.com======================================
donderdag 26 november 2020 21:01:35 - ================================shw-me-pweb56.balgroupit.com======================================
donderdag 26 november 2020 21:01:42 - Commandline		: StopAppPool "DefaultAppPool"
donderdag 26 november 2020 21:01:43 - Commandline		: StopAppPool "ED"
donderdag 26 november 2020 21:01:43 - Commandline		: StopAppPool "EmployeeBenefits"
donderdag 26 november 2020 21:01:43 - Commandline		: StopAppPool "EtlLogViewer"
donderdag 26 november 2020 21:01:43 - Commandline		: StopAppPool "LevenAansluitingsverklaring"
donderdag 26 november 2020 21:01:43 - Commandline		: StopAppPool "LevenWijzigingsFormulier"
donderdag 26 november 2020 21:01:43 - Commandline		: StopAppPool "MercatorNet.RMMain"
donderdag 26 november 2020 21:01:43 - Commandline		: StopAppPool "MercatorNet.WSDeploy_3_0"
donderdag 26 november 2020 21:01:43 - Commandline		: StopAppPool "MercatorNet.WSMain"
donderdag 26 november 2020 21:01:43 - Commandline		: StopAppPool "MercatorNet.WSServices"
donderdag 26 november 2020 21:01:43 - Commandline		: StopAppPool "MercatorNet.WSTariff"
donderdag 26 november 2020 21:01:43 - Commandline		: StopAppPool "MercatorNetBroker.WSDeploy_3_0"
donderdag 26 november 2020 21:01:43 - Commandline		: StopAppPool "MercatorNetBroker.WSMain"
donderdag 26 november 2020 21:01:44 - Commandline		: StopAppPool "MercatorWebSite"
donderdag 26 november 2020 21:01:44 - Commandline		: StopAppPool "MyBaloiseBroker"
donderdag 26 november 2020 21:01:44 - Commandline		: StopAppPool "MWebBvb"
donderdag 26 november 2020 21:01:44 - Commandline		: StopAppPool "ScvWebService"
donderdag 26 november 2020 21:01:44 - Commandline		: StopWebsite "OnlineDocuments"
donderdag 26 november 2020 21:01:44 - Commandline		: StopWebsite "MNet"
donderdag 26 november 2020 21:01:44 - Commandline		: StopWebsite "MWebBvb"
donderdag 26 november 2020 21:01:44 - Commandline		: StopService "World Wide Web Publishing Service"
donderdag 26 november 2020 21:01:44 - Commandline		: RemoveDirectory "C:\WINDOWS\Microsoft.NET\Framework\v2.0.50727\Temporary ASP.NET Files\levenaansluitingsverklaring"
donderdag 26 november 2020 21:01:44 - Commandline		: RemoveDirectory "C:\WINDOWS\Microsoft.NET\Framework\v2.0.50727\Temporary ASP.NET Files\levenwijzigingsformulier"
donderdag 26 november 2020 21:01:44 - Commandline		: RemoveDirectory "C:\WINDOWS\Microsoft.NET\Framework\v2.0.50727\Temporary ASP.NET Files\ed"
donderdag 26 november 2020 21:01:45 - Commandline		: RemoveDirectory "C:\WINDOWS\Microsoft.NET\Framework\v2.0.50727\Temporary ASP.NET Files\mercatornet.rmmain"
donderdag 26 november 2020 21:01:45 - Commandline		: RemoveDirectory "C:\WINDOWS\Microsoft.NET\Framework\v2.0.50727\Temporary ASP.NET Files\mercatornet.wsdeploy_3_0"
donderdag 26 november 2020 21:01:45 - Commandline		: RemoveDirectory "C:\WINDOWS\Microsoft.NET\Framework\v2.0.50727\Temporary ASP.NET Files\mercatornet.wsmain"
donderdag 26 november 2020 21:01:45 - Commandline		: RemoveDirectory "C:\WINDOWS\Microsoft.NET\Framework\v2.0.50727\Temporary ASP.NET Files\mercatornet.wsservices"
donderdag 26 november 2020 21:01:45 - Commandline		: RemoveDirectory "C:\WINDOWS\Microsoft.NET\Framework\v2.0.50727\Temporary ASP.NET Files\mercatornet.wstariff"
donderdag 26 november 2020 21:01:45 - Commandline		: RemoveDirectory "C:\WINDOWS\Microsoft.NET\Framework\v2.0.50727\Temporary ASP.NET Files\mercatornetbroker.wsdeploy_3_0"
donderdag 26 november 2020 21:01:45 - Commandline		: RemoveDirectory "C:\WINDOWS\Microsoft.NET\Framework\v2.0.50727\Temporary ASP.NET Files\mercatornetbroker.wsmain"
donderdag 26 november 2020 21:01:45 - Commandline		: RemoveDirectory "C:\WINDOWS\Microsoft.NET\Framework\v2.0.50727\Temporary ASP.NET Files\mercatornethelppages"
donderdag 26 november 2020 21:01:45 - Commandline		: RemoveDirectory "C:\WINDOWS\Microsoft.NET\Framework\v2.0.50727\Temporary ASP.NET Files\scvwebservice"
donderdag 26 november 2020 21:01:45 - Commandline		: EnableWSUSReboot ""
donderdag 26 november 2020 21:01:45 - ================================shw-me-pweb56.balgroupit.com======================================
donderdag 26 november 2020 21:01:46 - ================================svw-be-adlibp01.balgroupit.com======================================
donderdag 26 november 2020 21:01:54 - Commandline		: EnableWSUSReboot ""
donderdag 26 november 2020 21:01:54 - ================================svw-be-adlibp01.balgroupit.com======================================
donderdag 26 november 2020 21:01:55 - ================================svw-be-adlibp02.balgroupit.com======================================
donderdag 26 november 2020 21:01:56 - Commandline		: EnableWSUSReboot ""
donderdag 26 november 2020 21:01:56 - ================================svw-be-adlibp02.balgroupit.com======================================
donderdag 26 november 2020 21:01:57 - ================================svw-be-adlibp03.balgroupit.com======================================
donderdag 26 november 2020 21:02:05 - Commandline		: EnableWSUSReboot ""
donderdag 26 november 2020 21:02:05 - ================================svw-be-adlibp03.balgroupit.com======================================
donderdag 26 november 2020 21:02:06 - ================================svw-be-adlibp04.balgroupit.com======================================
donderdag 26 november 2020 21:02:07 - Commandline		: EnableWSUSReboot ""
donderdag 26 november 2020 21:02:07 - ================================svw-be-adlibp04.balgroupit.com======================================
donderdag 26 november 2020 21:02:09 - ================================svw-be-adlibp05.balgroupit.com======================================
donderdag 26 november 2020 21:02:13 - Commandline		: EnableWSUSReboot ""
donderdag 26 november 2020 21:02:14 - ================================svw-be-adlibp05.balgroupit.com======================================
donderdag 26 november 2020 21:02:15 - ================================svw-be-adlibp06.balgroupit.com======================================
donderdag 26 november 2020 21:02:20 - Commandline		: EnableWSUSReboot ""
donderdag 26 november 2020 21:02:20 - ================================svw-be-adlibp06.balgroupit.com======================================
donderdag 26 november 2020 21:02:21 - ================================svw-be-adlibp07.balgroupit.com======================================
donderdag 26 november 2020 21:02:25 - Commandline		: EnableWSUSReboot ""
donderdag 26 november 2020 21:02:25 - ================================svw-be-adlibp07.balgroupit.com======================================
donderdag 26 november 2020 21:02:26 - ================================svw-be-dmsp001.balgroupit.com======================================
donderdag 26 november 2020 21:02:34 - Commandline		: EnableWSUSReboot ""
donderdag 26 november 2020 21:02:34 - ================================svw-be-dmsp001.balgroupit.com======================================
donderdag 26 november 2020 21:02:35 - ================================svw-be-dmsp002.balgroupit.com======================================
donderdag 26 november 2020 21:02:42 - Commandline		: EnableWSUSReboot ""
donderdag 26 november 2020 21:02:42 - ================================svw-be-dmsp002.balgroupit.com======================================
donderdag 26 november 2020 21:02:46 - ================================svw-be-dmsp03.balgroupit.com======================================
donderdag 26 november 2020 21:02:54 - Commandline		: EnableWSUSReboot ""
donderdag 26 november 2020 21:02:54 - Commandline		: StopService "Execute360 Archive Manager"
donderdag 26 november 2020 21:03:05 - ================================svw-be-dmsp03.balgroupit.com======================================
donderdag 26 november 2020 21:03:06 - ================================dms-bp01.balgroupit.com======================================
donderdag 26 november 2020 21:03:07 - Commandline		: EnableWSUSReboot ""
donderdag 26 november 2020 21:03:07 - ================================dms-bp01.balgroupit.com======================================
donderdag 26 november 2020 21:03:08 - ================================dms-bp01-file.balgroupit.com======================================
donderdag 26 november 2020 21:03:09 - Commandline		: EnableWSUSReboot ""
donderdag 26 november 2020 21:03:09 - ================================dms-bp01-file.balgroupit.com======================================
donderdag 26 november 2020 21:03:10 - ================================dms-bp01-g360.balgroupit.com======================================
donderdag 26 november 2020 21:03:11 - Commandline		: EnableWSUSReboot ""
donderdag 26 november 2020 21:03:11 - ================================dms-bp01-g360.balgroupit.com======================================
donderdag 26 november 2020 21:03:12 - ================================SVW-BE-WEBFP001.balgroupit.com======================================
donderdag 26 november 2020 21:03:20 - Commandline		: StopAppPool "DefaultAppPool"
donderdag 26 november 2020 21:03:20 - Commandline		: StopAppPool "ED"
donderdag 26 november 2020 21:03:20 - Commandline		: StopAppPool "EmployeeBenefits"
donderdag 26 november 2020 21:03:20 - Commandline		: StopAppPool "EtlLogViewer"
donderdag 26 november 2020 21:03:20 - Commandline		: StopAppPool "LevenAansluitingsverklaring"
donderdag 26 november 2020 21:03:20 - Commandline		: StopAppPool "LevenWijzigingsFormulier"
donderdag 26 november 2020 21:03:20 - Commandline		: StopAppPool "MercatorNet.RMMain"
donderdag 26 november 2020 21:03:20 - Commandline		: StopAppPool "MercatorNet.WSDeploy_3_0"
donderdag 26 november 2020 21:03:20 - Commandline		: StopAppPool "MercatorNet.WSMain"
donderdag 26 november 2020 21:03:20 - Commandline		: StopAppPool "MercatorNet.WSServices"
donderdag 26 november 2020 21:03:21 - Commandline		: StopAppPool "MercatorNet.WSTariff"
donderdag 26 november 2020 21:03:21 - Commandline		: StopAppPool "MercatorNetBroker.WSDeploy_3_0"
donderdag 26 november 2020 21:03:21 - Commandline		: StopAppPool "MercatorNetBroker.WSMain"
donderdag 26 november 2020 21:03:21 - Commandline		: StopAppPool "MercatorWebSite"
donderdag 26 november 2020 21:03:21 - Commandline		: StopAppPool "MyBaloiseBroker"
donderdag 26 november 2020 21:03:21 - Commandline		: StopAppPool "MyBaloiseInternal"
donderdag 26 november 2020 21:03:21 - Commandline		: StopAppPool "MWebBvb"
donderdag 26 november 2020 21:03:21 - Commandline		: StopAppPool "ScvWebService"
donderdag 26 november 2020 21:03:21 - Commandline		: StopWebsite "OnlineDocuments"
donderdag 26 november 2020 21:03:21 - Commandline		: StopWebsite "MNet"
donderdag 26 november 2020 21:03:21 - Commandline		: StopWebsite "MWebBvb"
donderdag 26 november 2020 21:03:21 - Commandline		: StopService "World Wide Web Publishing Service"
donderdag 26 november 2020 21:03:22 - Commandline		: RemoveDirectory "C:\WINDOWS\Microsoft.NET\Framework\v2.0.50727\Temporary ASP.NET Files\levenaansluitingsverklaring"
donderdag 26 november 2020 21:03:22 - Commandline		: RemoveDirectory "C:\WINDOWS\Microsoft.NET\Framework\v2.0.50727\Temporary ASP.NET Files\levenwijzigingsformulier"
donderdag 26 november 2020 21:03:22 - Commandline		: RemoveDirectory "C:\WINDOWS\Microsoft.NET\Framework\v2.0.50727\Temporary ASP.NET Files\ed"
donderdag 26 november 2020 21:03:22 - Commandline		: RemoveDirectory "C:\WINDOWS\Microsoft.NET\Framework\v2.0.50727\Temporary ASP.NET Files\mercatornet.rmmain"
donderdag 26 november 2020 21:03:22 - Commandline		: RemoveDirectory "C:\WINDOWS\Microsoft.NET\Framework\v2.0.50727\Temporary ASP.NET Files\mercatornet.wsdeploy_3_0"
donderdag 26 november 2020 21:03:22 - Commandline		: RemoveDirectory "C:\WINDOWS\Microsoft.NET\Framework\v2.0.50727\Temporary ASP.NET Files\mercatornet.wsmain"
donderdag 26 november 2020 21:03:22 - Commandline		: RemoveDirectory "C:\WINDOWS\Microsoft.NET\Framework\v2.0.50727\Temporary ASP.NET Files\mercatornet.wsservices"
donderdag 26 november 2020 21:03:22 - Commandline		: RemoveDirectory "C:\WINDOWS\Microsoft.NET\Framework\v2.0.50727\Temporary ASP.NET Files\mercatornet.wstariff"
donderdag 26 november 2020 21:03:22 - Commandline		: RemoveDirectory "C:\WINDOWS\Microsoft.NET\Framework\v2.0.50727\Temporary ASP.NET Files\mercatornetbroker.wsdeploy_3_0"
donderdag 26 november 2020 21:03:22 - Commandline		: RemoveDirectory "C:\WINDOWS\Microsoft.NET\Framework\v2.0.50727\Temporary ASP.NET Files\mercatornetbroker.wsmain"
donderdag 26 november 2020 21:03:22 - Commandline		: RemoveDirectory "C:\WINDOWS\Microsoft.NET\Framework\v2.0.50727\Temporary ASP.NET Files\mercatornethelppages"
donderdag 26 november 2020 21:03:22 - Commandline		: RemoveDirectory "C:\WINDOWS\Microsoft.NET\Framework\v2.0.50727\Temporary ASP.NET Files\scvwebservice"
donderdag 26 november 2020 21:03:22 - Commandline		: EnableWSUSReboot ""
donderdag 26 november 2020 21:03:22 - ================================SVW-BE-WEBFP001.balgroupit.com======================================
donderdag 26 november 2020 21:03:23 - ================================SVW-BE-WEBFP002.balgroupit.com======================================
donderdag 26 november 2020 21:03:31 - Commandline		: StopAppPool "DefaultAppPool"
donderdag 26 november 2020 21:03:31 - Commandline		: StopAppPool "ED"
donderdag 26 november 2020 21:03:31 - Commandline		: StopAppPool "EmployeeBenefits"
donderdag 26 november 2020 21:03:31 - Commandline		: StopAppPool "EtlLogViewer"
donderdag 26 november 2020 21:03:31 - Commandline		: StopAppPool "LevenAansluitingsverklaring"
donderdag 26 november 2020 21:03:31 - Commandline		: StopAppPool "LevenWijzigingsFormulier"
donderdag 26 november 2020 21:03:31 - Commandline		: StopAppPool "MercatorNet.RMMain"
donderdag 26 november 2020 21:03:31 - Commandline		: StopAppPool "MercatorNet.WSDeploy_3_0"
donderdag 26 november 2020 21:03:31 - Commandline		: StopAppPool "MercatorNet.WSMain"
donderdag 26 november 2020 21:03:31 - Commandline		: StopAppPool "MercatorNet.WSServices"
donderdag 26 november 2020 21:03:31 - Commandline		: StopAppPool "MercatorNet.WSTariff"
donderdag 26 november 2020 21:03:32 - Commandline		: StopAppPool "MercatorNetBroker.WSDeploy_3_0"
donderdag 26 november 2020 21:03:32 - Commandline		: StopAppPool "MercatorNetBroker.WSMain"
donderdag 26 november 2020 21:03:32 - Commandline		: StopAppPool "MercatorWebSite"
donderdag 26 november 2020 21:03:32 - Commandline		: StopAppPool "MyBaloiseBroker"
donderdag 26 november 2020 21:03:32 - Commandline		: StopAppPool "MyBaloiseInternal"
donderdag 26 november 2020 21:03:32 - Commandline		: StopAppPool "MWebBvb"
donderdag 26 november 2020 21:03:32 - Commandline		: StopAppPool "ScvWebService"
donderdag 26 november 2020 21:03:32 - Commandline		: StopWebsite "OnlineDocuments"
donderdag 26 november 2020 21:03:32 - Commandline		: StopWebsite "MNet"
donderdag 26 november 2020 21:03:32 - Commandline		: StopWebsite "MWebBvb"
donderdag 26 november 2020 21:03:33 - Commandline		: StopService "World Wide Web Publishing Service"
donderdag 26 november 2020 21:03:33 - Commandline		: RemoveDirectory "C:\WINDOWS\Microsoft.NET\Framework\v2.0.50727\Temporary ASP.NET Files\levenaansluitingsverklaring"
donderdag 26 november 2020 21:03:33 - Commandline		: RemoveDirectory "C:\WINDOWS\Microsoft.NET\Framework\v2.0.50727\Temporary ASP.NET Files\levenwijzigingsformulier"
donderdag 26 november 2020 21:03:33 - Commandline		: RemoveDirectory "C:\WINDOWS\Microsoft.NET\Framework\v2.0.50727\Temporary ASP.NET Files\ed"
donderdag 26 november 2020 21:03:33 - Commandline		: RemoveDirectory "C:\WINDOWS\Microsoft.NET\Framework\v2.0.50727\Temporary ASP.NET Files\mercatornet.rmmain"
donderdag 26 november 2020 21:03:33 - Commandline		: RemoveDirectory "C:\WINDOWS\Microsoft.NET\Framework\v2.0.50727\Temporary ASP.NET Files\mercatornet.wsdeploy_3_0"
donderdag 26 november 2020 21:03:33 - Commandline		: RemoveDirectory "C:\WINDOWS\Microsoft.NET\Framework\v2.0.50727\Temporary ASP.NET Files\mercatornet.wsmain"
donderdag 26 november 2020 21:03:33 - Commandline		: RemoveDirectory "C:\WINDOWS\Microsoft.NET\Framework\v2.0.50727\Temporary ASP.NET Files\mercatornet.wsservices"
donderdag 26 november 2020 21:03:33 - Commandline		: RemoveDirectory "C:\WINDOWS\Microsoft.NET\Framework\v2.0.50727\Temporary ASP.NET Files\mercatornet.wstariff"
donderdag 26 november 2020 21:03:33 - Commandline		: RemoveDirectory "C:\WINDOWS\Microsoft.NET\Framework\v2.0.50727\Temporary ASP.NET Files\mercatornetbroker.wsdeploy_3_0"
donderdag 26 november 2020 21:03:33 - Commandline		: RemoveDirectory "C:\WINDOWS\Microsoft.NET\Framework\v2.0.50727\Temporary ASP.NET Files\mercatornetbroker.wsmain"
donderdag 26 november 2020 21:03:33 - Commandline		: RemoveDirectory "C:\WINDOWS\Microsoft.NET\Framework\v2.0.50727\Temporary ASP.NET Files\mercatornethelppages"
donderdag 26 november 2020 21:03:33 - Commandline		: RemoveDirectory "C:\WINDOWS\Microsoft.NET\Framework\v2.0.50727\Temporary ASP.NET Files\scvwebservice"
donderdag 26 november 2020 21:03:33 - Commandline		: EnableWSUSReboot ""
donderdag 26 november 2020 21:03:33 - ================================SVW-BE-WEBFP002.balgroupit.com======================================
donderdag 26 november 2020 21:03:34 - ================================SVW-BE-WEBFP003.balgroupit.com======================================
donderdag 26 november 2020 21:03:41 - Commandline		: StopAppPool "DefaultAppPool"
donderdag 26 november 2020 21:03:41 - Commandline		: StopAppPool "ED"
donderdag 26 november 2020 21:03:41 - Commandline		: StopAppPool "EmployeeBenefits"
donderdag 26 november 2020 21:03:41 - Commandline		: StopAppPool "EtlLogViewer"
donderdag 26 november 2020 21:03:41 - Commandline		: StopAppPool "LevenAansluitingsverklaring"
donderdag 26 november 2020 21:03:42 - Commandline		: StopAppPool "LevenWijzigingsFormulier"
donderdag 26 november 2020 21:03:42 - Commandline		: StopAppPool "MercatorNet.RMMain"
donderdag 26 november 2020 21:03:42 - Commandline		: StopAppPool "MercatorNet.WSDeploy_3_0"
donderdag 26 november 2020 21:03:42 - Commandline		: StopAppPool "MercatorNet.WSMain"
donderdag 26 november 2020 21:03:42 - Commandline		: StopAppPool "MercatorNet.WSServices"
donderdag 26 november 2020 21:03:42 - Commandline		: StopAppPool "MercatorNet.WSTariff"
donderdag 26 november 2020 21:03:42 - Commandline		: StopAppPool "MercatorNetBroker.WSDeploy_3_0"
donderdag 26 november 2020 21:03:42 - Commandline		: StopAppPool "MercatorNetBroker.WSMain"
donderdag 26 november 2020 21:03:42 - Commandline		: StopAppPool "MercatorWebSite"
donderdag 26 november 2020 21:03:42 - Commandline		: StopAppPool "MyBaloiseBroker"
donderdag 26 november 2020 21:03:42 - Commandline		: StopAppPool "MyBaloiseInternal"
donderdag 26 november 2020 21:03:42 - Commandline		: StopAppPool "MWebBvb"
donderdag 26 november 2020 21:03:42 - Commandline		: StopAppPool "ScvWebService"
donderdag 26 november 2020 21:03:42 - Commandline		: StopWebsite "OnlineDocuments"
donderdag 26 november 2020 21:03:43 - Commandline		: StopWebsite "MNet"
donderdag 26 november 2020 21:03:43 - Commandline		: StopWebsite "MWebBvb"
donderdag 26 november 2020 21:03:43 - Commandline		: StopService "World Wide Web Publishing Service"
donderdag 26 november 2020 21:03:43 - Commandline		: RemoveDirectory "C:\WINDOWS\Microsoft.NET\Framework\v2.0.50727\Temporary ASP.NET Files\levenaansluitingsverklaring"
donderdag 26 november 2020 21:03:43 - Commandline		: RemoveDirectory "C:\WINDOWS\Microsoft.NET\Framework\v2.0.50727\Temporary ASP.NET Files\levenwijzigingsformulier"
donderdag 26 november 2020 21:03:43 - Commandline		: RemoveDirectory "C:\WINDOWS\Microsoft.NET\Framework\v2.0.50727\Temporary ASP.NET Files\ed"
donderdag 26 november 2020 21:03:43 - Commandline		: RemoveDirectory "C:\WINDOWS\Microsoft.NET\Framework\v2.0.50727\Temporary ASP.NET Files\mercatornet.rmmain"
donderdag 26 november 2020 21:03:43 - Commandline		: RemoveDirectory "C:\WINDOWS\Microsoft.NET\Framework\v2.0.50727\Temporary ASP.NET Files\mercatornet.wsdeploy_3_0"
donderdag 26 november 2020 21:03:43 - Commandline		: RemoveDirectory "C:\WINDOWS\Microsoft.NET\Framework\v2.0.50727\Temporary ASP.NET Files\mercatornet.wsmain"
donderdag 26 november 2020 21:03:43 - Commandline		: RemoveDirectory "C:\WINDOWS\Microsoft.NET\Framework\v2.0.50727\Temporary ASP.NET Files\mercatornet.wsservices"
donderdag 26 november 2020 21:03:43 - Commandline		: RemoveDirectory "C:\WINDOWS\Microsoft.NET\Framework\v2.0.50727\Temporary ASP.NET Files\mercatornet.wstariff"
donderdag 26 november 2020 21:03:43 - Commandline		: RemoveDirectory "C:\WINDOWS\Microsoft.NET\Framework\v2.0.50727\Temporary ASP.NET Files\mercatornetbroker.wsdeploy_3_0"
donderdag 26 november 2020 21:03:43 - Commandline		: RemoveDirectory "C:\WINDOWS\Microsoft.NET\Framework\v2.0.50727\Temporary ASP.NET Files\mercatornetbroker.wsmain"
donderdag 26 november 2020 21:03:43 - Commandline		: RemoveDirectory "C:\WINDOWS\Microsoft.NET\Framework\v2.0.50727\Temporary ASP.NET Files\mercatornethelppages"
donderdag 26 november 2020 21:03:43 - Commandline		: RemoveDirectory "C:\WINDOWS\Microsoft.NET\Framework\v2.0.50727\Temporary ASP.NET Files\scvwebservice"
donderdag 26 november 2020 21:03:43 - Commandline		: EnableWSUSReboot ""
donderdag 26 november 2020 21:03:43 - ================================SVW-BE-WEBFP003.balgroupit.com======================================
donderdag 26 november 2020 21:03:44 - ================================SVW-BE-WEBFP004.balgroupit.com======================================
donderdag 26 november 2020 21:03:51 - Commandline		: StopAppPool "DefaultAppPool"
donderdag 26 november 2020 21:03:52 - Commandline		: StopAppPool "ED"
donderdag 26 november 2020 21:03:52 - Commandline		: StopAppPool "EmployeeBenefits"
donderdag 26 november 2020 21:03:52 - Commandline		: StopAppPool "EtlLogViewer"
donderdag 26 november 2020 21:03:52 - Commandline		: StopAppPool "LevenAansluitingsverklaring"
donderdag 26 november 2020 21:03:52 - Commandline		: StopAppPool "LevenWijzigingsFormulier"
donderdag 26 november 2020 21:03:52 - Commandline		: StopAppPool "MercatorNet.RMMain"
donderdag 26 november 2020 21:03:52 - Commandline		: StopAppPool "MercatorNet.WSDeploy_3_0"
donderdag 26 november 2020 21:03:52 - Commandline		: StopAppPool "MercatorNet.WSMain"
donderdag 26 november 2020 21:03:52 - Commandline		: StopAppPool "MercatorNet.WSServices"
donderdag 26 november 2020 21:03:52 - Commandline		: StopAppPool "MercatorNet.WSTariff"
donderdag 26 november 2020 21:03:52 - Commandline		: StopAppPool "MercatorNetBroker.WSDeploy_3_0"
donderdag 26 november 2020 21:03:52 - Commandline		: StopAppPool "MercatorNetBroker.WSMain"
donderdag 26 november 2020 21:03:52 - Commandline		: StopAppPool "MercatorWebSite"
donderdag 26 november 2020 21:03:53 - Commandline		: StopAppPool "MyBaloiseBroker"
donderdag 26 november 2020 21:03:53 - Commandline		: StopAppPool "MyBaloiseInternal"
donderdag 26 november 2020 21:03:53 - Commandline		: StopAppPool "MWebBvb"
donderdag 26 november 2020 21:03:53 - Commandline		: StopAppPool "ScvWebService"
donderdag 26 november 2020 21:03:53 - Commandline		: StopWebsite "OnlineDocuments"
donderdag 26 november 2020 21:03:53 - Commandline		: StopWebsite "MNet"
donderdag 26 november 2020 21:03:53 - Commandline		: StopWebsite "MWebBvb"
donderdag 26 november 2020 21:03:53 - Commandline		: StopService "World Wide Web Publishing Service"
donderdag 26 november 2020 21:03:53 - Commandline		: RemoveDirectory "C:\WINDOWS\Microsoft.NET\Framework\v2.0.50727\Temporary ASP.NET Files\levenaansluitingsverklaring"
donderdag 26 november 2020 21:03:53 - Commandline		: RemoveDirectory "C:\WINDOWS\Microsoft.NET\Framework\v2.0.50727\Temporary ASP.NET Files\levenwijzigingsformulier"
donderdag 26 november 2020 21:03:53 - Commandline		: RemoveDirectory "C:\WINDOWS\Microsoft.NET\Framework\v2.0.50727\Temporary ASP.NET Files\ed"
donderdag 26 november 2020 21:03:53 - Commandline		: RemoveDirectory "C:\WINDOWS\Microsoft.NET\Framework\v2.0.50727\Temporary ASP.NET Files\mercatornet.rmmain"
donderdag 26 november 2020 21:03:53 - Commandline		: RemoveDirectory "C:\WINDOWS\Microsoft.NET\Framework\v2.0.50727\Temporary ASP.NET Files\mercatornet.wsdeploy_3_0"
donderdag 26 november 2020 21:03:53 - Commandline		: RemoveDirectory "C:\WINDOWS\Microsoft.NET\Framework\v2.0.50727\Temporary ASP.NET Files\mercatornet.wsmain"
donderdag 26 november 2020 21:03:53 - Commandline		: RemoveDirectory "C:\WINDOWS\Microsoft.NET\Framework\v2.0.50727\Temporary ASP.NET Files\mercatornet.wsservices"
donderdag 26 november 2020 21:03:53 - Commandline		: RemoveDirectory "C:\WINDOWS\Microsoft.NET\Framework\v2.0.50727\Temporary ASP.NET Files\mercatornet.wstariff"
donderdag 26 november 2020 21:03:53 - Commandline		: RemoveDirectory "C:\WINDOWS\Microsoft.NET\Framework\v2.0.50727\Temporary ASP.NET Files\mercatornetbroker.wsdeploy_3_0"
donderdag 26 november 2020 21:03:54 - Commandline		: RemoveDirectory "C:\WINDOWS\Microsoft.NET\Framework\v2.0.50727\Temporary ASP.NET Files\mercatornetbroker.wsmain"
donderdag 26 november 2020 21:03:54 - Commandline		: RemoveDirectory "C:\WINDOWS\Microsoft.NET\Framework\v2.0.50727\Temporary ASP.NET Files\mercatornethelppages"
donderdag 26 november 2020 21:03:54 - Commandline		: RemoveDirectory "C:\WINDOWS\Microsoft.NET\Framework\v2.0.50727\Temporary ASP.NET Files\scvwebservice"
donderdag 26 november 2020 21:03:54 - Commandline		: EnableWSUSReboot ""
donderdag 26 november 2020 21:03:54 - ================================SVW-BE-WEBFP004.balgroupit.com======================================
donderdag 26 november 2020 21:03:54 - ================================svw-be-bizp001.balgroupit.com======================================
donderdag 26 november 2020 21:04:02 - Commandline		: StopService "Mercator Managed File Transfer"
donderdag 26 november 2020 21:04:02 - Commandline		: StopService "Mercator Esb Process Initializer"
donderdag 26 november 2020 21:04:02 - Commandline		: EnableWSUSReboot ""
donderdag 26 november 2020 21:04:03 - ================================svw-be-bizp001.balgroupit.com======================================
donderdag 26 november 2020 21:04:03 - ================================svw-be-bizp002.balgroupit.com======================================
donderdag 26 november 2020 21:04:11 - Commandline		: StopService "Mercator Managed File Transfer"
donderdag 26 november 2020 21:04:11 - Commandline		: StopService "Mercator Esb Process Initializer"
donderdag 26 november 2020 21:04:11 - Commandline		: EnableWSUSReboot ""
donderdag 26 november 2020 21:04:11 - ================================svw-be-bizp002.balgroupit.com======================================
donderdag 26 november 2020 21:04:12 - ================================svw-be-bizp003.balgroupit.com======================================
donderdag 26 november 2020 21:04:19 - Commandline		: StopService "Mercator Managed File Transfer"
donderdag 26 november 2020 21:04:20 - Commandline		: StopService "Mercator Esb Process Initializer"
donderdag 26 november 2020 21:04:20 - Commandline		: EnableWSUSReboot ""
donderdag 26 november 2020 21:04:20 - ================================svw-be-bizp003.balgroupit.com======================================
donderdag 26 november 2020 21:04:21 - ================================svw-be-bizp004.balgroupit.com======================================
donderdag 26 november 2020 21:04:35 - Commandline		: StopService "Mercator Managed File Transfer"
donderdag 26 november 2020 21:04:35 - Commandline		: StopService "Mercator Esb Process Initializer"
donderdag 26 november 2020 21:04:36 - Commandline		: EnableWSUSReboot ""
donderdag 26 november 2020 21:04:36 - ================================svw-be-bizp004.balgroupit.com======================================
donderdag 26 november 2020 21:04:37 - ================================svw-be-portp01.balgroupit.com======================================
donderdag 26 november 2020 21:04:44 - Commandline		: stopAppPool "AL2AppPool64v2"
donderdag 26 november 2020 21:04:45 - Commandline		: stopAppPool "ALAppPool64v2"
donderdag 26 november 2020 21:04:45 - Commandline		: StopWebsite "WCI"
donderdag 26 november 2020 21:04:45 - Commandline		: StopWebsite "Default Web Site"
donderdag 26 november 2020 21:04:45 - Commandline		: EnableWSUSReboot ""
donderdag 26 november 2020 21:04:45 - ================================svw-be-portp01.balgroupit.com======================================
donderdag 26 november 2020 21:04:46 - ================================svw-be-portp03.balgroupit.com======================================
donderdag 26 november 2020 21:04:54 - Commandline		: stopAppPool "ALAppPool64v2"
donderdag 26 november 2020 21:04:55 - Commandline		: stopAppPool "Pool2"
donderdag 26 november 2020 21:04:55 - Commandline		: stopAppPool "Mercator.Portal.Portlets"
donderdag 26 november 2020 21:04:55 - Commandline		: stopAppPool "Mercator.Portal.WebService"
donderdag 26 november 2020 21:04:55 - Commandline		: stopAppPool "PortalASP"
donderdag 26 november 2020 21:04:55 - Commandline		: StopWebsite "WCI"
donderdag 26 november 2020 21:04:55 - Commandline		: StopWebsite "Default Web Site"
donderdag 26 november 2020 21:04:55 - Commandline		: StopWebsite "MercatorPortalWebService"
donderdag 26 november 2020 21:04:55 - Commandline		: StopService "Mercator.Portal.Scheduler"
donderdag 26 november 2020 21:04:58 - Commandline		: EnableWSUSReboot ""
donderdag 26 november 2020 21:04:58 - ================================svw-be-portp03.balgroupit.com======================================
donderdag 26 november 2020 21:04:58 - ================================svw-be-babsp001.balgroupit.com======================================
donderdag 26 november 2020 21:05:05 - Commandline		: EnableWSUSReboot ""
donderdag 26 november 2020 21:05:06 - ================================svw-be-babsp001.balgroupit.com======================================
donderdag 26 november 2020 21:05:06 - ================================svw-be-babsp002.balgroupit.com======================================
donderdag 26 november 2020 21:05:13 - Commandline		: EnableWSUSReboot ""
donderdag 26 november 2020 21:05:13 - ================================svw-be-babsp002.balgroupit.com======================================
donderdag 26 november 2020 21:05:14 - ================================svw-be-babbp001.balgroupit.com======================================
donderdag 26 november 2020 21:05:15 - Commandline		: StopService "Baloise BaloiseBackendBatch"
donderdag 26 november 2020 21:05:15 - Commandline		: EnableWSUSReboot ""
donderdag 26 november 2020 21:05:15 - ================================svw-be-babbp001.balgroupit.com======================================
donderdag 26 november 2020 21:05:16 - ================================svw-be-babbp002.balgroupit.com======================================
donderdag 26 november 2020 21:05:17 - Commandline		: StopService "Baloise BaloiseBackendBatch"
donderdag 26 november 2020 21:05:17 - Commandline		: EnableWSUSReboot ""
donderdag 26 november 2020 21:05:17 - ================================svw-be-babbp002.balgroupit.com======================================
donderdag 26 november 2020 21:05:18 - ================================svw-be-mftp001.balgroupit.com======================================
donderdag 26 november 2020 21:05:20 - Commandline		: StopService "Mercator Managed File Transfer"
donderdag 26 november 2020 21:05:21 - Commandline		: EnableWSUSReboot ""
donderdag 26 november 2020 21:05:21 - ================================svw-be-mftp001.balgroupit.com======================================
donderdag 26 november 2020 21:05:22 - ================================svw-be-mftp002.balgroupit.com======================================
donderdag 26 november 2020 21:05:22 - Commandline		: StopService "Mercator Managed File Transfer"
donderdag 26 november 2020 21:05:22 - Commandline		: EnableWSUSReboot ""
donderdag 26 november 2020 21:05:23 - ================================svw-be-mftp002.balgroupit.com======================================
