donderdag 1 april 2021 21:16:04 - READING XML File :  \\balgroupit.com\appl_data\BBE\Transfer\Packages\Scripts\WSUS\Pcorp\Pcorp_Start_All.xml
donderdag 1 april 2021 21:16:04 - 
donderdag 1 april 2021 21:16:05 - ================================svw-be-signp001.balgroupit.com======================================
donderdag 1 april 2021 21:16:05 - Commandline		: RestartService "Portima BrokerSign"
donderdag 1 april 2021 21:16:06 - ================================svw-be-signp001.balgroupit.com======================================
donderdag 1 april 2021 21:16:06 - ================================shw-me-pweb06.balgroupit.com======================================
donderdag 1 april 2021 21:16:06 -  shw-me-pweb06.balgroupit.com remote session could not be created.
donderdag 1 april 2021 21:16:06 - ================================shw-me-pweb06.balgroupit.com======================================
donderdag 1 april 2021 21:16:06 - ================================shw-me-pweb56.balgroupit.com======================================
donderdag 1 april 2021 21:16:06 -  shw-me-pweb56.balgroupit.com remote session could not be created.
donderdag 1 april 2021 21:16:06 - ================================shw-me-pweb56.balgroupit.com======================================
donderdag 1 april 2021 21:16:06 - ================================svw-be-webp02.balgroupit.com======================================
donderdag 1 april 2021 21:16:09 - Commandline		: DisableWSUSReboot ""
donderdag 1 april 2021 21:16:09 - Commandline		: StartService "World Wide Web Publishing Service"
donderdag 1 april 2021 21:16:09 - Commandline		: StartAppPool "DefaultAppPool"
donderdag 1 april 2021 21:16:09 - Commandline		: StartAppPool "MNet"
donderdag 1 april 2021 21:16:09 - Commandline		: StartAppPool "BaloiseBackend"
donderdag 1 april 2021 21:16:09 - Commandline		: StartAppPool "CDS"
donderdag 1 april 2021 21:16:09 - Commandline		: StartAppPool "Mercator.EAI.Framework.WebServices"
donderdag 1 april 2021 21:16:09 - Commandline		: StartAppPool "Mercator.Eai.Tools.Wsc"
donderdag 1 april 2021 21:16:09 - Commandline		: StartAppPool "Mercator.Portima"
donderdag 1 april 2021 21:16:10 - Commandline		: StartAppPool "Mercator.Portima.Monitoring"
donderdag 1 april 2021 21:16:10 - Commandline		: StartAppPool "MercatorNet.BoServices"
donderdag 1 april 2021 21:16:10 - Commandline		: StartAppPool "WSDms"
donderdag 1 april 2021 21:16:10 - Commandline		: StartAppPool "WSDmsDataRepository"
donderdag 1 april 2021 21:16:10 - Commandline		: StartWebsite "DmsDataRepository"
donderdag 1 april 2021 21:16:10 - Commandline		: StartWebsite "MNet"
donderdag 1 april 2021 21:16:10 - Commandline		: StartService "Steria's Dispatcher Service"
donderdag 1 april 2021 21:16:10 - Commandline		: StartService "Mercator Document Delivery"
donderdag 1 april 2021 21:16:11 - Commandline		: StartService "Mercator Document Generation"
donderdag 1 april 2021 21:16:11 - Commandline		: StartService "Mercator Organization Data"
donderdag 1 april 2021 21:16:12 - Commandline		: StartService "Mercator DMS Pdf Conversion Call"
donderdag 1 april 2021 21:16:12 - Commandline		: StartService "Mercator Document Management System Service"
donderdag 1 april 2021 21:16:12 - Commandline		: StartService "Mercator Document Management System Async Service"
donderdag 1 april 2021 21:16:12 - Commandline		: StartService "Mercator Document Management System Batch Avero Service"
donderdag 1 april 2021 21:16:12 - Commandline		: StartService "BaloiseDmsBatchService"
donderdag 1 april 2021 21:16:12 - Commandline		: StartService "Mercator Document Store"
donderdag 1 april 2021 21:16:12 - Commandline		: StartService "Mercator Xpim Document Store"
donderdag 1 april 2021 21:16:12 - Commandline		: StartService "Mercator DMS MailImport Service"
donderdag 1 april 2021 21:16:12 - Commandline		: StartService "Mercator DMS Import Portima Attachments"
donderdag 1 april 2021 21:16:13 - Commandline		: StartService "Mercator DMS Bulk Insert"
donderdag 1 april 2021 21:16:13 - Commandline		: StartService "Baloise CentralDataStore"
donderdag 1 april 2021 21:16:16 - Commandline		: StartService "Baloise SyncTaskToDMS"
donderdag 1 april 2021 21:16:17 - Commandline		: StartService "Baloise BaloiseBackendBatch"
donderdag 1 april 2021 21:16:17 - Commandline		: StartService "MercatorNET SCV Batch Service"
donderdag 1 april 2021 21:16:22 - Commandline		: StartService "Mercator.Integration.EAI.3.9.Listener"
donderdag 1 april 2021 21:16:22 - ================================svw-be-webp02.balgroupit.com======================================
donderdag 1 april 2021 21:16:22 - ================================svw-be-webp03.balgroupit.com======================================
donderdag 1 april 2021 21:16:24 - Commandline		: DisableWSUSReboot ""
donderdag 1 april 2021 21:16:24 - Commandline		: StartService "World Wide Web Publishing Service"
donderdag 1 april 2021 21:16:25 - Commandline		: StartAppPool "DefaultAppPool"
donderdag 1 april 2021 21:16:25 - Commandline		: StartAppPool "MNet"
donderdag 1 april 2021 21:16:25 - Commandline		: StartAppPool "BaloiseBackend"
donderdag 1 april 2021 21:16:25 - Commandline		: StartAppPool "CDS"
donderdag 1 april 2021 21:16:25 - Commandline		: StartAppPool "Mercator.EAI.Framework.WebServices"
donderdag 1 april 2021 21:16:25 - Commandline		: StartAppPool "Mercator.Eai.Tools.Wsc"
donderdag 1 april 2021 21:16:25 - Commandline		: StartAppPool "Mercator.Portima"
donderdag 1 april 2021 21:16:25 - Commandline		: StartAppPool "Mercator.Portima.Monitoring"
donderdag 1 april 2021 21:16:25 - Commandline		: StartAppPool "MercatorNet.BoServices"
donderdag 1 april 2021 21:16:25 - Commandline		: StartAppPool "WSDms"
donderdag 1 april 2021 21:16:25 - Commandline		: StartAppPool "WSDmsDataRepository"
donderdag 1 april 2021 21:16:25 - Commandline		: StartWebsite "DmsDataRepository"
donderdag 1 april 2021 21:16:26 - Commandline		: StartWebsite "MNet"
donderdag 1 april 2021 21:16:26 - Commandline		: StartService "Steria's Dispatcher Service"
donderdag 1 april 2021 21:16:26 - Commandline		: StartService "Mercator Document Delivery"
donderdag 1 april 2021 21:16:26 - Commandline		: StartService "Mercator Document Generation"
donderdag 1 april 2021 21:16:26 - Commandline		: StartService "Mercator Organization Data"
donderdag 1 april 2021 21:16:26 - Commandline		: StartService "Mercator DMS Pdf Conversion Call"
donderdag 1 april 2021 21:16:27 - Commandline		: StartService "Mercator Document Management System Service"
donderdag 1 april 2021 21:16:28 - Commandline		: StartService "Mercator Document Management System Async Service"
donderdag 1 april 2021 21:16:28 - Commandline		: StartService "Mercator Document Management System Batch Avero Service"
donderdag 1 april 2021 21:16:29 - Commandline		: StartService "BaloiseDmsBatchService"
donderdag 1 april 2021 21:16:29 - Commandline		: StartService "Mercator Document Store"
donderdag 1 april 2021 21:16:29 - Commandline		: StartService "Mercator Xpim Document Store"
donderdag 1 april 2021 21:16:29 - Commandline		: StartService "Mercator DMS MailImport Service"
donderdag 1 april 2021 21:16:29 - Commandline		: StartService "Mercator DMS Import Portima Attachments"
donderdag 1 april 2021 21:16:30 - Commandline		: StartService "Mercator DMS Bulk Insert"
donderdag 1 april 2021 21:16:31 - Commandline		: StartService "Baloise Central Data Store"
donderdag 1 april 2021 21:16:31 - Commandline		: StartService "Baloise SyncTaskToDMS"
donderdag 1 april 2021 21:16:31 - Commandline		: StartService "Baloise Backend"
donderdag 1 april 2021 21:16:31 - Commandline		: StartService "MercatorNET SCV Batch Service"
donderdag 1 april 2021 21:16:32 - Commandline		: StartService "Mercator.Integration.EAI.3.9.Listener"
donderdag 1 april 2021 21:16:32 - ================================svw-be-webp03.balgroupit.com======================================
donderdag 1 april 2021 21:16:32 - ================================svw-be-eaip01.balgroupit.com======================================
donderdag 1 april 2021 21:16:32 - Commandline		: DisableWSUSReboot ""
donderdag 1 april 2021 21:16:32 - Commandline		: StartService "mercator.eai.docservice"
donderdag 1 april 2021 21:16:34 - ================================svw-be-eaip01.balgroupit.com======================================
donderdag 1 april 2021 21:16:34 - ================================svw-be-eaip04.balgroupit.com======================================
donderdag 1 april 2021 21:16:35 - Commandline		: DisableWSUSReboot ""
donderdag 1 april 2021 21:16:35 - Commandline		: StartService "mercator.eai.docservice"
donderdag 1 april 2021 21:16:36 - ================================svw-be-eaip04.balgroupit.com======================================
donderdag 1 april 2021 21:16:37 - ================================svw-be-eaip05.balgroupit.com======================================
donderdag 1 april 2021 21:16:37 - Commandline		: DisableWSUSReboot ""
donderdag 1 april 2021 21:16:37 - Commandline		: StartService "mercator.eai.docservice"
donderdag 1 april 2021 21:16:39 - ================================svw-be-eaip05.balgroupit.com======================================
donderdag 1 april 2021 21:16:39 - ================================svw-be-adlibp01.balgroupit.com======================================
donderdag 1 april 2021 21:16:42 - Commandline		: DisableWsusReboot ""
donderdag 1 april 2021 21:16:42 - ================================svw-be-adlibp01.balgroupit.com======================================
donderdag 1 april 2021 21:16:42 - ================================svw-be-adlibp02.balgroupit.com======================================
donderdag 1 april 2021 21:16:43 - Commandline		: DisableWsusReboot ""
donderdag 1 april 2021 21:16:43 - ================================svw-be-adlibp02.balgroupit.com======================================
donderdag 1 april 2021 21:16:43 - ================================svw-be-adlibp03.balgroupit.com======================================
donderdag 1 april 2021 21:16:46 - Commandline		: DisableWsusReboot ""
donderdag 1 april 2021 21:16:46 - ================================svw-be-adlibp03.balgroupit.com======================================
donderdag 1 april 2021 21:16:46 - ================================svw-be-adlibp04.balgroupit.com======================================
donderdag 1 april 2021 21:16:46 - Commandline		: DisableWsusReboot ""
donderdag 1 april 2021 21:16:47 - ================================svw-be-adlibp04.balgroupit.com======================================
donderdag 1 april 2021 21:16:47 - ================================svw-be-adlibp05.balgroupit.com======================================
donderdag 1 april 2021 21:16:48 - Commandline		: DisableWsusReboot ""
donderdag 1 april 2021 21:16:49 - ================================svw-be-adlibp05.balgroupit.com======================================
donderdag 1 april 2021 21:16:49 - ================================svw-be-adlibp06.balgroupit.com======================================
donderdag 1 april 2021 21:16:50 - Commandline		: DisableWsusReboot ""
donderdag 1 april 2021 21:16:50 - ================================svw-be-adlibp06.balgroupit.com======================================
donderdag 1 april 2021 21:16:51 - ================================svw-be-adlibp07.balgroupit.com======================================
donderdag 1 april 2021 21:16:52 - Commandline		: DisableWsusReboot ""
donderdag 1 april 2021 21:16:52 - ================================svw-be-adlibp07.balgroupit.com======================================
donderdag 1 april 2021 21:16:53 - ================================svw-be-dmsp001.balgroupit.com======================================
donderdag 1 april 2021 21:16:59 - Commandline		: DisableWsusReboot ""
donderdag 1 april 2021 21:16:59 - ================================svw-be-dmsp001.balgroupit.com======================================
donderdag 1 april 2021 21:17:00 - ================================svw-be-dmsp002.balgroupit.com======================================
donderdag 1 april 2021 21:17:06 - Commandline		: DisableWsusReboot ""
donderdag 1 april 2021 21:17:06 - ================================svw-be-dmsp002.balgroupit.com======================================
donderdag 1 april 2021 21:17:07 - ================================svw-be-dmsp03.balgroupit.com======================================
donderdag 1 april 2021 21:17:11 - Commandline		: DisableWsusReboot ""
donderdag 1 april 2021 21:17:11 - Commandline		: StartService "Execute360 Archive Manager"
donderdag 1 april 2021 21:17:17 - ================================svw-be-dmsp03.balgroupit.com======================================
donderdag 1 april 2021 21:17:17 - ================================dms-bp01.balgroupit.com======================================
donderdag 1 april 2021 21:17:18 - Commandline		: DisableWsusReboot ""
donderdag 1 april 2021 21:17:18 - ================================dms-bp01.balgroupit.com======================================
donderdag 1 april 2021 21:17:18 - ================================dms-bp01-file.balgroupit.com======================================
donderdag 1 april 2021 21:17:19 - Commandline		: DisableWsusReboot ""
donderdag 1 april 2021 21:17:19 - ================================dms-bp01-file.balgroupit.com======================================
donderdag 1 april 2021 21:17:19 - ================================dms-bp01-g360.balgroupit.com======================================
donderdag 1 april 2021 21:17:20 - Commandline		: DisableWsusReboot ""
donderdag 1 april 2021 21:17:20 - ================================dms-bp01-g360.balgroupit.com======================================
donderdag 1 april 2021 21:17:20 - ================================SVW-BE-WEBFP001.balgroupit.com======================================
donderdag 1 april 2021 21:17:22 - Commandline		: DisableWSUSReboot ""
donderdag 1 april 2021 21:17:23 - Commandline		: StartService "World Wide Web Publishing Service"
donderdag 1 april 2021 21:17:23 - Commandline		: StartWebsite "OnlineDocuments"
donderdag 1 april 2021 21:17:23 - Commandline		: StartWebsite "MNet"
donderdag 1 april 2021 21:17:23 - Commandline		: StartWebsite "MWebBvb"
donderdag 1 april 2021 21:17:23 - Commandline		: StartAppPool "DefaultAppPool"
donderdag 1 april 2021 21:17:23 - Commandline		: StartAppPool "ED"
donderdag 1 april 2021 21:17:23 - Commandline		: StartAppPool "EmployeeBenefits"
donderdag 1 april 2021 21:17:23 - Commandline		: StartAppPool "EtlLogViewer"
donderdag 1 april 2021 21:17:23 - Commandline		: StartAppPool "LevenAansluitingsverklaring"
donderdag 1 april 2021 21:17:23 - Commandline		: StartAppPool "LevenWijzigingsFormulier"
donderdag 1 april 2021 21:17:23 - Commandline		: StartAppPool "MercatorNet.RMMain"
donderdag 1 april 2021 21:17:23 - Commandline		: StartAppPool "MercatorNet.WSDeploy_3_0"
donderdag 1 april 2021 21:17:23 - Commandline		: StartAppPool "MercatorNet.WSMain"
donderdag 1 april 2021 21:17:24 - Commandline		: StartAppPool "MercatorNet.WSServices"
donderdag 1 april 2021 21:17:24 - Commandline		: StartAppPool "MercatorNet.WSTariff"
donderdag 1 april 2021 21:17:24 - Commandline		: StartAppPool "MercatorNetBroker.WSDeploy_3_0"
donderdag 1 april 2021 21:17:24 - Commandline		: StartAppPool "MercatorNetBroker.WSMain"
donderdag 1 april 2021 21:17:24 - Commandline		: StartAppPool "MercatorWebSite"
donderdag 1 april 2021 21:17:24 - Commandline		: StartAppPool "MyBaloiseBroker"
donderdag 1 april 2021 21:17:24 - Commandline		: StartAppPool "MyBaloiseInternal"
donderdag 1 april 2021 21:17:24 - Commandline		: StartAppPool "MWebBvb"
donderdag 1 april 2021 21:17:24 - Commandline		: StartAppPool "ScvWebService"
donderdag 1 april 2021 21:17:24 - ================================SVW-BE-WEBFP001.balgroupit.com======================================
donderdag 1 april 2021 21:17:25 - ================================SVW-BE-WEBFP002.balgroupit.com======================================
donderdag 1 april 2021 21:17:27 - Commandline		: DisableWSUSReboot ""
donderdag 1 april 2021 21:17:27 - Commandline		: StartService "World Wide Web Publishing Service"
donderdag 1 april 2021 21:17:27 - Commandline		: StartWebsite "OnlineDocuments"
donderdag 1 april 2021 21:17:27 - Commandline		: StartWebsite "MNet"
donderdag 1 april 2021 21:17:27 - Commandline		: StartWebsite "MWebBvb"
donderdag 1 april 2021 21:17:27 - Commandline		: StartAppPool "DefaultAppPool"
donderdag 1 april 2021 21:17:28 - Commandline		: StartAppPool "ED"
donderdag 1 april 2021 21:17:28 - Commandline		: StartAppPool "EmployeeBenefits"
donderdag 1 april 2021 21:17:28 - Commandline		: StartAppPool "EtlLogViewer"
donderdag 1 april 2021 21:17:28 - Commandline		: StartAppPool "LevenAansluitingsverklaring"
donderdag 1 april 2021 21:17:28 - Commandline		: StartAppPool "LevenWijzigingsFormulier"
donderdag 1 april 2021 21:17:28 - Commandline		: StartAppPool "MercatorNet.RMMain"
donderdag 1 april 2021 21:17:28 - Commandline		: StartAppPool "MercatorNet.WSDeploy_3_0"
donderdag 1 april 2021 21:17:28 - Commandline		: StartAppPool "MercatorNet.WSMain"
donderdag 1 april 2021 21:17:28 - Commandline		: StartAppPool "MercatorNet.WSServices"
donderdag 1 april 2021 21:17:28 - Commandline		: StartAppPool "MercatorNet.WSTariff"
donderdag 1 april 2021 21:17:28 - Commandline		: StartAppPool "MercatorNetBroker.WSDeploy_3_0"
donderdag 1 april 2021 21:17:28 - Commandline		: StartAppPool "MercatorNetBroker.WSMain"
donderdag 1 april 2021 21:17:28 - Commandline		: StartAppPool "MercatorWebSite"
donderdag 1 april 2021 21:17:29 - Commandline		: StartAppPool "MyBaloiseBroker"
donderdag 1 april 2021 21:17:29 - Commandline		: StartAppPool "MyBaloiseInternal"
donderdag 1 april 2021 21:17:29 - Commandline		: StartAppPool "MWebBvb"
donderdag 1 april 2021 21:17:29 - Commandline		: StartAppPool "ScvWebService"
donderdag 1 april 2021 21:17:29 - ================================SVW-BE-WEBFP002.balgroupit.com======================================
donderdag 1 april 2021 21:17:29 - ================================SVW-BE-WEBFP003.balgroupit.com======================================
donderdag 1 april 2021 21:17:32 - Commandline		: DisableWSUSReboot ""
donderdag 1 april 2021 21:17:32 - Commandline		: StartService "World Wide Web Publishing Service"
donderdag 1 april 2021 21:17:32 - Commandline		: StartWebsite "OnlineDocuments"
donderdag 1 april 2021 21:17:32 - Commandline		: StartWebsite "MNet"
donderdag 1 april 2021 21:17:32 - Commandline		: StartWebsite "MWebBvb"
donderdag 1 april 2021 21:17:32 - Commandline		: StartAppPool "DefaultAppPool"
donderdag 1 april 2021 21:17:32 - Commandline		: StartAppPool "ED"
donderdag 1 april 2021 21:17:32 - Commandline		: StartAppPool "EmployeeBenefits"
donderdag 1 april 2021 21:17:32 - Commandline		: StartAppPool "EtlLogViewer"
donderdag 1 april 2021 21:17:32 - Commandline		: StartAppPool "LevenAansluitingsverklaring"
donderdag 1 april 2021 21:17:32 - Commandline		: StartAppPool "LevenWijzigingsFormulier"
donderdag 1 april 2021 21:17:32 - Commandline		: StartAppPool "MercatorNet.RMMain"
donderdag 1 april 2021 21:17:32 - Commandline		: StartAppPool "MercatorNet.WSDeploy_3_0"
donderdag 1 april 2021 21:17:33 - Commandline		: StartAppPool "MercatorNet.WSMain"
donderdag 1 april 2021 21:17:33 - Commandline		: StartAppPool "MercatorNet.WSServices"
donderdag 1 april 2021 21:17:33 - Commandline		: StartAppPool "MercatorNet.WSTariff"
donderdag 1 april 2021 21:17:33 - Commandline		: StartAppPool "MercatorNetBroker.WSDeploy_3_0"
donderdag 1 april 2021 21:17:33 - Commandline		: StartAppPool "MercatorNetBroker.WSMain"
donderdag 1 april 2021 21:17:33 - Commandline		: StartAppPool "MercatorWebSite"
donderdag 1 april 2021 21:17:33 - Commandline		: StartAppPool "MyBaloiseBroker"
donderdag 1 april 2021 21:17:33 - Commandline		: StartAppPool "MyBaloiseInternal"
donderdag 1 april 2021 21:17:33 - Commandline		: StartAppPool "MWebBvb"
donderdag 1 april 2021 21:17:33 - Commandline		: StartAppPool "ScvWebService"
donderdag 1 april 2021 21:17:33 - ================================SVW-BE-WEBFP003.balgroupit.com======================================
donderdag 1 april 2021 21:17:34 - ================================SVW-BE-WEBFP004.balgroupit.com======================================
donderdag 1 april 2021 21:17:36 - Commandline		: DisableWSUSReboot ""
donderdag 1 april 2021 21:17:36 - Commandline		: StartService "World Wide Web Publishing Service"
donderdag 1 april 2021 21:17:36 - Commandline		: StartWebsite "OnlineDocuments"
donderdag 1 april 2021 21:17:36 - Commandline		: StartWebsite "MNet"
donderdag 1 april 2021 21:17:36 - Commandline		: StartWebsite "MWebBvb"
donderdag 1 april 2021 21:17:36 - Commandline		: StartAppPool "DefaultAppPool"
donderdag 1 april 2021 21:17:36 - Commandline		: StartAppPool "ED"
donderdag 1 april 2021 21:17:37 - Commandline		: StartAppPool "EmployeeBenefits"
donderdag 1 april 2021 21:17:37 - Commandline		: StartAppPool "EtlLogViewer"
donderdag 1 april 2021 21:17:37 - Commandline		: StartAppPool "LevenAansluitingsverklaring"
donderdag 1 april 2021 21:17:37 - Commandline		: StartAppPool "LevenWijzigingsFormulier"
donderdag 1 april 2021 21:17:37 - Commandline		: StartAppPool "MercatorNet.RMMain"
donderdag 1 april 2021 21:17:37 - Commandline		: StartAppPool "MercatorNet.WSDeploy_3_0"
donderdag 1 april 2021 21:17:37 - Commandline		: StartAppPool "MercatorNet.WSMain"
donderdag 1 april 2021 21:17:37 - Commandline		: StartAppPool "MercatorNet.WSServices"
donderdag 1 april 2021 21:17:37 - Commandline		: StartAppPool "MercatorNet.WSTariff"
donderdag 1 april 2021 21:17:37 - Commandline		: StartAppPool "MercatorNetBroker.WSDeploy_3_0"
donderdag 1 april 2021 21:17:37 - Commandline		: StartAppPool "MercatorNetBroker.WSMain"
donderdag 1 april 2021 21:17:37 - Commandline		: StartAppPool "MercatorWebSite"
donderdag 1 april 2021 21:17:37 - Commandline		: StartAppPool "MyBaloiseBroker"
donderdag 1 april 2021 21:17:37 - Commandline		: StartAppPool "MyBaloiseInternal"
donderdag 1 april 2021 21:17:37 - Commandline		: StartAppPool "MWebBvb"
donderdag 1 april 2021 21:17:38 - Commandline		: StartAppPool "ScvWebService"
donderdag 1 april 2021 21:17:38 - ================================SVW-BE-WEBFP004.balgroupit.com======================================
donderdag 1 april 2021 21:17:38 - ================================svw-be-bizp001.balgroupit.com======================================
donderdag 1 april 2021 21:17:44 - Commandline		: DisableWSUSReboot ""
donderdag 1 april 2021 21:17:44 - Commandline		: StartService "Mercator Managed File Transfer"
donderdag 1 april 2021 21:17:46 - Commandline		: StartService "Mercator Esb Process Initializer"
donderdag 1 april 2021 21:17:47 - ================================svw-be-bizp001.balgroupit.com======================================
donderdag 1 april 2021 21:17:47 - ================================svw-be-bizp002.balgroupit.com======================================
donderdag 1 april 2021 21:17:53 - Commandline		: DisableWSUSReboot ""
donderdag 1 april 2021 21:17:53 - Commandline		: StartService "Mercator Managed File Transfer"
donderdag 1 april 2021 21:17:56 - Commandline		: StartService "Mercator Esb Process Initializer"
donderdag 1 april 2021 21:17:56 - ================================svw-be-bizp002.balgroupit.com======================================
donderdag 1 april 2021 21:17:57 - ================================svw-be-bizp003.balgroupit.com======================================
donderdag 1 april 2021 21:18:02 - Commandline		: DisableWSUSReboot ""
donderdag 1 april 2021 21:18:02 - Commandline		: StartService "Mercator Managed File Transfer"
donderdag 1 april 2021 21:18:05 - Commandline		: StartService "Mercator Esb Process Initializer"
donderdag 1 april 2021 21:18:05 - ================================svw-be-bizp003.balgroupit.com======================================
donderdag 1 april 2021 21:18:06 - ================================svw-be-bizp004.balgroupit.com======================================
donderdag 1 april 2021 21:18:11 - Commandline		: DisableWSUSReboot ""
donderdag 1 april 2021 21:18:11 - Commandline		: StartService "Mercator Managed File Transfer"
donderdag 1 april 2021 21:18:14 - Commandline		: StartService "Mercator Esb Process Initializer"
donderdag 1 april 2021 21:18:14 - ================================svw-be-bizp004.balgroupit.com======================================
donderdag 1 april 2021 21:18:15 - ================================svw-be-portp01.balgroupit.com======================================
donderdag 1 april 2021 21:18:17 - Commandline		: DisableWSUSReboot ""
donderdag 1 april 2021 21:18:17 - Commandline		: startWebsite "Default Web Site"
donderdag 1 april 2021 21:18:17 - Commandline		: startWebsite "WCI"
donderdag 1 april 2021 21:18:17 - Commandline		: startAppPool "AL2AppPool64v2"
donderdag 1 april 2021 21:18:18 - Commandline		: startAppPool "ALAppPool64v2"
donderdag 1 april 2021 21:18:18 - ================================svw-be-portp01.balgroupit.com======================================
donderdag 1 april 2021 21:18:18 - ================================svw-be-portp03.balgroupit.com======================================
donderdag 1 april 2021 21:18:20 - Commandline		: DisableWSUSReboot ""
donderdag 1 april 2021 21:18:21 - Commandline		: StartService "Mercator.Portal.Scheduler"
donderdag 1 april 2021 21:18:22 - Commandline		: startWebsite "MercatorPortalWebService"
donderdag 1 april 2021 21:18:22 - Commandline		: startWebsite "Default Web Site"
donderdag 1 april 2021 21:18:22 - Commandline		: startWebsite "WCI"
donderdag 1 april 2021 21:18:22 - Commandline		: startAppPool "Pool2"
donderdag 1 april 2021 21:18:23 - Commandline		: startAppPool "Mercator.Portal.Portlets"
donderdag 1 april 2021 21:18:23 - Commandline		: startAppPool "Mercator.Portal.WebService"
donderdag 1 april 2021 21:18:23 - Commandline		: startAppPool "PortalASP"
donderdag 1 april 2021 21:18:23 - Commandline		: startAppPool "ALAppPool64v2"
donderdag 1 april 2021 21:18:23 - ================================svw-be-portp03.balgroupit.com======================================
donderdag 1 april 2021 21:18:23 - ================================svw-be-babsp001.balgroupit.com======================================
donderdag 1 april 2021 21:18:26 - Commandline		: DisableWSUSReboot ""
donderdag 1 april 2021 21:18:26 - ================================svw-be-babsp001.balgroupit.com======================================
donderdag 1 april 2021 21:18:26 - ================================svw-be-babsp002.balgroupit.com======================================
donderdag 1 april 2021 21:18:29 - Commandline		: DisableWSUSReboot ""
donderdag 1 april 2021 21:18:29 - ================================svw-be-babsp002.balgroupit.com======================================
donderdag 1 april 2021 21:18:29 - ================================svw-be-babbp001.balgroupit.com======================================
donderdag 1 april 2021 21:18:30 - Commandline		: DisableWSUSReboot ""
donderdag 1 april 2021 21:18:30 - Commandline		: StartService "Baloise BaloiseBackendBatch"
donderdag 1 april 2021 21:18:34 - ================================svw-be-babbp001.balgroupit.com======================================
donderdag 1 april 2021 21:18:35 - ================================svw-be-babbp002.balgroupit.com======================================
donderdag 1 april 2021 21:18:36 - Commandline		: DisableWSUSReboot ""
donderdag 1 april 2021 21:18:36 - Commandline		: StartService "Baloise BaloiseBackendBatch"
donderdag 1 april 2021 21:18:40 - ================================svw-be-babbp002.balgroupit.com======================================
donderdag 1 april 2021 21:18:40 - ================================svw-be-mftp001.balgroupit.com======================================
donderdag 1 april 2021 21:18:42 - Commandline		: DisableWSUSReboot ""
donderdag 1 april 2021 21:18:42 - Commandline		: StartService "Mercator Managed File Transfer"
donderdag 1 april 2021 21:18:44 - ================================svw-be-mftp001.balgroupit.com======================================
donderdag 1 april 2021 21:18:45 - ================================svw-be-mftp002.balgroupit.com======================================
donderdag 1 april 2021 21:18:45 - Commandline		: DisableWSUSReboot ""
donderdag 1 april 2021 21:18:45 - Commandline		: StartService "Mercator Managed File Transfer"
donderdag 1 april 2021 21:18:48 - ================================svw-be-mftp002.balgroupit.com======================================
