vrijdag 25 juni 2021 4:31:23 - READING XML File :  \\balgroupit.com\appl_data\BBE\Transfer\Packages\Scripts\WSUS\Pcorp\Pcorp_Start_All.xml
vrijdag 25 juni 2021 4:31:23 - 
vrijdag 25 juni 2021 4:31:23 - ================================svw-be-signp001.balgroupit.com======================================
vrijdag 25 juni 2021 4:31:24 - Commandline		: RestartService "Portima BrokerSign"
vrijdag 25 juni 2021 4:31:25 - ================================svw-be-signp001.balgroupit.com======================================
vrijdag 25 juni 2021 4:31:25 - ================================shw-me-pweb06.balgroupit.com======================================
vrijdag 25 juni 2021 4:31:25 -  shw-me-pweb06.balgroupit.com remote session could not be created.
vrijdag 25 juni 2021 4:31:25 - ================================shw-me-pweb06.balgroupit.com======================================
vrijdag 25 juni 2021 4:31:25 - ================================shw-me-pweb56.balgroupit.com======================================
vrijdag 25 juni 2021 4:31:25 -  shw-me-pweb56.balgroupit.com remote session could not be created.
vrijdag 25 juni 2021 4:31:25 - ================================shw-me-pweb56.balgroupit.com======================================
vrijdag 25 juni 2021 4:31:25 - ================================svw-be-webp02.balgroupit.com======================================
vrijdag 25 juni 2021 4:31:26 - Commandline		: DisableWSUSReboot ""
vrijdag 25 juni 2021 4:31:26 - Commandline		: StartService "World Wide Web Publishing Service"
vrijdag 25 juni 2021 4:31:26 - Commandline		: StartAppPool "DefaultAppPool"
vrijdag 25 juni 2021 4:31:26 - Commandline		: StartAppPool "MNet"
vrijdag 25 juni 2021 4:31:26 - Commandline		: StartAppPool "BaloiseBackend"
vrijdag 25 juni 2021 4:31:26 - Commandline		: StartAppPool "CDS"
vrijdag 25 juni 2021 4:31:26 - Commandline		: StartAppPool "Mercator.EAI.Framework.WebServices"
vrijdag 25 juni 2021 4:31:26 - Commandline		: StartAppPool "Mercator.Eai.Tools.Wsc"
vrijdag 25 juni 2021 4:31:26 - Commandline		: StartAppPool "Mercator.Portima"
vrijdag 25 juni 2021 4:31:26 - Commandline		: StartAppPool "Mercator.Portima.Monitoring"
vrijdag 25 juni 2021 4:31:26 - Commandline		: StartAppPool "MercatorNet.BoServices"
vrijdag 25 juni 2021 4:31:27 - Commandline		: StartAppPool "WSDms"
vrijdag 25 juni 2021 4:31:27 - Commandline		: StartAppPool "WSDmsDataRepository"
vrijdag 25 juni 2021 4:31:27 - Commandline		: StartWebsite "DmsDataRepository"
vrijdag 25 juni 2021 4:31:27 - Commandline		: StartWebsite "MNet"
vrijdag 25 juni 2021 4:31:27 - Commandline		: StartService "Steria's Dispatcher Service"
vrijdag 25 juni 2021 4:31:27 - Commandline		: StartService "Mercator Document Delivery"
vrijdag 25 juni 2021 4:31:27 - Commandline		: StartService "Mercator Document Generation"
vrijdag 25 juni 2021 4:31:27 - Commandline		: StartService "Mercator Organization Data"
vrijdag 25 juni 2021 4:31:27 - Commandline		: StartService "Mercator DMS Pdf Conversion Call"
vrijdag 25 juni 2021 4:31:27 - Commandline		: StartService "Mercator Document Management System Service"
vrijdag 25 juni 2021 4:31:27 - Commandline		: StartService "Mercator Document Management System Async Service"
vrijdag 25 juni 2021 4:31:27 - Commandline		: StartService "Mercator Document Management System Batch Avero Service"
vrijdag 25 juni 2021 4:31:27 - Commandline		: StartService "BaloiseDmsBatchService"
vrijdag 25 juni 2021 4:31:27 - Commandline		: StartService "Mercator Document Store"
vrijdag 25 juni 2021 4:31:27 - Commandline		: StartService "Mercator Xpim Document Store"
vrijdag 25 juni 2021 4:31:28 - Commandline		: StartService "Mercator DMS MailImport Service"
vrijdag 25 juni 2021 4:31:28 - Commandline		: StartService "Mercator DMS Import Portima Attachments"
vrijdag 25 juni 2021 4:31:28 - Commandline		: StartService "Mercator DMS Bulk Insert"
vrijdag 25 juni 2021 4:31:28 - Commandline		: StartService "Baloise CentralDataStore"
vrijdag 25 juni 2021 4:31:28 - Commandline		: StartService "Baloise SyncTaskToDMS"
vrijdag 25 juni 2021 4:31:28 - Commandline		: StartService "Baloise BaloiseBackendBatch"
vrijdag 25 juni 2021 4:31:28 - Commandline		: StartService "MercatorNET SCV Batch Service"
vrijdag 25 juni 2021 4:31:28 - Commandline		: StartService "Mercator.Integration.EAI.3.9.Listener"
vrijdag 25 juni 2021 4:31:28 - ================================svw-be-webp02.balgroupit.com======================================
vrijdag 25 juni 2021 4:31:28 - ================================svw-be-webp03.balgroupit.com======================================
vrijdag 25 juni 2021 4:31:29 - Commandline		: DisableWSUSReboot ""
vrijdag 25 juni 2021 4:31:29 - Commandline		: StartService "World Wide Web Publishing Service"
vrijdag 25 juni 2021 4:31:29 - Commandline		: StartAppPool "DefaultAppPool"
vrijdag 25 juni 2021 4:31:29 - Commandline		: StartAppPool "MNet"
vrijdag 25 juni 2021 4:31:29 - Commandline		: StartAppPool "BaloiseBackend"
vrijdag 25 juni 2021 4:31:29 - Commandline		: StartAppPool "CDS"
vrijdag 25 juni 2021 4:31:29 - Commandline		: StartAppPool "Mercator.EAI.Framework.WebServices"
vrijdag 25 juni 2021 4:31:30 - Commandline		: StartAppPool "Mercator.Eai.Tools.Wsc"
vrijdag 25 juni 2021 4:31:30 - Commandline		: StartAppPool "Mercator.Portima"
vrijdag 25 juni 2021 4:31:30 - Commandline		: StartAppPool "Mercator.Portima.Monitoring"
vrijdag 25 juni 2021 4:31:30 - Commandline		: StartAppPool "MercatorNet.BoServices"
vrijdag 25 juni 2021 4:31:30 - Commandline		: StartAppPool "WSDms"
vrijdag 25 juni 2021 4:31:30 - Commandline		: StartAppPool "WSDmsDataRepository"
vrijdag 25 juni 2021 4:31:30 - Commandline		: StartWebsite "DmsDataRepository"
vrijdag 25 juni 2021 4:31:30 - Commandline		: StartWebsite "MNet"
vrijdag 25 juni 2021 4:31:30 - Commandline		: StartService "Steria's Dispatcher Service"
vrijdag 25 juni 2021 4:31:30 - Commandline		: StartService "Mercator Document Delivery"
vrijdag 25 juni 2021 4:31:30 - Commandline		: StartService "Mercator Document Generation"
vrijdag 25 juni 2021 4:31:30 - Commandline		: StartService "Mercator Organization Data"
vrijdag 25 juni 2021 4:31:30 - Commandline		: StartService "Mercator DMS Pdf Conversion Call"
vrijdag 25 juni 2021 4:31:31 - Commandline		: StartService "Mercator Document Management System Service"
vrijdag 25 juni 2021 4:31:31 - Commandline		: StartService "Mercator Document Management System Async Service"
vrijdag 25 juni 2021 4:31:31 - Commandline		: StartService "Mercator Document Management System Batch Avero Service"
vrijdag 25 juni 2021 4:31:31 - Commandline		: StartService "BaloiseDmsBatchService"
vrijdag 25 juni 2021 4:31:31 - Commandline		: StartService "Mercator Document Store"
vrijdag 25 juni 2021 4:31:31 - Commandline		: StartService "Mercator Xpim Document Store"
vrijdag 25 juni 2021 4:31:31 - Commandline		: StartService "Mercator DMS MailImport Service"
vrijdag 25 juni 2021 4:31:31 - Commandline		: StartService "Mercator DMS Import Portima Attachments"
vrijdag 25 juni 2021 4:31:31 - Commandline		: StartService "Mercator DMS Bulk Insert"
vrijdag 25 juni 2021 4:31:31 - Commandline		: StartService "Baloise Central Data Store"
vrijdag 25 juni 2021 4:31:31 - Commandline		: StartService "Baloise SyncTaskToDMS"
vrijdag 25 juni 2021 4:31:31 - Commandline		: StartService "Baloise Backend"
vrijdag 25 juni 2021 4:31:31 - Commandline		: StartService "MercatorNET SCV Batch Service"
vrijdag 25 juni 2021 4:31:31 - Commandline		: StartService "Mercator.Integration.EAI.3.9.Listener"
vrijdag 25 juni 2021 4:31:31 - ================================svw-be-webp03.balgroupit.com======================================
vrijdag 25 juni 2021 4:31:32 - ================================svw-be-eaip01.balgroupit.com======================================
vrijdag 25 juni 2021 4:31:32 - Commandline		: DisableWSUSReboot ""
vrijdag 25 juni 2021 4:31:32 - Commandline		: StartService "mercator.eai.docservice"
vrijdag 25 juni 2021 4:31:32 - ================================svw-be-eaip01.balgroupit.com======================================
vrijdag 25 juni 2021 4:31:33 - ================================svw-be-eaip04.balgroupit.com======================================
vrijdag 25 juni 2021 4:31:33 - Commandline		: DisableWSUSReboot ""
vrijdag 25 juni 2021 4:31:33 - Commandline		: StartService "mercator.eai.docservice"
vrijdag 25 juni 2021 4:31:33 - ================================svw-be-eaip04.balgroupit.com======================================
vrijdag 25 juni 2021 4:31:35 - ================================svw-be-eaip05.balgroupit.com======================================
vrijdag 25 juni 2021 4:31:35 - Commandline		: DisableWSUSReboot ""
vrijdag 25 juni 2021 4:31:36 - Commandline		: StartService "mercator.eai.docservice"
vrijdag 25 juni 2021 4:31:36 - ================================svw-be-eaip05.balgroupit.com======================================
vrijdag 25 juni 2021 4:31:38 - ================================svw-be-adlibp01.balgroupit.com======================================
vrijdag 25 juni 2021 4:31:39 - Commandline		: DisableWsusReboot ""
vrijdag 25 juni 2021 4:31:39 - ================================svw-be-adlibp01.balgroupit.com======================================
vrijdag 25 juni 2021 4:31:40 - ================================svw-be-adlibp02.balgroupit.com======================================
vrijdag 25 juni 2021 4:31:41 - Commandline		: DisableWsusReboot ""
vrijdag 25 juni 2021 4:31:41 - ================================svw-be-adlibp02.balgroupit.com======================================
vrijdag 25 juni 2021 4:31:43 - ================================svw-be-adlibp03.balgroupit.com======================================
vrijdag 25 juni 2021 4:31:44 - Commandline		: DisableWsusReboot ""
vrijdag 25 juni 2021 4:31:44 - ================================svw-be-adlibp03.balgroupit.com======================================
vrijdag 25 juni 2021 4:31:45 - ================================svw-be-adlibp04.balgroupit.com======================================
vrijdag 25 juni 2021 4:31:46 - Commandline		: DisableWsusReboot ""
vrijdag 25 juni 2021 4:31:47 - ================================svw-be-adlibp04.balgroupit.com======================================
vrijdag 25 juni 2021 4:31:48 - ================================svw-be-adlibp05.balgroupit.com======================================
vrijdag 25 juni 2021 4:31:49 - Commandline		: DisableWsusReboot ""
vrijdag 25 juni 2021 4:31:49 - ================================svw-be-adlibp05.balgroupit.com======================================
vrijdag 25 juni 2021 4:31:50 - ================================svw-be-adlibp06.balgroupit.com======================================
vrijdag 25 juni 2021 4:31:51 - Commandline		: DisableWsusReboot ""
vrijdag 25 juni 2021 4:31:51 - ================================svw-be-adlibp06.balgroupit.com======================================
vrijdag 25 juni 2021 4:31:52 - ================================svw-be-adlibp07.balgroupit.com======================================
vrijdag 25 juni 2021 4:31:53 - Commandline		: DisableWsusReboot ""
vrijdag 25 juni 2021 4:31:53 - ================================svw-be-adlibp07.balgroupit.com======================================
vrijdag 25 juni 2021 4:31:53 - ================================svw-be-dmsp001.balgroupit.com======================================
vrijdag 25 juni 2021 4:31:54 - Commandline		: DisableWsusReboot ""
vrijdag 25 juni 2021 4:31:54 - ================================svw-be-dmsp001.balgroupit.com======================================
vrijdag 25 juni 2021 4:31:54 - ================================svw-be-dmsp002.balgroupit.com======================================
vrijdag 25 juni 2021 4:31:55 - Commandline		: DisableWsusReboot ""
vrijdag 25 juni 2021 4:31:55 - ================================svw-be-dmsp002.balgroupit.com======================================
vrijdag 25 juni 2021 4:31:55 - ================================svw-be-dmsp03.balgroupit.com======================================
vrijdag 25 juni 2021 4:31:56 - Commandline		: DisableWsusReboot ""
vrijdag 25 juni 2021 4:31:56 - Commandline		: StartService "Execute360 Archive Manager"
vrijdag 25 juni 2021 4:31:56 - ================================svw-be-dmsp03.balgroupit.com======================================
vrijdag 25 juni 2021 4:31:56 - ================================dms-bp01.balgroupit.com======================================
vrijdag 25 juni 2021 4:31:57 - Commandline		: DisableWsusReboot ""
vrijdag 25 juni 2021 4:31:57 - ================================dms-bp01.balgroupit.com======================================
vrijdag 25 juni 2021 4:31:57 - ================================dms-bp01-file.balgroupit.com======================================
vrijdag 25 juni 2021 4:31:58 - Commandline		: DisableWsusReboot ""
vrijdag 25 juni 2021 4:31:58 - ================================dms-bp01-file.balgroupit.com======================================
vrijdag 25 juni 2021 4:31:58 - ================================dms-bp01-g360.balgroupit.com======================================
vrijdag 25 juni 2021 4:31:59 - Commandline		: DisableWsusReboot ""
vrijdag 25 juni 2021 4:31:59 - ================================dms-bp01-g360.balgroupit.com======================================
vrijdag 25 juni 2021 4:31:59 - ================================SVW-BE-WEBFP001.balgroupit.com======================================
vrijdag 25 juni 2021 4:31:59 - Commandline		: DisableWSUSReboot ""
vrijdag 25 juni 2021 4:31:59 - Commandline		: StartService "World Wide Web Publishing Service"
vrijdag 25 juni 2021 4:31:59 - Commandline		: StartWebsite "OnlineDocuments"
vrijdag 25 juni 2021 4:32:00 - Commandline		: StartWebsite "MNet"
vrijdag 25 juni 2021 4:32:00 - Commandline		: StartWebsite "MWebBvb"
vrijdag 25 juni 2021 4:32:00 - Commandline		: StartAppPool "DefaultAppPool"
vrijdag 25 juni 2021 4:32:00 - Commandline		: StartAppPool "ED"
vrijdag 25 juni 2021 4:32:00 - Commandline		: StartAppPool "EmployeeBenefits"
vrijdag 25 juni 2021 4:32:00 - Commandline		: StartAppPool "EtlLogViewer"
vrijdag 25 juni 2021 4:32:00 - Commandline		: StartAppPool "LevenAansluitingsverklaring"
vrijdag 25 juni 2021 4:32:00 - Commandline		: StartAppPool "LevenWijzigingsFormulier"
vrijdag 25 juni 2021 4:32:00 - Commandline		: StartAppPool "MercatorNet.RMMain"
vrijdag 25 juni 2021 4:32:00 - Commandline		: StartAppPool "MercatorNet.WSDeploy_3_0"
vrijdag 25 juni 2021 4:32:00 - Commandline		: StartAppPool "MercatorNet.WSMain"
vrijdag 25 juni 2021 4:32:00 - Commandline		: StartAppPool "MercatorNet.WSServices"
vrijdag 25 juni 2021 4:32:01 - Commandline		: StartAppPool "MercatorNet.WSTariff"
vrijdag 25 juni 2021 4:32:01 - Commandline		: StartAppPool "MercatorNetBroker.WSDeploy_3_0"
vrijdag 25 juni 2021 4:32:01 - Commandline		: StartAppPool "MercatorNetBroker.WSMain"
vrijdag 25 juni 2021 4:32:01 - Commandline		: StartAppPool "MercatorWebSite"
vrijdag 25 juni 2021 4:32:01 - Commandline		: StartAppPool "MyBaloiseBroker"
vrijdag 25 juni 2021 4:32:01 - Commandline		: StartAppPool "MyBaloiseInternal"
vrijdag 25 juni 2021 4:32:01 - Commandline		: StartAppPool "MWebBvb"
vrijdag 25 juni 2021 4:32:01 - Commandline		: StartAppPool "ScvWebService"
vrijdag 25 juni 2021 4:32:01 - ================================SVW-BE-WEBFP001.balgroupit.com======================================
vrijdag 25 juni 2021 4:32:01 - ================================SVW-BE-WEBFP002.balgroupit.com======================================
vrijdag 25 juni 2021 4:32:02 - Commandline		: DisableWSUSReboot ""
vrijdag 25 juni 2021 4:32:02 - Commandline		: StartService "World Wide Web Publishing Service"
vrijdag 25 juni 2021 4:32:02 - Commandline		: StartWebsite "OnlineDocuments"
vrijdag 25 juni 2021 4:32:02 - Commandline		: StartWebsite "MNet"
vrijdag 25 juni 2021 4:32:02 - Commandline		: StartWebsite "MWebBvb"
vrijdag 25 juni 2021 4:32:02 - Commandline		: StartAppPool "DefaultAppPool"
vrijdag 25 juni 2021 4:32:02 - Commandline		: StartAppPool "ED"
vrijdag 25 juni 2021 4:32:02 - Commandline		: StartAppPool "EmployeeBenefits"
vrijdag 25 juni 2021 4:32:02 - Commandline		: StartAppPool "EtlLogViewer"
vrijdag 25 juni 2021 4:32:02 - Commandline		: StartAppPool "LevenAansluitingsverklaring"
vrijdag 25 juni 2021 4:32:02 - Commandline		: StartAppPool "LevenWijzigingsFormulier"
vrijdag 25 juni 2021 4:32:03 - Commandline		: StartAppPool "MercatorNet.RMMain"
vrijdag 25 juni 2021 4:32:03 - Commandline		: StartAppPool "MercatorNet.WSDeploy_3_0"
vrijdag 25 juni 2021 4:32:03 - Commandline		: StartAppPool "MercatorNet.WSMain"
vrijdag 25 juni 2021 4:32:03 - Commandline		: StartAppPool "MercatorNet.WSServices"
vrijdag 25 juni 2021 4:32:03 - Commandline		: StartAppPool "MercatorNet.WSTariff"
vrijdag 25 juni 2021 4:32:03 - Commandline		: StartAppPool "MercatorNetBroker.WSDeploy_3_0"
vrijdag 25 juni 2021 4:32:03 - Commandline		: StartAppPool "MercatorNetBroker.WSMain"
vrijdag 25 juni 2021 4:32:03 - Commandline		: StartAppPool "MercatorWebSite"
vrijdag 25 juni 2021 4:32:03 - Commandline		: StartAppPool "MyBaloiseBroker"
vrijdag 25 juni 2021 4:32:03 - Commandline		: StartAppPool "MyBaloiseInternal"
vrijdag 25 juni 2021 4:32:03 - Commandline		: StartAppPool "MWebBvb"
vrijdag 25 juni 2021 4:32:03 - Commandline		: StartAppPool "ScvWebService"
vrijdag 25 juni 2021 4:32:03 - ================================SVW-BE-WEBFP002.balgroupit.com======================================
vrijdag 25 juni 2021 4:32:04 - ================================SVW-BE-WEBFP003.balgroupit.com======================================
vrijdag 25 juni 2021 4:32:04 - Commandline		: DisableWSUSReboot ""
vrijdag 25 juni 2021 4:32:04 - Commandline		: StartService "World Wide Web Publishing Service"
vrijdag 25 juni 2021 4:32:04 - Commandline		: StartWebsite "OnlineDocuments"
vrijdag 25 juni 2021 4:32:04 - Commandline		: StartWebsite "MNet"
vrijdag 25 juni 2021 4:32:04 - Commandline		: StartWebsite "MWebBvb"
vrijdag 25 juni 2021 4:32:05 - Commandline		: StartAppPool "DefaultAppPool"
vrijdag 25 juni 2021 4:32:05 - Commandline		: StartAppPool "ED"
vrijdag 25 juni 2021 4:32:05 - Commandline		: StartAppPool "EmployeeBenefits"
vrijdag 25 juni 2021 4:32:05 - Commandline		: StartAppPool "EtlLogViewer"
vrijdag 25 juni 2021 4:32:05 - Commandline		: StartAppPool "LevenAansluitingsverklaring"
vrijdag 25 juni 2021 4:32:05 - Commandline		: StartAppPool "LevenWijzigingsFormulier"
vrijdag 25 juni 2021 4:32:05 - Commandline		: StartAppPool "MercatorNet.RMMain"
vrijdag 25 juni 2021 4:32:05 - Commandline		: StartAppPool "MercatorNet.WSDeploy_3_0"
vrijdag 25 juni 2021 4:32:05 - Commandline		: StartAppPool "MercatorNet.WSMain"
vrijdag 25 juni 2021 4:32:05 - Commandline		: StartAppPool "MercatorNet.WSServices"
vrijdag 25 juni 2021 4:32:05 - Commandline		: StartAppPool "MercatorNet.WSTariff"
vrijdag 25 juni 2021 4:32:05 - Commandline		: StartAppPool "MercatorNetBroker.WSDeploy_3_0"
vrijdag 25 juni 2021 4:32:05 - Commandline		: StartAppPool "MercatorNetBroker.WSMain"
vrijdag 25 juni 2021 4:32:06 - Commandline		: StartAppPool "MercatorWebSite"
vrijdag 25 juni 2021 4:32:06 - Commandline		: StartAppPool "MyBaloiseBroker"
vrijdag 25 juni 2021 4:32:06 - Commandline		: StartAppPool "MyBaloiseInternal"
vrijdag 25 juni 2021 4:32:06 - Commandline		: StartAppPool "MWebBvb"
vrijdag 25 juni 2021 4:32:06 - Commandline		: StartAppPool "ScvWebService"
vrijdag 25 juni 2021 4:32:06 - ================================SVW-BE-WEBFP003.balgroupit.com======================================
vrijdag 25 juni 2021 4:32:06 - ================================SVW-BE-WEBFP004.balgroupit.com======================================
vrijdag 25 juni 2021 4:32:06 - Commandline		: DisableWSUSReboot ""
vrijdag 25 juni 2021 4:32:07 - Commandline		: StartService "World Wide Web Publishing Service"
vrijdag 25 juni 2021 4:32:07 - Commandline		: StartWebsite "OnlineDocuments"
vrijdag 25 juni 2021 4:32:07 - Commandline		: StartWebsite "MNet"
vrijdag 25 juni 2021 4:32:07 - Commandline		: StartWebsite "MWebBvb"
vrijdag 25 juni 2021 4:32:07 - Commandline		: StartAppPool "DefaultAppPool"
vrijdag 25 juni 2021 4:32:07 - Commandline		: StartAppPool "ED"
vrijdag 25 juni 2021 4:32:07 - Commandline		: StartAppPool "EmployeeBenefits"
vrijdag 25 juni 2021 4:32:07 - Commandline		: StartAppPool "EtlLogViewer"
vrijdag 25 juni 2021 4:32:07 - Commandline		: StartAppPool "LevenAansluitingsverklaring"
vrijdag 25 juni 2021 4:32:07 - Commandline		: StartAppPool "LevenWijzigingsFormulier"
vrijdag 25 juni 2021 4:32:07 - Commandline		: StartAppPool "MercatorNet.RMMain"
vrijdag 25 juni 2021 4:32:07 - Commandline		: StartAppPool "MercatorNet.WSDeploy_3_0"
vrijdag 25 juni 2021 4:32:08 - Commandline		: StartAppPool "MercatorNet.WSMain"
vrijdag 25 juni 2021 4:32:08 - Commandline		: StartAppPool "MercatorNet.WSServices"
vrijdag 25 juni 2021 4:32:08 - Commandline		: StartAppPool "MercatorNet.WSTariff"
vrijdag 25 juni 2021 4:32:08 - Commandline		: StartAppPool "MercatorNetBroker.WSDeploy_3_0"
vrijdag 25 juni 2021 4:32:08 - Commandline		: StartAppPool "MercatorNetBroker.WSMain"
vrijdag 25 juni 2021 4:32:08 - Commandline		: StartAppPool "MercatorWebSite"
vrijdag 25 juni 2021 4:32:08 - Commandline		: StartAppPool "MyBaloiseBroker"
vrijdag 25 juni 2021 4:32:08 - Commandline		: StartAppPool "MyBaloiseInternal"
vrijdag 25 juni 2021 4:32:08 - Commandline		: StartAppPool "MWebBvb"
vrijdag 25 juni 2021 4:32:08 - Commandline		: StartAppPool "ScvWebService"
vrijdag 25 juni 2021 4:32:08 - ================================SVW-BE-WEBFP004.balgroupit.com======================================
vrijdag 25 juni 2021 4:32:09 - ================================svw-be-bizp001.balgroupit.com======================================
vrijdag 25 juni 2021 4:32:09 - Commandline		: DisableWSUSReboot ""
vrijdag 25 juni 2021 4:32:09 - Commandline		: StartService "Mercator Managed File Transfer"
vrijdag 25 juni 2021 4:32:09 - Commandline		: StartService "Mercator Esb Process Initializer"
vrijdag 25 juni 2021 4:32:09 - ================================svw-be-bizp001.balgroupit.com======================================
vrijdag 25 juni 2021 4:32:10 - ================================svw-be-bizp002.balgroupit.com======================================
vrijdag 25 juni 2021 4:32:11 - Commandline		: DisableWSUSReboot ""
vrijdag 25 juni 2021 4:32:11 - Commandline		: StartService "Mercator Managed File Transfer"
vrijdag 25 juni 2021 4:32:11 - Commandline		: StartService "Mercator Esb Process Initializer"
vrijdag 25 juni 2021 4:32:11 - ================================svw-be-bizp002.balgroupit.com======================================
vrijdag 25 juni 2021 4:32:11 - ================================svw-be-bizp003.balgroupit.com======================================
vrijdag 25 juni 2021 4:32:12 - Commandline		: DisableWSUSReboot ""
vrijdag 25 juni 2021 4:32:12 - Commandline		: StartService "Mercator Managed File Transfer"
vrijdag 25 juni 2021 4:32:12 - Commandline		: StartService "Mercator Esb Process Initializer"
vrijdag 25 juni 2021 4:32:12 - ================================svw-be-bizp003.balgroupit.com======================================
vrijdag 25 juni 2021 4:32:12 - ================================svw-be-bizp004.balgroupit.com======================================
vrijdag 25 juni 2021 4:32:13 - Commandline		: DisableWSUSReboot ""
vrijdag 25 juni 2021 4:32:13 - Commandline		: StartService "Mercator Managed File Transfer"
vrijdag 25 juni 2021 4:32:13 - Commandline		: StartService "Mercator Esb Process Initializer"
vrijdag 25 juni 2021 4:32:13 - ================================svw-be-bizp004.balgroupit.com======================================
vrijdag 25 juni 2021 4:32:15 - ================================svw-be-portp01.balgroupit.com======================================
vrijdag 25 juni 2021 4:32:16 - Commandline		: DisableWSUSReboot ""
vrijdag 25 juni 2021 4:32:16 - Commandline		: startWebsite "Default Web Site"
vrijdag 25 juni 2021 4:32:17 - Commandline		: startWebsite "WCI"
vrijdag 25 juni 2021 4:32:17 - Commandline		: startAppPool "AL2AppPool64v2"
vrijdag 25 juni 2021 4:32:17 - Commandline		: startAppPool "ALAppPool64v2"
vrijdag 25 juni 2021 4:32:17 - ================================svw-be-portp01.balgroupit.com======================================
vrijdag 25 juni 2021 4:32:17 - ================================svw-be-portp03.balgroupit.com======================================
vrijdag 25 juni 2021 4:32:18 - Commandline		: DisableWSUSReboot ""
vrijdag 25 juni 2021 4:32:18 - Commandline		: StartService "Mercator.Portal.Scheduler"
vrijdag 25 juni 2021 4:32:18 - Commandline		: startWebsite "MercatorPortalWebService"
vrijdag 25 juni 2021 4:32:18 - Commandline		: startWebsite "Default Web Site"
vrijdag 25 juni 2021 4:32:18 - Commandline		: startWebsite "WCI"
vrijdag 25 juni 2021 4:32:18 - Commandline		: startAppPool "Pool2"
vrijdag 25 juni 2021 4:32:18 - Commandline		: startAppPool "Mercator.Portal.Portlets"
vrijdag 25 juni 2021 4:32:18 - Commandline		: startAppPool "Mercator.Portal.WebService"
vrijdag 25 juni 2021 4:32:18 - Commandline		: startAppPool "PortalASP"
vrijdag 25 juni 2021 4:32:18 - Commandline		: startAppPool "ALAppPool64v2"
vrijdag 25 juni 2021 4:32:18 - ================================svw-be-portp03.balgroupit.com======================================
vrijdag 25 juni 2021 4:32:19 - ================================svw-be-babsp001.balgroupit.com======================================
vrijdag 25 juni 2021 4:32:19 - Commandline		: DisableWSUSReboot ""
vrijdag 25 juni 2021 4:32:19 - ================================svw-be-babsp001.balgroupit.com======================================
vrijdag 25 juni 2021 4:32:20 - ================================svw-be-babsp002.balgroupit.com======================================
vrijdag 25 juni 2021 4:32:20 - Commandline		: DisableWSUSReboot ""
vrijdag 25 juni 2021 4:32:20 - ================================svw-be-babsp002.balgroupit.com======================================
vrijdag 25 juni 2021 4:32:21 - ================================svw-be-babbp001.balgroupit.com======================================
vrijdag 25 juni 2021 4:32:21 - Commandline		: DisableWSUSReboot ""
vrijdag 25 juni 2021 4:32:21 - Commandline		: StartService "Baloise BaloiseBackendBatch"
vrijdag 25 juni 2021 4:32:21 - ================================svw-be-babbp001.balgroupit.com======================================
vrijdag 25 juni 2021 4:32:22 - ================================svw-be-babbp002.balgroupit.com======================================
vrijdag 25 juni 2021 4:32:23 - Commandline		: DisableWSUSReboot ""
vrijdag 25 juni 2021 4:32:23 - Commandline		: StartService "Baloise BaloiseBackendBatch"
vrijdag 25 juni 2021 4:32:23 - ================================svw-be-babbp002.balgroupit.com======================================
vrijdag 25 juni 2021 4:32:24 - ================================svw-be-mftp001.balgroupit.com======================================
vrijdag 25 juni 2021 4:32:26 - Commandline		: DisableWSUSReboot ""
vrijdag 25 juni 2021 4:32:26 - Commandline		: StartService "Mercator Managed File Transfer"
vrijdag 25 juni 2021 4:32:26 - ================================svw-be-mftp001.balgroupit.com======================================
vrijdag 25 juni 2021 4:32:26 - ================================svw-be-mftp002.balgroupit.com======================================
vrijdag 25 juni 2021 4:32:27 - Commandline		: DisableWSUSReboot ""
vrijdag 25 juni 2021 4:32:27 - Commandline		: StartService "Mercator Managed File Transfer"
vrijdag 25 juni 2021 4:32:27 - ================================svw-be-mftp002.balgroupit.com======================================
vrijdag 25 juni 2021 4:32:27 - ================================svw-be-testp001.balgroupit.com======================================
vrijdag 25 juni 2021 4:32:27 -  svw-be-testp001.balgroupit.com remote session could not be created.
vrijdag 25 juni 2021 4:32:27 - ================================svw-be-testp001.balgroupit.com======================================
vrijdag 25 juni 2021 4:32:27 - ================================svw-be-testp002.balgroupit.com======================================
vrijdag 25 juni 2021 4:32:27 -  svw-be-testp002.balgroupit.com remote session could not be created.
vrijdag 25 juni 2021 4:32:27 - ================================svw-be-testp002.balgroupit.com======================================
