zaterdag 10 oktober 2020 7:31:09 - READING XML File :  \\balgroupit.com\appl_data\BBE\Transfer\Packages\Scripts\WSUS\Pcorp\Pcorp_Stop_All.xml
zaterdag 10 oktober 2020 7:31:09 - 
zaterdag 10 oktober 2020 7:31:11 - ================================svw-be-eaip01.balgroupit.com======================================
zaterdag 10 oktober 2020 7:31:12 - Commandline		: StopService "mercator.eai.docservice"
zaterdag 10 oktober 2020 7:31:12 - Commandline		: StopProcess "dllhost.exe"
zaterdag 10 oktober 2020 7:31:12 - Commandline		: StopProcess "winword.exe"
zaterdag 10 oktober 2020 7:31:12 - Commandline		: EnableWSUSReboot ""
zaterdag 10 oktober 2020 7:31:12 - ================================svw-be-eaip01.balgroupit.com======================================
zaterdag 10 oktober 2020 7:31:14 - ================================svw-be-eaip04.balgroupit.com======================================
zaterdag 10 oktober 2020 7:31:15 - Commandline		: StopService "mercator.eai.docservice"
zaterdag 10 oktober 2020 7:31:15 - Commandline		: StopProcess "dllhost.exe"
zaterdag 10 oktober 2020 7:31:15 - Commandline		: StopProcess "winword.exe"
zaterdag 10 oktober 2020 7:31:15 - Commandline		: EnableWSUSReboot ""
zaterdag 10 oktober 2020 7:31:15 - ================================svw-be-eaip04.balgroupit.com======================================
zaterdag 10 oktober 2020 7:31:16 - ================================svw-be-eaip05.balgroupit.com======================================
zaterdag 10 oktober 2020 7:31:17 - Commandline		: StopService "mercator.eai.docservice"
zaterdag 10 oktober 2020 7:31:18 - Commandline		: StopProcess "dllhost.exe"
zaterdag 10 oktober 2020 7:31:18 - Commandline		: StopProcess "winword.exe"
zaterdag 10 oktober 2020 7:31:18 - Commandline		: EnableWSUSReboot ""
zaterdag 10 oktober 2020 7:31:18 - ================================svw-be-eaip05.balgroupit.com======================================
zaterdag 10 oktober 2020 7:31:19 - ================================svw-be-webp02.balgroupit.com======================================
zaterdag 10 oktober 2020 7:31:26 - Commandline		: StopWebsite "DmsDataRepository"
zaterdag 10 oktober 2020 7:31:27 - Commandline		: StopWebsite "MNet"
zaterdag 10 oktober 2020 7:31:27 - Commandline		: StopAppPool "DefaultAppPool"
zaterdag 10 oktober 2020 7:31:27 - Commandline		: StopAppPool "WSDMS"
zaterdag 10 oktober 2020 7:31:27 - Commandline		: StopAppPool "WSDmsDataRepository"
zaterdag 10 oktober 2020 7:31:27 - Commandline		: StopAppPool "BaloiseBackend"
zaterdag 10 oktober 2020 7:31:27 - Commandline		: StopAppPool "CDS"
zaterdag 10 oktober 2020 7:31:27 - Commandline		: StopAppPool "MercatorNet.BoServices"
zaterdag 10 oktober 2020 7:31:27 - Commandline		: StopAppPool "Mercator.Portima.Monitoring"
zaterdag 10 oktober 2020 7:31:27 - Commandline		: StopAppPool "Mercator.Portima"
zaterdag 10 oktober 2020 7:31:28 - Commandline		: StopAppPool "Mercator.Eai.Tools.Wsc"
zaterdag 10 oktober 2020 7:31:28 - Commandline		: StopAppPool "Mercator.EAI.Framework.WebServices"
zaterdag 10 oktober 2020 7:31:28 - Commandline		: StopService "World Wide Web Publishing Service"
zaterdag 10 oktober 2020 7:31:28 - Commandline		: StopService "Baloise BaloiseBackendBatch"
zaterdag 10 oktober 2020 7:31:28 - Commandline		: StopService "Baloise CentralDataStore"
zaterdag 10 oktober 2020 7:31:28 - Commandline		: StopService "Baloise SyncTaskToDMS"
zaterdag 10 oktober 2020 7:31:29 - Commandline		: StopService "Mercator DMS Bulk Insert"
zaterdag 10 oktober 2020 7:31:29 - Commandline		: StopService "Mercator DMS Import Portima Attachments"
zaterdag 10 oktober 2020 7:31:29 - Commandline		: StopService "Mercator DMS MailImport Service"
zaterdag 10 oktober 2020 7:31:29 - Commandline		: StopService "Mercator Xpim Document Store"
zaterdag 10 oktober 2020 7:31:29 - Commandline		: StopService "Mercator Document Store"
zaterdag 10 oktober 2020 7:31:29 - Commandline		: StopService "Mercator Document Store"
zaterdag 10 oktober 2020 7:31:29 - Commandline		: StopService "Mercator Document Management System Service"
zaterdag 10 oktober 2020 7:31:29 - Commandline		: StopService "Mercator Document Management System Async Service"
zaterdag 10 oktober 2020 7:31:29 - Commandline		: StopService "Mercator Document Management System Batch Avero Service"
zaterdag 10 oktober 2020 7:31:29 - Commandline		: StopService "Mercator DMS Pdf Conversion Call"
zaterdag 10 oktober 2020 7:31:29 - Commandline		: StopService "MercatorNET SCV Batch Service"
zaterdag 10 oktober 2020 7:31:30 - Commandline		: StopService "Mercator Organization Data"
zaterdag 10 oktober 2020 7:31:30 - Commandline		: StopService "Mercator Document Generation"
zaterdag 10 oktober 2020 7:31:30 - Commandline		: StopService "Mercator Document Delivery"
zaterdag 10 oktober 2020 7:31:31 - Commandline		: StopService "Steria's Dispatcher Service"
zaterdag 10 oktober 2020 7:31:31 - Commandline		: StopService "Mercator.Integration.EAI.3.9.Listener"
zaterdag 10 oktober 2020 7:31:31 - Commandline		: RemoveDirectory "C:\WINDOWS\Microsoft.NET\Framework\v4.0.30319\Temporary ASP.NET Files\cds"
zaterdag 10 oktober 2020 7:31:31 - Commandline		: RemoveDirectory "C:\WINDOWS\Microsoft.NET\Framework\v2.0.50727\Temporary ASP.NET Files\mercatornet.boservices"
zaterdag 10 oktober 2020 7:31:31 - Commandline		: RemoveDirectory "C:\WINDOWS\Microsoft.NET\Framework\v2.0.50727\Temporary ASP.NET Files\mercator.eai.framework.webservices"
zaterdag 10 oktober 2020 7:31:31 - Commandline		: RemoveDirectory "C:\WINDOWS\Microsoft.NET\Framework\v2.0.50727\Temporary ASP.NET Files\mercator.eai.tools.wsc"
zaterdag 10 oktober 2020 7:31:31 - Commandline		: RemoveDirectory "C:\WINDOWS\Microsoft.NET\Framework\v2.0.50727\Temporary ASP.NET Files\Mercator.Portima.Monitoring"
zaterdag 10 oktober 2020 7:31:31 - Commandline		: RemoveDirectory "C:\WINDOWS\Microsoft.NET\Framework\v2.0.50727\Temporary ASP.NET Files\Mercator.Portima"
zaterdag 10 oktober 2020 7:31:31 - Commandline		: RemoveDirectory "C:\WINDOWS\Microsoft.NET\Framework\v2.0.50727\Temporary ASP.NET Files\WSDMS"
zaterdag 10 oktober 2020 7:31:32 - Commandline		: RemoveDirectory "C:\WINDOWS\Microsoft.NET\Framework\v2.0.50727\Temporary ASP.NET Files\wsdmsdatarepository"
zaterdag 10 oktober 2020 7:31:32 - Commandline		: EnableWSUSReboot ""
zaterdag 10 oktober 2020 7:31:32 - ================================svw-be-webp02.balgroupit.com======================================
zaterdag 10 oktober 2020 7:31:32 - ================================svw-be-webp03.balgroupit.com======================================
zaterdag 10 oktober 2020 7:31:40 - Commandline		: StopWebsite "DmsDataRepository"
zaterdag 10 oktober 2020 7:31:40 - Commandline		: StopWebsite "MNet"
zaterdag 10 oktober 2020 7:31:40 - Commandline		: StopAppPool "MNet"
zaterdag 10 oktober 2020 7:31:41 - Commandline		: StopAppPool "DefaultAppPool"
zaterdag 10 oktober 2020 7:31:41 - Commandline		: StopAppPool "WSDMS"
zaterdag 10 oktober 2020 7:31:41 - Commandline		: StopAppPool "WSDmsDataRepository"
zaterdag 10 oktober 2020 7:31:41 - Commandline		: StopAppPool "BaloiseBackend"
zaterdag 10 oktober 2020 7:31:41 - Commandline		: StopAppPool "CDS"
zaterdag 10 oktober 2020 7:31:41 - Commandline		: StopAppPool "MercatorNet.BoServices"
zaterdag 10 oktober 2020 7:31:41 - Commandline		: StopAppPool "Mercator.Portima.Monitoring"
zaterdag 10 oktober 2020 7:31:41 - Commandline		: StopAppPool "Mercator.Portima"
zaterdag 10 oktober 2020 7:31:41 - Commandline		: StopAppPool "Mercator.Eai.Tools.Wsc"
zaterdag 10 oktober 2020 7:31:41 - Commandline		: StopAppPool "Mercator.EAI.Framework.WebServices"
zaterdag 10 oktober 2020 7:31:41 - Commandline		: StopService "World Wide Web Publishing Service"
zaterdag 10 oktober 2020 7:31:41 - Commandline		: StopService "Baloise Backend"
zaterdag 10 oktober 2020 7:31:41 - Commandline		: StopService "Baloise Central Data Store"
zaterdag 10 oktober 2020 7:31:41 - Commandline		: StopService "Baloise SyncTaskToDMS"
zaterdag 10 oktober 2020 7:31:42 - Commandline		: StopService "Mercator DMS Bulk Insert"
zaterdag 10 oktober 2020 7:31:42 - Commandline		: StopService "Mercator DMS Import Portima Attachments"
zaterdag 10 oktober 2020 7:31:42 - Commandline		: StopService "Mercator DMS MailImport Service"
zaterdag 10 oktober 2020 7:31:43 - Commandline		: StopService "Mercator Xpim Document Store"
zaterdag 10 oktober 2020 7:31:43 - Commandline		: StopService "Mercator Document Store"
zaterdag 10 oktober 2020 7:31:43 - Commandline		: StopService "BaloiseDmsBatchService"
zaterdag 10 oktober 2020 7:31:43 - Commandline		: StopService "Mercator Document Management System Service"
zaterdag 10 oktober 2020 7:31:43 - Commandline		: StopService "Mercator Document Management System Async Service"
zaterdag 10 oktober 2020 7:31:44 - Commandline		: StopService "Mercator Document Management System Batch Avero Service"
zaterdag 10 oktober 2020 7:31:44 - Commandline		: StopService "Mercator DMS Pdf Conversion Call"
zaterdag 10 oktober 2020 7:31:44 - Commandline		: StopService "MercatorNET SCV Batch Service"
zaterdag 10 oktober 2020 7:31:44 - Commandline		: StopService "Mercator Organization Data"
zaterdag 10 oktober 2020 7:31:44 - Commandline		: StopService "Mercator Document Generation"
zaterdag 10 oktober 2020 7:31:44 - Commandline		: StopService "Mercator Document Delivery"
zaterdag 10 oktober 2020 7:31:44 - Commandline		: StopService "Steria's Dispatcher Service"
zaterdag 10 oktober 2020 7:31:45 - Commandline		: StopService "Mercator.Integration.EAI.3.9.Listener"
zaterdag 10 oktober 2020 7:31:45 - Commandline		: RemoveDirectory "C:\WINDOWS\Microsoft.NET\Framework\v4.0.30319\Temporary ASP.NET Files\cds"
zaterdag 10 oktober 2020 7:31:45 - Commandline		: RemoveDirectory "C:\WINDOWS\Microsoft.NET\Framework\v2.0.50727\Temporary ASP.NET Files\mercatornet.boservices"
zaterdag 10 oktober 2020 7:31:45 - Commandline		: RemoveDirectory "C:\WINDOWS\Microsoft.NET\Framework\v2.0.50727\Temporary ASP.NET Files\mercator.eai.framework.webservices"
zaterdag 10 oktober 2020 7:31:45 - Commandline		: RemoveDirectory "C:\WINDOWS\Microsoft.NET\Framework\v2.0.50727\Temporary ASP.NET Files\mercator.eai.tools.wsc"
zaterdag 10 oktober 2020 7:31:45 - Commandline		: RemoveDirectory "C:\WINDOWS\Microsoft.NET\Framework\v2.0.50727\Temporary ASP.NET Files\Mercator.Portima.Monitoring"
zaterdag 10 oktober 2020 7:31:45 - Commandline		: RemoveDirectory "C:\WINDOWS\Microsoft.NET\Framework\v2.0.50727\Temporary ASP.NET Files\Mercator.Portima"
zaterdag 10 oktober 2020 7:31:45 - Commandline		: RemoveDirectory "C:\WINDOWS\Microsoft.NET\Framework\v2.0.50727\Temporary ASP.NET Files\WSDMS"
zaterdag 10 oktober 2020 7:31:45 - Commandline		: RemoveDirectory "C:\WINDOWS\Microsoft.NET\Framework\v2.0.50727\Temporary ASP.NET Files\wsdmsdatarepository"
zaterdag 10 oktober 2020 7:31:45 - Commandline		: EnableWSUSReboot ""
zaterdag 10 oktober 2020 7:31:45 - ================================svw-be-webp03.balgroupit.com======================================
zaterdag 10 oktober 2020 7:31:47 - ================================svw-be-signp001.balgroupit.com======================================
zaterdag 10 oktober 2020 7:31:48 - Commandline		: StopService "Portima BrokerSign"
zaterdag 10 oktober 2020 7:31:48 - ================================svw-be-signp001.balgroupit.com======================================
zaterdag 10 oktober 2020 7:31:49 - ================================shw-me-pweb06.balgroupit.com======================================
zaterdag 10 oktober 2020 7:31:57 - Commandline		: StopAppPool "DefaultAppPool"
zaterdag 10 oktober 2020 7:31:57 - Commandline		: StopAppPool "ED"
zaterdag 10 oktober 2020 7:31:57 - Commandline		: StopAppPool "EmployeeBenefits"
zaterdag 10 oktober 2020 7:31:57 - Commandline		: StopAppPool "EtlLogViewer"
zaterdag 10 oktober 2020 7:31:57 - Commandline		: StopAppPool "LevenAansluitingsverklaring"
zaterdag 10 oktober 2020 7:31:57 - Commandline		: StopAppPool "LevenWijzigingsFormulier"
zaterdag 10 oktober 2020 7:31:57 - Commandline		: StopAppPool "MercatorNet.RMMain"
zaterdag 10 oktober 2020 7:31:57 - Commandline		: StopAppPool "MercatorNet.WSDeploy_3_0"
zaterdag 10 oktober 2020 7:31:57 - Commandline		: StopAppPool "MercatorNet.WSMain"
zaterdag 10 oktober 2020 7:31:57 - Commandline		: StopAppPool "MercatorNet.WSServices"
zaterdag 10 oktober 2020 7:31:57 - Commandline		: StopAppPool "MercatorNet.WSTariff"
zaterdag 10 oktober 2020 7:31:58 - Commandline		: StopAppPool "MercatorNetBroker.WSDeploy_3_0"
zaterdag 10 oktober 2020 7:31:58 - Commandline		: StopAppPool "MercatorNetBroker.WSMain"
zaterdag 10 oktober 2020 7:31:58 - Commandline		: StopAppPool "MercatorWebSite"
zaterdag 10 oktober 2020 7:31:58 - Commandline		: StopAppPool "MyBaloiseBroker"
zaterdag 10 oktober 2020 7:31:58 - Commandline		: StopAppPool "MWebBvb"
zaterdag 10 oktober 2020 7:31:58 - Commandline		: StopAppPool "ScvWebService"
zaterdag 10 oktober 2020 7:31:58 - Commandline		: StopWebsite "OnlineDocuments"
zaterdag 10 oktober 2020 7:31:58 - Commandline		: StopWebsite "MNet"
zaterdag 10 oktober 2020 7:31:58 - Commandline		: StopWebsite "MWebBvb"
zaterdag 10 oktober 2020 7:31:58 - Commandline		: StopService "World Wide Web Publishing Service"
zaterdag 10 oktober 2020 7:31:58 - Commandline		: RemoveDirectory "C:\WINDOWS\Microsoft.NET\Framework\v2.0.50727\Temporary ASP.NET Files\levenaansluitingsverklaring"
zaterdag 10 oktober 2020 7:31:58 - Commandline		: RemoveDirectory "C:\WINDOWS\Microsoft.NET\Framework\v2.0.50727\Temporary ASP.NET Files\levenwijzigingsformulier"
zaterdag 10 oktober 2020 7:31:58 - Commandline		: RemoveDirectory "C:\WINDOWS\Microsoft.NET\Framework\v2.0.50727\Temporary ASP.NET Files\ed"
zaterdag 10 oktober 2020 7:31:59 - Commandline		: RemoveDirectory "C:\WINDOWS\Microsoft.NET\Framework\v2.0.50727\Temporary ASP.NET Files\mercatornet.rmmain"
zaterdag 10 oktober 2020 7:31:59 - Commandline		: RemoveDirectory "C:\WINDOWS\Microsoft.NET\Framework\v2.0.50727\Temporary ASP.NET Files\mercatornet.wsdeploy_3_0"
zaterdag 10 oktober 2020 7:31:59 - Commandline		: RemoveDirectory "C:\WINDOWS\Microsoft.NET\Framework\v2.0.50727\Temporary ASP.NET Files\mercatornet.wsmain"
zaterdag 10 oktober 2020 7:31:59 - Commandline		: RemoveDirectory "C:\WINDOWS\Microsoft.NET\Framework\v2.0.50727\Temporary ASP.NET Files\mercatornet.wsservices"
zaterdag 10 oktober 2020 7:31:59 - Commandline		: RemoveDirectory "C:\WINDOWS\Microsoft.NET\Framework\v2.0.50727\Temporary ASP.NET Files\mercatornet.wstariff"
zaterdag 10 oktober 2020 7:31:59 - Commandline		: RemoveDirectory "C:\WINDOWS\Microsoft.NET\Framework\v2.0.50727\Temporary ASP.NET Files\mercatornetbroker.wsdeploy_3_0"
zaterdag 10 oktober 2020 7:31:59 - Commandline		: RemoveDirectory "C:\WINDOWS\Microsoft.NET\Framework\v2.0.50727\Temporary ASP.NET Files\mercatornetbroker.wsmain"
zaterdag 10 oktober 2020 7:31:59 - Commandline		: RemoveDirectory "C:\WINDOWS\Microsoft.NET\Framework\v2.0.50727\Temporary ASP.NET Files\mercatornethelppages"
zaterdag 10 oktober 2020 7:31:59 - Commandline		: RemoveDirectory "C:\WINDOWS\Microsoft.NET\Framework\v2.0.50727\Temporary ASP.NET Files\scvwebservice"
zaterdag 10 oktober 2020 7:31:59 - Commandline		: EnableWSUSReboot ""
zaterdag 10 oktober 2020 7:31:59 - ================================shw-me-pweb06.balgroupit.com======================================
zaterdag 10 oktober 2020 7:32:00 - ================================shw-me-pweb56.balgroupit.com======================================
zaterdag 10 oktober 2020 7:32:07 - Commandline		: StopAppPool "DefaultAppPool"
zaterdag 10 oktober 2020 7:32:07 - Commandline		: StopAppPool "ED"
zaterdag 10 oktober 2020 7:32:07 - Commandline		: StopAppPool "EmployeeBenefits"
zaterdag 10 oktober 2020 7:32:07 - Commandline		: StopAppPool "EtlLogViewer"
zaterdag 10 oktober 2020 7:32:07 - Commandline		: StopAppPool "LevenAansluitingsverklaring"
zaterdag 10 oktober 2020 7:32:07 - Commandline		: StopAppPool "LevenWijzigingsFormulier"
zaterdag 10 oktober 2020 7:32:08 - Commandline		: StopAppPool "MercatorNet.RMMain"
zaterdag 10 oktober 2020 7:32:08 - Commandline		: StopAppPool "MercatorNet.WSDeploy_3_0"
zaterdag 10 oktober 2020 7:32:08 - Commandline		: StopAppPool "MercatorNet.WSMain"
zaterdag 10 oktober 2020 7:32:08 - Commandline		: StopAppPool "MercatorNet.WSServices"
zaterdag 10 oktober 2020 7:32:08 - Commandline		: StopAppPool "MercatorNet.WSTariff"
zaterdag 10 oktober 2020 7:32:08 - Commandline		: StopAppPool "MercatorNetBroker.WSDeploy_3_0"
zaterdag 10 oktober 2020 7:32:08 - Commandline		: StopAppPool "MercatorNetBroker.WSMain"
zaterdag 10 oktober 2020 7:32:08 - Commandline		: StopAppPool "MercatorWebSite"
zaterdag 10 oktober 2020 7:32:08 - Commandline		: StopAppPool "MyBaloiseBroker"
zaterdag 10 oktober 2020 7:32:08 - Commandline		: StopAppPool "MWebBvb"
zaterdag 10 oktober 2020 7:32:08 - Commandline		: StopAppPool "ScvWebService"
zaterdag 10 oktober 2020 7:32:08 - Commandline		: StopWebsite "OnlineDocuments"
zaterdag 10 oktober 2020 7:32:08 - Commandline		: StopWebsite "MNet"
zaterdag 10 oktober 2020 7:32:09 - Commandline		: StopWebsite "MWebBvb"
zaterdag 10 oktober 2020 7:32:09 - Commandline		: StopService "World Wide Web Publishing Service"
zaterdag 10 oktober 2020 7:32:09 - Commandline		: RemoveDirectory "C:\WINDOWS\Microsoft.NET\Framework\v2.0.50727\Temporary ASP.NET Files\levenaansluitingsverklaring"
zaterdag 10 oktober 2020 7:32:09 - Commandline		: RemoveDirectory "C:\WINDOWS\Microsoft.NET\Framework\v2.0.50727\Temporary ASP.NET Files\levenwijzigingsformulier"
zaterdag 10 oktober 2020 7:32:09 - Commandline		: RemoveDirectory "C:\WINDOWS\Microsoft.NET\Framework\v2.0.50727\Temporary ASP.NET Files\ed"
zaterdag 10 oktober 2020 7:32:09 - Commandline		: RemoveDirectory "C:\WINDOWS\Microsoft.NET\Framework\v2.0.50727\Temporary ASP.NET Files\mercatornet.rmmain"
zaterdag 10 oktober 2020 7:32:09 - Commandline		: RemoveDirectory "C:\WINDOWS\Microsoft.NET\Framework\v2.0.50727\Temporary ASP.NET Files\mercatornet.wsdeploy_3_0"
zaterdag 10 oktober 2020 7:32:09 - Commandline		: RemoveDirectory "C:\WINDOWS\Microsoft.NET\Framework\v2.0.50727\Temporary ASP.NET Files\mercatornet.wsmain"
zaterdag 10 oktober 2020 7:32:09 - Commandline		: RemoveDirectory "C:\WINDOWS\Microsoft.NET\Framework\v2.0.50727\Temporary ASP.NET Files\mercatornet.wsservices"
zaterdag 10 oktober 2020 7:32:09 - Commandline		: RemoveDirectory "C:\WINDOWS\Microsoft.NET\Framework\v2.0.50727\Temporary ASP.NET Files\mercatornet.wstariff"
zaterdag 10 oktober 2020 7:32:09 - Commandline		: RemoveDirectory "C:\WINDOWS\Microsoft.NET\Framework\v2.0.50727\Temporary ASP.NET Files\mercatornetbroker.wsdeploy_3_0"
zaterdag 10 oktober 2020 7:32:09 - Commandline		: RemoveDirectory "C:\WINDOWS\Microsoft.NET\Framework\v2.0.50727\Temporary ASP.NET Files\mercatornetbroker.wsmain"
zaterdag 10 oktober 2020 7:32:09 - Commandline		: RemoveDirectory "C:\WINDOWS\Microsoft.NET\Framework\v2.0.50727\Temporary ASP.NET Files\mercatornethelppages"
zaterdag 10 oktober 2020 7:32:09 - Commandline		: RemoveDirectory "C:\WINDOWS\Microsoft.NET\Framework\v2.0.50727\Temporary ASP.NET Files\scvwebservice"
zaterdag 10 oktober 2020 7:32:09 - Commandline		: EnableWSUSReboot ""
zaterdag 10 oktober 2020 7:32:09 - ================================shw-me-pweb56.balgroupit.com======================================
zaterdag 10 oktober 2020 7:32:11 - ================================svw-be-adlibp01.balgroupit.com======================================
zaterdag 10 oktober 2020 7:32:19 - Commandline		: EnableWSUSReboot ""
zaterdag 10 oktober 2020 7:32:19 - ================================svw-be-adlibp01.balgroupit.com======================================
zaterdag 10 oktober 2020 7:32:20 - ================================svw-be-adlibp02.balgroupit.com======================================
zaterdag 10 oktober 2020 7:32:21 - Commandline		: EnableWSUSReboot ""
zaterdag 10 oktober 2020 7:32:21 - ================================svw-be-adlibp02.balgroupit.com======================================
zaterdag 10 oktober 2020 7:32:23 - ================================svw-be-adlibp03.balgroupit.com======================================
zaterdag 10 oktober 2020 7:32:30 - Commandline		: EnableWSUSReboot ""
zaterdag 10 oktober 2020 7:32:30 - ================================svw-be-adlibp03.balgroupit.com======================================
zaterdag 10 oktober 2020 7:32:31 - ================================svw-be-adlibp04.balgroupit.com======================================
zaterdag 10 oktober 2020 7:32:32 - Commandline		: EnableWSUSReboot ""
zaterdag 10 oktober 2020 7:32:32 - ================================svw-be-adlibp04.balgroupit.com======================================
zaterdag 10 oktober 2020 7:32:33 - ================================svw-be-adlibp05.balgroupit.com======================================
zaterdag 10 oktober 2020 7:32:38 - Commandline		: EnableWSUSReboot ""
zaterdag 10 oktober 2020 7:32:38 - ================================svw-be-adlibp05.balgroupit.com======================================
zaterdag 10 oktober 2020 7:32:39 - ================================svw-be-adlibp06.balgroupit.com======================================
zaterdag 10 oktober 2020 7:32:44 - Commandline		: EnableWSUSReboot ""
zaterdag 10 oktober 2020 7:32:44 - ================================svw-be-adlibp06.balgroupit.com======================================
zaterdag 10 oktober 2020 7:32:45 - ================================svw-be-adlibp07.balgroupit.com======================================
zaterdag 10 oktober 2020 7:32:50 - Commandline		: EnableWSUSReboot ""
zaterdag 10 oktober 2020 7:32:50 - ================================svw-be-adlibp07.balgroupit.com======================================
zaterdag 10 oktober 2020 7:32:50 - ================================svw-be-dmsp001.balgroupit.com======================================
zaterdag 10 oktober 2020 7:32:58 - Commandline		: EnableWSUSReboot ""
zaterdag 10 oktober 2020 7:32:58 - ================================svw-be-dmsp001.balgroupit.com======================================
zaterdag 10 oktober 2020 7:32:59 - ================================svw-be-dmsp002.balgroupit.com======================================
zaterdag 10 oktober 2020 7:33:06 - Commandline		: EnableWSUSReboot ""
zaterdag 10 oktober 2020 7:33:06 - ================================svw-be-dmsp002.balgroupit.com======================================
zaterdag 10 oktober 2020 7:33:07 - ================================svw-be-dmsp03.balgroupit.com======================================
zaterdag 10 oktober 2020 7:33:14 - Commandline		: EnableWSUSReboot ""
zaterdag 10 oktober 2020 7:33:15 - Commandline		: StopService "Execute360 Archive Manager"
zaterdag 10 oktober 2020 7:33:27 - ================================svw-be-dmsp03.balgroupit.com======================================
zaterdag 10 oktober 2020 7:33:28 - ================================dms-bp01.balgroupit.com======================================
zaterdag 10 oktober 2020 7:33:29 - Commandline		: EnableWSUSReboot ""
zaterdag 10 oktober 2020 7:33:29 - ================================dms-bp01.balgroupit.com======================================
zaterdag 10 oktober 2020 7:33:30 - ================================dms-bp01-file.balgroupit.com======================================
zaterdag 10 oktober 2020 7:33:31 - Commandline		: EnableWSUSReboot ""
zaterdag 10 oktober 2020 7:33:31 - ================================dms-bp01-file.balgroupit.com======================================
zaterdag 10 oktober 2020 7:33:32 - ================================dms-bp01-g360.balgroupit.com======================================
zaterdag 10 oktober 2020 7:33:33 - Commandline		: EnableWSUSReboot ""
zaterdag 10 oktober 2020 7:33:33 - ================================dms-bp01-g360.balgroupit.com======================================
zaterdag 10 oktober 2020 7:33:33 - ================================SVW-BE-WEBFP001.balgroupit.com======================================
zaterdag 10 oktober 2020 7:33:41 - Commandline		: StopAppPool "DefaultAppPool"
zaterdag 10 oktober 2020 7:33:41 - Commandline		: StopAppPool "ED"
zaterdag 10 oktober 2020 7:33:41 - Commandline		: StopAppPool "EmployeeBenefits"
zaterdag 10 oktober 2020 7:33:41 - Commandline		: StopAppPool "EtlLogViewer"
zaterdag 10 oktober 2020 7:33:41 - Commandline		: StopAppPool "LevenAansluitingsverklaring"
zaterdag 10 oktober 2020 7:33:41 - Commandline		: StopAppPool "LevenWijzigingsFormulier"
zaterdag 10 oktober 2020 7:33:41 - Commandline		: StopAppPool "MercatorNet.RMMain"
zaterdag 10 oktober 2020 7:33:41 - Commandline		: StopAppPool "MercatorNet.WSDeploy_3_0"
zaterdag 10 oktober 2020 7:33:41 - Commandline		: StopAppPool "MercatorNet.WSMain"
zaterdag 10 oktober 2020 7:33:41 - Commandline		: StopAppPool "MercatorNet.WSServices"
zaterdag 10 oktober 2020 7:33:41 - Commandline		: StopAppPool "MercatorNet.WSTariff"
zaterdag 10 oktober 2020 7:33:41 - Commandline		: StopAppPool "MercatorNetBroker.WSDeploy_3_0"
zaterdag 10 oktober 2020 7:33:41 - Commandline		: StopAppPool "MercatorNetBroker.WSMain"
zaterdag 10 oktober 2020 7:33:42 - Commandline		: StopAppPool "MercatorWebSite"
zaterdag 10 oktober 2020 7:33:42 - Commandline		: StopAppPool "MyBaloiseBroker"
zaterdag 10 oktober 2020 7:33:42 - Commandline		: StopAppPool "MyBaloiseInternal"
zaterdag 10 oktober 2020 7:33:42 - Commandline		: StopAppPool "MWebBvb"
zaterdag 10 oktober 2020 7:33:42 - Commandline		: StopAppPool "ScvWebService"
zaterdag 10 oktober 2020 7:33:42 - Commandline		: StopWebsite "OnlineDocuments"
zaterdag 10 oktober 2020 7:33:42 - Commandline		: StopWebsite "MNet"
zaterdag 10 oktober 2020 7:33:42 - Commandline		: StopWebsite "MWebBvb"
zaterdag 10 oktober 2020 7:33:42 - Commandline		: StopService "World Wide Web Publishing Service"
zaterdag 10 oktober 2020 7:33:42 - Commandline		: RemoveDirectory "C:\WINDOWS\Microsoft.NET\Framework\v2.0.50727\Temporary ASP.NET Files\levenaansluitingsverklaring"
zaterdag 10 oktober 2020 7:33:42 - Commandline		: RemoveDirectory "C:\WINDOWS\Microsoft.NET\Framework\v2.0.50727\Temporary ASP.NET Files\levenwijzigingsformulier"
zaterdag 10 oktober 2020 7:33:42 - Commandline		: RemoveDirectory "C:\WINDOWS\Microsoft.NET\Framework\v2.0.50727\Temporary ASP.NET Files\ed"
zaterdag 10 oktober 2020 7:33:42 - Commandline		: RemoveDirectory "C:\WINDOWS\Microsoft.NET\Framework\v2.0.50727\Temporary ASP.NET Files\mercatornet.rmmain"
zaterdag 10 oktober 2020 7:33:42 - Commandline		: RemoveDirectory "C:\WINDOWS\Microsoft.NET\Framework\v2.0.50727\Temporary ASP.NET Files\mercatornet.wsdeploy_3_0"
zaterdag 10 oktober 2020 7:33:42 - Commandline		: RemoveDirectory "C:\WINDOWS\Microsoft.NET\Framework\v2.0.50727\Temporary ASP.NET Files\mercatornet.wsmain"
zaterdag 10 oktober 2020 7:33:42 - Commandline		: RemoveDirectory "C:\WINDOWS\Microsoft.NET\Framework\v2.0.50727\Temporary ASP.NET Files\mercatornet.wsservices"
zaterdag 10 oktober 2020 7:33:42 - Commandline		: RemoveDirectory "C:\WINDOWS\Microsoft.NET\Framework\v2.0.50727\Temporary ASP.NET Files\mercatornet.wstariff"
zaterdag 10 oktober 2020 7:33:42 - Commandline		: RemoveDirectory "C:\WINDOWS\Microsoft.NET\Framework\v2.0.50727\Temporary ASP.NET Files\mercatornetbroker.wsdeploy_3_0"
zaterdag 10 oktober 2020 7:33:42 - Commandline		: RemoveDirectory "C:\WINDOWS\Microsoft.NET\Framework\v2.0.50727\Temporary ASP.NET Files\mercatornetbroker.wsmain"
zaterdag 10 oktober 2020 7:33:42 - Commandline		: RemoveDirectory "C:\WINDOWS\Microsoft.NET\Framework\v2.0.50727\Temporary ASP.NET Files\mercatornethelppages"
zaterdag 10 oktober 2020 7:33:43 - Commandline		: RemoveDirectory "C:\WINDOWS\Microsoft.NET\Framework\v2.0.50727\Temporary ASP.NET Files\scvwebservice"
zaterdag 10 oktober 2020 7:33:43 - Commandline		: EnableWSUSReboot ""
zaterdag 10 oktober 2020 7:33:43 - ================================SVW-BE-WEBFP001.balgroupit.com======================================
zaterdag 10 oktober 2020 7:33:43 - ================================SVW-BE-WEBFP002.balgroupit.com======================================
zaterdag 10 oktober 2020 7:33:50 - Commandline		: StopAppPool "DefaultAppPool"
zaterdag 10 oktober 2020 7:33:50 - Commandline		: StopAppPool "ED"
zaterdag 10 oktober 2020 7:33:50 - Commandline		: StopAppPool "EmployeeBenefits"
zaterdag 10 oktober 2020 7:33:50 - Commandline		: StopAppPool "EtlLogViewer"
zaterdag 10 oktober 2020 7:33:51 - Commandline		: StopAppPool "LevenAansluitingsverklaring"
zaterdag 10 oktober 2020 7:33:51 - Commandline		: StopAppPool "LevenWijzigingsFormulier"
zaterdag 10 oktober 2020 7:33:51 - Commandline		: StopAppPool "MercatorNet.RMMain"
zaterdag 10 oktober 2020 7:33:51 - Commandline		: StopAppPool "MercatorNet.WSDeploy_3_0"
zaterdag 10 oktober 2020 7:33:51 - Commandline		: StopAppPool "MercatorNet.WSMain"
zaterdag 10 oktober 2020 7:33:51 - Commandline		: StopAppPool "MercatorNet.WSServices"
zaterdag 10 oktober 2020 7:33:51 - Commandline		: StopAppPool "MercatorNet.WSTariff"
zaterdag 10 oktober 2020 7:33:51 - Commandline		: StopAppPool "MercatorNetBroker.WSDeploy_3_0"
zaterdag 10 oktober 2020 7:33:51 - Commandline		: StopAppPool "MercatorNetBroker.WSMain"
zaterdag 10 oktober 2020 7:33:51 - Commandline		: StopAppPool "MercatorWebSite"
zaterdag 10 oktober 2020 7:33:51 - Commandline		: StopAppPool "MyBaloiseBroker"
zaterdag 10 oktober 2020 7:33:51 - Commandline		: StopAppPool "MyBaloiseInternal"
zaterdag 10 oktober 2020 7:33:51 - Commandline		: StopAppPool "MWebBvb"
zaterdag 10 oktober 2020 7:33:52 - Commandline		: StopAppPool "ScvWebService"
zaterdag 10 oktober 2020 7:33:52 - Commandline		: StopWebsite "OnlineDocuments"
zaterdag 10 oktober 2020 7:33:52 - Commandline		: StopWebsite "MNet"
zaterdag 10 oktober 2020 7:33:52 - Commandline		: StopWebsite "MWebBvb"
zaterdag 10 oktober 2020 7:33:52 - Commandline		: StopService "World Wide Web Publishing Service"
zaterdag 10 oktober 2020 7:33:52 - Commandline		: RemoveDirectory "C:\WINDOWS\Microsoft.NET\Framework\v2.0.50727\Temporary ASP.NET Files\levenaansluitingsverklaring"
zaterdag 10 oktober 2020 7:33:52 - Commandline		: RemoveDirectory "C:\WINDOWS\Microsoft.NET\Framework\v2.0.50727\Temporary ASP.NET Files\levenwijzigingsformulier"
zaterdag 10 oktober 2020 7:33:52 - Commandline		: RemoveDirectory "C:\WINDOWS\Microsoft.NET\Framework\v2.0.50727\Temporary ASP.NET Files\ed"
zaterdag 10 oktober 2020 7:33:52 - Commandline		: RemoveDirectory "C:\WINDOWS\Microsoft.NET\Framework\v2.0.50727\Temporary ASP.NET Files\mercatornet.rmmain"
zaterdag 10 oktober 2020 7:33:52 - Commandline		: RemoveDirectory "C:\WINDOWS\Microsoft.NET\Framework\v2.0.50727\Temporary ASP.NET Files\mercatornet.wsdeploy_3_0"
zaterdag 10 oktober 2020 7:33:52 - Commandline		: RemoveDirectory "C:\WINDOWS\Microsoft.NET\Framework\v2.0.50727\Temporary ASP.NET Files\mercatornet.wsmain"
zaterdag 10 oktober 2020 7:33:52 - Commandline		: RemoveDirectory "C:\WINDOWS\Microsoft.NET\Framework\v2.0.50727\Temporary ASP.NET Files\mercatornet.wsservices"
zaterdag 10 oktober 2020 7:33:52 - Commandline		: RemoveDirectory "C:\WINDOWS\Microsoft.NET\Framework\v2.0.50727\Temporary ASP.NET Files\mercatornet.wstariff"
zaterdag 10 oktober 2020 7:33:52 - Commandline		: RemoveDirectory "C:\WINDOWS\Microsoft.NET\Framework\v2.0.50727\Temporary ASP.NET Files\mercatornetbroker.wsdeploy_3_0"
zaterdag 10 oktober 2020 7:33:52 - Commandline		: RemoveDirectory "C:\WINDOWS\Microsoft.NET\Framework\v2.0.50727\Temporary ASP.NET Files\mercatornetbroker.wsmain"
zaterdag 10 oktober 2020 7:33:52 - Commandline		: RemoveDirectory "C:\WINDOWS\Microsoft.NET\Framework\v2.0.50727\Temporary ASP.NET Files\mercatornethelppages"
zaterdag 10 oktober 2020 7:33:52 - Commandline		: RemoveDirectory "C:\WINDOWS\Microsoft.NET\Framework\v2.0.50727\Temporary ASP.NET Files\scvwebservice"
zaterdag 10 oktober 2020 7:33:52 - Commandline		: EnableWSUSReboot ""
zaterdag 10 oktober 2020 7:33:52 - ================================SVW-BE-WEBFP002.balgroupit.com======================================
zaterdag 10 oktober 2020 7:33:53 - ================================SVW-BE-WEBFP003.balgroupit.com======================================
zaterdag 10 oktober 2020 7:34:00 - Commandline		: StopAppPool "DefaultAppPool"
zaterdag 10 oktober 2020 7:34:00 - Commandline		: StopAppPool "ED"
zaterdag 10 oktober 2020 7:34:00 - Commandline		: StopAppPool "EmployeeBenefits"
zaterdag 10 oktober 2020 7:34:00 - Commandline		: StopAppPool "EtlLogViewer"
zaterdag 10 oktober 2020 7:34:00 - Commandline		: StopAppPool "LevenAansluitingsverklaring"
zaterdag 10 oktober 2020 7:34:00 - Commandline		: StopAppPool "LevenWijzigingsFormulier"
zaterdag 10 oktober 2020 7:34:00 - Commandline		: StopAppPool "MercatorNet.RMMain"
zaterdag 10 oktober 2020 7:34:01 - Commandline		: StopAppPool "MercatorNet.WSDeploy_3_0"
zaterdag 10 oktober 2020 7:34:01 - Commandline		: StopAppPool "MercatorNet.WSMain"
zaterdag 10 oktober 2020 7:34:01 - Commandline		: StopAppPool "MercatorNet.WSServices"
zaterdag 10 oktober 2020 7:34:01 - Commandline		: StopAppPool "MercatorNet.WSTariff"
zaterdag 10 oktober 2020 7:34:01 - Commandline		: StopAppPool "MercatorNetBroker.WSDeploy_3_0"
zaterdag 10 oktober 2020 7:34:01 - Commandline		: StopAppPool "MercatorNetBroker.WSMain"
zaterdag 10 oktober 2020 7:34:01 - Commandline		: StopAppPool "MercatorWebSite"
zaterdag 10 oktober 2020 7:34:01 - Commandline		: StopAppPool "MyBaloiseBroker"
zaterdag 10 oktober 2020 7:34:01 - Commandline		: StopAppPool "MyBaloiseInternal"
zaterdag 10 oktober 2020 7:34:01 - Commandline		: StopAppPool "MWebBvb"
zaterdag 10 oktober 2020 7:34:01 - Commandline		: StopAppPool "ScvWebService"
zaterdag 10 oktober 2020 7:34:01 - Commandline		: StopWebsite "OnlineDocuments"
zaterdag 10 oktober 2020 7:34:01 - Commandline		: StopWebsite "MNet"
zaterdag 10 oktober 2020 7:34:01 - Commandline		: StopWebsite "MWebBvb"
zaterdag 10 oktober 2020 7:34:02 - Commandline		: StopService "World Wide Web Publishing Service"
zaterdag 10 oktober 2020 7:34:02 - Commandline		: RemoveDirectory "C:\WINDOWS\Microsoft.NET\Framework\v2.0.50727\Temporary ASP.NET Files\levenaansluitingsverklaring"
zaterdag 10 oktober 2020 7:34:02 - Commandline		: RemoveDirectory "C:\WINDOWS\Microsoft.NET\Framework\v2.0.50727\Temporary ASP.NET Files\levenwijzigingsformulier"
zaterdag 10 oktober 2020 7:34:02 - Commandline		: RemoveDirectory "C:\WINDOWS\Microsoft.NET\Framework\v2.0.50727\Temporary ASP.NET Files\ed"
zaterdag 10 oktober 2020 7:34:02 - Commandline		: RemoveDirectory "C:\WINDOWS\Microsoft.NET\Framework\v2.0.50727\Temporary ASP.NET Files\mercatornet.rmmain"
zaterdag 10 oktober 2020 7:34:02 - Commandline		: RemoveDirectory "C:\WINDOWS\Microsoft.NET\Framework\v2.0.50727\Temporary ASP.NET Files\mercatornet.wsdeploy_3_0"
zaterdag 10 oktober 2020 7:34:02 - Commandline		: RemoveDirectory "C:\WINDOWS\Microsoft.NET\Framework\v2.0.50727\Temporary ASP.NET Files\mercatornet.wsmain"
zaterdag 10 oktober 2020 7:34:02 - Commandline		: RemoveDirectory "C:\WINDOWS\Microsoft.NET\Framework\v2.0.50727\Temporary ASP.NET Files\mercatornet.wsservices"
zaterdag 10 oktober 2020 7:34:02 - Commandline		: RemoveDirectory "C:\WINDOWS\Microsoft.NET\Framework\v2.0.50727\Temporary ASP.NET Files\mercatornet.wstariff"
zaterdag 10 oktober 2020 7:34:02 - Commandline		: RemoveDirectory "C:\WINDOWS\Microsoft.NET\Framework\v2.0.50727\Temporary ASP.NET Files\mercatornetbroker.wsdeploy_3_0"
zaterdag 10 oktober 2020 7:34:02 - Commandline		: RemoveDirectory "C:\WINDOWS\Microsoft.NET\Framework\v2.0.50727\Temporary ASP.NET Files\mercatornetbroker.wsmain"
zaterdag 10 oktober 2020 7:34:02 - Commandline		: RemoveDirectory "C:\WINDOWS\Microsoft.NET\Framework\v2.0.50727\Temporary ASP.NET Files\mercatornethelppages"
zaterdag 10 oktober 2020 7:34:02 - Commandline		: RemoveDirectory "C:\WINDOWS\Microsoft.NET\Framework\v2.0.50727\Temporary ASP.NET Files\scvwebservice"
zaterdag 10 oktober 2020 7:34:02 - Commandline		: EnableWSUSReboot ""
zaterdag 10 oktober 2020 7:34:02 - ================================SVW-BE-WEBFP003.balgroupit.com======================================
zaterdag 10 oktober 2020 7:34:02 - ================================SVW-BE-WEBFP004.balgroupit.com======================================
zaterdag 10 oktober 2020 7:34:10 - Commandline		: StopAppPool "DefaultAppPool"
zaterdag 10 oktober 2020 7:34:10 - Commandline		: StopAppPool "ED"
zaterdag 10 oktober 2020 7:34:10 - Commandline		: StopAppPool "EmployeeBenefits"
zaterdag 10 oktober 2020 7:34:10 - Commandline		: StopAppPool "EtlLogViewer"
zaterdag 10 oktober 2020 7:34:10 - Commandline		: StopAppPool "LevenAansluitingsverklaring"
zaterdag 10 oktober 2020 7:34:10 - Commandline		: StopAppPool "LevenWijzigingsFormulier"
zaterdag 10 oktober 2020 7:34:10 - Commandline		: StopAppPool "MercatorNet.RMMain"
zaterdag 10 oktober 2020 7:34:10 - Commandline		: StopAppPool "MercatorNet.WSDeploy_3_0"
zaterdag 10 oktober 2020 7:34:10 - Commandline		: StopAppPool "MercatorNet.WSMain"
zaterdag 10 oktober 2020 7:34:10 - Commandline		: StopAppPool "MercatorNet.WSServices"
zaterdag 10 oktober 2020 7:34:10 - Commandline		: StopAppPool "MercatorNet.WSTariff"
zaterdag 10 oktober 2020 7:34:10 - Commandline		: StopAppPool "MercatorNetBroker.WSDeploy_3_0"
zaterdag 10 oktober 2020 7:34:11 - Commandline		: StopAppPool "MercatorNetBroker.WSMain"
zaterdag 10 oktober 2020 7:34:11 - Commandline		: StopAppPool "MercatorWebSite"
zaterdag 10 oktober 2020 7:34:11 - Commandline		: StopAppPool "MyBaloiseBroker"
zaterdag 10 oktober 2020 7:34:11 - Commandline		: StopAppPool "MyBaloiseInternal"
zaterdag 10 oktober 2020 7:34:11 - Commandline		: StopAppPool "MWebBvb"
zaterdag 10 oktober 2020 7:34:11 - Commandline		: StopAppPool "ScvWebService"
zaterdag 10 oktober 2020 7:34:11 - Commandline		: StopWebsite "OnlineDocuments"
zaterdag 10 oktober 2020 7:34:11 - Commandline		: StopWebsite "MNet"
zaterdag 10 oktober 2020 7:34:11 - Commandline		: StopWebsite "MWebBvb"
zaterdag 10 oktober 2020 7:34:11 - Commandline		: StopService "World Wide Web Publishing Service"
zaterdag 10 oktober 2020 7:34:11 - Commandline		: RemoveDirectory "C:\WINDOWS\Microsoft.NET\Framework\v2.0.50727\Temporary ASP.NET Files\levenaansluitingsverklaring"
zaterdag 10 oktober 2020 7:34:11 - Commandline		: RemoveDirectory "C:\WINDOWS\Microsoft.NET\Framework\v2.0.50727\Temporary ASP.NET Files\levenwijzigingsformulier"
zaterdag 10 oktober 2020 7:34:11 - Commandline		: RemoveDirectory "C:\WINDOWS\Microsoft.NET\Framework\v2.0.50727\Temporary ASP.NET Files\ed"
zaterdag 10 oktober 2020 7:34:11 - Commandline		: RemoveDirectory "C:\WINDOWS\Microsoft.NET\Framework\v2.0.50727\Temporary ASP.NET Files\mercatornet.rmmain"
zaterdag 10 oktober 2020 7:34:11 - Commandline		: RemoveDirectory "C:\WINDOWS\Microsoft.NET\Framework\v2.0.50727\Temporary ASP.NET Files\mercatornet.wsdeploy_3_0"
zaterdag 10 oktober 2020 7:34:11 - Commandline		: RemoveDirectory "C:\WINDOWS\Microsoft.NET\Framework\v2.0.50727\Temporary ASP.NET Files\mercatornet.wsmain"
zaterdag 10 oktober 2020 7:34:11 - Commandline		: RemoveDirectory "C:\WINDOWS\Microsoft.NET\Framework\v2.0.50727\Temporary ASP.NET Files\mercatornet.wsservices"
zaterdag 10 oktober 2020 7:34:11 - Commandline		: RemoveDirectory "C:\WINDOWS\Microsoft.NET\Framework\v2.0.50727\Temporary ASP.NET Files\mercatornet.wstariff"
zaterdag 10 oktober 2020 7:34:12 - Commandline		: RemoveDirectory "C:\WINDOWS\Microsoft.NET\Framework\v2.0.50727\Temporary ASP.NET Files\mercatornetbroker.wsdeploy_3_0"
zaterdag 10 oktober 2020 7:34:12 - Commandline		: RemoveDirectory "C:\WINDOWS\Microsoft.NET\Framework\v2.0.50727\Temporary ASP.NET Files\mercatornetbroker.wsmain"
zaterdag 10 oktober 2020 7:34:12 - Commandline		: RemoveDirectory "C:\WINDOWS\Microsoft.NET\Framework\v2.0.50727\Temporary ASP.NET Files\mercatornethelppages"
zaterdag 10 oktober 2020 7:34:12 - Commandline		: RemoveDirectory "C:\WINDOWS\Microsoft.NET\Framework\v2.0.50727\Temporary ASP.NET Files\scvwebservice"
zaterdag 10 oktober 2020 7:34:12 - Commandline		: EnableWSUSReboot ""
zaterdag 10 oktober 2020 7:34:12 - ================================SVW-BE-WEBFP004.balgroupit.com======================================
zaterdag 10 oktober 2020 7:34:12 - ================================svw-be-bizp001.balgroupit.com======================================
zaterdag 10 oktober 2020 7:34:21 - Commandline		: StopService "Mercator Managed File Transfer"
zaterdag 10 oktober 2020 7:34:21 - Commandline		: StopService "Mercator Esb Process Initializer"
zaterdag 10 oktober 2020 7:34:21 - Commandline		: EnableWSUSReboot ""
zaterdag 10 oktober 2020 7:34:21 - ================================svw-be-bizp001.balgroupit.com======================================
zaterdag 10 oktober 2020 7:34:22 - ================================svw-be-bizp002.balgroupit.com======================================
zaterdag 10 oktober 2020 7:34:29 - Commandline		: StopService "Mercator Managed File Transfer"
zaterdag 10 oktober 2020 7:34:30 - Commandline		: StopService "Mercator Esb Process Initializer"
zaterdag 10 oktober 2020 7:34:30 - Commandline		: EnableWSUSReboot ""
zaterdag 10 oktober 2020 7:34:30 - ================================svw-be-bizp002.balgroupit.com======================================
zaterdag 10 oktober 2020 7:34:31 - ================================svw-be-bizp003.balgroupit.com======================================
zaterdag 10 oktober 2020 7:34:39 - Commandline		: StopService "Mercator Managed File Transfer"
zaterdag 10 oktober 2020 7:34:39 - Commandline		: StopService "Mercator Esb Process Initializer"
zaterdag 10 oktober 2020 7:34:39 - Commandline		: EnableWSUSReboot ""
zaterdag 10 oktober 2020 7:34:39 - ================================svw-be-bizp003.balgroupit.com======================================
zaterdag 10 oktober 2020 7:34:40 - ================================svw-be-bizp004.balgroupit.com======================================
zaterdag 10 oktober 2020 7:34:47 - Commandline		: StopService "Mercator Managed File Transfer"
zaterdag 10 oktober 2020 7:34:48 - Commandline		: StopService "Mercator Esb Process Initializer"
zaterdag 10 oktober 2020 7:34:48 - Commandline		: EnableWSUSReboot ""
zaterdag 10 oktober 2020 7:34:48 - ================================svw-be-bizp004.balgroupit.com======================================
zaterdag 10 oktober 2020 7:34:50 - ================================svw-be-portp01.balgroupit.com======================================
zaterdag 10 oktober 2020 7:34:59 - Commandline		: stopAppPool "AL2AppPool64v2"
zaterdag 10 oktober 2020 7:35:00 - Commandline		: stopAppPool "ALAppPool64v2"
zaterdag 10 oktober 2020 7:35:00 - Commandline		: StopWebsite "WCI"
zaterdag 10 oktober 2020 7:35:01 - Commandline		: StopWebsite "Default Web Site"
zaterdag 10 oktober 2020 7:35:01 - Commandline		: EnableWSUSReboot ""
zaterdag 10 oktober 2020 7:35:01 - ================================svw-be-portp01.balgroupit.com======================================
zaterdag 10 oktober 2020 7:35:03 - ================================svw-be-portp03.balgroupit.com======================================
zaterdag 10 oktober 2020 7:35:11 - Commandline		: stopAppPool "ALAppPool64v2"
zaterdag 10 oktober 2020 7:35:12 - Commandline		: stopAppPool "Pool2"
zaterdag 10 oktober 2020 7:35:12 - Commandline		: stopAppPool "Mercator.Portal.Portlets"
zaterdag 10 oktober 2020 7:35:12 - Commandline		: stopAppPool "Mercator.Portal.WebService"
zaterdag 10 oktober 2020 7:35:12 - Commandline		: stopAppPool "PortalASP"
zaterdag 10 oktober 2020 7:35:12 - Commandline		: StopWebsite "WCI"
zaterdag 10 oktober 2020 7:35:13 - Commandline		: StopWebsite "Default Web Site"
zaterdag 10 oktober 2020 7:35:13 - Commandline		: StopWebsite "MercatorPortalWebService"
zaterdag 10 oktober 2020 7:35:13 - Commandline		: StopService "Mercator.Portal.Scheduler"
zaterdag 10 oktober 2020 7:35:22 - Commandline		: EnableWSUSReboot ""
zaterdag 10 oktober 2020 7:35:22 - ================================svw-be-portp03.balgroupit.com======================================
zaterdag 10 oktober 2020 7:35:22 - ================================svw-be-babsp001.balgroupit.com======================================
zaterdag 10 oktober 2020 7:35:30 - Commandline		: EnableWSUSReboot ""
zaterdag 10 oktober 2020 7:35:30 - ================================svw-be-babsp001.balgroupit.com======================================
zaterdag 10 oktober 2020 7:35:30 - ================================svw-be-babsp002.balgroupit.com======================================
zaterdag 10 oktober 2020 7:35:37 - Commandline		: EnableWSUSReboot ""
zaterdag 10 oktober 2020 7:35:38 - ================================svw-be-babsp002.balgroupit.com======================================
zaterdag 10 oktober 2020 7:35:38 - ================================svw-be-babbp001.balgroupit.com======================================
zaterdag 10 oktober 2020 7:35:39 - Commandline		: StopService "Baloise BaloiseBackendBatch"
zaterdag 10 oktober 2020 7:35:40 - Commandline		: EnableWSUSReboot ""
zaterdag 10 oktober 2020 7:35:40 - ================================svw-be-babbp001.balgroupit.com======================================
zaterdag 10 oktober 2020 7:35:40 - ================================svw-be-babbp002.balgroupit.com======================================
zaterdag 10 oktober 2020 7:35:42 - Commandline		: StopService "Baloise BaloiseBackendBatch"
zaterdag 10 oktober 2020 7:35:42 - Commandline		: EnableWSUSReboot ""
zaterdag 10 oktober 2020 7:35:42 - ================================svw-be-babbp002.balgroupit.com======================================
zaterdag 10 oktober 2020 7:35:43 - ================================svw-be-mftp001.balgroupit.com======================================
zaterdag 10 oktober 2020 7:35:51 - Commandline		: StopService "Mercator Managed File Transfer"
zaterdag 10 oktober 2020 7:35:51 - Commandline		: EnableWSUSReboot ""
zaterdag 10 oktober 2020 7:35:51 - ================================svw-be-mftp001.balgroupit.com======================================
zaterdag 10 oktober 2020 7:35:52 - ================================svw-be-mftp002.balgroupit.com======================================
zaterdag 10 oktober 2020 7:35:52 - Commandline		: StopService "Mercator Managed File Transfer"
zaterdag 10 oktober 2020 7:35:53 - Commandline		: EnableWSUSReboot ""
zaterdag 10 oktober 2020 7:35:53 - ================================svw-be-mftp002.balgroupit.com======================================
