donderdag 29 juli 2021 21:01:13 - READING XML File :  \\balgroupit.com\appl_data\BBE\Transfer\Packages\Scripts\WSUS\Pcorp\Pcorp_Stop_All.xml
donderdag 29 juli 2021 21:01:13 - 
donderdag 29 juli 2021 21:01:16 - ================================svw-be-eaip01.balgroupit.com======================================
donderdag 29 juli 2021 21:01:17 - Commandline		: StopService "mercator.eai.docservice"
donderdag 29 juli 2021 21:01:18 - Commandline		: StopProcess "dllhost.exe"
donderdag 29 juli 2021 21:01:18 - Commandline		: StopProcess "winword.exe"
donderdag 29 juli 2021 21:01:18 - Commandline		: EnableWSUSReboot ""
donderdag 29 juli 2021 21:01:18 - ================================svw-be-eaip01.balgroupit.com======================================
donderdag 29 juli 2021 21:01:21 - ================================svw-be-eaip04.balgroupit.com======================================
donderdag 29 juli 2021 21:01:22 - Commandline		: StopService "mercator.eai.docservice"
donderdag 29 juli 2021 21:01:23 - Commandline		: StopProcess "dllhost.exe"
donderdag 29 juli 2021 21:01:23 - Commandline		: StopProcess "winword.exe"
donderdag 29 juli 2021 21:01:23 - Commandline		: EnableWSUSReboot ""
donderdag 29 juli 2021 21:01:23 - ================================svw-be-eaip04.balgroupit.com======================================
donderdag 29 juli 2021 21:01:25 - ================================svw-be-eaip05.balgroupit.com======================================
donderdag 29 juli 2021 21:01:26 - Commandline		: StopService "mercator.eai.docservice"
donderdag 29 juli 2021 21:01:27 - Commandline		: StopProcess "dllhost.exe"
donderdag 29 juli 2021 21:01:27 - Commandline		: StopProcess "winword.exe"
donderdag 29 juli 2021 21:01:27 - Commandline		: EnableWSUSReboot ""
donderdag 29 juli 2021 21:01:27 - ================================svw-be-eaip05.balgroupit.com======================================
donderdag 29 juli 2021 21:01:27 - ================================svw-be-webp02.balgroupit.com======================================
donderdag 29 juli 2021 21:01:35 - Commandline		: StopWebsite "DmsDataRepository"
donderdag 29 juli 2021 21:01:35 - Commandline		: StopWebsite "MNet"
donderdag 29 juli 2021 21:01:35 - Commandline		: StopAppPool "DefaultAppPool"
donderdag 29 juli 2021 21:01:35 - Commandline		: StopAppPool "WSDMS"
donderdag 29 juli 2021 21:01:35 - Commandline		: StopAppPool "WSDmsDataRepository"
donderdag 29 juli 2021 21:01:35 - Commandline		: StopAppPool "BaloiseBackend"
donderdag 29 juli 2021 21:01:35 - Commandline		: StopAppPool "CDS"
donderdag 29 juli 2021 21:01:35 - Commandline		: StopAppPool "MercatorNet.BoServices"
donderdag 29 juli 2021 21:01:35 - Commandline		: StopAppPool "Mercator.Portima.Monitoring"
donderdag 29 juli 2021 21:01:36 - Commandline		: StopAppPool "Mercator.Portima"
donderdag 29 juli 2021 21:01:36 - Commandline		: StopAppPool "Mercator.Eai.Tools.Wsc"
donderdag 29 juli 2021 21:01:36 - Commandline		: StopAppPool "Mercator.EAI.Framework.WebServices"
donderdag 29 juli 2021 21:01:36 - Commandline		: StopService "World Wide Web Publishing Service"
donderdag 29 juli 2021 21:01:36 - Commandline		: StopService "Baloise BaloiseBackendBatch"
donderdag 29 juli 2021 21:01:36 - Commandline		: StopService "Baloise CentralDataStore"
donderdag 29 juli 2021 21:01:36 - Commandline		: StopService "Baloise SyncTaskToDMS"
donderdag 29 juli 2021 21:01:37 - Commandline		: StopService "Mercator DMS Bulk Insert"
donderdag 29 juli 2021 21:01:37 - Commandline		: StopService "Mercator DMS Import Portima Attachments"
donderdag 29 juli 2021 21:01:37 - Commandline		: StopService "Mercator DMS MailImport Service"
donderdag 29 juli 2021 21:01:37 - Commandline		: StopService "Mercator Xpim Document Store"
donderdag 29 juli 2021 21:01:37 - Commandline		: StopService "Mercator Document Store"
donderdag 29 juli 2021 21:01:37 - Commandline		: StopService "Mercator Document Store"
donderdag 29 juli 2021 21:01:37 - Commandline		: StopService "Mercator Document Management System Service"
donderdag 29 juli 2021 21:01:37 - Commandline		: StopService "Mercator Document Management System Async Service"
donderdag 29 juli 2021 21:01:37 - Commandline		: StopService "Mercator Document Management System Batch Avero Service"
donderdag 29 juli 2021 21:01:37 - Commandline		: StopService "Mercator DMS Pdf Conversion Call"
donderdag 29 juli 2021 21:01:38 - Commandline		: StopService "MercatorNET SCV Batch Service"
donderdag 29 juli 2021 21:01:38 - Commandline		: StopService "Mercator Organization Data"
donderdag 29 juli 2021 21:01:38 - Commandline		: StopService "Mercator Document Generation"
donderdag 29 juli 2021 21:01:38 - Commandline		: StopService "Mercator Document Delivery"
donderdag 29 juli 2021 21:01:39 - Commandline		: StopService "Steria's Dispatcher Service"
donderdag 29 juli 2021 21:01:39 - Commandline		: StopService "Mercator.Integration.EAI.3.9.Listener"
donderdag 29 juli 2021 21:01:39 - Commandline		: RemoveDirectory "C:\WINDOWS\Microsoft.NET\Framework\v4.0.30319\Temporary ASP.NET Files\cds"
donderdag 29 juli 2021 21:01:39 - Commandline		: RemoveDirectory "C:\WINDOWS\Microsoft.NET\Framework\v2.0.50727\Temporary ASP.NET Files\mercatornet.boservices"
donderdag 29 juli 2021 21:01:39 - Commandline		: RemoveDirectory "C:\WINDOWS\Microsoft.NET\Framework\v2.0.50727\Temporary ASP.NET Files\mercator.eai.framework.webservices"
donderdag 29 juli 2021 21:01:39 - Commandline		: RemoveDirectory "C:\WINDOWS\Microsoft.NET\Framework\v2.0.50727\Temporary ASP.NET Files\mercator.eai.tools.wsc"
donderdag 29 juli 2021 21:01:39 - Commandline		: RemoveDirectory "C:\WINDOWS\Microsoft.NET\Framework\v2.0.50727\Temporary ASP.NET Files\Mercator.Portima.Monitoring"
donderdag 29 juli 2021 21:01:39 - Commandline		: RemoveDirectory "C:\WINDOWS\Microsoft.NET\Framework\v2.0.50727\Temporary ASP.NET Files\Mercator.Portima"
donderdag 29 juli 2021 21:01:39 - Commandline		: RemoveDirectory "C:\WINDOWS\Microsoft.NET\Framework\v2.0.50727\Temporary ASP.NET Files\WSDMS"
donderdag 29 juli 2021 21:01:39 - Commandline		: RemoveDirectory "C:\WINDOWS\Microsoft.NET\Framework\v2.0.50727\Temporary ASP.NET Files\wsdmsdatarepository"
donderdag 29 juli 2021 21:01:39 - Commandline		: EnableWSUSReboot ""
donderdag 29 juli 2021 21:01:39 - ================================svw-be-webp02.balgroupit.com======================================
donderdag 29 juli 2021 21:01:40 - ================================svw-be-webp03.balgroupit.com======================================
donderdag 29 juli 2021 21:01:47 - Commandline		: StopWebsite "DmsDataRepository"
donderdag 29 juli 2021 21:01:47 - Commandline		: StopWebsite "MNet"
donderdag 29 juli 2021 21:01:48 - Commandline		: StopAppPool "MNet"
donderdag 29 juli 2021 21:01:48 - Commandline		: StopAppPool "DefaultAppPool"
donderdag 29 juli 2021 21:01:48 - Commandline		: StopAppPool "WSDMS"
donderdag 29 juli 2021 21:01:48 - Commandline		: StopAppPool "WSDmsDataRepository"
donderdag 29 juli 2021 21:01:48 - Commandline		: StopAppPool "BaloiseBackend"
donderdag 29 juli 2021 21:01:48 - Commandline		: StopAppPool "CDS"
donderdag 29 juli 2021 21:01:48 - Commandline		: StopAppPool "MercatorNet.BoServices"
donderdag 29 juli 2021 21:01:48 - Commandline		: StopAppPool "Mercator.Portima.Monitoring"
donderdag 29 juli 2021 21:01:48 - Commandline		: StopAppPool "Mercator.Portima"
donderdag 29 juli 2021 21:01:48 - Commandline		: StopAppPool "Mercator.Eai.Tools.Wsc"
donderdag 29 juli 2021 21:01:48 - Commandline		: StopAppPool "Mercator.EAI.Framework.WebServices"
donderdag 29 juli 2021 21:01:48 - Commandline		: StopService "World Wide Web Publishing Service"
donderdag 29 juli 2021 21:01:48 - Commandline		: StopService "Baloise Backend"
donderdag 29 juli 2021 21:01:49 - Commandline		: StopService "Baloise Central Data Store"
donderdag 29 juli 2021 21:01:49 - Commandline		: StopService "Baloise SyncTaskToDMS"
donderdag 29 juli 2021 21:01:49 - Commandline		: StopService "Mercator DMS Bulk Insert"
donderdag 29 juli 2021 21:01:49 - Commandline		: StopService "Mercator DMS Import Portima Attachments"
donderdag 29 juli 2021 21:01:49 - Commandline		: StopService "Mercator DMS MailImport Service"
donderdag 29 juli 2021 21:01:50 - Commandline		: StopService "Mercator Xpim Document Store"
donderdag 29 juli 2021 21:01:50 - Commandline		: StopService "Mercator Document Store"
donderdag 29 juli 2021 21:01:50 - Commandline		: StopService "BaloiseDmsBatchService"
donderdag 29 juli 2021 21:01:50 - Commandline		: StopService "Mercator Document Management System Service"
donderdag 29 juli 2021 21:01:50 - Commandline		: StopService "Mercator Document Management System Async Service"
donderdag 29 juli 2021 21:01:51 - Commandline		: StopService "Mercator Document Management System Batch Avero Service"
donderdag 29 juli 2021 21:01:51 - Commandline		: StopService "Mercator DMS Pdf Conversion Call"
donderdag 29 juli 2021 21:01:51 - Commandline		: StopService "MercatorNET SCV Batch Service"
donderdag 29 juli 2021 21:01:51 - Commandline		: StopService "Mercator Organization Data"
donderdag 29 juli 2021 21:01:51 - Commandline		: StopService "Mercator Document Generation"
donderdag 29 juli 2021 21:01:51 - Commandline		: StopService "Mercator Document Delivery"
donderdag 29 juli 2021 21:01:51 - Commandline		: StopService "Steria's Dispatcher Service"
donderdag 29 juli 2021 21:01:51 - Commandline		: StopService "Mercator.Integration.EAI.3.9.Listener"
donderdag 29 juli 2021 21:01:52 - Commandline		: RemoveDirectory "C:\WINDOWS\Microsoft.NET\Framework\v4.0.30319\Temporary ASP.NET Files\cds"
donderdag 29 juli 2021 21:01:52 - Commandline		: RemoveDirectory "C:\WINDOWS\Microsoft.NET\Framework\v2.0.50727\Temporary ASP.NET Files\mercatornet.boservices"
donderdag 29 juli 2021 21:01:52 - Commandline		: RemoveDirectory "C:\WINDOWS\Microsoft.NET\Framework\v2.0.50727\Temporary ASP.NET Files\mercator.eai.framework.webservices"
donderdag 29 juli 2021 21:01:52 - Commandline		: RemoveDirectory "C:\WINDOWS\Microsoft.NET\Framework\v2.0.50727\Temporary ASP.NET Files\mercator.eai.tools.wsc"
donderdag 29 juli 2021 21:01:52 - Commandline		: RemoveDirectory "C:\WINDOWS\Microsoft.NET\Framework\v2.0.50727\Temporary ASP.NET Files\Mercator.Portima.Monitoring"
donderdag 29 juli 2021 21:01:52 - Commandline		: RemoveDirectory "C:\WINDOWS\Microsoft.NET\Framework\v2.0.50727\Temporary ASP.NET Files\Mercator.Portima"
donderdag 29 juli 2021 21:01:52 - Commandline		: RemoveDirectory "C:\WINDOWS\Microsoft.NET\Framework\v2.0.50727\Temporary ASP.NET Files\WSDMS"
donderdag 29 juli 2021 21:01:52 - Commandline		: RemoveDirectory "C:\WINDOWS\Microsoft.NET\Framework\v2.0.50727\Temporary ASP.NET Files\wsdmsdatarepository"
donderdag 29 juli 2021 21:01:52 - Commandline		: EnableWSUSReboot ""
donderdag 29 juli 2021 21:01:52 - ================================svw-be-webp03.balgroupit.com======================================
donderdag 29 juli 2021 21:01:53 - ================================svw-be-signp001.balgroupit.com======================================
donderdag 29 juli 2021 21:01:54 - Commandline		: StopService "Portima BrokerSign"
donderdag 29 juli 2021 21:01:55 - ================================svw-be-signp001.balgroupit.com======================================
donderdag 29 juli 2021 21:01:55 - ================================shw-me-pweb06.balgroupit.com======================================
donderdag 29 juli 2021 21:01:55 -  shw-me-pweb06.balgroupit.com remote session could not be created.
donderdag 29 juli 2021 21:01:55 - ================================shw-me-pweb06.balgroupit.com======================================
donderdag 29 juli 2021 21:01:55 - ================================shw-me-pweb56.balgroupit.com======================================
donderdag 29 juli 2021 21:01:55 -  shw-me-pweb56.balgroupit.com remote session could not be created.
donderdag 29 juli 2021 21:01:55 - ================================shw-me-pweb56.balgroupit.com======================================
donderdag 29 juli 2021 21:01:57 - ================================svw-be-adlibp01.balgroupit.com======================================
donderdag 29 juli 2021 21:02:20 - Commandline		: EnableWSUSReboot ""
donderdag 29 juli 2021 21:02:21 - ================================svw-be-adlibp01.balgroupit.com======================================
donderdag 29 juli 2021 21:02:22 - ================================svw-be-adlibp02.balgroupit.com======================================
donderdag 29 juli 2021 21:02:23 - Commandline		: EnableWSUSReboot ""
donderdag 29 juli 2021 21:02:23 - ================================svw-be-adlibp02.balgroupit.com======================================
donderdag 29 juli 2021 21:02:24 - ================================svw-be-adlibp03.balgroupit.com======================================
donderdag 29 juli 2021 21:02:48 - Commandline		: EnableWSUSReboot ""
donderdag 29 juli 2021 21:02:48 - ================================svw-be-adlibp03.balgroupit.com======================================
donderdag 29 juli 2021 21:02:51 - ================================svw-be-adlibp04.balgroupit.com======================================
donderdag 29 juli 2021 21:02:52 - Commandline		: EnableWSUSReboot ""
donderdag 29 juli 2021 21:02:52 - ================================svw-be-adlibp04.balgroupit.com======================================
donderdag 29 juli 2021 21:02:54 - ================================svw-be-adlibp05.balgroupit.com======================================
donderdag 29 juli 2021 21:02:59 - Commandline		: EnableWSUSReboot ""
donderdag 29 juli 2021 21:02:59 - ================================svw-be-adlibp05.balgroupit.com======================================
donderdag 29 juli 2021 21:03:01 - ================================svw-be-adlibp06.balgroupit.com======================================
donderdag 29 juli 2021 21:03:06 - Commandline		: EnableWSUSReboot ""
donderdag 29 juli 2021 21:03:07 - ================================svw-be-adlibp06.balgroupit.com======================================
donderdag 29 juli 2021 21:03:09 - ================================svw-be-adlibp07.balgroupit.com======================================
donderdag 29 juli 2021 21:03:14 - Commandline		: EnableWSUSReboot ""
donderdag 29 juli 2021 21:03:14 - ================================svw-be-adlibp07.balgroupit.com======================================
donderdag 29 juli 2021 21:03:15 - ================================svw-be-dmsp001.balgroupit.com======================================
donderdag 29 juli 2021 21:03:22 - Commandline		: EnableWSUSReboot ""
donderdag 29 juli 2021 21:03:23 - ================================svw-be-dmsp001.balgroupit.com======================================
donderdag 29 juli 2021 21:03:23 - ================================svw-be-dmsp002.balgroupit.com======================================
donderdag 29 juli 2021 21:03:31 - Commandline		: EnableWSUSReboot ""
donderdag 29 juli 2021 21:03:31 - ================================svw-be-dmsp002.balgroupit.com======================================
donderdag 29 juli 2021 21:03:32 - ================================svw-be-dmsp03.balgroupit.com======================================
donderdag 29 juli 2021 21:03:39 - Commandline		: EnableWSUSReboot ""
donderdag 29 juli 2021 21:03:39 - Commandline		: StopService "Execute360 Archive Manager"
donderdag 29 juli 2021 21:03:51 - ================================svw-be-dmsp03.balgroupit.com======================================
donderdag 29 juli 2021 21:03:51 - ================================dms-bp01.balgroupit.com======================================
donderdag 29 juli 2021 21:03:53 - Commandline		: EnableWSUSReboot ""
donderdag 29 juli 2021 21:03:53 - ================================dms-bp01.balgroupit.com======================================
donderdag 29 juli 2021 21:03:53 - ================================dms-bp01-file.balgroupit.com======================================
donderdag 29 juli 2021 21:03:55 - Commandline		: EnableWSUSReboot ""
donderdag 29 juli 2021 21:03:55 - ================================dms-bp01-file.balgroupit.com======================================
donderdag 29 juli 2021 21:03:55 - ================================dms-bp01-g360.balgroupit.com======================================
donderdag 29 juli 2021 21:03:57 - Commandline		: EnableWSUSReboot ""
donderdag 29 juli 2021 21:03:57 - ================================dms-bp01-g360.balgroupit.com======================================
donderdag 29 juli 2021 21:03:57 - ================================SVW-BE-WEBFP001.balgroupit.com======================================
donderdag 29 juli 2021 21:04:05 - Commandline		: StopAppPool "DefaultAppPool"
donderdag 29 juli 2021 21:04:05 - Commandline		: StopAppPool "ED"
donderdag 29 juli 2021 21:04:05 - Commandline		: StopAppPool "EmployeeBenefits"
donderdag 29 juli 2021 21:04:05 - Commandline		: StopAppPool "EtlLogViewer"
donderdag 29 juli 2021 21:04:05 - Commandline		: StopAppPool "LevenAansluitingsverklaring"
donderdag 29 juli 2021 21:04:05 - Commandline		: StopAppPool "LevenWijzigingsFormulier"
donderdag 29 juli 2021 21:04:05 - Commandline		: StopAppPool "MercatorNet.RMMain"
donderdag 29 juli 2021 21:04:05 - Commandline		: StopAppPool "MercatorNet.WSDeploy_3_0"
donderdag 29 juli 2021 21:04:05 - Commandline		: StopAppPool "MercatorNet.WSMain"
donderdag 29 juli 2021 21:04:06 - Commandline		: StopAppPool "MercatorNet.WSServices"
donderdag 29 juli 2021 21:04:06 - Commandline		: StopAppPool "MercatorNet.WSTariff"
donderdag 29 juli 2021 21:04:06 - Commandline		: StopAppPool "MercatorNetBroker.WSDeploy_3_0"
donderdag 29 juli 2021 21:04:06 - Commandline		: StopAppPool "MercatorNetBroker.WSMain"
donderdag 29 juli 2021 21:04:06 - Commandline		: StopAppPool "MercatorWebSite"
donderdag 29 juli 2021 21:04:06 - Commandline		: StopAppPool "MyBaloiseBroker"
donderdag 29 juli 2021 21:04:06 - Commandline		: StopAppPool "MyBaloiseInternal"
donderdag 29 juli 2021 21:04:06 - Commandline		: StopAppPool "MWebBvb"
donderdag 29 juli 2021 21:04:06 - Commandline		: StopAppPool "ScvWebService"
donderdag 29 juli 2021 21:04:06 - Commandline		: StopWebsite "OnlineDocuments"
donderdag 29 juli 2021 21:04:06 - Commandline		: StopWebsite "MNet"
donderdag 29 juli 2021 21:04:07 - Commandline		: StopWebsite "MWebBvb"
donderdag 29 juli 2021 21:04:07 - Commandline		: StopService "World Wide Web Publishing Service"
donderdag 29 juli 2021 21:04:07 - Commandline		: RemoveDirectory "C:\WINDOWS\Microsoft.NET\Framework\v2.0.50727\Temporary ASP.NET Files\levenaansluitingsverklaring"
donderdag 29 juli 2021 21:04:07 - Commandline		: RemoveDirectory "C:\WINDOWS\Microsoft.NET\Framework\v2.0.50727\Temporary ASP.NET Files\levenwijzigingsformulier"
donderdag 29 juli 2021 21:04:07 - Commandline		: RemoveDirectory "C:\WINDOWS\Microsoft.NET\Framework\v2.0.50727\Temporary ASP.NET Files\ed"
donderdag 29 juli 2021 21:04:07 - Commandline		: RemoveDirectory "C:\WINDOWS\Microsoft.NET\Framework\v2.0.50727\Temporary ASP.NET Files\mercatornet.rmmain"
donderdag 29 juli 2021 21:04:07 - Commandline		: RemoveDirectory "C:\WINDOWS\Microsoft.NET\Framework\v2.0.50727\Temporary ASP.NET Files\mercatornet.wsdeploy_3_0"
donderdag 29 juli 2021 21:04:07 - Commandline		: RemoveDirectory "C:\WINDOWS\Microsoft.NET\Framework\v2.0.50727\Temporary ASP.NET Files\mercatornet.wsmain"
donderdag 29 juli 2021 21:04:07 - Commandline		: RemoveDirectory "C:\WINDOWS\Microsoft.NET\Framework\v2.0.50727\Temporary ASP.NET Files\mercatornet.wsservices"
donderdag 29 juli 2021 21:04:07 - Commandline		: RemoveDirectory "C:\WINDOWS\Microsoft.NET\Framework\v2.0.50727\Temporary ASP.NET Files\mercatornet.wstariff"
donderdag 29 juli 2021 21:04:07 - Commandline		: RemoveDirectory "C:\WINDOWS\Microsoft.NET\Framework\v2.0.50727\Temporary ASP.NET Files\mercatornetbroker.wsdeploy_3_0"
donderdag 29 juli 2021 21:04:07 - Commandline		: RemoveDirectory "C:\WINDOWS\Microsoft.NET\Framework\v2.0.50727\Temporary ASP.NET Files\mercatornetbroker.wsmain"
donderdag 29 juli 2021 21:04:07 - Commandline		: RemoveDirectory "C:\WINDOWS\Microsoft.NET\Framework\v2.0.50727\Temporary ASP.NET Files\mercatornethelppages"
donderdag 29 juli 2021 21:04:07 - Commandline		: RemoveDirectory "C:\WINDOWS\Microsoft.NET\Framework\v2.0.50727\Temporary ASP.NET Files\scvwebservice"
donderdag 29 juli 2021 21:04:07 - Commandline		: EnableWSUSReboot ""
donderdag 29 juli 2021 21:04:07 - ================================SVW-BE-WEBFP001.balgroupit.com======================================
donderdag 29 juli 2021 21:04:08 - ================================SVW-BE-WEBFP002.balgroupit.com======================================
donderdag 29 juli 2021 21:04:15 - Commandline		: StopAppPool "DefaultAppPool"
donderdag 29 juli 2021 21:04:16 - Commandline		: StopAppPool "ED"
donderdag 29 juli 2021 21:04:16 - Commandline		: StopAppPool "EmployeeBenefits"
donderdag 29 juli 2021 21:04:16 - Commandline		: StopAppPool "EtlLogViewer"
donderdag 29 juli 2021 21:04:16 - Commandline		: StopAppPool "LevenAansluitingsverklaring"
donderdag 29 juli 2021 21:04:16 - Commandline		: StopAppPool "LevenWijzigingsFormulier"
donderdag 29 juli 2021 21:04:16 - Commandline		: StopAppPool "MercatorNet.RMMain"
donderdag 29 juli 2021 21:04:16 - Commandline		: StopAppPool "MercatorNet.WSDeploy_3_0"
donderdag 29 juli 2021 21:04:16 - Commandline		: StopAppPool "MercatorNet.WSMain"
donderdag 29 juli 2021 21:04:16 - Commandline		: StopAppPool "MercatorNet.WSServices"
donderdag 29 juli 2021 21:04:16 - Commandline		: StopAppPool "MercatorNet.WSTariff"
donderdag 29 juli 2021 21:04:16 - Commandline		: StopAppPool "MercatorNetBroker.WSDeploy_3_0"
donderdag 29 juli 2021 21:04:17 - Commandline		: StopAppPool "MercatorNetBroker.WSMain"
donderdag 29 juli 2021 21:04:17 - Commandline		: StopAppPool "MercatorWebSite"
donderdag 29 juli 2021 21:04:17 - Commandline		: StopAppPool "MyBaloiseBroker"
donderdag 29 juli 2021 21:04:17 - Commandline		: StopAppPool "MyBaloiseInternal"
donderdag 29 juli 2021 21:04:17 - Commandline		: StopAppPool "MWebBvb"
donderdag 29 juli 2021 21:04:17 - Commandline		: StopAppPool "ScvWebService"
donderdag 29 juli 2021 21:04:17 - Commandline		: StopWebsite "OnlineDocuments"
donderdag 29 juli 2021 21:04:17 - Commandline		: StopWebsite "MNet"
donderdag 29 juli 2021 21:04:17 - Commandline		: StopWebsite "MWebBvb"
donderdag 29 juli 2021 21:04:17 - Commandline		: StopService "World Wide Web Publishing Service"
donderdag 29 juli 2021 21:04:17 - Commandline		: RemoveDirectory "C:\WINDOWS\Microsoft.NET\Framework\v2.0.50727\Temporary ASP.NET Files\levenaansluitingsverklaring"
donderdag 29 juli 2021 21:04:17 - Commandline		: RemoveDirectory "C:\WINDOWS\Microsoft.NET\Framework\v2.0.50727\Temporary ASP.NET Files\levenwijzigingsformulier"
donderdag 29 juli 2021 21:04:17 - Commandline		: RemoveDirectory "C:\WINDOWS\Microsoft.NET\Framework\v2.0.50727\Temporary ASP.NET Files\ed"
donderdag 29 juli 2021 21:04:18 - Commandline		: RemoveDirectory "C:\WINDOWS\Microsoft.NET\Framework\v2.0.50727\Temporary ASP.NET Files\mercatornet.rmmain"
donderdag 29 juli 2021 21:04:18 - Commandline		: RemoveDirectory "C:\WINDOWS\Microsoft.NET\Framework\v2.0.50727\Temporary ASP.NET Files\mercatornet.wsdeploy_3_0"
donderdag 29 juli 2021 21:04:18 - Commandline		: RemoveDirectory "C:\WINDOWS\Microsoft.NET\Framework\v2.0.50727\Temporary ASP.NET Files\mercatornet.wsmain"
donderdag 29 juli 2021 21:04:18 - Commandline		: RemoveDirectory "C:\WINDOWS\Microsoft.NET\Framework\v2.0.50727\Temporary ASP.NET Files\mercatornet.wsservices"
donderdag 29 juli 2021 21:04:18 - Commandline		: RemoveDirectory "C:\WINDOWS\Microsoft.NET\Framework\v2.0.50727\Temporary ASP.NET Files\mercatornet.wstariff"
donderdag 29 juli 2021 21:04:18 - Commandline		: RemoveDirectory "C:\WINDOWS\Microsoft.NET\Framework\v2.0.50727\Temporary ASP.NET Files\mercatornetbroker.wsdeploy_3_0"
donderdag 29 juli 2021 21:04:18 - Commandline		: RemoveDirectory "C:\WINDOWS\Microsoft.NET\Framework\v2.0.50727\Temporary ASP.NET Files\mercatornetbroker.wsmain"
donderdag 29 juli 2021 21:04:18 - Commandline		: RemoveDirectory "C:\WINDOWS\Microsoft.NET\Framework\v2.0.50727\Temporary ASP.NET Files\mercatornethelppages"
donderdag 29 juli 2021 21:04:18 - Commandline		: RemoveDirectory "C:\WINDOWS\Microsoft.NET\Framework\v2.0.50727\Temporary ASP.NET Files\scvwebservice"
donderdag 29 juli 2021 21:04:18 - Commandline		: EnableWSUSReboot ""
donderdag 29 juli 2021 21:04:18 - ================================SVW-BE-WEBFP002.balgroupit.com======================================
donderdag 29 juli 2021 21:04:18 - ================================SVW-BE-WEBFP003.balgroupit.com======================================
donderdag 29 juli 2021 21:04:26 - Commandline		: StopAppPool "DefaultAppPool"
donderdag 29 juli 2021 21:04:26 - Commandline		: StopAppPool "ED"
donderdag 29 juli 2021 21:04:26 - Commandline		: StopAppPool "EmployeeBenefits"
donderdag 29 juli 2021 21:04:26 - Commandline		: StopAppPool "EtlLogViewer"
donderdag 29 juli 2021 21:04:26 - Commandline		: StopAppPool "LevenAansluitingsverklaring"
donderdag 29 juli 2021 21:04:26 - Commandline		: StopAppPool "LevenWijzigingsFormulier"
donderdag 29 juli 2021 21:04:26 - Commandline		: StopAppPool "MercatorNet.RMMain"
donderdag 29 juli 2021 21:04:26 - Commandline		: StopAppPool "MercatorNet.WSDeploy_3_0"
donderdag 29 juli 2021 21:04:27 - Commandline		: StopAppPool "MercatorNet.WSMain"
donderdag 29 juli 2021 21:04:27 - Commandline		: StopAppPool "MercatorNet.WSServices"
donderdag 29 juli 2021 21:04:27 - Commandline		: StopAppPool "MercatorNet.WSTariff"
donderdag 29 juli 2021 21:04:27 - Commandline		: StopAppPool "MercatorNetBroker.WSDeploy_3_0"
donderdag 29 juli 2021 21:04:27 - Commandline		: StopAppPool "MercatorNetBroker.WSMain"
donderdag 29 juli 2021 21:04:27 - Commandline		: StopAppPool "MercatorWebSite"
donderdag 29 juli 2021 21:04:27 - Commandline		: StopAppPool "MyBaloiseBroker"
donderdag 29 juli 2021 21:04:27 - Commandline		: StopAppPool "MyBaloiseInternal"
donderdag 29 juli 2021 21:04:27 - Commandline		: StopAppPool "MWebBvb"
donderdag 29 juli 2021 21:04:27 - Commandline		: StopAppPool "ScvWebService"
donderdag 29 juli 2021 21:04:27 - Commandline		: StopWebsite "OnlineDocuments"
donderdag 29 juli 2021 21:04:27 - Commandline		: StopWebsite "MNet"
donderdag 29 juli 2021 21:04:28 - Commandline		: StopWebsite "MWebBvb"
donderdag 29 juli 2021 21:04:28 - Commandline		: StopService "World Wide Web Publishing Service"
donderdag 29 juli 2021 21:04:28 - Commandline		: RemoveDirectory "C:\WINDOWS\Microsoft.NET\Framework\v2.0.50727\Temporary ASP.NET Files\levenaansluitingsverklaring"
donderdag 29 juli 2021 21:04:28 - Commandline		: RemoveDirectory "C:\WINDOWS\Microsoft.NET\Framework\v2.0.50727\Temporary ASP.NET Files\levenwijzigingsformulier"
donderdag 29 juli 2021 21:04:28 - Commandline		: RemoveDirectory "C:\WINDOWS\Microsoft.NET\Framework\v2.0.50727\Temporary ASP.NET Files\ed"
donderdag 29 juli 2021 21:04:28 - Commandline		: RemoveDirectory "C:\WINDOWS\Microsoft.NET\Framework\v2.0.50727\Temporary ASP.NET Files\mercatornet.rmmain"
donderdag 29 juli 2021 21:04:28 - Commandline		: RemoveDirectory "C:\WINDOWS\Microsoft.NET\Framework\v2.0.50727\Temporary ASP.NET Files\mercatornet.wsdeploy_3_0"
donderdag 29 juli 2021 21:04:28 - Commandline		: RemoveDirectory "C:\WINDOWS\Microsoft.NET\Framework\v2.0.50727\Temporary ASP.NET Files\mercatornet.wsmain"
donderdag 29 juli 2021 21:04:28 - Commandline		: RemoveDirectory "C:\WINDOWS\Microsoft.NET\Framework\v2.0.50727\Temporary ASP.NET Files\mercatornet.wsservices"
donderdag 29 juli 2021 21:04:28 - Commandline		: RemoveDirectory "C:\WINDOWS\Microsoft.NET\Framework\v2.0.50727\Temporary ASP.NET Files\mercatornet.wstariff"
donderdag 29 juli 2021 21:04:28 - Commandline		: RemoveDirectory "C:\WINDOWS\Microsoft.NET\Framework\v2.0.50727\Temporary ASP.NET Files\mercatornetbroker.wsdeploy_3_0"
donderdag 29 juli 2021 21:04:28 - Commandline		: RemoveDirectory "C:\WINDOWS\Microsoft.NET\Framework\v2.0.50727\Temporary ASP.NET Files\mercatornetbroker.wsmain"
donderdag 29 juli 2021 21:04:28 - Commandline		: RemoveDirectory "C:\WINDOWS\Microsoft.NET\Framework\v2.0.50727\Temporary ASP.NET Files\mercatornethelppages"
donderdag 29 juli 2021 21:04:28 - Commandline		: RemoveDirectory "C:\WINDOWS\Microsoft.NET\Framework\v2.0.50727\Temporary ASP.NET Files\scvwebservice"
donderdag 29 juli 2021 21:04:28 - Commandline		: EnableWSUSReboot ""
donderdag 29 juli 2021 21:04:28 - ================================SVW-BE-WEBFP003.balgroupit.com======================================
donderdag 29 juli 2021 21:04:29 - ================================SVW-BE-WEBFP004.balgroupit.com======================================
donderdag 29 juli 2021 21:04:36 - Commandline		: StopAppPool "DefaultAppPool"
donderdag 29 juli 2021 21:04:36 - Commandline		: StopAppPool "ED"
donderdag 29 juli 2021 21:04:36 - Commandline		: StopAppPool "EmployeeBenefits"
donderdag 29 juli 2021 21:04:36 - Commandline		: StopAppPool "EtlLogViewer"
donderdag 29 juli 2021 21:04:37 - Commandline		: StopAppPool "LevenAansluitingsverklaring"
donderdag 29 juli 2021 21:04:37 - Commandline		: StopAppPool "LevenWijzigingsFormulier"
donderdag 29 juli 2021 21:04:37 - Commandline		: StopAppPool "MercatorNet.RMMain"
donderdag 29 juli 2021 21:04:37 - Commandline		: StopAppPool "MercatorNet.WSDeploy_3_0"
donderdag 29 juli 2021 21:04:37 - Commandline		: StopAppPool "MercatorNet.WSMain"
donderdag 29 juli 2021 21:04:37 - Commandline		: StopAppPool "MercatorNet.WSServices"
donderdag 29 juli 2021 21:04:37 - Commandline		: StopAppPool "MercatorNet.WSTariff"
donderdag 29 juli 2021 21:04:37 - Commandline		: StopAppPool "MercatorNetBroker.WSDeploy_3_0"
donderdag 29 juli 2021 21:04:37 - Commandline		: StopAppPool "MercatorNetBroker.WSMain"
donderdag 29 juli 2021 21:04:37 - Commandline		: StopAppPool "MercatorWebSite"
donderdag 29 juli 2021 21:04:37 - Commandline		: StopAppPool "MyBaloiseBroker"
donderdag 29 juli 2021 21:04:37 - Commandline		: StopAppPool "MyBaloiseInternal"
donderdag 29 juli 2021 21:04:38 - Commandline		: StopAppPool "MWebBvb"
donderdag 29 juli 2021 21:04:38 - Commandline		: StopAppPool "ScvWebService"
donderdag 29 juli 2021 21:04:38 - Commandline		: StopWebsite "OnlineDocuments"
donderdag 29 juli 2021 21:04:38 - Commandline		: StopWebsite "MNet"
donderdag 29 juli 2021 21:04:38 - Commandline		: StopWebsite "MWebBvb"
donderdag 29 juli 2021 21:04:38 - Commandline		: StopService "World Wide Web Publishing Service"
donderdag 29 juli 2021 21:04:38 - Commandline		: RemoveDirectory "C:\WINDOWS\Microsoft.NET\Framework\v2.0.50727\Temporary ASP.NET Files\levenaansluitingsverklaring"
donderdag 29 juli 2021 21:04:38 - Commandline		: RemoveDirectory "C:\WINDOWS\Microsoft.NET\Framework\v2.0.50727\Temporary ASP.NET Files\levenwijzigingsformulier"
donderdag 29 juli 2021 21:04:38 - Commandline		: RemoveDirectory "C:\WINDOWS\Microsoft.NET\Framework\v2.0.50727\Temporary ASP.NET Files\ed"
donderdag 29 juli 2021 21:04:38 - Commandline		: RemoveDirectory "C:\WINDOWS\Microsoft.NET\Framework\v2.0.50727\Temporary ASP.NET Files\mercatornet.rmmain"
donderdag 29 juli 2021 21:04:38 - Commandline		: RemoveDirectory "C:\WINDOWS\Microsoft.NET\Framework\v2.0.50727\Temporary ASP.NET Files\mercatornet.wsdeploy_3_0"
donderdag 29 juli 2021 21:04:38 - Commandline		: RemoveDirectory "C:\WINDOWS\Microsoft.NET\Framework\v2.0.50727\Temporary ASP.NET Files\mercatornet.wsmain"
donderdag 29 juli 2021 21:04:38 - Commandline		: RemoveDirectory "C:\WINDOWS\Microsoft.NET\Framework\v2.0.50727\Temporary ASP.NET Files\mercatornet.wsservices"
donderdag 29 juli 2021 21:04:38 - Commandline		: RemoveDirectory "C:\WINDOWS\Microsoft.NET\Framework\v2.0.50727\Temporary ASP.NET Files\mercatornet.wstariff"
donderdag 29 juli 2021 21:04:38 - Commandline		: RemoveDirectory "C:\WINDOWS\Microsoft.NET\Framework\v2.0.50727\Temporary ASP.NET Files\mercatornetbroker.wsdeploy_3_0"
donderdag 29 juli 2021 21:04:38 - Commandline		: RemoveDirectory "C:\WINDOWS\Microsoft.NET\Framework\v2.0.50727\Temporary ASP.NET Files\mercatornetbroker.wsmain"
donderdag 29 juli 2021 21:04:38 - Commandline		: RemoveDirectory "C:\WINDOWS\Microsoft.NET\Framework\v2.0.50727\Temporary ASP.NET Files\mercatornethelppages"
donderdag 29 juli 2021 21:04:39 - Commandline		: RemoveDirectory "C:\WINDOWS\Microsoft.NET\Framework\v2.0.50727\Temporary ASP.NET Files\scvwebservice"
donderdag 29 juli 2021 21:04:39 - Commandline		: EnableWSUSReboot ""
donderdag 29 juli 2021 21:04:39 - ================================SVW-BE-WEBFP004.balgroupit.com======================================
donderdag 29 juli 2021 21:04:39 - ================================svw-be-bizp001.balgroupit.com======================================
donderdag 29 juli 2021 21:04:47 - Commandline		: StopService "Mercator Managed File Transfer"
donderdag 29 juli 2021 21:04:47 - Commandline		: StopService "Mercator Esb Process Initializer"
donderdag 29 juli 2021 21:04:47 - Commandline		: EnableWSUSReboot ""
donderdag 29 juli 2021 21:04:47 - ================================svw-be-bizp001.balgroupit.com======================================
donderdag 29 juli 2021 21:04:48 - ================================svw-be-bizp002.balgroupit.com======================================
donderdag 29 juli 2021 21:04:55 - Commandline		: StopService "Mercator Managed File Transfer"
donderdag 29 juli 2021 21:04:56 - Commandline		: StopService "Mercator Esb Process Initializer"
donderdag 29 juli 2021 21:04:56 - Commandline		: EnableWSUSReboot ""
donderdag 29 juli 2021 21:04:56 - ================================svw-be-bizp002.balgroupit.com======================================
donderdag 29 juli 2021 21:04:57 - ================================svw-be-bizp003.balgroupit.com======================================
donderdag 29 juli 2021 21:05:04 - Commandline		: StopService "Mercator Managed File Transfer"
donderdag 29 juli 2021 21:05:05 - Commandline		: StopService "Mercator Esb Process Initializer"
donderdag 29 juli 2021 21:05:05 - Commandline		: EnableWSUSReboot ""
donderdag 29 juli 2021 21:05:05 - ================================svw-be-bizp003.balgroupit.com======================================
donderdag 29 juli 2021 21:05:05 - ================================svw-be-bizp004.balgroupit.com======================================
donderdag 29 juli 2021 21:05:13 - Commandline		: StopService "Mercator Managed File Transfer"
donderdag 29 juli 2021 21:05:13 - Commandline		: StopService "Mercator Esb Process Initializer"
donderdag 29 juli 2021 21:05:14 - Commandline		: EnableWSUSReboot ""
donderdag 29 juli 2021 21:05:14 - ================================svw-be-bizp004.balgroupit.com======================================
donderdag 29 juli 2021 21:05:16 - ================================svw-be-portp01.balgroupit.com======================================
donderdag 29 juli 2021 21:05:24 - Commandline		: stopAppPool "AL2AppPool64v2"
donderdag 29 juli 2021 21:05:24 - Commandline		: stopAppPool "ALAppPool64v2"
donderdag 29 juli 2021 21:05:24 - Commandline		: StopWebsite "WCI"
donderdag 29 juli 2021 21:05:25 - Commandline		: StopWebsite "Default Web Site"
donderdag 29 juli 2021 21:05:25 - Commandline		: EnableWSUSReboot ""
donderdag 29 juli 2021 21:05:25 - ================================svw-be-portp01.balgroupit.com======================================
donderdag 29 juli 2021 21:05:28 - ================================svw-be-portp03.balgroupit.com======================================
donderdag 29 juli 2021 21:05:35 - Commandline		: stopAppPool "ALAppPool64v2"
donderdag 29 juli 2021 21:05:36 - Commandline		: stopAppPool "Pool2"
donderdag 29 juli 2021 21:05:36 - Commandline		: stopAppPool "Mercator.Portal.Portlets"
donderdag 29 juli 2021 21:05:36 - Commandline		: stopAppPool "Mercator.Portal.WebService"
donderdag 29 juli 2021 21:05:36 - Commandline		: stopAppPool "PortalASP"
donderdag 29 juli 2021 21:05:36 - Commandline		: StopWebsite "WCI"
donderdag 29 juli 2021 21:05:37 - Commandline		: StopWebsite "Default Web Site"
donderdag 29 juli 2021 21:05:37 - Commandline		: StopWebsite "MercatorPortalWebService"
donderdag 29 juli 2021 21:05:37 - Commandline		: StopService "Mercator.Portal.Scheduler"
donderdag 29 juli 2021 21:05:43 - Commandline		: EnableWSUSReboot ""
donderdag 29 juli 2021 21:05:43 - ================================svw-be-portp03.balgroupit.com======================================
donderdag 29 juli 2021 21:05:43 - ================================svw-be-babsp001.balgroupit.com======================================
donderdag 29 juli 2021 21:05:51 - Commandline		: EnableWSUSReboot ""
donderdag 29 juli 2021 21:05:51 - ================================svw-be-babsp001.balgroupit.com======================================
donderdag 29 juli 2021 21:05:51 - ================================svw-be-babsp002.balgroupit.com======================================
donderdag 29 juli 2021 21:05:59 - Commandline		: EnableWSUSReboot ""
donderdag 29 juli 2021 21:05:59 - ================================svw-be-babsp002.balgroupit.com======================================
donderdag 29 juli 2021 21:05:59 - ================================svw-be-babbp001.balgroupit.com======================================
donderdag 29 juli 2021 21:06:00 - Commandline		: StopService "Baloise BaloiseBackendBatch"
donderdag 29 juli 2021 21:06:00 - Commandline		: EnableWSUSReboot ""
donderdag 29 juli 2021 21:06:00 - ================================svw-be-babbp001.balgroupit.com======================================
donderdag 29 juli 2021 21:06:01 - ================================svw-be-babbp002.balgroupit.com======================================
donderdag 29 juli 2021 21:06:03 - Commandline		: StopService "Baloise BaloiseBackendBatch"
donderdag 29 juli 2021 21:06:03 - Commandline		: EnableWSUSReboot ""
donderdag 29 juli 2021 21:06:04 - ================================svw-be-babbp002.balgroupit.com======================================
donderdag 29 juli 2021 21:06:04 - ================================svw-be-mftp001.balgroupit.com======================================
donderdag 29 juli 2021 21:06:09 - Commandline		: StopService "Mercator Managed File Transfer"
donderdag 29 juli 2021 21:06:09 - Commandline		: EnableWSUSReboot ""
donderdag 29 juli 2021 21:06:10 - ================================svw-be-mftp001.balgroupit.com======================================
donderdag 29 juli 2021 21:06:10 - ================================svw-be-mftp002.balgroupit.com======================================
donderdag 29 juli 2021 21:06:11 - Commandline		: StopService "Mercator Managed File Transfer"
donderdag 29 juli 2021 21:06:11 - Commandline		: EnableWSUSReboot ""
donderdag 29 juli 2021 21:06:11 - ================================svw-be-mftp002.balgroupit.com======================================
donderdag 29 juli 2021 21:06:11 - ================================svw-be-testp001.balgroupit.com======================================
donderdag 29 juli 2021 21:06:11 -  svw-be-testp001.balgroupit.com remote session could not be created.
donderdag 29 juli 2021 21:06:11 - ================================svw-be-testp001.balgroupit.com======================================
donderdag 29 juli 2021 21:06:11 - ================================svw-be-testp002.balgroupit.com======================================
donderdag 29 juli 2021 21:06:11 -  svw-be-testp002.balgroupit.com remote session could not be created.
donderdag 29 juli 2021 21:06:11 - ================================svw-be-testp002.balgroupit.com======================================
